[0mOPTIONS /api/customer/getUserByEmailId [32m204 [0m18.745 ms - 0[0m
[0mOPTIONS /api/customer/getUserByEmailId [32m204 [0m19.108 ms - 0[0m
[0mGET /api/customer/getUserByEmailId [33m401 [0m80.882 ms - 33[0m
[0mGET /api/website/popular/category-list [32m200 [0m89.470 ms - 7770[0m
[0mGET /api/website/product/new-arrival [32m200 [0m107.002 ms - 1923[0m
[0mGET /api/website/category/list [32m200 [0m147.606 ms - 30504[0m
[0mGET /api/customer/getUserByEmailId [33m401 [0m8.708 ms - 33[0m
[0mGET /api/website/product/women-fashion [32m200 [0m197.191 ms - 15264[0m
[0mGET /api/website/product/home-kitchen [32m200 [0m199.934 ms - 19023[0m
[0mGET /api/website/category/list [36m304 [0m126.986 ms - -[0m
[0mGET /api/website/category/list [36m304 [0m40.516 ms - -[0m
[0mGET /api/website/category/list [36m304 [0m26.646 ms - -[0m
[0mGET /api/website/popular/category-list [36m304 [0m37.115 ms - -[0m
[0mGET /api/website/category/list [36m304 [0m76.201 ms - -[0m
[0mGET /api/website/product/new-arrival [36m304 [0m61.752 ms - -[0m
[0mGET /api/website/product/home-kitchen [36m304 [0m119.774 ms - -[0m
[0mGET /api/website/product/women-fashion [36m304 [0m126.221 ms - -[0m
[0mGET /api/website/category/list [36m304 [0m66.022 ms - -[0m
[0mGET /api/website/category/list [36m304 [0m22.783 ms - -[0m
[0mGET /api/website/category/list [36m304 [0m25.110 ms - -[0m
