[0mOPTIONS /api/customer/getUserByEmailId [32m204 [0m19.757 ms - 0[0m
[0mOPTIONS /api/customer/getUserByEmailId [32m204 [0m20.843 ms - 0[0m
[0mGET /api/website/popular/category-list [36m304 [0m214.265 ms - -[0m
[0mGET /api/website/product/new-arrival [32m200 [0m252.322 ms - 29836[0m
[0mGET /api/customer/getUserByEmailId [36m304 [0m266.813 ms - -[0m
[0mGET /api/website/product/women-fashion [32m200 [0m323.998 ms - 14634[0m
[0mGET /api/website/category/list [32m200 [0m401.839 ms - 31295[0m
[0mGET /api/website/product/home-kitchen [32m200 [0m339.959 ms - 15380[0m
[0mGET /api/customer/getUserByEmailId [36m304 [0m43.001 ms - -[0m
[0mGET /api/website/category/list [36m304 [0m38.115 ms - -[0m
[0mGET /api/website/category/list [36m304 [0m26.913 ms - -[0m
[0mGET /api/website/category/list [36m304 [0m25.714 ms - -[0m
[0mOPTIONS /api/website/order/history [32m204 [0m3.123 ms - 0[0m
[0mGET /api/website/order/history [36m304 [0m38.929 ms - -[0m
[0mOPTIONS /api/website/order/history [32m204 [0m1.543 ms - 0[0m
[0mGET /api/website/order/history [36m304 [0m16.579 ms - -[0m
[0mOPTIONS /api/website/order/product_list [32m204 [0m1.208 ms - 0[0m
[0mPOST /api/website/order/product_list [32m200 [0m21.579 ms - 544[0m
[0mOPTIONS /api/website/order/product_detail [32m204 [0m1.538 ms - 0[0m
[0mPOST /api/website/order/product_detail [32m200 [0m19.857 ms - 381[0m
[0mGET /api/website/category/list [36m304 [0m88.085 ms - -[0m
[0mGET /api/website/popular/category-list [36m304 [0m148.138 ms - -[0m
[0mGET /api/website/product/new-arrival [36m304 [0m187.486 ms - -[0m
[0mGET /api/website/product/home-kitchen [36m304 [0m189.530 ms - -[0m
[0mGET /api/website/product/women-fashion [36m304 [0m185.904 ms - -[0m
[0mOPTIONS /api/customer/getUserByEmailId [32m204 [0m4.412 ms - 0[0m
[0mOPTIONS /api/customer/getUserByEmailId [32m204 [0m4.395 ms - 0[0m
[0mGET /api/website/popular/category-list [36m304 [0m98.872 ms - -[0m
[0mGET /api/website/category/list [36m304 [0m134.518 ms - -[0m
[0mGET /api/customer/getUserByEmailId [36m304 [0m195.659 ms - -[0m
[0mGET /api/website/product/new-arrival [36m304 [0m261.598 ms - -[0m
[0mGET /api/website/product/home-kitchen [36m304 [0m270.344 ms - -[0m
[0mGET /api/website/product/women-fashion [36m304 [0m284.531 ms - -[0m
[0mGET /api/website/category/list [36m304 [0m107.976 ms - -[0m
[0mGET /api/customer/getUserByEmailId [36m304 [0m70.783 ms - -[0m
[0mGET /api/website/category/list [36m304 [0m28.566 ms - -[0m
[0mGET /api/website/category/list [36m304 [0m37.120 ms - -[0m
[0mGET /api/website/autosuggest/search?limit=5&query=g [32m200 [0m253.308 ms - 342[0m
[0mGET /api/website/autosuggest/search?limit=5&query=gro [32m200 [0m23.860 ms - 194[0m
[0mGET /api/website/autosuggest/search?limit=5&query=groc [32m200 [0m22.026 ms - 194[0m
[0mGET /api/website/autosuggest/search?limit=5&query=groce [32m200 [0m29.976 ms - 194[0m
[0mGET /api/website/catalog/category/search?queryString=grocery-staples [32m200 [0m160.843 ms - 1994[0m
[0mGET /api/website/catalog/product/search?filter_category=grocery-staples%20 [32m200 [0m212.985 ms - 8780[0m
[0mOPTIONS /api/customer/getUserByEmailId [32m204 [0m6.707 ms - 0[0m
[0mOPTIONS /api/customer/getUserByEmailId [32m204 [0m8.662 ms - 0[0m
[0mGET /api/website/category/list [32m200 [0m186.644 ms - 31295[0m
[0mGET /api/website/category/list [32m200 [0m190.373 ms - 31295[0m
[0mGET /api/customer/getUserByEmailId [32m200 [0m167.100 ms - 734[0m
[0mGET /api/website/category/list [32m200 [0m188.198 ms - 31295[0m
[0mGET /api/customer/getUserByEmailId [32m200 [0m196.775 ms - 734[0m
[0mGET /api/website/catalog/category/search?queryString=grocery-staples [32m200 [0m397.019 ms - 1994[0m
[0mGET /api/website/catalog/product/search?filter_category=grocery-staples [32m200 [0m416.303 ms - 8780[0m
[0mGET /api/website/popular/category-list [32m200 [0m131.325 ms - 7735[0m
[0mGET /api/website/product/new-arrival [32m200 [0m136.613 ms - 29836[0m
[0mGET /api/website/category/list [32m200 [0m151.938 ms - 31295[0m
[0mGET /api/website/product/home-kitchen [32m200 [0m197.784 ms - 15380[0m
[0mGET /api/website/product/women-fashion [32m200 [0m197.984 ms - 14634[0m
[0mGET /api/website/catalog/category/search?queryString=men [32m200 [0m77.282 ms - 2160[0m
[0mGET /api/website/catalog/product/search?filter_category=men%20 [32m200 [0m100.680 ms - 652[0m
[0mGET /api/website/catalog/product/search?filter_category=men%20 [36m304 [0m99.626 ms - -[0m
[0mGET /api/website/catalog/product/search?filter_category=men%20 [36m304 [0m88.641 ms - -[0m
[0mGET /api/website/popular/category-list [36m304 [0m126.736 ms - -[0m
[0mGET /api/website/product/new-arrival [36m304 [0m134.688 ms - -[0m
[0mGET /api/website/category/list [36m304 [0m148.173 ms - -[0m
[0mGET /api/website/product/home-kitchen [36m304 [0m159.041 ms - -[0m
[0mGET /api/website/product/women-fashion [36m304 [0m193.173 ms - -[0m
[0mOPTIONS /api/customer/getUserByEmailId [32m204 [0m12.013 ms - 0[0m
[0mOPTIONS /api/customer/getUserByEmailId [32m204 [0m17.893 ms - 0[0m
[0mGET /api/website/category/list [32m200 [0m284.198 ms - 31295[0m
[0mGET /api/website/product/new-arrival [32m200 [0m233.439 ms - 29836[0m
[0mGET /api/website/category/list [32m200 [0m288.051 ms - 31295[0m
[0mGET /api/website/category/list [32m200 [0m392.766 ms - 31295[0m
[0mGET /api/website/popular/category-list [32m200 [0m138.720 ms - 7735[0m
[0mGET /api/website/product/home-kitchen [32m200 [0m402.074 ms - 15380[0m
[0mGET /api/website/product/women-fashion [32m200 [0m378.125 ms - 14634[0m
[0mGET /api/customer/getUserByEmailId [32m200 [0m160.952 ms - 734[0m
[0mGET /api/customer/getUserByEmailId [32m200 [0m45.753 ms - 734[0m
[0mOPTIONS /api/customer/getUserByEmailId [32m204 [0m4.783 ms - 0[0m
[0mGET /api/website/category/list [36m304 [0m75.076 ms - -[0m
[0mGET /api/customer/getUserByEmailId [36m304 [0m45.131 ms - -[0m
[0mOPTIONS /api/customer/getUserByEmailId [32m204 [0m0.814 ms - 0[0m
[0mGET /api/website/category/list [36m304 [0m110.323 ms - -[0m
[0mGET /api/customer/getUserByEmailId [36m304 [0m102.123 ms - -[0m
[0mGET /api/customer/getUserByEmailId [36m304 [0m46.618 ms - -[0m
[0mGET /api/website/category/list [36m304 [0m68.383 ms - -[0m
[0mOPTIONS /api/customer/getUserByEmailId [32m204 [0m2.985 ms - 0[0m
[0mOPTIONS /api/customer/getUserByEmailId [32m204 [0m13.130 ms - 0[0m
[0mGET /api/website/category/list [32m200 [0m139.859 ms - 31295[0m
[0mGET /api/website/category/list [32m200 [0m149.515 ms - 31295[0m
[0mGET /api/website/popular/category-list [32m200 [0m124.360 ms - 7735[0m
[0mGET /api/website/category/list [32m200 [0m200.392 ms - 31295[0m
[0mGET /api/website/category/list [32m200 [0m202.441 ms - 31295[0m
[0mGET /api/website/product/new-arrival [32m200 [0m189.971 ms - 29836[0m
[0mGET /api/customer/getUserByEmailId [32m200 [0m96.445 ms - 734[0m
[0mGET /api/customer/getUserByEmailId [32m200 [0m94.657 ms - 734[0m
[0mGET /api/website/product/women-fashion [32m200 [0m114.186 ms - 14634[0m
[0mGET /api/website/product/home-kitchen [32m200 [0m116.875 ms - 15380[0m
[0mOPTIONS /api/customer/getUserByEmailId [32m204 [0m3.975 ms - 0[0m
[0mGET /api/website/category/list [36m304 [0m118.294 ms - -[0m
[0mGET /api/customer/getUserByEmailId [36m304 [0m107.103 ms - -[0m
[0mOPTIONS /api/customer/getUserByEmailId [32m204 [0m1.106 ms - 0[0m
[0mOPTIONS /api/customer/getUserByEmailId [32m204 [0m4.114 ms - 0[0m
[0mGET /api/website/category/list [32m200 [0m117.088 ms - 31295[0m
[0mGET /api/website/category/list [32m200 [0m109.672 ms - 31295[0m
[0mGET /api/website/category/list [32m200 [0m111.470 ms - 31295[0m
[0mGET /api/website/category/list [32m200 [0m150.268 ms - 31295[0m
[0mGET /api/website/product/home-kitchen [32m200 [0m154.676 ms - 15380[0m
[0mGET /api/website/product/women-fashion [32m200 [0m163.851 ms - 14634[0m
[0mGET /api/website/popular/category-list [32m200 [0m144.528 ms - 7735[0m
[0mGET /api/website/product/new-arrival [32m200 [0m151.356 ms - 29836[0m
[0mGET /api/customer/getUserByEmailId [32m200 [0m154.597 ms - 734[0m
[0mGET /api/customer/getUserByEmailId [32m200 [0m148.015 ms - 734[0m
[0mOPTIONS /api/customer/getUserByEmailId [32m204 [0m1.991 ms - 0[0m
[0mGET /api/website/category/list [36m304 [0m82.325 ms - -[0m
[0mGET /api/customer/getUserByEmailId [36m304 [0m65.019 ms - -[0m
[0mOPTIONS /api/customer/getUserByEmailId [32m204 [0m2.329 ms - 0[0m
[0mOPTIONS /api/customer/getUserByEmailId [32m204 [0m2.324 ms - 0[0m
[0mGET /api/website/category/list [32m200 [0m127.462 ms - 31295[0m
[0mGET /api/website/category/list [32m200 [0m118.649 ms - 31295[0m
[0mGET /api/website/category/list [32m200 [0m118.403 ms - 31295[0m
[0mGET /api/website/category/list [32m200 [0m123.479 ms - 31295[0m
[0mGET /api/website/product/home-kitchen [32m200 [0m170.943 ms - 15380[0m
[0mGET /api/website/product/women-fashion [32m200 [0m142.890 ms - 14634[0m
[0mGET /api/website/product/new-arrival [32m200 [0m160.546 ms - 29836[0m
[0mGET /api/website/popular/category-list [32m200 [0m108.528 ms - 7735[0m
[0mGET /api/customer/getUserByEmailId [32m200 [0m110.684 ms - 734[0m
[0mGET /api/customer/getUserByEmailId [32m200 [0m112.367 ms - 734[0m
[0mOPTIONS /api/customer/getUserByEmailId [32m204 [0m1.914 ms - 0[0m
[0mGET /api/website/category/list [36m304 [0m94.761 ms - -[0m
[0mGET /api/customer/getUserByEmailId [36m304 [0m77.471 ms - -[0m
[0mOPTIONS /api/customer/getUserByEmailId [32m204 [0m1.313 ms - 0[0m
[0mGET /api/website/category/list [36m304 [0m54.014 ms - -[0m
[0mGET /api/customer/getUserByEmailId [36m304 [0m48.034 ms - -[0m
[0mOPTIONS /api/customer/getUserByEmailId [32m204 [0m6.196 ms - 0[0m
[0mOPTIONS /api/customer/getUserByEmailId [32m204 [0m4.816 ms - 0[0m
[0mGET /api/website/category/list [32m200 [0m178.847 ms - 31295[0m
[0mGET /api/website/category/list [32m200 [0m164.047 ms - 31295[0m
[0mGET /api/website/category/list [32m200 [0m179.212 ms - 31295[0m
[0mGET /api/website/category/list [32m200 [0m277.561 ms - 31295[0m
[0mGET /api/website/product/women-fashion [32m200 [0m216.789 ms - 14634[0m
[0mGET /api/website/product/home-kitchen [32m200 [0m330.884 ms - 15380[0m
[0mGET /api/website/popular/category-list [32m200 [0m165.603 ms - 7735[0m
[0mGET /api/website/product/new-arrival [32m200 [0m177.936 ms - 29836[0m
[0mGET /api/customer/getUserByEmailId [32m200 [0m120.577 ms - 734[0m
[0mGET /api/customer/getUserByEmailId [32m200 [0m25.293 ms - 734[0m
[0mOPTIONS /api/customer/getUserByEmailId [32m204 [0m8.711 ms - 0[0m
[0mOPTIONS /api/customer/getUserByEmailId [32m204 [0m14.737 ms - 0[0m
[0mGET /api/website/popular/category-list [32m200 [0m113.199 ms - 7735[0m
[0mGET /api/website/category/list [32m200 [0m158.303 ms - 31295[0m
[0mGET /api/website/category/list [32m200 [0m138.084 ms - 31295[0m
[0mGET /api/website/category/list [32m200 [0m149.289 ms - 31295[0m
[0mGET /api/website/product/home-kitchen [32m200 [0m174.441 ms - 15380[0m
[0mGET /api/website/product/women-fashion [32m200 [0m237.372 ms - 14634[0m
[0mGET /api/website/category/list [32m200 [0m112.791 ms - 31295[0m
[0mGET /api/customer/getUserByEmailId [32m200 [0m194.491 ms - 734[0m
[0mGET /api/website/product/new-arrival [32m200 [0m197.145 ms - 29836[0m
[0mGET /api/customer/getUserByEmailId [32m200 [0m108.797 ms - 734[0m
[0mOPTIONS /api/customer/getUserByEmailId [32m204 [0m7.461 ms - 0[0m
[0mOPTIONS /api/customer/getUserByEmailId [32m204 [0m12.009 ms - 0[0m
[0mGET /api/website/category/list [32m200 [0m186.567 ms - 31295[0m
[0mGET /api/website/category/list [32m200 [0m162.023 ms - 31295[0m
[0mGET /api/website/category/list [32m200 [0m235.435 ms - 31295[0m
[0mGET /api/website/category/list [32m200 [0m263.007 ms - 31295[0m
[0mGET /api/website/product/new-arrival [32m200 [0m222.768 ms - 29836[0m
[0mGET /api/website/product/home-kitchen [32m200 [0m290.532 ms - 15380[0m
[0mGET /api/website/popular/category-list [32m200 [0m145.033 ms - 7735[0m
[0mGET /api/customer/getUserByEmailId [32m200 [0m34.622 ms - 734[0m
[0mGET /api/customer/getUserByEmailId [32m200 [0m21.600 ms - 734[0m
[0mGET /api/website/product/women-fashion [32m200 [0m107.738 ms - 14634[0m
[0mGET /api/website/popular/category-list [36m304 [0m138.008 ms - -[0m
[0mGET /api/website/product/new-arrival [32m200 [0m144.838 ms - 29836[0m
[0mGET /api/website/category/list [36m304 [0m174.875 ms - -[0m
[0mGET /api/website/product/home-kitchen [36m304 [0m218.423 ms - -[0m
[0mGET /api/website/product/women-fashion [36m304 [0m218.059 ms - -[0m
[0mGET /api/website/category/list [36m304 [0m108.435 ms - -[0m
[0mGET /api/website/popular/category-list [36m304 [0m84.343 ms - -[0m
[0mGET /api/website/product/new-arrival [36m304 [0m153.744 ms - -[0m
[0mGET /api/website/product/home-kitchen [36m304 [0m181.356 ms - -[0m
[0mGET /api/website/product/women-fashion [36m304 [0m180.462 ms - -[0m
[0mOPTIONS /api/customer/getUserByEmailId [32m204 [0m11.078 ms - 0[0m
[0mGET /api/website/category/list [32m200 [0m173.044 ms - 31295[0m
[0mGET /api/website/product/new-arrival [32m200 [0m150.650 ms - 29836[0m
[0mGET /api/website/product/home-kitchen [32m200 [0m187.221 ms - 15380[0m
[0mGET /api/website/category/list [32m200 [0m252.709 ms - 31295[0m
[0mGET /api/website/category/list [32m200 [0m254.979 ms - 31295[0m
[0mGET /api/website/popular/category-list [32m200 [0m105.539 ms - 7735[0m
[0mGET /api/website/product/women-fashion [32m200 [0m249.202 ms - 14634[0m
[0mGET /api/customer/getUserByEmailId [32m200 [0m107.994 ms - 734[0m
[0mOPTIONS /api/customer/getUserByEmailId [32m204 [0m9.509 ms - 0[0m
[0mGET /api/website/product/new-arrival [32m200 [0m142.015 ms - 29836[0m
[0mGET /api/website/category/list [32m200 [0m199.076 ms - 31295[0m
[0mGET /api/website/category/list [32m200 [0m213.746 ms - 31295[0m
[0mGET /api/website/category/list [32m200 [0m212.873 ms - 31295[0m
[0mGET /api/website/product/women-fashion [32m200 [0m209.192 ms - 14634[0m
[0mGET /api/website/product/home-kitchen [32m200 [0m215.135 ms - 15380[0m
[0mGET /api/website/popular/category-list [32m200 [0m54.601 ms - 7735[0m
[0mGET /api/customer/getUserByEmailId [32m200 [0m27.492 ms - 734[0m
[0mOPTIONS /api/customer/getUserByEmailId [32m204 [0m0.744 ms - 0[0m
[0mGET /api/website/category/list [36m304 [0m61.309 ms - -[0m
[0mGET /api/customer/getUserByEmailId [36m304 [0m29.183 ms - -[0m
[0mOPTIONS /api/customer/getUserByEmailId [32m204 [0m3.372 ms - 0[0m
[0mOPTIONS /api/customer/getUserByEmailId [32m204 [0m7.528 ms - 0[0m
[0mGET /api/website/category/list [32m200 [0m115.868 ms - 31295[0m
[0mGET /api/website/category/list [32m200 [0m135.658 ms - 31295[0m
[0mGET /api/website/category/list [32m200 [0m118.896 ms - 31295[0m
[0mGET /api/website/category/list [32m200 [0m120.006 ms - 31295[0m
[0mGET /api/website/product/women-fashion [32m200 [0m144.936 ms - 14634[0m
[0mGET /api/website/product/home-kitchen [32m200 [0m178.609 ms - 15380[0m
[0mGET /api/website/popular/category-list [32m200 [0m66.141 ms - 7735[0m
[0mGET /api/website/product/new-arrival [32m200 [0m121.876 ms - 29836[0m
[0mGET /api/customer/getUserByEmailId [32m200 [0m87.410 ms - 734[0m
[0mGET /api/customer/getUserByEmailId [32m200 [0m85.144 ms - 734[0m
[0mGET /api/website/popular/category-list [32m200 [0m29.035 ms - 7735[0m
[0mGET /api/website/category/list [32m200 [0m105.346 ms - 31295[0m
[0mGET /api/website/product/new-arrival [32m200 [0m85.008 ms - 29836[0m
[0mGET /api/website/product/home-kitchen [32m200 [0m126.981 ms - 15380[0m
[0mGET /api/website/product/women-fashion [32m200 [0m125.113 ms - 14634[0m
[0mOPTIONS /api/customer/getUserByEmailId [32m204 [0m8.289 ms - 0[0m
[0mOPTIONS /api/customer/getUserByEmailId [32m204 [0m3.037 ms - 0[0m
[0mGET /api/customer/getUserByEmailId [36m304 [0m67.552 ms - -[0m
[0mGET /api/website/category/list [36m304 [0m55.510 ms - -[0m
[0mGET /api/customer/getUserByEmailId [36m304 [0m17.795 ms - -[0m
[0mGET /api/website/category/list [36m304 [0m47.040 ms - -[0m
[0mGET /api/website/category/list [36m304 [0m45.201 ms - -[0m
[0mOPTIONS /api/customer/getUserByEmailId [32m204 [0m11.672 ms - 0[0m
[0mOPTIONS /api/customer/getUserByEmailId [32m204 [0m12.807 ms - 0[0m
[0mGET /api/website/category/list [32m200 [0m124.184 ms - 31295[0m
[0mGET /api/website/category/list [32m200 [0m155.480 ms - 31295[0m
[0mGET /api/website/category/list [32m200 [0m212.171 ms - 31295[0m
[0mGET /api/website/product/women-fashion [32m200 [0m151.719 ms - 14634[0m
[0mGET /api/website/product/home-kitchen [32m200 [0m191.986 ms - 15380[0m
[0mGET /api/website/category/list [32m200 [0m218.053 ms - 31295[0m
[0mGET /api/website/popular/category-list [32m200 [0m167.712 ms - 7735[0m
[0mGET /api/website/product/new-arrival [32m200 [0m185.150 ms - 29836[0m
[0mGET /api/customer/getUserByEmailId [32m200 [0m78.878 ms - 734[0m
[0mGET /api/customer/getUserByEmailId [32m200 [0m82.645 ms - 734[0m
[0mGET /api/website/popular/category-list [36m304 [0m60.478 ms - -[0m
[0mGET /api/website/category/list [36m304 [0m97.910 ms - -[0m
[0mGET /api/website/product/new-arrival [36m304 [0m153.835 ms - -[0m
[0mGET /api/website/product/women-fashion [36m304 [0m158.010 ms - -[0m
[0mGET /api/website/product/home-kitchen [36m304 [0m160.325 ms - -[0m
[0mOPTIONS /api/customer/getUserByEmailId [32m204 [0m11.945 ms - 0[0m
[0mOPTIONS /api/customer/getUserByEmailId [32m204 [0m0.983 ms - 0[0m
[0mGET /api/website/category/list [36m304 [0m105.576 ms - -[0m
[0mGET /api/customer/getUserByEmailId [36m304 [0m88.468 ms - -[0m
[0mGET /api/website/category/list [36m304 [0m43.928 ms - -[0m
[0mGET /api/customer/getUserByEmailId [36m304 [0m43.657 ms - -[0m
[0mGET /api/website/category/list [36m304 [0m35.832 ms - -[0m
[0mOPTIONS /api/location/list [32m204 [0m2.321 ms - 0[0m
[0mGET /api/location/list [36m304 [0m28.981 ms - -[0m
[0mGET /api/website/category/list [36m304 [0m72.484 ms - -[0m
[0mGET /api/website/popular/category-list [36m304 [0m121.861 ms - -[0m
[0mGET /api/website/product/new-arrival [36m304 [0m192.836 ms - -[0m
[0mGET /api/website/product/home-kitchen [36m304 [0m207.214 ms - -[0m
[0mGET /api/website/product/women-fashion [36m304 [0m204.982 ms - -[0m
[0mGET /api/website/category/list [36m304 [0m93.581 ms - -[0m
[0mGET /api/website/category/list [36m304 [0m28.194 ms - -[0m
[0mGET /api/website/category/list [36m304 [0m38.960 ms - -[0m
[0mGET /api/website/category/list [36m304 [0m61.498 ms - -[0m
[0mGET /api/website/category/list [36m304 [0m28.113 ms - -[0m
[0mGET /api/website/category/list [36m304 [0m20.913 ms - -[0m
[0mGET /api/website/popular/category-list [36m304 [0m77.333 ms - -[0m
[0mGET /api/website/category/list [36m304 [0m163.295 ms - -[0m
[0mGET /api/website/product/new-arrival [36m304 [0m144.380 ms - -[0m
[0mGET /api/website/product/home-kitchen [36m304 [0m189.661 ms - -[0m
[0mGET /api/website/product/women-fashion [36m304 [0m188.912 ms - -[0m
[0mGET /api/website/category/list [36m304 [0m133.132 ms - -[0m
[0mGET /api/website/popular/category-list [36m304 [0m108.701 ms - -[0m
[0mGET /api/website/product/new-arrival [36m304 [0m112.265 ms - -[0m
[0mGET /api/website/product/home-kitchen [36m304 [0m184.129 ms - -[0m
[0mGET /api/website/product/women-fashion [36m304 [0m185.645 ms - -[0m
[0mGET /api/website/category/list [32m200 [0m103.013 ms - 31295[0m
[0mGET /api/website/category/list [32m200 [0m98.417 ms - 31295[0m
[0mGET /api/website/category/list [32m200 [0m103.413 ms - 31295[0m
[0mGET /api/website/category/list [32m200 [0m103.912 ms - 31295[0m
[0mGET /api/website/product/home-kitchen [32m200 [0m142.619 ms - 15380[0m
[0mGET /api/website/product/women-fashion [32m200 [0m141.703 ms - 14634[0m
[0mGET /api/website/popular/category-list [32m200 [0m11.302 ms - 7735[0m
[0mGET /api/website/product/new-arrival [32m200 [0m77.735 ms - 29836[0m
[0mGET /api/website/category/list [32m200 [0m116.994 ms - 31295[0m
[0mGET /api/website/category/list [32m200 [0m112.718 ms - 31295[0m
[0mGET /api/website/category/list [32m200 [0m124.858 ms - 31295[0m
[0mGET /api/website/category/list [32m200 [0m170.233 ms - 31295[0m
[0mGET /api/website/product/home-kitchen [32m200 [0m170.031 ms - 15380[0m
[0mGET /api/website/product/women-fashion [32m200 [0m169.216 ms - 14634[0m
[0mGET /api/website/popular/category-list [32m200 [0m109.904 ms - 7735[0m
[0mGET /api/website/product/new-arrival [32m200 [0m110.122 ms - 29836[0m
[0mGET /api/website/popular/category-list [36m304 [0m120.240 ms - -[0m
[0mGET /api/website/product/new-arrival [36m304 [0m124.552 ms - -[0m
[0mGET /api/website/category/list [36m304 [0m144.448 ms - -[0m
[0mGET /api/website/product/home-kitchen [36m304 [0m208.782 ms - -[0m
[0mGET /api/website/product/women-fashion [36m304 [0m204.318 ms - -[0m
[0mGET /api/website/category/list [36m304 [0m93.773 ms - -[0m
[0mGET /api/website/category/list [36m304 [0m29.257 ms - -[0m
[0mGET /api/website/category/list [36m304 [0m30.107 ms - -[0m
[0mGET /api/website/popular/category-list [36m304 [0m42.911 ms - -[0m
[0mGET /api/website/category/list [36m304 [0m122.489 ms - -[0m
[0mGET /api/website/product/new-arrival [36m304 [0m119.012 ms - -[0m
[0mGET /api/website/product/women-fashion [36m304 [0m171.750 ms - -[0m
[0mGET /api/website/product/home-kitchen [36m304 [0m173.309 ms - -[0m
[0mGET /api/website/category/list [36m304 [0m56.082 ms - -[0m
[0mGET /api/website/category/list [36m304 [0m29.523 ms - -[0m
[0mGET /api/website/category/list [36m304 [0m47.713 ms - -[0m
[0mGET /api/website/popular/category-list [36m304 [0m141.356 ms - -[0m
[0mGET /api/website/product/new-arrival [36m304 [0m147.151 ms - -[0m
[0mGET /api/website/category/list [36m304 [0m178.071 ms - -[0m
[0mGET /api/website/product/home-kitchen [36m304 [0m235.564 ms - -[0m
[0mGET /api/website/popular/category-list [36m304 [0m93.265 ms - -[0m
[0mGET /api/website/product/women-fashion [36m304 [0m239.525 ms - -[0m
[0mGET /api/website/product/new-arrival [36m304 [0m92.391 ms - -[0m
[0mGET /api/website/category/list [36m304 [0m70.458 ms - -[0m
[0mGET /api/website/product/home-kitchen [36m304 [0m65.203 ms - -[0m
[0mGET /api/website/product/women-fashion [36m304 [0m112.938 ms - -[0m
[0mGET /api/website/category/list [36m304 [0m65.860 ms - -[0m
[0mGET /api/website/category/list [36m304 [0m29.444 ms - -[0m
[0mGET /api/website/category/list [36m304 [0m16.879 ms - -[0m
[0mGET /api/website/category/list [36m304 [0m20.318 ms - -[0m
[0mGET /api/website/category/list [36m304 [0m18.775 ms - -[0m
[0mGET /api/website/category/list [36m304 [0m15.404 ms - -[0m
[0mGET /api/website/category/list [32m200 [0m117.375 ms - 31295[0m
[0mGET /api/website/category/list [32m200 [0m112.414 ms - 31295[0m
[0mGET /api/website/category/list [32m200 [0m112.864 ms - 31295[0m
[0mGET /api/website/category/list [32m200 [0m120.125 ms - 31295[0m
[0mGET /api/website/product/home-kitchen [32m200 [0m194.694 ms - 15380[0m
[0mGET /api/website/product/women-fashion [32m200 [0m194.310 ms - 14634[0m
[0mGET /api/website/product/new-arrival [32m200 [0m101.463 ms - 29836[0m
[0mGET /api/website/popular/category-list [32m200 [0m64.173 ms - 7735[0m
[0mGET /api/website/category/list [32m200 [0m88.376 ms - 31295[0m
[0mGET /api/website/category/list [32m200 [0m85.214 ms - 31295[0m
[0mGET /api/website/category/list [32m200 [0m88.115 ms - 31295[0m
[0mGET /api/website/category/list [32m200 [0m91.035 ms - 31295[0m
[0mGET /api/website/product/home-kitchen [32m200 [0m162.228 ms - 15380[0m
[0mGET /api/website/product/women-fashion [32m200 [0m160.596 ms - 14634[0m
[0mGET /api/website/popular/category-list [32m200 [0m66.797 ms - 7735[0m
[0mGET /api/website/product/new-arrival [32m200 [0m112.841 ms - 29836[0m
[0mOPTIONS /api/auth/rootLogin [32m204 [0m2.329 ms - 0[0m
[0mPOST /api/auth/rootLogin [32m200 [0m374.852 ms - 211[0m
[0mOPTIONS /api/order/notifications [32m204 [0m1.147 ms - 0[0m
[0mOPTIONS /api/order/list [32m204 [0m0.677 ms - 0[0m
[0mOPTIONS /api/order/count [32m204 [0m0.604 ms - 0[0m
[0mGET /api/order/count [32m200 [0m26.855 ms - 196[0m
[0mGET /api/order/notifications [32m200 [0m70.666 ms - 36[0m
[0mGET /api/order/list [32m200 [0m175.894 ms - 214752[0m
[0mOPTIONS /api/order/notifications [32m204 [0m1.029 ms - 0[0m
[0mOPTIONS /api/order/list [32m204 [0m0.718 ms - 0[0m
[0mOPTIONS /api/order/count [32m204 [0m0.584 ms - 0[0m
[0mGET /api/order/count [36m304 [0m9.885 ms - -[0m
[0mGET /api/order/notifications [36m304 [0m30.773 ms - -[0m
[0mGET /api/order/list [36m304 [0m106.127 ms - -[0m
[0mOPTIONS /api/order/list [32m204 [0m2.088 ms - 0[0m
[0mOPTIONS /api/order/count [32m204 [0m1.400 ms - 0[0m
[0mGET /api/order/count [36m304 [0m6.245 ms - -[0m
[0mGET /api/order/list [36m304 [0m107.608 ms - -[0m
[0mOPTIONS /api/order/notifications [32m204 [0m1.731 ms - 0[0m
[0mOPTIONS /api/category/admin/main-list [32m204 [0m0.730 ms - 0[0m
[0mOPTIONS /api/category/list?limit=10&page=1 [32m204 [0m1.355 ms - 0[0m
[0mGET /api/category/list?limit=10&page=1 [32m200 [0m27.010 ms - 884[0m
[0mGET /api/category/admin/main-list [32m200 [0m42.680 ms - 13033[0m
[0mGET /api/order/notifications [36m304 [0m44.281 ms - -[0m
[0mOPTIONS /api/category/getAllSubCategory?categoryId=21 [32m204 [0m0.834 ms - 0[0m
[0mGET /api/category/getAllSubCategory?categoryId=21 [32m200 [0m9.136 ms - 3247[0m
[0mOPTIONS /api/category/create-sub-child [32m204 [0m0.422 ms - 0[0m
[0mPOST /api/category/create-sub-child [31m500 [0m26.846 ms - 34[0m
[0mOPTIONS /api/category/create-sub-child [32m204 [0m2.195 ms - 0[0m
[0mPOST /api/category/create-sub-child [31m500 [0m50.267 ms - 34[0m
[0mOPTIONS /api/category/create-sub-child [32m204 [0m14.782 ms - 0[0m
[0mPOST /api/category/create-sub-child [31m500 [0m52.274 ms - 34[0m
[0mOPTIONS /api/category/create-sub-child [32m204 [0m19.263 ms - 0[0m
[0mPOST /api/category/create-sub-child [32m200 [0m56.786 ms - 64[0m
[0mOPTIONS /api/category/list [32m204 [0m0.874 ms - 0[0m
[0mGET /api/category/list [32m200 [0m27.977 ms - 870[0m
[0mOPTIONS /api/order/notifications [32m204 [0m1.610 ms - 0[0m
[0mOPTIONS /api/category/admin/main-list [32m204 [0m5.462 ms - 0[0m
[0mOPTIONS /api/category/list?limit=10&page=1 [32m204 [0m5.406 ms - 0[0m
[0mGET /api/category/list?limit=10&page=1 [32m200 [0m53.433 ms - 870[0m
[0mGET /api/category/admin/main-list [32m200 [0m82.169 ms - 13033[0m
[0mGET /api/order/notifications [32m200 [0m98.460 ms - 36[0m
[0mOPTIONS /api/customer/getUserByEmailId [32m204 [0m12.129 ms - 0[0m
[0mOPTIONS /api/customer/getUserByEmailId [32m204 [0m13.033 ms - 0[0m
[0mGET /api/website/category/list [32m200 [0m171.934 ms - 31332[0m
[0mGET /api/website/category/list [32m200 [0m167.177 ms - 31332[0m
[0mGET /api/website/category/list [32m200 [0m169.416 ms - 31332[0m
[0mGET /api/website/category/list [32m200 [0m255.841 ms - 31332[0m
[0mGET /api/website/product/home-kitchen [32m200 [0m315.004 ms - 15380[0m
[0mGET /api/website/product/women-fashion [32m200 [0m273.333 ms - 14634[0m
[0mGET /api/customer/getUserByEmailId [33m403 [0m153.972 ms - 36[0m
[0mGET /api/website/popular/category-list [32m200 [0m169.027 ms - 7735[0m
[0mGET /api/website/product/new-arrival [32m200 [0m165.832 ms - 29857[0m
[0mGET /api/customer/getUserByEmailId [33m403 [0m9.532 ms - 36[0m
[0mGET /api/website/popular/category-list [36m304 [0m112.328 ms - -[0m
[0mGET /api/website/product/new-arrival [36m304 [0m116.565 ms - -[0m
[0mGET /api/website/category/list [36m304 [0m128.070 ms - -[0m
[0mGET /api/website/product/home-kitchen [36m304 [0m177.339 ms - -[0m
[0mGET /api/website/product/women-fashion [36m304 [0m178.744 ms - -[0m
[0mGET /api/website/category/list [36m304 [0m39.964 ms - -[0m
[0mGET /api/website/category/list [36m304 [0m23.301 ms - -[0m
[0mGET /api/website/category/list [36m304 [0m28.497 ms - -[0m
[0mGET /api/website/category/list [36m304 [0m124.922 ms - -[0m
[0mGET /api/website/popular/category-list [36m304 [0m110.316 ms - -[0m
[0mGET /api/website/product/new-arrival [36m304 [0m208.182 ms - -[0m
[0mGET /api/website/product/home-kitchen [36m304 [0m364.538 ms - -[0m
[0mGET /api/website/product/women-fashion [36m304 [0m359.132 ms - -[0m
[0mGET /api/website/category/list [36m304 [0m190.107 ms - -[0m
[0mGET /api/website/category/list [36m304 [0m46.608 ms - -[0m
[0mGET /api/website/category/list [36m304 [0m30.946 ms - -[0m
[0mGET /api/website/category/list [32m200 [0m174.328 ms - 31332[0m
[0mGET /api/website/category/list [32m200 [0m172.507 ms - 31332[0m
[0mGET /api/website/category/list [32m200 [0m195.885 ms - 31332[0m
[0mGET /api/website/category/list [32m200 [0m171.205 ms - 31332[0m
[0mGET /api/website/product/home-kitchen [32m200 [0m163.641 ms - 15380[0m
[0mGET /api/website/product/women-fashion [32m200 [0m290.318 ms - 14634[0m
[0mGET /api/website/product/new-arrival [32m200 [0m176.546 ms - 29857[0m
[0mGET /api/website/popular/category-list [32m200 [0m165.285 ms - 7735[0m
[0mGET /api/website/category/list [32m200 [0m141.431 ms - 31332[0m
[0mGET /api/website/category/list [32m200 [0m132.176 ms - 31332[0m
[0mGET /api/website/category/list [32m200 [0m142.811 ms - 31332[0m
[0mGET /api/website/category/list [32m200 [0m190.221 ms - 31332[0m
[0mGET /api/website/product/women-fashion [32m200 [0m264.785 ms - 14634[0m
[0mGET /api/website/popular/category-list [32m200 [0m139.351 ms - 7735[0m
[0mGET /api/website/product/home-kitchen [32m200 [0m283.439 ms - 15380[0m
[0mGET /api/website/product/new-arrival [32m200 [0m141.973 ms - 29857[0m
[0mGET /api/website/category/list [32m200 [0m127.098 ms - 31332[0m
[0mGET /api/website/category/list [32m200 [0m116.275 ms - 31332[0m
[0mGET /api/website/category/list [32m200 [0m117.402 ms - 31332[0m
[0mGET /api/website/category/list [32m200 [0m125.364 ms - 31332[0m
[0mGET /api/website/product/home-kitchen [32m200 [0m210.486 ms - 15380[0m
[0mGET /api/website/product/women-fashion [32m200 [0m210.496 ms - 14634[0m
[0mGET /api/website/popular/category-list [32m200 [0m103.189 ms - 7735[0m
[0mGET /api/website/product/new-arrival [32m200 [0m100.441 ms - 29857[0m
[0mGET /api/website/category/list [32m200 [0m135.765 ms - 31332[0m
[0mGET /api/website/category/list [32m200 [0m131.311 ms - 31332[0m
[0mGET /api/website/category/list [32m200 [0m134.569 ms - 31332[0m
[0mGET /api/website/category/list [32m200 [0m142.840 ms - 31332[0m
[0mGET /api/website/product/home-kitchen [32m200 [0m261.723 ms - 15380[0m
[0mGET /api/website/product/women-fashion [32m200 [0m260.461 ms - 14634[0m
[0mGET /api/website/popular/category-list [32m200 [0m132.453 ms - 7735[0m
[0mGET /api/website/product/new-arrival [32m200 [0m160.011 ms - 29857[0m
[0mGET /api/website/category/list [36m304 [0m79.603 ms - -[0m
[0mGET /api/website/popular/category-list [36m304 [0m69.985 ms - -[0m
[0mGET /api/website/product/new-arrival [36m304 [0m177.288 ms - -[0m
[0mGET /api/website/product/home-kitchen [36m304 [0m180.740 ms - -[0m
[0mGET /api/website/product/women-fashion [36m304 [0m273.211 ms - -[0m
[0mGET /api/website/category/list [36m304 [0m133.398 ms - -[0m
[0mGET /api/website/category/list [36m304 [0m30.210 ms - -[0m
[0mGET /api/website/category/list [36m304 [0m33.927 ms - -[0m
[0mOPTIONS /api/auth/rootLogin [32m204 [0m4.649 ms - 0[0m
[0mPOST /api/auth/rootLogin [32m200 [0m352.446 ms - 211[0m
[0mOPTIONS /api/order/notifications [32m204 [0m0.542 ms - 0[0m
[0mOPTIONS /api/order/list [32m204 [0m2.796 ms - 0[0m
[0mOPTIONS /api/order/count [32m204 [0m1.419 ms - 0[0m
[0mGET /api/order/count [32m200 [0m22.719 ms - 196[0m
[0mGET /api/order/notifications [32m200 [0m68.146 ms - 120[0m
[0mGET /api/order/list [32m200 [0m213.132 ms - 213349[0m
[0mOPTIONS /api/order/notifications [32m204 [0m1.742 ms - 0[0m
[0mOPTIONS /api/order/list [32m204 [0m0.867 ms - 0[0m
[0mOPTIONS /api/order/count [32m204 [0m0.594 ms - 0[0m
[0mGET /api/order/count [36m304 [0m13.381 ms - -[0m
[0mGET /api/order/notifications [36m304 [0m42.331 ms - -[0m
[0mGET /api/order/list [36m304 [0m197.000 ms - -[0m
[0mOPTIONS /api/order/notifications [32m204 [0m4.995 ms - 0[0m
[0mOPTIONS /api/order/list [32m204 [0m2.107 ms - 0[0m
[0mOPTIONS /api/order/count [32m204 [0m1.155 ms - 0[0m
[0mGET /api/order/count [32m200 [0m48.452 ms - 196[0m
[0mGET /api/order/notifications [32m200 [0m190.421 ms - 120[0m
[0mGET /api/order/list [32m200 [0m196.996 ms - 180841[0m
[0mOPTIONS /api/order/notifications [32m204 [0m20.150 ms - 0[0m
[0mOPTIONS /api/order/list [32m204 [0m7.660 ms - 0[0m
[0mOPTIONS /api/order/count [32m204 [0m7.260 ms - 0[0m
[0mGET /api/order/count [32m200 [0m40.530 ms - 196[0m
[0mGET /api/order/notifications [32m200 [0m200.171 ms - 120[0m
[0mGET /api/order/list [32m200 [0m264.812 ms - 180841[0m
[0mOPTIONS /api/order/notifications [32m204 [0m15.790 ms - 0[0m
[0mOPTIONS /api/order/list [32m204 [0m7.692 ms - 0[0m
[0mOPTIONS /api/order/count [32m204 [0m5.689 ms - 0[0m
[0mGET /api/order/count [36m304 [0m63.179 ms - -[0m
[0mGET /api/order/list [32m200 [0m220.870 ms - 79727[0m
[0mGET /api/order/notifications [36m304 [0m258.051 ms - -[0m
[0mOPTIONS /api/order/notifications [32m204 [0m8.017 ms - 0[0m
[0mOPTIONS /api/order/list [32m204 [0m7.152 ms - 0[0m
[0mOPTIONS /api/order/count [32m204 [0m6.473 ms - 0[0m
[0mGET /api/order/count [36m304 [0m103.793 ms - -[0m
[0mGET /api/order/list [32m200 [0m130.365 ms - 6295[0m
[0mGET /api/order/notifications [36m304 [0m162.175 ms - -[0m
[0mOPTIONS /api/order/notifications [32m204 [0m6.715 ms - 0[0m
[0mOPTIONS /api/order/list [32m204 [0m4.789 ms - 0[0m
[0mOPTIONS /api/order/count [32m204 [0m3.851 ms - 0[0m
[0mGET /api/order/count [36m304 [0m42.130 ms - -[0m
[0mGET /api/order/list [36m304 [0m74.282 ms - -[0m
[0mGET /api/order/notifications [36m304 [0m89.710 ms - -[0m
[0mOPTIONS /api/order/notifications [32m204 [0m5.638 ms - 0[0m
[0mOPTIONS /api/order/list [32m204 [0m2.071 ms - 0[0m
[0mOPTIONS /api/order/count [32m204 [0m1.125 ms - 0[0m
[0mGET /api/order/count [36m304 [0m49.268 ms - -[0m
[0mGET /api/order/list [32m200 [0m78.116 ms - 7011[0m
[0mGET /api/order/notifications [36m304 [0m92.039 ms - -[0m
[0mOPTIONS /api/order/notifications [32m204 [0m12.826 ms - 0[0m
[0mOPTIONS /api/order/list [32m204 [0m12.332 ms - 0[0m
[0mOPTIONS /api/order/count [32m204 [0m10.228 ms - 0[0m
[0mGET /api/order/count [32m200 [0m36.470 ms - 196[0m
[0mGET /api/order/list [32m200 [0m47.768 ms - 46[0m
[0mGET /api/order/notifications [32m200 [0m77.565 ms - 120[0m
[0mOPTIONS /api/order/notifications [32m204 [0m4.488 ms - 0[0m
[0mOPTIONS /api/order/list [32m204 [0m3.497 ms - 0[0m
[0mOPTIONS /api/order/count [32m204 [0m1.535 ms - 0[0m
[0mGET /api/order/count [32m200 [0m43.301 ms - 196[0m
[0mGET /api/order/notifications [32m200 [0m125.859 ms - 120[0m
[0mGET /api/order/list [32m200 [0m164.892 ms - 45940[0m
[0mOPTIONS /api/order/notifications [32m204 [0m5.936 ms - 0[0m
[0mOPTIONS /api/order/list [32m204 [0m3.083 ms - 0[0m
[0mOPTIONS /api/order/count [32m204 [0m3.552 ms - 0[0m
[0mGET /api/order/count [32m200 [0m53.460 ms - 196[0m
[0mGET /api/order/notifications [32m200 [0m160.476 ms - 120[0m
[0mOPTIONS /api/order/notifications [32m204 [0m6.615 ms - 0[0m
[0mOPTIONS /api/order/list [32m204 [0m2.288 ms - 0[0m
[0mOPTIONS /api/order/count [32m204 [0m1.109 ms - 0[0m
[0mGET /api/order/count [32m200 [0m67.369 ms - 196[0m
[0mGET /api/order/list [32m200 [0m123.634 ms - 45836[0m
[0mGET /api/order/notifications [32m200 [0m116.787 ms - 120[0m
[0mOPTIONS /api/order/notifications [32m204 [0m16.293 ms - 0[0m
[0mOPTIONS /api/order/list [32m204 [0m4.323 ms - 0[0m
[0mOPTIONS /api/order/count [32m204 [0m1.832 ms - 0[0m
[0mGET /api/order/count [32m200 [0m36.732 ms - 196[0m
[0mGET /api/order/list [32m200 [0m94.290 ms - 45837[0m
[0mGET /api/order/notifications [32m200 [0m116.257 ms - 120[0m
[0mOPTIONS /api/order/notifications [32m204 [0m8.621 ms - 0[0m
[0mOPTIONS /api/order/list [32m204 [0m11.218 ms - 0[0m
[0mOPTIONS /api/order/count [32m204 [0m5.367 ms - 0[0m
[0mGET /api/order/count [32m200 [0m65.000 ms - 196[0m
[0mGET /api/order/notifications [32m200 [0m118.037 ms - 120[0m
[0mOPTIONS /api/order/notifications [32m204 [0m7.264 ms - 0[0m
[0mOPTIONS /api/order/list [32m204 [0m9.451 ms - 0[0m
[0mOPTIONS /api/order/count [32m204 [0m3.173 ms - 0[0m
[0mGET /api/order/count [32m200 [0m38.323 ms - 196[0m
[0mGET /api/order/notifications [32m200 [0m131.704 ms - 120[0m
[0mGET /api/order/list [32m200 [0m178.240 ms - 85968[0m
[0mOPTIONS /api/order/notifications [32m204 [0m20.557 ms - 0[0m
[0mOPTIONS /api/order/list [32m204 [0m10.322 ms - 0[0m
[0mOPTIONS /api/order/count [32m204 [0m0.850 ms - 0[0m
[0mGET /api/order/count [36m304 [0m51.604 ms - -[0m
[0mGET /api/order/list [32m200 [0m166.095 ms - 45837[0m
[0mGET /api/order/notifications [36m304 [0m208.339 ms - -[0m
[0mOPTIONS /api/order/notifications [32m204 [0m4.541 ms - 0[0m
[0mOPTIONS /api/order/list [32m204 [0m2.920 ms - 0[0m
[0mOPTIONS /api/order/count [32m204 [0m1.703 ms - 0[0m
[0mGET /api/order/count [32m200 [0m42.266 ms - 196[0m
[0mGET /api/order/notifications [32m200 [0m198.702 ms - 120[0m
[0mOPTIONS /api/order/notifications [32m204 [0m5.442 ms - 0[0m
[0mOPTIONS /api/order/list [32m204 [0m2.084 ms - 0[0m
[0mOPTIONS /api/order/count [32m204 [0m1.068 ms - 0[0m
[0mGET /api/order/count [32m200 [0m34.581 ms - 196[0m
[0mGET /api/order/notifications [32m200 [0m115.689 ms - 120[0m
[0mGET /api/order/list [32m200 [0m110.050 ms - 51729[0m
[0mOPTIONS /api/order/notifications [32m204 [0m7.683 ms - 0[0m
[0mOPTIONS /api/order/list [32m204 [0m9.579 ms - 0[0m
[0mOPTIONS /api/order/count [32m204 [0m15.735 ms - 0[0m
[0mGET /api/order/count [32m200 [0m36.027 ms - 196[0m
[0mGET /api/order/notifications [32m200 [0m94.286 ms - 120[0m
[0mGET /api/order/list [32m200 [0m90.662 ms - 3756[0m
[0mOPTIONS /api/order/notifications [32m204 [0m4.164 ms - 0[0m
[0mOPTIONS /api/order/list [32m204 [0m2.182 ms - 0[0m
[0mOPTIONS /api/order/count [32m204 [0m1.344 ms - 0[0m
[0mGET /api/order/count [36m304 [0m30.567 ms - -[0m
[0mGET /api/order/list [32m200 [0m69.821 ms - 4323[0m
[0mGET /api/order/notifications [36m304 [0m94.163 ms - -[0m
[0mOPTIONS /api/auth/rootLogin [32m204 [0m18.774 ms - 0[0m
[0mPOST /api/auth/rootLogin [32m200 [0m383.478 ms - 211[0m
[0mOPTIONS /api/order/notifications [32m204 [0m1.793 ms - 0[0m
[0mOPTIONS /api/order/list [32m204 [0m0.947 ms - 0[0m
[0mOPTIONS /api/order/count [32m204 [0m0.690 ms - 0[0m
[0mGET /api/order/count [36m304 [0m28.460 ms - -[0m
[0mGET /api/order/list [36m304 [0m73.552 ms - -[0m
[0mGET /api/order/notifications [36m304 [0m78.313 ms - -[0m
[0mOPTIONS /api/order/notifications [32m204 [0m7.330 ms - 0[0m
[0mOPTIONS /api/order/list [32m204 [0m6.258 ms - 0[0m
[0mOPTIONS /api/order/count [32m204 [0m6.035 ms - 0[0m
[0mGET /api/order/count [36m304 [0m33.125 ms - -[0m
[0mGET /api/order/list [36m304 [0m48.753 ms - -[0m
[0mGET /api/order/notifications [36m304 [0m63.149 ms - -[0m
[0mOPTIONS /api/order/notifications [32m204 [0m7.925 ms - 0[0m
[0mOPTIONS /api/order/list [32m204 [0m2.632 ms - 0[0m
[0mOPTIONS /api/order/count [32m204 [0m2.114 ms - 0[0m
[0mGET /api/order/count [36m304 [0m22.598 ms - -[0m
[0mGET /api/order/list [36m304 [0m56.666 ms - -[0m
[0mGET /api/order/notifications [36m304 [0m70.287 ms - -[0m
[0mOPTIONS /api/order/notifications [32m204 [0m5.393 ms - 0[0m
[0mOPTIONS /api/order/list [32m204 [0m2.056 ms - 0[0m
[0mOPTIONS /api/order/count [32m204 [0m0.325 ms - 0[0m
[0mGET /api/order/count [36m304 [0m17.390 ms - -[0m
[0mGET /api/order/list [36m304 [0m33.985 ms - -[0m
[0mGET /api/order/notifications [36m304 [0m40.932 ms - -[0m
[0mOPTIONS /api/order/notifications [32m204 [0m2.408 ms - 0[0m
[0mOPTIONS /api/order/list [32m204 [0m1.503 ms - 0[0m
[0mOPTIONS /api/order/count [32m204 [0m0.602 ms - 0[0m
[0mGET /api/order/count [36m304 [0m27.141 ms - -[0m
[0mGET /api/order/list [36m304 [0m54.170 ms - -[0m
[0mGET /api/order/notifications [36m304 [0m77.907 ms - -[0m
[0mOPTIONS /api/order/notifications [32m204 [0m2.710 ms - 0[0m
[0mOPTIONS /api/order/list [32m204 [0m1.987 ms - 0[0m
[0mOPTIONS /api/order/count [32m204 [0m1.313 ms - 0[0m
[0mGET /api/order/count [36m304 [0m70.131 ms - -[0m
[0mGET /api/order/list [36m304 [0m98.237 ms - -[0m
[0mGET /api/order/notifications [36m304 [0m120.294 ms - -[0m
[0mOPTIONS /api/order/status [32m204 [0m7.187 ms - 0[0m
[0mPOST /api/order/status [31m500 [0m54.914 ms - 34[0m
[0mOPTIONS /api/order/notifications [32m204 [0m1.708 ms - 0[0m
[0mOPTIONS /api/order/list [32m204 [0m0.978 ms - 0[0m
[0mOPTIONS /api/order/count [32m204 [0m0.764 ms - 0[0m
[0mGET /api/order/count [36m304 [0m25.347 ms - -[0m
[0mGET /api/order/list [36m304 [0m51.310 ms - -[0m
[0mGET /api/order/notifications [36m304 [0m69.770 ms - -[0m
[0mOPTIONS /api/order/notifications [32m204 [0m1.857 ms - 0[0m
[0mOPTIONS /api/order/list [32m204 [0m1.148 ms - 0[0m
[0mOPTIONS /api/order/count [32m204 [0m0.986 ms - 0[0m
[0mGET /api/order/count [36m304 [0m18.428 ms - -[0m
[0mGET /api/order/list [36m304 [0m53.617 ms - -[0m
[0mGET /api/order/notifications [36m304 [0m71.557 ms - -[0m
[0mOPTIONS /api/order/notifications [32m204 [0m1.720 ms - 0[0m
[0mOPTIONS /api/order/list [32m204 [0m0.815 ms - 0[0m
[0mOPTIONS /api/order/count [32m204 [0m0.371 ms - 0[0m
[0mGET /api/order/count [36m304 [0m34.652 ms - -[0m
[0mGET /api/order/list [36m304 [0m105.899 ms - -[0m
[0mGET /api/order/notifications [36m304 [0m129.483 ms - -[0m
[0mOPTIONS /api/order/notifications [32m204 [0m2.227 ms - 0[0m
[0mOPTIONS /api/order/list [32m204 [0m0.965 ms - 0[0m
[0mOPTIONS /api/order/count [32m204 [0m0.571 ms - 0[0m
[0mGET /api/order/count [36m304 [0m31.038 ms - -[0m
[0mGET /api/order/list [36m304 [0m43.936 ms - -[0m
[0mGET /api/order/notifications [36m304 [0m66.150 ms - -[0m
[0mOPTIONS /api/order/notifications [32m204 [0m1.660 ms - 0[0m
[0mOPTIONS /api/order/list [32m204 [0m1.237 ms - 0[0m
[0mOPTIONS /api/order/count [32m204 [0m1.127 ms - 0[0m
[0mGET /api/order/count [36m304 [0m14.155 ms - -[0m
[0mGET /api/order/list [36m304 [0m27.700 ms - -[0m
[0mGET /api/order/notifications [36m304 [0m41.721 ms - -[0m
[0mOPTIONS /api/order/notifications [32m204 [0m6.531 ms - 0[0m
[0mOPTIONS /api/order/list [32m204 [0m0.696 ms - 0[0m
[0mOPTIONS /api/order/count [32m204 [0m1.875 ms - 0[0m
[0mPOST /api/order/list [33m404 [0m8.689 ms - 28[0m
[0mGET /api/order/count [36m304 [0m17.087 ms - -[0m
[0mGET /api/order/notifications [36m304 [0m60.022 ms - -[0m
[0mOPTIONS /api/order/notifications [32m204 [0m13.652 ms - 0[0m
[0mOPTIONS /api/order/list [32m204 [0m1.649 ms - 0[0m
[0mOPTIONS /api/order/count [32m204 [0m1.450 ms - 0[0m
[0mPOST /api/order/list [33m404 [0m2.469 ms - 28[0m
[0mGET /api/order/count [36m304 [0m18.337 ms - -[0m
[0mGET /api/order/notifications [36m304 [0m72.733 ms - -[0m
[0mOPTIONS /api/order/notifications [32m204 [0m11.100 ms - 0[0m
[0mOPTIONS /api/order/list [32m204 [0m8.993 ms - 0[0m
[0mOPTIONS /api/order/count [32m204 [0m3.694 ms - 0[0m
[0mGET /api/order/count [32m200 [0m50.532 ms - 196[0m
[0mPOST /api/order/list [32m200 [0m92.803 ms - 4323[0m
[0mGET /api/order/notifications [32m200 [0m110.203 ms - 120[0m
[0mOPTIONS /api/order/list [32m204 [0m2.437 ms - 0[0m
[0mPOST /api/order/list [32m200 [0m29.489 ms - 4323[0m
[0mPOST /api/order/list [32m200 [0m25.750 ms - 4323[0m
[0mPOST /api/order/list [32m200 [0m20.492 ms - 4323[0m
[0mPOST /api/order/list [32m200 [0m35.587 ms - 4323[0m
[0mOPTIONS /api/order/list [32m204 [0m1.119 ms - 0[0m
[0mPOST /api/order/list [32m200 [0m23.528 ms - 4323[0m
[0mPOST /api/order/list [32m200 [0m21.082 ms - 4323[0m
[0mPOST /api/order/list [32m200 [0m18.913 ms - 4323[0m
[0mOPTIONS /api/order/list [32m204 [0m2.967 ms - 0[0m
[0mPOST /api/order/list [32m200 [0m17.681 ms - 4323[0m
[0mOPTIONS /api/order/notifications [32m204 [0m0.884 ms - 0[0m
[0mOPTIONS /api/order/count [32m204 [0m0.662 ms - 0[0m
[0mGET /api/order/count [36m304 [0m7.728 ms - -[0m
[0mPOST /api/order/list [32m200 [0m25.320 ms - 4323[0m
[0mGET /api/order/notifications [36m304 [0m29.724 ms - -[0m
[0mOPTIONS /api/order/notifications [32m204 [0m10.909 ms - 0[0m
[0mOPTIONS /api/order/list [32m204 [0m8.049 ms - 0[0m
[0mOPTIONS /api/order/count [32m204 [0m4.070 ms - 0[0m
[0mGET /api/order/count [32m200 [0m43.239 ms - 196[0m
[0mPOST /api/order/list [32m200 [0m121.594 ms - 12170[0m
[0mGET /api/order/notifications [32m200 [0m142.365 ms - 120[0m
[0mPOST /api/order/list [32m200 [0m32.629 ms - 12170[0m
[0mOPTIONS /api/order/list [32m204 [0m1.485 ms - 0[0m
[0mPOST /api/order/list [32m200 [0m33.809 ms - 12170[0m
[0mOPTIONS /api/order/notifications [32m204 [0m23.824 ms - 0[0m
[0mOPTIONS /api/order/list [32m204 [0m23.616 ms - 0[0m
[0mOPTIONS /api/order/count [32m204 [0m22.848 ms - 0[0m
[0mGET /api/order/count [36m304 [0m88.246 ms - -[0m
[0mPOST /api/order/list [32m200 [0m105.231 ms - 2242[0m
[0mGET /api/order/notifications [36m304 [0m126.240 ms - -[0m
[0mOPTIONS /api/order/notifications [32m204 [0m13.428 ms - 0[0m
[0mOPTIONS /api/order/list [32m204 [0m13.292 ms - 0[0m
[0mOPTIONS /api/order/count [32m204 [0m1.237 ms - 0[0m
[0mGET /api/order/count [32m200 [0m43.457 ms - 196[0m
[0mPOST /api/order/list [32m200 [0m92.198 ms - 2242[0m
[0mGET /api/order/notifications [32m200 [0m128.169 ms - 120[0m
[0mOPTIONS /api/order/notifications [32m204 [0m2.033 ms - 0[0m
[0mOPTIONS /api/order/list [32m204 [0m12.433 ms - 0[0m
[0mOPTIONS /api/order/count [32m204 [0m1.718 ms - 0[0m
[0mGET /api/order/count [32m200 [0m45.342 ms - 196[0m
[0mPOST /api/order/list [32m200 [0m75.207 ms - 2242[0m
[0mGET /api/order/notifications [32m200 [0m108.635 ms - 120[0m
[0mPOST /api/order/list [32m200 [0m30.928 ms - 2162[0m
[0mPOST /api/order/list [32m200 [0m16.768 ms - 2128[0m
[0mPOST /api/order/list [32m200 [0m14.283 ms - 2138[0m
[0mOPTIONS /api/order/list [32m204 [0m1.387 ms - 0[0m
[0mPOST /api/order/list [32m200 [0m21.169 ms - 2014[0m
[0mOPTIONS /api/order/notifications [32m204 [0m23.571 ms - 0[0m
[0mOPTIONS /api/order/list [32m204 [0m41.164 ms - 0[0m
[0mOPTIONS /api/order/count [32m204 [0m39.783 ms - 0[0m
[0mGET /api/order/count [36m304 [0m49.669 ms - -[0m
[0mPOST /api/order/list [32m200 [0m100.035 ms - 4323[0m
[0mGET /api/order/notifications [36m304 [0m130.807 ms - -[0m
[0mOPTIONS /api/order/list [32m204 [0m11.839 ms - 0[0m
[0mPOST /api/order/list [32m200 [0m45.613 ms - 4323[0m
[0mOPTIONS /api/order/notifications [32m204 [0m5.663 ms - 0[0m
[0mOPTIONS /api/order/list [32m204 [0m3.179 ms - 0[0m
[0mOPTIONS /api/order/count [32m204 [0m1.862 ms - 0[0m
[0mGET /api/order/count [32m200 [0m51.025 ms - 196[0m
[0mGET /api/order/notifications [32m200 [0m108.170 ms - 120[0m
[0mPOST /api/order/list [32m200 [0m90.282 ms - 4323[0m
[0mOPTIONS /api/order/list [32m204 [0m2.077 ms - 0[0m
[0mPOST /api/order/list [32m200 [0m44.481 ms - 79[0m
[0mPOST /api/order/list [32m200 [0m37.562 ms - 855[0m
[0mOPTIONS /api/order/list [32m204 [0m2.137 ms - 0[0m
[0mPOST /api/order/list [32m200 [0m43.008 ms - 4075[0m
[0mOPTIONS /api/order/notifications [32m204 [0m11.087 ms - 0[0m
[0mOPTIONS /api/order/list [32m204 [0m8.012 ms - 0[0m
[0mOPTIONS /api/order/count [32m204 [0m8.421 ms - 0[0m
[0mGET /api/order/count [36m304 [0m52.152 ms - -[0m
[0mGET /api/order/notifications [36m304 [0m103.125 ms - -[0m
[0mPOST /api/order/list [32m200 [0m96.712 ms - 4323[0m
[0mOPTIONS /api/order/notifications [32m204 [0m1.624 ms - 0[0m
[0mOPTIONS /api/seller/all-product-list?limit=20&page=1 [32m204 [0m0.461 ms - 0[0m
[0mGET /api/order/notifications [36m304 [0m39.250 ms - -[0m
[0mGET /api/seller/all-product-list?limit=20&page=1 [32m200 [0m112.856 ms - 10682[0m
[0mOPTIONS /api/order/notifications [32m204 [0m22.968 ms - 0[0m
[0mOPTIONS /api/seller/all-product-list?limit=20&page=1 [32m204 [0m16.180 ms - 0[0m
[0mOPTIONS /api/order/notifications [32m204 [0m4.502 ms - 0[0m
[0mOPTIONS /api/order/list [32m204 [0m1.998 ms - 0[0m
[0mOPTIONS /api/order/count [32m204 [0m1.814 ms - 0[0m
[0mGET /api/order/count [36m304 [0m39.906 ms - -[0m
[0mPOST /api/order/list [32m200 [0m67.076 ms - 4323[0m
[0mGET /api/order/notifications [36m304 [0m114.554 ms - -[0m
[0mGET /api/seller/all-product-list?limit=20&page=1 [36m304 [0m150.382 ms - -[0m
[0mGET /api/order/notifications [36m304 [0m63.852 ms - -[0m
[0mOPTIONS /api/order/notifications [32m204 [0m1.182 ms - 0[0m
[0mOPTIONS /api/seller/all-product-list?limit=20&page=1 [32m204 [0m2.530 ms - 0[0m
[0mGET /api/order/notifications [36m304 [0m60.407 ms - -[0m
[0mOPTIONS /api/order/list [32m204 [0m0.479 ms - 0[0m
[0mOPTIONS /api/order/count [32m204 [0m1.207 ms - 0[0m
[0mGET /api/order/count [36m304 [0m10.588 ms - -[0m
[0mGET /api/order/notifications [36m304 [0m75.031 ms - -[0m
[0mPOST /api/order/list [32m200 [0m84.128 ms - 4323[0m
[0mGET /api/seller/all-product-list?limit=20&page=1 [36m304 [0m162.778 ms - -[0m
[0mOPTIONS /api/order/notifications [32m204 [0m3.288 ms - 0[0m
[0mOPTIONS /api/order/list [32m204 [0m11.242 ms - 0[0m
[0mOPTIONS /api/order/count [32m204 [0m14.413 ms - 0[0m
[0mOPTIONS /api/order/notifications [32m204 [0m16.144 ms - 0[0m
[0mOPTIONS /api/seller/all-product-list?limit=20&page=1 [32m204 [0m15.850 ms - 0[0m
[0mGET /api/order/count [36m304 [0m97.369 ms - -[0m
[0mGET /api/order/notifications [36m304 [0m173.515 ms - -[0m
[0mPOST /api/order/list [32m200 [0m161.914 ms - 4323[0m
[0mGET /api/seller/all-product-list?limit=20&page=1 [36m304 [0m162.709 ms - -[0m
[0mGET /api/order/notifications [36m304 [0m20.030 ms - -[0m
[0mOPTIONS /api/order/notifications [32m204 [0m2.499 ms - 0[0m
[0mOPTIONS /api/seller/all-product-list?limit=20&page=1 [32m204 [0m0.579 ms - 0[0m
[0mGET /api/order/notifications [36m304 [0m202.569 ms - -[0m
[0mOPTIONS /api/order/list [32m204 [0m1.949 ms - 0[0m
[0mOPTIONS /api/order/count [32m204 [0m0.743 ms - 0[0m
[0mGET /api/seller/all-product-list?limit=20&page=1 [36m304 [0m379.875 ms - -[0m
[0mGET /api/order/count [36m304 [0m198.200 ms - -[0m
[0mGET /api/order/notifications [36m304 [0m335.600 ms - -[0m
[0mPOST /api/order/list [32m200 [0m304.622 ms - 4323[0m
[0mOPTIONS /api/order/notifications [32m204 [0m3.966 ms - 0[0m
[0mOPTIONS /api/order/list [32m204 [0m3.386 ms - 0[0m
[0mOPTIONS /api/order/count [32m204 [0m1.620 ms - 0[0m
[0mOPTIONS /api/seller/all-product-list?limit=20&page=1 [32m204 [0m14.845 ms - 0[0m
[0mGET /api/order/count [36m304 [0m73.578 ms - -[0m
[0mPOST /api/order/list [32m200 [0m153.381 ms - 4323[0m
[0mGET /api/order/notifications [36m304 [0m170.650 ms - -[0m
[0mGET /api/seller/all-product-list?limit=20&page=1 [36m304 [0m160.918 ms - -[0m
[0mGET /api/order/notifications [36m304 [0m48.396 ms - -[0m
[0mOPTIONS /api/order/notifications [32m204 [0m5.557 ms - 0[0m
[0mOPTIONS /api/order/list [32m204 [0m1.532 ms - 0[0m
[0mOPTIONS /api/order/count [32m204 [0m1.222 ms - 0[0m
[0mOPTIONS /api/seller/all-product-list?limit=20&page=1 [32m204 [0m2.303 ms - 0[0m
[0mGET /api/order/count [36m304 [0m42.572 ms - -[0m
[0mGET /api/order/notifications [36m304 [0m103.850 ms - -[0m
[0mPOST /api/order/list [32m200 [0m85.872 ms - 4323[0m
[0mGET /api/order/notifications [36m304 [0m70.329 ms - -[0m
[0mGET /api/seller/all-product-list?limit=20&page=1 [36m304 [0m115.515 ms - -[0m
[0mOPTIONS /api/order/notifications [32m204 [0m3.777 ms - 0[0m
[0mOPTIONS /api/order/list [32m204 [0m0.856 ms - 0[0m
[0mOPTIONS /api/order/count [32m204 [0m1.541 ms - 0[0m
[0mOPTIONS /api/seller/all-product-list?limit=20&page=1 [32m204 [0m3.190 ms - 0[0m
[0mGET /api/order/count [36m304 [0m80.401 ms - -[0m
[0mGET /api/order/notifications [36m304 [0m118.986 ms - -[0m
[0mPOST /api/order/list [32m200 [0m120.607 ms - 4323[0m
[0mGET /api/order/notifications [36m304 [0m50.420 ms - -[0m
[0mGET /api/seller/all-product-list?limit=20&page=1 [36m304 [0m90.276 ms - -[0m
[0mOPTIONS /api/order/notifications [32m204 [0m2.497 ms - 0[0m
[0mOPTIONS /api/order/list [32m204 [0m1.564 ms - 0[0m
[0mOPTIONS /api/order/count [32m204 [0m3.294 ms - 0[0m
[0mOPTIONS /api/order/notifications [32m204 [0m2.056 ms - 0[0m
[0mOPTIONS /api/seller/all-product-list?limit=20&page=1 [32m204 [0m0.969 ms - 0[0m
[0mGET /api/order/count [36m304 [0m69.249 ms - -[0m
[0mPOST /api/order/list [32m200 [0m112.601 ms - 4323[0m
[0mGET /api/order/notifications [36m304 [0m130.006 ms - -[0m
[0mGET /api/seller/all-product-list?limit=20&page=1 [36m304 [0m187.514 ms - -[0m
[0mGET /api/order/notifications [36m304 [0m81.898 ms - -[0m
[0mOPTIONS /api/order/notifications [32m204 [0m2.149 ms - 0[0m
[0mOPTIONS /api/seller/all-product-list?limit=20&page=1 [32m204 [0m0.496 ms - 0[0m
[0mOPTIONS /api/order/list [32m204 [0m0.965 ms - 0[0m
[0mOPTIONS /api/order/count [32m204 [0m0.547 ms - 0[0m
[0mGET /api/order/notifications [36m304 [0m93.600 ms - -[0m
[0mGET /api/order/count [36m304 [0m49.708 ms - -[0m
[0mGET /api/seller/all-product-list?limit=20&page=1 [36m304 [0m119.160 ms - -[0m
[0mPOST /api/order/list [32m200 [0m114.195 ms - 4323[0m
[0mGET /api/order/notifications [36m304 [0m52.503 ms - -[0m
[0mOPTIONS /api/order/notifications [32m204 [0m2.532 ms - 0[0m
[0mOPTIONS /api/order/list [32m204 [0m1.430 ms - 0[0m
[0mOPTIONS /api/order/count [32m204 [0m1.242 ms - 0[0m
[0mGET /api/order/count [36m304 [0m18.326 ms - -[0m
[0mOPTIONS /api/seller/all-product-list?limit=20&page=1 [32m204 [0m1.236 ms - 0[0m
[0mPOST /api/order/list [32m200 [0m68.695 ms - 4323[0m
[0mGET /api/order/notifications [36m304 [0m86.843 ms - -[0m
[0mGET /api/order/notifications [36m304 [0m36.597 ms - -[0m
[0mGET /api/seller/all-product-list?limit=20&page=1 [36m304 [0m89.675 ms - -[0m
[0mOPTIONS /api/order/notifications [32m204 [0m5.350 ms - 0[0m
[0mOPTIONS /api/order/list [32m204 [0m1.775 ms - 0[0m
[0mOPTIONS /api/order/count [32m204 [0m4.795 ms - 0[0m
[0mOPTIONS /api/seller/all-product-list?limit=20&page=1 [32m204 [0m1.319 ms - 0[0m
[0mGET /api/order/count [36m304 [0m65.676 ms - -[0m
[0mGET /api/order/notifications [36m304 [0m98.741 ms - -[0m
[0mPOST /api/order/list [32m200 [0m92.314 ms - 4323[0m
[0mGET /api/seller/all-product-list?limit=20&page=1 [36m304 [0m134.168 ms - -[0m
[0mGET /api/order/notifications [36m304 [0m54.898 ms - -[0m
[0mOPTIONS /api/order/notifications [32m204 [0m2.334 ms - 0[0m
[0mOPTIONS /api/order/list [32m204 [0m1.228 ms - 0[0m
[0mOPTIONS /api/order/count [32m204 [0m1.055 ms - 0[0m
[0mGET /api/order/count [36m304 [0m57.103 ms - -[0m
[0mOPTIONS /api/seller/all-product-list?limit=20&page=1 [32m204 [0m1.368 ms - 0[0m
[0mPOST /api/order/list [32m200 [0m72.351 ms - 4323[0m
[0mGET /api/order/notifications [36m304 [0m95.517 ms - -[0m
[0mGET /api/order/notifications [36m304 [0m23.935 ms - -[0m
[0mGET /api/seller/all-product-list?limit=20&page=1 [36m304 [0m102.577 ms - -[0m
[0mOPTIONS /api/order/notifications [32m204 [0m2.070 ms - 0[0m
[0mOPTIONS /api/order/list [32m204 [0m0.871 ms - 0[0m
[0mOPTIONS /api/order/count [32m204 [0m1.101 ms - 0[0m
[0mOPTIONS /api/seller/all-product-list?limit=20&page=1 [32m204 [0m5.475 ms - 0[0m
[0mGET /api/order/count [36m304 [0m31.991 ms - -[0m
[0mPOST /api/order/list [32m200 [0m60.412 ms - 4323[0m
[0mGET /api/order/notifications [36m304 [0m63.223 ms - -[0m
[0mGET /api/order/notifications [36m304 [0m26.161 ms - -[0m
[0mGET /api/seller/all-product-list?limit=20&page=1 [36m304 [0m115.787 ms - -[0m
[0mOPTIONS /api/order/notifications [32m204 [0m1.728 ms - 0[0m
[0mOPTIONS /api/seller/all-product-list?limit=20&page=1 [32m204 [0m0.658 ms - 0[0m
[0mGET /api/order/notifications [36m304 [0m46.401 ms - -[0m
[0mOPTIONS /api/order/list [32m204 [0m2.918 ms - 0[0m
[0mOPTIONS /api/order/count [32m204 [0m7.303 ms - 0[0m
[0mGET /api/seller/all-product-list?limit=20&page=1 [36m304 [0m120.052 ms - -[0m
[0mGET /api/order/notifications [36m304 [0m62.083 ms - -[0m
[0mGET /api/order/count [36m304 [0m24.556 ms - -[0m
[0mPOST /api/order/list [32m200 [0m58.029 ms - 4323[0m
[0mOPTIONS /api/order/notifications [32m204 [0m2.394 ms - 0[0m
[0mOPTIONS /api/seller/all-product-list?limit=20&page=1 [32m204 [0m1.045 ms - 0[0m
[0mGET /api/order/notifications [36m304 [0m48.657 ms - -[0m
[0mOPTIONS /api/order/list [32m204 [0m0.608 ms - 0[0m
[0mOPTIONS /api/order/count [32m204 [0m0.421 ms - 0[0m
[0mGET /api/order/count [36m304 [0m20.275 ms - -[0m
[0mGET /api/order/notifications [36m304 [0m50.591 ms - -[0m
[0mGET /api/seller/all-product-list?limit=20&page=1 [36m304 [0m113.148 ms - -[0m
[0mPOST /api/order/list [32m200 [0m55.708 ms - 4323[0m
[0mOPTIONS /api/order/notifications [32m204 [0m1.626 ms - 0[0m
[0mOPTIONS /api/order/list [32m204 [0m0.924 ms - 0[0m
[0mOPTIONS /api/order/count [32m204 [0m1.349 ms - 0[0m
[0mOPTIONS /api/seller/all-product-list?limit=20&page=1 [32m204 [0m6.922 ms - 0[0m
[0mGET /api/order/count [36m304 [0m59.404 ms - -[0m
[0mGET /api/order/notifications [36m304 [0m128.899 ms - -[0m
[0mPOST /api/order/list [32m200 [0m122.333 ms - 4323[0m
[0mGET /api/seller/all-product-list?limit=20&page=1 [36m304 [0m116.498 ms - -[0m
[0mGET /api/order/notifications [36m304 [0m55.338 ms - -[0m
[0mOPTIONS /api/order/notifications [32m204 [0m1.802 ms - 0[0m
[0mOPTIONS /api/seller/all-product-list?limit=20&page=1 [32m204 [0m0.463 ms - 0[0m
[0mGET /api/order/notifications [36m304 [0m78.964 ms - -[0m
[0mOPTIONS /api/order/list [32m204 [0m1.016 ms - 0[0m
[0mOPTIONS /api/order/count [32m204 [0m2.698 ms - 0[0m
[0mGET /api/seller/all-product-list?limit=20&page=1 [36m304 [0m151.996 ms - -[0m
[0mGET /api/order/notifications [36m304 [0m76.996 ms - -[0m
[0mGET /api/order/count [36m304 [0m12.533 ms - -[0m
[0mPOST /api/order/list [32m200 [0m90.339 ms - 4323[0m
[0mGET /api/order/count [36m304 [0m32.018 ms - -[0m
[0mPOST /api/order/list [32m200 [0m93.379 ms - 4323[0m
[0mGET /api/order/notifications [36m304 [0m73.386 ms - -[0m
[0mGET /api/seller/all-product-list?limit=20&page=1 [36m304 [0m105.526 ms - -[0m
[0mGET /api/order/notifications [36m304 [0m60.679 ms - -[0m
[0mOPTIONS /api/order/notifications [32m204 [0m2.749 ms - 0[0m
[0mOPTIONS /api/order/list [32m204 [0m1.286 ms - 0[0m
[0mOPTIONS /api/order/count [32m204 [0m7.211 ms - 0[0m
[0mGET /api/order/count [36m304 [0m31.057 ms - -[0m
[0mPOST /api/order/list [32m200 [0m84.177 ms - 4323[0m
[0mGET /api/order/notifications [36m304 [0m79.788 ms - -[0m
[0mOPTIONS /api/seller/all-product-list?limit=20&page=1 [32m204 [0m0.382 ms - 0[0m
[0mGET /api/order/notifications [36m304 [0m39.756 ms - -[0m
[0mGET /api/seller/all-product-list?limit=20&page=1 [36m304 [0m99.947 ms - -[0m
[0mOPTIONS /api/order/notifications [32m204 [0m1.575 ms - 0[0m
[0mOPTIONS /api/order/list [32m204 [0m2.810 ms - 0[0m
[0mOPTIONS /api/order/count [32m204 [0m2.580 ms - 0[0m
[0mGET /api/order/count [36m304 [0m42.056 ms - -[0m
[0mOPTIONS /api/seller/all-product-list?limit=20&page=1 [32m204 [0m0.802 ms - 0[0m
[0mPOST /api/order/list [32m200 [0m140.620 ms - 4323[0m
[0mGET /api/order/notifications [36m304 [0m184.671 ms - -[0m
[0mGET /api/order/notifications [36m304 [0m46.089 ms - -[0m
[0mGET /api/seller/all-product-list?limit=20&page=1 [36m304 [0m152.804 ms - -[0m
[0mOPTIONS /api/order/notifications [32m204 [0m3.138 ms - 0[0m
[0mOPTIONS /api/order/notifications [32m204 [0m3.121 ms - 0[0m
[0mOPTIONS /api/seller/all-product-list?limit=20&page=1 [32m204 [0m2.946 ms - 0[0m
[0mOPTIONS /api/order/list [32m204 [0m2.897 ms - 0[0m
[0mOPTIONS /api/order/count [32m204 [0m1.786 ms - 0[0m
[0mGET /api/order/count [36m304 [0m74.077 ms - -[0m
[0mGET /api/order/notifications [36m304 [0m117.735 ms - -[0m
[0mPOST /api/order/list [32m200 [0m106.427 ms - 4323[0m
[0mGET /api/order/notifications [36m304 [0m39.973 ms - -[0m
[0mGET /api/seller/all-product-list?limit=20&page=1 [36m304 [0m173.530 ms - -[0m
[0mOPTIONS /api/order/notifications [32m204 [0m2.048 ms - 0[0m
[0mOPTIONS /api/order/list [32m204 [0m1.803 ms - 0[0m
[0mOPTIONS /api/order/count [32m204 [0m0.889 ms - 0[0m
[0mGET /api/order/count [36m304 [0m25.303 ms - -[0m
[0mOPTIONS /api/seller/all-product-list?limit=20&page=1 [32m204 [0m1.754 ms - 0[0m
[0mGET /api/order/notifications [36m304 [0m89.084 ms - -[0m
[0mPOST /api/order/list [32m200 [0m89.619 ms - 4323[0m
[0mGET /api/order/notifications [36m304 [0m59.578 ms - -[0m
[0mGET /api/seller/all-product-list?limit=20&page=1 [36m304 [0m179.429 ms - -[0m
[0mOPTIONS /api/order/notifications [32m204 [0m4.270 ms - 0[0m
[0mOPTIONS /api/order/list [32m204 [0m3.430 ms - 0[0m
[0mOPTIONS /api/order/count [32m204 [0m2.161 ms - 0[0m
[0mOPTIONS /api/seller/all-product-list?limit=20&page=1 [32m204 [0m1.166 ms - 0[0m
[0mGET /api/order/count [36m304 [0m76.350 ms - -[0m
[0mPOST /api/order/list [32m200 [0m142.880 ms - 4323[0m
[0mGET /api/order/notifications [36m304 [0m123.907 ms - -[0m
[0mGET /api/seller/all-product-list?limit=20&page=1 [36m304 [0m136.158 ms - -[0m
[0mGET /api/order/notifications [36m304 [0m48.075 ms - -[0m
[0mOPTIONS /api/order/notifications [32m204 [0m5.234 ms - 0[0m
[0mOPTIONS /api/seller/all-product-list?limit=20&page=1 [32m204 [0m1.938 ms - 0[0m
[0mGET /api/order/notifications [36m304 [0m55.997 ms - -[0m
[0mOPTIONS /api/order/list [32m204 [0m1.026 ms - 0[0m
[0mOPTIONS /api/order/count [32m204 [0m0.452 ms - 0[0m
[0mGET /api/seller/all-product-list?limit=20&page=1 [36m304 [0m86.846 ms - -[0m
[0mGET /api/order/notifications [36m304 [0m25.036 ms - -[0m
[0mGET /api/order/count [36m304 [0m19.586 ms - -[0m
[0mPOST /api/order/list [32m200 [0m41.969 ms - 4323[0m
[0mOPTIONS /api/order/notifications [32m204 [0m1.765 ms - 0[0m
[0mOPTIONS /api/order/list [32m204 [0m1.001 ms - 0[0m
[0mOPTIONS /api/order/count [32m204 [0m0.573 ms - 0[0m
[0mOPTIONS /api/seller/all-product-list?limit=20&page=1 [32m204 [0m10.124 ms - 0[0m
[0mGET /api/order/count [36m304 [0m54.734 ms - -[0m
[0mGET /api/order/notifications [36m304 [0m114.017 ms - -[0m
[0mPOST /api/order/list [32m200 [0m121.344 ms - 4323[0m
[0mGET /api/seller/all-product-list?limit=20&page=1 [36m304 [0m111.565 ms - -[0m
[0mGET /api/order/notifications [36m304 [0m48.808 ms - -[0m
[0mOPTIONS /api/order/notifications [32m204 [0m2.310 ms - 0[0m
[0mOPTIONS /api/seller/all-product-list?limit=20&page=1 [32m204 [0m0.647 ms - 0[0m
[0mOPTIONS /api/order/notifications [32m204 [0m0.929 ms - 0[0m
[0mOPTIONS /api/order/list [32m204 [0m4.062 ms - 0[0m
[0mOPTIONS /api/order/count [32m204 [0m3.936 ms - 0[0m
[0mGET /api/order/count [36m304 [0m17.511 ms - -[0m
[0mGET /api/order/notifications [36m304 [0m67.398 ms - -[0m
[0mPOST /api/order/list [32m200 [0m64.489 ms - 4323[0m
[0mGET /api/seller/all-product-list?limit=20&page=1 [36m304 [0m98.429 ms - -[0m
[0mGET /api/order/notifications [36m304 [0m50.887 ms - -[0m
[0mOPTIONS /api/order/notifications [32m204 [0m2.264 ms - 0[0m
[0mOPTIONS /api/order/list [32m204 [0m1.076 ms - 0[0m
[0mOPTIONS /api/order/count [32m204 [0m0.503 ms - 0[0m
[0mOPTIONS /api/seller/all-product-list?limit=20&page=1 [32m204 [0m0.447 ms - 0[0m
[0mGET /api/order/count [36m304 [0m64.328 ms - -[0m
[0mPOST /api/order/list [32m200 [0m111.922 ms - 4323[0m
[0mGET /api/order/notifications [36m304 [0m133.649 ms - -[0m
[0mGET /api/order/notifications [36m304 [0m17.404 ms - -[0m
[0mGET /api/seller/all-product-list?limit=20&page=1 [36m304 [0m126.036 ms - -[0m
[0mOPTIONS /api/order/notifications [32m204 [0m1.626 ms - 0[0m
[0mOPTIONS /api/order/list [32m204 [0m5.612 ms - 0[0m
[0mOPTIONS /api/order/count [32m204 [0m0.856 ms - 0[0m
[0mOPTIONS /api/seller/all-product-list?limit=20&page=1 [32m204 [0m0.620 ms - 0[0m
[0mGET /api/order/count [36m304 [0m34.444 ms - -[0m
[0mPOST /api/order/list [32m200 [0m90.300 ms - 4323[0m
[0mGET /api/order/notifications [36m304 [0m89.985 ms - -[0m
[0mGET /api/order/notifications [36m304 [0m36.435 ms - -[0m
[0mGET /api/seller/all-product-list?limit=20&page=1 [36m304 [0m105.096 ms - -[0m
[0mOPTIONS /api/order/notifications [32m204 [0m2.962 ms - 0[0m
[0mOPTIONS /api/order/list [32m204 [0m1.806 ms - 0[0m
[0mOPTIONS /api/order/count [32m204 [0m1.552 ms - 0[0m
[0mOPTIONS /api/order/notifications [32m204 [0m0.415 ms - 0[0m
[0mOPTIONS /api/seller/all-product-list?limit=20&page=1 [32m204 [0m0.722 ms - 0[0m
[0mGET /api/order/count [36m304 [0m65.352 ms - -[0m
[0mPOST /api/order/list [32m200 [0m101.293 ms - 4323[0m
[0mGET /api/order/notifications [36m304 [0m97.393 ms - -[0m
[0mGET /api/order/notifications [36m304 [0m27.026 ms - -[0m
[0mGET /api/seller/all-product-list?limit=20&page=1 [36m304 [0m129.748 ms - -[0m
[0mOPTIONS /api/order/notifications [32m204 [0m1.586 ms - 0[0m
[0mOPTIONS /api/order/list [32m204 [0m0.714 ms - 0[0m
[0mOPTIONS /api/order/count [32m204 [0m0.517 ms - 0[0m
[0mOPTIONS /api/seller/all-product-list?limit=20&page=1 [32m204 [0m1.158 ms - 0[0m
[0mGET /api/order/count [36m304 [0m64.785 ms - -[0m
[0mGET /api/order/notifications [36m304 [0m112.812 ms - -[0m
[0mPOST /api/order/list [32m200 [0m133.051 ms - 4323[0m
[0mGET /api/seller/all-product-list?limit=20&page=1 [36m304 [0m130.657 ms - -[0m
[0mGET /api/order/notifications [36m304 [0m48.415 ms - -[0m
[0mOPTIONS /api/order/notifications [32m204 [0m1.720 ms - 0[0m
[0mOPTIONS /api/order/list [32m204 [0m2.696 ms - 0[0m
[0mOPTIONS /api/order/count [32m204 [0m1.910 ms - 0[0m
[0mOPTIONS /api/seller/all-product-list?limit=20&page=1 [32m204 [0m1.161 ms - 0[0m
[0mGET /api/order/count [36m304 [0m17.641 ms - -[0m
[0mGET /api/order/notifications [36m304 [0m104.395 ms - -[0m
[0mPOST /api/order/list [32m200 [0m87.342 ms - 4323[0m
[0mGET /api/order/notifications [36m304 [0m20.120 ms - -[0m
[0mGET /api/seller/all-product-list?limit=20&page=1 [36m304 [0m108.811 ms - -[0m
[0mOPTIONS /api/order/notifications [32m204 [0m1.602 ms - 0[0m
[0mOPTIONS /api/order/list [32m204 [0m0.340 ms - 0[0m
[0mOPTIONS /api/order/count [32m204 [0m4.024 ms - 0[0m
[0mOPTIONS /api/seller/all-product-list?limit=20&page=1 [32m204 [0m19.878 ms - 0[0m
[0mGET /api/order/count [36m304 [0m150.521 ms - -[0m
[0mPOST /api/order/list [32m200 [0m216.474 ms - 4323[0m
[0mGET /api/order/notifications [36m304 [0m207.270 ms - -[0m
[0mGET /api/order/notifications [36m304 [0m23.113 ms - -[0m
[0mGET /api/seller/all-product-list?limit=20&page=1 [36m304 [0m169.213 ms - -[0m
[0mOPTIONS /api/order/notifications [32m204 [0m7.943 ms - 0[0m
[0mOPTIONS /api/seller/all-product-list?limit=20&page=1 [32m204 [0m6.522 ms - 0[0m
[0mGET /api/order/notifications [36m304 [0m47.593 ms - -[0m
[0mOPTIONS /api/order/list [32m204 [0m3.421 ms - 0[0m
[0mOPTIONS /api/order/count [32m204 [0m3.216 ms - 0[0m
[0mGET /api/seller/all-product-list?limit=20&page=1 [36m304 [0m105.041 ms - -[0m
[0mGET /api/order/count [36m304 [0m7.917 ms - -[0m
[0mGET /api/order/notifications [36m304 [0m36.358 ms - -[0m
[0mPOST /api/order/list [32m200 [0m32.282 ms - 4323[0m
[0mOPTIONS /api/order/notifications [32m204 [0m10.311 ms - 0[0m
[0mOPTIONS /api/order/list [32m204 [0m7.198 ms - 0[0m
[0mOPTIONS /api/order/count [32m204 [0m1.693 ms - 0[0m
[0mOPTIONS /api/seller/all-product-list?limit=20&page=1 [32m204 [0m0.892 ms - 0[0m
[0mGET /api/order/count [36m304 [0m27.994 ms - -[0m
[0mGET /api/order/notifications [36m304 [0m92.527 ms - -[0m
[0mPOST /api/order/list [32m200 [0m99.969 ms - 4323[0m
[0mGET /api/order/notifications [36m304 [0m27.349 ms - -[0m
[0mGET /api/seller/all-product-list?limit=20&page=1 [36m304 [0m96.018 ms - -[0m
[0mOPTIONS /api/order/notifications [32m204 [0m3.693 ms - 0[0m
[0mOPTIONS /api/order/list [32m204 [0m2.139 ms - 0[0m
[0mOPTIONS /api/order/count [32m204 [0m15.963 ms - 0[0m
[0mOPTIONS /api/seller/all-product-list?limit=20&page=1 [32m204 [0m24.551 ms - 0[0m
[0mGET /api/order/count [36m304 [0m57.115 ms - -[0m
[0mPOST /api/order/list [32m200 [0m87.393 ms - 4323[0m
[0mGET /api/order/notifications [36m304 [0m108.462 ms - -[0m
[0mGET /api/order/notifications [36m304 [0m21.058 ms - -[0m
[0mGET /api/seller/all-product-list?limit=20&page=1 [36m304 [0m95.048 ms - -[0m
[0mOPTIONS /api/order/notifications [32m204 [0m2.424 ms - 0[0m
[0mOPTIONS /api/seller/all-product-list?limit=20&page=1 [32m204 [0m2.199 ms - 0[0m
[0mGET /api/order/notifications [36m304 [0m41.396 ms - -[0m
[0mGET /api/seller/all-product-list?limit=20&page=1 [36m304 [0m82.670 ms - -[0m
[0mOPTIONS /api/order/list [32m204 [0m0.645 ms - 0[0m
[0mOPTIONS /api/order/count [32m204 [0m0.848 ms - 0[0m
[0mGET /api/order/count [36m304 [0m13.754 ms - -[0m
[0mGET /api/order/notifications [36m304 [0m21.849 ms - -[0m
[0mPOST /api/order/list [32m200 [0m28.247 ms - 4323[0m
[0mOPTIONS /api/order/list [32m204 [0m3.398 ms - 0[0m
[0mPOST /api/order/list [32m200 [0m38.323 ms - 4323[0m
[0mPOST /api/order/list [32m200 [0m37.053 ms - 4323[0m
[0mPOST /api/order/list [32m200 [0m27.046 ms - 4323[0m
[0mPOST /api/order/list [32m200 [0m29.358 ms - 4323[0m
[0mOPTIONS /api/order/list [32m204 [0m6.662 ms - 0[0m
[0mPOST /api/order/list [32m200 [0m47.967 ms - 4323[0m
[0mPOST /api/order/list [32m200 [0m33.477 ms - 4323[0m
[0mPOST /api/order/list [32m200 [0m23.882 ms - 4323[0m
[0mPOST /api/order/list [31m500 [0m2.596 ms - 34[0m
[0mOPTIONS /api/order/notifications [32m204 [0m0.797 ms - 0[0m
[0mOPTIONS /api/order/count [32m204 [0m0.924 ms - 0[0m
[0mGET /api/order/count [36m304 [0m17.690 ms - -[0m
[0mPOST /api/order/list [32m200 [0m40.563 ms - 4323[0m
[0mGET /api/order/notifications [36m304 [0m42.841 ms - -[0m
[0mOPTIONS /api/order/list [32m204 [0m1.853 ms - 0[0m
[0mPOST /api/order/list [32m200 [0m38.442 ms - 4323[0m
[0mPOST /api/order/list [32m200 [0m20.225 ms - 4323[0m
[0mPOST /api/order/list [32m200 [0m27.669 ms - 4323[0m
[0mPOST /api/order/list [32m200 [0m25.719 ms - 4323[0m
[0mOPTIONS /api/order/list [32m204 [0m6.087 ms - 0[0m
[0mPOST /api/order/list [31m500 [0m8.396 ms - 34[0m
[0mOPTIONS /api/order/notifications [32m204 [0m1.767 ms - 0[0m
[0mOPTIONS /api/order/count [32m204 [0m8.628 ms - 0[0m
[0mGET /api/order/count [36m304 [0m42.717 ms - -[0m
[0mPOST /api/order/list [32m200 [0m92.983 ms - 4323[0m
[0mGET /api/order/notifications [36m304 [0m76.024 ms - -[0m
[0mOPTIONS /api/order/list [32m204 [0m2.027 ms - 0[0m
[0mOPTIONS /api/order/notifications [32m204 [0m5.893 ms - 0[0m
[0mOPTIONS /api/seller/all-product-list?limit=20&page=1 [32m204 [0m5.138 ms - 0[0m
[0mGET /api/order/notifications [36m304 [0m75.443 ms - -[0m
[0mOPTIONS /api/order/list [32m204 [0m8.981 ms - 0[0m
[0mOPTIONS /api/order/count [32m204 [0m8.376 ms - 0[0m
[0mGET /api/seller/all-product-list?limit=20&page=1 [36m304 [0m125.222 ms - -[0m
[0mGET /api/order/count [36m304 [0m24.288 ms - -[0m
[0mPOST /api/order/list [32m200 [0m59.723 ms - 4323[0m
[0mGET /api/order/notifications [36m304 [0m79.510 ms - -[0m
[0mOPTIONS /api/order/list [32m204 [0m2.068 ms - 0[0m
[0mPOST /api/order/list [32m200 [0m32.076 ms - 385[0m
[0mOPTIONS /api/order/notifications [32m204 [0m1.129 ms - 0[0m
[0mOPTIONS /api/order/list [32m204 [0m0.571 ms - 0[0m
[0mOPTIONS /api/order/count [32m204 [0m0.346 ms - 0[0m
[0mGET /api/order/count [36m304 [0m9.827 ms - -[0m
[0mGET /api/order/notifications [36m304 [0m33.815 ms - -[0m
[0mPOST /api/order/list [32m200 [0m37.907 ms - 4323[0m
[0mOPTIONS /api/order/notifications [32m204 [0m6.388 ms - 0[0m
[0mOPTIONS /api/seller/all-product-list?limit=20&page=1 [32m204 [0m3.283 ms - 0[0m
[0mGET /api/order/notifications [36m304 [0m67.833 ms - -[0m
[0mGET /api/seller/all-product-list?limit=20&page=1 [36m304 [0m139.585 ms - -[0m
[0mOPTIONS /api/order/notifications [32m204 [0m2.635 ms - 0[0m
[0mOPTIONS /api/seller/all-product-list?limit=20&page=1 [32m204 [0m5.049 ms - 0[0m
[0mGET /api/order/notifications [36m304 [0m45.699 ms - -[0m
[0mGET /api/seller/all-product-list?limit=20&page=1 [36m304 [0m95.392 ms - -[0m
[0mOPTIONS /api/order/notifications [32m204 [0m1.726 ms - 0[0m
[0mOPTIONS /api/seller/all-product-list?limit=20&page=1 [32m204 [0m0.689 ms - 0[0m
[0mOPTIONS /api/order/notifications [32m204 [0m0.603 ms - 0[0m
[0mGET /api/order/notifications [36m304 [0m90.733 ms - -[0m
[0mGET /api/order/notifications [36m304 [0m20.773 ms - -[0m
[0mGET /api/seller/all-product-list?limit=20&page=1 [36m304 [0m134.120 ms - -[0m
[0mOPTIONS /api/order/notifications [32m204 [0m2.269 ms - 0[0m
[0mOPTIONS /api/seller/all-product-list?limit=20&page=1 [32m204 [0m1.780 ms - 0[0m
[0mGET /api/order/notifications [36m304 [0m96.424 ms - -[0m
[0mGET /api/order/notifications [36m304 [0m53.365 ms - -[0m
[0mGET /api/seller/all-product-list?limit=20&page=1 [36m304 [0m147.278 ms - -[0m
[0mOPTIONS /api/order/notifications [32m204 [0m6.798 ms - 0[0m
[0mOPTIONS /api/seller/all-product-list?limit=20&page=1 [32m204 [0m1.732 ms - 0[0m
[0mOPTIONS /api/order/notifications [32m204 [0m0.523 ms - 0[0m
[0mGET /api/order/notifications [36m304 [0m118.806 ms - -[0m
[0mGET /api/seller/all-product-list?limit=20&page=1 [36m304 [0m128.238 ms - -[0m
[0mGET /api/order/notifications [36m304 [0m39.398 ms - -[0m
[0mOPTIONS /api/order/notifications [32m204 [0m3.314 ms - 0[0m
[0mOPTIONS /api/seller/all-product-list?limit=20&page=1 [32m204 [0m2.099 ms - 0[0m
[0mGET /api/order/notifications [36m304 [0m47.362 ms - -[0m
[0mGET /api/seller/all-product-list?limit=20&page=1 [36m304 [0m103.958 ms - -[0m
[0mOPTIONS /api/order/notifications [32m204 [0m1.519 ms - 0[0m
[0mOPTIONS /api/seller/all-product-list?limit=20&page=1 [32m204 [0m0.611 ms - 0[0m
[0mGET /api/order/notifications [36m304 [0m76.932 ms - -[0m
[0mGET /api/order/notifications [36m304 [0m51.112 ms - -[0m
[0mGET /api/seller/all-product-list?limit=20&page=1 [36m304 [0m113.543 ms - -[0m
[0mOPTIONS /api/order/list [32m204 [0m7.160 ms - 0[0m
[0mOPTIONS /api/order/count [32m204 [0m6.746 ms - 0[0m
[0mGET /api/order/count [36m304 [0m28.017 ms - -[0m
[0mPOST /api/order/list [0m- [0m- ms - -[0m
[0mOPTIONS /api/auth/rootLogin [32m204 [0m2.302 ms - 0[0m
[0mPOST /api/auth/rootLogin [32m200 [0m302.731 ms - 211[0m
[0mOPTIONS /api/order/notifications [32m204 [0m1.359 ms - 0[0m
[0mOPTIONS /api/order/list [32m204 [0m1.518 ms - 0[0m
[0mOPTIONS /api/order/count [32m204 [0m1.012 ms - 0[0m
[0mGET /api/order/count [36m304 [0m17.306 ms - -[0m
[0mGET /api/order/notifications [36m304 [0m45.125 ms - -[0m
[0mOPTIONS /api/order/notifications [32m204 [0m6.753 ms - 0[0m
[0mOPTIONS /api/order/list [32m204 [0m4.934 ms - 0[0m
[0mOPTIONS /api/order/count [32m204 [0m4.441 ms - 0[0m
[0mGET /api/order/count [32m200 [0m44.176 ms - 196[0m
[0mGET /api/order/notifications [32m200 [0m112.747 ms - 120[0m
[0mPOST /api/order/list [32m200 [0m100.613 ms - 4989[0m
[0mOPTIONS /api/order/notifications [32m204 [0m7.411 ms - 0[0m
[0mOPTIONS /api/order/list [32m204 [0m7.031 ms - 0[0m
[0mOPTIONS /api/order/count [32m204 [0m6.118 ms - 0[0m
[0mGET /api/order/count [32m200 [0m38.496 ms - 196[0m
[0mPOST /api/order/list [32m200 [0m76.697 ms - 4989[0m
[0mGET /api/order/notifications [32m200 [0m102.577 ms - 120[0m
[0mOPTIONS /api/order/notifications [32m204 [0m8.696 ms - 0[0m
[0mOPTIONS /api/order/list [32m204 [0m9.463 ms - 0[0m
[0mOPTIONS /api/order/count [32m204 [0m17.716 ms - 0[0m
[0mGET /api/order/count [32m200 [0m53.121 ms - 196[0m
[0mGET /api/order/notifications [32m200 [0m131.911 ms - 120[0m
[0mPOST /api/order/list [32m200 [0m110.151 ms - 4989[0m
[0mOPTIONS /api/order/notifications [32m204 [0m19.454 ms - 0[0m
[0mOPTIONS /api/order/list [32m204 [0m15.906 ms - 0[0m
[0mOPTIONS /api/order/count [32m204 [0m4.346 ms - 0[0m
[0mGET /api/order/count [32m200 [0m52.658 ms - 196[0m
[0mPOST /api/order/list [32m200 [0m103.154 ms - 5978[0m
[0mGET /api/order/notifications [32m200 [0m118.273 ms - 120[0m
[0mOPTIONS /api/order/notifications [32m204 [0m21.279 ms - 0[0m
[0mOPTIONS /api/order/list [32m204 [0m10.212 ms - 0[0m
[0mOPTIONS /api/order/count [32m204 [0m9.036 ms - 0[0m
[0mGET /api/order/count [32m200 [0m53.524 ms - 196[0m
[0mPOST /api/order/list [32m200 [0m94.915 ms - 7149[0m
[0mGET /api/order/notifications [32m200 [0m113.826 ms - 120[0m
[0mOPTIONS /api/order/notifications [32m204 [0m5.800 ms - 0[0m
[0mOPTIONS /api/order/list [32m204 [0m3.847 ms - 0[0m
[0mOPTIONS /api/order/count [32m204 [0m1.751 ms - 0[0m
[0mGET /api/order/count [32m200 [0m39.410 ms - 196[0m
[0mPOST /api/order/list [32m200 [0m100.286 ms - 5978[0m
[0mGET /api/order/notifications [32m200 [0m93.228 ms - 120[0m
[0mOPTIONS /api/order/notifications [32m204 [0m20.708 ms - 0[0m
[0mOPTIONS /api/order/list [32m204 [0m10.691 ms - 0[0m
[0mOPTIONS /api/order/count [32m204 [0m7.656 ms - 0[0m
[0mGET /api/order/count [32m200 [0m53.805 ms - 196[0m
[0mPOST /api/order/list [32m200 [0m106.257 ms - 7243[0m
[0mGET /api/order/notifications [32m200 [0m132.094 ms - 120[0m
[0mOPTIONS /api/order/list [32m204 [0m3.928 ms - 0[0m
[0mPOST /api/order/list [32m200 [0m31.756 ms - 773[0m
[0mOPTIONS /api/order/notifications [32m204 [0m5.743 ms - 0[0m
[0mOPTIONS /api/order/list [32m204 [0m4.643 ms - 0[0m
[0mOPTIONS /api/order/count [32m204 [0m4.028 ms - 0[0m
[0mGET /api/order/count [36m304 [0m63.910 ms - -[0m
[0mPOST /api/order/list [32m200 [0m115.797 ms - 7438[0m
[0mGET /api/order/notifications [36m304 [0m126.776 ms - -[0m
[0mOPTIONS /api/order/notifications [32m204 [0m3.083 ms - 0[0m
[0mOPTIONS /api/order/list [32m204 [0m1.799 ms - 0[0m
[0mOPTIONS /api/order/count [32m204 [0m1.114 ms - 0[0m
[0mPOST /api/order/list [32m200 [0m41.701 ms - 7438[0m
[0mPOST /api/order/list [32m200 [0m17.451 ms - 807[0m
[0mOPTIONS /api/order/notifications [32m204 [0m1.815 ms - 0[0m
[0mGET /api/order/notifications [36m304 [0m36.410 ms - -[0m
[0mOPTIONS /api/order/notifications [32m204 [0m1.689 ms - 0[0m
[0mGET /api/order/notifications [36m304 [0m35.013 ms - -[0m
[0mOPTIONS /api/order/notifications [32m204 [0m2.360 ms - 0[0m
[0mGET /api/order/notifications [36m304 [0m48.470 ms - -[0m
[0mOPTIONS /api/order/notifications [32m204 [0m1.186 ms - 0[0m
[0mGET /api/order/notifications [32m200 [0m29.991 ms - 120[0m
[0mOPTIONS /api/order/notifications [32m204 [0m0.914 ms - 0[0m
[0mGET /api/order/notifications [32m200 [0m22.789 ms - 120[0m
[0mOPTIONS /api/order/list [32m204 [0m8.222 ms - 0[0m
[0mOPTIONS /api/order/count [32m204 [0m1.074 ms - 0[0m
[0mGET /api/order/count [36m304 [0m20.270 ms - -[0m
[0mPOST /api/order/list [32m200 [0m39.879 ms - 7438[0m
[0mOPTIONS /api/order/notifications [32m204 [0m1.017 ms - 0[0m
[0mOPTIONS /api/order/list [32m204 [0m0.897 ms - 0[0m
[0mOPTIONS /api/order/count [32m204 [0m0.765 ms - 0[0m
[0mGET /api/order/count [36m304 [0m8.211 ms - -[0m
[0mPOST /api/order/list [32m200 [0m22.628 ms - 7438[0m
[0mGET /api/order/notifications [36m304 [0m22.915 ms - -[0m
[0mOPTIONS /api/order/notifications [32m204 [0m1.405 ms - 0[0m
[0mGET /api/order/notifications [36m304 [0m49.312 ms - -[0m
