[0mOPTIONS /api/auth/rootLogin [32m204 [0m17.660 ms - 0[0m
[0mPOST /api/auth/rootLogin [31m500 [0m208.553 ms - 34[0m
[0mOPTIONS /api/auth/rootLogin [32m204 [0m6.303 ms - 0[0m
[0mPOST /api/auth/rootLogin [32m200 [0m331.278 ms - 211[0m
[0mOPTIONS /api/order/notifications [32m204 [0m1.597 ms - 0[0m
[0mOPTIONS /api/order/list [32m204 [0m1.683 ms - 0[0m
[0mOPTIONS /api/order/count [32m204 [0m0.986 ms - 0[0m
[0mGET /api/order/count [36m304 [0m39.216 ms - -[0m
[0mGET /api/order/notifications [36m304 [0m78.141 ms - -[0m
[0mGET /api/order/list [32m200 [0m184.555 ms - 192273[0m
[0mOPTIONS /api/category/list [32m204 [0m3.203 ms - 0[0m
[0mGET /api/category/list [32m200 [0m95.087 ms - 111898[0m
[0mGET /api/order/notifications [36m304 [0m112.657 ms - -[0m
[0mOPTIONS /api/order/notifications [32m204 [0m2.694 ms - 0[0m
[0mOPTIONS /api/category/list [32m204 [0m1.432 ms - 0[0m
[0mGET /api/category/list [36m304 [0m99.525 ms - -[0m
[0mGET /api/order/notifications [36m304 [0m112.551 ms - -[0m
[0mOPTIONS /api/order/notifications [32m204 [0m1.503 ms - 0[0m
[0mOPTIONS /api/category/admin/main-list [32m204 [0m4.125 ms - 0[0m
[0mOPTIONS /api/category/list [32m204 [0m1.576 ms - 0[0m
[0mGET /api/category/list [36m304 [0m43.530 ms - -[0m
[0mGET /api/order/notifications [36m304 [0m60.423 ms - -[0m
[0mGET /api/category/admin/main-list [32m200 [0m53.649 ms - 13142[0m
[0mOPTIONS /api/order/notifications [32m204 [0m2.502 ms - 0[0m
[0mOPTIONS /api/category/admin/main-list [32m204 [0m0.994 ms - 0[0m
[0mOPTIONS /api/category/sub-list [32m204 [0m2.014 ms - 0[0m
[0mGET /api/category/sub-list [32m200 [0m37.459 ms - 40460[0m
[0mGET /api/category/admin/main-list [36m304 [0m53.273 ms - -[0m
[0mGET /api/order/notifications [36m304 [0m67.935 ms - -[0m
[0mOPTIONS /api/order/notifications [32m204 [0m1.305 ms - 0[0m
[0mOPTIONS /api/category/admin/main-list [32m204 [0m0.526 ms - 0[0m
[0mOPTIONS /api/category/super-list [32m204 [0m2.070 ms - 0[0m
[0mGET /api/category/admin/main-list [36m304 [0m22.491 ms - -[0m
[0mGET /api/category/super-list [32m200 [0m20.045 ms - 2545[0m
[0mGET /api/order/notifications [36m304 [0m34.552 ms - -[0m
[0mOPTIONS /api/order/notifications [32m204 [0m1.636 ms - 0[0m
[0mOPTIONS /api/category/admin/main-list [32m204 [0m0.876 ms - 0[0m
[0mOPTIONS /api/category/super-list [32m204 [0m0.534 ms - 0[0m
[0mGET /api/category/super-list [36m304 [0m33.066 ms - -[0m
[0mGET /api/category/admin/main-list [36m304 [0m34.687 ms - -[0m
[0mGET /api/order/notifications [36m304 [0m44.898 ms - -[0m
[0mOPTIONS /api/order/notifications [32m204 [0m1.378 ms - 0[0m
[0mOPTIONS /api/category/admin/main-list [32m204 [0m1.606 ms - 0[0m
[0mOPTIONS /api/category/super-list [32m204 [0m0.575 ms - 0[0m
[0mGET /api/category/super-list [36m304 [0m23.330 ms - -[0m
[0mGET /api/category/admin/main-list [36m304 [0m27.765 ms - -[0m
[0mGET /api/order/notifications [36m304 [0m39.542 ms - -[0m
[0mOPTIONS /api/order/notifications [32m204 [0m0.843 ms - 0[0m
[0mOPTIONS /api/category/admin/main-list [32m204 [0m0.484 ms - 0[0m
[0mOPTIONS /api/category/sub-list [32m204 [0m0.478 ms - 0[0m
[0mOPTIONS /api/order/notifications [32m204 [0m1.244 ms - 0[0m
[0mOPTIONS /api/category/list [32m204 [0m0.902 ms - 0[0m
[0mGET /api/category/list [36m304 [0m54.572 ms - -[0m
[0mGET /api/order/notifications [36m304 [0m59.020 ms - -[0m
[0mOPTIONS /api/order/notifications [32m204 [0m2.544 ms - 0[0m
[0mOPTIONS /api/category/admin/main-list [32m204 [0m1.445 ms - 0[0m
[0mOPTIONS /api/category/super-list [32m204 [0m0.615 ms - 0[0m
[0mGET /api/category/admin/main-list [36m304 [0m29.712 ms - -[0m
[0mGET /api/category/super-list [36m304 [0m30.980 ms - -[0m
[0mGET /api/order/notifications [36m304 [0m43.959 ms - -[0m
[0mOPTIONS /api/order/notifications [32m204 [0m1.290 ms - 0[0m
[0mOPTIONS /api/category/admin/main-list [32m204 [0m0.910 ms - 0[0m
[0mGET /api/category/admin/main-list [36m304 [0m16.418 ms - -[0m
[0mGET /api/order/notifications [36m304 [0m24.030 ms - -[0m
[0mOPTIONS /api/category/sub-list [32m204 [0m1.084 ms - 0[0m
[0mGET /api/category/admin/main-list [36m304 [0m32.073 ms - -[0m
[0mGET /api/order/notifications [36m304 [0m38.410 ms - -[0m
[0mGET /api/category/sub-list [36m304 [0m30.251 ms - -[0m
[0mOPTIONS /api/order/notifications [32m204 [0m0.735 ms - 0[0m
[0mOPTIONS /api/category/admin/main-list [32m204 [0m2.902 ms - 0[0m
[0mOPTIONS /api/category/list [32m204 [0m0.931 ms - 0[0m
[0mGET /api/category/list [36m304 [0m49.365 ms - -[0m
[0mGET /api/category/admin/main-list [36m304 [0m56.585 ms - -[0m
[0mGET /api/order/notifications [36m304 [0m59.369 ms - -[0m
[0mOPTIONS /api/website/category/list [32m204 [0m4.870 ms - 0[0m
[0mGET /api/website/category/list [36m304 [0m120.624 ms - -[0m
[0mOPTIONS /api/website/product/new-arrival [32m204 [0m1.311 ms - 0[0m
[0mGET /api/website/product/new-arrival [32m200 [0m348.951 ms - 1036837[0m
[0mOPTIONS /api/website/category/list [32m204 [0m3.811 ms - 0[0m
[0mOPTIONS /api/website/category/getAllProduct [32m204 [0m1.074 ms - 0[0m
[0mOPTIONS /api/website/product/brand-category-list [32m204 [0m0.849 ms - 0[0m
[0mGET /api/website/category/list [36m304 [0m76.035 ms - -[0m
[0mPOST /api/website/product/brand-category-list [32m200 [0m91.400 ms - 260[0m
[0mPOST /api/website/category/getAllProduct [32m200 [0m121.238 ms - 39[0m
[0mGET /api/website/category/list [36m304 [0m54.015 ms - -[0m
[0mPOST /api/website/product/brand-category-list [32m200 [0m81.445 ms - 170[0m
[0mPOST /api/website/category/getAllProduct [32m200 [0m175.366 ms - 39[0m
[0mOPTIONS /api/website/category/list [32m204 [0m7.715 ms - 0[0m
[0mOPTIONS /api/website/category/getAllProduct [32m204 [0m2.542 ms - 0[0m
[0mOPTIONS /api/website/product/brand-category-list [32m204 [0m1.231 ms - 0[0m
[0mGET /api/website/category/list [36m304 [0m58.698 ms - -[0m
[0mPOST /api/website/product/brand-category-list [32m200 [0m54.265 ms - 79[0m
[0mPOST /api/website/category/getAllProduct [0m- [0m- ms - -[0m
[0mGET /api/website/category/list [36m304 [0m35.097 ms - -[0m
[0mPOST /api/website/product/brand-category-list [32m200 [0m41.101 ms - 79[0m
[0mPOST /api/website/category/getAllProduct [0m- [0m- ms - -[0m
[0mOPTIONS /api/website/category/list [32m204 [0m1.631 ms - 0[0m
[0mOPTIONS /api/website/category/getAllProduct [32m204 [0m0.919 ms - 0[0m
[0mOPTIONS /api/website/product/brand-category-list [32m204 [0m0.815 ms - 0[0m
[0mGET /api/website/category/list [36m304 [0m52.716 ms - -[0m
[0mPOST /api/website/product/brand-category-list [32m200 [0m47.130 ms - 245[0m
[0mPOST /api/website/category/getAllProduct [32m200 [0m93.187 ms - 39[0m
[0mOPTIONS /api/website/category/list [32m204 [0m13.942 ms - 0[0m
[0mOPTIONS /api/website/category/getAllProduct [32m204 [0m7.029 ms - 0[0m
[0mOPTIONS /api/website/product/brand-category-list [32m204 [0m1.477 ms - 0[0m
[0mGET /api/website/category/list [36m304 [0m69.739 ms - -[0m
[0mPOST /api/website/product/brand-category-list [32m200 [0m67.105 ms - 360[0m
[0mPOST /api/website/category/getAllProduct [32m200 [0m128.546 ms - 9636[0m
[0mOPTIONS /api/website/category/list [32m204 [0m8.001 ms - 0[0m
[0mOPTIONS /api/website/category/getAllProduct [32m204 [0m1.292 ms - 0[0m
[0mOPTIONS /api/website/product/brand-category-list [32m204 [0m0.840 ms - 0[0m
[0mPOST /api/website/product/brand-category-list [32m200 [0m53.250 ms - 360[0m
[0mPOST /api/website/category/getAllProduct [32m200 [0m93.887 ms - 9636[0m
[0mPOST /api/website/product/detail [32m200 [0m259.999 ms - 2187[0m
[0mPOST /api/product/brand-category-list [33m404 [0m35.654 ms - 28[0m
[0mPOST /api/product/brand-category-list [33m404 [0m21.420 ms - 28[0m
[0mPOST /api/website/product/brand-category-list [32m200 [0m105.527 ms - 3187[0m
[0mGET /api/website/catalog/search?slug=tv-appliances [33m404 [0m14.154 ms - 28[0m
[0mGET /api/website/catalog/search [32m200 [0m357.452 ms - 378148[0m
[0mOPTIONS /api/website/category/list [32m204 [0m13.299 ms - 0[0m
[0mGET /api/website/category/list [36m304 [0m126.223 ms - -[0m
[0mOPTIONS /api/website/product/new-arrival [32m204 [0m0.925 ms - 0[0m
[0mGET /api/website/product/new-arrival [32m200 [0m289.642 ms - 1025667[0m
[0mOPTIONS /api/category/search-by-value [32m204 [0m1.675 ms - 0[0m
[0mPOST /api/category/search-by-value [32m200 [0m299.941 ms - 207539[0m
[0mPOST /api/category/search-by-value [32m200 [0m254.022 ms - 207539[0m
[0mPOST /api/category/search-by-value [32m200 [0m194.385 ms - 207539[0m
[0mPOST /api/category/search-by-value [32m200 [0m254.597 ms - 207539[0m
[0mOPTIONS /api/category/search-by-value [32m204 [0m2.304 ms - 0[0m
[0mPOST /api/category/search-by-value [32m200 [0m223.331 ms - 207539[0m
[0mPOST /api/category/search-by-value [32m200 [0m206.592 ms - 207539[0m
[0mPOST /api/category/search-by-value [32m200 [0m188.616 ms - 207539[0m
[0mPOST /api/category/search-by-value [32m200 [0m209.107 ms - 207539[0m
[0mPOST /api/category/search-by-value [32m200 [0m194.826 ms - 207539[0m
[0mPOST /api/category/search-by-value [32m200 [0m200.231 ms - 207539[0m
[0mPOST /api/category/search-by-value [32m200 [0m202.758 ms - 207539[0m
[0mPOST /api/category/search-by-value [32m200 [0m207.086 ms - 207539[0m
[0mPOST /api/category/search-by-value [32m200 [0m196.868 ms - 207539[0m
[0mOPTIONS /api/category/search-by-value [32m204 [0m0.913 ms - 0[0m
[0mPOST /api/category/search-by-value [32m200 [0m212.693 ms - 207539[0m
[0mOPTIONS /api/website/category/list [32m204 [0m1.791 ms - 0[0m
[0mOPTIONS /api/website/product/gcatalogsearch/result?search=Tv%20%20Appliances [32m204 [0m1.800 ms - 0[0m
[0mOPTIONS /api/website/product/brand-category-list [32m204 [0m1.288 ms - 0[0m
[0mGET /api/website/product/gcatalogsearch/result?search=Tv%20%20Appliances [33m404 [0m2.412 ms - 28[0m
[0mPOST /api/website/product/brand-category-list [33m404 [0m6.552 ms - 28[0m
[0mGET /api/website/category/list [36m304 [0m97.108 ms - -[0m
[0mOPTIONS /api/website/category/list [32m204 [0m14.167 ms - 0[0m
[0mOPTIONS /api/website/product/gcatalogsearch/result?search=Tv%20%20Appliances [32m204 [0m8.650 ms - 0[0m
[0mOPTIONS /api/website/product/brand-category-list [32m204 [0m5.164 ms - 0[0m
[0mPOST /api/website/product/brand-category-list [33m404 [0m6.317 ms - 28[0m
[0mGET /api/website/category/list [32m200 [0m69.653 ms - 23467[0m
[0mGET /api/website/product/gcatalogsearch/result?search=Tv%20%20Appliances [31m500 [0m79.982 ms - 35[0m
[0mOPTIONS /api/website/category/list [32m204 [0m1.912 ms - 0[0m
[0mOPTIONS /api/website/product/gcatalogsearch/result?search=Tv%20%20Appliances [32m204 [0m1.913 ms - 0[0m
[0mOPTIONS /api/website/product/brand-category-list [32m204 [0m1.665 ms - 0[0m
[0mPOST /api/website/product/brand-category-list [33m404 [0m5.025 ms - 28[0m
[0mGET /api/website/category/list [32m200 [0m46.088 ms - 23467[0m
[0mGET /api/website/product/gcatalogsearch/result?search=Tv%20%20Appliances [31m500 [0m37.406 ms - 35[0m
[0mOPTIONS /api/website/category/list [32m204 [0m4.852 ms - 0[0m
[0mOPTIONS /api/website/product/gcatalogsearch/result?search=Tv%20Appliances [32m204 [0m3.054 ms - 0[0m
[0mOPTIONS /api/website/product/brand-category-list [32m204 [0m1.261 ms - 0[0m
[0mPOST /api/website/product/brand-category-list [33m404 [0m3.923 ms - 28[0m
[0mGET /api/website/category/list [36m304 [0m53.836 ms - -[0m
[0mGET /api/website/product/gcatalogsearch/result?search=Tv%20Appliances [31m500 [0m61.506 ms - 35[0m
[0mOPTIONS /api/website/category/list [32m204 [0m11.964 ms - 0[0m
[0mOPTIONS /api/website/product/gcatalogsearch/result?search=Tv%20Appliances [32m204 [0m1.374 ms - 0[0m
[0mOPTIONS /api/website/product/brand-category-list [32m204 [0m7.103 ms - 0[0m
[0mGET /api/website/product/gcatalogsearch/result?search=Tv%20Appliances [33m404 [0m5.829 ms - 28[0m
[0mPOST /api/website/product/brand-category-list [33m404 [0m7.473 ms - 28[0m
[0mGET /api/website/category/list [36m304 [0m76.541 ms - -[0m
[0mGET /api/website/catalog/search [32m200 [0m283.794 ms - 133455[0m
[0mGET /api/website/catalog/search?slug=tv-appliances [32m200 [0m355.296 ms - 133455[0m
[0mGET /api/website/catalog/search?slug=tv-appliances&limit=50 [32m200 [0m285.018 ms - 133455[0m
[0mGET /api/website/catalog/search?limit=20&page=1&sortType=desc&slug=tv-appliances [32m200 [0m361.485 ms - 133455[0m
[0mGET /api/website/catalog/search?limit=20&page=1&sortType=desc&slug=tv-appliances [32m200 [0m303.998 ms - 133455[0m
[0mGET /api/website/catalog/search?limit=20&page=1&sortType=desc&queryString=tv-appliances [31m500 [0m56.382 ms - 35[0m
[0mGET /api/website/catalog/search?limit=20&page=1&sortType=desc&queryString=tv-appliances [31m500 [0m37.035 ms - 35[0m
[0mGET /api/website/catalog/search?limit=20&page=1&sortType=desc&queryString=tv-appliances [31m500 [0m26.215 ms - 35[0m
[0mGET /api/website/catalog/search?limit=20&page=1&sortType=desc&queryString=tv-appliances [31m500 [0m42.458 ms - 35[0m
[0mGET /api/website/catalog/search?limit=20&page=1&sortType=desc&queryString=tv-appliances [31m500 [0m62.185 ms - 35[0m
[0mGET /api/website/catalog/search?limit=20&page=1&sortType=desc&queryString=tv-appliances [32m200 [0m49.354 ms - 62[0m
[0mGET /api/website/catalog/search?limit=20&page=1&sortType=desc&queryString=tv-appliances [32m200 [0m44.357 ms - 62[0m
[0mGET /api/website/catalog/search?limit=20&page=1&sortType=desc&queryString=tv-appliances [32m200 [0m45.062 ms - 62[0m
[0mGET /api/website/catalog/search?limit=20&page=1&sortType=desc&queryString=tv-appliances [32m200 [0m41.015 ms - 62[0m
[0mGET /api/website/catalog/search?limit=20&page=1&sortType=desc&queryString=tv-appliances [32m200 [0m280.488 ms - 70893[0m
[0mGET /api/website/catalog/search?limit=20&page=1&sortType=desc&queryString=tv-appliances [32m200 [0m267.985 ms - 70893[0m
[0mGET /api/website/catalog/search?limit=20&page=1&sortType=desc&queryString=tv-appliances [32m200 [0m287.718 ms - 70893[0m
[0mGET /api/website/catalog/search?limit=20&page=1&sortType=desc&queryString=tv-appliances [32m200 [0m259.764 ms - 70893[0m
[0mGET /api/website/catalog/search?limit=20&page=1&sortType=desc&queryString=tv-appliances [32m200 [0m246.447 ms - 70893[0m
[0mGET /api/website/catalog/search?limit=20&page=1&sortType=desc&queryString=tv-appliances [32m200 [0m300.921 ms - 70893[0m
[0mGET /api/website/catalog/search?limit=20&page=1&sortType=desc&queryString=tv-appliances [32m200 [0m253.226 ms - 70893[0m
[0mGET /api/website/catalog/search?limit=20&page=1&sortType=desc&queryString=tv-appliances [32m200 [0m281.713 ms - 70893[0m
[0mGET /api/website/catalog/search?limit=20&page=1&sortType=desc&queryString=tv-appliances [32m200 [0m291.978 ms - 70893[0m
[0mGET /api/website/catalog/search?limit=20&page=1&sortType=desc&queryString=tv-appliances [31m500 [0m114.729 ms - 34[0m
[0mGET /api/website/catalog/search?limit=20&page=1&sortType=desc&queryString=tv-appliances [32m200 [0m65.605 ms - 50[0m
[0mGET /api/website/catalog/search?limit=20&page=1&sortType=desc&queryString=tv-appliances [32m200 [0m79.035 ms - 51[0m
[0mGET /api/website/catalog/search?limit=20&page=1&sortType=desc&queryString=tv-appliances [32m200 [0m37.091 ms - 51[0m
[0mGET /api/website/catalog/search?limit=20&page=1&sortType=desc&queryString=tv-appliances [32m200 [0m49.251 ms - 26988[0m
[0mGET /api/website/catalog/search?limit=20&page=2&sortType=desc&queryString=tv-appliances [32m200 [0m53.034 ms - 29579[0m
[0mGET /api/website/catalog/search?limit=20&page=1&sortType=desc&queryString=tv-appliances [32m200 [0m46.010 ms - 26988[0m
[0mGET /api/website/catalog/search?limit=20&page=1&sortType=desc&queryString=tv-appliances [31m500 [0m65.641 ms - 34[0m
[0mGET /api/website/catalog/search?limit=20&page=1&sortType=desc&queryString=tv-appliances [32m200 [0m183.107 ms - 3632[0m
[0mGET /api/website/catalog/search?limit=20&page=1&sortType=desc&queryString=tv-appliances [31m500 [0m56.263 ms - 34[0m
[0mGET /api/website/catalog/search?limit=20&page=1&sortType=desc&queryString=tv-appliances [32m200 [0m195.228 ms - 3632[0m
[0mGET /api/website/catalog/search?limit=20&page=1&sortType=desc&queryString=tv-appliances [32m200 [0m250.237 ms - 30016[0m
[0mGET /api/website/catalog/search?limit=20&page=1&sortType=desc&queryString=tv-appliances [32m200 [0m187.083 ms - 50[0m
[0mGET /api/website/catalog/search?limit=20&page=1&sortType=desc&queryString=tv-appliances [32m200 [0m193.304 ms - 3632[0m
[0mGET /api/website/catalog/search?limit=20&page=1&sortType=desc&queryString=tv-appliances [32m200 [0m224.235 ms - 3632[0m
[0mGET /api/website/catalog/search?limit=20&page=1&sortType=desc&queryString=tv-appliances [32m200 [0m189.724 ms - 30016[0m
[0mGET /api/website/catalog/search?limit=20&page=1&sortType=desc&queryString=tv-appliances [32m200 [0m205.365 ms - 30016[0m
[0mGET /api/website/catalog/search?limit=20&page=1&sortType=desc&queryString=tv-appliances [32m200 [0m202.475 ms - 30040[0m
[0mGET /api/website/catalog/search?limit=20&page=1&sortType=desc&queryString=tv-appliances [32m200 [0m212.291 ms - 60[0m
[0mGET /api/website/catalog/search?limit=20&page=1&sortType=desc&queryString=tv-appliances [32m200 [0m177.459 ms - 60[0m
[0mGET /api/website/catalog/search?limit=20&page=1&sortType=desc&queryString=tv-appliances [32m200 [0m177.121 ms - 60[0m
[0mGET /api/website/catalog/search?limit=20&page=1&sortType=desc&queryString=tv-appliances [32m200 [0m193.372 ms - 3656[0m
[0mGET /api/website/catalog/search?limit=50&page=1&sortType=desc&queryString=tv-appliances [32m200 [0m194.040 ms - 9367[0m
[0mGET /api/website/catalog/search?limit=100&page=1&sortType=desc&queryString=tv-appliances [32m200 [0m215.051 ms - 19107[0m
[0mGET /api/website/catalog/search?limit=100&page=2&sortType=desc&queryString=tv-appliances [32m200 [0m147.010 ms - 21826[0m
[0mGET /api/website/catalog/search?limit=5&page=2&sortType=desc&queryString=tv-appliances [32m200 [0m155.609 ms - 990[0m
[0mGET /api/website/catalog/search?limit=5&page=2&sortType=desc&queryString=tv-appliances [32m200 [0m177.519 ms - 990[0m
[0mGET /api/website/catalog/search?limit=5&page=2&sortType=desc&queryString=tv-appliances [32m200 [0m213.257 ms - 990[0m
[0mGET /api/website/catalog/search?limit=50&page=2&sortType=desc&queryString=tv-appliances [32m200 [0m184.011 ms - 9814[0m
[0mGET /api/website/catalog/search?limit=5&page=1&sortType=desc&queryString=tv-appliances [32m200 [0m158.029 ms - 1002[0m
[0mGET /api/website/catalog/search?limit=5&page=2&sortType=desc&queryString=tv-appliances [32m200 [0m172.756 ms - 990[0m
[0mGET /api/website/catalog/search?limit=5&page=2&sortType=desc&queryString=tv-appliances [32m200 [0m176.600 ms - 990[0m
[0mGET /api/website/catalog/search?limit=5&page=2&sortType=desc&queryString=tv-appliances [32m200 [0m134.903 ms - 990[0m
[0mGET /api/website/catalog/search?limit=5&page=2&sortType=desc&queryString=tv-appliances [32m200 [0m230.039 ms - 990[0m
[0mGET /api/website/catalog/search?limit=5&page=2&sortType=desc&queryString=tv-appliances [32m200 [0m149.567 ms - 966[0m
[0mGET /api/website/catalog/search?limit=5&page=3&sortType=desc&queryString=tv-appliances [32m200 [0m127.851 ms - 912[0m
[0mGET /api/website/catalog/search?limit=5&page=1&sortType=desc&queryString=tv-appliances [32m200 [0m159.526 ms - 978[0m
[0mGET /api/website/catalog/search?limit=5&page=2&sortType=desc&queryString=tv-appliances [32m200 [0m157.454 ms - 966[0m
[0mGET /api/website/catalog/search?limit=5&page=3&sortType=desc&queryString=tv-appliances [32m200 [0m140.805 ms - 912[0m
[0mGET /api/website/catalog/search?limit=5&page=4&sortType=desc&queryString=tv-appliances [32m200 [0m131.307 ms - 920[0m
[0mGET /api/website/catalog/search?limit=1&page=4&sortType=desc&queryString=tv-appliances [32m200 [0m120.685 ms - 237[0m
[0mGET /api/website/catalog/search?limit=5&page=1&sortType=desc&queryString=tv-appliances [32m200 [0m145.767 ms - 978[0m
[0mGET /api/website/catalog/search?limit=5&page=2&sortType=desc&queryString=tv-appliances [32m200 [0m145.955 ms - 966[0m
[0mGET /api/website/catalog/search?limit=5&page=2&sortType=desc&queryString=tv-appliances [31m500 [0m197.320 ms - 34[0m
[0mGET /api/website/catalog/search?limit=5&page=2&sortType=desc&queryString=tv-appliances [31m500 [0m209.989 ms - 34[0m
[0mGET /api/website/catalog/search?limit=5&page=2&sortType=desc&queryString=tv-appliances [32m200 [0m183.166 ms - 990[0m
[0mGET /api/website/catalog/search?limit=5&page=2&sortType=desc&queryString=tv-appliances [32m200 [0m147.674 ms - 988[0m
[0mGET /api/website/catalog/search?limit=5&page=6&sortType=desc&queryString=tv-appliances [32m200 [0m156.966 ms - 1120[0m
[0mGET /api/website/catalog/search?limit=5&page=6&sortType=desc&queryString=tv-appliances [32m200 [0m164.805 ms - 1120[0m
[0mGET /api/website/catalog/search?limit=100&page=6&sortType=desc&queryString=tv-appliances [32m200 [0m151.632 ms - 71[0m
[0mGET /api/website/catalog/search?limit=5&page=6&sortType=desc&queryString=tv-appliances [32m200 [0m155.012 ms - 1120[0m
[0mGET /api/website/catalog/search?limit=100&page=1&sortType=desc&queryString=tv-appliances [32m200 [0m226.206 ms - 19105[0m
[0mGET /api/website/catalog/search?limit=100&page=2&sortType=desc&queryString=tv-appliances [32m200 [0m227.855 ms - 21824[0m
[0mGET /api/website/catalog/search?limit=100&page=3&sortType=desc&queryString=tv-appliances [32m200 [0m196.153 ms - 21069[0m
[0mGET /api/website/catalog/search?limit=100&page=3&sortType=desc&queryString=tv-appliances [32m200 [0m252.603 ms - 21069[0m
[0mGET /api/website/catalog/search?limit=5&page=1&sortType=desc&queryString=tv-appliances [32m200 [0m163.334 ms - 1000[0m
[0mGET /api/website/catalog/search?limit=5&page=1&sortType=desc&queryString=tv-appliances [32m200 [0m165.232 ms - 1000[0m
[0mGET /api/website/catalog/search?limit=5&page=1&sortType=desc&queryString=tv-appliances [32m200 [0m168.725 ms - 1000[0m
[0mGET /api/website/catalog/search?limit=5&page=1&sortType=desc&queryString=tv-appliances [32m200 [0m169.278 ms - 1011[0m
[0mGET /api/website/catalog/search?limit=5&page=1&sortType=desc&queryString=tv-appliances [32m200 [0m175.039 ms - 1011[0m
[0mGET /api/website/catalog/search?limit=2&page=1&sortType=desc&queryString=tv-appliances [32m200 [0m147.324 ms - 463[0m
[0mGET /api/website/catalog/search?limit=50&page=1&sortType=desc&queryString=tv-appliances [32m200 [0m228.057 ms - 9375[0m
[0mGET /api/website/catalog/search?limit=50&page=1&sortType=desc&queryString=tv-appliances [32m200 [0m230.359 ms - 10225[0m
[0mGET /api/website/catalog/search?limit=50&page=1&sortType=desc&queryString=tv-appliances [32m200 [0m213.275 ms - 79755[0m
[0mGET /api/website/catalog/search?limit=50&page=1&sortType=desc&queryString=tv-appliances [0m- [0m- ms - -[0m
[0mGET /api/website/catalog/search?limit=50&page=1&sortType=desc&queryString=tv-appliances [32m200 [0m182.599 ms - 79756[0m
[0mGET /api/website/catalog/search?limit=50&page=1&sortType=desc&queryString=baltra [32m200 [0m167.239 ms - 9356[0m
[0mGET /api/website/catalog/search?limit=50&page=1&sortType=desc&queryString=baltra [32m200 [0m225.970 ms - 88453[0m
[0mGET /api/website/catalog/search?sortType=desc&queryString=baltra [32m200 [0m160.484 ms - 33011[0m
[0mGET /api/website/catalog/search?sortType=desc&queryString=women [32m200 [0m175.037 ms - 4304[0m
[0mGET /api/website/catalog/search?sortType=desc&queryString=women [32m200 [0m225.544 ms - 51907[0m
[0mGET /api/website/catalog/search?sortType=desc&queryString=women [32m200 [0m249.611 ms - 51907[0m
[0mGET /api/website/catalog/search?sortType=desc&queryString=women [32m200 [0m205.666 ms - 4304[0m
[0mGET /api/website/catalog/search?limit=50&page=1&sortType=desc&queryString=baltra [32m200 [0m168.620 ms - 9356[0m
[0mGET /api/website/catalog/search?limit=50&page=1&sortType=desc&queryString=home-kitchen [32m200 [0m150.453 ms - 9631[0m
[0mGET /api/website/catalog/search?limit=50&page=1&sortType=desc&queryString=home-kitchen [32m200 [0m204.732 ms - 48032[0m
[0mGET /api/website/catalog/search?queryString=home-kitchen [32m200 [0m177.970 ms - 21908[0m
[0mGET /api/website/catalog/search?queryString=home-kitchen [32m200 [0m173.109 ms - 21908[0m
[0mGET /api/website/catalog/search?limit=50&page=1&sortType=desc&queryString=home-kitchen [32m200 [0m198.381 ms - 48032[0m
[0mGET /api/website/catalog/search?limit=50&page=1&sortType=desc&queryString=Baltra%20Cozy%202%20BMG%20129 [32m200 [0m159.283 ms - 265[0m
[0mGET /api/website/catalog/search?limit=50&page=1&sortType=desc&queryString=Baltra%20Cozy%202%20BMG%20129 [32m200 [0m120.875 ms - 2182[0m
[0mGET /api/website/catalog/search?sortType=desc&queryString=Baltra%20Cozy%202%20BMG%20129 [32m200 [0m114.834 ms - 2182[0m
[0mGET /api/website/catalog/search?sortType=desc&queryString=Baltra%20Cozy%202%20BMG%20129 [32m200 [0m121.041 ms - 1990[0m
[0mGET /api/website/catalog/search?sortType=desc&queryString=Baltra%20Cozy%202%20BMG%20129 [32m200 [0m126.450 ms - 528[0m
[0mGET /api/website/catalog/search?sortType=desc&queryString=Baltra%20Cozy%202%20BMG%20129 [32m200 [0m161.942 ms - 545[0m
