[0mOPTIONS /api/auth/seller/profile-details [32m204 [0m5.159 ms - 0[0m
[0mOPTIONS /api/category/admin/main-list [32m204 [0m1.298 ms - 0[0m
[0mOPTIONS /api/product/brand-list [32m204 [0m0.522 ms - 0[0m
[0mOPTIONS /api/product/color/list [32m204 [0m0.421 ms - 0[0m
[0mGET /api/auth/seller/profile-details [36m304 [0m74.959 ms - -[0m
[0mGET /api/product/color/list [36m304 [0m63.900 ms - -[0m
[0mGET /api/category/admin/main-list [36m304 [0m69.869 ms - -[0m
[0mPOST /api/product/brand-list [32m200 [0m82.351 ms - 3979[0m
[0mOPTIONS /api/auth/seller/profile-details [32m204 [0m4.494 ms - 0[0m
[0mOPTIONS /api/category/admin/main-list [32m204 [0m0.754 ms - 0[0m
[0mOPTIONS /api/product/brand-list [32m204 [0m0.392 ms - 0[0m
[0mOPTIONS /api/product/color/list [32m204 [0m0.768 ms - 0[0m
[0mGET /api/auth/seller/profile-details [36m304 [0m34.648 ms - -[0m
[0mGET /api/category/admin/main-list [36m304 [0m30.196 ms - -[0m
[0mGET /api/product/color/list [36m304 [0m38.121 ms - -[0m
[0mPOST /api/product/brand-list [32m200 [0m40.591 ms - 3979[0m
[0mOPTIONS /api/auth/seller/profile-details [32m204 [0m1.672 ms - 0[0m
[0mOPTIONS /api/category/admin/main-list [32m204 [0m0.891 ms - 0[0m
[0mOPTIONS /api/product/brand-list [32m204 [0m0.674 ms - 0[0m
[0mOPTIONS /api/product/color/list [32m204 [0m0.520 ms - 0[0m
[0mGET /api/auth/seller/profile-details [36m304 [0m15.791 ms - -[0m
[0mGET /api/product/color/list [36m304 [0m15.893 ms - -[0m
[0mGET /api/category/admin/main-list [36m304 [0m23.430 ms - -[0m
[0mPOST /api/product/brand-list [32m200 [0m28.424 ms - 3979[0m
[0mOPTIONS /api/auth/seller/profile-details [32m204 [0m1.750 ms - 0[0m
[0mOPTIONS /api/category/admin/main-list [32m204 [0m0.652 ms - 0[0m
[0mOPTIONS /api/product/brand-list [32m204 [0m0.536 ms - 0[0m
[0mOPTIONS /api/product/color/list [32m204 [0m0.367 ms - 0[0m
[0mGET /api/auth/seller/profile-details [36m304 [0m15.603 ms - -[0m
[0mGET /api/product/color/list [36m304 [0m13.219 ms - -[0m
[0mGET /api/category/admin/main-list [36m304 [0m15.591 ms - -[0m
[0mPOST /api/product/brand-list [32m200 [0m24.471 ms - 3979[0m
[0mOPTIONS /api/auth/seller/profile-details [32m204 [0m2.074 ms - 0[0m
[0mOPTIONS /api/category/admin/main-list [32m204 [0m1.004 ms - 0[0m
[0mOPTIONS /api/product/brand-list [32m204 [0m0.708 ms - 0[0m
[0mOPTIONS /api/product/color/list [32m204 [0m0.468 ms - 0[0m
[0mGET /api/auth/seller/profile-details [36m304 [0m36.026 ms - -[0m
[0mGET /api/category/admin/main-list [36m304 [0m43.449 ms - -[0m
[0mGET /api/product/color/list [36m304 [0m47.354 ms - -[0m
[0mPOST /api/product/brand-list [32m200 [0m52.561 ms - 3979[0m
[0mOPTIONS /api/auth/seller/profile-details [32m204 [0m1.469 ms - 0[0m
[0mOPTIONS /api/category/admin/main-list [32m204 [0m0.480 ms - 0[0m
[0mOPTIONS /api/product/brand-list [32m204 [0m0.657 ms - 0[0m
[0mOPTIONS /api/product/color/list [32m204 [0m1.737 ms - 0[0m
[0mGET /api/auth/seller/profile-details [36m304 [0m23.942 ms - -[0m
[0mGET /api/category/admin/main-list [36m304 [0m21.996 ms - -[0m
[0mGET /api/product/color/list [36m304 [0m19.860 ms - -[0m
[0mPOST /api/product/brand-list [32m200 [0m29.798 ms - 3979[0m
[0mOPTIONS /api/auth/seller/profile-details [32m204 [0m2.333 ms - 0[0m
[0mOPTIONS /api/category/admin/main-list [32m204 [0m0.932 ms - 0[0m
[0mOPTIONS /api/product/brand-list [32m204 [0m0.841 ms - 0[0m
[0mOPTIONS /api/product/color/list [32m204 [0m0.642 ms - 0[0m
[0mGET /api/category/admin/main-list [36m304 [0m18.241 ms - -[0m
[0mGET /api/auth/seller/profile-details [36m304 [0m16.547 ms - -[0m
[0mGET /api/product/color/list [36m304 [0m8.306 ms - -[0m
[0mPOST /api/product/brand-list [32m200 [0m13.932 ms - 3979[0m
[0mOPTIONS /api/auth/seller/profile-details [32m204 [0m8.264 ms - 0[0m
[0mOPTIONS /api/category/admin/main-list [32m204 [0m1.718 ms - 0[0m
[0mOPTIONS /api/product/brand-list [32m204 [0m1.192 ms - 0[0m
[0mOPTIONS /api/product/color/list [32m204 [0m0.278 ms - 0[0m
[0mGET /api/auth/seller/profile-details [36m304 [0m23.697 ms - -[0m
[0mGET /api/category/admin/main-list [36m304 [0m32.596 ms - -[0m
[0mPOST /api/product/brand-list [32m200 [0m60.839 ms - 3979[0m
[0mGET /api/product/color/list [36m304 [0m44.049 ms - -[0m
[0mOPTIONS /api/auth/seller/profile-details [32m204 [0m2.004 ms - 0[0m
[0mOPTIONS /api/category/admin/main-list [32m204 [0m0.526 ms - 0[0m
[0mOPTIONS /api/product/brand-list [32m204 [0m0.533 ms - 0[0m
[0mOPTIONS /api/product/color/list [32m204 [0m0.367 ms - 0[0m
[0mGET /api/auth/seller/profile-details [36m304 [0m36.769 ms - -[0m
[0mGET /api/product/color/list [36m304 [0m34.281 ms - -[0m
[0mGET /api/category/admin/main-list [36m304 [0m35.907 ms - -[0m
[0mPOST /api/product/brand-list [32m200 [0m53.433 ms - 3979[0m
[0mOPTIONS /api/auth/seller/profile-details [32m204 [0m1.553 ms - 0[0m
[0mOPTIONS /api/category/admin/main-list [32m204 [0m0.591 ms - 0[0m
[0mOPTIONS /api/product/brand-list [32m204 [0m0.627 ms - 0[0m
[0mOPTIONS /api/product/color/list [32m204 [0m0.465 ms - 0[0m
[0mGET /api/auth/seller/profile-details [36m304 [0m24.854 ms - -[0m
[0mGET /api/category/admin/main-list [36m304 [0m22.409 ms - -[0m
[0mGET /api/product/color/list [36m304 [0m35.968 ms - -[0m
[0mPOST /api/product/brand-list [32m200 [0m39.366 ms - 3979[0m
[0mOPTIONS /api/auth/seller/profile-details [32m204 [0m1.741 ms - 0[0m
[0mOPTIONS /api/category/admin/main-list [32m204 [0m3.127 ms - 0[0m
[0mOPTIONS /api/product/brand-list [32m204 [0m14.078 ms - 0[0m
[0mOPTIONS /api/product/color/list [32m204 [0m2.352 ms - 0[0m
[0mGET /api/auth/seller/profile-details [36m304 [0m49.065 ms - -[0m
[0mGET /api/category/admin/main-list [36m304 [0m38.216 ms - -[0m
[0mGET /api/product/color/list [36m304 [0m22.545 ms - -[0m
[0mPOST /api/product/brand-list [32m200 [0m33.371 ms - 3979[0m
[0mOPTIONS /api/auth/seller/profile-details [32m204 [0m1.405 ms - 0[0m
[0mOPTIONS /api/category/admin/main-list [32m204 [0m0.635 ms - 0[0m
[0mOPTIONS /api/product/brand-list [32m204 [0m0.341 ms - 0[0m
[0mOPTIONS /api/product/color/list [32m204 [0m0.566 ms - 0[0m
[0mGET /api/auth/seller/profile-details [36m304 [0m24.150 ms - -[0m
[0mGET /api/category/admin/main-list [36m304 [0m20.819 ms - -[0m
[0mGET /api/product/color/list [36m304 [0m32.772 ms - -[0m
[0mPOST /api/product/brand-list [32m200 [0m36.926 ms - 3979[0m
[0mOPTIONS /api/auth/seller/profile-details [32m204 [0m2.152 ms - 0[0m
[0mOPTIONS /api/category/admin/main-list [32m204 [0m3.322 ms - 0[0m
[0mOPTIONS /api/product/brand-list [32m204 [0m4.437 ms - 0[0m
[0mOPTIONS /api/product/color/list [32m204 [0m4.510 ms - 0[0m
[0mGET /api/auth/seller/profile-details [36m304 [0m25.689 ms - -[0m
[0mGET /api/category/admin/main-list [36m304 [0m38.568 ms - -[0m
[0mGET /api/product/color/list [36m304 [0m25.621 ms - -[0m
[0mPOST /api/product/brand-list [32m200 [0m37.068 ms - 3979[0m
[0mOPTIONS /api/auth/seller/profile-details [32m204 [0m1.336 ms - 0[0m
[0mOPTIONS /api/category/admin/main-list [32m204 [0m14.069 ms - 0[0m
[0mOPTIONS /api/product/brand-list [32m204 [0m11.664 ms - 0[0m
[0mOPTIONS /api/product/color/list [32m204 [0m11.146 ms - 0[0m
[0mGET /api/auth/seller/profile-details [36m304 [0m14.101 ms - -[0m
[0mGET /api/category/admin/main-list [36m304 [0m23.416 ms - -[0m
[0mGET /api/product/color/list [36m304 [0m20.081 ms - -[0m
[0mPOST /api/product/brand-list [32m200 [0m32.503 ms - 3979[0m
[0mOPTIONS /api/auth/seller/profile-details [32m204 [0m1.445 ms - 0[0m
[0mOPTIONS /api/category/admin/main-list [32m204 [0m0.879 ms - 0[0m
[0mOPTIONS /api/product/brand-list [32m204 [0m0.668 ms - 0[0m
[0mOPTIONS /api/product/color/list [32m204 [0m0.508 ms - 0[0m
[0mGET /api/category/admin/main-list [36m304 [0m17.877 ms - -[0m
[0mGET /api/auth/seller/profile-details [36m304 [0m23.363 ms - -[0m
[0mGET /api/product/color/list [36m304 [0m19.586 ms - -[0m
[0mPOST /api/product/brand-list [32m200 [0m29.188 ms - 3979[0m
[0mOPTIONS /api/auth/seller/profile-details [32m204 [0m1.996 ms - 0[0m
[0mOPTIONS /api/category/admin/main-list [32m204 [0m0.454 ms - 0[0m
[0mOPTIONS /api/product/brand-list [32m204 [0m0.547 ms - 0[0m
[0mOPTIONS /api/product/color/list [32m204 [0m0.393 ms - 0[0m
[0mGET /api/auth/seller/profile-details [36m304 [0m17.778 ms - -[0m
[0mGET /api/category/admin/main-list [36m304 [0m19.695 ms - -[0m
[0mGET /api/product/color/list [36m304 [0m21.900 ms - -[0m
[0mPOST /api/product/brand-list [32m200 [0m33.047 ms - 3979[0m
[0mOPTIONS /api/category/getAllSubCategory?categoryId=1 [32m204 [0m0.866 ms - 0[0m
[0mGET /api/category/getAllSubCategory?categoryId=1 [32m200 [0m26.820 ms - 2157[0m
[0mOPTIONS /api/category/getAllSubChildCategory?subcategoryId=3 [32m204 [0m0.878 ms - 0[0m
[0mGET /api/category/getAllSubChildCategory?subcategoryId=3 [32m200 [0m12.750 ms - 811[0m
[0mOPTIONS /api/auth/seller/profile-details [32m204 [0m1.589 ms - 0[0m
[0mOPTIONS /api/category/admin/main-list [32m204 [0m0.536 ms - 0[0m
[0mOPTIONS /api/product/brand-list [32m204 [0m0.635 ms - 0[0m
[0mOPTIONS /api/product/color/list [32m204 [0m0.389 ms - 0[0m
[0mGET /api/auth/seller/profile-details [36m304 [0m23.429 ms - -[0m
[0mGET /api/category/admin/main-list [36m304 [0m21.361 ms - -[0m
[0mGET /api/product/color/list [36m304 [0m21.722 ms - -[0m
[0mPOST /api/product/brand-list [32m200 [0m36.266 ms - 3979[0m
[0mOPTIONS /api/category/getAllSubCategory?categoryId=1 [32m204 [0m0.410 ms - 0[0m
[0mGET /api/category/getAllSubCategory?categoryId=1 [36m304 [0m8.697 ms - -[0m
[0mOPTIONS /api/category/getAllSubChildCategory?subcategoryId=2 [32m204 [0m0.970 ms - 0[0m
[0mGET /api/category/getAllSubChildCategory?subcategoryId=2 [32m200 [0m5.306 ms - 982[0m
[0mOPTIONS /api/auth/seller/profile-details [32m204 [0m0.773 ms - 0[0m
[0mOPTIONS /api/category/admin/main-list [32m204 [0m0.300 ms - 0[0m
[0mOPTIONS /api/product/brand-list [32m204 [0m0.280 ms - 0[0m
[0mOPTIONS /api/product/color/list [32m204 [0m0.238 ms - 0[0m
[0mGET /api/auth/seller/profile-details [36m304 [0m16.124 ms - -[0m
[0mGET /api/category/admin/main-list [36m304 [0m13.879 ms - -[0m
[0mGET /api/product/color/list [36m304 [0m14.001 ms - -[0m
[0mPOST /api/product/brand-list [32m200 [0m21.744 ms - 3979[0m
[0mOPTIONS /api/auth/seller/profile-details [32m204 [0m0.966 ms - 0[0m
[0mOPTIONS /api/category/admin/main-list [32m204 [0m1.514 ms - 0[0m
[0mOPTIONS /api/product/brand-list [32m204 [0m1.332 ms - 0[0m
[0mOPTIONS /api/product/color/list [32m204 [0m0.556 ms - 0[0m
[0mGET /api/auth/seller/profile-details [36m304 [0m30.816 ms - -[0m
[0mGET /api/category/admin/main-list [36m304 [0m32.946 ms - -[0m
[0mGET /api/product/color/list [36m304 [0m36.408 ms - -[0m
[0mPOST /api/product/brand-list [32m200 [0m42.507 ms - 3979[0m
[0mOPTIONS /api/auth/seller/profile-details [32m204 [0m1.866 ms - 0[0m
[0mOPTIONS /api/category/admin/main-list [32m204 [0m1.272 ms - 0[0m
[0mOPTIONS /api/product/brand-list [32m204 [0m0.953 ms - 0[0m
[0mOPTIONS /api/product/color/list [32m204 [0m0.744 ms - 0[0m
[0mGET /api/auth/seller/profile-details [36m304 [0m19.281 ms - -[0m
[0mGET /api/category/admin/main-list [36m304 [0m18.668 ms - -[0m
[0mGET /api/product/color/list [36m304 [0m22.090 ms - -[0m
[0mPOST /api/product/brand-list [32m200 [0m26.820 ms - 3979[0m
[0mOPTIONS /api/auth/seller/profile-details [32m204 [0m1.306 ms - 0[0m
[0mOPTIONS /api/category/admin/main-list [32m204 [0m2.122 ms - 0[0m
[0mOPTIONS /api/product/brand-list [32m204 [0m1.880 ms - 0[0m
[0mOPTIONS /api/product/color/list [32m204 [0m2.110 ms - 0[0m
[0mGET /api/auth/seller/profile-details [36m304 [0m12.836 ms - -[0m
[0mGET /api/category/admin/main-list [36m304 [0m26.684 ms - -[0m
[0mGET /api/product/color/list [36m304 [0m23.517 ms - -[0m
[0mPOST /api/product/brand-list [32m200 [0m34.464 ms - 3979[0m
[0mOPTIONS /api/auth/seller/profile-details [32m204 [0m1.351 ms - 0[0m
[0mOPTIONS /api/category/admin/main-list [32m204 [0m0.977 ms - 0[0m
[0mOPTIONS /api/product/brand-list [32m204 [0m0.826 ms - 0[0m
[0mOPTIONS /api/product/color/list [32m204 [0m0.608 ms - 0[0m
[0mGET /api/auth/seller/profile-details [36m304 [0m16.830 ms - -[0m
[0mGET /api/product/color/list [36m304 [0m10.363 ms - -[0m
[0mGET /api/category/admin/main-list [36m304 [0m11.771 ms - -[0m
[0mPOST /api/product/brand-list [32m200 [0m15.712 ms - 3979[0m
[0mOPTIONS /api/category/getAllSubCategory?categoryId=1 [32m204 [0m0.381 ms - 0[0m
[0mGET /api/category/getAllSubCategory?categoryId=1 [36m304 [0m5.425 ms - -[0m
[0mOPTIONS /api/auth/seller/profile-details [32m204 [0m2.065 ms - 0[0m
[0mOPTIONS /api/category/admin/main-list [32m204 [0m1.100 ms - 0[0m
[0mOPTIONS /api/product/brand-list [32m204 [0m0.639 ms - 0[0m
[0mOPTIONS /api/product/color/list [32m204 [0m0.409 ms - 0[0m
[0mGET /api/auth/seller/profile-details [36m304 [0m26.115 ms - -[0m
[0mGET /api/category/admin/main-list [36m304 [0m24.724 ms - -[0m
[0mGET /api/product/color/list [36m304 [0m25.537 ms - -[0m
[0mPOST /api/product/brand-list [32m200 [0m32.537 ms - 3979[0m
[0mOPTIONS /api/category/getAllSubCategory?categoryId=1 [32m204 [0m3.259 ms - 0[0m
[0mGET /api/category/getAllSubCategory?categoryId=1 [36m304 [0m5.662 ms - -[0m
[0mOPTIONS /api/category/getAllSubChildCategory?subcategoryId=2 [32m204 [0m0.482 ms - 0[0m
[0mGET /api/category/getAllSubChildCategory?subcategoryId=2 [36m304 [0m2.820 ms - -[0m
[0mOPTIONS /api/product/brand-list [32m204 [0m0.949 ms - 0[0m
[0mOPTIONS /api/product/color/list [32m204 [0m0.241 ms - 0[0m
[0mGET /api/product/color/list [36m304 [0m5.991 ms - -[0m
[0mPOST /api/product/brand-list [32m200 [0m7.413 ms - 3979[0m
[0mOPTIONS /api/auth/seller/profile-details [32m204 [0m1.490 ms - 0[0m
[0mOPTIONS /api/category/admin/main-list [32m204 [0m1.322 ms - 0[0m
[0mOPTIONS /api/product/brand-list [32m204 [0m0.634 ms - 0[0m
[0mOPTIONS /api/product/color/list [32m204 [0m0.444 ms - 0[0m
[0mGET /api/auth/seller/profile-details [36m304 [0m15.193 ms - -[0m
[0mGET /api/category/admin/main-list [36m304 [0m18.293 ms - -[0m
[0mGET /api/product/color/list [36m304 [0m29.680 ms - -[0m
[0mPOST /api/product/brand-list [32m200 [0m35.243 ms - 3979[0m
[0mOPTIONS /api/website/category/list [32m204 [0m9.229 ms - 0[0m
[0mGET /api/website/category/list [32m200 [0m85.074 ms - 23468[0m
[0mOPTIONS /api/website/product/new-arrival [32m204 [0m2.162 ms - 0[0m
[0mGET /api/website/product/new-arrival [32m200 [0m374.077 ms - 1158230[0m
[0mOPTIONS /api/category/search-by-value [32m204 [0m5.138 ms - 0[0m
[0mPOST /api/category/search-by-value [32m200 [0m347.550 ms - 207505[0m
[0mPOST /api/category/search-by-value [32m200 [0m217.860 ms - 207505[0m
[0mPOST /api/category/search-by-value [32m200 [0m238.937 ms - 207505[0m
[0mPOST /api/category/search-by-value [32m200 [0m269.167 ms - 207505[0m
[0mOPTIONS /api/category/search-by-value [32m204 [0m2.112 ms - 0[0m
[0mPOST /api/category/search-by-value [32m200 [0m217.103 ms - 207505[0m
[0mOPTIONS /api/website/category/list [32m204 [0m12.143 ms - 0[0m
[0mGET /api/website/category/list [32m200 [0m133.088 ms - 23468[0m
[0mOPTIONS /api/website/product/new-arrival [32m204 [0m1.373 ms - 0[0m
[0mGET /api/website/product/new-arrival [32m200 [0m307.353 ms - 1158230[0m
[0mOPTIONS /api/website/category/list [32m204 [0m3.766 ms - 0[0m
[0mGET /api/website/category/list [36m304 [0m60.052 ms - -[0m
[0mOPTIONS /api/website/product/new-arrival [32m204 [0m0.909 ms - 0[0m
[0mGET /api/website/product/new-arrival [36m304 [0m264.659 ms - -[0m
[0mOPTIONS /api/website/category/list [32m204 [0m4.690 ms - 0[0m
[0mGET /api/website/category/list [36m304 [0m44.428 ms - -[0m
[0mOPTIONS /api/website/product/new-arrival [32m204 [0m0.542 ms - 0[0m
[0mGET /api/website/product/new-arrival [36m304 [0m296.532 ms - -[0m
[0mOPTIONS /api/website/category/list [32m204 [0m10.117 ms - 0[0m
[0mGET /api/website/category/list [36m304 [0m60.017 ms - -[0m
[0mOPTIONS /api/website/product/new-arrival [32m204 [0m1.581 ms - 0[0m
[0mGET /api/website/product/new-arrival [36m304 [0m357.495 ms - -[0m
[0mOPTIONS /api/category/search-by-value [32m204 [0m1.702 ms - 0[0m
[0mPOST /api/category/search-by-value [32m200 [0m298.913 ms - 207505[0m
[0mOPTIONS /api/website/category/list [32m204 [0m4.148 ms - 0[0m
[0mGET /api/website/category/list [36m304 [0m83.654 ms - -[0m
[0mOPTIONS /api/website/product/new-arrival [32m204 [0m1.165 ms - 0[0m
[0mGET /api/website/product/new-arrival [36m304 [0m351.476 ms - -[0m
[0mOPTIONS /api/category/search-by-value [32m204 [0m1.753 ms - 0[0m
[0mPOST /api/category/search-by-value [32m200 [0m274.844 ms - 207505[0m
[0mPOST /api/category/search-by-value [32m200 [0m235.431 ms - 207505[0m
[0mOPTIONS /api/website/category/list [32m204 [0m2.008 ms - 0[0m
[0mGET /api/website/category/list [36m304 [0m62.097 ms - -[0m
[0mOPTIONS /api/website/product/new-arrival [32m204 [0m1.785 ms - 0[0m
[0mGET /api/website/product/new-arrival [36m304 [0m325.609 ms - -[0m
[0mOPTIONS /api/website/category/list [32m204 [0m4.393 ms - 0[0m
[0mGET /api/website/category/list [36m304 [0m61.900 ms - -[0m
[0mOPTIONS /api/website/product/new-arrival [32m204 [0m1.171 ms - 0[0m
[0mGET /api/website/product/new-arrival [36m304 [0m301.275 ms - -[0m
[0mOPTIONS /api/website/category/list [32m204 [0m4.103 ms - 0[0m
[0mGET /api/website/category/list [36m304 [0m76.052 ms - -[0m
[0mOPTIONS /api/website/product/new-arrival [32m204 [0m1.359 ms - 0[0m
[0mGET /api/website/product/new-arrival [36m304 [0m277.644 ms - -[0m
[0mOPTIONS /api/category/search-by-value [32m204 [0m2.281 ms - 0[0m
[0mPOST /api/category/search-by-value [32m200 [0m294.125 ms - 207505[0m
[0mPOST /api/category/search-by-value [32m200 [0m262.871 ms - 207505[0m
[0mOPTIONS /api/category/search-by-value [32m204 [0m2.069 ms - 0[0m
[0mPOST /api/category/search-by-value [32m200 [0m237.133 ms - 207505[0m
[0mPOST /api/category/search-by-value [32m200 [0m252.950 ms - 207505[0m
[0mPOST /api/category/search-by-value [32m200 [0m217.628 ms - 207505[0m
[0mOPTIONS /api/website/category/list [32m204 [0m4.444 ms - 0[0m
[0mGET /api/website/category/list [36m304 [0m53.429 ms - -[0m
[0mOPTIONS /api/website/product/new-arrival [32m204 [0m3.377 ms - 0[0m
[0mGET /api/website/product/new-arrival [36m304 [0m419.593 ms - -[0m
[0mOPTIONS /api/category/search-by-value [32m204 [0m3.510 ms - 0[0m
[0mPOST /api/category/search-by-value [32m200 [0m273.441 ms - 207505[0m
[0mPOST /api/category/search-by-value [32m200 [0m250.707 ms - 207505[0m
[0mOPTIONS /api/website/category/list [32m204 [0m4.726 ms - 0[0m
[0mGET /api/website/category/list [36m304 [0m73.143 ms - -[0m
[0mOPTIONS /api/website/product/new-arrival [32m204 [0m1.241 ms - 0[0m
[0mGET /api/website/product/new-arrival [36m304 [0m281.840 ms - -[0m
[0mOPTIONS /api/website/category/list [32m204 [0m8.384 ms - 0[0m
[0mGET /api/website/category/list [36m304 [0m57.292 ms - -[0m
[0mOPTIONS /api/website/product/new-arrival [32m204 [0m16.534 ms - 0[0m
[0mGET /api/website/product/new-arrival [36m304 [0m294.305 ms - -[0m
[0mOPTIONS /api/category/search-by-value [32m204 [0m2.096 ms - 0[0m
[0mPOST /api/category/search-by-value [32m200 [0m278.942 ms - 207505[0m
[0mOPTIONS /api/website/product/detail [32m204 [0m1.558 ms - 0[0m
[0mPOST /api/category/search-by-value [32m200 [0m317.172 ms - 207505[0m
[0mPOST /api/website/product/detail [0m- [0m- ms - -[0m
[0mOPTIONS /api/website/category/list [32m204 [0m18.100 ms - 0[0m
[0mOPTIONS /api/website/product/detail [32m204 [0m6.091 ms - 0[0m
[0mGET /api/website/category/list [36m304 [0m79.505 ms - -[0m
[0mPOST /api/website/product/detail [0m- [0m- ms - -[0m
[0mOPTIONS /api/website/category/list [32m204 [0m3.398 ms - 0[0m
[0mGET /api/website/category/list [36m304 [0m64.071 ms - -[0m
[0mOPTIONS /api/website/product/new-arrival [32m204 [0m4.894 ms - 0[0m
[0mGET /api/website/product/new-arrival [36m304 [0m319.143 ms - -[0m
[0mOPTIONS /api/category/search-by-value [32m204 [0m4.512 ms - 0[0m
[0mOPTIONS /api/website/product/detail [32m204 [0m1.715 ms - 0[0m
[0mPOST /api/category/search-by-value [32m200 [0m291.628 ms - 207505[0m
[0mOPTIONS /api/category/search-by-value [32m204 [0m2.025 ms - 0[0m
[0mPOST /api/category/search-by-value [32m200 [0m246.207 ms - 207505[0m
[0mOPTIONS /api/website/product/detail [32m204 [0m2.666 ms - 0[0m
[0mPOST /api/category/search-by-value [32m200 [0m261.321 ms - 207505[0m
[0mPOST /api/website/product/detail [0m- [0m- ms - -[0m
[0mPOST /api/website/product/detail [0m- [0m- ms - -[0m
[0mOPTIONS /api/website/category/list [32m204 [0m4.194 ms - 0[0m
[0mOPTIONS /api/website/product/detail [32m204 [0m12.910 ms - 0[0m
[0mGET /api/website/category/list [36m304 [0m123.392 ms - -[0m
[0mPOST /api/website/product/detail [0m- [0m- ms - -[0m
[0mOPTIONS /api/website/category/list [32m204 [0m3.865 ms - 0[0m
[0mOPTIONS /api/website/product/detail [32m204 [0m0.924 ms - 0[0m
[0mGET /api/website/category/list [36m304 [0m69.265 ms - -[0m
[0mPOST /api/website/product/detail [0m- [0m- ms - -[0m
[0mOPTIONS /api/website/category/list [32m204 [0m4.557 ms - 0[0m
[0mOPTIONS /api/website/product/detail [32m204 [0m3.689 ms - 0[0m
[0mGET /api/website/category/list [36m304 [0m67.652 ms - -[0m
[0mPOST /api/website/product/detail [0m- [0m- ms - -[0m
[0mGET /api/website/category/list [36m304 [0m77.354 ms - -[0m
[0mOPTIONS /api/website/product/new-arrival [32m204 [0m0.944 ms - 0[0m
[0mGET /api/website/product/new-arrival [36m304 [0m343.398 ms - -[0m
[0mOPTIONS /api/category/search-by-value [32m204 [0m1.984 ms - 0[0m
[0mPOST /api/category/search-by-value [32m200 [0m314.158 ms - 207505[0m
[0mPOST /api/category/search-by-value [32m200 [0m238.392 ms - 207505[0m
[0mOPTIONS /api/website/category/getAllProduct [32m204 [0m3.746 ms - 0[0m
[0mOPTIONS /api/website/product/brand-category-list [32m204 [0m4.352 ms - 0[0m
[0mPOST /api/website/product/brand-category-list [32m200 [0m51.862 ms - 79[0m
[0mPOST /api/website/category/getAllProduct [0m- [0m- ms - -[0m
[0mOPTIONS /api/website/category/list [32m204 [0m7.737 ms - 0[0m
[0mGET /api/website/category/list [36m304 [0m112.654 ms - -[0m
[0mOPTIONS /api/website/product/new-arrival [32m204 [0m0.814 ms - 0[0m
[0mGET /api/website/product/new-arrival [36m304 [0m333.695 ms - -[0m
[0mOPTIONS /api/category/search-by-value [32m204 [0m2.277 ms - 0[0m
[0mPOST /api/category/search-by-value [32m200 [0m287.769 ms - 207505[0m
[0mPOST /api/category/search-by-value [32m200 [0m234.135 ms - 207505[0m
[0mPOST /api/category/search-by-value [32m200 [0m237.156 ms - 207505[0m
[0mPOST /api/category/search-by-value [32m200 [0m277.807 ms - 207505[0m
[0mPOST /api/category/search-by-value [32m200 [0m228.725 ms - 207505[0m
[0mOPTIONS /api/website/product/detail [32m204 [0m0.920 ms - 0[0m
[0mPOST /api/category/search-by-value [32m200 [0m286.386 ms - 207505[0m
[0mPOST /api/website/product/detail [0m- [0m- ms - -[0m
[0mOPTIONS /api/website/category/list [32m204 [0m20.158 ms - 0[0m
[0mOPTIONS /api/website/product/detail [32m204 [0m15.769 ms - 0[0m
[0mGET /api/website/category/list [36m304 [0m176.572 ms - -[0m
[0mPOST /api/website/product/detail [0m- [0m- ms - -[0m
[0mOPTIONS /api/website/category/list [32m204 [0m5.701 ms - 0[0m
[0mOPTIONS /api/website/product/detail [32m204 [0m1.466 ms - 0[0m
[0mGET /api/website/category/list [36m304 [0m54.405 ms - -[0m
[0mPOST /api/website/product/detail [0m- [0m- ms - -[0m
[0mOPTIONS /api/website/category/list [32m204 [0m3.724 ms - 0[0m
[0mOPTIONS /api/website/product/detail [32m204 [0m1.048 ms - 0[0m
[0mGET /api/website/category/list [32m200 [0m78.730 ms - 23468[0m
[0mPOST /api/website/product/detail [0m- [0m- ms - -[0m
[0mOPTIONS /api/website/category/list [32m204 [0m2.461 ms - 0[0m
[0mOPTIONS /api/website/product/detail [32m204 [0m0.683 ms - 0[0m
[0mGET /api/website/category/list [32m200 [0m51.348 ms - 23468[0m
[0mOPTIONS /api/category/search-by-value [32m204 [0m0.760 ms - 0[0m
[0mPOST /api/category/search-by-value [32m200 [0m339.993 ms - 207505[0m
[0mPOST /api/category/search-by-value [32m200 [0m271.755 ms - 207505[0m
[0mPOST /api/category/search-by-value [32m200 [0m253.359 ms - 207505[0m
[0mPOST /api/website/product/detail [0m- [0m- ms - -[0m
[0mOPTIONS /api/website/category/list [32m204 [0m2.888 ms - 0[0m
[0mGET /api/website/category/list [36m304 [0m42.516 ms - -[0m
[0mOPTIONS /api/website/product/new-arrival [32m204 [0m0.965 ms - 0[0m
[0mGET /api/website/product/new-arrival [36m304 [0m310.300 ms - -[0m
[0mOPTIONS /api/category/search-by-value [32m204 [0m7.228 ms - 0[0m
[0mPOST /api/category/search-by-value [32m200 [0m265.503 ms - 207505[0m
[0mOPTIONS /api/website/product/detail [32m204 [0m1.077 ms - 0[0m
[0mPOST /api/category/search-by-value [32m200 [0m261.493 ms - 207505[0m
[0mPOST /api/website/product/detail [0m- [0m- ms - -[0m
[0mOPTIONS /api/website/category/list [32m204 [0m4.040 ms - 0[0m
[0mGET /api/website/category/list [36m304 [0m61.274 ms - -[0m
[0mOPTIONS /api/website/category/list [32m204 [0m2.132 ms - 0[0m
[0mGET /api/website/category/list [36m304 [0m62.609 ms - -[0m
[0mGET /api/website/category/list [36m304 [0m46.308 ms - -[0m
[0mOPTIONS /api/website/product/new-arrival [32m204 [0m1.555 ms - 0[0m
[0mGET /api/website/product/new-arrival [36m304 [0m281.900 ms - -[0m
[0mOPTIONS /api/category/search-by-value [32m204 [0m1.966 ms - 0[0m
[0mPOST /api/category/search-by-value [32m200 [0m291.455 ms - 207505[0m
[0mOPTIONS /api/website/category/list [32m204 [0m3.986 ms - 0[0m
[0mGET /api/website/category/list [36m304 [0m66.203 ms - -[0m
[0mOPTIONS /api/website/category/list [32m204 [0m2.368 ms - 0[0m
[0mGET /api/website/category/list [32m200 [0m54.452 ms - 23468[0m
[0mOPTIONS /api/website/category/list [32m204 [0m1.825 ms - 0[0m
[0mOPTIONS /api/website/category/getAllProduct [32m204 [0m0.727 ms - 0[0m
[0mOPTIONS /api/website/product/brand-category-list [32m204 [0m2.250 ms - 0[0m
[0mGET /api/website/category/list [36m304 [0m73.430 ms - -[0m
[0mPOST /api/website/product/brand-category-list [32m200 [0m74.804 ms - 79[0m
[0mPOST /api/website/category/getAllProduct [0m- [0m- ms - -[0m
[0mOPTIONS /api/website/category/list [32m204 [0m4.733 ms - 0[0m
[0mOPTIONS /api/website/category/getAllProduct [32m204 [0m2.756 ms - 0[0m
[0mOPTIONS /api/website/product/brand-category-list [32m204 [0m1.646 ms - 0[0m
[0mGET /api/website/category/list [36m304 [0m51.067 ms - -[0m
[0mPOST /api/website/product/brand-category-list [32m200 [0m50.522 ms - 79[0m
[0mPOST /api/website/category/getAllProduct [0m- [0m- ms - -[0m
[0mOPTIONS /api/website/category/list [32m204 [0m2.818 ms - 0[0m
[0mOPTIONS /api/product/gcatalogsearch/result?search=[object%20Object] [32m204 [0m1.431 ms - 0[0m
[0mOPTIONS /api/website/product/brand-category-list [32m204 [0m0.904 ms - 0[0m
[0mPOST /api/product/gcatalogsearch/result?search=[object%20Object] [33m404 [0m12.691 ms - 28[0m
[0mGET /api/website/category/list [32m200 [0m73.289 ms - 23468[0m
[0mPOST /api/website/product/brand-category-list [32m200 [0m57.829 ms - 79[0m
[0mOPTIONS /api/website/category/list [32m204 [0m2.987 ms - 0[0m
[0mOPTIONS /api/product/gcatalogsearch/result?search=Grocery%20And%20Staples [32m204 [0m1.275 ms - 0[0m
[0mOPTIONS /api/website/product/brand-category-list [32m204 [0m0.885 ms - 0[0m
[0mPOST /api/product/gcatalogsearch/result?search=Grocery%20And%20Staples [33m404 [0m11.521 ms - 28[0m
[0mGET /api/website/category/list [36m304 [0m52.097 ms - -[0m
[0mPOST /api/website/product/brand-category-list [32m200 [0m42.005 ms - 79[0m
[0mOPTIONS /api/website/category/list [32m204 [0m9.004 ms - 0[0m
[0mOPTIONS /api/product/gcatalogsearch/result?search=Grocery%20And%20Staples [32m204 [0m1.340 ms - 0[0m
[0mOPTIONS /api/website/product/brand-category-list [32m204 [0m0.878 ms - 0[0m
[0mGET /api/website/category/list [36m304 [0m74.593 ms - -[0m
[0mPOST /api/website/product/brand-category-list [32m200 [0m65.609 ms - 79[0m
[0mGET /api/product/gcatalogsearch/result?search=Grocery%20And%20Staples [32m200 [0m219.480 ms - 303890[0m
[0mOPTIONS /api/website/category/list [32m204 [0m4.672 ms - 0[0m
[0mOPTIONS /api/product/gcatalogsearch/result?search=Grocery%20And%20Staples [32m204 [0m1.501 ms - 0[0m
[0mOPTIONS /api/website/product/brand-category-list [32m204 [0m0.866 ms - 0[0m
[0mGET /api/website/category/list [32m200 [0m66.961 ms - 23468[0m
[0mPOST /api/website/product/brand-category-list [32m200 [0m61.561 ms - 79[0m
[0mGET /api/product/gcatalogsearch/result?search=Grocery%20And%20Staples [32m200 [0m154.101 ms - 303890[0m
[0mOPTIONS /api/website/category/list [32m204 [0m3.074 ms - 0[0m
[0mOPTIONS /api/product/gcatalogsearch/result?search=Grocery%20And%20Staples [32m204 [0m1.908 ms - 0[0m
[0mOPTIONS /api/website/product/brand-category-list [32m204 [0m1.111 ms - 0[0m
[0mGET /api/website/category/list [36m304 [0m48.046 ms - -[0m
[0mPOST /api/website/product/brand-category-list [32m200 [0m61.533 ms - 79[0m
[0mGET /api/product/gcatalogsearch/result?search=Grocery%20And%20Staples [36m304 [0m161.131 ms - -[0m
[0mOPTIONS /api/website/category/list [32m204 [0m16.146 ms - 0[0m
[0mOPTIONS /api/website/product/gcatalogsearch/result?search=Grocery%20And%20Staples [32m204 [0m5.343 ms - 0[0m
[0mOPTIONS /api/website/product/brand-category-list [32m204 [0m7.978 ms - 0[0m
[0mGET /api/website/category/list [36m304 [0m126.712 ms - -[0m
[0mPOST /api/website/product/brand-category-list [32m200 [0m90.407 ms - 79[0m
[0mGET /api/website/product/gcatalogsearch/result?search=Grocery%20And%20Staples [32m200 [0m273.000 ms - 303890[0m
[0mOPTIONS /api/website/category/list [32m204 [0m10.314 ms - 0[0m
[0mOPTIONS /api/website/product/gcatalogsearch/result?search=Grocery%20And%20Staples [32m204 [0m7.274 ms - 0[0m
[0mOPTIONS /api/website/product/brand-category-list [32m204 [0m6.734 ms - 0[0m
[0mGET /api/website/category/list [32m200 [0m86.509 ms - 23468[0m
[0mPOST /api/website/product/brand-category-list [32m200 [0m80.026 ms - 79[0m
[0mGET /api/website/product/gcatalogsearch/result?search=Grocery%20And%20Staples [31m500 [0m378.435 ms - 34[0m
[0mOPTIONS /api/website/category/list [32m204 [0m10.340 ms - 0[0m
[0mOPTIONS /api/website/product/gcatalogsearch/result?search=Grocery%20And%20Staples [32m204 [0m7.021 ms - 0[0m
[0mOPTIONS /api/website/product/brand-category-list [32m204 [0m6.649 ms - 0[0m
[0mGET /api/website/category/list [32m200 [0m100.403 ms - 23468[0m
[0mPOST /api/website/product/brand-category-list [32m200 [0m86.650 ms - 79[0m
[0mGET /api/website/product/gcatalogsearch/result?search=Grocery%20And%20Staples [31m500 [0m316.536 ms - 34[0m
[0mOPTIONS /api/website/category/list [32m204 [0m10.246 ms - 0[0m
[0mOPTIONS /api/website/product/gcatalogsearch/result?search=Grocery%20And%20Staples [32m204 [0m6.302 ms - 0[0m
[0mOPTIONS /api/website/product/brand-category-list [32m204 [0m5.963 ms - 0[0m
[0mGET /api/website/category/list [32m200 [0m79.932 ms - 23468[0m
[0mPOST /api/website/product/brand-category-list [32m200 [0m79.805 ms - 79[0m
[0mGET /api/website/product/gcatalogsearch/result?search=Grocery%20And%20Staples [31m500 [0m361.655 ms - 34[0m
[0mOPTIONS /api/website/category/list [32m204 [0m6.656 ms - 0[0m
[0mOPTIONS /api/website/product/gcatalogsearch/result?search=Grocery%20And%20Staples [32m204 [0m2.137 ms - 0[0m
[0mOPTIONS /api/website/product/brand-category-list [32m204 [0m0.948 ms - 0[0m
[0mGET /api/website/category/list [32m200 [0m85.660 ms - 23468[0m
[0mPOST /api/website/product/brand-category-list [32m200 [0m87.594 ms - 79[0m
[0mGET /api/website/product/gcatalogsearch/result?search=Grocery%20And%20Staples [32m200 [0m802.092 ms - 49[0m
[0mOPTIONS /api/website/category/list [32m204 [0m10.403 ms - 0[0m
[0mOPTIONS /api/website/product/gcatalogsearch/result?search=Grocery%20And%20Staples [32m204 [0m6.052 ms - 0[0m
[0mOPTIONS /api/website/product/brand-category-list [32m204 [0m5.734 ms - 0[0m
[0mGET /api/website/category/list [32m200 [0m89.349 ms - 23468[0m
[0mPOST /api/website/product/brand-category-list [32m200 [0m87.379 ms - 79[0m
[0mGET /api/website/product/gcatalogsearch/result?search=Grocery%20And%20Staples [32m200 [0m701.289 ms - 49[0m
[0mOPTIONS /api/website/category/list [32m204 [0m17.199 ms - 0[0m
[0mOPTIONS /api/website/product/gcatalogsearch/result?search=Grocery%20And%20Staples [32m204 [0m9.086 ms - 0[0m
[0mOPTIONS /api/website/product/brand-category-list [32m204 [0m0.755 ms - 0[0m
[0mGET /api/website/category/list [32m200 [0m75.411 ms - 23468[0m
[0mPOST /api/website/product/brand-category-list [32m200 [0m73.337 ms - 79[0m
[0mGET /api/website/product/gcatalogsearch/result?search=Grocery%20And%20Staples [32m200 [0m592.887 ms - 49[0m
[0mOPTIONS /api/website/category/list [32m204 [0m14.403 ms - 0[0m
[0mOPTIONS /api/website/product/gcatalogsearch/result?search=Grocery%20And%20Staples [32m204 [0m8.957 ms - 0[0m
[0mOPTIONS /api/website/product/brand-category-list [32m204 [0m8.242 ms - 0[0m
[0mGET /api/website/category/list [32m200 [0m99.654 ms - 23468[0m
[0mPOST /api/website/product/brand-category-list [32m200 [0m91.274 ms - 79[0m
[0mGET /api/website/product/gcatalogsearch/result?search=Grocery%20And%20Staples [32m200 [0m421.993 ms - 1125386[0m
[0mOPTIONS /api/website/category/list [32m204 [0m10.733 ms - 0[0m
[0mOPTIONS /api/website/product/gcatalogsearch/result?search=Grocery%20And%20Staples [32m204 [0m2.773 ms - 0[0m
[0mOPTIONS /api/website/product/brand-category-list [32m204 [0m1.133 ms - 0[0m
[0mGET /api/website/category/list [32m200 [0m91.129 ms - 23468[0m
[0mPOST /api/website/product/brand-category-list [32m200 [0m91.981 ms - 79[0m
[0mGET /api/website/product/gcatalogsearch/result?search=Grocery%20And%20Staples [31m500 [0m390.205 ms - 34[0m
[0mOPTIONS /api/website/category/list [32m204 [0m11.145 ms - 0[0m
[0mOPTIONS /api/website/product/gcatalogsearch/result?search=Grocery%20And%20Staples [32m204 [0m2.169 ms - 0[0m
[0mOPTIONS /api/website/product/brand-category-list [32m204 [0m0.938 ms - 0[0m
[0mGET /api/website/category/list [32m200 [0m90.819 ms - 23468[0m
[0mPOST /api/website/product/brand-category-list [32m200 [0m98.641 ms - 79[0m
[0mGET /api/website/product/gcatalogsearch/result?search=Grocery%20And%20Staples [31m500 [0m384.673 ms - 34[0m
[0mOPTIONS /api/website/category/list [32m204 [0m16.199 ms - 0[0m
[0mOPTIONS /api/website/product/gcatalogsearch/result?search=Grocery%20And%20Staples [32m204 [0m7.927 ms - 0[0m
[0mOPTIONS /api/website/product/brand-category-list [32m204 [0m0.746 ms - 0[0m
[0mGET /api/website/category/list [32m200 [0m90.395 ms - 23468[0m
[0mPOST /api/website/product/brand-category-list [32m200 [0m93.087 ms - 79[0m
[0mGET /api/website/product/gcatalogsearch/result?search=Grocery%20And%20Staples [31m500 [0m368.830 ms - 34[0m
[0mOPTIONS /api/website/category/list [32m204 [0m11.196 ms - 0[0m
[0mOPTIONS /api/website/product/gcatalogsearch/result?search=Grocery%20And%20Staples [32m204 [0m2.076 ms - 0[0m
[0mOPTIONS /api/website/product/brand-category-list [32m204 [0m0.989 ms - 0[0m
[0mGET /api/website/category/list [32m200 [0m128.605 ms - 23468[0m
[0mPOST /api/website/product/brand-category-list [32m200 [0m130.086 ms - 79[0m
[0mGET /api/website/product/gcatalogsearch/result?search=Grocery%20And%20Staples [31m500 [0m413.098 ms - 34[0m
[0mOPTIONS /api/website/category/list [32m204 [0m15.287 ms - 0[0m
[0mOPTIONS /api/website/product/gcatalogsearch/result?search=Grocery%20And%20Staples [32m204 [0m5.996 ms - 0[0m
[0mOPTIONS /api/website/product/brand-category-list [32m204 [0m5.672 ms - 0[0m
[0mGET /api/website/category/list [32m200 [0m114.574 ms - 23468[0m
[0mPOST /api/website/product/brand-category-list [32m200 [0m93.081 ms - 79[0m
[0mGET /api/website/product/gcatalogsearch/result?search=Grocery%20And%20Staples [31m500 [0m374.199 ms - 34[0m
[0mOPTIONS /api/website/category/list [32m204 [0m11.622 ms - 0[0m
[0mOPTIONS /api/website/product/gcatalogsearch/result?search=Grocery%20And%20Staples [32m204 [0m11.663 ms - 0[0m
[0mOPTIONS /api/website/product/brand-category-list [32m204 [0m11.632 ms - 0[0m
[0mGET /api/website/category/list [32m200 [0m108.268 ms - 23468[0m
[0mPOST /api/website/product/brand-category-list [32m200 [0m75.359 ms - 79[0m
[0mGET /api/website/product/gcatalogsearch/result?search=Grocery%20And%20Staples [31m500 [0m356.477 ms - 34[0m
[0mOPTIONS /api/website/category/list [32m204 [0m34.310 ms - 0[0m
[0mOPTIONS /api/website/product/gcatalogsearch/result?search=Grocery%20And%20Staples [32m204 [0m30.282 ms - 0[0m
[0mOPTIONS /api/website/product/brand-category-list [32m204 [0m10.958 ms - 0[0m
[0mGET /api/website/category/list [32m200 [0m144.816 ms - 23468[0m
[0mPOST /api/website/product/brand-category-list [32m200 [0m126.442 ms - 79[0m
[0mGET /api/website/product/gcatalogsearch/result?search=Grocery%20And%20Staples [32m200 [0m405.706 ms - 377682[0m
[0mOPTIONS /api/website/category/list [32m204 [0m4.836 ms - 0[0m
[0mOPTIONS /api/website/product/gcatalogsearch/result?search=Grocery%20And%20Staples [32m204 [0m3.252 ms - 0[0m
[0mOPTIONS /api/website/product/brand-category-list [32m204 [0m2.359 ms - 0[0m
[0mGET /api/website/category/list [36m304 [0m69.651 ms - -[0m
[0mPOST /api/website/product/brand-category-list [32m200 [0m74.054 ms - 79[0m
[0mGET /api/website/product/gcatalogsearch/result?search=Grocery%20And%20Staples [36m304 [0m331.005 ms - -[0m
[0mOPTIONS /api/website/category/list [32m204 [0m2.840 ms - 0[0m
[0mOPTIONS /api/website/product/gcatalogsearch/result?search=Grocery%20And%20Staples [32m204 [0m3.742 ms - 0[0m
[0mOPTIONS /api/website/product/brand-category-list [32m204 [0m2.665 ms - 0[0m
[0mGET /api/website/category/list [36m304 [0m92.191 ms - -[0m
[0mPOST /api/website/product/brand-category-list [32m200 [0m97.448 ms - 79[0m
[0mGET /api/website/product/gcatalogsearch/result?search=Grocery%20And%20Staples [36m304 [0m414.591 ms - -[0m
[0mOPTIONS /api/website/category/list [32m204 [0m10.277 ms - 0[0m
[0mOPTIONS /api/website/product/gcatalogsearch/result?search=Grocery%20And%20Staples [32m204 [0m5.350 ms - 0[0m
[0mOPTIONS /api/website/product/brand-category-list [32m204 [0m3.299 ms - 0[0m
[0mGET /api/website/category/list [36m304 [0m198.115 ms - -[0m
[0mPOST /api/website/product/brand-category-list [32m200 [0m222.470 ms - 79[0m
[0mGET /api/website/product/gcatalogsearch/result?search=Grocery%20And%20Staples [36m304 [0m488.958 ms - -[0m
[0mOPTIONS /api/website/category/list [32m204 [0m3.917 ms - 0[0m
[0mOPTIONS /api/website/product/gcatalogsearch/result?search=Grocery%20And%20Staples [32m204 [0m2.115 ms - 0[0m
[0mOPTIONS /api/website/product/brand-category-list [32m204 [0m1.081 ms - 0[0m
[0mGET /api/website/category/list [36m304 [0m76.664 ms - -[0m
[0mPOST /api/website/product/brand-category-list [32m200 [0m79.563 ms - 79[0m
[0mGET /api/website/product/gcatalogsearch/result?search=Grocery%20And%20Staples [36m304 [0m403.106 ms - -[0m
[0mOPTIONS /api/website/category/list [32m204 [0m4.157 ms - 0[0m
[0mOPTIONS /api/website/product/gcatalogsearch/result?search=Grocery%20And%20Staples [32m204 [0m1.516 ms - 0[0m
[0mOPTIONS /api/website/product/brand-category-list [32m204 [0m0.478 ms - 0[0m
[0mGET /api/website/category/list [36m304 [0m81.819 ms - -[0m
[0mPOST /api/website/product/brand-category-list [32m200 [0m89.651 ms - 79[0m
[0mGET /api/website/product/gcatalogsearch/result?search=Grocery%20And%20Staples [36m304 [0m433.045 ms - -[0m
[0mOPTIONS /api/website/category/list [32m204 [0m4.115 ms - 0[0m
[0mOPTIONS /api/website/product/gcatalogsearch/result?search=Grocery%20And%20Staples [32m204 [0m2.086 ms - 0[0m
[0mOPTIONS /api/website/product/brand-category-list [32m204 [0m0.923 ms - 0[0m
[0mGET /api/website/category/list [36m304 [0m69.358 ms - -[0m
[0mPOST /api/website/product/brand-category-list [32m200 [0m84.804 ms - 79[0m
[0mGET /api/website/product/gcatalogsearch/result?search=Grocery%20And%20Staples [36m304 [0m365.645 ms - -[0m
[0mOPTIONS /api/category/search-by-value [32m204 [0m1.840 ms - 0[0m
[0mPOST /api/category/search-by-value [32m200 [0m333.250 ms - 207505[0m
[0mPOST /api/category/search-by-value [32m200 [0m276.252 ms - 207505[0m
[0mOPTIONS /api/category/search-by-value [32m204 [0m1.644 ms - 0[0m
[0mPOST /api/category/search-by-value [32m200 [0m269.426 ms - 207505[0m
[0mOPTIONS /api/website/category/list [32m204 [0m3.794 ms - 0[0m
[0mOPTIONS /api/website/product/gcatalogsearch/result?search=Mens%20Grooming [32m204 [0m1.463 ms - 0[0m
[0mOPTIONS /api/website/product/brand-category-list [32m204 [0m0.912 ms - 0[0m
[0mGET /api/website/category/list [36m304 [0m90.780 ms - -[0m
[0mPOST /api/website/product/brand-category-list [32m200 [0m82.485 ms - 79[0m
[0mOPTIONS /api/category/search-by-value [32m204 [0m1.085 ms - 0[0m
[0mPOST /api/category/search-by-value [32m200 [0m407.927 ms - 207505[0m
[0mGET /api/website/product/gcatalogsearch/result?search=Mens%20Grooming [0m- [0m- ms - -[0m
[0mOPTIONS /api/website/category/list [32m204 [0m3.257 ms - 0[0m
[0mOPTIONS /api/website/product/gcatalogsearch/result?search=Beverages%20And%20Ice%20Cream [32m204 [0m1.560 ms - 0[0m
[0mOPTIONS /api/website/product/brand-category-list [32m204 [0m1.080 ms - 0[0m
[0mGET /api/website/category/list [36m304 [0m91.956 ms - -[0m
[0mPOST /api/website/product/brand-category-list [32m200 [0m92.038 ms - 79[0m
[0mGET /api/website/product/gcatalogsearch/result?search=Beverages%20And%20Ice%20Cream [32m200 [0m235.613 ms - 90600[0m
[0mOPTIONS /api/order/notifications [32m204 [0m2.852 ms - 0[0m
[0mOPTIONS /api/order/list [32m204 [0m1.566 ms - 0[0m
[0mOPTIONS /api/order/count [32m204 [0m0.270 ms - 0[0m
[0mGET /api/order/count [36m304 [0m74.625 ms - -[0m
[0mGET /api/order/notifications [36m304 [0m116.775 ms - -[0m
[0mGET /api/order/list [32m200 [0m239.475 ms - 192273[0m
[0mOPTIONS /api/order/notifications [32m204 [0m2.585 ms - 0[0m
[0mOPTIONS /api/product/brand-list [32m204 [0m1.833 ms - 0[0m
[0mGET /api/order/notifications [36m304 [0m50.465 ms - -[0m
[0mPOST /api/product/brand-list [32m200 [0m42.324 ms - 3979[0m
[0mOPTIONS /api/order/notifications [32m204 [0m0.951 ms - 0[0m
[0mOPTIONS /api/product/getAllproductList [32m204 [0m1.871 ms - 0[0m
[0mOPTIONS /api/category/admin/main-list [32m204 [0m1.497 ms - 0[0m
[0mOPTIONS /api/product/search/getAllproductList [32m204 [0m1.139 ms - 0[0m
[0mGET /api/order/notifications [36m304 [0m37.504 ms - -[0m
[0mGET /api/category/admin/main-list [36m304 [0m15.545 ms - -[0m
[0mPOST /api/product/getAllproductList [32m200 [0m427.801 ms - 90769[0m
[0mGET /api/product/search/getAllproductList [32m200 [0m419.938 ms - 4731255[0m
[0mOPTIONS /api/order/notifications [32m204 [0m4.372 ms - 0[0m
[0mOPTIONS /api/product/brand-list [32m204 [0m0.903 ms - 0[0m
[0mPOST /api/product/brand-list [32m200 [0m52.855 ms - 3979[0m
[0mGET /api/order/notifications [36m304 [0m77.638 ms - -[0m
[0mOPTIONS /api/order/notifications [32m204 [0m10.005 ms - 0[0m
[0mOPTIONS /api/product/brand-list [32m204 [0m3.058 ms - 0[0m
[0mPOST /api/product/brand-list [32m200 [0m107.861 ms - 3979[0m
[0mGET /api/order/notifications [32m200 [0m95.014 ms - 36[0m
[0mOPTIONS /api/order/notifications [32m204 [0m1.585 ms - 0[0m
[0mOPTIONS /api/product/brand-list [32m204 [0m0.342 ms - 0[0m
[0mPOST /api/product/brand-list [32m200 [0m38.838 ms - 3979[0m
[0mGET /api/order/notifications [36m304 [0m46.803 ms - -[0m
[0mOPTIONS /api/order/notifications [32m204 [0m1.927 ms - 0[0m
[0mOPTIONS /api/product/brand-list [32m204 [0m0.339 ms - 0[0m
[0mPOST /api/product/brand-list [32m200 [0m30.900 ms - 3979[0m
[0mGET /api/order/notifications [36m304 [0m31.253 ms - -[0m
[0mOPTIONS /api/order/notifications [32m204 [0m1.250 ms - 0[0m
[0mOPTIONS /api/product/brand-list [32m204 [0m0.329 ms - 0[0m
[0mPOST /api/product/brand-list [32m200 [0m22.052 ms - 3979[0m
[0mGET /api/order/notifications [36m304 [0m27.950 ms - -[0m
[0mOPTIONS /api/order/notifications [32m204 [0m1.968 ms - 0[0m
[0mOPTIONS /api/product/brand-list [32m204 [0m0.415 ms - 0[0m
[0mPOST /api/product/brand-list [32m200 [0m29.603 ms - 3979[0m
[0mGET /api/order/notifications [36m304 [0m38.126 ms - -[0m
[0mOPTIONS /api/order/notifications [32m204 [0m1.870 ms - 0[0m
[0mOPTIONS /api/product/brand-list [32m204 [0m0.354 ms - 0[0m
[0mPOST /api/product/brand-list [32m200 [0m29.169 ms - 3979[0m
[0mGET /api/order/notifications [36m304 [0m40.093 ms - -[0m
[0mOPTIONS /api/order/notifications [32m204 [0m2.651 ms - 0[0m
[0mOPTIONS /api/product/brand-list [32m204 [0m0.402 ms - 0[0m
[0mPOST /api/product/brand-list [32m200 [0m49.919 ms - 3979[0m
[0mGET /api/order/notifications [36m304 [0m49.626 ms - -[0m
[0mOPTIONS /api/order/notifications [32m204 [0m3.219 ms - 0[0m
[0mOPTIONS /api/product/brand-list [32m204 [0m2.442 ms - 0[0m
[0mPOST /api/product/brand-list [32m200 [0m29.371 ms - 3979[0m
[0mGET /api/order/notifications [36m304 [0m40.071 ms - -[0m
[0mOPTIONS /api/order/notifications [32m204 [0m2.420 ms - 0[0m
[0mOPTIONS /api/product/brand-list [32m204 [0m0.412 ms - 0[0m
[0mPOST /api/product/brand-list [32m200 [0m30.052 ms - 3979[0m
[0mGET /api/order/notifications [36m304 [0m40.026 ms - -[0m
[0mOPTIONS /api/product/brand-list [32m204 [0m3.227 ms - 0[0m
[0mPOST /api/product/brand-list [32m200 [0m60.148 ms - 466[0m
[0mOPTIONS /api/product/brand-list [32m204 [0m1.229 ms - 0[0m
[0mPOST /api/product/brand-list [32m200 [0m27.577 ms - 450[0m
[0mOPTIONS /api/order/notifications [32m204 [0m1.542 ms - 0[0m
[0mOPTIONS /api/product/brand-list [32m204 [0m0.794 ms - 0[0m
[0mPOST /api/product/brand-list [32m200 [0m39.791 ms - 3979[0m
[0mGET /api/order/notifications [36m304 [0m47.988 ms - -[0m
[0mOPTIONS /api/order/notifications [32m204 [0m1.549 ms - 0[0m
[0mOPTIONS /api/product/brand-list [32m204 [0m0.278 ms - 0[0m
[0mPOST /api/product/brand-list [32m200 [0m23.483 ms - 3979[0m
[0mGET /api/order/notifications [36m304 [0m23.556 ms - -[0m
[0mOPTIONS /api/order/notifications [32m204 [0m1.388 ms - 0[0m
[0mOPTIONS /api/product/brand-list [32m204 [0m0.784 ms - 0[0m
[0mPOST /api/product/brand-list [32m200 [0m21.308 ms - 3979[0m
[0mGET /api/order/notifications [36m304 [0m28.727 ms - -[0m
[0mOPTIONS /api/order/notifications [32m204 [0m4.554 ms - 0[0m
[0mOPTIONS /api/product/brand-list [32m204 [0m2.603 ms - 0[0m
[0mPOST /api/product/brand-list [32m200 [0m58.399 ms - 3979[0m
[0mGET /api/order/notifications [36m304 [0m67.958 ms - -[0m
[0mOPTIONS /api/order/notifications [32m204 [0m2.025 ms - 0[0m
[0mOPTIONS /api/product/brand-list [32m204 [0m1.150 ms - 0[0m
[0mPOST /api/product/brand-list [32m200 [0m39.520 ms - 3979[0m
[0mGET /api/order/notifications [36m304 [0m32.731 ms - -[0m
[0mOPTIONS /api/order/notifications [32m204 [0m1.556 ms - 0[0m
[0mOPTIONS /api/product/brand-list [32m204 [0m0.503 ms - 0[0m
[0mPOST /api/product/brand-list [32m200 [0m36.668 ms - 3979[0m
[0mGET /api/order/notifications [36m304 [0m42.680 ms - -[0m
[0mOPTIONS /api/order/notifications [32m204 [0m2.037 ms - 0[0m
[0mOPTIONS /api/product/brand-list [32m204 [0m1.028 ms - 0[0m
[0mPOST /api/product/brand-list [32m200 [0m44.311 ms - 3979[0m
[0mGET /api/order/notifications [36m304 [0m38.249 ms - -[0m
[0mOPTIONS /api/order/notifications [32m204 [0m0.515 ms - 0[0m
[0mGET /api/order/notifications [36m304 [0m36.777 ms - -[0m
[0mOPTIONS /api/product/brand-list [32m204 [0m0.945 ms - 0[0m
[0mPOST /api/product/brand-list [32m200 [0m12.727 ms - 3979[0m
[0mOPTIONS /api/product/brand-list [32m204 [0m1.433 ms - 0[0m
[0mPOST /api/product/brand-list [32m200 [0m14.489 ms - 234[0m
[0mOPTIONS /api/order/notifications [32m204 [0m1.092 ms - 0[0m
[0mOPTIONS /api/product/color/list [32m204 [0m0.288 ms - 0[0m
[0mPOST /api/product/color/list [32m200 [0m39.416 ms - 2894[0m
[0mGET /api/order/notifications [36m304 [0m44.572 ms - -[0m
[0mOPTIONS /api/order/notifications [32m204 [0m1.922 ms - 0[0m
[0mOPTIONS /api/product/color/list [32m204 [0m0.583 ms - 0[0m
[0mPOST /api/product/color/list [32m200 [0m39.143 ms - 2894[0m
[0mGET /api/order/notifications [36m304 [0m53.386 ms - -[0m
[0mOPTIONS /api/product/color/list [32m204 [0m1.142 ms - 0[0m
[0mPOST /api/product/color/list [32m200 [0m47.390 ms - 615[0m
[0mOPTIONS /api/product/color/list [32m204 [0m1.329 ms - 0[0m
[0mPOST /api/product/color/list [32m200 [0m17.471 ms - 321[0m
[0mOPTIONS /api/auth/seller/profile-details [32m204 [0m1.482 ms - 0[0m
[0mGET /api/auth/seller/profile-details [36m304 [0m23.886 ms - -[0m
[0mOPTIONS /api/auth/seller/login [32m204 [0m0.420 ms - 0[0m
[0mPOST /api/auth/seller/login [32m200 [0m314.183 ms - 212[0m
[0mOPTIONS /api/auth/seller/profile-details [32m204 [0m1.011 ms - 0[0m
[0mOPTIONS /api/seller/dasbhoard/list [32m204 [0m0.233 ms - 0[0m
[0mGET /api/auth/seller/profile-details [36m304 [0m15.093 ms - -[0m
[0mGET /api/seller/dasbhoard/list [36m304 [0m23.763 ms - -[0m
[0mOPTIONS /api/seller/product/list [32m204 [0m0.329 ms - 0[0m
[0mGET /api/auth/seller/profile-details [36m304 [0m7.695 ms - -[0m
[0mPOST /api/seller/product/list [32m200 [0m18.442 ms - 59[0m
[0mOPTIONS /api/category/admin/main-list [32m204 [0m0.557 ms - 0[0m
[0mOPTIONS /api/product/brand-list [32m204 [0m0.640 ms - 0[0m
[0mOPTIONS /api/product/color/list [32m204 [0m0.408 ms - 0[0m
[0mGET /api/auth/seller/profile-details [36m304 [0m10.850 ms - -[0m
[0mGET /api/category/admin/main-list [36m304 [0m16.914 ms - -[0m
[0mGET /api/product/color/list [32m200 [0m16.751 ms - 8726[0m
[0mPOST /api/product/brand-list [32m200 [0m20.948 ms - 3979[0m
[0mOPTIONS /api/auth/seller/profile-details [32m204 [0m1.078 ms - 0[0m
[0mOPTIONS /api/category/admin/main-list [32m204 [0m0.724 ms - 0[0m
[0mOPTIONS /api/product/brand-list [32m204 [0m0.362 ms - 0[0m
[0mOPTIONS /api/product/color/list [32m204 [0m0.197 ms - 0[0m
[0mGET /api/auth/seller/profile-details [32m200 [0m15.478 ms - 161[0m
[0mGET /api/category/admin/main-list [32m200 [0m17.462 ms - 14950[0m
[0mPOST /api/product/brand-list [32m200 [0m31.771 ms - 3979[0m
[0mGET /api/product/color/list [32m200 [0m31.741 ms - 8726[0m
[0mOPTIONS /api/auth/seller/profile-details [32m204 [0m9.102 ms - 0[0m
[0mOPTIONS /api/category/admin/main-list [32m204 [0m5.794 ms - 0[0m
[0mOPTIONS /api/seller/brand/list [32m204 [0m1.062 ms - 0[0m
[0mOPTIONS /api/product/color/list [32m204 [0m0.557 ms - 0[0m
[0mPOST /api/seller/brand/list [33m404 [0m50.938 ms - 3157[0m
[0mGET /api/auth/seller/profile-details [36m304 [0m115.104 ms - -[0m
[0mGET /api/category/admin/main-list [36m304 [0m59.633 ms - -[0m
[0mGET /api/product/color/list [36m304 [0m58.335 ms - -[0m
[0mOPTIONS /api/auth/seller/profile-details [32m204 [0m1.968 ms - 0[0m
[0mOPTIONS /api/category/admin/main-list [32m204 [0m1.142 ms - 0[0m
[0mOPTIONS /api/seller/brand/list [32m204 [0m0.917 ms - 0[0m
[0mOPTIONS /api/product/color/list [32m204 [0m0.729 ms - 0[0m
[0mGET /api/product/color/list [36m304 [0m109.159 ms - -[0m
[0mGET /api/seller/brand/list [32m200 [0m125.270 ms - 66646[0m
[0mGET /api/category/admin/main-list [36m304 [0m123.917 ms - -[0m
[0mGET /api/auth/seller/profile-details [36m304 [0m131.905 ms - -[0m
[0mOPTIONS /api/auth/seller/profile-details [32m204 [0m1.875 ms - 0[0m
[0mOPTIONS /api/category/admin/main-list [32m204 [0m1.420 ms - 0[0m
[0mOPTIONS /api/seller/brand/list [32m204 [0m1.316 ms - 0[0m
[0mOPTIONS /api/product/color/list [32m204 [0m0.366 ms - 0[0m
[0mGET /api/auth/seller/profile-details [36m304 [0m39.152 ms - -[0m
[0mGET /api/category/admin/main-list [36m304 [0m56.314 ms - -[0m
[0mGET /api/seller/brand/list [36m304 [0m61.905 ms - -[0m
[0mGET /api/product/color/list [36m304 [0m69.034 ms - -[0m
[0mOPTIONS /api/auth/seller/profile-details [32m204 [0m2.005 ms - 0[0m
[0mOPTIONS /api/category/admin/main-list [32m204 [0m0.858 ms - 0[0m
[0mOPTIONS /api/seller/brand/list [32m204 [0m0.742 ms - 0[0m
[0mOPTIONS /api/product/color/list [32m204 [0m0.535 ms - 0[0m
[0mGET /api/auth/seller/profile-details [36m304 [0m19.386 ms - -[0m
[0mGET /api/category/admin/main-list [36m304 [0m48.509 ms - -[0m
[0mGET /api/seller/brand/list [36m304 [0m57.398 ms - -[0m
[0mGET /api/product/color/list [36m304 [0m58.268 ms - -[0m
[0mOPTIONS /api/category/getAllSubCategory?categoryId=1 [32m204 [0m0.451 ms - 0[0m
[0mGET /api/category/getAllSubCategory?categoryId=1 [36m304 [0m18.861 ms - -[0m
[0mOPTIONS /api/category/getAllSubChildCategory?subcategoryId=2 [32m204 [0m0.505 ms - 0[0m
[0mGET /api/category/getAllSubChildCategory?subcategoryId=2 [36m304 [0m8.594 ms - -[0m
[0mOPTIONS /api/seller/product/create [32m204 [0m1.224 ms - 0[0m
[0mPOST /api/seller/product/create [31m500 [0m88.502 ms - 1761[0m
[0mOPTIONS /api/auth/seller/profile-details [32m204 [0m1.363 ms - 0[0m
[0mOPTIONS /api/category/admin/main-list [32m204 [0m2.930 ms - 0[0m
[0mOPTIONS /api/seller/brand/list [32m204 [0m1.023 ms - 0[0m
[0mOPTIONS /api/product/color/list [32m204 [0m0.287 ms - 0[0m
[0mGET /api/auth/seller/profile-details [36m304 [0m13.601 ms - -[0m
[0mGET /api/category/admin/main-list [36m304 [0m24.618 ms - -[0m
[0mGET /api/seller/brand/list [36m304 [0m69.257 ms - -[0m
[0mGET /api/product/color/list [36m304 [0m68.811 ms - -[0m
[0mOPTIONS /api/auth/seller/profile-details [32m204 [0m3.226 ms - 0[0m
[0mOPTIONS /api/category/admin/main-list [32m204 [0m1.523 ms - 0[0m
[0mOPTIONS /api/seller/brand/list [32m204 [0m1.350 ms - 0[0m
[0mOPTIONS /api/product/color/list [32m204 [0m1.169 ms - 0[0m
[0mGET /api/auth/seller/profile-details [36m304 [0m22.057 ms - -[0m
[0mGET /api/category/admin/main-list [36m304 [0m26.898 ms - -[0m
[0mGET /api/seller/brand/list [36m304 [0m46.033 ms - -[0m
[0mGET /api/product/color/list [36m304 [0m46.848 ms - -[0m
[0mOPTIONS /api/auth/seller/profile-details [32m204 [0m3.212 ms - 0[0m
[0mOPTIONS /api/category/admin/main-list [32m204 [0m0.982 ms - 0[0m
[0mOPTIONS /api/seller/brand/list [32m204 [0m0.797 ms - 0[0m
[0mOPTIONS /api/product/color/list [32m204 [0m0.623 ms - 0[0m
[0mGET /api/seller/brand/list [36m304 [0m73.132 ms - -[0m
[0mGET /api/auth/seller/profile-details [36m304 [0m71.144 ms - -[0m
[0mGET /api/category/admin/main-list [36m304 [0m75.195 ms - -[0m
[0mGET /api/product/color/list [36m304 [0m75.504 ms - -[0m
[0mOPTIONS /api/category/getAllSubCategory?categoryId=1 [32m204 [0m0.809 ms - 0[0m
[0mGET /api/category/getAllSubCategory?categoryId=1 [36m304 [0m11.028 ms - -[0m
[0mOPTIONS /api/category/getAllSubChildCategory?subcategoryId=2 [32m204 [0m0.421 ms - 0[0m
[0mGET /api/category/getAllSubChildCategory?subcategoryId=2 [36m304 [0m6.632 ms - -[0m
[0mOPTIONS /api/seller/product/create [32m204 [0m1.801 ms - 0[0m
[0mPOST /api/seller/product/create [31m500 [0m56.508 ms - 1773[0m
[0mOPTIONS /api/auth/seller/profile-details [32m204 [0m4.701 ms - 0[0m
[0mOPTIONS /api/category/admin/main-list [32m204 [0m1.061 ms - 0[0m
[0mOPTIONS /api/seller/brand/list [32m204 [0m0.790 ms - 0[0m
[0mOPTIONS /api/product/color/list [32m204 [0m0.587 ms - 0[0m
[0mGET /api/auth/seller/profile-details [36m304 [0m85.330 ms - -[0m
[0mGET /api/seller/brand/list [36m304 [0m86.048 ms - -[0m
[0mGET /api/product/color/list [36m304 [0m89.021 ms - -[0m
[0mGET /api/category/admin/main-list [36m304 [0m100.552 ms - -[0m
[0mOPTIONS /api/category/getAllSubCategory?categoryId=1 [32m204 [0m1.243 ms - 0[0m
[0mGET /api/category/getAllSubCategory?categoryId=1 [36m304 [0m5.433 ms - -[0m
[0mOPTIONS /api/category/getAllSubChildCategory?subcategoryId=5 [32m204 [0m0.457 ms - 0[0m
[0mGET /api/category/getAllSubChildCategory?subcategoryId=5 [32m200 [0m2.514 ms - 473[0m
[0mOPTIONS /api/seller/product/create [32m204 [0m1.718 ms - 0[0m
[0mPOST /api/seller/product/create [32m200 [0m67.850 ms - 71[0m
[0mOPTIONS /api/website/category/list [32m204 [0m5.930 ms - 0[0m
[0mGET /api/website/category/list [36m304 [0m107.328 ms - -[0m
[0mOPTIONS /api/website/product/new-arrival [32m204 [0m0.950 ms - 0[0m
[0mGET /api/website/product/new-arrival [32m200 [0m350.479 ms - 1159285[0m
[0mOPTIONS /api/category/search-by-value [32m204 [0m5.595 ms - 0[0m
[0mPOST /api/category/search-by-value [32m200 [0m345.486 ms - 207540[0m
[0mPOST /api/category/search-by-value [32m200 [0m264.328 ms - 207540[0m
[0mOPTIONS /api/website/product/gcatalogsearch/result?search=Kl%20Dugar%20Group [32m204 [0m0.829 ms - 0[0m
[0mOPTIONS /api/website/product/brand-category-list [32m204 [0m0.537 ms - 0[0m
[0mPOST /api/website/product/brand-category-list [32m200 [0m29.503 ms - 79[0m
[0mGET /api/website/product/gcatalogsearch/result?search=Kl%20Dugar%20Group [32m200 [0m81.103 ms - 7053[0m
[0mOPTIONS /api/category/search-by-value [32m204 [0m2.366 ms - 0[0m
[0mPOST /api/category/search-by-value [32m200 [0m297.125 ms - 207540[0m
[0mPOST /api/category/search-by-value [32m200 [0m258.983 ms - 207540[0m
[0mPOST /api/category/search-by-value [32m200 [0m268.527 ms - 207540[0m
[0mOPTIONS /api/website/category/list [32m204 [0m11.000 ms - 0[0m
[0mOPTIONS /api/website/product/gcatalogsearch/result?search=Baltra [32m204 [0m2.036 ms - 0[0m
[0mOPTIONS /api/website/product/brand-category-list [32m204 [0m0.944 ms - 0[0m
[0mGET /api/website/category/list [32m200 [0m71.018 ms - 23468[0m
[0mPOST /api/website/product/brand-category-list [32m200 [0m73.030 ms - 79[0m
[0mOPTIONS /api/category/search-by-value [32m204 [0m1.768 ms - 0[0m
[0mPOST /api/category/search-by-value [32m200 [0m326.583 ms - 207540[0m
[0mPOST /api/category/search-by-value [32m200 [0m253.661 ms - 207540[0m
[0mPOST /api/category/search-by-value [32m200 [0m246.619 ms - 207540[0m
[0mOPTIONS /api/website/category/list [32m204 [0m12.602 ms - 0[0m
[0mOPTIONS /api/website/product/gcatalogsearch/result?search=Baltra [32m204 [0m8.818 ms - 0[0m
[0mOPTIONS /api/website/product/brand-category-list [32m204 [0m5.333 ms - 0[0m
[0mGET /api/website/category/list [32m200 [0m75.012 ms - 23468[0m
[0mPOST /api/website/product/brand-category-list [32m200 [0m110.567 ms - 79[0m
[0mOPTIONS /api/category/search-by-value [32m204 [0m1.519 ms - 0[0m
[0mPOST /api/category/search-by-value [32m200 [0m311.250 ms - 207540[0m
[0mPOST /api/category/search-by-value [32m200 [0m229.177 ms - 207540[0m
[0mPOST /api/category/search-by-value [32m200 [0m226.791 ms - 207540[0m
[0mPOST /api/category/search-by-value [32m200 [0m225.755 ms - 207540[0m
[0mPOST /api/category/search-by-value [32m200 [0m186.110 ms - 207540[0m
[0mOPTIONS /api/website/category/list [32m204 [0m13.142 ms - 0[0m
[0mOPTIONS /api/website/product/gcatalogsearch/result?search=Baltra [32m204 [0m1.623 ms - 0[0m
[0mOPTIONS /api/website/product/brand-category-list [32m204 [0m7.701 ms - 0[0m
[0mGET /api/website/category/list [32m200 [0m104.627 ms - 23468[0m
[0mPOST /api/website/product/brand-category-list [32m200 [0m100.274 ms - 79[0m
[0mOPTIONS /api/website/category/list [32m204 [0m10.135 ms - 0[0m
[0mOPTIONS /api/website/product/gcatalogsearch/result?search=Baltra [32m204 [0m6.591 ms - 0[0m
[0mOPTIONS /api/website/product/brand-category-list [32m204 [0m6.249 ms - 0[0m
[0mGET /api/website/category/list [32m200 [0m89.130 ms - 23468[0m
[0mPOST /api/website/product/brand-category-list [32m200 [0m94.201 ms - 79[0m
[0mGET /api/website/product/gcatalogsearch/result?search=Baltra [32m200 [0m96.994 ms - 49[0m
[0mOPTIONS /api/website/category/list [32m204 [0m10.913 ms - 0[0m
[0mOPTIONS /api/website/product/gcatalogsearch/result?search=Baltra [32m204 [0m3.387 ms - 0[0m
[0mOPTIONS /api/website/product/brand-category-list [32m204 [0m1.171 ms - 0[0m
[0mGET /api/website/category/list [32m200 [0m74.788 ms - 23468[0m
[0mPOST /api/website/product/brand-category-list [32m200 [0m100.813 ms - 79[0m
[0mOPTIONS /api/website/category/list [32m204 [0m4.413 ms - 0[0m
[0mOPTIONS /api/website/product/gcatalogsearch/result?search=Baltra [32m204 [0m2.089 ms - 0[0m
[0mOPTIONS /api/website/product/brand-category-list [32m204 [0m1.004 ms - 0[0m
[0mGET /api/website/category/list [32m200 [0m79.149 ms - 23468[0m
[0mPOST /api/website/product/brand-category-list [32m200 [0m79.182 ms - 79[0m
[0mGET /api/website/product/gcatalogsearch/result?search=Baltra [32m200 [0m139.997 ms - 11304[0m
[0mOPTIONS /api/category/search-by-value [32m204 [0m16.446 ms - 0[0m
[0mPOST /api/category/search-by-value [32m200 [0m348.489 ms - 207540[0m
[0mPOST /api/category/search-by-value [32m200 [0m244.517 ms - 207540[0m
[0mPOST /api/category/search-by-value [32m200 [0m247.402 ms - 207540[0m
[0mPOST /api/category/search-by-value [32m200 [0m240.727 ms - 207540[0m
[0mOPTIONS /api/website/category/list [32m204 [0m4.266 ms - 0[0m
[0mOPTIONS /api/website/product/gcatalogsearch/result?search=Mjr [32m204 [0m6.009 ms - 0[0m
[0mOPTIONS /api/website/product/brand-category-list [32m204 [0m2.800 ms - 0[0m
[0mPOST /api/website/product/brand-category-list [32m200 [0m41.808 ms - 79[0m
[0mGET /api/website/product/gcatalogsearch/result?search=Mjr [32m200 [0m107.518 ms - 49[0m
[0mOPTIONS /api/category/search-by-value [32m204 [0m1.282 ms - 0[0m
[0mPOST /api/category/search-by-value [32m200 [0m348.474 ms - 207540[0m
[0mPOST /api/category/search-by-value [32m200 [0m264.232 ms - 207540[0m
[0mPOST /api/category/search-by-value [32m200 [0m256.061 ms - 207540[0m
[0mOPTIONS /api/website/category/list [32m204 [0m3.273 ms - 0[0m
[0mOPTIONS /api/website/product/gcatalogsearch/result?search=Midea [32m204 [0m2.849 ms - 0[0m
[0mOPTIONS /api/website/product/brand-category-list [32m204 [0m2.170 ms - 0[0m
[0mGET /api/website/category/list [36m304 [0m63.089 ms - -[0m
[0mPOST /api/website/product/brand-category-list [32m200 [0m62.386 ms - 79[0m
[0mGET /api/website/product/gcatalogsearch/result?search=Midea [32m200 [0m142.692 ms - 18120[0m
[0mOPTIONS /api/category/search-by-value [32m204 [0m2.724 ms - 0[0m
[0mPOST /api/category/search-by-value [32m200 [0m353.032 ms - 207540[0m
[0mPOST /api/category/search-by-value [32m200 [0m286.901 ms - 207540[0m
[0mOPTIONS /api/website/category/list [32m204 [0m2.137 ms - 0[0m
[0mOPTIONS /api/website/product/gcatalogsearch/result?search=Grocery%20And%20Staples [32m204 [0m1.161 ms - 0[0m
[0mOPTIONS /api/website/product/brand-category-list [32m204 [0m0.591 ms - 0[0m
[0mGET /api/website/category/list [36m304 [0m85.933 ms - -[0m
[0mPOST /api/website/product/brand-category-list [32m200 [0m80.363 ms - 79[0m
[0mGET /api/website/product/gcatalogsearch/result?search=Grocery%20And%20Staples [32m200 [0m336.677 ms - 378179[0m
[0mOPTIONS /api/website/category/list [32m204 [0m6.814 ms - 0[0m
[0mOPTIONS /api/website/product/gcatalogsearch/result?search=Grocery%20And%20Staples [32m204 [0m1.747 ms - 0[0m
[0mOPTIONS /api/website/product/brand-category-list [32m204 [0m1.135 ms - 0[0m
[0mGET /api/website/category/list [36m304 [0m99.104 ms - -[0m
[0mPOST /api/website/product/brand-category-list [32m200 [0m102.853 ms - 79[0m
[0mGET /api/website/product/gcatalogsearch/result?search=Grocery%20And%20Staples [36m304 [0m304.356 ms - -[0m
[0mOPTIONS /api/category/search-by-value [32m204 [0m0.948 ms - 0[0m
[0mPOST /api/category/search-by-value [32m200 [0m310.302 ms - 207540[0m
[0mPOST /api/category/search-by-value [32m200 [0m266.005 ms - 207540[0m
[0mPOST /api/category/search-by-value [32m200 [0m328.331 ms - 207540[0m
[0mPOST /api/category/search-by-value [32m200 [0m252.885 ms - 207540[0m
[0mOPTIONS /api/website/category/list [32m204 [0m4.447 ms - 0[0m
[0mOPTIONS /api/website/product/gcatalogsearch/result?search=Midea [32m204 [0m2.170 ms - 0[0m
[0mOPTIONS /api/website/product/brand-category-list [32m204 [0m1.311 ms - 0[0m
[0mGET /api/website/category/list [36m304 [0m90.941 ms - -[0m
[0mPOST /api/website/product/brand-category-list [32m200 [0m91.555 ms - 79[0m
[0mGET /api/website/product/gcatalogsearch/result?search=Midea [36m304 [0m133.702 ms - -[0m
[0mOPTIONS /api/website/category/list [32m204 [0m3.086 ms - 0[0m
[0mOPTIONS /api/website/product/gcatalogsearch/result?search=Midea [32m204 [0m7.946 ms - 0[0m
[0mOPTIONS /api/website/product/brand-category-list [32m204 [0m7.167 ms - 0[0m
[0mGET /api/website/category/list [36m304 [0m73.007 ms - -[0m
[0mPOST /api/website/product/brand-category-list [32m200 [0m72.987 ms - 79[0m
[0mGET /api/website/product/gcatalogsearch/result?search=Midea [36m304 [0m136.819 ms - -[0m
[0mGET /api/website/category/list [36m304 [0m35.852 ms - -[0m
[0mPOST /api/website/product/brand-category-list [32m200 [0m43.760 ms - 79[0m
[0mGET /api/website/product/gcatalogsearch/result?search=Midea [36m304 [0m93.033 ms - -[0m
[0mGET /api/website/category/list [36m304 [0m55.944 ms - -[0m
[0mPOST /api/website/product/brand-category-list [32m200 [0m36.129 ms - 79[0m
[0mGET /api/website/product/gcatalogsearch/result?search=Midea [36m304 [0m121.822 ms - -[0m
[0mOPTIONS /api/website/category/list [32m204 [0m1.426 ms - 0[0m
[0mOPTIONS /api/website/product/gcatalogsearch/result?search=Midea [32m204 [0m1.464 ms - 0[0m
[0mOPTIONS /api/website/product/brand-category-list [32m204 [0m2.864 ms - 0[0m
[0mGET /api/website/category/list [36m304 [0m52.185 ms - -[0m
[0mPOST /api/website/product/brand-category-list [32m200 [0m62.723 ms - 79[0m
[0mGET /api/website/product/gcatalogsearch/result?search=Midea [36m304 [0m129.930 ms - -[0m
[0mGET /api/website/category/list [36m304 [0m58.181 ms - -[0m
[0mPOST /api/website/product/brand-category-list [32m200 [0m72.334 ms - 79[0m
[0mGET /api/website/product/gcatalogsearch/result?search=Midea [36m304 [0m121.376 ms - -[0m
[0mGET /api/website/category/list [36m304 [0m37.852 ms - -[0m
[0mPOST /api/website/product/brand-category-list [32m200 [0m57.479 ms - 79[0m
[0mGET /api/website/product/gcatalogsearch/result?search=Midea [36m304 [0m109.909 ms - -[0m
[0mOPTIONS /api/website/category/list [32m204 [0m0.823 ms - 0[0m
[0mOPTIONS /api/website/product/gcatalogsearch/result?search=Midea [32m204 [0m0.829 ms - 0[0m
[0mGET /api/website/category/list [36m304 [0m64.475 ms - -[0m
[0mPOST /api/website/product/brand-category-list [32m200 [0m66.943 ms - 79[0m
[0mGET /api/website/product/gcatalogsearch/result?search=Midea [36m304 [0m116.179 ms - -[0m
[0mOPTIONS /api/website/product/brand-category-list [32m204 [0m1.718 ms - 0[0m
[0mGET /api/website/category/list [36m304 [0m49.560 ms - -[0m
[0mPOST /api/website/product/brand-category-list [32m200 [0m63.228 ms - 79[0m
[0mGET /api/website/product/gcatalogsearch/result?search=Midea [36m304 [0m123.845 ms - -[0m
[0mGET /api/website/category/list [36m304 [0m44.775 ms - -[0m
[0mPOST /api/website/product/brand-category-list [32m200 [0m38.900 ms - 79[0m
[0mGET /api/website/product/gcatalogsearch/result?search=Midea [36m304 [0m89.262 ms - -[0m
[0mOPTIONS /api/website/category/list [32m204 [0m0.634 ms - 0[0m
[0mOPTIONS /api/website/product/gcatalogsearch/result?search=Midea [32m204 [0m0.374 ms - 0[0m
[0mGET /api/website/category/list [36m304 [0m31.489 ms - -[0m
[0mPOST /api/website/product/brand-category-list [32m200 [0m47.330 ms - 79[0m
[0mGET /api/website/product/gcatalogsearch/result?search=Midea [36m304 [0m113.761 ms - -[0m
[0mOPTIONS /api/website/product/brand-category-list [32m204 [0m3.826 ms - 0[0m
[0mGET /api/website/category/list [36m304 [0m39.091 ms - -[0m
[0mPOST /api/website/product/brand-category-list [32m200 [0m28.703 ms - 79[0m
[0mGET /api/website/product/gcatalogsearch/result?search=Midea [36m304 [0m79.490 ms - -[0m
[0mGET /api/website/category/list [36m304 [0m52.543 ms - -[0m
[0mPOST /api/website/product/brand-category-list [32m200 [0m66.143 ms - 79[0m
[0mGET /api/website/product/gcatalogsearch/result?search=Midea [36m304 [0m166.754 ms - -[0m
[0mOPTIONS /api/website/category/list [32m204 [0m2.908 ms - 0[0m
[0mOPTIONS /api/website/product/gcatalogsearch/result?search=Midea [32m204 [0m3.248 ms - 0[0m
[0mGET /api/website/category/list [36m304 [0m59.387 ms - -[0m
[0mPOST /api/website/product/brand-category-list [32m200 [0m59.940 ms - 79[0m
[0mGET /api/website/product/gcatalogsearch/result?search=Midea [36m304 [0m112.110 ms - -[0m
[0mOPTIONS /api/website/product/brand-category-list [32m204 [0m10.018 ms - 0[0m
[0mGET /api/website/category/list [36m304 [0m38.938 ms - -[0m
[0mPOST /api/website/product/brand-category-list [32m200 [0m38.560 ms - 79[0m
[0mGET /api/website/product/gcatalogsearch/result?search=Midea [36m304 [0m83.762 ms - -[0m
[0mOPTIONS /api/website/category/list [32m204 [0m5.121 ms - 0[0m
[0mOPTIONS /api/website/product/gcatalogsearch/result?search=Midea [32m204 [0m2.657 ms - 0[0m
[0mOPTIONS /api/website/product/brand-category-list [32m204 [0m0.837 ms - 0[0m
[0mGET /api/website/category/list [32m200 [0m55.715 ms - 23468[0m
[0mPOST /api/website/product/brand-category-list [32m200 [0m68.670 ms - 79[0m
[0mGET /api/website/product/gcatalogsearch/result?search=Midea [32m200 [0m132.206 ms - 18120[0m
[0mOPTIONS /api/category/search-by-value [32m204 [0m1.115 ms - 0[0m
[0mPOST /api/category/search-by-value [32m200 [0m312.867 ms - 207540[0m
[0mOPTIONS /api/website/category/list [32m204 [0m5.183 ms - 0[0m
[0mOPTIONS /api/website/product/gcatalogsearch/result?search=Grocery%20And%20Staples [32m204 [0m2.538 ms - 0[0m
[0mOPTIONS /api/website/product/brand-category-list [32m204 [0m1.569 ms - 0[0m
[0mGET /api/website/category/list [36m304 [0m70.848 ms - -[0m
[0mPOST /api/website/product/brand-category-list [32m200 [0m71.152 ms - 79[0m
[0mGET /api/website/product/gcatalogsearch/result?search=Grocery%20And%20Staples [36m304 [0m328.459 ms - -[0m
[0mOPTIONS /api/category/search-by-value [32m204 [0m2.316 ms - 0[0m
[0mPOST /api/category/search-by-value [32m200 [0m271.802 ms - 207540[0m
[0mOPTIONS /api/category/search-by-value [32m204 [0m1.846 ms - 0[0m
[0mPOST /api/category/search-by-value [32m200 [0m244.965 ms - 207540[0m
[0mPOST /api/category/search-by-value [32m200 [0m286.083 ms - 207540[0m
[0mPOST /api/category/search-by-value [32m200 [0m220.675 ms - 207540[0m
[0mPOST /api/category/search-by-value [32m200 [0m264.819 ms - 207540[0m
[0mOPTIONS /api/website/category/list [32m204 [0m10.177 ms - 0[0m
[0mOPTIONS /api/website/product/gcatalogsearch/result?search=Grocery%20And%20Staples [32m204 [0m2.679 ms - 0[0m
[0mOPTIONS /api/website/product/brand-category-list [32m204 [0m3.184 ms - 0[0m
[0mGET /api/website/category/list [36m304 [0m84.425 ms - -[0m
[0mPOST /api/website/product/brand-category-list [32m200 [0m97.252 ms - 79[0m
[0mGET /api/website/product/gcatalogsearch/result?search=Grocery%20And%20Staples [36m304 [0m392.046 ms - -[0m
[0mOPTIONS /api/category/search-by-value [32m204 [0m2.924 ms - 0[0m
[0mPOST /api/category/search-by-value [32m200 [0m307.472 ms - 207540[0m
[0mOPTIONS /api/category/search-by-value [32m204 [0m4.565 ms - 0[0m
[0mPOST /api/category/search-by-value [32m200 [0m275.817 ms - 207540[0m
[0mPOST /api/category/search-by-value [32m200 [0m227.222 ms - 207540[0m
[0mPOST /api/category/search-by-value [32m200 [0m235.207 ms - 207540[0m
[0mOPTIONS /api/website/category/list [32m204 [0m4.711 ms - 0[0m
[0mOPTIONS /api/website/product/gcatalogsearch/result?search=Midea [32m204 [0m2.077 ms - 0[0m
[0mOPTIONS /api/website/product/brand-category-list [32m204 [0m10.325 ms - 0[0m
[0mGET /api/website/category/list [36m304 [0m82.947 ms - -[0m
[0mPOST /api/website/product/brand-category-list [32m200 [0m52.778 ms - 79[0m
[0mGET /api/website/product/gcatalogsearch/result?search=Midea [36m304 [0m122.780 ms - -[0m
[0mOPTIONS /api/category/search-by-value [32m204 [0m4.978 ms - 0[0m
[0mPOST /api/category/search-by-value [32m200 [0m348.812 ms - 207540[0m
[0mPOST /api/category/search-by-value [32m200 [0m548.670 ms - 207540[0m
[0mPOST /api/category/search-by-value [32m200 [0m775.602 ms - 207540[0m
[0mPOST /api/category/search-by-value [32m200 [0m779.031 ms - 207540[0m
[0mPOST /api/category/search-by-value [32m200 [0m789.398 ms - 207540[0m
[0mOPTIONS /api/website/category/list [32m204 [0m1.710 ms - 0[0m
[0mOPTIONS /api/website/product/gcatalogsearch/result?search=Grocery%20And%20Staples [32m204 [0m6.003 ms - 0[0m
[0mOPTIONS /api/website/product/brand-category-list [32m204 [0m1.742 ms - 0[0m
[0mGET /api/website/category/list [36m304 [0m56.977 ms - -[0m
[0mPOST /api/website/product/brand-category-list [32m200 [0m47.063 ms - 79[0m
[0mGET /api/website/product/gcatalogsearch/result?search=Grocery%20And%20Staples [36m304 [0m229.912 ms - -[0m
[0mOPTIONS /api/auth/seller/profile-details [32m204 [0m2.097 ms - 0[0m
[0mOPTIONS /api/seller/dasbhoard/list [32m204 [0m0.512 ms - 0[0m
[0mGET /api/auth/seller/profile-details [36m304 [0m48.816 ms - -[0m
[0mGET /api/seller/dasbhoard/list [32m200 [0m63.107 ms - 123[0m
[0mOPTIONS /api/website/category/list [32m204 [0m7.663 ms - 0[0m
[0mGET /api/website/category/list [36m304 [0m138.359 ms - -[0m
[0mOPTIONS /api/website/product/new-arrival [32m204 [0m1.204 ms - 0[0m
[0mGET /api/website/product/new-arrival [32m200 [0m309.024 ms - 1159285[0m
[0mOPTIONS /api/category/search-by-value [32m204 [0m8.158 ms - 0[0m
[0mPOST /api/category/search-by-value [32m200 [0m349.821 ms - 207540[0m
[0mPOST /api/category/search-by-value [32m200 [0m232.476 ms - 207540[0m
[0mPOST /api/category/search-by-value [32m200 [0m221.645 ms - 207540[0m
[0mOPTIONS /api/website/category/list [32m204 [0m5.669 ms - 0[0m
[0mOPTIONS /api/website/product/gcatalogsearch/result?search=Groundnut%20And%20Coconut%20Oil [32m204 [0m2.491 ms - 0[0m
[0mOPTIONS /api/website/product/brand-category-list [32m204 [0m1.270 ms - 0[0m
[0mGET /api/website/category/list [36m304 [0m68.875 ms - -[0m
[0mPOST /api/website/product/brand-category-list [32m200 [0m69.444 ms - 79[0m
[0mGET /api/website/product/gcatalogsearch/result?search=Groundnut%20And%20Coconut%20Oil [32m200 [0m118.530 ms - 49[0m
[0mOPTIONS /api/website/category/list [32m204 [0m4.270 ms - 0[0m
[0mGET /api/website/category/list [36m304 [0m67.721 ms - -[0m
[0mOPTIONS /api/website/product/new-arrival [32m204 [0m4.833 ms - 0[0m
[0mGET /api/website/product/new-arrival [36m304 [0m320.454 ms - -[0m
[0mOPTIONS /api/category/search-by-value [32m204 [0m9.981 ms - 0[0m
[0mPOST /api/category/search-by-value [32m200 [0m331.792 ms - 207540[0m
[0mPOST /api/category/search-by-value [32m200 [0m280.107 ms - 207540[0m
[0mOPTIONS /api/website/category/list [32m204 [0m2.439 ms - 0[0m
[0mOPTIONS /api/website/product/gcatalogsearch/result?search=Fan [32m204 [0m0.650 ms - 0[0m
[0mOPTIONS /api/website/product/brand-category-list [32m204 [0m10.689 ms - 0[0m
[0mGET /api/website/category/list [36m304 [0m81.588 ms - -[0m
[0mPOST /api/website/product/brand-category-list [32m200 [0m73.735 ms - 446[0m
[0mGET /api/website/product/gcatalogsearch/result?search=Fan [32m200 [0m170.412 ms - 55122[0m
[0mOPTIONS /api/website/product/gcatalogsearch/result?search=Fan [32m204 [0m2.665 ms - 0[0m
[0mOPTIONS /api/website/product/brand-category-list [32m204 [0m1.306 ms - 0[0m
[0mPOST /api/website/product/brand-category-list [32m200 [0m26.147 ms - 446[0m
[0mGET /api/website/product/gcatalogsearch/result?search=Fan [36m304 [0m146.747 ms - -[0m
[0mOPTIONS /api/website/category/list [32m204 [0m1.950 ms - 0[0m
[0mOPTIONS /api/website/product/detail [32m204 [0m1.248 ms - 0[0m
[0mPOST /api/website/product/detail [32m200 [0m97.979 ms - 2050[0m
[0mGET /api/website/category/list [36m304 [0m88.754 ms - -[0m
[0mOPTIONS /api/website/category/list [32m204 [0m12.179 ms - 0[0m
[0mOPTIONS /api/website/product/detail [32m204 [0m1.377 ms - 0[0m
[0mGET /api/website/category/list [36m304 [0m94.685 ms - -[0m
[0mPOST /api/website/product/detail [32m200 [0m91.041 ms - 2050[0m
[0mOPTIONS /api/website/category/list [32m204 [0m4.054 ms - 0[0m
[0mOPTIONS /api/website/product/detail [32m204 [0m0.537 ms - 0[0m
[0mGET /api/website/category/list [36m304 [0m90.209 ms - -[0m
[0mPOST /api/website/product/detail [32m200 [0m90.333 ms - 2050[0m
[0mOPTIONS /api/website/category/list [32m204 [0m4.031 ms - 0[0m
[0mOPTIONS /api/website/product/detail [32m204 [0m1.771 ms - 0[0m
[0mPOST /api/website/product/detail [32m200 [0m66.623 ms - 2050[0m
[0mGET /api/website/category/list [36m304 [0m48.639 ms - -[0m
[0mOPTIONS /api/website/category/list [32m204 [0m8.845 ms - 0[0m
[0mOPTIONS /api/website/product/detail [32m204 [0m2.591 ms - 0[0m
[0mPOST /api/website/product/detail [32m200 [0m89.193 ms - 2050[0m
[0mGET /api/website/category/list [36m304 [0m72.345 ms - -[0m
[0mOPTIONS /api/category/search-by-value [32m204 [0m0.945 ms - 0[0m
[0mPOST /api/category/search-by-value [32m200 [0m396.192 ms - 207540[0m
[0mPOST /api/category/search-by-value [32m200 [0m292.800 ms - 207540[0m
[0mOPTIONS /api/website/category/list [32m204 [0m8.046 ms - 0[0m
[0mOPTIONS /api/website/product/gcatalogsearch/result?search=Heng%20Fang [32m204 [0m2.315 ms - 0[0m
[0mOPTIONS /api/website/product/brand-category-list [32m204 [0m4.854 ms - 0[0m
[0mGET /api/website/category/list [36m304 [0m92.806 ms - -[0m
[0mPOST /api/website/product/brand-category-list [32m200 [0m72.924 ms - 79[0m
[0mGET /api/website/product/gcatalogsearch/result?search=Heng%20Fang [32m200 [0m153.075 ms - 49[0m
[0mOPTIONS /api/category/search-by-value [32m204 [0m2.156 ms - 0[0m
[0mPOST /api/category/search-by-value [32m200 [0m302.242 ms - 207540[0m
[0mPOST /api/category/search-by-value [32m200 [0m308.652 ms - 207540[0m
[0mOPTIONS /api/website/category/list [32m204 [0m2.690 ms - 0[0m
[0mOPTIONS /api/website/product/gcatalogsearch/result?search=Fan [32m204 [0m1.579 ms - 0[0m
[0mOPTIONS /api/website/product/brand-category-list [32m204 [0m1.092 ms - 0[0m
[0mGET /api/website/category/list [36m304 [0m96.734 ms - -[0m
[0mPOST /api/website/product/brand-category-list [32m200 [0m87.048 ms - 446[0m
[0mGET /api/website/product/gcatalogsearch/result?search=Fan [36m304 [0m178.272 ms - -[0m
[0mOPTIONS /api/website/product/detail [32m204 [0m1.629 ms - 0[0m
[0mPOST /api/website/product/detail [32m200 [0m53.964 ms - 2268[0m
[0mOPTIONS /api/website/category/list [32m204 [0m2.703 ms - 0[0m
[0mGET /api/website/category/list [36m304 [0m93.471 ms - -[0m
[0mOPTIONS /api/website/product/new-arrival [32m204 [0m1.326 ms - 0[0m
[0mGET /api/website/product/new-arrival [36m304 [0m415.286 ms - -[0m
[0mOPTIONS /api/category/search-by-value [32m204 [0m6.773 ms - 0[0m
[0mPOST /api/category/search-by-value [32m200 [0m315.643 ms - 207540[0m
[0mPOST /api/category/search-by-value [32m200 [0m215.689 ms - 207540[0m
[0mOPTIONS /api/website/category/list [32m204 [0m0.867 ms - 0[0m
[0mOPTIONS /api/website/product/gcatalogsearch/result?search=Fan [32m204 [0m0.889 ms - 0[0m
[0mOPTIONS /api/website/product/brand-category-list [32m204 [0m7.986 ms - 0[0m
[0mGET /api/website/category/list [36m304 [0m58.821 ms - -[0m
[0mPOST /api/website/product/brand-category-list [32m200 [0m49.555 ms - 446[0m
[0mGET /api/website/product/gcatalogsearch/result?search=Fan [36m304 [0m126.966 ms - -[0m
[0mOPTIONS /api/category/search-by-value [32m204 [0m9.767 ms - 0[0m
[0mPOST /api/category/search-by-value [32m200 [0m309.497 ms - 207540[0m
[0mPOST /api/category/search-by-value [32m200 [0m238.510 ms - 207540[0m
[0mOPTIONS /api/website/category/list [32m204 [0m3.919 ms - 0[0m
[0mOPTIONS /api/website/product/gcatalogsearch/result?search=Fan [32m204 [0m7.676 ms - 0[0m
[0mOPTIONS /api/website/product/brand-category-list [32m204 [0m7.174 ms - 0[0m
[0mGET /api/website/category/list [36m304 [0m73.174 ms - -[0m
[0mPOST /api/website/product/brand-category-list [32m200 [0m59.063 ms - 446[0m
[0mGET /api/website/product/gcatalogsearch/result?search=Fan [36m304 [0m148.452 ms - -[0m
[0mOPTIONS /api/category/search-by-value [32m204 [0m9.544 ms - 0[0m
[0mPOST /api/category/search-by-value [32m200 [0m300.359 ms - 207540[0m
[0mPOST /api/category/search-by-value [32m200 [0m231.063 ms - 207540[0m
[0mOPTIONS /api/website/category/list [32m204 [0m7.445 ms - 0[0m
[0mOPTIONS /api/website/product/gcatalogsearch/result?search=Fan [32m204 [0m2.309 ms - 0[0m
[0mOPTIONS /api/website/product/brand-category-list [32m204 [0m20.314 ms - 0[0m
[0mGET /api/website/category/list [36m304 [0m157.423 ms - -[0m
[0mPOST /api/website/product/brand-category-list [32m200 [0m105.953 ms - 446[0m
[0mGET /api/website/product/gcatalogsearch/result?search=Fan [36m304 [0m216.403 ms - -[0m
[0mOPTIONS /api/category/search-by-value [32m204 [0m15.346 ms - 0[0m
[0mPOST /api/category/search-by-value [32m200 [0m326.405 ms - 207540[0m
[0mPOST /api/category/search-by-value [32m200 [0m261.739 ms - 207540[0m
[0mPOST /api/category/search-by-value [32m200 [0m223.095 ms - 207540[0m
[0mPOST /api/category/search-by-value [32m200 [0m222.137 ms - 207540[0m
[0mPOST /api/category/search-by-value [32m200 [0m184.870 ms - 207540[0m
[0mOPTIONS /api/website/category/list [32m204 [0m1.799 ms - 0[0m
[0mOPTIONS /api/website/product/gcatalogsearch/result?search=Grocery%20And%20Staples [32m204 [0m1.259 ms - 0[0m
[0mOPTIONS /api/website/product/brand-category-list [32m204 [0m9.177 ms - 0[0m
[0mGET /api/website/category/list [36m304 [0m67.668 ms - -[0m
[0mPOST /api/website/product/brand-category-list [32m200 [0m48.238 ms - 79[0m
[0mGET /api/website/product/gcatalogsearch/result?search=Grocery%20And%20Staples [32m200 [0m269.462 ms - 378179[0m
[0mOPTIONS /api/category/search-by-value [32m204 [0m3.918 ms - 0[0m
[0mPOST /api/category/search-by-value [32m200 [0m289.906 ms - 207540[0m
[0mPOST /api/category/search-by-value [32m200 [0m269.301 ms - 207540[0m
[0mPOST /api/category/search-by-value [0m- [0m- ms - -[0m
[0mOPTIONS /api/website/category/list [32m204 [0m1.919 ms - 0[0m
[0mOPTIONS /api/website/product/gcatalogsearch/result?search=Heng%20Fang [32m204 [0m2.333 ms - 0[0m
[0mOPTIONS /api/website/product/brand-category-list [32m204 [0m1.450 ms - 0[0m
[0mGET /api/website/category/list [36m304 [0m60.377 ms - -[0m
[0mPOST /api/website/product/brand-category-list [32m200 [0m44.960 ms - 79[0m
[0mGET /api/website/product/gcatalogsearch/result?search=Heng%20Fang [36m304 [0m97.542 ms - -[0m
[0mOPTIONS /api/website/category/list [32m204 [0m9.241 ms - 0[0m
[0mOPTIONS /api/website/product/gcatalogsearch/result?search=Heng%20Fang [32m204 [0m1.160 ms - 0[0m
[0mOPTIONS /api/website/product/brand-category-list [32m204 [0m5.034 ms - 0[0m
[0mGET /api/website/category/list [36m304 [0m83.363 ms - -[0m
[0mPOST /api/website/product/brand-category-list [32m200 [0m70.126 ms - 79[0m
[0mGET /api/website/product/gcatalogsearch/result?search=Heng%20Fang [36m304 [0m133.038 ms - -[0m
[0mOPTIONS /api/category/search-by-value [32m204 [0m20.442 ms - 0[0m
[0mPOST /api/category/search-by-value [32m200 [0m368.780 ms - 207540[0m
[0mPOST /api/category/search-by-value [32m200 [0m272.593 ms - 207540[0m
[0mOPTIONS /api/website/category/list [32m204 [0m2.754 ms - 0[0m
[0mOPTIONS /api/website/product/gcatalogsearch/result?search=Fan [32m204 [0m1.330 ms - 0[0m
[0mOPTIONS /api/website/product/brand-category-list [32m204 [0m8.149 ms - 0[0m
[0mGET /api/website/category/list [36m304 [0m72.950 ms - -[0m
[0mPOST /api/website/product/brand-category-list [32m200 [0m63.512 ms - 446[0m
[0mGET /api/website/product/gcatalogsearch/result?search=Fan [32m200 [0m171.998 ms - 56454[0m
[0mOPTIONS /api/website/category/list [32m204 [0m6.221 ms - 0[0m
[0mOPTIONS /api/website/product/gcatalogsearch/result?search=Fan [32m204 [0m2.247 ms - 0[0m
[0mOPTIONS /api/website/product/brand-category-list [32m204 [0m0.985 ms - 0[0m
[0mGET /api/website/category/list [32m200 [0m92.011 ms - 23468[0m
[0mPOST /api/website/product/brand-category-list [32m200 [0m104.754 ms - 446[0m
[0mGET /api/website/product/gcatalogsearch/result?search=Fan [32m200 [0m225.244 ms - 55122[0m
[0mOPTIONS /api/website/category/list [32m204 [0m3.824 ms - 0[0m
[0mOPTIONS /api/website/product/gcatalogsearch/result?search=Fan [32m204 [0m3.843 ms - 0[0m
[0mOPTIONS /api/website/product/brand-category-list [32m204 [0m3.458 ms - 0[0m
[0mGET /api/website/category/list [36m304 [0m86.963 ms - -[0m
[0mPOST /api/website/product/brand-category-list [32m200 [0m95.130 ms - 446[0m
[0mGET /api/website/product/gcatalogsearch/result?search=Fan [36m304 [0m179.672 ms - -[0m
[0mOPTIONS /api/website/category/list [32m204 [0m2.856 ms - 0[0m
[0mOPTIONS /api/website/product/gcatalogsearch/result?search=Fan [32m204 [0m1.044 ms - 0[0m
[0mOPTIONS /api/website/product/brand-category-list [32m204 [0m0.334 ms - 0[0m
[0mGET /api/website/category/list [36m304 [0m53.556 ms - -[0m
[0mPOST /api/website/product/brand-category-list [32m200 [0m62.927 ms - 446[0m
[0mGET /api/website/product/gcatalogsearch/result?search=Fan [36m304 [0m139.686 ms - -[0m
[0mOPTIONS /api/website/category/list [32m204 [0m1.541 ms - 0[0m
[0mOPTIONS /api/website/product/gcatalogsearch/result?search=Fan [32m204 [0m1.477 ms - 0[0m
[0mOPTIONS /api/website/product/brand-category-list [32m204 [0m0.962 ms - 0[0m
[0mGET /api/website/category/list [32m200 [0m45.086 ms - 23468[0m
[0mPOST /api/website/product/brand-category-list [32m200 [0m45.125 ms - 446[0m
[0mGET /api/website/product/gcatalogsearch/result?search=Fan [32m200 [0m91.780 ms - 55122[0m
[0mOPTIONS /api/website/category/list [32m204 [0m6.350 ms - 0[0m
[0mOPTIONS /api/website/product/gcatalogsearch/result?search=Fan [32m204 [0m3.310 ms - 0[0m
[0mOPTIONS /api/website/product/brand-category-list [32m204 [0m0.695 ms - 0[0m
[0mGET /api/website/category/list [36m304 [0m48.872 ms - -[0m
[0mPOST /api/website/product/brand-category-list [32m200 [0m73.927 ms - 446[0m
[0mGET /api/website/product/gcatalogsearch/result?search=Fan [36m304 [0m128.251 ms - -[0m
[0mOPTIONS /api/website/category/list [32m204 [0m1.202 ms - 0[0m
[0mOPTIONS /api/website/product/gcatalogsearch/result?search=Fan [32m204 [0m1.805 ms - 0[0m
[0mOPTIONS /api/website/product/brand-category-list [32m204 [0m1.191 ms - 0[0m
[0mGET /api/website/category/list [32m200 [0m34.259 ms - 23468[0m
[0mPOST /api/website/product/brand-category-list [32m200 [0m38.079 ms - 446[0m
[0mGET /api/website/product/gcatalogsearch/result?search=Fan [32m200 [0m103.311 ms - 55122[0m
[0mOPTIONS /api/website/category/list [32m204 [0m2.258 ms - 0[0m
[0mOPTIONS /api/website/product/gcatalogsearch/result?search=Fan [32m204 [0m1.719 ms - 0[0m
[0mOPTIONS /api/website/product/brand-category-list [32m204 [0m1.242 ms - 0[0m
[0mGET /api/website/category/list [36m304 [0m38.875 ms - -[0m
[0mPOST /api/website/product/brand-category-list [32m200 [0m31.562 ms - 446[0m
[0mGET /api/website/product/gcatalogsearch/result?search=Fan [36m304 [0m99.566 ms - -[0m
