[0mOPTIONS /api/customer/getUserByEmailId [32m204 [0m5.173 ms - 0[0m
[0mOPTIONS /api/customer/getUserByEmailId [32m204 [0m6.102 ms - 0[0m
[0mGET /api/website/popular/category-list [32m200 [0m79.938 ms - 8014[0m
[0mGET /api/website/product/new-arrival [32m200 [0m114.218 ms - 8546[0m
[0mGET /api/website/product/women-fashion [32m200 [0m173.297 ms - 16124[0m
[0mGET /api/website/product/home-kitchen [32m200 [0m177.516 ms - 15230[0m
[0mGET /api/website/product/men-fashion [32m200 [0m175.479 ms - 14958[0m
[0mGET /api/customer/getUserByEmailId [33m403 [0m50.426 ms - 36[0m
[0mGET /api/website/category/list [32m200 [0m207.909 ms - 26708[0m
[0mGET /api/customer/getUserByEmailId [33m403 [0m6.311 ms - 36[0m
[0mGET /api/website/category/list [36m304 [0m21.251 ms - -[0m
[0mGET /api/website/category/list [36m304 [0m25.418 ms - -[0m
[0mGET /api/website/category/list [0m- [0m- ms - -[0m
[0mGET /api/website/category/list [32m200 [0m34.638 ms - 26708[0m
[0mGET /api/website/popular/category-list [36m304 [0m12.179 ms - -[0m
[0mGET /api/website/product/new-arrival [36m304 [0m35.549 ms - -[0m
[0mGET /api/website/product/home-kitchen [36m304 [0m76.632 ms - -[0m
[0mGET /api/website/product/men-fashion [36m304 [0m74.771 ms - -[0m
[0mGET /api/website/product/women-fashion [36m304 [0m77.085 ms - -[0m
[0mGET /api/website/category/list [36m304 [0m53.648 ms - -[0m
[0mGET /api/website/category/list [36m304 [0m25.428 ms - -[0m
[0mGET /api/website/category/list [36m304 [0m16.137 ms - -[0m
[0mGET /api/website/category/list [36m304 [0m76.789 ms - -[0m
[0mGET /api/website/popular/category-list [36m304 [0m91.349 ms - -[0m
[0mGET /api/website/product/new-arrival [36m304 [0m107.702 ms - -[0m
[0mGET /api/website/product/women-fashion [36m304 [0m108.627 ms - -[0m
[0mGET /api/website/product/home-kitchen [36m304 [0m110.369 ms - -[0m
[0mGET /api/website/product/men-fashion [36m304 [0m124.643 ms - -[0m
[0mGET /api/website/popular/category-list [36m304 [0m18.352 ms - -[0m
[0mGET /api/website/product/men-fashion [36m304 [0m57.393 ms - -[0m
[0mGET /api/website/product/home-kitchen [36m304 [0m64.685 ms - -[0m
[0mGET /api/website/product/new-arrival [36m304 [0m58.600 ms - -[0m
[0mGET /api/website/product/women-fashion [36m304 [0m58.044 ms - -[0m
[0mGET /api/website/popular/category-list [36m304 [0m70.882 ms - -[0m
[0mGET /api/website/category/list [36m304 [0m99.759 ms - -[0m
[0mGET /api/website/product/new-arrival [36m304 [0m120.927 ms - -[0m
[0mGET /api/website/product/women-fashion [36m304 [0m121.988 ms - -[0m
[0mGET /api/website/product/home-kitchen [36m304 [0m127.600 ms - -[0m
[0mGET /api/website/product/men-fashion [36m304 [0m147.834 ms - -[0m
[0mGET /api/website/category/list [36m304 [0m27.634 ms - -[0m
[0mGET /api/website/category/list [36m304 [0m12.361 ms - -[0m
[0mGET /api/website/category/list [36m304 [0m12.409 ms - -[0m
[0mGET /api/website/category/list [36m304 [0m42.976 ms - -[0m
[0mGET /api/website/popular/category-list [36m304 [0m29.220 ms - -[0m
[0mGET /api/website/product/new-arrival [36m304 [0m48.626 ms - -[0m
[0mGET /api/website/product/men-fashion [36m304 [0m75.880 ms - -[0m
[0mGET /api/website/product/home-kitchen [36m304 [0m106.987 ms - -[0m
[0mGET /api/website/product/women-fashion [36m304 [0m104.508 ms - -[0m
[0mGET /api/website/category/list [36m304 [0m80.359 ms - -[0m
[0mGET /api/website/category/list [36m304 [0m25.694 ms - -[0m
[0mGET /api/website/category/list [36m304 [0m11.752 ms - -[0m
[0mGET /api/website/autosuggest/search?limit=5&query=bo [32m200 [0m64.223 ms - 18062[0m
[0mGET /api/website/autosuggest/search?limit=5&query=boy [32m200 [0m25.999 ms - 275[0m
[0mGET /api/website/autosuggest/search?limit=5&query=boys [32m200 [0m19.104 ms - 49[0m
[0mGET /api/website/autosuggest/search?limit=5&query=boys%20 [32m200 [0m23.721 ms - 49[0m
[0mGET /api/website/autosuggest/search?limit=5&query=boys%20h [32m200 [0m20.383 ms - 49[0m
[0mGET /api/website/autosuggest/search?limit=5&query=boys%20ho [32m200 [0m20.580 ms - 49[0m
[0mGET /api/website/autosuggest/search?limit=5&query=boys%20hoo [32m200 [0m19.723 ms - 49[0m
[0mGET /api/website/autosuggest/search?limit=5&query=boys%20ho [36m304 [0m22.649 ms - -[0m
[0mGET /api/website/autosuggest/search?limit=5&query=m [32m200 [0m117.619 ms - 240027[0m
[0mGET /api/website/autosuggest/search?limit=5&query=me [32m200 [0m41.933 ms - 55674[0m
[0mGET /api/website/autosuggest/search?limit=5&query=men [32m200 [0m31.363 ms - 25623[0m
[0mGET /api/website/autosuggest/search?limit=5&query=men%20 [32m200 [0m45.095 ms - 25623[0m
[0mGET /api/website/autosuggest/search?limit=5&query=men%20h [32m200 [0m25.122 ms - 274[0m
[0mGET /api/website/autosuggest/search?limit=5&query=men%20ho [32m200 [0m22.459 ms - 274[0m
[0mGET /api/website/catalog/category/search?queryString=solid-men-hooded-neck-black-grey-t-shirt [32m200 [0m20.260 ms - 62[0m
[0mGET /api/website/catalog/product/search?filter_category=solid-men-hooded-neck-black-grey-t-shirt%20 [32m200 [0m104.393 ms - 494[0m
[0mGET /api/website/popular/category-list [36m304 [0m31.537 ms - -[0m
[0mGET /api/website/category/list [36m304 [0m43.631 ms - -[0m
[0mGET /api/website/product/men-fashion [36m304 [0m64.459 ms - -[0m
[0mGET /api/website/product/new-arrival [36m304 [0m61.938 ms - -[0m
[0mGET /api/website/product/women-fashion [36m304 [0m61.198 ms - -[0m
[0mGET /api/website/product/home-kitchen [36m304 [0m61.291 ms - -[0m
[0mGET /api/website/category/list [36m304 [0m37.039 ms - -[0m
[0mGET /api/website/category/list [36m304 [0m19.413 ms - -[0m
[0mGET /api/website/catalog/category/search?queryString=Hoody%20for%20Men [32m200 [0m68.215 ms - 846[0m
[0mGET /api/website/category/list [36m304 [0m19.784 ms - -[0m
[0mGET /api/website/catalog/product/search?filter_category=Hoody%20for%20Men [32m200 [0m88.431 ms - 2586[0m
[0mGET /api/website/category/list [36m304 [0m90.162 ms - -[0m
[0mGET /api/website/popular/category-list [36m304 [0m77.084 ms - -[0m
[0mGET /api/website/product/new-arrival [36m304 [0m82.700 ms - -[0m
[0mGET /api/website/product/home-kitchen [36m304 [0m106.596 ms - -[0m
[0mGET /api/website/product/women-fashion [36m304 [0m103.813 ms - -[0m
[0mGET /api/website/product/men-fashion [36m304 [0m104.108 ms - -[0m
[0mGET /api/website/popular/category-list [36m304 [0m37.939 ms - -[0m
[0mGET /api/website/category/list [36m304 [0m50.830 ms - -[0m
[0mGET /api/website/product/new-arrival [36m304 [0m44.549 ms - -[0m
[0mGET /api/website/product/home-kitchen [36m304 [0m108.304 ms - -[0m
[0mGET /api/website/product/men-fashion [36m304 [0m109.534 ms - -[0m
[0mGET /api/website/product/women-fashion [36m304 [0m106.849 ms - -[0m
[0mGET /api/website/category/list [36m304 [0m68.470 ms - -[0m
[0mGET /api/website/category/list [36m304 [0m19.322 ms - -[0m
[0mGET /api/website/category/list [36m304 [0m20.853 ms - -[0m
[0mGET /api/website/category/list [36m304 [0m52.980 ms - -[0m
[0mGET /api/website/popular/category-list [36m304 [0m45.240 ms - -[0m
[0mGET /api/website/product/home-kitchen [36m304 [0m83.238 ms - -[0m
[0mGET /api/website/product/new-arrival [36m304 [0m82.174 ms - -[0m
[0mGET /api/website/product/men-fashion [36m304 [0m93.573 ms - -[0m
[0mGET /api/website/product/women-fashion [36m304 [0m94.145 ms - -[0m
[0mGET /api/website/category/list [36m304 [0m45.934 ms - -[0m
[0mGET /api/website/category/list [36m304 [0m13.314 ms - -[0m
[0mGET /api/website/category/list [36m304 [0m29.195 ms - -[0m
[0mGET /api/website/category/list [36m304 [0m51.847 ms - -[0m
[0mGET /api/website/popular/category-list [36m304 [0m41.730 ms - -[0m
[0mGET /api/website/product/new-arrival [36m304 [0m63.384 ms - -[0m
[0mGET /api/website/product/women-fashion [36m304 [0m69.113 ms - -[0m
[0mGET /api/website/product/men-fashion [36m304 [0m73.550 ms - -[0m
[0mGET /api/website/product/home-kitchen [36m304 [0m83.857 ms - -[0m
[0mGET /api/website/category/list [36m304 [0m39.067 ms - -[0m
[0mGET /api/website/category/list [36m304 [0m12.731 ms - -[0m
[0mGET /api/website/category/list [36m304 [0m13.032 ms - -[0m
[0mGET /api/website/category/list [32m200 [0m50.092 ms - 26708[0m
[0mGET /api/website/category/list [32m200 [0m77.587 ms - 26708[0m
[0mGET /api/website/product/home-kitchen [32m200 [0m124.182 ms - 15230[0m
[0mGET /api/website/category/list [32m200 [0m150.315 ms - 26708[0m
[0mGET /api/website/category/list [32m200 [0m149.479 ms - 26708[0m
[0mGET /api/website/product/women-fashion [32m200 [0m131.460 ms - 16124[0m
[0mGET /api/website/popular/category-list [32m200 [0m18.175 ms - 8014[0m
[0mGET /api/website/product/new-arrival [32m200 [0m69.412 ms - 8546[0m
[0mGET /api/website/product/men-fashion [32m200 [0m101.170 ms - 14958[0m
[0mGET /api/website/popular/category-list [36m304 [0m36.549 ms - -[0m
[0mGET /api/website/category/list [36m304 [0m46.681 ms - -[0m
[0mGET /api/website/product/new-arrival [36m304 [0m76.696 ms - -[0m
[0mGET /api/website/product/home-kitchen [36m304 [0m80.144 ms - -[0m
[0mGET /api/website/product/men-fashion [36m304 [0m78.160 ms - -[0m
[0mGET /api/website/product/women-fashion [36m304 [0m78.151 ms - -[0m
[0mGET /api/website/category/list [36m304 [0m45.014 ms - -[0m
[0mGET /api/website/category/list [36m304 [0m11.913 ms - -[0m
[0mGET /api/website/category/list [36m304 [0m13.802 ms - -[0m
[0mGET /api/website/category/list [32m200 [0m50.159 ms - 26708[0m
[0mGET /api/website/category/list [32m200 [0m80.750 ms - 26708[0m
[0mGET /api/website/category/list [32m200 [0m84.834 ms - 26708[0m
[0mGET /api/website/category/list [32m200 [0m86.786 ms - 26708[0m
[0mGET /api/website/popular/category-list [32m200 [0m32.133 ms - 8014[0m
[0mGET /api/website/product/home-kitchen [32m200 [0m119.508 ms - 15230[0m
[0mGET /api/website/product/women-fashion [32m200 [0m118.725 ms - 16124[0m
[0mGET /api/website/product/new-arrival [32m200 [0m47.505 ms - 8546[0m
[0mGET /api/website/product/men-fashion [32m200 [0m52.367 ms - 14958[0m
[0mGET /api/website/category/list [32m200 [0m56.084 ms - 26708[0m
[0mGET /api/website/category/list [32m200 [0m70.242 ms - 26708[0m
[0mGET /api/website/category/list [32m200 [0m75.985 ms - 26708[0m
[0mGET /api/website/category/list [32m200 [0m77.391 ms - 26708[0m
[0mGET /api/website/popular/category-list [32m200 [0m31.438 ms - 8014[0m
[0mGET /api/website/product/home-kitchen [32m200 [0m112.635 ms - 15230[0m
[0mGET /api/website/product/women-fashion [32m200 [0m113.079 ms - 16124[0m
[0mGET /api/website/product/new-arrival [32m200 [0m41.983 ms - 8546[0m
[0mGET /api/website/product/men-fashion [32m200 [0m44.459 ms - 14958[0m
[0mGET /api/website/category/list [32m200 [0m49.521 ms - 26708[0m
[0mGET /api/website/category/list [32m200 [0m45.598 ms - 26708[0m
[0mGET /api/website/category/list [32m200 [0m44.911 ms - 26708[0m
[0mGET /api/website/popular/category-list [32m200 [0m92.603 ms - 8014[0m
[0mGET /api/website/product/new-arrival [32m200 [0m107.553 ms - 8546[0m
[0mGET /api/website/product/men-fashion [32m200 [0m137.871 ms - 14958[0m
[0mGET /api/website/product/home-kitchen [32m200 [0m138.590 ms - 15230[0m
[0mGET /api/website/product/women-fashion [32m200 [0m140.486 ms - 16124[0m
[0mGET /api/website/category/list [32m200 [0m95.737 ms - 26708[0m
[0mGET /api/website/category/list [32m200 [0m65.364 ms - 26708[0m
[0mGET /api/website/category/list [32m200 [0m60.025 ms - 26708[0m
[0mGET /api/website/category/list [32m200 [0m35.971 ms - 26708[0m
[0mGET /api/website/category/list [32m200 [0m59.956 ms - 26708[0m
[0mGET /api/website/popular/category-list [32m200 [0m5.225 ms - 8014[0m
[0mGET /api/website/product/home-kitchen [32m200 [0m34.462 ms - 15230[0m
[0mGET /api/website/product/women-fashion [32m200 [0m40.442 ms - 16124[0m
[0mGET /api/website/product/new-arrival [32m200 [0m32.267 ms - 8546[0m
[0mGET /api/website/product/men-fashion [32m200 [0m35.436 ms - 14958[0m
[0mGET /api/website/category/list [32m200 [0m65.858 ms - 26708[0m
[0mGET /api/website/category/list [32m200 [0m66.019 ms - 26708[0m
[0mGET /api/website/category/list [32m200 [0m70.281 ms - 26708[0m
[0mGET /api/website/category/list [32m200 [0m74.535 ms - 26708[0m
[0mGET /api/website/product/women-fashion [32m200 [0m107.396 ms - 16124[0m
[0mGET /api/website/product/home-kitchen [32m200 [0m113.900 ms - 15230[0m
[0mGET /api/website/popular/category-list [32m200 [0m15.472 ms - 8014[0m
[0mGET /api/website/product/new-arrival [32m200 [0m35.648 ms - 8546[0m
[0mGET /api/website/product/men-fashion [32m200 [0m85.584 ms - 14958[0m
[0mGET /api/website/category/list [32m200 [0m139.404 ms - 26708[0m
[0mGET /api/website/category/list [32m200 [0m139.932 ms - 26708[0m
[0mGET /api/website/category/list [32m200 [0m142.504 ms - 26708[0m
[0mGET /api/website/category/list [32m200 [0m143.265 ms - 26708[0m
[0mGET /api/website/product/women-fashion [32m200 [0m186.863 ms - 16124[0m
[0mGET /api/website/product/home-kitchen [32m200 [0m193.912 ms - 15230[0m
[0mGET /api/website/popular/category-list [32m200 [0m50.663 ms - 8014[0m
[0mGET /api/website/product/new-arrival [32m200 [0m92.363 ms - 8546[0m
[0mGET /api/website/product/men-fashion [32m200 [0m132.525 ms - 14958[0m
[0mGET /api/website/category/list [32m200 [0m65.714 ms - 26708[0m
[0mGET /api/website/category/list [32m200 [0m77.547 ms - 26708[0m
[0mGET /api/website/category/list [32m200 [0m87.047 ms - 26708[0m
[0mGET /api/website/category/list [32m200 [0m68.190 ms - 26708[0m
[0mGET /api/website/product/women-fashion [32m200 [0m156.188 ms - 16124[0m
[0mGET /api/website/product/home-kitchen [32m200 [0m157.038 ms - 15230[0m
[0mGET /api/website/popular/category-list [32m200 [0m70.252 ms - 8014[0m
[0mGET /api/website/product/new-arrival [32m200 [0m78.798 ms - 8546[0m
[0mGET /api/website/product/men-fashion [32m200 [0m79.374 ms - 14958[0m
[0mGET /api/website/category/list [32m200 [0m75.707 ms - 26708[0m
[0mGET /api/website/category/list [32m200 [0m82.113 ms - 26708[0m
[0mGET /api/website/category/list [32m200 [0m91.813 ms - 26708[0m
[0mGET /api/website/category/list [32m200 [0m159.749 ms - 26708[0m
[0mGET /api/website/product/women-fashion [32m200 [0m164.849 ms - 16124[0m
[0mGET /api/website/product/home-kitchen [32m200 [0m165.418 ms - 15230[0m
[0mGET /api/website/popular/category-list [32m200 [0m15.846 ms - 8014[0m
[0mGET /api/website/product/new-arrival [32m200 [0m29.781 ms - 8546[0m
[0mGET /api/website/product/men-fashion [32m200 [0m103.581 ms - 14958[0m
[0mGET /api/website/popular/category-list [36m304 [0m22.425 ms - -[0m
[0mGET /api/website/product/home-kitchen [36m304 [0m77.348 ms - -[0m
[0mGET /api/website/product/women-fashion [36m304 [0m72.309 ms - -[0m
[0mGET /api/website/product/new-arrival [36m304 [0m72.075 ms - -[0m
[0mGET /api/website/product/men-fashion [36m304 [0m72.986 ms - -[0m
[0mGET /api/website/catalog/category/search?queryString=midea [32m200 [0m36.368 ms - 468[0m
[0mGET /api/website/catalog/product/search?filter_category=midea [32m200 [0m87.579 ms - 7234[0m
[0mGET /api/website/popular/category-list [36m304 [0m8.175 ms - -[0m
[0mGET /api/website/category/list [36m304 [0m44.192 ms - -[0m
[0mGET /api/website/product/new-arrival [36m304 [0m15.704 ms - -[0m
[0mGET /api/website/product/home-kitchen [36m304 [0m86.532 ms - -[0m
[0mGET /api/website/product/men-fashion [36m304 [0m58.214 ms - -[0m
[0mGET /api/website/product/women-fashion [36m304 [0m59.539 ms - -[0m
[0mGET /api/website/category/list [32m200 [0m99.540 ms - 26708[0m
[0mGET /api/website/product/new-arrival [32m200 [0m98.969 ms - 8546[0m
[0mGET /api/website/product/men-fashion [32m200 [0m100.108 ms - 14958[0m
[0mGET /api/website/category/list [32m200 [0m108.334 ms - 26708[0m
[0mGET /api/website/category/list [32m200 [0m109.990 ms - 26708[0m
[0mGET /api/website/category/list [32m200 [0m111.718 ms - 26708[0m
[0mGET /api/website/popular/category-list [32m200 [0m12.491 ms - 8014[0m
[0mGET /api/website/product/home-kitchen [32m200 [0m32.463 ms - 15230[0m
[0mGET /api/website/product/women-fashion [32m200 [0m32.030 ms - 16124[0m
[0mGET /api/website/catalog/category/search?queryString=women-clothes [32m200 [0m40.528 ms - 1420[0m
[0mGET /api/website/catalog/product/search?filter_category=women-clothes [32m200 [0m121.866 ms - 5133[0m
[0mGET /api/website/popular/category-list [36m304 [0m31.111 ms - -[0m
[0mGET /api/website/category/list [36m304 [0m43.255 ms - -[0m
[0mGET /api/website/product/men-fashion [36m304 [0m96.424 ms - -[0m
[0mGET /api/website/product/new-arrival [36m304 [0m89.870 ms - -[0m
[0mGET /api/website/product/women-fashion [36m304 [0m97.801 ms - -[0m
[0mGET /api/website/product/home-kitchen [36m304 [0m99.156 ms - -[0m
[0mGET /api/website/catalog/category/search?queryString=Hoody%20for%20Men [36m304 [0m74.825 ms - -[0m
[0mGET /api/website/catalog/product/search?filter_category=Hoody%20for%20Men [36m304 [0m121.237 ms - -[0m
[0mGET /api/website/popular/category-list [36m304 [0m9.815 ms - -[0m
[0mGET /api/website/category/list [36m304 [0m48.389 ms - -[0m
[0mGET /api/website/product/new-arrival [36m304 [0m17.619 ms - -[0m
[0mGET /api/website/product/women-fashion [36m304 [0m55.261 ms - -[0m
[0mGET /api/website/product/home-kitchen [36m304 [0m42.353 ms - -[0m
[0mGET /api/website/product/men-fashion [36m304 [0m40.012 ms - -[0m
[0mGET /api/website/popular/category-list [36m304 [0m71.475 ms - -[0m
[0mGET /api/website/product/new-arrival [36m304 [0m74.558 ms - -[0m
[0mGET /api/website/category/list [36m304 [0m92.453 ms - -[0m
[0mGET /api/website/product/men-fashion [36m304 [0m127.935 ms - -[0m
[0mGET /api/website/product/women-fashion [36m304 [0m133.263 ms - -[0m
[0mGET /api/website/product/home-kitchen [36m304 [0m135.198 ms - -[0m
[0mGET /api/website/category/list [36m304 [0m79.331 ms - -[0m
[0mGET /api/website/category/list [36m304 [0m15.756 ms - -[0m
[0mGET /api/website/category/list [36m304 [0m16.849 ms - -[0m
[0mGET /api/website/relatedProduct?productId=6144&slug=beige-floral-printed-sherwani-for-men [32m200 [0m90.078 ms - 2734[0m
[0mGET /api/website/product/detail?productId=6144&slug=beige-floral-printed-sherwani-for-men [32m200 [0m98.778 ms - 1276[0m
[0mGET /api/website/product/detail?productId=6139&slug=beige-floral-sherwani-blue [32m200 [0m67.663 ms - 1115[0m
[0mGET /api/website/relatedProduct?productId=6139&slug=beige-floral-sherwani-blue [32m200 [0m66.974 ms - 2734[0m
[0mGET /api/website/product/detail?productId=6144&slug=beige-floral-printed-sherwani-for-men [36m304 [0m63.188 ms - -[0m
[0mGET /api/website/relatedProduct?productId=6144&slug=beige-floral-printed-sherwani-for-men [36m304 [0m65.824 ms - -[0m
[0mGET /api/website/product/detail?productId=6140&slug=beige-floral-sherwani [32m200 [0m61.774 ms - 1291[0m
[0mGET /api/website/relatedProduct?productId=6140&slug=beige-floral-sherwani [32m200 [0m64.139 ms - 2734[0m
[0mGET /api/website/product/detail?productId=6143&slug=beige-floral-printed-sherwani-for-men [32m200 [0m65.240 ms - 1341[0m
[0mGET /api/website/relatedProduct?productId=6143&slug=beige-floral-printed-sherwani-for-men [32m200 [0m64.879 ms - 2734[0m
[0mGET /api/website/popular/category-list [36m304 [0m57.479 ms - -[0m
[0mGET /api/website/category/list [36m304 [0m68.565 ms - -[0m
[0mGET /api/website/product/new-arrival [36m304 [0m61.824 ms - -[0m
[0mGET /api/website/product/men-fashion [36m304 [0m92.713 ms - -[0m
[0mGET /api/website/product/home-kitchen [36m304 [0m92.354 ms - -[0m
[0mGET /api/website/product/women-fashion [36m304 [0m91.511 ms - -[0m
[0mGET /api/website/autosuggest/search?limit=5&query=sh [32m200 [0m80.721 ms - 50068[0m
[0mGET /api/website/autosuggest/search?limit=5&query=she [32m200 [0m31.720 ms - 4435[0m
[0mGET /api/website/autosuggest/search?limit=5&query=sher [32m200 [0m28.793 ms - 2408[0m
[0mGET /api/website/autosuggest/search?limit=5&query=sherw [32m200 [0m23.930 ms - 1821[0m
[0mGET /api/website/autosuggest/search?limit=5&query=sherwa [32m200 [0m23.320 ms - 1821[0m
[0mGET /api/website/catalog/category/search?queryString=Sherwanis [32m200 [0m39.769 ms - 583[0m
[0mGET /api/website/catalog/product/search?filter_category=Sherwanis%20 [32m200 [0m94.530 ms - 3597[0m
[0mGET /api/website/catalog/product/search?filter_category=Sherwanis%20 [36m304 [0m81.542 ms - -[0m
[0mGET /api/website/catalog/product/search?filter_category=Sherwanis%20 [36m304 [0m49.072 ms - -[0m
[0mGET /api/website/catalog/product/search?filter_category=Sherwanis%20 [36m304 [0m81.949 ms - -[0m
[0mGET /api/website/catalog/product/search?filter_category=Sherwanis%20 [36m304 [0m88.596 ms - -[0m
[0mGET /api/website/catalog/product/search?filter_category=Sherwanis%20 [36m304 [0m59.756 ms - -[0m
[0mGET /api/website/popular/category-list [36m304 [0m26.702 ms - -[0m
[0mGET /api/website/category/list [36m304 [0m79.386 ms - -[0m
[0mGET /api/website/product/new-arrival [36m304 [0m35.507 ms - -[0m
[0mGET /api/website/product/home-kitchen [36m304 [0m100.961 ms - -[0m
[0mGET /api/website/product/women-fashion [36m304 [0m61.696 ms - -[0m
[0mGET /api/website/product/men-fashion [36m304 [0m65.459 ms - -[0m
