[0mGET /api/website/catalog/search?limit=50&page=1&sortType=desc&queryString=tv-applian [32m200 [0m225.321 ms - 11076[0m
[0mGET /api/website/catalog/search?limit=50&page=1&sortType=desc&queryString=tv-appliance [32m200 [0m217.963 ms - 11145[0m
[0mGET /api/website/catalog/search?limit=50&page=1&sortType=desc&queryString=tv-appliance [32m200 [0m227.161 ms - 11145[0m
[0mGET /api/website/catalog/search?limit=50&page=1&sortType=desc&queryString=tv-appliance [32m200 [0m186.216 ms - 11212[0m
[0mGET /api/website/catalog/search?limit=50&page=1&sortType=desc&queryString=tv-appliance [32m200 [0m197.271 ms - 11411[0m
[0mGET /api/website/catalog/search?limit=50&page=1&sortType=desc&queryString=tv-appliance [32m200 [0m187.394 ms - 11476[0m
[0mGET /api/website/catalog/search?limit=50&page=1&sortType=desc&queryString=tv-appliance [32m200 [0m214.141 ms - 11570[0m
[0mGET /api/website/catalog/search?limit=50&page=1&sortType=desc&queryString=tv-appliance [32m200 [0m235.331 ms - 11810[0m
[0mGET /api/website/catalog/search?limit=50&page=1&sortType=desc&queryString=tv-appliance [32m200 [0m181.185 ms - 11316[0m
[0mGET /api/website/catalog/search?limit=50&page=1&sortType=desc&queryString=tv-appliance [32m200 [0m182.477 ms - 11810[0m
[0mGET /api/website/catalog/search?limit=50&page=1&sortType=desc&queryString=tv-appliance [32m200 [0m204.928 ms - 11810[0m
[0mGET /api/website/catalog/search?limit=50&page=1&sortType=desc&queryString=tv-appliance [32m200 [0m216.379 ms - 11810[0m
[0mGET /api/website/catalog/search?limit=50&page=1&sortType=desc&queryString=tv-appliance [32m200 [0m209.725 ms - 10138[0m
[0mGET /api/website/catalog/search?limit=50&page=1&sortType=desc&queryString=tv-appliance [32m200 [0m200.108 ms - 9539[0m
[0mGET /api/website/catalog/search?limit=50&page=1&sortType=desc&queryString=tv-appliance [32m200 [0m210.186 ms - 833[0m
[0mGET /api/website/catalog/search?limit=50&page=1&sortType=desc&queryString=tv-appliance [32m200 [0m196.838 ms - 833[0m
[0mGET /api/website/catalog/search?limit=50&page=1&sortType=desc&queryString=tv-appliance [32m200 [0m188.246 ms - 833[0m
[0mGET /api/website/catalog/search?limit=50&page=1&sortType=desc&queryString=tv-appliance [32m200 [0m195.933 ms - 665[0m
[0mGET /api/website/catalog/search?limit=50&page=1&sortType=desc&queryString=tv-appliance [32m200 [0m221.634 ms - 9970[0m
[0mGET /api/website/catalog/search?limit=50&page=1&sortType=desc&queryString=tv-appliance [32m200 [0m209.474 ms - 9786[0m
[0mGET /api/website/catalog/search?limit=50&page=1&sortType=desc&queryString=tv-appliance [32m200 [0m203.532 ms - 9872[0m
[0mGET /api/website/catalog/search?limit=1&page=1&sortType=desc&queryString=tv-appliance [32m200 [0m127.181 ms - 566[0m
[0mGET /api/website/catalog/search?limit=1&page=1&sortType=desc&queryString=tv-appliance [32m200 [0m141.809 ms - 566[0m
[0mGET /api/website/catalog/search?limit=1&page=1&sortType=desc&queryString=tv-appliance [32m200 [0m186.517 ms - 1637[0m
[0mGET /api/website/catalog/search?limit=50&page=1&sortType=desc&queryString=tv-appliances [32m200 [0m130.652 ms - 11016[0m
[0mGET /api/website/catalog/search?limit=50&page=1&sortType=desc&queryString=tv-appliances [32m200 [0m205.885 ms - 11100[0m
[0mGET /api/website/catalog/search?limit=50&page=1&sortType=desc&queryString=cooker [32m200 [0m176.045 ms - 6322[0m
[0mGET /api/website/catalog/search?limit=50&page=1&sortType=desc&queryString=cooker [32m200 [0m230.561 ms - 6438[0m
[0mGET /api/website/catalog/search?limit=50&page=1&sortType=desc&queryString=cooker [32m200 [0m160.135 ms - 6438[0m
[0mGET /api/website/category/list [32m200 [0m231.155 ms - 28664[0m
[0mGET /api/website/category/list [32m200 [0m250.910 ms - 28664[0m
[0mGET /api/website/autosuggest/search? [32m200 [0m700.879 ms - 2522[0m
[0mGET /api/website/category/list [36m304 [0m98.085 ms - -[0m
[0mGET /api/website/category/list [36m304 [0m55.482 ms - -[0m
[0mGET /api/website/autosuggest/search? [36m304 [0m471.387 ms - -[0m
[0mGET /api/website/category/list [32m200 [0m118.568 ms - 28664[0m
[0mGET /api/website/category/list [32m200 [0m108.529 ms - 28664[0m
[0mGET /api/website/autosuggest/search? [32m200 [0m491.508 ms - 2522[0m
[0mGET /api/website/category/list [32m200 [0m136.051 ms - 28664[0m
[0mGET /api/website/category/list [32m200 [0m124.568 ms - 28664[0m
[0mGET /api/website/category/list [36m304 [0m64.438 ms - -[0m
[0mGET /api/website/category/list [32m200 [0m83.728 ms - 28664[0m
[0mGET /api/website/category/list [32m200 [0m51.060 ms - 28664[0m
[0mGET /api/website/category/list [32m200 [0m52.418 ms - 28664[0m
[0mGET /api/website/category/list [36m304 [0m127.771 ms - -[0m
[0mGET /api/website/category/list [36m304 [0m43.927 ms - -[0m
[0mGET /api/website/category/list [36m304 [0m45.409 ms - -[0m
[0mGET /api/website/category/list [36m304 [0m32.521 ms - -[0m
[0mGET /api/website/category/list [36m304 [0m83.089 ms - -[0m
[0mGET /api/website/category/list [36m304 [0m49.016 ms - -[0m
[0mGET /api/website/category/list [32m200 [0m82.429 ms - 28664[0m
[0mGET /api/website/category/list [32m200 [0m78.639 ms - 28664[0m
[0mGET /api/website/category/list [36m304 [0m58.400 ms - -[0m
[0mGET /api/website/category/list [36m304 [0m35.866 ms - -[0m
[0mGET /api/website/category/list [36m304 [0m81.926 ms - -[0m
[0mGET /api/website/category/list [36m304 [0m61.457 ms - -[0m
[0mGET /api/website/catalog? [33m404 [0m45.656 ms - 3157[0m
[0mGET /api/website/category/list [32m200 [0m144.958 ms - 28664[0m
[0mGET /api/website/category/list [32m200 [0m136.548 ms - 28664[0m
[0mGET /api/website/catalog? [33m404 [0m14.866 ms - 3157[0m
[0mGET /api/website/category/list [32m200 [0m123.827 ms - 28664[0m
[0mGET /api/website/category/list [32m200 [0m114.205 ms - 28664[0m
[0mGET /api/website/catalog? [33m404 [0m9.311 ms - 3157[0m
[0mGET /api/website/category/list [32m200 [0m101.852 ms - 28664[0m
[0mGET /api/website/category/list [32m200 [0m92.020 ms - 28664[0m
[0mGET /api/website/category/list [32m200 [0m83.006 ms - 28664[0m
[0mGET /api/website/category/list [32m200 [0m68.346 ms - 28664[0m
[0mGET /api/website/category/list [32m200 [0m79.560 ms - 28664[0m
[0mGET /api/website/category/list [32m200 [0m78.412 ms - 28664[0m
[0mGET /api/website/category/list [32m200 [0m98.793 ms - 28664[0m
[0mGET /api/website/category/list [32m200 [0m95.215 ms - 28664[0m
[0mGET /api/website/catalog/search?filter_category=power-tools [32m200 [0m179.511 ms - 4398[0m
[0mGET /api/website/category/list [32m200 [0m136.688 ms - 28664[0m
[0mGET /api/website/category/list [32m200 [0m119.244 ms - 28664[0m
[0mGET /api/website/catalog/search?filter_category=power-tools [32m200 [0m204.809 ms - 4398[0m
[0mGET /api/website/category/list [36m304 [0m94.532 ms - -[0m
[0mGET /api/website/category/list [36m304 [0m77.206 ms - -[0m
[0mGET /api/website/catalog/search?filter_category=power-tools [36m304 [0m229.355 ms - -[0m
[0mGET /api/website/category/list [32m200 [0m109.098 ms - 28664[0m
[0mGET /api/website/category/list [32m200 [0m132.964 ms - 28664[0m
[0mGET /api/website/catalog/search?filter_category=power-tools [32m200 [0m207.930 ms - 4398[0m
[0mGET /api/website/category/list [36m304 [0m66.304 ms - -[0m
[0mGET /api/website/category/list [36m304 [0m59.325 ms - -[0m
[0mGET /api/website/catalog/search?filter_category=power-tools [36m304 [0m178.311 ms - -[0m
[0mGET /api/website/category/list [36m304 [0m55.252 ms - -[0m
[0mGET /api/website/category/list [36m304 [0m56.191 ms - -[0m
[0mGET /api/website/catalog/search?filter_category=power-tools [36m304 [0m155.986 ms - -[0m
[0mGET /api/website/category/list [36m304 [0m61.753 ms - -[0m
[0mGET /api/website/category/list [36m304 [0m35.494 ms - -[0m
[0mGET /api/website/catalog/search?filter_category=power-tools [36m304 [0m126.411 ms - -[0m
[0mGET /api/website/category/list [32m200 [0m130.106 ms - 28664[0m
[0mGET /api/website/category/list [32m200 [0m127.661 ms - 28664[0m
[0mGET /api/website/catalog/search?filter_category=power-tools [0m- [0m- ms - -[0m
[0mGET /api/website/category/list [32m200 [0m59.818 ms - 28664[0m
[0mGET /api/website/category/list [32m200 [0m55.106 ms - 28664[0m
[0mGET /api/website/catalog/search?filter_category=power-tools [32m200 [0m96.535 ms - 4398[0m
[0mGET /api/website/category/list [36m304 [0m47.744 ms - -[0m
[0mGET /api/website/category/list [36m304 [0m38.005 ms - -[0m
[0mGET /api/website/catalog/search?filter_category=power-tools [36m304 [0m142.505 ms - -[0m
[0mGET /api/website/category/list [32m200 [0m120.347 ms - 28664[0m
[0mGET /api/website/category/list [32m200 [0m116.357 ms - 28664[0m
[0mGET /api/website/catalog/search?filter_category=power-tools [32m200 [0m183.870 ms - 4398[0m
[0mGET /api/website/category/list [36m304 [0m60.459 ms - -[0m
[0mGET /api/website/category/list [36m304 [0m39.397 ms - -[0m
[0mGET /api/website/catalog/search?filter_category=power-tools [36m304 [0m156.335 ms - -[0m
[0mGET /api/website/category/list [32m200 [0m79.864 ms - 28664[0m
[0mGET /api/website/category/list [32m200 [0m79.107 ms - 28664[0m
[0mGET /api/website/catalog/search?filter_category=power-tools [32m200 [0m138.412 ms - 4398[0m
[0mGET /api/website/category/list [36m304 [0m43.991 ms - -[0m
[0mGET /api/website/category/list [36m304 [0m33.933 ms - -[0m
[0mGET /api/website/catalog/search?filter_category=power-tools [36m304 [0m111.454 ms - -[0m
[0mGET /api/website/category/list [32m200 [0m79.810 ms - 28664[0m
[0mGET /api/website/category/list [32m200 [0m55.391 ms - 28664[0m
[0mGET /api/website/catalog/search?filter_category=power-tools [32m200 [0m96.723 ms - 4398[0m
[0mGET /api/website/category/list [36m304 [0m65.095 ms - -[0m
[0mGET /api/website/category/list [36m304 [0m41.450 ms - -[0m
[0mGET /api/website/catalog/search?filter_category=power-tools [36m304 [0m140.174 ms - -[0m
[0mGET /api/website/category/list [32m200 [0m65.227 ms - 28664[0m
[0mGET /api/website/category/list [32m200 [0m60.104 ms - 28664[0m
[0mGET /api/website/catalog/search?filter_category=power-tools [32m200 [0m78.963 ms - 4398[0m
[0mGET /api/website/category/list [32m200 [0m71.892 ms - 28664[0m
[0mGET /api/website/category/list [32m200 [0m58.561 ms - 28664[0m
[0mGET /api/website/category/list [36m304 [0m58.433 ms - -[0m
[0mGET /api/website/category/list [36m304 [0m33.154 ms - -[0m
[0mGET /api/website/category/list [32m200 [0m38.396 ms - 28664[0m
[0mGET /api/website/category/list [32m200 [0m21.725 ms - 28664[0m
[0mGET /api/website/category/list [32m200 [0m169.193 ms - 28664[0m
[0mGET /api/website/category/list [32m200 [0m103.200 ms - 28664[0m
[0mGET /api/website/catalog/search?filter_category=power-tools [32m200 [0m197.792 ms - 4398[0m
[0mGET /api/website/catalog/search? [32m200 [0m124.368 ms - 4398[0m
[0mGET /api/website/catalog/search? [36m304 [0m83.269 ms - -[0m
[0mGET /api/website/category/list [32m200 [0m95.161 ms - 28664[0m
[0mGET /api/website/category/list [32m200 [0m50.431 ms - 28664[0m
[0mGET /api/website/catalog/search? [32m200 [0m101.903 ms - 4398[0m
[0mGET /api/website/category/list [32m200 [0m95.403 ms - 28664[0m
[0mGET /api/website/category/list [32m200 [0m85.889 ms - 28664[0m
[0mGET /api/website/catalog/search? [32m200 [0m159.484 ms - 4398[0m
[0mGET /api/website/catalog/search?filter_category=power-tools [36m304 [0m148.225 ms - -[0m
[0mGET /api/website/catalog/search?filter_category=power-tools [36m304 [0m65.718 ms - -[0m
[0mGET /api/website/category/list [36m304 [0m51.227 ms - -[0m
[0mGET /api/website/category/list [36m304 [0m60.819 ms - -[0m
[0mGET /api/website/category/list [36m304 [0m46.787 ms - -[0m
[0mGET /api/website/category/list [36m304 [0m37.505 ms - -[0m
[0mGET /api/website/category/list [36m304 [0m71.656 ms - -[0m
[0mGET /api/website/category/list [36m304 [0m38.651 ms - -[0m
[0mGET /api/website/catalog/search?filter_category=Network%20Components [32m200 [0m178.238 ms - 4398[0m
[0mGET /api/website/catalog/search?filter_category=Network%20Components [36m304 [0m129.911 ms - -[0m
[0mGET /api/website/catalog/search?filter_category=Network%20Components [36m304 [0m136.576 ms - -[0m
[0mGET /api/website/category/list [32m200 [0m188.090 ms - 28664[0m
[0mGET /api/website/category/list [32m200 [0m172.923 ms - 28664[0m
[0mGET /api/website/catalog/search?filter_category=Network%20Components [32m200 [0m263.165 ms - 4398[0m
