[0mGET /api/website/product/new-arrival [32m200 [0m213.008 ms - 21019[0m
[0mGET /api/website/product/home-kitchen [32m200 [0m216.127 ms - 15230[0m
[0mGET /api/website/category/list [32m200 [0m239.415 ms - 25113[0m
[0mGET /api/website/category/list [32m200 [0m267.495 ms - 25113[0m
[0mGET /api/website/category/list [32m200 [0m251.701 ms - 25113[0m
[0mGET /api/website/category/list [32m200 [0m257.209 ms - 25113[0m
[0mGET /api/website/popular/category-list [32m200 [0m43.833 ms - 6650[0m
[0mGET /api/website/product/men-fashion [32m200 [0m54.896 ms - 15256[0m
[0mGET /api/website/product/women-fashion [32m200 [0m91.170 ms - 16124[0m
[0mGET /api/website/category/list [36m304 [0m138.818 ms - -[0m
[0mGET /api/website/popular/category-list [36m304 [0m119.288 ms - -[0m
[0mGET /api/website/product/new-arrival [36m304 [0m133.361 ms - -[0m
[0mGET /api/website/product/women-fashion [36m304 [0m219.290 ms - -[0m
[0mGET /api/website/product/home-kitchen [36m304 [0m226.269 ms - -[0m
[0mGET /api/website/product/men-fashion [36m304 [0m282.136 ms - -[0m
[0mGET /api/website/category/list [36m304 [0m157.514 ms - -[0m
[0mGET /api/website/category/list [36m304 [0m89.434 ms - -[0m
[0mGET /api/website/category/list [36m304 [0m22.958 ms - -[0m
[0mGET /api/website/category/list [36m304 [0m78.743 ms - -[0m
[0mGET /api/website/popular/category-list [36m304 [0m66.410 ms - -[0m
[0mGET /api/website/product/new-arrival [36m304 [0m90.678 ms - -[0m
[0mGET /api/website/product/men-fashion [36m304 [0m174.532 ms - -[0m
[0mGET /api/website/product/women-fashion [36m304 [0m174.044 ms - -[0m
[0mGET /api/website/product/home-kitchen [36m304 [0m176.467 ms - -[0m
[0mGET /api/website/category/list [36m304 [0m93.051 ms - -[0m
[0mGET /api/website/category/list [36m304 [0m23.509 ms - -[0m
[0mGET /api/website/category/list [36m304 [0m35.858 ms - -[0m
[0mGET /api/website/popular/category-list [36m304 [0m99.305 ms - -[0m
[0mGET /api/website/category/list [36m304 [0m116.641 ms - -[0m
[0mGET /api/website/product/new-arrival [36m304 [0m105.996 ms - -[0m
[0mGET /api/website/product/home-kitchen [36m304 [0m173.297 ms - -[0m
[0mGET /api/website/product/women-fashion [36m304 [0m172.638 ms - -[0m
[0mGET /api/website/product/men-fashion [36m304 [0m172.119 ms - -[0m
[0mGET /api/website/category/list [36m304 [0m88.578 ms - -[0m
[0mGET /api/website/category/list [36m304 [0m31.051 ms - -[0m
[0mGET /api/website/category/list [36m304 [0m41.071 ms - -[0m
[0mGET /api/website/category/list [32m200 [0m128.519 ms - 25113[0m
[0mGET /api/website/category/list [32m200 [0m115.042 ms - 25113[0m
[0mGET /api/website/category/list [32m200 [0m132.350 ms - 25113[0m
[0mGET /api/website/category/list [32m200 [0m135.321 ms - 25113[0m
[0mGET /api/website/product/home-kitchen [32m200 [0m229.332 ms - 15230[0m
[0mGET /api/website/product/women-fashion [32m200 [0m230.780 ms - 16124[0m
[0mGET /api/website/product/new-arrival [32m200 [0m113.465 ms - 21019[0m
[0mGET /api/website/popular/category-list [32m200 [0m97.000 ms - 6650[0m
[0mGET /api/website/product/men-fashion [32m200 [0m190.594 ms - 15256[0m
[0mGET /api/website/category/list [32m200 [0m120.339 ms - 25113[0m
[0mGET /api/website/category/list [32m200 [0m112.771 ms - 25113[0m
[0mGET /api/website/category/list [32m200 [0m152.655 ms - 25113[0m
[0mGET /api/website/category/list [32m200 [0m155.548 ms - 25113[0m
[0mGET /api/website/product/home-kitchen [32m200 [0m154.449 ms - 15230[0m
[0mGET /api/website/product/men-fashion [32m200 [0m153.907 ms - 15256[0m
[0mGET /api/website/product/new-arrival [32m200 [0m64.813 ms - 21019[0m
[0mGET /api/website/popular/category-list [32m200 [0m12.417 ms - 6650[0m
[0mGET /api/website/product/women-fashion [32m200 [0m93.388 ms - 16124[0m
[0mGET /api/website/autosuggest/search?limit=5&query=m [32m200 [0m222.362 ms - 240667[0m
[0mGET /api/website/autosuggest/search?limit=5&query=mo [32m200 [0m79.828 ms - 68933[0m
[0mGET /api/website/autosuggest/search?limit=5&query=mobi [32m200 [0m27.596 ms - 1684[0m
[0mGET /api/website/catalog/category/search?queryString=mobile-phone-accessories [32m200 [0m74.115 ms - 1119[0m
[0mGET /api/website/catalog/product/search?filter_category=mobile-phone-accessories%20 [32m200 [0m131.713 ms - 1774[0m
[0mGET /api/website/popular/category-list [36m304 [0m88.404 ms - -[0m
[0mGET /api/website/product/home-kitchen [36m304 [0m163.133 ms - -[0m
[0mGET /api/website/product/new-arrival [36m304 [0m118.848 ms - -[0m
[0mGET /api/website/category/list [36m304 [0m120.859 ms - -[0m
[0mGET /api/website/product/men-fashion [36m304 [0m162.833 ms - -[0m
[0mGET /api/website/product/women-fashion [36m304 [0m154.146 ms - -[0m
[0mGET /api/website/category/list [36m304 [0m123.316 ms - -[0m
[0mGET /api/website/category/list [36m304 [0m32.964 ms - -[0m
[0mGET /api/website/category/list [36m304 [0m29.043 ms - -[0m
