[0mGET /api/website/category/list [32m200 [0m130.542 ms - 30306[0m
[0mGET /api/website/category/list [32m200 [0m128.855 ms - 30306[0m
[0mGET /api/website/catalog/category/search?queryString=tv-appliances [32m200 [0m239.541 ms - 2196[0m
[0mGET /api/website/catalog/product/search?filter_category=tv-appliances [32m200 [0m245.678 ms - 7831[0m
[0mGET /api/website/product/detail?slug=hindware-induction-cooker-ct-dm-1000005-cosmo [32m200 [0m92.877 ms - 56[0m
[0mGET /api/website/category/list [32m200 [0m129.893 ms - 30306[0m
[0mGET /api/website/category/list [32m200 [0m130.947 ms - 30306[0m
[0mGET /api/website/product/detail?slug=hindware-induction-cooker-ct-dm-1000005-cosmo [32m200 [0m223.156 ms - 56[0m
[0mGET /api/website/category/list [32m200 [0m144.573 ms - 30306[0m
[0mGET /api/website/category/list [32m200 [0m145.866 ms - 30306[0m
[0mGET /api/website/product/detail?slug=hindware-induction-cooker-ct-dm-1000005-cosmo [32m200 [0m196.459 ms - 56[0m
[0mGET /api/website/category/list [36m304 [0m104.322 ms - -[0m
[0mGET /api/website/category/list [36m304 [0m65.046 ms - -[0m
[0mGET /api/website/catalog/category/search?queryString=tv-appliances [36m304 [0m283.110 ms - -[0m
[0mGET /api/website/catalog/product/search?filter_category=tv-appliances [36m304 [0m292.407 ms - -[0m
[0mGET /api/website/product/detail?slug=hindware-induction-cooker-ct-dm-1000005-cosmo [31m500 [0m201.241 ms - 3181[0m
[0mGET /api/website/category/list [32m200 [0m129.534 ms - 30306[0m
[0mGET /api/website/category/list [32m200 [0m132.202 ms - 30306[0m
[0mGET /api/website/product/detail?slug=hindware-induction-cooker-ct-dm-1000005-cosmo [31m500 [0m218.084 ms - 3181[0m
[0mGET /api/website/category/list [32m200 [0m122.957 ms - 30306[0m
[0mGET /api/website/category/list [32m200 [0m126.564 ms - 30306[0m
[0mGET /api/website/product/detail?slug=hindware-induction-cooker-ct-dm-1000005-cosmo [31m500 [0m229.410 ms - 3181[0m
[0mGET /api/website/category/list [32m200 [0m131.927 ms - 30306[0m
[0mGET /api/website/category/list [32m200 [0m130.094 ms - 30306[0m
[0mGET /api/website/product/detail?slug=hindware-induction-cooker-ct-dm-1000005-cosmo [31m500 [0m233.013 ms - 3181[0m
[0mGET /api/website/category/list [32m200 [0m124.173 ms - 30306[0m
[0mGET /api/website/category/list [32m200 [0m146.042 ms - 30306[0m
[0mGET /api/website/product/detail?slug=hindware-induction-cooker-ct-dm-1000005-cosmo [32m200 [0m215.363 ms - 2229[0m
[0mGET /api/website/catalog/category/search?queryString=tv-appliances [36m304 [0m159.729 ms - -[0m
[0mGET /api/website/catalog/product/search?filter_category=tv-appliances [36m304 [0m151.253 ms - -[0m
[0mGET /api/website/product/detail?slug=forbes-enhance-rouvmtds-purifier [32m200 [0m94.368 ms - 4009[0m
[0mGET /api/website/catalog/category/search?queryString=tv-appliances [36m304 [0m134.322 ms - -[0m
[0mGET /api/website/catalog/product/search?filter_category=tv-appliances [36m304 [0m129.976 ms - -[0m
[0mGET /api/website/autosuggest/search?limit=5&query=wo [36m304 [0m85.289 ms - -[0m
[0mGET /api/website/autosuggest/search?limit=5&query=wome [36m304 [0m62.351 ms - -[0m
[0mGET /api/website/catalog/category/search?queryString=women-fashion [36m304 [0m143.750 ms - -[0m
[0mGET /api/website/catalog/product/search?filter_category=women-fashion%20 [36m304 [0m150.090 ms - -[0m
[0mGET /api/website/catalog/product/search?filter_category=women-fashion%20 [36m304 [0m64.380 ms - -[0m
[0mGET /api/website/product/detail?slug=metal-golden-chudi [32m200 [0m92.245 ms - 1297[0m
[0mGET /api/website/catalog/category/search?queryString=women-fashion [36m304 [0m186.156 ms - -[0m
[0mGET /api/website/catalog/product/search?filter_category=women-fashion [36m304 [0m176.204 ms - -[0m
[0mGET /api/website/product/detail?slug=dulhan-jhumka-lahthi [32m200 [0m109.091 ms - 1814[0m
[0mGET /api/website/catalog/category/search?queryString=women-fashion [36m304 [0m154.018 ms - -[0m
[0mGET /api/website/catalog/product/search?filter_category=women-fashion [36m304 [0m153.625 ms - -[0m
[0mGET /api/website/product/detail?slug=ship-set-chudi [32m200 [0m107.963 ms - 1776[0m
[0mGET /api/website/category/list [36m304 [0m88.612 ms - -[0m
[0mGET /api/website/category/list [36m304 [0m48.422 ms - -[0m
[0mGET /api/website/category/list [36m304 [0m38.721 ms - -[0m
[0mOPTIONS /api/auth/rootLogin [32m204 [0m1.228 ms - 0[0m
[0mPOST /api/auth/rootLogin [32m200 [0m327.565 ms - 211[0m
[0mOPTIONS /api/order/notifications [32m204 [0m1.161 ms - 0[0m
[0mOPTIONS /api/order/list [32m204 [0m0.794 ms - 0[0m
[0mOPTIONS /api/order/count [32m204 [0m0.702 ms - 0[0m
[0mGET /api/order/count [32m200 [0m16.983 ms - 195[0m
[0mGET /api/order/notifications [36m304 [0m54.836 ms - -[0m
[0mGET /api/order/list [32m200 [0m164.168 ms - 193766[0m
[0mOPTIONS /api/seller/all-product-list?limit=20&page=1 [32m204 [0m0.826 ms - 0[0m
[0mGET /api/order/notifications [36m304 [0m39.001 ms - -[0m
[0mGET /api/seller/all-product-list?limit=20&page=1 [32m200 [0m68.734 ms - 10841[0m
[0mOPTIONS /api/order/notifications [32m204 [0m0.543 ms - 0[0m
[0mOPTIONS /api/seller/history-product?limit=20&page=1 [32m204 [0m0.330 ms - 0[0m
[0mGET /api/seller/history-product?limit=20&page=1 [32m200 [0m81.904 ms - 103976[0m
[0mGET /api/order/notifications [36m304 [0m78.148 ms - -[0m
[0mOPTIONS /api/seller/admin/product/search?id=5668 [32m204 [0m1.458 ms - 0[0m
[0mGET /api/seller/admin/product/search?id=5668 [32m200 [0m47.863 ms - 2595[0m
[0mOPTIONS /api/seller/history-product?limit=20&page=1 [32m204 [0m0.514 ms - 0[0m
[0mGET /api/seller/history-product?limit=20&page=1 [36m304 [0m88.691 ms - -[0m
[0mOPTIONS /api/seller/admin/product/search?id=5668 [32m204 [0m0.445 ms - 0[0m
[0mGET /api/seller/admin/product/search?id=5668 [36m304 [0m51.682 ms - -[0m
[0mOPTIONS /api/order/notifications [32m204 [0m1.488 ms - 0[0m
[0mOPTIONS /api/order/list [32m204 [0m1.045 ms - 0[0m
[0mOPTIONS /api/order/count [32m204 [0m0.888 ms - 0[0m
[0mGET /api/order/count [36m304 [0m20.484 ms - -[0m
[0mGET /api/order/notifications [36m304 [0m49.068 ms - -[0m
[0mGET /api/order/list [36m304 [0m132.868 ms - -[0m
[0mOPTIONS /api/order/notifications [32m204 [0m0.814 ms - 0[0m
[0mOPTIONS /api/seller/all-product-list?limit=20&page=1 [32m204 [0m0.300 ms - 0[0m
[0mGET /api/order/notifications [36m304 [0m46.353 ms - -[0m
[0mGET /api/seller/all-product-list?limit=20&page=1 [36m304 [0m87.578 ms - -[0m
[0mOPTIONS /api/order/notifications [32m204 [0m0.531 ms - 0[0m
[0mOPTIONS /api/seller/history-product?limit=20&page=1 [32m204 [0m0.251 ms - 0[0m
[0mGET /api/order/notifications [36m304 [0m74.600 ms - -[0m
[0mGET /api/seller/history-product?limit=20&page=1 [36m304 [0m78.167 ms - -[0m
[0mOPTIONS /api/seller/history-product?limit=20&page=1&searchString=baltra [32m204 [0m0.644 ms - 0[0m
[0mGET /api/seller/history-product?limit=20&page=1&searchString=baltra [32m200 [0m43.210 ms - 43871[0m
[0mOPTIONS /api/seller/admin/product/search?id=5498 [32m204 [0m0.424 ms - 0[0m
[0mGET /api/seller/admin/product/search?id=5498 [32m200 [0m45.370 ms - 394[0m
[0mOPTIONS /api/seller/history-product?limit=20&page=1 [32m204 [0m0.522 ms - 0[0m
[0mGET /api/seller/history-product?limit=20&page=1 [36m304 [0m61.648 ms - -[0m
[0mOPTIONS /api/seller/history-product?limit=20&page=1&searchString=baltra [32m204 [0m0.546 ms - 0[0m
[0mGET /api/seller/history-product?limit=20&page=1&searchString=baltra [36m304 [0m35.973 ms - -[0m
[0mOPTIONS /api/seller/admin/product/search?id=5448 [32m204 [0m0.358 ms - 0[0m
[0mGET /api/seller/admin/product/search?id=5448 [32m200 [0m48.628 ms - 434[0m
[0mGET /api/website/category/list [36m304 [0m57.351 ms - -[0m
[0mGET /api/website/category/list [36m304 [0m39.031 ms - -[0m
[0mGET /api/website/catalog/category/search?queryString=Washing%20Machine [32m200 [0m111.946 ms - 865[0m
[0mGET /api/website/catalog/product/search?filter_category=Washing%20Machine [32m200 [0m163.899 ms - 753[0m
[0mGET /api/website/product/detail?slug=whirlpool-top-load-75kg-white-elite-gray-10ymw-washing-machine [32m200 [0m70.129 ms - 1652[0m
[0mGET /api/website/autosuggest/search?limit=5&query=wo [36m304 [0m40.647 ms - -[0m
[0mGET /api/website/autosuggest/search?limit=5&query=wom [36m304 [0m33.582 ms - -[0m
[0mGET /api/website/autosuggest/search?limit=5&query=wome [36m304 [0m33.692 ms - -[0m
[0mGET /api/website/autosuggest/search?limit=5&query=women [36m304 [0m34.156 ms - -[0m
[0mGET /api/website/catalog/category/search?queryString=women-fashion [36m304 [0m172.992 ms - -[0m
[0mGET /api/website/catalog/product/search?filter_category=women-fashion%20 [36m304 [0m185.998 ms - -[0m
[0mGET /api/website/product/detail?slug=ship-set-chudi [36m304 [0m76.299 ms - -[0m
[0mOPTIONS /api/order/notifications [32m204 [0m1.363 ms - 0[0m
[0mOPTIONS /api/seller/all-product-list?limit=20&page=1 [32m204 [0m0.324 ms - 0[0m
[0mGET /api/order/notifications [36m304 [0m39.896 ms - -[0m
[0mGET /api/seller/all-product-list?limit=20&page=1 [36m304 [0m73.483 ms - -[0m
[0mOPTIONS /api/seller/all-product-list?limit=20&page=1&searchString=Ship+Set+Red+Golden+Chudi+24+pieces [32m204 [0m0.651 ms - 0[0m
[0mGET /api/seller/all-product-list?limit=20&page=1&searchString=Ship+Set+Red+Golden+Chudi+24+pieces [32m200 [0m67.376 ms - 1770[0m
[0mOPTIONS /api/seller/admin/product/update [32m204 [0m0.978 ms - 0[0m
[0mPUT /api/seller/admin/product/update [32m200 [0m32.574 ms - 69[0m
[0mOPTIONS /api/seller/all-product-list?limit=20&page=1 [32m204 [0m0.522 ms - 0[0m
[0mGET /api/seller/all-product-list?limit=20&page=1 [36m304 [0m68.676 ms - -[0m
[0mOPTIONS /api/seller/all-product-list?limit=20&page=1&searchString=Ship+Set+Red+Golden+Chudi+24+pieces [32m204 [0m1.795 ms - 0[0m
[0mGET /api/seller/all-product-list?limit=20&page=1&searchString=Ship+Set+Red+Golden+Chudi+24+pieces [32m200 [0m61.206 ms - 1766[0m
[0mOPTIONS /api/seller/admin/product/update [32m204 [0m1.119 ms - 0[0m
[0mPUT /api/seller/admin/product/update [32m200 [0m12.891 ms - 69[0m
[0mOPTIONS /api/seller/all-product-list?limit=20&page=1 [32m204 [0m1.038 ms - 0[0m
[0mGET /api/seller/all-product-list?limit=20&page=1 [36m304 [0m71.664 ms - -[0m
[0mOPTIONS /api/seller/all-product-list?limit=20&page=1&searchString=Ship+Set+Red+Golden+Chudi+24+pieces [32m204 [0m1.055 ms - 0[0m
[0mGET /api/seller/all-product-list?limit=20&page=1&searchString=Ship+Set+Red+Golden+Chudi+24+pieces [32m200 [0m72.222 ms - 1762[0m
[0mOPTIONS /api/seller/admin/product/update [32m204 [0m1.291 ms - 0[0m
[0mPUT /api/seller/admin/product/update [32m200 [0m17.341 ms - 69[0m
[0mOPTIONS /api/seller/all-product-list?limit=20&page=1 [32m204 [0m1.157 ms - 0[0m
[0mGET /api/seller/all-product-list?limit=20&page=1 [36m304 [0m74.637 ms - -[0m
[0mGET /api/website/category/list [36m304 [0m39.638 ms - -[0m
[0mGET /api/website/category/list [36m304 [0m33.137 ms - -[0m
[0mGET /api/website/product/detail?slug=ship-set-chudi [32m200 [0m82.796 ms - 1771[0m
[0mOPTIONS /api/seller/all-product-list?limit=20&page=1&searchString=Ship+Set+Red+Golden+Chudi+24+pieces [32m204 [0m1.389 ms - 0[0m
[0mGET /api/seller/all-product-list?limit=20&page=1&searchString=Ship+Set+Red+Golden+Chudi+24+pieces [32m200 [0m68.497 ms - 1758[0m
[0mGET /api/website/category/list [32m200 [0m162.472 ms - 30306[0m
[0mGET /api/website/category/list [32m200 [0m163.366 ms - 30306[0m
[0mGET /api/website/product/detail?slug=ship-set-chudi [32m200 [0m231.860 ms - 1771[0m
[0mGET /api/website/product/detail?slug=ship-set-chudi [36m304 [0m81.294 ms - -[0m
[0mGET /api/website/category/list [36m304 [0m89.022 ms - -[0m
[0mGET /api/website/category/list [36m304 [0m32.646 ms - -[0m
[0mGET /api/website/product/detail?slug=ship-set-chudi [36m304 [0m130.536 ms - -[0m
[0mGET /api/website/category/list [32m200 [0m91.342 ms - 30306[0m
[0mGET /api/website/category/list [32m200 [0m103.851 ms - 30306[0m
[0mGET /api/website/product/detail?slug=ship-set-chudi [32m200 [0m152.968 ms - 1771[0m
[0mGET /api/website/category/list [32m200 [0m85.895 ms - 30306[0m
[0mGET /api/website/category/list [32m200 [0m106.093 ms - 30306[0m
[0mGET /api/website/product/detail?slug=ship-set-chudi [32m200 [0m170.706 ms - 1771[0m
[0mGET /api/website/category/list [32m200 [0m146.527 ms - 30306[0m
[0mGET /api/website/category/list [32m200 [0m144.114 ms - 30306[0m
[0mGET /api/website/product/detail?slug=ship-set-chudi [32m200 [0m202.454 ms - 1771[0m
[0mGET /api/website/category/list [32m200 [0m100.761 ms - 30306[0m
[0mGET /api/website/category/list [32m200 [0m111.457 ms - 30306[0m
[0mGET /api/website/product/detail?slug=ship-set-chudi [32m200 [0m257.223 ms - 1771[0m
[0mGET /api/website/category/list [36m304 [0m70.321 ms - -[0m
[0mGET /api/website/category/list [36m304 [0m31.418 ms - -[0m
[0mGET /api/website/product/detail?slug=ship-set-chudi [36m304 [0m94.519 ms - -[0m
[0mGET /api/website/category/list [32m200 [0m78.606 ms - 30306[0m
[0mGET /api/website/category/list [32m200 [0m97.868 ms - 30306[0m
[0mGET /api/website/product/detail?slug=ship-set-chudi [32m200 [0m122.243 ms - 1771[0m
[0mGET /api/website/category/list [36m304 [0m73.227 ms - -[0m
[0mGET /api/website/product/detail?slug=ship-set-chudi [36m304 [0m139.656 ms - -[0m
[0mGET /api/website/category/list [36m304 [0m88.140 ms - -[0m
[0mGET /api/website/category/list [32m200 [0m80.933 ms - 30306[0m
[0mGET /api/website/category/list [32m200 [0m85.258 ms - 30306[0m
[0mGET /api/website/product/detail?slug=ship-set-chudi [32m200 [0m131.279 ms - 1771[0m
[0mGET /api/website/category/list [36m304 [0m59.987 ms - -[0m
[0mGET /api/website/category/list [36m304 [0m65.856 ms - -[0m
[0mGET /api/website/product/detail?slug=ship-set-chudi [36m304 [0m165.483 ms - -[0m
[0mGET /api/website/category/list [32m200 [0m86.171 ms - 30306[0m
[0mGET /api/website/category/list [32m200 [0m99.716 ms - 30306[0m
[0mGET /api/website/product/detail?slug=ship-set-chudi [32m200 [0m178.803 ms - 1771[0m
[0mGET /api/website/category/list [32m200 [0m90.439 ms - 30306[0m
[0mGET /api/website/category/list [32m200 [0m81.348 ms - 30306[0m
[0mGET /api/website/product/detail?slug=ship-set-chudi [32m200 [0m123.397 ms - 1771[0m
[0mGET /api/website/category/list [32m200 [0m128.028 ms - 30306[0m
[0mGET /api/website/category/list [32m200 [0m121.425 ms - 30306[0m
[0mGET /api/website/product/detail?slug=ship-set-chudi [32m200 [0m200.674 ms - 1771[0m
[0mGET /api/website/category/list [36m304 [0m61.314 ms - -[0m
[0mGET /api/website/category/list [36m304 [0m19.881 ms - -[0m
[0mGET /api/website/product/detail?slug=ship-set-chudi [36m304 [0m109.666 ms - -[0m
[0mGET /api/website/category/list [32m200 [0m62.876 ms - 30306[0m
[0mGET /api/website/category/list [32m200 [0m59.520 ms - 30306[0m
[0mGET /api/website/product/detail?slug=ship-set-chudi [32m200 [0m117.333 ms - 1771[0m
[0mGET /api/website/category/list [36m304 [0m48.016 ms - -[0m
[0mGET /api/website/category/list [36m304 [0m25.743 ms - -[0m
[0mGET /api/website/product/detail?slug=ship-set-chudi [36m304 [0m106.257 ms - -[0m
[0mGET /api/website/category/list [32m200 [0m51.036 ms - 30306[0m
[0mGET /api/website/category/list [32m200 [0m63.466 ms - 30306[0m
[0mGET /api/website/product/detail?slug=ship-set-chudi [32m200 [0m131.395 ms - 1771[0m
[0mGET /api/website/category/list [32m200 [0m101.845 ms - 30306[0m
[0mGET /api/website/category/list [32m200 [0m99.650 ms - 30306[0m
[0mGET /api/website/product/detail?slug=ship-set-chudi [32m200 [0m149.408 ms - 1771[0m
[0mGET /api/website/category/list [36m304 [0m59.243 ms - -[0m
[0mGET /api/website/category/list [36m304 [0m25.648 ms - -[0m
[0mGET /api/website/product/detail?slug=ship-set-chudi [36m304 [0m118.286 ms - -[0m
[0mGET /api/website/category/list [32m200 [0m65.869 ms - 30306[0m
[0mGET /api/website/category/list [32m200 [0m65.956 ms - 30306[0m
[0mGET /api/website/product/detail?slug=ship-set-chudi [32m200 [0m114.826 ms - 1771[0m
[0mGET /api/website/category/list [32m200 [0m238.091 ms - 30306[0m
[0mGET /api/website/category/list [32m200 [0m231.209 ms - 30306[0m
[0mGET /api/website/product/detail?slug=ship-set-chudi [32m200 [0m235.274 ms - 1771[0m
[0mGET /api/website/catalog/category/search?queryString=women-fashion [36m304 [0m271.018 ms - -[0m
[0mGET /api/website/catalog/product/search?filter_category=women-fashion [32m200 [0m302.703 ms - 7609[0m
[0mGET /api/website/catalog/product/search?filter_category=women-fashion [36m304 [0m175.443 ms - -[0m
[0mGET /api/website/catalog/product/search?filter_category=women-fashion [36m304 [0m96.897 ms - -[0m
[0mGET /api/website/product/detail?slug=metal-golden-chudi [36m304 [0m94.718 ms - -[0m
[0mGET /api/website/catalog/category/search?queryString=women-fashion [36m304 [0m185.650 ms - -[0m
[0mGET /api/website/catalog/product/search?filter_category=women-fashion [36m304 [0m187.921 ms - -[0m
[0mOPTIONS /api/seller/all-product-list?limit=20&page=1&searchString=Spray+Jaypuri+Bangles+Chura [32m204 [0m5.761 ms - 0[0m
[0mGET /api/seller/all-product-list?limit=20&page=1&searchString=Spray+Jaypuri+Bangles+Chura [32m200 [0m105.200 ms - 62[0m
[0mGET /api/website/product/detail?slug=spray-jaypuri-bangles-chura [32m200 [0m88.792 ms - 1833[0m
[0mOPTIONS /api/seller/all-product-list?limit=20&page=1&searchString=Spray+Jaypuri+Orange+Maroon+Bangles+-+24+pieces [32m204 [0m2.215 ms - 0[0m
[0mGET /api/seller/all-product-list?limit=20&page=1&searchString=Spray+Jaypuri+Orange+Maroon+Bangles+-+24+pieces [32m200 [0m129.646 ms - 1878[0m
[0mOPTIONS /api/seller/admin/product/update [32m204 [0m1.775 ms - 0[0m
[0mPUT /api/seller/admin/product/update [32m200 [0m97.198 ms - 69[0m
[0mOPTIONS /api/seller/all-product-list?limit=20&page=1 [32m204 [0m1.198 ms - 0[0m
[0mGET /api/seller/all-product-list?limit=20&page=1 [36m304 [0m75.803 ms - -[0m
[0mOPTIONS /api/seller/all-product-list?limit=20&page=1&searchString=Spray+Jaypuri+Orange+Maroon+Bangles+-+24+pieces [32m204 [0m1.003 ms - 0[0m
[0mGET /api/seller/all-product-list?limit=20&page=1&searchString=Spray+Jaypuri+Orange+Maroon+Bangles+-+24+pieces [32m200 [0m76.571 ms - 1875[0m
[0mOPTIONS /api/seller/admin/product/update [32m204 [0m1.106 ms - 0[0m
[0mPUT /api/seller/admin/product/update [32m200 [0m39.346 ms - 69[0m
[0mOPTIONS /api/seller/all-product-list?limit=20&page=1 [32m204 [0m1.723 ms - 0[0m
[0mGET /api/seller/all-product-list?limit=20&page=1 [36m304 [0m103.062 ms - -[0m
[0mOPTIONS /api/seller/all-product-list?limit=20&page=1&searchString=Spray+Jaypuri+Orange+Maroon+Bangles+-+24+pieces [32m204 [0m2.157 ms - 0[0m
[0mGET /api/seller/all-product-list?limit=20&page=1&searchString=Spray+Jaypuri+Orange+Maroon+Bangles+-+24+pieces [32m200 [0m107.094 ms - 1872[0m
[0mOPTIONS /api/seller/admin/product/update [32m204 [0m1.847 ms - 0[0m
[0mPUT /api/seller/admin/product/update [32m200 [0m38.726 ms - 69[0m
[0mOPTIONS /api/seller/all-product-list?limit=20&page=1 [32m204 [0m2.343 ms - 0[0m
[0mGET /api/seller/all-product-list?limit=20&page=1 [36m304 [0m87.236 ms - -[0m
[0mOPTIONS /api/seller/all-product-list?limit=20&page=1&searchString=Spray+Jaypuri+Orange+Maroon+Bangles+-+24+pieces [32m204 [0m3.400 ms - 0[0m
[0mGET /api/seller/all-product-list?limit=20&page=1&searchString=Spray+Jaypuri+Orange+Maroon+Bangles+-+24+pieces [32m200 [0m105.647 ms - 1869[0m
[0mGET /api/website/category/list [36m304 [0m80.416 ms - -[0m
[0mGET /api/website/product/detail?slug=spray-jaypuri-bangles-chura [32m200 [0m135.212 ms - 1828[0m
[0mGET /api/website/category/list [36m304 [0m54.102 ms - -[0m
[0mGET /api/website/category/list [32m200 [0m115.610 ms - 30306[0m
[0mGET /api/website/category/list [32m200 [0m138.857 ms - 30306[0m
[0mGET /api/website/product/detail?slug=spray-jaypuri-bangles-chura [32m200 [0m154.723 ms - 1828[0m
[0mGET /api/website/category/list [32m200 [0m110.006 ms - 30306[0m
[0mGET /api/website/category/list [32m200 [0m111.749 ms - 30306[0m
[0mGET /api/website/product/detail?slug=spray-jaypuri-bangles-chura [32m200 [0m171.609 ms - 1828[0m
[0mGET /api/website/category/list [32m200 [0m121.111 ms - 30306[0m
[0mGET /api/website/category/list [32m200 [0m123.113 ms - 30306[0m
[0mGET /api/website/product/detail?slug=spray-jaypuri-bangles-chura [32m200 [0m169.178 ms - 1828[0m
[0mGET /api/website/category/list [36m304 [0m60.613 ms - -[0m
[0mGET /api/website/category/list [36m304 [0m24.282 ms - -[0m
[0mGET /api/website/product/detail?slug=spray-jaypuri-bangles-chura [36m304 [0m120.378 ms - -[0m
[0mGET /api/website/category/list [32m200 [0m69.341 ms - 30306[0m
[0mGET /api/website/category/list [32m200 [0m66.181 ms - 30306[0m
[0mGET /api/website/product/detail?slug=spray-jaypuri-bangles-chura [32m200 [0m104.341 ms - 1828[0m
[0mGET /api/website/category/list [32m200 [0m98.134 ms - 30306[0m
[0mGET /api/website/category/list [32m200 [0m99.235 ms - 30306[0m
[0mGET /api/website/product/detail?slug=spray-jaypuri-bangles-chura [32m200 [0m144.815 ms - 1828[0m
[0mGET /api/website/category/list [32m200 [0m85.215 ms - 30306[0m
[0mGET /api/website/category/list [32m200 [0m92.693 ms - 30306[0m
[0mGET /api/website/product/detail?slug=spray-jaypuri-bangles-chura [32m200 [0m134.860 ms - 1828[0m
[0mGET /api/website/category/list [32m200 [0m127.207 ms - 30306[0m
[0mGET /api/website/category/list [32m200 [0m111.938 ms - 30306[0m
[0mGET /api/website/product/detail?slug=spray-jaypuri-bangles-chura [32m200 [0m125.003 ms - 1828[0m
[0mGET /api/website/category/list [32m200 [0m58.962 ms - 30306[0m
[0mGET /api/website/category/list [32m200 [0m65.196 ms - 30306[0m
[0mGET /api/website/product/detail?slug=spray-jaypuri-bangles-chura [32m200 [0m125.438 ms - 1828[0m
[0mGET /api/website/catalog/category/search?queryString=women-fashion [36m304 [0m184.395 ms - -[0m
[0mGET /api/website/catalog/product/search?filter_category=women-fashion [32m200 [0m183.251 ms - 7604[0m
[0mGET /api/website/category/list [32m200 [0m71.517 ms - 30306[0m
[0mGET /api/website/category/list [32m200 [0m60.257 ms - 30306[0m
[0mGET /api/website/catalog/category/search?queryString=women-fashion [32m200 [0m204.406 ms - 2585[0m
[0mGET /api/website/catalog/product/search?filter_category=women-fashion [32m200 [0m221.505 ms - 7604[0m
[0mGET /api/website/product/detail?slug=spray-jaypuri-bangles-chura [36m304 [0m110.694 ms - -[0m
[0mGET /api/website/product/detail?slug=spray-jaypuri-bangles-chura [36m304 [0m91.150 ms - -[0m
[0mGET /api/website/category/list [32m200 [0m93.535 ms - 30306[0m
[0mGET /api/website/category/list [32m200 [0m95.643 ms - 30306[0m
[0mGET /api/website/product/detail?slug=spray-jaypuri-bangles-chura [32m200 [0m145.043 ms - 1828[0m
[0mGET /api/website/product/detail?slug=spray-jaypuri-bangles-chura [36m304 [0m81.710 ms - -[0m
[0mGET /api/website/product/detail?slug=spray-jaypuri-bangles-chura [36m304 [0m74.140 ms - -[0m
[0mGET /api/website/category/list [36m304 [0m40.664 ms - -[0m
[0mGET /api/website/category/list [36m304 [0m21.628 ms - -[0m
[0mGET /api/website/product/detail?slug=spray-jaypuri-bangles-chura [36m304 [0m109.467 ms - -[0m
[0mGET /api/website/category/list [32m200 [0m84.645 ms - 30306[0m
[0mGET /api/website/category/list [32m200 [0m81.635 ms - 30306[0m
[0mGET /api/website/product/detail?slug=spray-jaypuri-bangles-chura [32m200 [0m130.169 ms - 1828[0m
[0mGET /api/website/category/list [32m200 [0m58.119 ms - 30306[0m
[0mGET /api/website/category/list [32m200 [0m54.583 ms - 30306[0m
[0mGET /api/website/product/detail?slug=spray-jaypuri-bangles-chura [32m200 [0m98.914 ms - 1828[0m
[0mGET /api/website/category/list [32m200 [0m72.605 ms - 30306[0m
[0mGET /api/website/category/list [32m200 [0m71.391 ms - 30306[0m
[0mGET /api/website/product/detail?slug=spray-jaypuri-bangles-chura [32m200 [0m146.706 ms - 1828[0m
[0mGET /api/website/catalog/category/search?queryString=women-fashion [36m304 [0m222.847 ms - -[0m
[0mGET /api/website/catalog/product/search?filter_category=women-fashion [36m304 [0m208.012 ms - -[0m
[0mGET /api/website/product/detail?slug=metal-golden-chudi [36m304 [0m88.444 ms - -[0m
[0mGET /api/website/catalog/category/search?queryString=women-fashion [36m304 [0m172.959 ms - -[0m
[0mGET /api/website/catalog/product/search?filter_category=women-fashion [36m304 [0m178.545 ms - -[0m
[0mGET /api/website/product/detail?slug=ship-set-chudi [36m304 [0m95.466 ms - -[0m
[0mGET /api/website/catalog/category/search?queryString=women-fashion [36m304 [0m180.211 ms - -[0m
[0mGET /api/website/catalog/product/search?filter_category=women-fashion [36m304 [0m180.464 ms - -[0m
[0mGET /api/website/product/detail?slug=swarswati-bangles-baby-metal-chura [32m200 [0m91.614 ms - 1990[0m
[0mOPTIONS /api/seller/all-product-list?limit=20&page=1&searchString=Sarsawati+Bangles+Golden+Metal+Chura+24+pieces [32m204 [0m3.312 ms - 0[0m
[0mGET /api/seller/all-product-list?limit=20&page=1&searchString=Sarsawati+Bangles+Golden+Metal+Chura+24+pieces [32m200 [0m104.211 ms - 671[0m
[0mOPTIONS /api/seller/admin/product/update [32m204 [0m1.088 ms - 0[0m
[0mPUT /api/seller/admin/product/update [32m200 [0m83.553 ms - 69[0m
[0mOPTIONS /api/seller/all-product-list?limit=20&page=1 [32m204 [0m2.343 ms - 0[0m
[0mGET /api/seller/all-product-list?limit=20&page=1 [36m304 [0m102.602 ms - -[0m
[0mGET /api/website/category/list [36m304 [0m82.540 ms - -[0m
[0mGET /api/website/category/list [36m304 [0m46.715 ms - -[0m
[0mGET /api/website/product/detail?slug=swarswati-bangles-baby-metal-chura [32m200 [0m129.705 ms - 1984[0m
[0mGET /api/website/autosuggest/search?limit=5&query=m [36m304 [0m224.680 ms - -[0m
[0mGET /api/website/autosuggest/search?limit=5&query=mid [36m304 [0m26.692 ms - -[0m
[0mGET /api/website/autosuggest/search?limit=5&query=mide [36m304 [0m35.381 ms - -[0m
[0mGET /api/website/autosuggest/search?limit=5&query=midea [36m304 [0m63.589 ms - -[0m
[0mGET /api/website/catalog/category/search?queryString=midea [36m304 [0m38.383 ms - -[0m
[0mGET /api/website/catalog/product/search?filter_category=midea%20 [36m304 [0m74.606 ms - -[0m
[0mGET /api/website/product/detail?slug=null [31m500 [0m97.015 ms - 3181[0m
[0mGET /api/website/catalog/category/search?queryString=midea [36m304 [0m57.998 ms - -[0m
[0mGET /api/website/catalog/product/search?filter_category=midea [32m200 [0m93.379 ms - 3438[0m
[0mGET /api/website/product/detail?slug=Hindware%20cooker%20hood%20pacific%20neo%20BF%2060cm%20Decorative%20chimney [32m200 [0m70.606 ms - 2537[0m
[0mOPTIONS /api/seller/all-product-list?limit=20&page=1&searchString=Hindware+cooker+hood+pacific+neo+BF+60cm+Decorative+chimney [32m204 [0m7.801 ms - 0[0m
[0mGET /api/seller/all-product-list?limit=20&page=1&searchString=Hindware+cooker+hood+pacific+neo+BF+60cm+Decorative+chimney [32m200 [0m119.789 ms - 669[0m
[0mOPTIONS /api/seller/admin/product/update [32m204 [0m1.337 ms - 0[0m
[0mPUT /api/seller/admin/product/update [32m200 [0m59.819 ms - 69[0m
[0mOPTIONS /api/seller/all-product-list?limit=20&page=1 [32m204 [0m2.243 ms - 0[0m
[0mGET /api/seller/all-product-list?limit=20&page=1 [36m304 [0m101.374 ms - -[0m
[0mGET /api/website/category/list [36m304 [0m58.405 ms - -[0m
[0mGET /api/website/category/list [36m304 [0m53.907 ms - -[0m
[0mGET /api/website/product/detail?slug=Hindware%20cooker%20hood%20pacific%20neo%20BF%2060cm%20Decorative%20chimney [32m200 [0m119.582 ms - 2536[0m
[0mGET /api/category/main-list [32m200 [0m23.706 ms - 11880[0m
[0mGET /api/website/category/list [36m304 [0m138.610 ms - -[0m
[0mGET /api/website/autosuggest/search?limit=5&query=m [36m304 [0m259.226 ms - -[0m
[0mGET /api/website/autosuggest/search?limit=5&query=mid [36m304 [0m27.622 ms - -[0m
[0mGET /api/website/autosuggest/search?limit=5&query=mide [36m304 [0m29.078 ms - -[0m
[0mGET /api/website/autosuggest/search?limit=5&query=midea [36m304 [0m57.141 ms - -[0m
[0mGET /api/website/catalog/category/search?queryString=midea [36m304 [0m45.100 ms - -[0m
[0mGET /api/website/catalog/product/search?filter_category=midea%20 [32m200 [0m86.558 ms - 3437[0m
[0mGET /api/website/product/detail?slug=Hindware%20cooker%20hood%20pacific%20neo%20BF%2060cm%20Decorative%20chimney [36m304 [0m65.592 ms - -[0m
