[0mOPTIONS /api/order/notifications [32m204 [0m4.807 ms - 0[0m
[0mOPTIONS /api/order/list [32m204 [0m4.275 ms - 0[0m
[0mOPTIONS /api/order/count [32m204 [0m4.192 ms - 0[0m
[0mGET /api/order/count [36m304 [0m61.964 ms - -[0m
[0mGET /api/order/notifications [36m304 [0m113.092 ms - -[0m
[0mGET /api/order/list [32m200 [0m217.603 ms - 193766[0m
[0mOPTIONS /api/order/notifications [32m204 [0m4.424 ms - 0[0m
[0mOPTIONS /api/seller/all-product-list?limit=20&page=1 [32m204 [0m2.633 ms - 0[0m
[0mGET /api/order/notifications [36m304 [0m49.058 ms - -[0m
[0mGET /api/seller/all-product-list?limit=20&page=1 [36m304 [0m79.681 ms - -[0m
[0mOPTIONS /api/auth/seller/profile-details [32m204 [0m3.236 ms - 0[0m
[0mOPTIONS /api/seller/dasbhoard/list [32m204 [0m1.259 ms - 0[0m
[0mGET /api/auth/seller/profile-details [36m304 [0m39.687 ms - -[0m
[0mGET /api/seller/dasbhoard/list [36m304 [0m57.172 ms - -[0m
[0mOPTIONS /api/order/notifications [32m204 [0m2.830 ms - 0[0m
[0mOPTIONS /api/seller/all-product-list?limit=20&page=1 [32m204 [0m1.210 ms - 0[0m
[0mGET /api/order/notifications [36m304 [0m90.308 ms - -[0m
[0mGET /api/seller/all-product-list?limit=20&page=1 [36m304 [0m132.963 ms - -[0m
[0mOPTIONS /api/order/notifications [32m204 [0m6.819 ms - 0[0m
[0mOPTIONS /api/seller/all-product-list?limit=20&page=1 [32m204 [0m0.990 ms - 0[0m
[0mGET /api/order/notifications [36m304 [0m74.681 ms - -[0m
[0mGET /api/seller/all-product-list?limit=20&page=1 [36m304 [0m110.467 ms - -[0m
[0mOPTIONS /api/auth/seller/profile-details [32m204 [0m1.441 ms - 0[0m
[0mOPTIONS /api/seller/product/list [32m204 [0m0.365 ms - 0[0m
[0mGET /api/auth/seller/profile-details [36m304 [0m27.746 ms - -[0m
[0mPOST /api/seller/product/list [32m200 [0m95.138 ms - 57700[0m
[0mOPTIONS /api/auth/seller/profile-details [32m204 [0m1.787 ms - 0[0m
[0mOPTIONS /api/seller/product/list [32m204 [0m0.939 ms - 0[0m
[0mGET /api/auth/seller/profile-details [36m304 [0m19.878 ms - -[0m
[0mPOST /api/seller/product/list [32m200 [0m63.210 ms - 57700[0m
[0mOPTIONS /api/order/notifications [32m204 [0m2.702 ms - 0[0m
[0mOPTIONS /api/seller/all-product-list?limit=20&page=1 [32m204 [0m1.025 ms - 0[0m
[0mGET /api/order/notifications [36m304 [0m73.699 ms - -[0m
[0mGET /api/seller/all-product-list?limit=20&page=1 [36m304 [0m124.269 ms - -[0m
[0mOPTIONS /api/order/notifications [32m204 [0m2.105 ms - 0[0m
[0mOPTIONS /api/seller/all-product-list?limit=20&page=1 [32m204 [0m0.632 ms - 0[0m
[0mGET /api/order/notifications [36m304 [0m56.178 ms - -[0m
[0mGET /api/seller/all-product-list?limit=20&page=1 [36m304 [0m94.389 ms - -[0m
[0mGET /api/order/notifications [36m304 [0m22.000 ms - -[0m
[0mOPTIONS /api/order/notifications [32m204 [0m1.027 ms - 0[0m
[0mGET /api/order/notifications [36m304 [0m41.743 ms - -[0m
[0mGET /api/order/notifications [36m304 [0m21.980 ms - -[0m
[0mOPTIONS /api/order/notifications [32m204 [0m1.671 ms - 0[0m
[0mGET /api/order/notifications [36m304 [0m35.502 ms - -[0m
[0mOPTIONS /api/order/notifications [32m204 [0m0.747 ms - 0[0m
[0mOPTIONS /api/order/notifications [32m204 [0m0.943 ms - 0[0m
[0mOPTIONS /api/vendor/list [32m204 [0m1.413 ms - 0[0m
[0mGET /api/order/notifications [36m304 [0m23.572 ms - -[0m
[0mGET /api/vendor/list [36m304 [0m35.902 ms - -[0m
[0mOPTIONS /api/order/notifications [32m204 [0m1.740 ms - 0[0m
[0mOPTIONS /api/vendor/list [32m204 [0m1.086 ms - 0[0m
[0mGET /api/vendor/list [36m304 [0m45.090 ms - -[0m
[0mGET /api/order/notifications [36m304 [0m59.828 ms - -[0m
[0mOPTIONS /api/order/notifications [32m204 [0m1.297 ms - 0[0m
[0mOPTIONS /api/vendor/list [32m204 [0m0.711 ms - 0[0m
[0mGET /api/vendor/list [36m304 [0m18.717 ms - -[0m
[0mGET /api/order/notifications [36m304 [0m34.196 ms - -[0m
[0mOPTIONS /api/product/getAllproductList [32m204 [0m0.956 ms - 0[0m
[0mGET /api/order/notifications [36m304 [0m22.718 ms - -[0m
[0mPOST /api/product/getAllproductList [32m200 [0m384.886 ms - 238931[0m
[0mOPTIONS /api/order/notifications [32m204 [0m5.812 ms - 0[0m
[0mOPTIONS /api/product/getAllproductList [32m204 [0m2.428 ms - 0[0m
[0mGET /api/order/notifications [36m304 [0m88.244 ms - -[0m
[0mPOST /api/product/getAllproductList [32m200 [0m314.881 ms - 238931[0m
[0mOPTIONS /api/order/notifications [32m204 [0m1.474 ms - 0[0m
[0mGET /api/order/notifications [36m304 [0m48.454 ms - -[0m
[0mGET /api/order/notifications [36m304 [0m28.125 ms - -[0m
[0mOPTIONS /api/order/notifications [32m204 [0m1.698 ms - 0[0m
[0mGET /api/order/notifications [36m304 [0m47.256 ms - -[0m
[0mGET /api/order/notifications [36m304 [0m21.546 ms - -[0m
[0mOPTIONS /api/order/notifications [32m204 [0m7.575 ms - 0[0m
[0mGET /api/order/notifications [36m304 [0m25.271 ms - -[0m
[0mOPTIONS /api/product/getAllproductList [32m204 [0m0.570 ms - 0[0m
[0mGET /api/order/notifications [36m304 [0m27.762 ms - -[0m
[0mPOST /api/product/getAllproductList [32m200 [0m409.103 ms - 238931[0m
[0mOPTIONS /api/category/admin/main-list [32m204 [0m2.926 ms - 0[0m
[0mOPTIONS /api/product/brand-list [32m204 [0m1.752 ms - 0[0m
[0mGET /api/category/admin/main-list [36m304 [0m42.260 ms - -[0m
[0mPOST /api/product/brand-list [32m200 [0m30.365 ms - 4359[0m
[0mGET /api/order/notifications [36m304 [0m55.663 ms - -[0m
[0mOPTIONS /api/order/notifications [32m204 [0m1.303 ms - 0[0m
[0mOPTIONS /api/product/getAllproductList [32m204 [0m0.390 ms - 0[0m
[0mPOST /api/product/getAllproductList [32m200 [0m208.986 ms - 238931[0m
[0mOPTIONS /api/order/notifications [32m204 [0m1.604 ms - 0[0m
[0mOPTIONS /api/product/getAllproductList [32m204 [0m0.923 ms - 0[0m
[0mGET /api/order/notifications [32m200 [0m47.091 ms - 36[0m
[0mPOST /api/product/getAllproductList [32m200 [0m322.728 ms - 238931[0m
[0mOPTIONS /api/order/notifications [32m204 [0m2.181 ms - 0[0m
[0mOPTIONS /api/product/getAllproductList [32m204 [0m0.370 ms - 0[0m
[0mGET /api/order/notifications [32m200 [0m81.934 ms - 36[0m
[0mPOST /api/product/getAllproductList [32m200 [0m330.112 ms - 238931[0m
[0mOPTIONS /api/order/notifications [32m204 [0m2.911 ms - 0[0m
[0mOPTIONS /api/product/getAllproductList [32m204 [0m1.468 ms - 0[0m
[0mGET /api/order/notifications [36m304 [0m421.010 ms - -[0m
[0mPOST /api/product/getAllproductList [32m200 [0m439.802 ms - 238931[0m
[0mOPTIONS /api/order/notifications [32m204 [0m1.889 ms - 0[0m
[0mOPTIONS /api/product/getAllproductList [32m204 [0m0.945 ms - 0[0m
[0mGET /api/order/notifications [36m304 [0m72.381 ms - -[0m
[0mPOST /api/product/getAllproductList [32m200 [0m389.503 ms - 238931[0m
[0mOPTIONS /api/order/notifications [32m204 [0m3.389 ms - 0[0m
[0mOPTIONS /api/product/getAllproductList [32m204 [0m6.582 ms - 0[0m
[0mGET /api/order/notifications [36m304 [0m85.068 ms - -[0m
[0mPOST /api/product/getAllproductList [32m200 [0m311.039 ms - 238931[0m
[0mGET /api/order/notifications [36m304 [0m35.635 ms - -[0m
[0mPOST /api/product/getAllproductList [32m200 [0m243.956 ms - 238931[0m
[0mOPTIONS /api/order/notifications [32m204 [0m2.359 ms - 0[0m
[0mOPTIONS /api/product/getAllproductList [32m204 [0m1.170 ms - 0[0m
[0mGET /api/order/notifications [36m304 [0m44.605 ms - -[0m
[0mPOST /api/product/getAllproductList [32m200 [0m509.116 ms - 238931[0m
[0mOPTIONS /api/auth/seller/profile-details [32m204 [0m2.104 ms - 0[0m
[0mOPTIONS /api/seller/product/list [32m204 [0m1.287 ms - 0[0m
[0mGET /api/auth/seller/profile-details [36m304 [0m30.010 ms - -[0m
[0mPOST /api/seller/product/list [32m200 [0m100.511 ms - 57700[0m
[0mOPTIONS /api/order/notifications [32m204 [0m9.787 ms - 0[0m
[0mOPTIONS /api/product/getAllproductList [32m204 [0m6.604 ms - 0[0m
[0mGET /api/order/notifications [32m200 [0m100.885 ms - 36[0m
[0mPOST /api/product/getAllproductList [32m200 [0m437.049 ms - 238931[0m
[0mOPTIONS /api/order/notifications [32m204 [0m6.678 ms - 0[0m
[0mOPTIONS /api/seller/history-product [32m204 [0m2.107 ms - 0[0m
[0mGET /api/order/notifications [36m304 [0m97.869 ms - -[0m
[0mPOST /api/seller/history-product [32m200 [0m822.259 ms - 1627051[0m
[0mOPTIONS /api/order/notifications [32m204 [0m6.755 ms - 0[0m
[0mOPTIONS /api/seller/history-product [32m204 [0m7.225 ms - 0[0m
[0mGET /api/order/notifications [32m200 [0m81.866 ms - 36[0m
[0mPOST /api/seller/history-product [32m200 [0m698.757 ms - 1627086[0m
[0mOPTIONS /api/order/notifications [32m204 [0m1.598 ms - 0[0m
[0mOPTIONS /api/seller/history-product [32m204 [0m2.814 ms - 0[0m
[0mGET /api/order/notifications [36m304 [0m63.088 ms - -[0m
[0mPOST /api/seller/history-product [32m200 [0m767.917 ms - 1627086[0m
[0mOPTIONS /api/order/notifications [32m204 [0m3.631 ms - 0[0m
[0mOPTIONS /api/seller/history-product [32m204 [0m2.928 ms - 0[0m
[0mGET /api/order/notifications [36m304 [0m342.092 ms - -[0m
[0mPOST /api/seller/history-product [32m200 [0m673.101 ms - 1627086[0m
[0mOPTIONS /api/order/notifications [32m204 [0m14.143 ms - 0[0m
[0mOPTIONS /api/seller/history-product [32m204 [0m3.178 ms - 0[0m
[0mGET /api/order/notifications [36m304 [0m59.374 ms - -[0m
[0mPOST /api/seller/history-product [32m200 [0m936.268 ms - 1627086[0m
[0mOPTIONS /api/order/notifications [32m204 [0m3.457 ms - 0[0m
[0mOPTIONS /api/seller/history-product [32m204 [0m2.665 ms - 0[0m
[0mGET /api/order/notifications [36m304 [0m81.139 ms - -[0m
[0mPOST /api/seller/history-product [32m200 [0m715.418 ms - 1627086[0m
[0mOPTIONS /api/order/notifications [32m204 [0m12.938 ms - 0[0m
[0mOPTIONS /api/seller/history-product [32m204 [0m6.863 ms - 0[0m
[0mGET /api/order/notifications [36m304 [0m67.752 ms - -[0m
[0mPOST /api/seller/history-product [32m200 [0m795.247 ms - 1627086[0m
[0mOPTIONS /api/order/notifications [32m204 [0m4.001 ms - 0[0m
[0mOPTIONS /api/seller/history-product [32m204 [0m4.471 ms - 0[0m
[0mGET /api/order/notifications [36m304 [0m85.516 ms - -[0m
[0mPOST /api/seller/history-product [32m200 [0m725.912 ms - 1627086[0m
[0mOPTIONS /api/order/notifications [32m204 [0m1.986 ms - 0[0m
[0mOPTIONS /api/seller/history-product?limit=20&page=1 [32m204 [0m2.011 ms - 0[0m
[0mGET /api/seller/history-product?limit=20&page=1 [33m404 [0m29.027 ms - 3157[0m
[0mGET /api/order/notifications [36m304 [0m113.493 ms - -[0m
[0mOPTIONS /api/order/notifications [32m204 [0m14.802 ms - 0[0m
[0mOPTIONS /api/seller/history-product?limit=20&page=1 [32m204 [0m9.492 ms - 0[0m
[0mGET /api/order/notifications [32m200 [0m62.808 ms - 36[0m
[0mGET /api/seller/history-product?limit=20&page=1 [32m200 [0m715.182 ms - 1627086[0m
[0mOPTIONS /api/order/notifications [32m204 [0m23.093 ms - 0[0m
[0mOPTIONS /api/seller/history-product?limit=20&page=1 [32m204 [0m8.005 ms - 0[0m
[0mGET /api/order/notifications [32m200 [0m63.258 ms - 36[0m
[0mGET /api/seller/history-product?limit=20&page=1 [32m200 [0m65.151 ms - 62[0m
[0mOPTIONS /api/order/notifications [32m204 [0m9.868 ms - 0[0m
[0mOPTIONS /api/seller/history-product?limit=20&page=1 [32m204 [0m5.973 ms - 0[0m
[0mGET /api/order/notifications [32m200 [0m75.212 ms - 36[0m
[0mGET /api/seller/history-product?limit=20&page=1 [31m500 [0m81.549 ms - 2582[0m
[0mOPTIONS /api/order/notifications [32m204 [0m6.503 ms - 0[0m
[0mOPTIONS /api/seller/history-product?limit=20&page=1 [32m204 [0m4.606 ms - 0[0m
[0mGET /api/order/notifications [32m200 [0m71.096 ms - 36[0m
[0mGET /api/seller/history-product?limit=20&page=1 [31m500 [0m86.533 ms - 2582[0m
[0mOPTIONS /api/order/notifications [32m204 [0m7.910 ms - 0[0m
[0mOPTIONS /api/seller/history-product?limit=20&page=1 [32m204 [0m7.950 ms - 0[0m
[0mGET /api/order/notifications [32m200 [0m69.353 ms - 36[0m
[0mGET /api/seller/history-product?limit=20&page=1 [32m200 [0m95.613 ms - 30793[0m
[0mOPTIONS /api/seller/history-product?limit=20&page=134 [32m204 [0m1.999 ms - 0[0m
[0mGET /api/seller/history-product?limit=20&page=134 [32m200 [0m38.684 ms - 84[0m
[0mOPTIONS /api/seller/history-product?limit=20&page=133 [32m204 [0m0.895 ms - 0[0m
[0mGET /api/seller/history-product?limit=20&page=133 [32m200 [0m21.298 ms - 84[0m
[0mOPTIONS /api/seller/history-product?limit=20&page=132 [32m204 [0m0.439 ms - 0[0m
[0mGET /api/seller/history-product?limit=20&page=132 [32m200 [0m15.665 ms - 84[0m
[0mOPTIONS /api/seller/history-product?limit=20&page=131 [32m204 [0m1.093 ms - 0[0m
[0mGET /api/seller/history-product?limit=20&page=131 [32m200 [0m16.932 ms - 84[0m
[0mOPTIONS /api/seller/history-product?limit=20&page=129 [32m204 [0m0.494 ms - 0[0m
[0mGET /api/seller/history-product?limit=20&page=129 [32m200 [0m15.179 ms - 84[0m
[0mOPTIONS /api/seller/history-product?limit=20&page=124 [32m204 [0m1.067 ms - 0[0m
[0mGET /api/seller/history-product?limit=20&page=124 [32m200 [0m17.785 ms - 84[0m
[0mOPTIONS /api/seller/history-product?limit=20&page=119 [32m204 [0m0.638 ms - 0[0m
[0mGET /api/seller/history-product?limit=20&page=119 [32m200 [0m17.859 ms - 84[0m
[0mOPTIONS /api/seller/history-product?limit=20&page=114 [32m204 [0m0.946 ms - 0[0m
[0mGET /api/seller/history-product?limit=20&page=114 [32m200 [0m17.070 ms - 84[0m
[0mOPTIONS /api/seller/history-product?limit=20&page=109 [32m204 [0m0.661 ms - 0[0m
[0mGET /api/seller/history-product?limit=20&page=109 [32m200 [0m26.795 ms - 84[0m
[0mOPTIONS /api/seller/history-product?limit=20&page=104 [32m204 [0m1.076 ms - 0[0m
[0mGET /api/seller/history-product?limit=20&page=104 [32m200 [0m23.348 ms - 84[0m
[0mOPTIONS /api/seller/history-product?limit=20&page=99 [32m204 [0m0.979 ms - 0[0m
[0mGET /api/seller/history-product?limit=20&page=99 [32m200 [0m17.838 ms - 84[0m
[0mOPTIONS /api/seller/history-product?limit=20&page=94 [32m204 [0m0.534 ms - 0[0m
[0mGET /api/seller/history-product?limit=20&page=94 [32m200 [0m15.585 ms - 84[0m
[0mOPTIONS /api/seller/history-product?limit=20&page=93 [32m204 [0m0.946 ms - 0[0m
[0mGET /api/seller/history-product?limit=20&page=93 [32m200 [0m20.303 ms - 84[0m
[0mOPTIONS /api/seller/history-product?limit=20&page=91 [32m204 [0m0.955 ms - 0[0m
[0mGET /api/seller/history-product?limit=20&page=91 [32m200 [0m19.334 ms - 84[0m
[0mOPTIONS /api/seller/history-product?limit=20&page=86 [32m204 [0m1.322 ms - 0[0m
[0mGET /api/seller/history-product?limit=20&page=86 [32m200 [0m19.022 ms - 84[0m
[0mOPTIONS /api/seller/history-product?limit=20&page=81 [32m204 [0m0.943 ms - 0[0m
[0mGET /api/seller/history-product?limit=20&page=81 [32m200 [0m21.513 ms - 84[0m
[0mOPTIONS /api/seller/history-product?limit=20&page=76 [32m204 [0m0.473 ms - 0[0m
[0mGET /api/seller/history-product?limit=20&page=76 [32m200 [0m15.019 ms - 84[0m
[0mOPTIONS /api/seller/history-product?limit=20&page=71 [32m204 [0m0.515 ms - 0[0m
[0mGET /api/seller/history-product?limit=20&page=71 [32m200 [0m27.424 ms - 84[0m
[0mOPTIONS /api/seller/history-product?limit=20&page=66 [32m204 [0m0.816 ms - 0[0m
[0mGET /api/seller/history-product?limit=20&page=66 [32m200 [0m19.771 ms - 84[0m
[0mOPTIONS /api/seller/history-product?limit=20&page=61 [32m204 [0m0.865 ms - 0[0m
[0mGET /api/seller/history-product?limit=20&page=61 [32m200 [0m21.069 ms - 84[0m
[0mOPTIONS /api/seller/history-product?limit=20&page=56 [32m204 [0m0.780 ms - 0[0m
[0mGET /api/seller/history-product?limit=20&page=56 [32m200 [0m17.498 ms - 84[0m
[0mOPTIONS /api/seller/history-product?limit=20&page=51 [32m204 [0m0.862 ms - 0[0m
[0mGET /api/seller/history-product?limit=20&page=51 [32m200 [0m19.447 ms - 84[0m
[0mOPTIONS /api/seller/history-product?limit=20&page=46 [32m204 [0m0.497 ms - 0[0m
[0mGET /api/seller/history-product?limit=20&page=46 [32m200 [0m13.690 ms - 84[0m
[0mOPTIONS /api/seller/history-product?limit=20&page=41 [32m204 [0m0.414 ms - 0[0m
[0mGET /api/seller/history-product?limit=20&page=41 [32m200 [0m15.894 ms - 84[0m
[0mOPTIONS /api/seller/history-product?limit=20&page=36 [32m204 [0m0.466 ms - 0[0m
[0mGET /api/seller/history-product?limit=20&page=36 [32m200 [0m67.308 ms - 93117[0m
[0mOPTIONS /api/order/notifications [32m204 [0m0.832 ms - 0[0m
[0mOPTIONS /api/seller/history-product?limit=20&page=1 [32m204 [0m0.656 ms - 0[0m
[0mGET /api/seller/history-product?limit=20&page=1 [36m304 [0m75.314 ms - -[0m
[0mGET /api/order/notifications [36m304 [0m75.037 ms - -[0m
[0mOPTIONS /api/order/notifications [32m204 [0m1.588 ms - 0[0m
[0mOPTIONS /api/seller/history-product?limit=20&page=1 [32m204 [0m0.780 ms - 0[0m
[0mGET /api/seller/history-product?limit=20&page=1 [36m304 [0m56.170 ms - -[0m
[0mGET /api/order/notifications [36m304 [0m65.608 ms - -[0m
[0mOPTIONS /api/order/notifications [32m204 [0m8.596 ms - 0[0m
[0mOPTIONS /api/seller/history-product?limit=20&page=1 [32m204 [0m4.495 ms - 0[0m
[0mGET /api/order/notifications [32m200 [0m53.449 ms - 36[0m
[0mGET /api/seller/history-product?limit=20&page=1 [31m500 [0m53.662 ms - 2582[0m
[0mOPTIONS /api/order/notifications [32m204 [0m6.245 ms - 0[0m
[0mOPTIONS /api/seller/history-product?limit=20&page=1 [32m204 [0m3.634 ms - 0[0m
[0mGET /api/order/notifications [32m200 [0m56.080 ms - 36[0m
[0mGET /api/seller/history-product?limit=20&page=1 [31m500 [0m52.893 ms - 2582[0m
[0mOPTIONS /api/order/notifications [32m204 [0m9.815 ms - 0[0m
[0mOPTIONS /api/seller/history-product?limit=20&page=1 [32m204 [0m10.627 ms - 0[0m
[0mGET /api/order/notifications [32m200 [0m59.413 ms - 36[0m
[0mGET /api/seller/history-product?limit=20&page=1 [31m500 [0m56.746 ms - 2582[0m
[0mOPTIONS /api/order/notifications [32m204 [0m11.719 ms - 0[0m
[0mOPTIONS /api/seller/history-product?limit=20&page=1 [32m204 [0m9.391 ms - 0[0m
[0mGET /api/order/notifications [32m200 [0m82.994 ms - 36[0m
[0mGET /api/seller/history-product?limit=20&page=1 [31m500 [0m78.206 ms - 2582[0m
[0mOPTIONS /api/order/notifications [32m204 [0m13.864 ms - 0[0m
[0mOPTIONS /api/seller/history-product?limit=20&page=1 [32m204 [0m11.645 ms - 0[0m
[0mGET /api/order/notifications [32m200 [0m70.770 ms - 36[0m
[0mGET /api/seller/history-product?limit=20&page=1 [32m200 [0m184.544 ms - 100539[0m
[0mOPTIONS /api/seller/history-product?limit=20&page=2 [32m204 [0m1.997 ms - 0[0m
[0mGET /api/seller/history-product?limit=20&page=2 [32m200 [0m95.916 ms - 128797[0m
[0mOPTIONS /api/order/notifications [32m204 [0m7.212 ms - 0[0m
[0mOPTIONS /api/seller/history-product?limit=20&page=1 [32m204 [0m3.917 ms - 0[0m
[0mGET /api/order/notifications [32m200 [0m65.135 ms - 36[0m
[0mGET /api/seller/history-product?limit=20&page=1 [31m500 [0m78.942 ms - 2582[0m
[0mOPTIONS /api/order/notifications [32m204 [0m10.868 ms - 0[0m
[0mOPTIONS /api/seller/history-product?limit=20&page=1 [32m204 [0m7.434 ms - 0[0m
[0mGET /api/order/notifications [32m200 [0m66.564 ms - 36[0m
[0mGET /api/seller/history-product?limit=20&page=1 [32m200 [0m158.648 ms - 100539[0m
[0mOPTIONS /api/order/notifications [32m204 [0m10.216 ms - 0[0m
[0mOPTIONS /api/seller/history-product?limit=20&page=1 [32m204 [0m18.629 ms - 0[0m
[0mGET /api/order/notifications [32m200 [0m60.423 ms - 36[0m
[0mGET /api/seller/history-product?limit=20&page=1 [32m200 [0m102.600 ms - 30793[0m
[0mOPTIONS /api/order/notifications [32m204 [0m7.011 ms - 0[0m
[0mOPTIONS /api/seller/history-product?limit=20&page=1 [32m204 [0m6.609 ms - 0[0m
[0mGET /api/order/notifications [36m304 [0m65.716 ms - -[0m
[0mGET /api/seller/history-product?limit=20&page=1 [32m200 [0m149.023 ms - 100539[0m
[0mOPTIONS /api/order/notifications [32m204 [0m2.887 ms - 0[0m
[0mOPTIONS /api/seller/all-product-list?limit=20&page=1 [32m204 [0m1.163 ms - 0[0m
[0mGET /api/order/notifications [36m304 [0m71.489 ms - -[0m
[0mGET /api/seller/all-product-list?limit=20&page=1 [36m304 [0m115.267 ms - -[0m
[0mOPTIONS /api/order/notifications [32m204 [0m1.840 ms - 0[0m
[0mOPTIONS /api/seller/all-product-list?limit=20&page=1 [32m204 [0m0.529 ms - 0[0m
[0mGET /api/order/notifications [36m304 [0m59.446 ms - -[0m
[0mGET /api/seller/all-product-list?limit=20&page=1 [36m304 [0m111.114 ms - -[0m
[0mOPTIONS /api/order/notifications [32m204 [0m8.497 ms - 0[0m
[0mOPTIONS /api/seller/all-product-list?limit=20&page=1 [32m204 [0m1.331 ms - 0[0m
[0mGET /api/order/notifications [36m304 [0m69.174 ms - -[0m
[0mGET /api/seller/all-product-list?limit=20&page=1 [36m304 [0m116.549 ms - -[0m
[0mOPTIONS /api/order/notifications [32m204 [0m1.181 ms - 0[0m
[0mOPTIONS /api/seller/history-product?limit=20&page=1 [32m204 [0m0.643 ms - 0[0m
[0mGET /api/seller/history-product?limit=20&page=1 [36m304 [0m113.653 ms - -[0m
[0mGET /api/order/notifications [36m304 [0m120.451 ms - -[0m
[0mOPTIONS /api/order/notifications [32m204 [0m1.671 ms - 0[0m
[0mOPTIONS /api/seller/history-product?limit=20&page=1 [32m204 [0m1.249 ms - 0[0m
[0mGET /api/order/notifications [36m304 [0m67.027 ms - -[0m
[0mGET /api/seller/history-product?limit=20&page=1 [36m304 [0m147.174 ms - -[0m
[0mOPTIONS /api/order/notifications [32m204 [0m2.346 ms - 0[0m
[0mOPTIONS /api/seller/history-product?limit=20&page=1 [32m204 [0m0.876 ms - 0[0m
[0mGET /api/order/notifications [36m304 [0m46.078 ms - -[0m
[0mGET /api/seller/history-product?limit=20&page=1 [36m304 [0m97.791 ms - -[0m
[0mOPTIONS /api/order/notifications [32m204 [0m7.212 ms - 0[0m
[0mOPTIONS /api/seller/history-product?limit=20&page=1 [32m204 [0m1.430 ms - 0[0m
[0mGET /api/seller/history-product?limit=20&page=1 [36m304 [0m113.695 ms - -[0m
[0mGET /api/order/notifications [36m304 [0m106.143 ms - -[0m
[0mOPTIONS /api/seller/history-product?limit=20&page=1&searchString=Engagement+cake+7+Pounds [32m204 [0m1.914 ms - 0[0m
[0mGET /api/seller/history-product?limit=20&page=1&searchString=Engagement+cake+7+Pounds [32m200 [0m91.136 ms - 100539[0m
[0mOPTIONS /api/order/notifications [32m204 [0m2.028 ms - 0[0m
[0mOPTIONS /api/seller/all-product-list?limit=20&page=1 [32m204 [0m0.780 ms - 0[0m
[0mGET /api/order/notifications [36m304 [0m50.173 ms - -[0m
[0mGET /api/seller/all-product-list?limit=20&page=1 [36m304 [0m97.810 ms - -[0m
[0mOPTIONS /api/seller/all-product-list?limit=20&page=1&searchString=Darshan+Effects+Insense+Sticks+Fruity+Fragrance [32m204 [0m0.883 ms - 0[0m
[0mGET /api/seller/all-product-list?limit=20&page=1&searchString=Darshan+Effects+Insense+Sticks+Fruity+Fragrance [36m304 [0m64.960 ms - -[0m
[0mOPTIONS /api/order/notifications [32m204 [0m6.016 ms - 0[0m
[0mOPTIONS /api/seller/history-product?limit=20&page=1 [32m204 [0m2.457 ms - 0[0m
[0mGET /api/order/notifications [36m304 [0m141.031 ms - -[0m
[0mOPTIONS /api/order/notifications [32m204 [0m10.534 ms - 0[0m
[0mOPTIONS /api/seller/history-product?limit=20&page=1 [32m204 [0m10.330 ms - 0[0m
[0mGET /api/order/notifications [32m200 [0m136.330 ms - 36[0m
[0mOPTIONS /api/order/notifications [32m204 [0m10.332 ms - 0[0m
[0mOPTIONS /api/seller/history-product?limit=20&page=1 [32m204 [0m12.476 ms - 0[0m
[0mGET /api/order/notifications [32m200 [0m100.199 ms - 36[0m
[0mOPTIONS /api/seller/history-product?limit=20&page=1&searchString=asdasdf [32m204 [0m1.076 ms - 0[0m
[0mOPTIONS /api/seller/history-product?limit=20&page=1&searchString=asdasdf [32m204 [0m8.339 ms - 0[0m
[0mGET /api/seller/history-product?limit=20&page=1&searchString=asdasdf [0m- [0m- ms - -[0m
[0mOPTIONS /api/order/notifications [32m204 [0m1.546 ms - 0[0m
[0mOPTIONS /api/seller/history-product?limit=20&page=1 [32m204 [0m0.910 ms - 0[0m
[0mGET /api/order/notifications [32m200 [0m56.846 ms - 36[0m
[0mOPTIONS /api/order/notifications [32m204 [0m10.922 ms - 0[0m
[0mOPTIONS /api/seller/history-product?limit=20&page=1 [32m204 [0m14.512 ms - 0[0m
[0mGET /api/order/notifications [32m200 [0m139.900 ms - 36[0m
[0mOPTIONS /api/order/notifications [32m204 [0m8.873 ms - 0[0m
[0mOPTIONS /api/seller/history-product?limit=20&page=1 [32m204 [0m5.819 ms - 0[0m
[0mGET /api/order/notifications [32m200 [0m52.607 ms - 36[0m
[0mGET /api/seller/history-product?limit=20&page=1 [32m200 [0m139.022 ms - 100539[0m
[0mOPTIONS /api/seller/history-product?limit=20&page=1&searchString=Forbes+Classic+%2B+UV+Purifier [32m204 [0m1.266 ms - 0[0m
[0mGET /api/seller/history-product?limit=20&page=1&searchString=Forbes+Classic+%2B+UV+Purifier [32m200 [0m48.417 ms - 6593[0m
[0mOPTIONS /api/order/notifications [32m204 [0m1.812 ms - 0[0m
[0mOPTIONS /api/seller/history-product?limit=20&page=1 [32m204 [0m0.558 ms - 0[0m
[0mGET /api/seller/history-product?limit=20&page=1 [36m304 [0m99.888 ms - -[0m
[0mGET /api/order/notifications [36m304 [0m111.933 ms - -[0m
[0mOPTIONS /api/order/notifications [32m204 [0m21.522 ms - 0[0m
[0mOPTIONS /api/seller/history-product?limit=20&page=1 [32m204 [0m5.541 ms - 0[0m
[0mGET /api/order/notifications [32m200 [0m45.385 ms - 36[0m
[0mGET /api/seller/history-product?limit=20&page=1 [32m200 [0m107.505 ms - 100539[0m
[0mOPTIONS /api/order/notifications [32m204 [0m3.568 ms - 0[0m
[0mOPTIONS /api/seller/history-product?limit=20&page=1 [32m204 [0m2.218 ms - 0[0m
[0mGET /api/order/notifications [36m304 [0m60.178 ms - -[0m
[0mGET /api/seller/history-product?limit=20&page=1 [36m304 [0m125.160 ms - -[0m
[0mOPTIONS /api/order/notifications [32m204 [0m8.904 ms - 0[0m
[0mOPTIONS /api/seller/history-product?limit=20&page=1 [32m204 [0m7.793 ms - 0[0m
[0mGET /api/order/notifications [32m200 [0m79.234 ms - 36[0m
[0mGET /api/seller/history-product?limit=20&page=1 [32m200 [0m169.392 ms - 100779[0m
[0mOPTIONS /api/order/notifications [32m204 [0m1.831 ms - 0[0m
[0mOPTIONS /api/seller/history-product?limit=20&page=1 [32m204 [0m3.168 ms - 0[0m
[0mGET /api/order/notifications [36m304 [0m66.329 ms - -[0m
[0mGET /api/seller/history-product?limit=20&page=1 [36m304 [0m178.982 ms - -[0m
[0mOPTIONS /api/order/notifications [32m204 [0m1.292 ms - 0[0m
[0mOPTIONS /api/seller/history-product?limit=20&page=1 [32m204 [0m1.400 ms - 0[0m
[0mGET /api/order/notifications [36m304 [0m146.512 ms - -[0m
[0mGET /api/seller/history-product?limit=20&page=1 [36m304 [0m147.042 ms - -[0m
[0mOPTIONS /api/order/notifications [32m204 [0m1.550 ms - 0[0m
[0mOPTIONS /api/seller/history-product?limit=20&page=1 [32m204 [0m0.531 ms - 0[0m
[0mGET /api/order/notifications [36m304 [0m64.268 ms - -[0m
[0mGET /api/seller/history-product?limit=20&page=1 [36m304 [0m144.521 ms - -[0m
[0mOPTIONS /api/order/notifications [32m204 [0m1.781 ms - 0[0m
[0mOPTIONS /api/seller/history-product?limit=20&page=1 [32m204 [0m0.808 ms - 0[0m
[0mGET /api/seller/history-product?limit=20&page=1 [36m304 [0m102.933 ms - -[0m
[0mGET /api/order/notifications [36m304 [0m109.891 ms - -[0m
[0mOPTIONS /api/seller/history-product?limit=20&page=2 [32m204 [0m1.530 ms - 0[0m
[0mGET /api/seller/history-product?limit=20&page=2 [32m200 [0m79.475 ms - 129037[0m
[0mOPTIONS /api/order/notifications [32m204 [0m1.697 ms - 0[0m
[0mOPTIONS /api/seller/history-product?limit=20&page=1 [32m204 [0m1.337 ms - 0[0m
[0mGET /api/order/notifications [36m304 [0m79.649 ms - -[0m
[0mGET /api/seller/history-product?limit=20&page=1 [36m304 [0m127.062 ms - -[0m
[0mOPTIONS /api/category/admin/main-list [32m204 [0m0.846 ms - 0[0m
[0mOPTIONS /api/product/getProductById?id=%7B%22id%22:%225670%22%7D [32m204 [0m0.562 ms - 0[0m
[0mGET /api/product/getProductById?id=%7B%22id%22:%225670%22%7D [32m200 [0m14.615 ms - 29[0m
[0mGET /api/category/admin/main-list [36m304 [0m23.045 ms - -[0m
[0mOPTIONS /api/seller/history-product?limit=20&page=1 [32m204 [0m1.690 ms - 0[0m
[0mGET /api/seller/history-product?limit=20&page=1 [36m304 [0m81.275 ms - -[0m
[0mOPTIONS /api/category/admin/main-list [32m204 [0m0.482 ms - 0[0m
[0mOPTIONS /api/product/getProductById?id=%7B%22id%22:%225661%22%7D [32m204 [0m0.467 ms - 0[0m
[0mGET /api/product/getProductById?id=%7B%22id%22:%225661%22%7D [32m200 [0m10.905 ms - 29[0m
[0mGET /api/category/admin/main-list [36m304 [0m19.310 ms - -[0m
[0mOPTIONS /api/order/notifications [32m204 [0m1.287 ms - 0[0m
[0mOPTIONS /api/category/admin/main-list [32m204 [0m0.714 ms - 0[0m
[0mOPTIONS /api/product/getProductById?id=%7B%22id%22:%225661%22%7D [32m204 [0m0.842 ms - 0[0m
[0mGET /api/product/getProductById?id=%7B%22id%22:%225661%22%7D [32m200 [0m55.661 ms - 29[0m
[0mGET /api/category/admin/main-list [32m200 [0m85.123 ms - 13029[0m
[0mGET /api/order/notifications [32m200 [0m101.853 ms - 36[0m
[0mOPTIONS /api/seller/history-product?limit=20&page=1 [32m204 [0m1.332 ms - 0[0m
[0mGET /api/seller/history-product?limit=20&page=1 [36m304 [0m99.426 ms - -[0m
[0mOPTIONS /api/category/admin/main-list [32m204 [0m1.207 ms - 0[0m
[0mOPTIONS /api/product/getProductById?id=%7B%22id%22:%225670%22%7D [32m204 [0m0.704 ms - 0[0m
[0mGET /api/product/getProductById?id=%7B%22id%22:%225670%22%7D [36m304 [0m6.195 ms - -[0m
[0mGET /api/category/admin/main-list [36m304 [0m13.655 ms - -[0m
[0mOPTIONS /api/order/notifications [32m204 [0m2.025 ms - 0[0m
[0mOPTIONS /api/category/admin/main-list [32m204 [0m1.102 ms - 0[0m
[0mOPTIONS /api/product/getProductById?id=%7B%22id%22:%225670%22%7D [32m204 [0m0.540 ms - 0[0m
[0mGET /api/product/getProductById?id=%7B%22id%22:%225670%22%7D [32m200 [0m32.961 ms - 29[0m
[0mGET /api/category/admin/main-list [32m200 [0m41.453 ms - 13029[0m
[0mGET /api/order/notifications [32m200 [0m85.270 ms - 36[0m
[0mOPTIONS /api/category/admin/main-list [32m204 [0m1.360 ms - 0[0m
[0mOPTIONS /api/seller/brand/list [32m204 [0m1.139 ms - 0[0m
[0mOPTIONS /api/product/color/list [32m204 [0m0.425 ms - 0[0m
[0mOPTIONS /api/seller/brand/list [32m204 [0m1.343 ms - 0[0m
[0mOPTIONS /api/product/color/list [32m204 [0m1.006 ms - 0[0m
[0mOPTIONS /api/seller/product/list-by-id [32m204 [0m0.635 ms - 0[0m
[0mGET /api/category/admin/main-list [36m304 [0m70.819 ms - -[0m
[0mGET /api/seller/brand/list [32m200 [0m80.050 ms - 72406[0m
[0mGET /api/product/color/list [32m200 [0m109.703 ms - 68090[0m
[0mGET /api/seller/brand/list [36m304 [0m56.154 ms - -[0m
[0mGET /api/product/color/list [36m304 [0m41.475 ms - -[0m
[0mPOST /api/seller/product/list-by-id [32m200 [0m151.844 ms - 804[0m
[0mOPTIONS /api/seller/product/list [32m204 [0m0.956 ms - 0[0m
[0mPOST /api/seller/product/list [32m200 [0m54.542 ms - 57700[0m
[0mOPTIONS /api/category/admin/main-list [32m204 [0m0.460 ms - 0[0m
[0mOPTIONS /api/seller/brand/list [32m204 [0m0.552 ms - 0[0m
[0mOPTIONS /api/product/color/list [32m204 [0m0.670 ms - 0[0m
[0mOPTIONS /api/seller/brand/list [32m204 [0m0.349 ms - 0[0m
[0mOPTIONS /api/product/color/list [32m204 [0m2.952 ms - 0[0m
[0mOPTIONS /api/seller/brand/list [32m204 [0m2.845 ms - 0[0m
[0mOPTIONS /api/product/color/list [32m204 [0m2.386 ms - 0[0m
[0mOPTIONS /api/seller/brand/list [32m204 [0m0.870 ms - 0[0m
[0mOPTIONS /api/product/color/list [32m204 [0m1.531 ms - 0[0m
[0mOPTIONS /api/seller/brand/list [32m204 [0m0.656 ms - 0[0m
[0mOPTIONS /api/product/color/list [32m204 [0m4.298 ms - 0[0m
[0mOPTIONS /api/seller/product/list-by-id [32m204 [0m2.422 ms - 0[0m
[0mGET /api/category/admin/main-list [36m304 [0m44.791 ms - -[0m
[0mGET /api/seller/brand/list [36m304 [0m46.167 ms - -[0m
[0mGET /api/product/color/list [36m304 [0m62.268 ms - -[0m
[0mGET /api/seller/brand/list [36m304 [0m50.664 ms - -[0m
[0mGET /api/product/color/list [36m304 [0m49.528 ms - -[0m
[0mPOST /api/seller/product/list-by-id [32m200 [0m110.760 ms - 1738[0m
[0mGET /api/seller/brand/list [36m304 [0m43.101 ms - -[0m
[0mGET /api/product/color/list [36m304 [0m62.414 ms - -[0m
[0mGET /api/seller/brand/list [36m304 [0m37.628 ms - -[0m
[0mGET /api/product/color/list [36m304 [0m26.391 ms - -[0m
[0mGET /api/product/color/list [36m304 [0m26.549 ms - -[0m
[0mGET /api/seller/brand/list [36m304 [0m31.663 ms - -[0m
[0mOPTIONS /api/order/notifications [32m204 [0m4.315 ms - 0[0m
[0mOPTIONS /api/category/admin/main-list [32m204 [0m1.464 ms - 0[0m
[0mOPTIONS /api/seller/product/list-by-id [32m204 [0m1.255 ms - 0[0m
[0mGET /api/seller/product/list-by-id [33m404 [0m55.485 ms - 3157[0m
[0mGET /api/category/admin/main-list [32m200 [0m106.582 ms - 13029[0m
[0mGET /api/order/notifications [32m200 [0m128.640 ms - 36[0m
[0mOPTIONS /api/order/notifications [32m204 [0m3.195 ms - 0[0m
[0mOPTIONS /api/category/admin/main-list [32m204 [0m0.485 ms - 0[0m
[0mOPTIONS /api/seller/admin/product/list-by-id [32m204 [0m1.449 ms - 0[0m
[0mGET /api/seller/admin/product/list-by-id [33m404 [0m10.332 ms - 3157[0m
[0mGET /api/category/admin/main-list [36m304 [0m36.121 ms - -[0m
[0mGET /api/order/notifications [36m304 [0m62.480 ms - -[0m
[0mOPTIONS /api/order/notifications [32m204 [0m6.869 ms - 0[0m
[0mOPTIONS /api/category/admin/main-list [32m204 [0m0.672 ms - 0[0m
[0mOPTIONS /api/seller/admin/product/list-by-id [32m204 [0m0.448 ms - 0[0m
[0mPOST /api/seller/admin/product/list-by-id [33m404 [0m13.709 ms - 28[0m
[0mGET /api/category/admin/main-list [36m304 [0m31.092 ms - -[0m
[0mGET /api/order/notifications [36m304 [0m47.653 ms - -[0m
[0mOPTIONS /api/order/notifications [32m204 [0m4.198 ms - 0[0m
[0mOPTIONS /api/category/admin/main-list [32m204 [0m2.893 ms - 0[0m
[0mOPTIONS /api/seller/admin/product/list-by-id [32m204 [0m2.604 ms - 0[0m
[0mPOST /api/seller/admin/product/list-by-id [33m404 [0m2.263 ms - 28[0m
[0mGET /api/category/admin/main-list [32m200 [0m30.750 ms - 13029[0m
[0mGET /api/order/notifications [32m200 [0m45.879 ms - 36[0m
[0mOPTIONS /api/order/notifications [32m204 [0m16.020 ms - 0[0m
[0mOPTIONS /api/category/admin/main-list [32m204 [0m15.984 ms - 0[0m
[0mOPTIONS /api/seller/admin/product/list-by-id?id=5670 [32m204 [0m0.743 ms - 0[0m
[0mGET /api/seller/admin/product/list-by-id?id=5670 [33m404 [0m41.192 ms - 3157[0m
[0mGET /api/category/admin/main-list [36m304 [0m50.191 ms - -[0m
[0mGET /api/order/notifications [36m304 [0m110.203 ms - -[0m
[0mOPTIONS /api/order/notifications [32m204 [0m6.185 ms - 0[0m
[0mOPTIONS /api/category/admin/main-list [32m204 [0m3.008 ms - 0[0m
[0mOPTIONS /api/seller/admin/product/list-by-id?id=5670 [32m204 [0m0.973 ms - 0[0m
[0mGET /api/seller/admin/product/list-by-id?id=5670 [33m404 [0m36.353 ms - 3157[0m
[0mGET /api/category/admin/main-list [32m200 [0m84.913 ms - 13029[0m
[0mGET /api/order/notifications [32m200 [0m121.970 ms - 36[0m
[0mOPTIONS /api/order/notifications [32m204 [0m6.158 ms - 0[0m
[0mOPTIONS /api/category/admin/main-list [32m204 [0m9.062 ms - 0[0m
[0mOPTIONS /api/seller/admin/product/search?id=5670 [32m204 [0m1.433 ms - 0[0m
[0mGET /api/category/admin/main-list [32m200 [0m69.523 ms - 13029[0m
[0mGET /api/order/notifications [32m200 [0m94.092 ms - 36[0m
[0mGET /api/seller/admin/product/search?id=5670 [32m200 [0m110.598 ms - 379[0m
[0mOPTIONS /api/order/notifications [32m204 [0m1.925 ms - 0[0m
[0mOPTIONS /api/category/admin/main-list [32m204 [0m0.768 ms - 0[0m
[0mOPTIONS /api/seller/admin/product/search?id=5670 [32m204 [0m0.313 ms - 0[0m
[0mGET /api/category/admin/main-list [36m304 [0m33.972 ms - -[0m
[0mGET /api/order/notifications [36m304 [0m53.258 ms - -[0m
[0mGET /api/seller/admin/product/search?id=5670 [36m304 [0m59.395 ms - -[0m
[0mOPTIONS /api/order/notifications [32m204 [0m1.551 ms - 0[0m
[0mOPTIONS /api/category/admin/main-list [32m204 [0m1.074 ms - 0[0m
[0mOPTIONS /api/seller/admin/product/search?id=5670 [32m204 [0m0.829 ms - 0[0m
[0mGET /api/category/admin/main-list [36m304 [0m21.702 ms - -[0m
[0mGET /api/order/notifications [36m304 [0m27.858 ms - -[0m
[0mGET /api/seller/admin/product/search?id=5670 [36m304 [0m67.075 ms - -[0m
[0mOPTIONS /api/seller/history-product?limit=20&page=1 [32m204 [0m2.565 ms - 0[0m
[0mGET /api/seller/history-product?limit=20&page=1 [36m304 [0m117.134 ms - -[0m
[0mOPTIONS /api/category/admin/main-list [32m204 [0m0.446 ms - 0[0m
[0mOPTIONS /api/seller/admin/product/search?id=5670 [32m204 [0m0.948 ms - 0[0m
[0mGET /api/category/admin/main-list [36m304 [0m14.432 ms - -[0m
[0mGET /api/seller/admin/product/search?id=5670 [36m304 [0m68.827 ms - -[0m
[0mOPTIONS /api/seller/history-product?limit=20&page=1 [32m204 [0m0.464 ms - 0[0m
[0mGET /api/seller/history-product?limit=20&page=1 [36m304 [0m66.204 ms - -[0m
[0mOPTIONS /api/category/admin/main-list [32m204 [0m0.413 ms - 0[0m
[0mOPTIONS /api/seller/admin/product/search?id=5668 [32m204 [0m0.391 ms - 0[0m
[0mGET /api/category/admin/main-list [36m304 [0m6.084 ms - -[0m
[0mGET /api/seller/admin/product/search?id=5668 [32m200 [0m49.669 ms - 884[0m
[0mOPTIONS /api/order/notifications [32m204 [0m1.303 ms - 0[0m
[0mOPTIONS /api/category/admin/main-list [32m204 [0m0.895 ms - 0[0m
[0mOPTIONS /api/seller/admin/product/search?id=5668 [32m204 [0m0.304 ms - 0[0m
[0mGET /api/category/admin/main-list [32m200 [0m20.783 ms - 13029[0m
[0mGET /api/order/notifications [32m200 [0m28.223 ms - 36[0m
[0mGET /api/seller/admin/product/search?id=5668 [32m200 [0m66.011 ms - 884[0m
[0mOPTIONS /api/order/notifications [32m204 [0m1.567 ms - 0[0m
[0mOPTIONS /api/seller/admin/product/search?id=5668 [32m204 [0m1.030 ms - 0[0m
[0mGET /api/order/notifications [36m304 [0m26.719 ms - -[0m
[0mGET /api/seller/admin/product/search?id=5668 [36m304 [0m58.792 ms - -[0m
[0mOPTIONS /api/order/notifications [32m204 [0m0.776 ms - 0[0m
[0mOPTIONS /api/seller/admin/product/search?id=5668 [32m204 [0m0.474 ms - 0[0m
[0mGET /api/order/notifications [32m200 [0m14.712 ms - 36[0m
[0mGET /api/seller/admin/product/search?id=5668 [32m200 [0m41.490 ms - 884[0m
[0mOPTIONS /api/order/notifications [32m204 [0m2.188 ms - 0[0m
[0mOPTIONS /api/seller/admin/product/search?id=5668 [32m204 [0m1.354 ms - 0[0m
[0mGET /api/order/notifications [36m304 [0m26.989 ms - -[0m
[0mGET /api/seller/admin/product/search?id=5668 [36m304 [0m59.752 ms - -[0m
[0mOPTIONS /api/order/notifications [32m204 [0m1.327 ms - 0[0m
[0mOPTIONS /api/seller/admin/product/search?id=5668 [32m204 [0m0.724 ms - 0[0m
[0mGET /api/order/notifications [36m304 [0m30.277 ms - -[0m
[0mGET /api/seller/admin/product/search?id=5668 [36m304 [0m62.782 ms - -[0m
[0mOPTIONS /api/order/notifications [32m204 [0m7.872 ms - 0[0m
[0mOPTIONS /api/seller/admin/product/search?id=5668 [32m204 [0m0.995 ms - 0[0m
[0mGET /api/order/notifications [36m304 [0m48.381 ms - -[0m
[0mGET /api/seller/admin/product/search?id=5668 [36m304 [0m86.826 ms - -[0m
[0mOPTIONS /api/order/notifications [32m204 [0m1.028 ms - 0[0m
[0mOPTIONS /api/seller/admin/product/search?id=5668 [32m204 [0m0.387 ms - 0[0m
[0mGET /api/order/notifications [36m304 [0m28.798 ms - -[0m
[0mGET /api/seller/admin/product/search?id=5668 [36m304 [0m55.425 ms - -[0m
[0mOPTIONS /api/order/notifications [32m204 [0m1.768 ms - 0[0m
[0mOPTIONS /api/seller/admin/product/search?id=5668 [32m204 [0m0.947 ms - 0[0m
[0mGET /api/order/notifications [32m200 [0m32.984 ms - 36[0m
[0mGET /api/seller/admin/product/search?id=5668 [32m200 [0m59.174 ms - 884[0m
[0mOPTIONS /api/order/notifications [32m204 [0m1.492 ms - 0[0m
[0mOPTIONS /api/seller/admin/product/search?id=5668 [32m204 [0m0.738 ms - 0[0m
[0mGET /api/order/notifications [36m304 [0m42.842 ms - -[0m
[0mGET /api/seller/admin/product/search?id=5668 [36m304 [0m76.190 ms - -[0m
[0mOPTIONS /api/order/notifications [32m204 [0m1.042 ms - 0[0m
[0mOPTIONS /api/seller/admin/product/search?id=5668 [32m204 [0m0.265 ms - 0[0m
[0mGET /api/order/notifications [36m304 [0m32.136 ms - -[0m
[0mGET /api/seller/admin/product/search?id=5668 [36m304 [0m65.109 ms - -[0m
[0mOPTIONS /api/seller/history-product?limit=20&page=1 [32m204 [0m0.519 ms - 0[0m
[0mGET /api/seller/history-product?limit=20&page=1 [36m304 [0m81.025 ms - -[0m
[0mOPTIONS /api/order/notifications [32m204 [0m1.745 ms - 0[0m
[0mOPTIONS /api/seller/history-product?limit=20&page=1 [32m204 [0m1.273 ms - 0[0m
[0mGET /api/order/notifications [36m304 [0m55.308 ms - -[0m
[0mGET /api/seller/history-product?limit=20&page=1 [36m304 [0m120.318 ms - -[0m
[0mOPTIONS /api/product/brand-list [32m204 [0m0.409 ms - 0[0m
[0mPOST /api/product/brand-list [32m200 [0m13.273 ms - 4359[0m
[0mGET /api/order/notifications [36m304 [0m20.462 ms - -[0m
[0mOPTIONS /api/order/notifications [32m204 [0m1.579 ms - 0[0m
[0mOPTIONS /api/product/brand-list [32m204 [0m0.837 ms - 0[0m
[0mOPTIONS /api/seller/history-product?limit=20&page=1 [32m204 [0m0.512 ms - 0[0m
[0mPOST /api/product/brand-list [32m200 [0m43.912 ms - 4359[0m
[0mGET /api/order/notifications [36m304 [0m35.054 ms - -[0m
[0mGET /api/seller/history-product?limit=20&page=1 [36m304 [0m95.864 ms - -[0m
[0mGET /api/order/notifications [36m304 [0m74.858 ms - -[0m
[0mOPTIONS /api/order/notifications [32m204 [0m1.547 ms - 0[0m
[0mOPTIONS /api/product/brand-list [32m204 [0m0.366 ms - 0[0m
[0mOPTIONS /api/order/notifications [32m204 [0m7.733 ms - 0[0m
[0mOPTIONS /api/seller/history-product?limit=20&page=1 [32m204 [0m9.014 ms - 0[0m
[0mPOST /api/product/brand-list [32m200 [0m37.327 ms - 4359[0m
[0mGET /api/order/notifications [36m304 [0m57.961 ms - -[0m
[0mGET /api/seller/history-product?limit=20&page=1 [36m304 [0m104.910 ms - -[0m
[0mGET /api/order/notifications [36m304 [0m82.109 ms - -[0m
[0mOPTIONS /api/order/notifications [32m204 [0m1.712 ms - 0[0m
[0mOPTIONS /api/seller/history-product?limit=20&page=1 [32m204 [0m2.702 ms - 0[0m
[0mGET /api/order/notifications [36m304 [0m31.159 ms - -[0m
[0mOPTIONS /api/product/brand-list [32m204 [0m12.855 ms - 0[0m
[0mGET /api/seller/history-product?limit=20&page=1 [36m304 [0m107.793 ms - -[0m
[0mPOST /api/product/brand-list [32m200 [0m43.461 ms - 4359[0m
[0mGET /api/order/notifications [36m304 [0m75.276 ms - -[0m
[0mOPTIONS /api/order/notifications [32m204 [0m16.616 ms - 0[0m
[0mOPTIONS /api/seller/history-product?limit=20&page=1 [32m204 [0m1.395 ms - 0[0m
[0mOPTIONS /api/product/brand-list [32m204 [0m2.934 ms - 0[0m
[0mGET /api/order/notifications [36m304 [0m55.926 ms - -[0m
[0mPOST /api/product/brand-list [32m200 [0m24.254 ms - 4359[0m
[0mGET /api/seller/history-product?limit=20&page=1 [36m304 [0m120.302 ms - -[0m
[0mGET /api/order/notifications [36m304 [0m86.560 ms - -[0m
[0mOPTIONS /api/order/notifications [32m204 [0m1.569 ms - 0[0m
[0mOPTIONS /api/product/brand-list [32m204 [0m0.406 ms - 0[0m
[0mOPTIONS /api/seller/history-product?limit=20&page=1 [32m204 [0m7.510 ms - 0[0m
[0mPOST /api/product/brand-list [32m200 [0m43.267 ms - 4359[0m
[0mGET /api/seller/history-product?limit=20&page=1 [36m304 [0m86.515 ms - -[0m
[0mGET /api/order/notifications [36m304 [0m115.873 ms - -[0m
[0mGET /api/order/notifications [36m304 [0m21.274 ms - -[0m
[0mOPTIONS /api/order/notifications [32m204 [0m2.765 ms - 0[0m
[0mOPTIONS /api/seller/history-product?limit=20&page=1 [32m204 [0m2.755 ms - 0[0m
[0mOPTIONS /api/product/brand-list [32m204 [0m4.814 ms - 0[0m
[0mGET /api/seller/history-product?limit=20&page=1 [36m304 [0m109.917 ms - -[0m
[0mGET /api/order/notifications [36m304 [0m116.249 ms - -[0m
[0mGET /api/order/notifications [36m304 [0m23.173 ms - -[0m
[0mPOST /api/product/brand-list [32m200 [0m14.536 ms - 4359[0m
[0mOPTIONS /api/order/notifications [32m204 [0m4.016 ms - 0[0m
[0mOPTIONS /api/seller/history-product?limit=20&page=1 [32m204 [0m0.952 ms - 0[0m
[0mOPTIONS /api/product/brand-list [32m204 [0m0.649 ms - 0[0m
[0mGET /api/seller/history-product?limit=20&page=1 [36m304 [0m100.245 ms - -[0m
[0mGET /api/order/notifications [36m304 [0m107.519 ms - -[0m
[0mPOST /api/product/brand-list [32m200 [0m123.405 ms - 4359[0m
[0mGET /api/order/notifications [36m304 [0m48.190 ms - -[0m
[0mOPTIONS /api/order/notifications [32m204 [0m3.522 ms - 0[0m
[0mOPTIONS /api/product/brand-list [32m204 [0m13.547 ms - 0[0m
[0mOPTIONS /api/seller/history-product?limit=20&page=1 [32m204 [0m2.969 ms - 0[0m
[0mPOST /api/product/brand-list [32m200 [0m41.759 ms - 4359[0m
[0mGET /api/order/notifications [36m304 [0m60.524 ms - -[0m
[0mGET /api/seller/history-product?limit=20&page=1 [36m304 [0m119.982 ms - -[0m
[0mGET /api/order/notifications [36m304 [0m97.397 ms - -[0m
[0mOPTIONS /api/order/notifications [32m204 [0m2.297 ms - 0[0m
[0mOPTIONS /api/product/brand-list [32m204 [0m0.388 ms - 0[0m
[0mOPTIONS /api/seller/history-product?limit=20&page=1 [32m204 [0m1.470 ms - 0[0m
[0mPOST /api/product/brand-list [32m200 [0m42.302 ms - 4359[0m
[0mGET /api/order/notifications [36m304 [0m55.242 ms - -[0m
[0mGET /api/seller/history-product?limit=20&page=1 [36m304 [0m85.942 ms - -[0m
[0mGET /api/order/notifications [36m304 [0m70.901 ms - -[0m
[0mOPTIONS /api/order/notifications [32m204 [0m4.556 ms - 0[0m
[0mOPTIONS /api/product/brand-list [32m204 [0m0.489 ms - 0[0m
[0mPOST /api/product/brand-list [32m200 [0m35.014 ms - 4359[0m
[0mOPTIONS /api/seller/history-product?limit=20&page=1 [32m204 [0m1.649 ms - 0[0m
[0mGET /api/order/notifications [36m304 [0m46.389 ms - -[0m
[0mGET /api/seller/history-product?limit=20&page=1 [36m304 [0m71.126 ms - -[0m
[0mGET /api/order/notifications [36m304 [0m53.024 ms - -[0m
[0mOPTIONS /api/seller/common-name [32m204 [0m7.431 ms - 0[0m
[0mPUT /api/seller/common-name [32m200 [0m23.382 ms - 62[0m
[0mOPTIONS /api/order/notifications [32m204 [0m0.901 ms - 0[0m
[0mOPTIONS /api/seller/history-product?limit=20&page=1 [32m204 [0m1.244 ms - 0[0m
[0mGET /api/order/notifications [36m304 [0m62.626 ms - -[0m
[0mGET /api/seller/history-product?limit=20&page=1 [36m304 [0m158.101 ms - -[0m
[0mOPTIONS /api/seller/common-name [32m204 [0m10.669 ms - 0[0m
[0mPUT /api/seller/common-name [32m200 [0m26.548 ms - 56[0m
[0mOPTIONS /api/order/notifications [32m204 [0m1.547 ms - 0[0m
[0mOPTIONS /api/seller/history-product?limit=20&page=1 [32m204 [0m2.752 ms - 0[0m
[0mGET /api/order/notifications [36m304 [0m50.579 ms - -[0m
[0mGET /api/seller/history-product?limit=20&page=1 [32m200 [0m142.329 ms - 100805[0m
[0mOPTIONS /api/seller/common-name [32m204 [0m3.123 ms - 0[0m
[0mPUT /api/seller/common-name [32m200 [0m26.586 ms - 56[0m
[0mOPTIONS /api/order/notifications [32m204 [0m0.866 ms - 0[0m
[0mOPTIONS /api/seller/history-product?limit=20&page=1 [32m204 [0m0.943 ms - 0[0m
[0mGET /api/order/notifications [36m304 [0m118.758 ms - -[0m
[0mGET /api/seller/history-product?limit=20&page=1 [32m200 [0m126.858 ms - 100830[0m
[0mGET /api/website/category/list [32m200 [0m142.608 ms - 28673[0m
[0mGET /api/website/category/list [36m304 [0m48.585 ms - -[0m
[0mGET /api/website/category/list [36m304 [0m34.494 ms - -[0m
[0mGET /api/website/autosuggest/search?limit=5&query=w [36m304 [0m138.281 ms - -[0m
[0mGET /api/website/autosuggest/search?limit=5&query=wo [36m304 [0m34.180 ms - -[0m
[0mGET /api/website/autosuggest/search?limit=5&query=wome [36m304 [0m27.263 ms - -[0m
[0mGET /api/website/catalog/product/search?filter_category=women-fashion%20 [32m200 [0m178.575 ms - 1154[0m
[0mGET /api/website/catalog/category/search?queryString=women-fashion [36m304 [0m182.076 ms - -[0m
[0mGET /api/website/catalog/product/search?filter_category=women-fashion%20 [36m304 [0m36.955 ms - -[0m
[0mGET /api/website/catalog/product/search?filter_category=women-fashion%20 [36m304 [0m32.265 ms - -[0m
[0mGET /api/website/catalog/product/search?filter_category=women-fashion%20&page=2 [36m304 [0m19.997 ms - -[0m
[0mGET /api/website/catalog/product/search?filter_category=women-fashion%20&page=1 [32m200 [0m29.901 ms - 1154[0m
[0mGET /api/website/category/list [32m200 [0m97.083 ms - 28673[0m
[0mGET /api/website/category/list [32m200 [0m102.151 ms - 28673[0m
[0mGET /api/website/catalog/product/search?filter_category=women-fashion [32m200 [0m230.442 ms - 1154[0m
[0mGET /api/website/catalog/category/search?queryString=women-fashion [32m200 [0m236.446 ms - 2537[0m
[0mGET /api/website/category/list [36m304 [0m103.399 ms - -[0m
[0mGET /api/website/category/list [36m304 [0m162.557 ms - -[0m
[0mGET /api/website/catalog/product/search?filter_category=women-fashion [36m304 [0m258.944 ms - -[0m
[0mGET /api/website/catalog/category/search?queryString=women-fashion [36m304 [0m262.674 ms - -[0m
[0mOPTIONS /api/seller/history-product?limit=20&page=1&searchString=Swarswati+Bangles+Dark+Pink+Baby+Metal+Chura+24+pieces [32m204 [0m2.575 ms - 0[0m
[0mGET /api/seller/history-product?limit=20&page=1&searchString=Swarswati+Bangles+Dark+Pink+Baby+Metal+Chura+24+pieces [32m200 [0m44.079 ms - 62[0m
[0mOPTIONS /api/order/notifications [32m204 [0m0.709 ms - 0[0m
[0mOPTIONS /api/seller/history-product?limit=20&page=1 [32m204 [0m0.518 ms - 0[0m
[0mGET /api/seller/history-product?limit=20&page=1 [32m200 [0m113.507 ms - 100830[0m
[0mGET /api/order/notifications [32m200 [0m123.529 ms - 36[0m
[0mOPTIONS /api/seller/history-product?limit=20&page=1&searchString=Swarswati+Bangles+Dark+Pink+Baby+Metal [32m204 [0m0.505 ms - 0[0m
[0mGET /api/seller/history-product?limit=20&page=1&searchString=Swarswati+Bangles+Dark+Pink+Baby+Metal [32m200 [0m42.800 ms - 3398[0m
[0mOPTIONS /api/seller/common-name [32m204 [0m0.546 ms - 0[0m
[0mPUT /api/seller/common-name [32m200 [0m20.644 ms - 56[0m
[0mOPTIONS /api/order/notifications [32m204 [0m0.677 ms - 0[0m
[0mOPTIONS /api/seller/history-product?limit=20&page=1 [32m204 [0m0.235 ms - 0[0m
[0mGET /api/order/notifications [36m304 [0m23.054 ms - -[0m
[0mGET /api/seller/history-product?limit=20&page=1 [32m200 [0m82.504 ms - 100866[0m
[0mGET /api/website/category/list [36m304 [0m80.707 ms - -[0m
[0mGET /api/website/category/list [36m304 [0m59.801 ms - -[0m
[0mGET /api/website/catalog/product/search?filter_category=women-fashion [36m304 [0m291.690 ms - -[0m
[0mGET /api/website/catalog/category/search?queryString=women-fashion [36m304 [0m295.139 ms - -[0m
[0mGET /api/website/category/list [32m200 [0m152.712 ms - 28673[0m
[0mGET /api/website/category/list [32m200 [0m163.504 ms - 28673[0m
[0mGET /api/website/catalog/category/search?queryString=women-fashion [32m200 [0m407.114 ms - 2537[0m
[0mGET /api/website/catalog/product/search?filter_category=women-fashion [32m200 [0m408.710 ms - 1154[0m
[0mGET /api/website/category/list [32m200 [0m189.818 ms - 28673[0m
[0mGET /api/website/category/list [32m200 [0m186.349 ms - 28673[0m
[0mGET /api/website/catalog/category/search?queryString=women-fashion [32m200 [0m440.963 ms - 2537[0m
[0mGET /api/website/category/list [32m200 [0m162.450 ms - 28673[0m
[0mGET /api/website/category/list [32m200 [0m154.556 ms - 28673[0m
[0mGET /api/website/catalog/category/search?queryString=women-fashion [32m200 [0m372.094 ms - 2537[0m
[0mGET /api/website/category/list [32m200 [0m142.929 ms - 28673[0m
[0mGET /api/website/category/list [32m200 [0m161.264 ms - 28673[0m
[0mGET /api/website/catalog/category/search?queryString=women-fashion [32m200 [0m439.485 ms - 2537[0m
[0mGET /api/website/catalog/product/search?filter_category=women-fashion [0m- [0m- ms - -[0m
[0mGET /api/website/category/list [32m200 [0m86.735 ms - 28673[0m
[0mGET /api/website/category/list [32m200 [0m94.134 ms - 28673[0m
[0mGET /api/website/catalog/category/search?queryString=women-fashion [32m200 [0m378.885 ms - 2537[0m
[0mGET /api/website/category/list [32m200 [0m164.004 ms - 28673[0m
[0mGET /api/website/category/list [32m200 [0m178.370 ms - 28673[0m
[0mGET /api/website/catalog/category/search?queryString=women-fashion [32m200 [0m471.446 ms - 2537[0m
[0mGET /api/website/category/list [32m200 [0m142.663 ms - 28673[0m
[0mGET /api/website/category/list [32m200 [0m153.291 ms - 28673[0m
[0mGET /api/website/catalog/category/search?queryString=women-fashion [32m200 [0m379.046 ms - 2537[0m
[0mGET /api/website/category/list [32m200 [0m143.482 ms - 28673[0m
[0mGET /api/website/category/list [32m200 [0m143.198 ms - 28673[0m
[0mGET /api/website/catalog/category/search?queryString=women-fashion [32m200 [0m319.714 ms - 2537[0m
[0mGET /api/website/category/list [32m200 [0m151.236 ms - 28673[0m
[0mGET /api/website/category/list [32m200 [0m148.768 ms - 28673[0m
[0mGET /api/website/catalog/category/search?queryString=women-fashion [32m200 [0m376.890 ms - 2537[0m
[0mGET /api/website/category/list [32m200 [0m150.062 ms - 28673[0m
[0mGET /api/website/category/list [32m200 [0m138.444 ms - 28673[0m
[0mGET /api/website/catalog/category/search?queryString=women-fashion [32m200 [0m508.605 ms - 2537[0m
[0mGET /api/website/category/list [32m200 [0m261.546 ms - 28673[0m
[0mGET /api/website/category/list [32m200 [0m290.771 ms - 28673[0m
[0mGET /api/website/catalog/category/search?queryString=women-fashion [32m200 [0m414.420 ms - 2537[0m
[0mGET /api/website/category/list [32m200 [0m133.320 ms - 28673[0m
[0mGET /api/website/category/list [32m200 [0m137.311 ms - 28673[0m
[0mGET /api/website/catalog/product/search?filter_category=women-fashion [32m200 [0m162.775 ms - 333[0m
[0mGET /api/website/catalog/category/search?queryString=women-fashion [32m200 [0m304.727 ms - 2537[0m
[0mGET /api/website/category/list [32m200 [0m148.656 ms - 28673[0m
[0mGET /api/website/category/list [32m200 [0m176.970 ms - 28673[0m
[0mGET /api/website/catalog/category/search?queryString=women-fashion [32m200 [0m360.240 ms - 2537[0m
[0mGET /api/website/catalog/product/search?filter_category=women-fashion [32m200 [0m348.180 ms - 333[0m
[0mGET /api/website/category/list [32m200 [0m153.327 ms - 28673[0m
[0mGET /api/website/category/list [32m200 [0m173.369 ms - 28673[0m
[0mGET /api/website/catalog/category/search?queryString=women-fashion [32m200 [0m382.531 ms - 2537[0m
[0mGET /api/website/catalog/product/search?filter_category=women-fashion [32m200 [0m378.961 ms - 333[0m
[0mGET /api/website/category/list [32m200 [0m145.141 ms - 28673[0m
[0mGET /api/website/category/list [32m200 [0m148.540 ms - 28673[0m
[0mGET /api/website/catalog/category/search?queryString=women-fashion [32m200 [0m324.999 ms - 2537[0m
[0mGET /api/website/catalog/product/search?filter_category=women-fashion [32m200 [0m323.681 ms - 333[0m
[0mOPTIONS /api/seller/history-product?limit=20&page=1&searchString=Dulhan+Red+Jhumka+Lahthi+Set+24+pieces [32m204 [0m2.448 ms - 0[0m
[0mGET /api/seller/history-product?limit=20&page=1&searchString=Dulhan+Red+Jhumka+Lahthi+Set+24+pieces [32m200 [0m73.017 ms - 4169[0m
[0mOPTIONS /api/order/notifications [32m204 [0m2.362 ms - 0[0m
[0mOPTIONS /api/seller/all-product-list?limit=20&page=1 [32m204 [0m0.872 ms - 0[0m
[0mOPTIONS /api/order/notifications [32m204 [0m1.303 ms - 0[0m
[0mOPTIONS /api/seller/history-product?limit=20&page=1 [32m204 [0m0.443 ms - 0[0m
[0mGET /api/order/notifications [36m304 [0m136.876 ms - -[0m
[0mGET /api/seller/history-product?limit=20&page=1 [36m304 [0m145.245 ms - -[0m
[0mGET /api/website/category/list [36m304 [0m58.571 ms - -[0m
[0mGET /api/website/catalog/product/search?filter_category=tv [32m200 [0m80.960 ms - 62[0m
[0mGET /api/website/category/list [36m304 [0m65.314 ms - -[0m
[0mGET /api/website/catalog/category/search?queryString=tv [32m200 [0m276.279 ms - 2196[0m
[0mGET /api/website/category/list [36m304 [0m91.378 ms - -[0m
[0mGET /api/website/category/list [36m304 [0m53.130 ms - -[0m
[0mGET /api/website/catalog/category/search?queryString=tv-appliances [36m304 [0m263.428 ms - -[0m
[0mGET /api/website/catalog/product/search?filter_category=tv-appliances [32m200 [0m282.077 ms - 523[0m
[0mGET /api/website/category/list [32m200 [0m133.508 ms - 28673[0m
[0mGET /api/website/category/list [32m200 [0m126.824 ms - 28673[0m
[0mGET /api/website/catalog/category/search?queryString=tv-appliances [32m200 [0m280.601 ms - 2196[0m
[0mGET /api/website/catalog/product/search?filter_category=tv-appliances [32m200 [0m281.123 ms - 4893[0m
[0mGET /api/website/catalog/product/search?filter_category=tv-appliances [36m304 [0m89.088 ms - -[0m
[0mGET /api/website/catalog/product/search?filter_category=tv-appliances&limit=24&page=1 [32m200 [0m71.467 ms - 4215[0m
[0mGET /api/website/catalog/product/search?filter_category=tv-appliances&limit=24&page=1 [36m304 [0m71.449 ms - -[0m
[0mGET /api/website/catalog/product/search?filter_category=tv-appliances&limit=24&page=1 [36m304 [0m72.993 ms - -[0m
[0mGET /api/website/catalog/product/search?filter_category=tv-appliances&limit=24&page=2 [32m200 [0m88.703 ms - 4181[0m
[0mGET /api/website/catalog/product/search?filter_category=tv-appliances&limit=24&page=3 [32m200 [0m77.821 ms - 3378[0m
[0mGET /api/website/catalog/product/search?filter_category=tv-appliances&limit=24&page=4 [32m200 [0m66.391 ms - 81[0m
[0mGET /api/website/catalog/product/search?filter_category=tv-appliances&limit=24&page=4 [36m304 [0m42.167 ms - -[0m
[0mGET /api/website/catalog/product/search?filter_category=tv-appliances&limit=24&page=4 [36m304 [0m68.588 ms - -[0m
[0mGET /api/website/category/list [36m304 [0m46.024 ms - -[0m
[0mGET /api/website/category/list [36m304 [0m57.861 ms - -[0m
[0mGET /api/website/catalog/category/search?queryString=party-dress [32m200 [0m150.152 ms - 570[0m
[0mGET /api/website/category/list [36m304 [0m90.038 ms - -[0m
[0mGET /api/website/category/list [36m304 [0m50.110 ms - -[0m
[0mGET /api/website/category/list [32m200 [0m131.926 ms - 28673[0m
[0mGET /api/website/category/list [32m200 [0m121.911 ms - 28673[0m
[0mGET /api/website/category/list [32m200 [0m123.183 ms - 28673[0m
[0mGET /api/website/autosuggest/search?limit=5&query=m [36m304 [0m185.058 ms - -[0m
[0mGET /api/website/autosuggest/search?limit=5&query=mi [36m304 [0m43.710 ms - -[0m
[0mGET /api/website/autosuggest/search?limit=5&query=mid [36m304 [0m24.276 ms - -[0m
[0mGET /api/website/autosuggest/search?limit=5&query=mide [36m304 [0m14.314 ms - -[0m
[0mGET /api/website/autosuggest/search?limit=5&query=midea [36m304 [0m19.462 ms - -[0m
[0mGET /api/website/catalog/category/search?queryString=midea [36m304 [0m37.603 ms - -[0m
[0mGET /api/website/category/list [36m304 [0m34.159 ms - -[0m
[0mGET /api/website/catalog/category/search?queryString=midea [36m304 [0m30.769 ms - -[0m
[0mGET /api/website/catalog/product/search?filter_category=midea%20 [0m- [0m- ms - -[0m
[0mGET /api/website/category/list [32m200 [0m95.602 ms - 28673[0m
[0mGET /api/website/category/list [32m200 [0m104.206 ms - 28673[0m
[0mGET /api/website/catalog/category/search?queryString=midea [32m200 [0m131.814 ms - 459[0m
[0mGET /api/website/category/list [32m200 [0m126.124 ms - 28673[0m
[0mGET /api/website/category/list [32m200 [0m139.815 ms - 28673[0m
[0mGET /api/website/catalog/category/search?queryString=midea [32m200 [0m164.376 ms - 459[0m
[0mGET /api/website/category/list [32m200 [0m199.596 ms - 28673[0m
[0mGET /api/website/category/list [32m200 [0m216.500 ms - 28673[0m
[0mGET /api/website/catalog/category/search?queryString=midea [32m200 [0m266.976 ms - 459[0m
[0mGET /api/website/category/list [32m200 [0m131.738 ms - 28673[0m
[0mGET /api/website/category/list [32m200 [0m136.335 ms - 28673[0m
[0mGET /api/website/catalog/category/search?queryString=midea [32m200 [0m163.773 ms - 459[0m
[0mGET /api/website/catalog/product/search?filter_category=midea [32m200 [0m226.182 ms - 3301[0m
[0mGET /api/website/catalog/product/search?filter_category=midea [36m304 [0m85.956 ms - -[0m
[0mGET /api/website/catalog/product/search?filter_category=midea [36m304 [0m66.088 ms - -[0m
[0mGET /api/website/category/list [36m304 [0m133.166 ms - -[0m
[0mGET /api/website/category/list [36m304 [0m47.989 ms - -[0m
[0mGET /api/website/category/list [36m304 [0m55.918 ms - -[0m
[0mGET /api/website/category/list [36m304 [0m41.685 ms - -[0m
[0mGET /api/website/category/list [36m304 [0m29.605 ms - -[0m
[0mGET /api/website/category/list [36m304 [0m31.420 ms - -[0m
[0mGET /api/website/autosuggest/search?limit=5&query=b [36m304 [0m190.921 ms - -[0m
[0mGET /api/website/autosuggest/search?limit=5&query=bal [32m200 [0m54.280 ms - 89[0m
[0mGET /api/website/autosuggest/search?limit=5&query=balt [36m304 [0m65.330 ms - -[0m
[0mGET /api/website/autosuggest/search?limit=5&query=baltr [36m304 [0m70.685 ms - -[0m
[0mGET /api/website/autosuggest/search?limit=5&query=baltra [36m304 [0m40.848 ms - -[0m
[0mGET /api/website/catalog/category/search?queryString=baltra [36m304 [0m53.847 ms - -[0m
[0mGET /api/website/catalog/product/search?filter_category=baltra%20 [32m200 [0m91.485 ms - 4941[0m
[0mGET /api/website/catalog/product/search?filter_category=baltra%20 [36m304 [0m90.845 ms - -[0m
[0mGET /api/website/catalog/product/search?filter_category=baltra%20 [36m304 [0m96.556 ms - -[0m
[0mGET /api/website/catalog/product/search?filter_category=baltra%20&page=2 [32m200 [0m119.747 ms - 4941[0m
[0mGET /api/website/category/list [32m200 [0m167.122 ms - 28673[0m
[0mGET /api/website/category/list [32m200 [0m178.937 ms - 28673[0m
[0mGET /api/website/catalog/category/search?queryString=baltra [32m200 [0m196.496 ms - 771[0m
[0mGET /api/website/catalog/product/search?filter_category=baltra&page=2 [32m200 [0m234.259 ms - 4941[0m
[0mGET /api/website/autosuggest/search?limit=5&query=wo [36m304 [0m91.826 ms - -[0m
[0mGET /api/website/autosuggest/search?limit=5&query=wome [36m304 [0m66.075 ms - -[0m
[0mGET /api/website/autosuggest/search?limit=5&query=women [36m304 [0m49.053 ms - -[0m
[0mGET /api/website/catalog/category/search?queryString=women-fashion [36m304 [0m169.797 ms - -[0m
[0mGET /api/website/catalog/product/search?filter_category=women-fashion%20&page=2 [32m200 [0m179.721 ms - 3807[0m
[0mGET /api/website/catalog/product/search?filter_category=women-fashion%20 [32m200 [0m221.731 ms - 6166[0m
[0mGET /api/website/catalog/product/search?filter_category=women-fashion%20 [36m304 [0m100.137 ms - -[0m
[0mGET /api/website/catalog/product/search?filter_category=women-fashion%20 [36m304 [0m91.314 ms - -[0m
[0mGET /api/website/catalog/product/search?filter_category=women-fashion%20&page=2 [36m304 [0m108.206 ms - -[0m
[0mGET /api/website/catalog/product/search?filter_category=women-fashion%20&page=2 [36m304 [0m85.987 ms - -[0m
[0mGET /api/website/catalog/product/search?filter_category=women-fashion%20&page=2 [36m304 [0m113.699 ms - -[0m
[0mGET /api/website/catalog/product/search?filter_category=women-fashion%20&page=2 [36m304 [0m147.415 ms - -[0m
[0mGET /api/website/catalog/category/search?queryString=baltra [36m304 [0m65.453 ms - -[0m
[0mGET /api/website/catalog/product/search?filter_category=baltra&page=2 [36m304 [0m113.313 ms - -[0m
[0mGET /api/website/catalog/product/search?filter_category=baltra [32m200 [0m102.310 ms - 4941[0m
[0mGET /api/website/product/detail?slug=null [31m500 [0m91.214 ms - 3181[0m
[0mGET /api/website/catalog/category/search?queryString=baltra [36m304 [0m56.572 ms - -[0m
[0mGET /api/website/catalog/product/search?filter_category=baltra [36m304 [0m101.278 ms - -[0m
[0mGET /api/website/category/list [36m304 [0m97.697 ms - -[0m
[0mGET /api/website/category/list [32m200 [0m139.518 ms - 30306[0m
[0mGET /api/website/category/list [32m200 [0m156.278 ms - 30306[0m
[0mGET /api/website/catalog/category/search?queryString=women-fashion [32m200 [0m324.813 ms - 2585[0m
[0mGET /api/website/catalog/product/search?filter_category=women-fashion [32m200 [0m329.389 ms - 6781[0m
[0mGET /api/website/category/list [32m200 [0m139.841 ms - 30306[0m
[0mGET /api/website/category/list [32m200 [0m138.709 ms - 30306[0m
[0mGET /api/website/catalog/category/search?queryString=women-fashion [32m200 [0m291.432 ms - 2585[0m
[0mGET /api/website/catalog/product/search?filter_category=women-fashion [32m200 [0m247.243 ms - 536[0m
[0mGET /api/website/category/list [32m200 [0m194.502 ms - 30306[0m
[0mGET /api/website/category/list [32m200 [0m176.813 ms - 30306[0m
[0mGET /api/website/catalog/category/search?queryString=women-fashion [32m200 [0m359.684 ms - 2585[0m
[0mGET /api/website/catalog/product/search?filter_category=women-fashion [32m200 [0m353.999 ms - 7614[0m
[0mGET /api/website/catalog/product/search?filter_category=women-fashion [32m200 [0m118.394 ms - 7614[0m
[0mGET /api/website/catalog/product/search?filter_category=women-fashion [36m304 [0m153.551 ms - -[0m
[0mGET /api/website/catalog/product/search?filter_category=women-fashion [36m304 [0m126.539 ms - -[0m
[0mGET /api/website/catalog/product/search?filter_category=women-fashion&page=2 [0m- [0m- ms - -[0m
[0mGET /api/website/category/list [36m304 [0m73.109 ms - -[0m
[0mGET /api/website/category/list [36m304 [0m50.682 ms - -[0m
[0mGET /api/website/catalog/category/search?queryString=women-fashion [36m304 [0m359.315 ms - -[0m
[0mGET /api/website/category/list [32m200 [0m152.805 ms - 30306[0m
[0mGET /api/website/category/list [32m200 [0m172.691 ms - 30306[0m
[0mGET /api/website/catalog/category/search?queryString=women-fashion [32m200 [0m376.236 ms - 2585[0m
[0mGET /api/website/category/list [36m304 [0m108.789 ms - -[0m
[0mGET /api/website/category/list [36m304 [0m55.598 ms - -[0m
[0mGET /api/website/catalog/category/search?queryString=women-fashion [36m304 [0m338.428 ms - -[0m
[0mGET /api/website/catalog/product/search?filter_category=women-fashion [36m304 [0m334.016 ms - -[0m
[0mGET /api/website/catalog/product/search?filter_category=women-fashion [36m304 [0m126.151 ms - -[0m
[0mGET /api/website/catalog/product/search?filter_category=women-fashion [36m304 [0m110.679 ms - -[0m
[0mGET /api/website/catalog/product/search?filter_category=women-fashion [36m304 [0m115.014 ms - -[0m
[0mGET /api/website/catalog/product/search?filter_category=women-fashion [36m304 [0m72.448 ms - -[0m
[0mGET /api/website/catalog/product/search?filter_category=women-fashion [36m304 [0m46.153 ms - -[0m
[0mGET /api/website/catalog/product/search?filter_category=women-fashion [36m304 [0m96.029 ms - -[0m
[0mGET /api/website/autosuggest/search?limit=5&query=g [36m304 [0m213.776 ms - -[0m
[0mGET /api/website/autosuggest/search?limit=5&query=gr [36m304 [0m39.776 ms - -[0m
[0mGET /api/website/catalog/category/search?queryString=grocery-staples [32m200 [0m150.629 ms - 1992[0m
[0mGET /api/website/catalog/product/search?filter_category=grocery-staples%20 [32m200 [0m161.323 ms - 6078[0m
[0mGET /api/website/catalog/product/search?filter_category=grocery-staples%20 [36m304 [0m94.232 ms - -[0m
[0mGET /api/website/catalog/product/search?filter_category=women-fashion [36m304 [0m101.163 ms - -[0m
[0mGET /api/website/catalog/product/search?filter_category=grocery-staples%20 [36m304 [0m117.057 ms - -[0m
[0mGET /api/website/catalog/product/search?filter_category=grocery-staples%20 [36m304 [0m85.287 ms - -[0m
[0mGET /api/website/catalog/product/search?filter_category=grocery-staples%20 [36m304 [0m53.969 ms - -[0m
[0mGET /api/website/catalog/product/search?filter_category=grocery-staples%20 [36m304 [0m100.474 ms - -[0m
[0mGET /api/website/catalog/product/search?filter_category=grocery-staples%20 [36m304 [0m115.294 ms - -[0m
[0mGET /api/website/catalog/product/search?filter_category=grocery-staples%20 [36m304 [0m132.001 ms - -[0m
[0mGET /api/website/catalog/product/search?filter_category=grocery-staples%20 [36m304 [0m86.922 ms - -[0m
[0mGET /api/website/catalog/product/search?filter_category=grocery-staples%20 [36m304 [0m101.633 ms - -[0m
[0mGET /api/website/catalog/product/search?filter_category=grocery-staples%20 [36m304 [0m92.904 ms - -[0m
[0mGET /api/website/catalog/category/search?queryString=pulses [32m200 [0m77.816 ms - 902[0m
[0mGET /api/website/catalog/product/search?filter_category=pulses%20 [32m200 [0m120.876 ms - 1247[0m
[0mGET /api/website/catalog/product/search?filter_category=pulses%20 [36m304 [0m81.093 ms - -[0m
[0mGET /api/website/catalog/product/search?filter_category=pulses%20 [36m304 [0m92.192 ms - -[0m
[0mGET /api/website/catalog/category/search?queryString=Maize [32m200 [0m30.842 ms - 62[0m
[0mGET /api/website/catalog/product/search?filter_category=Maize%20 [32m200 [0m107.968 ms - 7617[0m
[0mGET /api/website/catalog/product/search?filter_category=Maize%20 [36m304 [0m112.755 ms - -[0m
[0mGET /api/website/autosuggest/search?limit=5&query=g [36m304 [0m240.313 ms - -[0m
[0mGET /api/website/autosuggest/search?limit=5&query=m [32m200 [0m212.272 ms - 1133[0m
[0mGET /api/website/autosuggest/search?limit=5&query=mi [36m304 [0m41.160 ms - -[0m
[0mGET /api/website/autosuggest/search?limit=5&query=mid [36m304 [0m31.467 ms - -[0m
[0mGET /api/website/autosuggest/search?limit=5&query=mide [36m304 [0m43.847 ms - -[0m
[0mGET /api/website/autosuggest/search?limit=5&query=midea [36m304 [0m35.521 ms - -[0m
[0mGET /api/website/catalog/category/search?queryString=midea [36m304 [0m66.196 ms - -[0m
[0mGET /api/website/catalog/product/search?filter_category=midea%20 [32m200 [0m98.198 ms - 3438[0m
[0mGET /api/website/catalog/product/search?filter_category=midea%20 [36m304 [0m72.016 ms - -[0m
[0mGET /api/website/autosuggest/search?limit=5&query=mide [36m304 [0m54.332 ms - -[0m
[0mGET /api/website/autosuggest/search?limit=5&query=mid [36m304 [0m43.546 ms - -[0m
[0mGET /api/website/autosuggest/search?limit=5&query=mi [36m304 [0m97.177 ms - -[0m
[0mGET /api/website/autosuggest/search?limit=5&query=m [36m304 [0m215.501 ms - -[0m
[0mGET /api/website/autosuggest/search?limit=5&query=t [36m304 [0m250.307 ms - -[0m
[0mGET /api/website/autosuggest/search?limit=5&query=tv [36m304 [0m35.483 ms - -[0m
[0mGET /api/website/catalog/category/search?queryString=tv-appliances [36m304 [0m138.787 ms - -[0m
[0mGET /api/website/catalog/product/search?filter_category=tv-appliances%20 [32m200 [0m154.583 ms - 7831[0m
[0mGET /api/website/product/detail?slug=forbes-enhance-uv-uf-purifier [31m500 [0m127.355 ms - 3181[0m
[0mGET /api/website/catalog/category/search?queryString=tv-appliances [36m304 [0m168.820 ms - -[0m
[0mGET /api/website/catalog/product/search?filter_category=tv-appliances [32m200 [0m153.096 ms - 7831[0m
[0mGET /api/website/product/detail?slug=forbes-classic-uv-purifier [32m200 [0m114.803 ms - 5563[0m
[0mGET /api/website/category/list [32m200 [0m122.687 ms - 30306[0m
[0mGET /api/website/category/list [32m200 [0m167.415 ms - 30306[0m
[0mGET /api/website/catalog/category/search?queryString=tv-appliances [32m200 [0m283.762 ms - 2196[0m
[0mGET /api/website/catalog/product/search?filter_category=tv-appliances [32m200 [0m286.038 ms - 7831[0m
[0mGET /api/website/catalog/product/search?filter_brand=midea&filter_category=tv-appliances&page=1 [32m200 [0m98.764 ms - 7831[0m
[0mGET /api/website/product/detail?slug=forbes-classic-uv-purifier [36m304 [0m119.939 ms - -[0m
[0mGET /api/website/category/list [32m200 [0m114.555 ms - 30306[0m
[0mGET /api/website/category/list [32m200 [0m137.883 ms - 30306[0m
[0mGET /api/website/product/detail?slug=forbes-classic-uv-purifier [31m500 [0m157.695 ms - 3181[0m
[0mGET /api/website/product/detail?slug=forbes-classic-uv-purifier [31m500 [0m157.057 ms - 3181[0m
[0mGET /api/website/category/list [32m200 [0m188.166 ms - 30306[0m
[0mGET /api/website/category/list [32m200 [0m184.864 ms - 30306[0m
