[0mGET /api/website/catalog/category/search?queryString=tv-appliances [36m304 [0m169.528 ms - -[0m
[0mGET /api/website/catalog/product/search?filter_category=tv-appliances [32m200 [0m195.399 ms - 10443[0m
[0mGET /api/website/category/list [36m304 [0m59.763 ms - -[0m
[0mGET /api/website/category/list [36m304 [0m42.773 ms - -[0m
[0mGET /api/website/catalog/category/search?queryString=tv-appliances [36m304 [0m230.187 ms - -[0m
[0mGET /api/website/catalog/product/search?filter_category=tv-appliances&page=4 [36m304 [0m218.441 ms - -[0m
[0mGET /api/website/category/list [36m304 [0m43.950 ms - -[0m
[0mGET /api/website/category/list [36m304 [0m33.661 ms - -[0m
[0mGET /api/website/catalog/category/search?queryString=tv-appliances [36m304 [0m155.084 ms - -[0m
[0mGET /api/website/catalog/product/search?filter_category=tv-appliances [36m304 [0m157.279 ms - -[0m
[0mGET /api/website/category/list [36m304 [0m41.094 ms - -[0m
[0mGET /api/website/category/list [36m304 [0m37.536 ms - -[0m
[0mGET /api/website/catalog/category/search?queryString=tv-appliances [36m304 [0m160.598 ms - -[0m
[0mGET /api/website/catalog/product/search?filter_category=tv-appliances [36m304 [0m164.474 ms - -[0m
[0mGET /api/website/autosuggest/search?limit=5&query=b [36m304 [0m208.639 ms - -[0m
[0mGET /api/website/autosuggest/search?limit=5&query=bal [36m304 [0m37.841 ms - -[0m
[0mGET /api/website/autosuggest/search?limit=5&query=balt [36m304 [0m72.703 ms - -[0m
[0mGET /api/website/autosuggest/search?limit=5&query=baltr [36m304 [0m68.845 ms - -[0m
[0mGET /api/website/autosuggest/search?limit=5&query=baltra [36m304 [0m61.336 ms - -[0m
[0mGET /api/website/catalog/category/search?queryString=baltra [36m304 [0m65.915 ms - -[0m
[0mGET /api/website/catalog/product/search?filter_category=baltra%20 [32m200 [0m58.473 ms - 13980[0m
[0mGET /api/website/catalog/product/search?filter_category=baltra%20 [36m304 [0m27.413 ms - -[0m
[0mGET /api/website/catalog/product/search?filter_category=baltra%20&page=2 [32m200 [0m50.325 ms - 13980[0m
[0mGET /api/website/catalog/product/search?filter_category=baltra%20&page=2 [36m304 [0m63.112 ms - -[0m
[0mGET /api/website/catalog/product/search?filter_category=baltra%20&page=1 [32m200 [0m60.461 ms - 13980[0m
[0mGET /api/website/catalog/product/search?filter_category=baltra%20&page=2 [36m304 [0m47.957 ms - -[0m
[0mGET /api/website/catalog/product/search?filter_category=baltra%20&page=1 [36m304 [0m41.491 ms - -[0m
[0mGET /api/website/autosuggest/search?limit=5&query=w [32m200 [0m135.214 ms - 179[0m
[0mGET /api/website/autosuggest/search?limit=5&query=wo [36m304 [0m34.023 ms - -[0m
[0mGET /api/website/catalog/product/search?filter_category=women-fashion%20&page=1 [32m200 [0m176.065 ms - 8356[0m
[0mGET /api/website/catalog/category/search?queryString=women-fashion [36m304 [0m167.942 ms - -[0m
[0mGET /api/website/catalog/product/search?filter_category=women-fashion%20 [32m200 [0m155.486 ms - 8356[0m
[0mGET /api/website/catalog/product/search?filter_category=women-fashion%20 [36m304 [0m68.452 ms - -[0m
[0mGET /api/website/catalog/product/search?filter_category=women-fashion%20 [36m304 [0m37.328 ms - -[0m
[0mGET /api/website/catalog/product/search?filter_category=women-fashion%20&page=2 [32m200 [0m47.628 ms - 9144[0m
[0mGET /api/website/catalog/product/search?filter_category=women-fashion%20&page=2 [36m304 [0m57.272 ms - -[0m
[0mGET /api/website/catalog/product/search?filter_category=women-fashion%20&page=3 [32m200 [0m50.660 ms - 9031[0m
[0mOPTIONS /api/order/notifications [32m204 [0m7.431 ms - 0[0m
[0mOPTIONS /api/order/list [32m204 [0m6.306 ms - 0[0m
[0mOPTIONS /api/order/count [32m204 [0m5.798 ms - 0[0m
[0mGET /api/order/count [36m304 [0m42.542 ms - -[0m
[0mGET /api/order/notifications [36m304 [0m76.655 ms - -[0m
[0mGET /api/order/list [36m304 [0m194.414 ms - -[0m
[0mOPTIONS /api/seller/all-product-list?limit=20&page=1 [32m204 [0m1.579 ms - 0[0m
[0mGET /api/order/notifications [36m304 [0m37.069 ms - -[0m
[0mGET /api/seller/all-product-list?limit=20&page=1 [36m304 [0m69.753 ms - -[0m
[0mOPTIONS /api/seller/all-product-list?limit=20&page=1&searchString=Laah+4+Pieces+Chudi+Radium+Maroon+2.8+inch [32m204 [0m0.989 ms - 0[0m
[0mGET /api/seller/all-product-list?limit=20&page=1&searchString=Laah+4+Pieces+Chudi+Radium+Maroon+2.8+inch [32m200 [0m97.165 ms - 663[0m
[0mOPTIONS /api/seller/admin/product/update [32m204 [0m1.861 ms - 0[0m
[0mPUT /api/seller/admin/product/update [32m200 [0m72.036 ms - 69[0m
[0mOPTIONS /api/seller/all-product-list?limit=20&page=1 [32m204 [0m0.814 ms - 0[0m
[0mGET /api/seller/all-product-list?limit=20&page=1 [36m304 [0m92.361 ms - -[0m
[0mOPTIONS /api/seller/all-product-list?limit=20&page=1&searchString=Laah+4+Pieces+Chudi+Radium+Maroon+2.8+inch [32m204 [0m1.455 ms - 0[0m
[0mGET /api/seller/all-product-list?limit=20&page=1&searchString=Laah+4+Pieces+Chudi+Radium+Maroon+2.8+inch [32m200 [0m88.498 ms - 660[0m
[0mOPTIONS /api/order/notifications [32m204 [0m8.340 ms - 0[0m
[0mOPTIONS /api/seller/all-product-list?limit=20&page=1 [32m204 [0m4.291 ms - 0[0m
[0mGET /api/order/notifications [36m304 [0m73.932 ms - -[0m
[0mGET /api/seller/all-product-list?limit=20&page=1 [36m304 [0m95.844 ms - -[0m
[0mGET /api/website/category/list [36m304 [0m113.444 ms - -[0m
[0mGET /api/website/category/list [36m304 [0m45.789 ms - -[0m
[0mGET /api/website/category/list [36m304 [0m31.760 ms - -[0m
[0mGET /api/website/autosuggest/search?limit=5&query=t [32m200 [0m287.628 ms - 1604[0m
[0mGET /api/website/autosuggest/search?limit=5&query=tv [32m200 [0m24.118 ms - 194[0m
[0mGET /api/website/catalog/product/search?filter_category=tv-appliances%20 [32m200 [0m179.049 ms - 8077[0m
[0mGET /api/website/catalog/category/search?queryString=tv-appliances [36m304 [0m174.969 ms - -[0m
[0mOPTIONS /api/seller/all-product-list?limit=20&page=1&searchString=Forbes+Classic+%2B+UV+Purifier [32m204 [0m3.956 ms - 0[0m
[0mGET /api/seller/all-product-list?limit=20&page=1&searchString=Forbes+Classic+%2B+UV+Purifier [32m200 [0m106.558 ms - 627[0m
[0mOPTIONS /api/seller/admin/product/update [32m204 [0m2.361 ms - 0[0m
[0mPUT /api/seller/admin/product/update [32m200 [0m49.124 ms - 69[0m
[0mOPTIONS /api/seller/all-product-list?limit=20&page=1 [32m204 [0m1.095 ms - 0[0m
[0mGET /api/seller/all-product-list?limit=20&page=1 [36m304 [0m90.312 ms - -[0m
[0mOPTIONS /api/seller/all-product-list?limit=20&page=1&searchString=Forbes+Classic+%2B+UV+Purifier [32m204 [0m1.264 ms - 0[0m
[0mGET /api/seller/all-product-list?limit=20&page=1&searchString=Forbes+Classic+%2B+UV+Purifier [32m200 [0m91.421 ms - 627[0m
[0mGET /api/website/category/list [36m304 [0m61.541 ms - -[0m
[0mGET /api/website/catalog/category/search?queryString=tv-appliances [36m304 [0m170.047 ms - -[0m
[0mGET /api/website/category/list [36m304 [0m136.677 ms - -[0m
[0mGET /api/website/catalog/product/search?filter_category=tv-appliances [32m200 [0m191.756 ms - 8072[0m
[0mGET /api/website/autosuggest/search?limit=5&query=wo [36m304 [0m75.950 ms - -[0m
[0mGET /api/website/autosuggest/search?limit=5&query=wom [36m304 [0m49.984 ms - -[0m
[0mGET /api/website/autosuggest/search?limit=5&query=wome [36m304 [0m39.940 ms - -[0m
[0mGET /api/website/catalog/product/search?filter_category=women-fashion%20 [36m304 [0m121.830 ms - -[0m
[0mGET /api/website/catalog/category/search?queryString=women-fashion [36m304 [0m121.495 ms - -[0m
[0mGET /api/website/catalog/product/search?filter_category=women-fashion%20 [36m304 [0m26.680 ms - -[0m
[0mOPTIONS /api/seller/all-product-list?limit=20&page=1&searchString=Sarsawati+Bangles+pink+Metal+Chura+24+pieces [32m204 [0m3.133 ms - 0[0m
[0mGET /api/seller/all-product-list?limit=20&page=1&searchString=Sarsawati+Bangles+pink+Metal+Chura+24+pieces [32m200 [0m105.764 ms - 1252[0m
[0mOPTIONS /api/seller/admin/product/update [32m204 [0m1.144 ms - 0[0m
[0mPUT /api/seller/admin/product/update [32m200 [0m32.277 ms - 69[0m
[0mOPTIONS /api/seller/all-product-list?limit=20&page=1 [32m204 [0m0.933 ms - 0[0m
[0mGET /api/seller/all-product-list?limit=20&page=1 [36m304 [0m95.929 ms - -[0m
[0mGET /api/website/category/list [36m304 [0m62.368 ms - -[0m
[0mGET /api/website/category/list [36m304 [0m45.229 ms - -[0m
[0mGET /api/website/catalog/product/search?filter_category=women-fashion [32m200 [0m205.485 ms - 8349[0m
[0mGET /api/website/catalog/category/search?queryString=women-fashion [36m304 [0m210.510 ms - -[0m
[0mGET /api/website/autosuggest/search?limit=5&query=b [36m304 [0m193.737 ms - -[0m
[0mGET /api/website/autosuggest/search?limit=5&query=ba [36m304 [0m66.643 ms - -[0m
[0mGET /api/website/autosuggest/search?limit=5&query=bal [36m304 [0m41.857 ms - -[0m
[0mGET /api/website/autosuggest/search?limit=5&query=balt [36m304 [0m72.687 ms - -[0m
[0mGET /api/website/autosuggest/search?limit=5&query=baltr [36m304 [0m60.023 ms - -[0m
[0mGET /api/website/autosuggest/search?limit=5&query=baltra [36m304 [0m68.919 ms - -[0m
[0mGET /api/website/catalog/product/search?filter_category=baltra%20 [36m304 [0m64.775 ms - -[0m
[0mGET /api/website/catalog/category/search?queryString=baltra [36m304 [0m60.719 ms - -[0m
[0mGET /api/website/product/detail?slug=baltra-carving-btks300-6-knife-6-inch-ss-handle [31m500 [0m54.120 ms - 1209[0m
[0mGET /api/website/autosuggest/search?limit=5&query=baltr [36m304 [0m90.253 ms - -[0m
[0mGET /api/website/autosuggest/search?limit=5&query=balt [36m304 [0m42.520 ms - -[0m
[0mGET /api/website/autosuggest/search?limit=5&query=bal [36m304 [0m57.777 ms - -[0m
[0mGET /api/website/autosuggest/search?limit=5&query=ba [36m304 [0m74.001 ms - -[0m
[0mGET /api/website/autosuggest/search?limit=5&query=b [36m304 [0m128.836 ms - -[0m
[0mGET /api/website/autosuggest/search?limit=5&query=wo [36m304 [0m81.375 ms - -[0m
[0mGET /api/website/autosuggest/search?limit=5&query=wom [36m304 [0m53.761 ms - -[0m
[0mGET /api/website/catalog/category/search?queryString=women-fashion [36m304 [0m161.009 ms - -[0m
[0mGET /api/website/catalog/product/search?filter_category=women-fashion%20 [32m200 [0m141.954 ms - 8349[0m
[0mGET /api/website/catalog/product/search?filter_category=women-fashion%20 [36m304 [0m19.991 ms - -[0m
[0mGET /api/website/product/detail?slug=sarsawati-bangles-pink-metal-chura-24-pieces [31m500 [0m34.789 ms - 1575[0m
[0mGET /api/website/catalog/product/search?filter_category=women-fashion [36m304 [0m196.593 ms - -[0m
[0mGET /api/website/catalog/category/search?queryString=women-fashion [36m304 [0m225.918 ms - -[0m
[0mGET /api/website/autosuggest/search?limit=5&query=wo [36m304 [0m80.731 ms - -[0m
[0mGET /api/website/autosuggest/search?limit=5&query=w [36m304 [0m107.960 ms - -[0m
[0mGET /api/website/autosuggest/search?limit=5&query=m [36m304 [0m155.822 ms - -[0m
[0mGET /api/website/autosuggest/search?limit=5&query=mi [36m304 [0m64.126 ms - -[0m
[0mGET /api/website/autosuggest/search?limit=5&query=mid [36m304 [0m53.005 ms - -[0m
[0mGET /api/website/autosuggest/search?limit=5&query=mide [36m304 [0m31.924 ms - -[0m
[0mGET /api/website/autosuggest/search?limit=5&query=midea [36m304 [0m41.498 ms - -[0m
[0mGET /api/website/catalog/product/search?filter_category=midea%20 [32m200 [0m100.074 ms - 6924[0m
[0mGET /api/website/catalog/category/search?queryString=midea [36m304 [0m63.467 ms - -[0m
[0mGET /api/website/catalog/product/search?filter_category=midea%20 [36m304 [0m20.659 ms - -[0m
[0mGET /api/website/category/list [36m304 [0m87.858 ms - -[0m
[0mOPTIONS /api/order/notifications [32m204 [0m1.739 ms - 0[0m
[0mOPTIONS /api/vendor/list [32m204 [0m0.832 ms - 0[0m
[0mGET /api/vendor/list [36m304 [0m42.467 ms - -[0m
[0mGET /api/order/notifications [36m304 [0m55.079 ms - -[0m
[0mOPTIONS /api/vendor/product/getAllProductById?SellerId=59&limi=10&page=1 [32m204 [0m0.990 ms - 0[0m
[0mGET /api/vendor/product/getAllProductById?SellerId=59&limi=10&page=1 [32m200 [0m117.317 ms - 4611[0m
[0mOPTIONS /api/vendor/list [32m204 [0m1.570 ms - 0[0m
[0mGET /api/vendor/list [36m304 [0m35.006 ms - -[0m
[0mGET /api/website/category/list [32m200 [0m126.104 ms - 28673[0m
[0mGET /api/website/category/list [32m200 [0m140.211 ms - 28673[0m
[0mGET /api/website/catalog/product/search?filter_category=Bra [32m200 [0m149.511 ms - 79[0m
[0mGET /api/website/catalog/category/search?queryString=Bra [32m200 [0m148.728 ms - 329[0m
[0mGET /api/website/autosuggest/search?limit=5&query=b [36m304 [0m170.880 ms - -[0m
[0mGET /api/website/autosuggest/search?limit=5&query=br [32m200 [0m42.254 ms - 199[0m
[0mGET /api/website/autosuggest/search?limit=5&query=bra [32m200 [0m23.833 ms - 137[0m
[0mGET /api/website/autosuggest/search?limit=5&query=br [36m304 [0m99.340 ms - -[0m
[0mGET /api/website/autosuggest/search?limit=5&query=b [36m304 [0m143.321 ms - -[0m
[0mGET /api/website/autosuggest/search?limit=5&query=b [36m304 [0m191.899 ms - -[0m
[0mGET /api/website/autosuggest/search?limit=5&query=br [36m304 [0m41.198 ms - -[0m
[0mGET /api/website/autosuggest/search?limit=5&query=bra [36m304 [0m22.296 ms - -[0m
[0mGET /api/website/category/list [32m200 [0m110.415 ms - 28673[0m
[0mGET /api/website/category/list [32m200 [0m137.171 ms - 28673[0m
[0mGET /api/website/catalog/product/search?filter_category=Bra [32m200 [0m142.271 ms - 79[0m
[0mGET /api/website/catalog/category/search?queryString=Bra [32m200 [0m148.194 ms - 329[0m
[0mGET /api/website/autosuggest/search?limit=5&query=b [36m304 [0m186.211 ms - -[0m
[0mGET /api/website/autosuggest/search?limit=5&query=br [36m304 [0m31.729 ms - -[0m
[0mGET /api/website/autosuggest/search?limit=5&query=bra [36m304 [0m33.535 ms - -[0m
[0mGET /api/website/autosuggest/search?limit=5&query=br [32m200 [0m68.211 ms - 49[0m
[0mGET /api/website/autosuggest/search?limit=5&query=b [32m200 [0m67.849 ms - 149[0m
[0mGET /api/website/autosuggest/search?limit=5&query=b [36m304 [0m54.179 ms - -[0m
[0mGET /api/website/autosuggest/search?limit=5&query=br [36m304 [0m26.589 ms - -[0m
[0mGET /api/website/autosuggest/search?limit=5&query=bra [32m200 [0m40.458 ms - 89[0m
[0mGET /api/website/category/list [32m200 [0m120.140 ms - 28673[0m
[0mGET /api/website/category/list [32m200 [0m121.153 ms - 28673[0m
[0mGET /api/website/catalog/product/search?filter_category=Bra [32m200 [0m130.038 ms - 79[0m
[0mGET /api/website/catalog/category/search?queryString=Bra [32m200 [0m139.847 ms - 329[0m
[0mGET /api/website/autosuggest/search?limit=5&query=b [36m304 [0m51.775 ms - -[0m
[0mGET /api/website/autosuggest/search?limit=5&query=br [36m304 [0m25.104 ms - -[0m
[0mGET /api/website/autosuggest/search?limit=5&query=bra [36m304 [0m29.785 ms - -[0m
[0mGET /api/website/category/list [36m304 [0m85.904 ms - -[0m
[0mGET /api/website/category/list [32m200 [0m96.573 ms - 28673[0m
[0mGET /api/website/category/list [32m200 [0m119.580 ms - 28673[0m
[0mGET /api/website/category/list [32m200 [0m123.529 ms - 28673[0m
[0mGET /api/website/autosuggest/search?limit=5&query=g [32m200 [0m124.224 ms - 327[0m
[0mGET /api/website/autosuggest/search?limit=5&query=gr [32m200 [0m17.934 ms - 49[0m
[0mGET /api/website/autosuggest/search?limit=5&query=gro [32m200 [0m28.195 ms - 49[0m
[0mGET /api/website/autosuggest/search?limit=5&query=groc [32m200 [0m36.937 ms - 49[0m
[0mGET /api/website/autosuggest/search?limit=5&query=groce [32m200 [0m26.311 ms - 49[0m
[0mGET /api/website/autosuggest/search?limit=5&query=groc [36m304 [0m23.417 ms - -[0m
[0mGET /api/website/autosuggest/search?limit=5&query=gro [36m304 [0m25.076 ms - -[0m
[0mGET /api/website/autosuggest/search?limit=5&query=gr [36m304 [0m26.131 ms - -[0m
[0mGET /api/website/autosuggest/search?limit=5&query=g [36m304 [0m115.563 ms - -[0m
[0mGET /api/website/autosuggest/search?limit=5&query=b [36m304 [0m38.775 ms - -[0m
[0mGET /api/website/autosuggest/search?limit=5&query=br [36m304 [0m21.115 ms - -[0m
[0mGET /api/website/autosuggest/search?limit=5&query=bra [36m304 [0m31.883 ms - -[0m
[0mGET /api/website/autosuggest/search?limit=5&query=br [36m304 [0m22.758 ms - -[0m
[0mGET /api/website/autosuggest/search?limit=5&query=b [36m304 [0m45.321 ms - -[0m
[0mGET /api/website/autosuggest/search?limit=5&query=B [32m200 [0m33.931 ms - 149[0m
[0mGET /api/website/autosuggest/search?limit=5&query=Br [32m200 [0m31.608 ms - 49[0m
[0mGET /api/website/autosuggest/search?limit=5&query=Bra [32m200 [0m41.637 ms - 89[0m
[0mGET /api/website/autosuggest/search?limit=5&query=Br [36m304 [0m36.759 ms - -[0m
[0mGET /api/website/autosuggest/search?limit=5&query=B [36m304 [0m60.434 ms - -[0m
[0mGET /api/website/autosuggest/search?limit=5&query=g [36m304 [0m87.118 ms - -[0m
[0mGET /api/website/autosuggest/search?limit=5&query=gr [36m304 [0m40.155 ms - -[0m
[0mGET /api/website/autosuggest/search?limit=5&query=gro [36m304 [0m21.213 ms - -[0m
[0mGET /api/website/autosuggest/search?limit=5&query=groc [36m304 [0m34.111 ms - -[0m
[0mGET /api/website/autosuggest/search?limit=5&query=groce [36m304 [0m40.231 ms - -[0m
[0mGET /api/website/autosuggest/search?limit=5&query=grocer [32m200 [0m32.130 ms - 49[0m
[0mGET /api/website/category/list [32m200 [0m140.812 ms - 28673[0m
[0mGET /api/website/category/list [32m200 [0m168.122 ms - 28673[0m
[0mGET /api/website/category/list [32m200 [0m155.969 ms - 28673[0m
[0mGET /api/website/autosuggest/search?limit=5&query=as [32m200 [0m120.937 ms - 199[0m
[0mGET /api/website/autosuggest/search?limit=5&query=asd [32m200 [0m18.515 ms - 138[0m
[0mGET /api/website/catalog/category/search?queryString=asdf [32m200 [0m50.164 ms - 642[0m
[0mGET /api/website/catalog/product/search?filter_category=asdf%20 [32m200 [0m47.485 ms - 79[0m
[0mGET /api/website/autosuggest/search?limit=5&query=as [36m304 [0m111.231 ms - -[0m
[0mGET /api/website/autosuggest/search?limit=5&query=a [32m200 [0m264.491 ms - 1773[0m
[0mGET /api/website/autosuggest/search?limit=5&query=g [32m200 [0m173.654 ms - 342[0m
[0mGET /api/website/autosuggest/search?limit=5&query=gr [32m200 [0m19.740 ms - 194[0m
[0mGET /api/website/autosuggest/search?limit=5&query=gro [32m200 [0m21.064 ms - 194[0m
[0mGET /api/website/autosuggest/search?limit=5&query=groc [32m200 [0m29.940 ms - 194[0m
[0mGET /api/website/autosuggest/search?limit=5&query=groce [32m200 [0m30.092 ms - 194[0m
[0mGET /api/website/autosuggest/search?limit=5&query=grocer [32m200 [0m33.097 ms - 194[0m
[0mGET /api/website/catalog/product/search?filter_category=grocery-staples%20 [32m200 [0m157.117 ms - 8430[0m
[0mGET /api/website/catalog/category/search?queryString=grocery-staples [32m200 [0m160.162 ms - 1770[0m
[0mGET /api/website/catalog/product/search?filter_category=grocery-staples%20 [36m304 [0m21.019 ms - -[0m
[0mGET /api/website/catalog/product/search?filter_category=grocery-staples%20 [36m304 [0m48.502 ms - -[0m
[0mGET /api/website/catalog/product/search?filter_category=grocery-staples%20 [36m304 [0m38.775 ms - -[0m
[0mGET /api/website/catalog/product/search?filter_category=grocery-staples%20&page=2 [32m200 [0m33.950 ms - 8268[0m
[0mGET /api/website/catalog/product/search?filter_category=grocery-staples%20&page=3 [32m200 [0m42.181 ms - 7025[0m
[0mGET /api/website/catalog/product/search?filter_category=grocery-staples%20&page=3 [36m304 [0m26.572 ms - -[0m
[0mGET /api/website/catalog/product/search?filter_category=grocery-staples%20&page=3 [36m304 [0m40.572 ms - -[0m
[0mGET /api/website/category/list [36m304 [0m116.159 ms - -[0m
[0mGET /api/website/category/list [36m304 [0m58.815 ms - -[0m
[0mGET /api/website/category/list [32m200 [0m91.465 ms - 28673[0m
[0mGET /api/website/category/list [32m200 [0m93.534 ms - 28673[0m
[0mGET /api/website/category/list [36m304 [0m50.674 ms - -[0m
[0mGET /api/website/category/list [36m304 [0m38.774 ms - -[0m
[0mGET /api/website/category/list [36m304 [0m24.474 ms - -[0m
[0mGET /api/website/autosuggest/search?limit=5&query=c [36m304 [0m285.193 ms - -[0m
[0mGET /api/website/autosuggest/search?limit=5&query=ch [36m304 [0m88.865 ms - -[0m
[0mGET /api/website/autosuggest/search?limit=5&query=chu [36m304 [0m104.130 ms - -[0m
[0mGET /api/website/autosuggest/search?limit=5&query=churi [36m304 [0m67.910 ms - -[0m
[0mGET /api/website/catalog/category/search?queryString=Leggings%20And%20Churidars [32m200 [0m27.063 ms - 62[0m
[0mGET /api/website/catalog/product/search?filter_category=Leggings%20And%20Churidars%20 [32m200 [0m42.506 ms - 79[0m
[0mGET /api/website/autosuggest/search?limit=5&query=chur [36m304 [0m99.111 ms - -[0m
[0mGET /api/website/autosuggest/search?limit=5&query=chu [36m304 [0m55.783 ms - -[0m
[0mGET /api/website/autosuggest/search?limit=5&query=ch [36m304 [0m96.817 ms - -[0m
[0mGET /api/website/autosuggest/search?limit=5&query=c [36m304 [0m188.735 ms - -[0m
[0mGET /api/website/autosuggest/search?limit=5&query=wo [36m304 [0m86.464 ms - -[0m
[0mGET /api/website/autosuggest/search?limit=5&query=wome [36m304 [0m54.074 ms - -[0m
[0mGET /api/website/autosuggest/search?limit=5&query=women [36m304 [0m63.129 ms - -[0m
[0mGET /api/website/catalog/product/search?filter_category=women-fashion%20 [36m304 [0m41.452 ms - -[0m
[0mGET /api/website/catalog/category/search?queryString=women-fashion [36m304 [0m157.686 ms - -[0m
[0mGET /api/website/catalog/product/search?filter_category=women-fashion%20 [36m304 [0m115.246 ms - -[0m
[0mGET /api/website/product/detail?slug=Non%20padded%20Black%20white%20and%20gray%20Bra-%206%20Pcs [32m200 [0m41.337 ms - 62[0m
[0mGET /api/website/product/detail?slug=non-padded-black-white-and-gray-bra-6-pcs [31m500 [0m54.353 ms - 1104[0m
[0mGET /api/website/product/detail?slug=non-padded-black-white-and-gray-bra-6-pcs [31m500 [0m198.462 ms - 3181[0m
[0mGET /api/website/product/detail?slug=non-padded-black-white-and-gray-bra-6-pcs [31m500 [0m151.663 ms - 3481[0m
[0mGET /api/website/product/detail?slug=non-padded-black-white-and-gray-bra-6-pcs [31m500 [0m219.266 ms - 3181[0m
[0mGET /api/website/product/detail?slug=non-padded-black-white-and-gray-bra-6-pcs [31m500 [0m205.864 ms - 3181[0m
[0mGET /api/website/product/detail?slug=non-padded-black-white-and-gray-bra-6-pcs [31m500 [0m199.133 ms - 3181[0m
[0mGET /api/website/product/detail?slug=non-padded-black-white-and-gray-bra-6-pcs [31m500 [0m150.305 ms - 3181[0m
[0mGET /api/website/product/detail?slug=non-padded-black-white-and-gray-bra-6-pcs [31m500 [0m229.036 ms - 3181[0m
[0mGET /api/website/product/detail?slug=non-padded-black-white-and-gray-bra-6-pcs [0m- [0m- ms - -[0m
[0mGET /api/website/product/detail?slug=non-padded-black-white-and-gray-bra-6-pcs [31m500 [0m155.525 ms - 3181[0m
[0mGET /api/website/product/detail?slug=non-padded-black-white-and-gray-bra-6-pcs [31m500 [0m161.338 ms - 3181[0m
[0mGET /api/website/product/detail?slug=non-padded-black-white-and-gray-bra-6-pcs [32m200 [0m169.471 ms - 3481[0m
[0mGET /api/website/product/detail?slug=non-padded-black-white-and-gray-bra-6-pcs [31m500 [0m204.122 ms - 3181[0m
[0mGET /api/website/product/detail?slug=non-padded-black-white-and-gray-bra-6-pcs [32m200 [0m154.191 ms - 3481[0m
[0mGET /api/website/product/detail?slug=non-padded-black-white-and-gray-bra-6-pcs [32m200 [0m145.973 ms - 3481[0m
[0mGET /api/website/product/detail?slug=non-padded-black-white-and-gray-bra-6-pcs [32m200 [0m144.003 ms - 3481[0m
[0mGET /api/website/product/detail?slug=baltra-megna-hard-anodized-bha-f205m-sauce-pan-18-cm-ha [32m200 [0m144.301 ms - 4240[0m
[0mGET /api/website/product/detail?slug=baltra-megna-hard-anodized-bha-f205m-sauce-pan-18-cm-ha [32m200 [0m152.001 ms - 4240[0m
[0mGET /api/website/product/detail?slug=baltra-megna-hard-anodized-bha-f205m-sauce-pan-18-cm-ha [32m200 [0m146.004 ms - 573[0m
[0mGET /api/website/product/detail?slug=baltra-megna-hard-anodized-bha-f205m-sauce-pan-18-cm-ha [32m200 [0m151.109 ms - 640[0m
[0mGET /api/website/product/detail?slug=baltra-megna-hard-anodized-bha-f205m-sauce-pan-18-cm-ha [32m200 [0m143.101 ms - 660[0m
[0mGET /api/website/product/detail?slug=baltra-megna-hard-anodized [31m500 [0m184.770 ms - 3181[0m
[0mGET /api/website/product/detail?slug=baltra-megna-hard-anodized [31m500 [0m190.016 ms - 3181[0m
[0mGET /api/website/product/detail?slug=baltra-megna-hard-anodized [32m200 [0m137.981 ms - 62[0m
[0mGET /api/website/product/detail?slug=baltra-megna-hard-anodized-bha-f205m-sauce-pan-18-cm-ha [32m200 [0m165.239 ms - 660[0m
[0mGET /api/website/autosuggest/search?limit=5&query=wome [36m304 [0m96.190 ms - -[0m
[0mGET /api/website/autosuggest/search?limit=5&query=wom [36m304 [0m43.932 ms - -[0m
[0mGET /api/website/autosuggest/search?limit=5&query=wo [36m304 [0m72.259 ms - -[0m
[0mGET /api/website/autosuggest/search?limit=5&query=w [36m304 [0m149.855 ms - -[0m
[0mGET /api/website/autosuggest/search?limit=5&query=b [32m200 [0m175.601 ms - 818[0m
[0mGET /api/website/autosuggest/search?limit=5&query=ba [36m304 [0m56.911 ms - -[0m
[0mGET /api/website/autosuggest/search?limit=5&query=bal [36m304 [0m52.160 ms - -[0m
[0mGET /api/website/autosuggest/search?limit=5&query=balt [36m304 [0m72.738 ms - -[0m
[0mGET /api/website/autosuggest/search?limit=5&query=baltr [36m304 [0m61.026 ms - -[0m
[0mGET /api/website/autosuggest/search?limit=5&query=baltra [36m304 [0m54.131 ms - -[0m
[0mGET /api/website/catalog/product/search?filter_category=baltra%20 [36m304 [0m85.391 ms - -[0m
[0mGET /api/website/catalog/category/search?queryString=baltra [36m304 [0m69.456 ms - -[0m
[0mGET /api/website/product/detail?slug=Baltra%20Kadhai%20BHA%20F209M%20Hard%20Anodized%20-%2028cm [32m200 [0m133.413 ms - 62[0m
[0mGET /api/website/product/detail?slug=baltra-kadhai-bha-f209m-hard-anodized-28cm [32m200 [0m135.789 ms - 1625[0m
[0mGET /api/website/product/detail?slug=baltra-kadhai-bha-f209m-hard-anodized [32m200 [0m111.722 ms - 62[0m
[0mGET /api/website/product/detail?slug=baltra-kadhai-bha-f209m-hard-anodized [32m200 [0m123.979 ms - 62[0m
[0mGET /api/website/product/detail?slug=baltra-kadhai-bha-f209m-hard-anodized [32m200 [0m129.349 ms - 62[0m
[0mGET /api/website/product/detail?slug=baltra-kadhai-bha-f209m-hard-anodized [32m200 [0m126.000 ms - 62[0m
[0mGET /api/website/product/detail?slug=baltra-kadhai-bha-f209m-hard-anodized [32m200 [0m127.103 ms - 62[0m
[0mGET /api/website/product/detail?slug=baltra-megna-hard-anodished-sauce-pan [32m200 [0m82.727 ms - 62[0m
[0mGET /api/website/product/detail?slug=Baltra%20Kadhai%20BHA%20F209M%20Hard%20Anodized%20-%2028cm [32m200 [0m111.955 ms - 62[0m
[0mGET /api/website/category/list [36m304 [0m141.039 ms - -[0m
[0mGET /api/website/category/list [36m304 [0m41.365 ms - -[0m
[0mGET /api/website/autosuggest/search?limit=5&query=ba [36m304 [0m138.456 ms - -[0m
[0mGET /api/website/autosuggest/search?limit=5&query=bal [36m304 [0m67.599 ms - -[0m
[0mGET /api/website/autosuggest/search?limit=5&query=balt [36m304 [0m62.060 ms - -[0m
[0mGET /api/website/autosuggest/search?limit=5&query=baltr [36m304 [0m68.468 ms - -[0m
[0mGET /api/website/autosuggest/search?limit=5&query=baltra [36m304 [0m69.235 ms - -[0m
[0mGET /api/website/catalog/category/search?queryString=baltra [36m304 [0m85.540 ms - -[0m
[0mGET /api/website/catalog/product/search?filter_category=baltra%20 [36m304 [0m77.586 ms - -[0m
[0mGET /api/website/product/detail?slug=Baltra%20Fry%20Pan%20Hard%20Anodized%20BHA%20F212M%20HA%2024cm%20HA [31m500 [0m85.297 ms - 3181[0m
[0mGET /api/website/product/detail?slug=Baltra%20Fry%20Pan%20Hard%20Anodized%20BHA%20F212M%20HA%2024cm%20HA [31m500 [0m29.090 ms - 3181[0m
[0mGET /api/website/product/detail?slug=Baltra%20Fry%20Pan%20Hard%20Anodized%20BHA%20F212M%20HA%2024cm%20HA [32m200 [0m133.621 ms - 640[0m
[0mGET /api/website/product/detail?slug=baltra-fry-pan-hard-anodized-bha-f212m-ha-24cm-ha [31m500 [0m91.300 ms - 3181[0m
[0mGET /api/website/product/detail?slug=baltra-fry-pan-hard-anodized-bha-f212m-ha-24cm-ha [32m200 [0m152.899 ms - 1673[0m
[0mGET /api/website/product/detail?slug=baltra-fry-pan-hard-anodized-bha-f212m-ha [31m500 [0m85.257 ms - 3181[0m
[0mGET /api/website/product/detail?slug=baltra-fry-pan-hard-anodized-bha-f212m-ha [32m200 [0m140.684 ms - 1673[0m
[0mGET /api/website/product/detail?slug= [31m500 [0m27.938 ms - 3176[0m
[0mGET /api/website/product/detail?slug=a [31m500 [0m180.933 ms - 3181[0m
[0mGET /api/website/product/detail?slug=a [31m500 [0m198.971 ms - 3181[0m
[0mGET /api/website/product/detail?slug=a [31m500 [0m206.131 ms - 3181[0m
[0mGET /api/website/product/detail?slug=a [31m500 [0m187.113 ms - 3181[0m
[0mGET /api/website/product/detail?slug=a [31m500 [0m216.994 ms - 3181[0m
[0mGET /api/website/product/detail?slug=a [32m200 [0m142.159 ms - 605[0m
[0mGET /api/website/catalog/product/search?filter_category=baltra [32m200 [0m66.810 ms - 13980[0m
[0mGET /api/website/catalog/category/search?queryString=baltra [36m304 [0m88.166 ms - -[0m
[0mGET /api/website/autosuggest/search?limit=5&query=baltr [36m304 [0m98.147 ms - -[0m
[0mGET /api/website/autosuggest/search?limit=5&query=balt [36m304 [0m42.969 ms - -[0m
[0mGET /api/website/autosuggest/search?limit=5&query=bal [36m304 [0m78.789 ms - -[0m
[0mGET /api/website/autosuggest/search?limit=5&query=ba [36m304 [0m111.733 ms - -[0m
[0mGET /api/website/autosuggest/search?limit=5&query=b [36m304 [0m118.393 ms - -[0m
[0mGET /api/website/autosuggest/search?limit=5&query=c [36m304 [0m257.501 ms - -[0m
[0mGET /api/website/autosuggest/search?limit=5&query=co [32m200 [0m60.172 ms - 218[0m
[0mGET /api/website/autosuggest/search?limit=5&query=coo [32m200 [0m28.972 ms - 417[0m
[0mGET /api/website/autosuggest/search?limit=5&query=cook [32m200 [0m64.813 ms - 292[0m
[0mGET /api/website/autosuggest/search?limit=5&query=cooke [32m200 [0m44.193 ms - 90[0m
[0mGET /api/website/autosuggest/search?limit=5&query=cooker [32m200 [0m46.505 ms - 90[0m
[0mGET /api/website/catalog/product/search?filter_category=cooker%20 [32m200 [0m50.790 ms - 2297[0m
[0mGET /api/website/catalog/category/search?queryString=cooker [32m200 [0m55.725 ms - 897[0m
[0mGET /api/website/catalog/product/search?filter_category=cooker%20 [36m304 [0m19.142 ms - -[0m
[0mGET /api/website/autosuggest/search?limit=5&query=cooke [36m304 [0m67.053 ms - -[0m
[0mGET /api/website/autosuggest/search?limit=5&query=cook [36m304 [0m74.146 ms - -[0m
[0mGET /api/website/autosuggest/search?limit=5&query=coo [36m304 [0m86.775 ms - -[0m
[0mGET /api/website/autosuggest/search?limit=5&query=co [36m304 [0m92.396 ms - -[0m
[0mGET /api/website/autosuggest/search?limit=5&query=c [36m304 [0m159.934 ms - -[0m
[0mGET /api/website/autosuggest/search?limit=5&query=u [32m200 [0m186.690 ms - 716[0m
[0mGET /api/website/autosuggest/search?limit=5&query=un [32m200 [0m37.159 ms - 315[0m
[0mGET /api/website/autosuggest/search?limit=5&query=uni [32m200 [0m35.071 ms - 175[0m
[0mGET /api/website/autosuggest/search?limit=5&query=unit [32m200 [0m50.547 ms - 90[0m
[0mGET /api/website/autosuggest/search?limit=5&query=unite [32m200 [0m41.756 ms - 90[0m
[0mGET /api/website/autosuggest/search?limit=5&query=united [32m200 [0m45.660 ms - 90[0m
[0mGET /api/website/catalog/category/search?queryString=united [32m200 [0m46.151 ms - 329[0m
[0mGET /api/website/catalog/product/search?filter_category=united%20 [32m200 [0m43.388 ms - 79[0m
[0mGET /api/website/autosuggest/search?limit=5&query=unite [36m304 [0m54.904 ms - -[0m
[0mGET /api/website/autosuggest/search?limit=5&query=unit [36m304 [0m45.399 ms - -[0m
[0mGET /api/website/autosuggest/search?limit=5&query=uni [36m304 [0m40.026 ms - -[0m
[0mGET /api/website/autosuggest/search?limit=5&query=un [36m304 [0m79.826 ms - -[0m
[0mGET /api/website/autosuggest/search?limit=5&query=u [36m304 [0m154.094 ms - -[0m
[0mGET /api/website/autosuggest/search?limit=5&query=c [36m304 [0m238.781 ms - -[0m
[0mGET /api/website/autosuggest/search?limit=5&query=co [36m304 [0m65.610 ms - -[0m
[0mGET /api/website/autosuggest/search?limit=5&query=c [36m304 [0m220.476 ms - -[0m
[0mGET /api/website/autosuggest/search?limit=5&query=h [32m200 [0m193.155 ms - 805[0m
[0mGET /api/website/autosuggest/search?limit=5&query=wo [36m304 [0m53.540 ms - -[0m
[0mGET /api/website/autosuggest/search?limit=5&query=woem [32m200 [0m18.945 ms - 49[0m
[0mGET /api/website/autosuggest/search?limit=5&query=woemn [32m200 [0m19.869 ms - 49[0m
[0mGET /api/website/autosuggest/search?limit=5&query=woem [36m304 [0m27.982 ms - -[0m
[0mGET /api/website/autosuggest/search?limit=5&query=woe [32m200 [0m23.808 ms - 49[0m
[0mGET /api/website/autosuggest/search?limit=5&query=wo [36m304 [0m49.465 ms - -[0m
[0mGET /api/website/autosuggest/search?limit=5&query=wom [36m304 [0m66.682 ms - -[0m
[0mGET /api/website/catalog/product/search?filter_category=women-fashion%20 [36m304 [0m160.433 ms - -[0m
[0mGET /api/website/catalog/category/search?queryString=women-fashion [36m304 [0m156.134 ms - -[0m
[0mGET /api/website/product/detail?slug=sarsawati-bangles-purpal-metal-chura-24-pieces [32m200 [0m143.513 ms - 2717[0m
[0mGET /api/website/catalog/product/search?filter_category=women-fashion [36m304 [0m199.811 ms - -[0m
[0mGET /api/website/catalog/category/search?queryString=women-fashion [36m304 [0m240.592 ms - -[0m
[0mGET /api/website/product/detail?slug=sarsawati-bangles-pink-metal-chura-24-pieces [32m200 [0m134.220 ms - 2717[0m
[0mGET /api/website/catalog/category/search?queryString=women-fashion [36m304 [0m150.249 ms - -[0m
[0mGET /api/website/catalog/product/search?filter_category=women-fashion [36m304 [0m157.105 ms - -[0m
[0mGET /api/website/product/detail?slug=sisa-yellow-chura-12-pieces [32m200 [0m118.757 ms - 3213[0m
[0mGET /api/website/product/detail?slug=sisa-yellow-chura-12-pieces [32m200 [0m158.849 ms - 3058[0m
[0mGET /api/website/category/list [32m200 [0m148.596 ms - 28673[0m
[0mGET /api/website/category/list [32m200 [0m172.212 ms - 28673[0m
[0mGET /api/website/product/detail?slug=sisa-yellow-chura-12-pieces [32m200 [0m207.855 ms - 3058[0m
[0mGET /api/website/product/detail?slug=sisa-yellow-chura-12-pieces [36m304 [0m130.918 ms - -[0m
[0mGET /api/website/category/list [36m304 [0m68.418 ms - -[0m
[0mGET /api/website/category/list [36m304 [0m28.549 ms - -[0m
[0mGET /api/website/product/detail?slug=sisa-yellow-chura-12-pieces [36m304 [0m120.300 ms - -[0m
[0mGET /api/website/category/list [32m200 [0m71.335 ms - 28673[0m
[0mGET /api/website/category/list [32m200 [0m73.539 ms - 28673[0m
[0mGET /api/website/product/detail?slug=sisa-yellow-chura-12-pieces [32m200 [0m121.301 ms - 3058[0m
[0mGET /api/website/category/list [32m200 [0m72.143 ms - 28673[0m
[0mGET /api/website/category/list [32m200 [0m88.972 ms - 28673[0m
[0mGET /api/website/product/detail?slug=sisa-yellow-chura-12-pieces [32m200 [0m137.045 ms - 3058[0m
[0mGET /api/website/product/detail?slug=sisa-yellow-chura-12-pieces [36m304 [0m98.646 ms - -[0m
[0mGET /api/website/category/list [32m200 [0m102.334 ms - 28673[0m
[0mGET /api/website/category/list [32m200 [0m107.281 ms - 28673[0m
[0mGET /api/website/product/detail?slug=sisa-yellow-chura-12-pieces [32m200 [0m144.038 ms - 3058[0m
[0mGET /api/website/product/detail?slug=sisa-yellow-chura-12-pieces [36m304 [0m136.329 ms - -[0m
[0mGET /api/website/category/list [32m200 [0m67.763 ms - 28673[0m
[0mGET /api/website/category/list [32m200 [0m75.452 ms - 28673[0m
[0mGET /api/website/product/detail?slug=sisa-yellow-chura-12-pieces [32m200 [0m129.811 ms - 3058[0m
[0mGET /api/website/category/list [36m304 [0m51.980 ms - -[0m
[0mGET /api/website/category/list [36m304 [0m19.549 ms - -[0m
[0mGET /api/website/product/detail?slug=sisa-yellow-chura-12-pieces [36m304 [0m112.719 ms - -[0m
[0mGET /api/website/category/list [32m200 [0m52.087 ms - 28673[0m
[0mGET /api/website/category/list [32m200 [0m58.129 ms - 28673[0m
[0mGET /api/website/product/detail?slug=sisa-yellow-chura-12-pieces [32m200 [0m131.391 ms - 3058[0m
[0mGET /api/website/category/list [32m200 [0m93.095 ms - 28673[0m
[0mGET /api/website/category/list [32m200 [0m83.791 ms - 28673[0m
[0mGET /api/website/product/detail?slug=sisa-yellow-chura-12-pieces [32m200 [0m139.248 ms - 3058[0m
[0mGET /api/website/category/list [32m200 [0m59.715 ms - 28673[0m
[0mGET /api/website/category/list [32m200 [0m55.317 ms - 28673[0m
[0mGET /api/website/product/detail?slug=sisa-yellow-chura-12-pieces [32m200 [0m104.279 ms - 3058[0m
[0mGET /api/website/category/list [32m200 [0m64.172 ms - 28673[0m
[0mGET /api/website/category/list [32m200 [0m78.437 ms - 28673[0m
[0mGET /api/website/product/detail?slug=sisa-yellow-chura-12-pieces [32m200 [0m113.995 ms - 3058[0m
[0mGET /api/website/category/list [32m200 [0m86.056 ms - 28673[0m
[0mGET /api/website/category/list [32m200 [0m85.317 ms - 28673[0m
[0mGET /api/website/product/detail?slug=sisa-yellow-chura-12-pieces [32m200 [0m142.628 ms - 3058[0m
[0mGET /api/website/category/list [32m200 [0m96.073 ms - 28673[0m
[0mGET /api/website/category/list [32m200 [0m100.887 ms - 28673[0m
[0mGET /api/website/product/detail?slug=sisa-yellow-chura-12-pieces [32m200 [0m156.226 ms - 3058[0m
[0mGET /api/website/category/list [32m200 [0m65.701 ms - 28673[0m
[0mGET /api/website/category/list [32m200 [0m65.228 ms - 28673[0m
[0mGET /api/website/product/detail?slug=sisa-yellow-chura-12-pieces [32m200 [0m111.154 ms - 3058[0m
[0mGET /api/website/category/list [32m200 [0m66.176 ms - 28673[0m
[0mGET /api/website/category/list [32m200 [0m63.371 ms - 28673[0m
[0mGET /api/website/product/detail?slug=sisa-yellow-chura-12-pieces [32m200 [0m89.920 ms - 3058[0m
[0mGET /api/website/category/list [32m200 [0m70.795 ms - 28673[0m
[0mGET /api/website/category/list [32m200 [0m71.477 ms - 28673[0m
[0mGET /api/website/product/detail?slug=sisa-yellow-chura-12-pieces [32m200 [0m142.953 ms - 3058[0m
[0mGET /api/website/category/list [36m304 [0m41.672 ms - -[0m
[0mGET /api/website/category/list [36m304 [0m38.506 ms - -[0m
[0mGET /api/website/category/list [32m200 [0m84.703 ms - 28673[0m
[0mGET /api/website/category/list [32m200 [0m86.345 ms - 28673[0m
[0mGET /api/website/product/detail?slug=sisa-yellow-chura-12-pieces [32m200 [0m155.900 ms - 3058[0m
[0mGET /api/website/catalog/category/search?queryString=women-fashion [36m304 [0m184.878 ms - -[0m
[0mGET /api/website/catalog/product/search?filter_category=women-fashion [36m304 [0m185.839 ms - -[0m
[0mGET /api/website/autosuggest/search?limit=5&query=b [36m304 [0m188.662 ms - -[0m
[0mGET /api/website/autosuggest/search?limit=5&query=ba [36m304 [0m71.514 ms - -[0m
[0mGET /api/website/autosuggest/search?limit=5&query=bal [36m304 [0m32.839 ms - -[0m
[0mGET /api/website/autosuggest/search?limit=5&query=balt [36m304 [0m76.539 ms - -[0m
[0mGET /api/website/autosuggest/search?limit=5&query=baltr [36m304 [0m55.848 ms - -[0m
[0mGET /api/website/autosuggest/search?limit=5&query=baltra [36m304 [0m53.817 ms - -[0m
[0mGET /api/website/catalog/product/search?filter_category=baltra%20 [36m304 [0m42.273 ms - -[0m
[0mGET /api/website/catalog/category/search?queryString=baltra [36m304 [0m38.823 ms - -[0m
[0mGET /api/website/catalog/product/search?filter_category=baltra%20 [36m304 [0m15.742 ms - -[0m
[0mGET /api/website/product/detail?slug=baltra-kadhai-bha-f209m-hard-anodized-28cm [32m200 [0m86.240 ms - 1626[0m
[0mGET /api/website/category/list [32m200 [0m87.067 ms - 28673[0m
[0mGET /api/website/category/list [32m200 [0m104.189 ms - 28673[0m
[0mGET /api/website/product/detail?slug=baltra-kadhai-bha-f209m-hard-anodized-28cm [32m200 [0m128.656 ms - 1626[0m
[0mGET /api/website/product/detail?slug=baltra-kadhai-bha-f209m-hard-anodized-28cm [36m304 [0m101.614 ms - -[0m
[0mGET /api/website/product/detail?slug=baltra-kadhai-bha-f209m-hard-anodized-28cm [36m304 [0m96.347 ms - -[0m
[0mGET /api/website/category/list [32m200 [0m92.798 ms - 28673[0m
[0mGET /api/website/category/list [32m200 [0m93.823 ms - 28673[0m
[0mGET /api/website/product/detail?slug=baltra-kadhai-bha-f209m-hard-anodized-28cm [32m200 [0m137.666 ms - 1626[0m
[0mGET /api/website/product/detail?slug=baltra-kadhai-bha-f209m-hard-anodized-28cm [36m304 [0m168.014 ms - -[0m
[0mGET /api/website/category/list [32m200 [0m127.501 ms - 28673[0m
[0mGET /api/website/category/list [32m200 [0m115.287 ms - 28673[0m
[0mGET /api/website/product/detail?slug=baltra-kadhai-bha-f209m-hard-anodized-28cm [32m200 [0m169.933 ms - 1656[0m
[0mGET /api/website/category/list [36m304 [0m101.487 ms - -[0m
[0mGET /api/website/product/detail?slug=baltra-kadhai-bha-f209m-hard-anodized-28cm [36m304 [0m155.809 ms - -[0m
[0mGET /api/website/category/list [36m304 [0m48.770 ms - -[0m
[0mGET /api/website/category/list [32m200 [0m108.430 ms - 28673[0m
[0mGET /api/website/category/list [32m200 [0m113.029 ms - 28673[0m
[0mGET /api/website/product/detail?slug=baltra-kadhai-bha-f209m-hard-anodized-28cm [32m200 [0m140.221 ms - 1656[0m
[0mGET /api/website/catalog/category/search?queryString=baltra [36m304 [0m76.445 ms - -[0m
[0mGET /api/website/catalog/product/search?filter_category=baltra [36m304 [0m85.236 ms - -[0m
[0mGET /api/website/catalog/product/search?filter_category=women-fashion [36m304 [0m172.287 ms - -[0m
[0mGET /api/website/catalog/category/search?queryString=women-fashion [36m304 [0m179.209 ms - -[0m
[0mGET /api/website/catalog/product/search?filter_category=women-fashion [36m304 [0m34.294 ms - -[0m
[0mGET /api/website/product/detail?slug=sarsawati-bangles-pink-metal-chura-24-pieces [32m200 [0m112.324 ms - 2594[0m
[0mGET /api/website/catalog/product/search?filter_category=women-fashion [36m304 [0m142.149 ms - -[0m
[0mGET /api/website/catalog/category/search?queryString=women-fashion [36m304 [0m150.200 ms - -[0m
[0mGET /api/website/product/detail?slug=sarsawati-bangles-pink-metal-chura-24-pieces [36m304 [0m104.313 ms - -[0m
[0mGET /api/website/category/list [32m200 [0m103.596 ms - 28673[0m
[0mGET /api/website/category/list [32m200 [0m102.430 ms - 28673[0m
[0mGET /api/website/product/detail?slug=sarsawati-bangles-pink-metal-chura-24-pieces [32m200 [0m142.529 ms - 2594[0m
[0mGET /api/website/catalog/product/search?filter_category=women-fashion [36m304 [0m175.449 ms - -[0m
[0mGET /api/website/catalog/category/search?queryString=women-fashion [36m304 [0m172.903 ms - -[0m
[0mGET /api/website/catalog/product/search?filter_category=women-fashion [36m304 [0m26.157 ms - -[0m
[0mGET /api/website/catalog/product/search?filter_category=women-fashion [36m304 [0m31.145 ms - -[0m
[0mGET /api/website/catalog/product/search?filter_category=women-fashion [36m304 [0m46.358 ms - -[0m
[0mOPTIONS /api/order/notifications [32m204 [0m2.507 ms - 0[0m
[0mOPTIONS /api/order/list [32m204 [0m1.545 ms - 0[0m
[0mOPTIONS /api/order/count [32m204 [0m1.409 ms - 0[0m
[0mGET /api/order/count [36m304 [0m63.196 ms - -[0m
[0mGET /api/order/notifications [36m304 [0m102.337 ms - -[0m
[0mGET /api/order/list [32m200 [0m223.100 ms - 193766[0m
[0mOPTIONS /api/order/notifications [32m204 [0m4.714 ms - 0[0m
[0mOPTIONS /api/seller/all-product-list?limit=20&page=1 [32m204 [0m0.922 ms - 0[0m
[0mGET /api/order/notifications [36m304 [0m33.366 ms - -[0m
[0mGET /api/seller/all-product-list?limit=20&page=1 [36m304 [0m77.978 ms - -[0m
[0mOPTIONS /api/seller/all-product-list?limit=20&page=1&searchString=Sarsawati+Bangles+purpal+Metal+Chura+24+pieces [32m204 [0m1.176 ms - 0[0m
[0mGET /api/seller/all-product-list?limit=20&page=1&searchString=Sarsawati+Bangles+purpal+Metal+Chura+24+pieces [32m200 [0m86.055 ms - 1258[0m
[0mOPTIONS /api/seller/admin/product/update [32m204 [0m1.365 ms - 0[0m
[0mPUT /api/seller/admin/product/update [32m200 [0m78.620 ms - 69[0m
[0mOPTIONS /api/seller/all-product-list?limit=20&page=1 [32m204 [0m0.937 ms - 0[0m
[0mGET /api/seller/all-product-list?limit=20&page=1 [36m304 [0m100.861 ms - -[0m
[0mOPTIONS /api/seller/all-product-list?limit=20&page=1&searchString=Sarsawati+Bangles+purpal+Metal+Chura+24+pieces [32m204 [0m0.944 ms - 0[0m
[0mGET /api/seller/all-product-list?limit=20&page=1&searchString=Sarsawati+Bangles+purpal+Metal+Chura+24+pieces [32m200 [0m78.994 ms - 1251[0m
[0mOPTIONS /api/seller/admin/product/update [32m204 [0m0.987 ms - 0[0m
[0mPUT /api/seller/admin/product/update [32m200 [0m27.172 ms - 69[0m
[0mOPTIONS /api/seller/all-product-list?limit=20&page=1 [32m204 [0m1.044 ms - 0[0m
[0mGET /api/seller/all-product-list?limit=20&page=1 [36m304 [0m99.846 ms - -[0m
[0mGET /api/website/category/list [32m200 [0m123.861 ms - 28673[0m
[0mGET /api/website/category/list [32m200 [0m124.681 ms - 28673[0m
[0mGET /api/website/catalog/product/search?filter_category=women-fashion [32m200 [0m304.631 ms - 8336[0m
[0mGET /api/website/catalog/category/search?queryString=women-fashion [32m200 [0m313.209 ms - 2537[0m
[0mGET /api/website/product/detail?slug=sarsawati-bangles-purpal-metal-chura-24-pieces [32m200 [0m99.094 ms - 2594[0m
[0mGET /api/website/catalog/product/search?filter_category=women-fashion [36m304 [0m158.151 ms - -[0m
[0mGET /api/website/catalog/category/search?queryString=women-fashion [36m304 [0m176.306 ms - -[0m
[0mGET /api/website/product/detail?slug=sarsawati-bangles-pink-metal-chura-24-pieces [36m304 [0m142.753 ms - -[0m
[0mGET /api/website/catalog/category/search?queryString=women-fashion [36m304 [0m162.423 ms - -[0m
[0mGET /api/website/catalog/product/search?filter_category=women-fashion [36m304 [0m157.002 ms - -[0m
[0mGET /api/website/product/detail?slug=sarsawati-bangles-red-metal-chura-24-pieces [32m200 [0m110.669 ms - 2594[0m
[0mGET /api/website/category/list [32m200 [0m53.743 ms - 28673[0m
[0mGET /api/website/category/list [32m200 [0m53.744 ms - 28673[0m
[0mGET /api/website/product/detail?slug=sarsawati-bangles-red-metal-chura-24-pieces [32m200 [0m96.426 ms - 2594[0m
[0mGET /api/website/catalog/product/search?filter_category=women-fashion [36m304 [0m155.966 ms - -[0m
[0mGET /api/website/catalog/category/search?queryString=women-fashion [36m304 [0m164.676 ms - -[0m
[0mGET /api/website/product/detail?slug=sarsawati-bangles-firozi-metal-chura-24-pieces [32m200 [0m110.104 ms - 2594[0m
[0mGET /api/website/catalog/product/search?filter_category=women-fashion [36m304 [0m138.855 ms - -[0m
[0mGET /api/website/catalog/category/search?queryString=women-fashion [36m304 [0m144.088 ms - -[0m
[0mGET /api/website/catalog/product/search?filter_category=women-fashion&page=5 [32m200 [0m77.122 ms - 9144[0m
[0mGET /api/website/product/detail?slug=laah-mehrum-3-pieces-bangles [32m200 [0m92.202 ms - 1472[0m
[0mOPTIONS /api/seller/all-product-list?limit=20&page=1&searchString=Laah+Mehrum+-+3+pieces+Bangles [32m204 [0m1.330 ms - 0[0m
[0mGET /api/seller/all-product-list?limit=20&page=1&searchString=Laah+Mehrum+-+3+pieces+Bangles [32m200 [0m101.020 ms - 1704[0m
[0mOPTIONS /api/seller/admin/product/update [32m204 [0m1.233 ms - 0[0m
[0mPUT /api/seller/admin/product/update [32m200 [0m60.050 ms - 69[0m
[0mOPTIONS /api/seller/all-product-list?limit=20&page=1 [32m204 [0m0.703 ms - 0[0m
[0mGET /api/seller/all-product-list?limit=20&page=1 [36m304 [0m80.321 ms - -[0m
[0mGET /api/website/category/list [36m304 [0m53.139 ms - -[0m
[0mGET /api/website/category/list [36m304 [0m28.331 ms - -[0m
[0mGET /api/website/product/detail?slug=laah-mehrum-3-pieces-bangles [32m200 [0m97.837 ms - 1467[0m
[0mGET /api/website/category/list [32m200 [0m81.767 ms - 28673[0m
[0mGET /api/website/category/list [32m200 [0m103.972 ms - 28673[0m
[0mGET /api/website/product/detail?slug=laah-mehrum-3-pieces-bangles [32m200 [0m152.113 ms - 1467[0m
[0mGET /api/website/category/list [32m200 [0m73.754 ms - 28673[0m
[0mGET /api/website/category/list [32m200 [0m74.698 ms - 28673[0m
[0mGET /api/website/product/detail?slug=laah-mehrum-3-pieces-bangles [32m200 [0m155.047 ms - 1467[0m
[0mGET /api/website/category/list [32m200 [0m85.264 ms - 28673[0m
[0mGET /api/website/category/list [32m200 [0m94.770 ms - 28673[0m
[0mGET /api/website/product/detail?slug=laah-mehrum-3-pieces-bangles [32m200 [0m135.588 ms - 1467[0m
[0mGET /api/website/category/list [32m200 [0m104.973 ms - 28673[0m
[0mGET /api/website/category/list [32m200 [0m113.951 ms - 28673[0m
[0mGET /api/website/product/detail?slug=laah-mehrum-3-pieces-bangles [32m200 [0m193.045 ms - 1467[0m
[0mGET /api/website/catalog/product/search?filter_category=women-fashion&page=5 [32m200 [0m180.200 ms - 9139[0m
[0mGET /api/website/catalog/category/search?queryString=women-fashion [36m304 [0m165.688 ms - -[0m
[0mGET /api/website/product/detail?slug=jaypuri-24-pieces-yellow-pink-chura-24-inch [32m200 [0m100.233 ms - 1658[0m
[0mGET /api/website/catalog/product/search?filter_category=women-fashion&page=5 [36m304 [0m139.283 ms - -[0m
[0mGET /api/website/catalog/category/search?queryString=women-fashion [36m304 [0m144.543 ms - -[0m
[0mGET /api/website/category/list [32m200 [0m62.286 ms - 28673[0m
[0mGET /api/website/category/list [32m200 [0m68.547 ms - 28673[0m
[0mGET /api/website/catalog/product/search?filter_category=women-fashion&page=5 [32m200 [0m177.973 ms - 9139[0m
[0mGET /api/website/catalog/category/search?queryString=women-fashion [32m200 [0m180.251 ms - 2537[0m
[0mGET /api/website/product/detail?slug=jaypuri-24-pieces-yellow-blue-chura-24-inch [32m200 [0m75.765 ms - 1533[0m
[0mGET /api/website/catalog/product/search?filter_category=women-fashion&page=5 [36m304 [0m127.194 ms - -[0m
[0mGET /api/website/catalog/category/search?queryString=women-fashion [36m304 [0m130.102 ms - -[0m
[0mGET /api/website/product/detail?slug=jaypuri-24-pieces-yellow-blue-chura-26-inch [32m200 [0m114.798 ms - 1533[0m
[0mGET /api/website/catalog/product/search?filter_category=women-fashion&page=5 [36m304 [0m143.874 ms - -[0m
[0mGET /api/website/catalog/category/search?queryString=women-fashion [36m304 [0m164.083 ms - -[0m
[0mGET /api/website/product/detail?slug=laah-red-3-pieces-chura-26-inch [32m200 [0m92.715 ms - 1496[0m
[0mGET /api/website/catalog/product/search?filter_category=women-fashion&page=5 [36m304 [0m174.392 ms - -[0m
[0mGET /api/website/catalog/category/search?queryString=women-fashion [36m304 [0m180.034 ms - -[0m
[0mGET /api/website/catalog/product/search?filter_category=united&page=5 [32m200 [0m52.901 ms - 79[0m
[0mGET /api/website/catalog/product/search?filter_category=united [32m200 [0m23.465 ms - 79[0m
[0mGET /api/website/catalog/category/search?queryString=united [36m304 [0m34.233 ms - -[0m
[0mGET /api/website/category/list [36m304 [0m45.110 ms - -[0m
[0mGET /api/website/autosuggest/search?limit=5&query=ba [36m304 [0m126.461 ms - -[0m
[0mGET /api/website/autosuggest/search?limit=5&query=bal [36m304 [0m35.292 ms - -[0m
[0mGET /api/website/autosuggest/search?limit=5&query=balt [36m304 [0m79.803 ms - -[0m
[0mGET /api/website/autosuggest/search?limit=5&query=baltr [36m304 [0m80.407 ms - -[0m
[0mGET /api/website/autosuggest/search?limit=5&query=baltra [36m304 [0m40.386 ms - -[0m
[0mGET /api/website/catalog/category/search?queryString=baltra [36m304 [0m41.164 ms - -[0m
[0mGET /api/website/catalog/product/search?filter_category=baltra%20 [36m304 [0m35.408 ms - -[0m
[0mGET /api/website/product/detail?slug=baltra-fry-pan-hard-anodized-bha-f212m-ha-24cm-ha [32m200 [0m110.400 ms - 1691[0m
[0mGET /api/website/category/list [32m200 [0m101.600 ms - 28673[0m
[0mGET /api/website/category/list [32m200 [0m118.559 ms - 28673[0m
[0mGET /api/website/product/detail?slug=baltra-fry-pan-hard-anodized-bha-f212m-ha-24cm-ha [32m200 [0m169.669 ms - 1691[0m
[0mGET /api/website/autosuggest/search?limit=5&query=w [36m304 [0m152.993 ms - -[0m
[0mGET /api/website/autosuggest/search?limit=5&query=wo [36m304 [0m69.130 ms - -[0m
[0mGET /api/website/catalog/product/search?filter_category=women-fashion%20 [32m200 [0m139.694 ms - 8336[0m
[0mGET /api/website/catalog/category/search?queryString=women-fashion [36m304 [0m149.244 ms - -[0m
[0mGET /api/website/product/detail?slug=sarsawati-bangles-purpal-metal-chura-24-pieces [36m304 [0m75.711 ms - -[0m
[0mGET /api/website/catalog/product/search?filter_category=women-fashion [36m304 [0m162.852 ms - -[0m
[0mGET /api/website/catalog/category/search?queryString=women-fashion [36m304 [0m174.071 ms - -[0m
[0mGET /api/website/product/detail?slug=sarsawati-bangles-purpal-metal-chura-24-pieces [36m304 [0m104.055 ms - -[0m
[0mGET /api/website/catalog/product/search?filter_category=women-fashion [36m304 [0m179.724 ms - -[0m
[0mGET /api/website/catalog/category/search?queryString=women-fashion [36m304 [0m181.993 ms - -[0m
[0mGET /api/website/category/list [36m304 [0m121.960 ms - -[0m
[0mGET /api/website/category/list [36m304 [0m56.230 ms - -[0m
[0mGET /api/website/category/list [36m304 [0m47.593 ms - -[0m
[0mGET /api/website/autosuggest/search?limit=5&query=b [36m304 [0m185.730 ms - -[0m
[0mGET /api/website/autosuggest/search?limit=5&query=br [32m200 [0m50.812 ms - 199[0m
[0mGET /api/website/autosuggest/search?limit=5&query=bra [32m200 [0m36.561 ms - 137[0m
[0mGET /api/website/category/list [32m200 [0m124.593 ms - 28673[0m
[0mGET /api/website/category/list [32m200 [0m140.003 ms - 28673[0m
[0mGET /api/website/category/list [32m200 [0m132.129 ms - 28673[0m
[0mGET /api/website/autosuggest/search?limit=5&query=b [36m304 [0m187.357 ms - -[0m
[0mGET /api/website/autosuggest/search?limit=5&query=br [36m304 [0m36.182 ms - -[0m
[0mGET /api/website/autosuggest/search?limit=5&query=bra [36m304 [0m38.458 ms - -[0m
[0mGET /api/website/category/list [32m200 [0m151.048 ms - 28673[0m
[0mGET /api/website/category/list [32m200 [0m147.177 ms - 28673[0m
[0mGET /api/website/category/list [32m200 [0m154.231 ms - 28673[0m
[0mGET /api/website/autosuggest/search?limit=5&query=b [36m304 [0m2209.977 ms - -[0m
[0mGET /api/website/autosuggest/search?limit=5&query=br [36m304 [0m117.096 ms - -[0m
[0mGET /api/website/autosuggest/search?limit=5&query=bra [36m304 [0m107.871 ms - -[0m
[0mGET /api/website/category/list [32m200 [0m141.694 ms - 28673[0m
[0mGET /api/website/category/list [32m200 [0m140.596 ms - 28673[0m
[0mGET /api/website/category/list [32m200 [0m137.203 ms - 28673[0m
[0mGET /api/website/autosuggest/search?limit=5&query=b [36m304 [0m196.696 ms - -[0m
[0mGET /api/website/autosuggest/search?limit=5&query=br [36m304 [0m32.130 ms - -[0m
[0mGET /api/website/autosuggest/search?limit=5&query=bra [36m304 [0m34.868 ms - -[0m
[0mGET /api/website/autosuggest/search?query=bra [32m200 [0m51.581 ms - 137[0m
[0mGET /api/website/autosuggest/search?query=bra [32m200 [0m48.471 ms - 137[0m
[0mGET /api/website/autosuggest/search?query=bra [32m200 [0m73.794 ms - 137[0m
[0mGET /api/website/autosuggest/search?query=bra [32m200 [0m64.982 ms - 140[0m
[0mGET /api/website/autosuggest/search?limit=5&query=br [36m304 [0m102.656 ms - -[0m
[0mGET /api/website/autosuggest/search?limit=5&query=b [36m304 [0m157.725 ms - -[0m
[0mGET /api/website/category/list [32m200 [0m107.095 ms - 28673[0m
[0mGET /api/website/category/list [32m200 [0m105.098 ms - 28673[0m
[0mGET /api/website/category/list [32m200 [0m108.542 ms - 28673[0m
[0mGET /api/website/autosuggest/search?limit=5&query=b [36m304 [0m164.993 ms - -[0m
[0mGET /api/website/autosuggest/search?limit=5&query=br [36m304 [0m77.139 ms - -[0m
[0mGET /api/website/autosuggest/search?limit=5&query=bra [32m200 [0m33.745 ms - 140[0m
[0mGET /api/website/catalog/product/search?filter_category=Bra%20 [32m200 [0m68.606 ms - 79[0m
[0mGET /api/website/catalog/category/search?queryString=Bra [36m304 [0m54.331 ms - -[0m
[0mGET /api/website/category/list [32m200 [0m125.603 ms - 28673[0m
[0mGET /api/website/category/list [32m200 [0m122.978 ms - 28673[0m
[0mGET /api/website/catalog/category/search?queryString=Bra [32m200 [0m146.342 ms - 329[0m
[0mGET /api/website/catalog/product/search?filter_category=Bra [32m200 [0m144.071 ms - 79[0m
[0mGET /api/website/category/list [32m200 [0m116.422 ms - 28673[0m
[0mGET /api/website/category/list [32m200 [0m109.749 ms - 28673[0m
[0mGET /api/website/catalog/category/search?queryString=Bra [32m200 [0m210.681 ms - 329[0m
[0mGET /api/website/category/list [32m200 [0m143.204 ms - 28673[0m
[0mGET /api/website/category/list [32m200 [0m136.622 ms - 28673[0m
[0mGET /api/website/catalog/product/search?filter_category=Bra [32m200 [0m174.210 ms - 79[0m
[0mGET /api/website/catalog/category/search?queryString=Bra [32m200 [0m170.074 ms - 329[0m
[0mGET /api/website/category/list [32m200 [0m131.636 ms - 28673[0m
[0mGET /api/website/category/list [32m200 [0m143.199 ms - 28673[0m
[0mGET /api/website/catalog/product/search?filter_category=Bra [32m200 [0m171.912 ms - 4527[0m
[0mGET /api/website/catalog/category/search?queryString=Bra [32m200 [0m181.232 ms - 329[0m
[0mGET /api/website/catalog/product/search?filter_category=Bra [36m304 [0m41.064 ms - -[0m
[0mGET /api/website/category/list [32m200 [0m139.031 ms - 28673[0m
[0mGET /api/website/category/list [32m200 [0m140.868 ms - 28673[0m
[0mGET /api/website/catalog/category/search?queryString=Bra [32m200 [0m165.208 ms - 329[0m
[0mGET /api/website/catalog/product/search?filter_category=Bra [32m200 [0m166.527 ms - 4527[0m
[0mGET /api/website/catalog/product/search?filter_category=Bra [36m304 [0m41.997 ms - -[0m
[0mGET /api/website/catalog/product/search?filter_category=Bra [36m304 [0m46.294 ms - -[0m
[0mGET /api/website/autosuggest/search?limit=5&query=ch [36m304 [0m139.782 ms - -[0m
[0mGET /api/website/autosuggest/search?limit=5&query=chu [36m304 [0m34.463 ms - -[0m
[0mGET /api/website/autosuggest/search?limit=5&query=chur [32m200 [0m64.452 ms - 349[0m
[0mGET /api/website/autosuggest/search?limit=5&query=churi [36m304 [0m28.534 ms - -[0m
[0mGET /api/website/catalog/category/search?queryString=Leggings%20And%20Churidars [36m304 [0m27.031 ms - -[0m
[0mGET /api/website/catalog/product/search?filter_category=Leggings%20And%20Churidars%20 [36m304 [0m33.650 ms - -[0m
[0mGET /api/website/catalog/product/search?filter_category=Leggings%20And%20Churidars%20 [36m304 [0m16.197 ms - -[0m
[0mGET /api/website/category/list [32m200 [0m121.391 ms - 28673[0m
[0mGET /api/website/category/list [32m200 [0m116.737 ms - 28673[0m
[0mGET /api/website/catalog/category/search?queryString=Leggings%20And%20Churidars [32m200 [0m131.207 ms - 62[0m
[0mGET /api/website/catalog/product/search?filter_category=Leggings%20And%20Churidars [32m200 [0m139.644 ms - 79[0m
[0mGET /api/website/autosuggest/search?limit=5&query=w [36m304 [0m204.301 ms - -[0m
[0mGET /api/website/autosuggest/search?limit=5&query=wo [36m304 [0m34.930 ms - -[0m
[0mGET /api/website/autosuggest/search?limit=5&query=woem [36m304 [0m30.980 ms - -[0m
[0mGET /api/website/autosuggest/search?limit=5&query=woe [36m304 [0m29.733 ms - -[0m
[0mGET /api/website/autosuggest/search?limit=5&query=wo [36m304 [0m57.548 ms - -[0m
[0mGET /api/website/catalog/product/search?filter_category=women-fashion%20 [36m304 [0m157.056 ms - -[0m
[0mGET /api/website/catalog/category/search?queryString=women-fashion [36m304 [0m172.776 ms - -[0m
[0mGET /api/website/catalog/product/search?filter_category=women-fashion%20 [36m304 [0m32.970 ms - -[0m
[0mGET /api/website/category/list [32m200 [0m118.230 ms - 28673[0m
[0mGET /api/website/category/list [32m200 [0m111.673 ms - 28673[0m
[0mGET /api/website/catalog/product/search?filter_category=women-fashion [32m200 [0m248.932 ms - 8336[0m
[0mGET /api/website/catalog/category/search?queryString=women-fashion [32m200 [0m253.711 ms - 2537[0m
[0mGET /api/website/category/list [32m200 [0m108.747 ms - 28673[0m
[0mGET /api/website/category/list [32m200 [0m101.322 ms - 28673[0m
[0mGET /api/website/catalog/product/search?filter_category=women-fashion [32m200 [0m256.602 ms - 8336[0m
[0mGET /api/website/catalog/category/search?queryString=women-fashion [32m200 [0m263.977 ms - 2537[0m
[0mGET /api/website/category/list [32m200 [0m99.708 ms - 28673[0m
[0mGET /api/website/category/list [32m200 [0m115.285 ms - 28673[0m
[0mGET /api/website/catalog/product/search?filter_category=women-fashion [32m200 [0m254.199 ms - 13320[0m
[0mGET /api/website/catalog/category/search?queryString=women-fashion [32m200 [0m251.566 ms - 2537[0m
[0mGET /api/website/category/list [32m200 [0m108.246 ms - 28673[0m
[0mGET /api/website/category/list [32m200 [0m107.366 ms - 28673[0m
[0mGET /api/website/catalog/category/search?queryString=women-fashion [32m200 [0m271.102 ms - 2537[0m
[0mGET /api/website/category/list [32m200 [0m107.590 ms - 28673[0m
[0mGET /api/website/category/list [32m200 [0m101.469 ms - 28673[0m
[0mGET /api/website/catalog/product/search?filter_category=women-fashion [32m200 [0m229.837 ms - 1154[0m
[0mGET /api/website/catalog/category/search?queryString=women-fashion [32m200 [0m234.306 ms - 2537[0m
[0mGET /api/website/product/detail?slug=swarswati-bangles-dark-pink-baby-metal-chura-24-pieces [32m200 [0m112.033 ms - 2594[0m
[0mGET /api/website/catalog/category/search?queryString=women-fashion [36m304 [0m160.588 ms - -[0m
[0mGET /api/website/catalog/product/search?filter_category=women-fashion [36m304 [0m169.702 ms - -[0m
[0mGET /api/website/product/detail?slug=swarswati-bangles-dark-pink-baby-metal-chura-24-pieces [36m304 [0m97.726 ms - -[0m
[0mGET /api/website/catalog/product/search?filter_category=women-fashion [36m304 [0m173.034 ms - -[0m
[0mGET /api/website/catalog/category/search?queryString=women-fashion [36m304 [0m182.129 ms - -[0m
[0mGET /api/website/autosuggest/search?limit=5&query=b [36m304 [0m173.298 ms - -[0m
[0mGET /api/website/autosuggest/search?limit=5&query=br [36m304 [0m33.552 ms - -[0m
[0mGET /api/website/autosuggest/search?limit=5&query=bra [36m304 [0m30.525 ms - -[0m
[0mGET /api/website/catalog/category/search?queryString=Bra [36m304 [0m37.665 ms - -[0m
[0mGET /api/website/catalog/product/search?filter_category=Bra%20 [32m200 [0m34.103 ms - 4527[0m
[0mGET /api/website/catalog/product/search?filter_category=Bra%20 [36m304 [0m20.329 ms - -[0m
[0mGET /api/website/autosuggest/search?limit=5&query=br [36m304 [0m79.428 ms - -[0m
[0mGET /api/website/autosuggest/search?limit=5&query=b [36m304 [0m152.349 ms - -[0m
[0mGET /api/website/autosuggest/search?limit=5&query=wo [36m304 [0m69.783 ms - -[0m
[0mGET /api/website/autosuggest/search?limit=5&query=wom [36m304 [0m80.774 ms - -[0m
[0mGET /api/website/autosuggest/search?limit=5&query=wome [36m304 [0m39.845 ms - -[0m
[0mGET /api/website/autosuggest/search?limit=5&query=women [36m304 [0m56.610 ms - -[0m
[0mGET /api/website/catalog/product/search?filter_category=women-fashion%20 [32m200 [0m172.144 ms - 1154[0m
[0mGET /api/website/catalog/category/search?queryString=women-fashion [36m304 [0m164.628 ms - -[0m
[0mGET /api/website/catalog/product/search?filter_category=women-fashion%20&page=2 [32m200 [0m44.225 ms - 663[0m
[0mGET /api/website/catalog/product/search?filter_category=women-fashion%20&page=3 [32m200 [0m35.969 ms - 661[0m
[0mGET /api/website/catalog/product/search?filter_category=women-fashion%20&page=4 [32m200 [0m58.598 ms - 3806[0m
[0mGET /api/website/catalog/product/search?filter_category=women-fashion%20&page=5 [32m200 [0m59.500 ms - 3443[0m
[0mGET /api/website/catalog/product/search?filter_category=women-fashion%20&page=5 [36m304 [0m45.519 ms - -[0m
[0mGET /api/website/catalog/product/search?filter_category=women-fashion%20&page=6 [32m200 [0m48.828 ms - 1861[0m
[0mGET /api/website/catalog/product/search?filter_category=women-fashion%20&page=6 [36m304 [0m27.753 ms - -[0m
[0mGET /api/website/catalog/product/search?filter_category=women-fashion%20&page=6 [36m304 [0m50.648 ms - -[0m
[0mGET /api/website/catalog/product/search?filter_category=women-fashion%20&page=7 [32m200 [0m53.678 ms - 1686[0m
[0mGET /api/website/catalog/product/search?filter_category=women-fashion%20&page=8 [32m200 [0m39.840 ms - 3344[0m
[0mGET /api/website/catalog/product/search?filter_category=women-fashion%20&page=9 [32m200 [0m30.211 ms - 377[0m
[0mGET /api/website/catalog/product/search?filter_category=women-fashion%20&page=8 [36m304 [0m33.388 ms - -[0m
[0mGET /api/website/catalog/product/search?filter_category=women-fashion%20&page=8 [36m304 [0m57.671 ms - -[0m
[0mGET /api/website/catalog/product/search?filter_category=women-fashion%20&page=7 [36m304 [0m51.028 ms - -[0m
[0mGET /api/website/catalog/product/search?filter_category=women-fashion%20&page=7 [36m304 [0m26.599 ms - -[0m
[0mGET /api/website/catalog/product/search?filter_category=women-fashion%20&page=7 [36m304 [0m37.412 ms - -[0m
[0mGET /api/website/catalog/product/search?filter_category=women-fashion%20&page=6 [36m304 [0m44.476 ms - -[0m
[0mGET /api/website/catalog/product/search?filter_category=women-fashion%20&page=5 [36m304 [0m60.297 ms - -[0m
[0mGET /api/website/category/list [36m304 [0m82.780 ms - -[0m
[0mGET /api/website/category/list [36m304 [0m42.785 ms - -[0m
[0mGET /api/website/catalog/product/search?filter_category=women-fashion [36m304 [0m246.046 ms - -[0m
[0mGET /api/website/catalog/category/search?queryString=women-fashion [36m304 [0m247.102 ms - -[0m
[0mGET /api/website/catalog/product/search?filter_category=women-fashion&limit=18&page=1 [32m200 [0m74.644 ms - 833[0m
[0mGET /api/website/catalog/product/search?filter_category=women-fashion&limit=24&page=1 [32m200 [0m66.564 ms - 871[0m
[0mGET /api/website/catalog/product/search?filter_category=women-fashion&limit=24&page=2 [32m200 [0m72.448 ms - 1044[0m
[0mGET /api/website/catalog/product/search?filter_category=women-fashion&limit=24&page=3 [32m200 [0m57.056 ms - 691[0m
[0mGET /api/website/catalog/product/search?filter_category=women-fashion&limit=24&page=2 [36m304 [0m36.421 ms - -[0m
[0mGET /api/website/category/list [32m200 [0m126.644 ms - 28673[0m
[0mGET /api/website/category/list [32m200 [0m122.779 ms - 28673[0m
[0mGET /api/website/catalog/product/search?filter_category=women-fashion&limit=24&page=2 [32m200 [0m299.153 ms - 1041[0m
[0mGET /api/website/catalog/category/search?queryString=women-fashion [32m200 [0m305.976 ms - 2537[0m
[0mGET /api/website/category/list [36m304 [0m50.462 ms - -[0m
[0mGET /api/website/category/list [36m304 [0m43.493 ms - -[0m
[0mGET /api/website/catalog/category/search?queryString=women-fashion [36m304 [0m223.197 ms - -[0m
[0mGET /api/website/catalog/product/search?filter_category=women-fashion [32m200 [0m198.202 ms - 1152[0m
[0mGET /api/website/catalog/product/search?filter_category=accessories%20 [32m200 [0m67.501 ms - 79[0m
[0mGET /api/website/catalog/category/search?queryString=accessories [32m200 [0m91.268 ms - 3119[0m
[0mGET /api/website/catalog/product/search?filter_category=accessories%20 [36m304 [0m17.833 ms - -[0m
[0mGET /api/website/catalog/product/search?filter_category=baby-accessories-more%20 [32m200 [0m42.566 ms - 1362[0m
[0mGET /api/website/catalog/category/search?queryString=baby-accessories-more [32m200 [0m46.931 ms - 653[0m
[0mGET /api/website/autosuggest/search?limit=5&query=co [36m304 [0m145.428 ms - -[0m
[0mGET /api/website/autosuggest/search?limit=5&query=coo [36m304 [0m45.280 ms - -[0m
[0mGET /api/website/autosuggest/search?limit=5&query=cook [36m304 [0m59.523 ms - -[0m
[0mGET /api/website/autosuggest/search?limit=5&query=cooker [36m304 [0m50.876 ms - -[0m
[0mGET /api/website/catalog/product/search?filter_category=cooker%20 [36m304 [0m36.388 ms - -[0m
[0mGET /api/website/catalog/category/search?queryString=cooker [36m304 [0m39.915 ms - -[0m
[0mGET /api/website/category/list [32m200 [0m95.093 ms - 28673[0m
[0mGET /api/website/category/list [32m200 [0m104.266 ms - 28673[0m
[0mGET /api/website/catalog/product/search?filter_category=cooker [32m200 [0m128.726 ms - 2297[0m
[0mGET /api/website/catalog/category/search?queryString=cooker [32m200 [0m134.052 ms - 897[0m
[0mGET /api/website/catalog/product/search?filter_category=cooker [36m304 [0m42.473 ms - -[0m
[0mGET /api/website/autosuggest/search?limit=5&query=wo [36m304 [0m82.601 ms - -[0m
[0mGET /api/website/autosuggest/search?limit=5&query=woem [36m304 [0m27.106 ms - -[0m
[0mGET /api/website/autosuggest/search?limit=5&query=woe [36m304 [0m25.785 ms - -[0m
[0mGET /api/website/autosuggest/search?limit=5&query=wo [36m304 [0m59.843 ms - -[0m
[0mGET /api/website/autosuggest/search?limit=5&query=w [36m304 [0m137.295 ms - -[0m
[0mGET /api/website/autosuggest/search?limit=5&query=wo [36m304 [0m73.249 ms - -[0m
[0mGET /api/website/autosuggest/search?limit=5&query=wom [36m304 [0m40.119 ms - -[0m
[0mGET /api/website/catalog/product/search?filter_category=women-fashion%20 [32m200 [0m152.854 ms - 1157[0m
[0mGET /api/website/catalog/category/search?queryString=women-fashion [36m304 [0m159.531 ms - -[0m
[0mGET /api/website/catalog/product/search?filter_category=women-fashion%20 [36m304 [0m20.825 ms - -[0m
[0mGET /api/website/category/list [32m200 [0m114.750 ms - 28673[0m
[0mGET /api/website/category/list [32m200 [0m114.679 ms - 28673[0m
[0mGET /api/website/catalog/product/search?filter_category=women-fashion [32m200 [0m246.064 ms - 1154[0m
[0mGET /api/website/catalog/category/search?queryString=women-fashion [32m200 [0m244.803 ms - 2537[0m
[0mGET /api/website/catalog/product/search?filter_category=women-fashion&page=2 [32m200 [0m60.186 ms - 663[0m
[0mGET /api/website/catalog/product/search?filter_category=women-fashion&page=3 [32m200 [0m51.746 ms - 661[0m
[0mGET /api/website/catalog/product/search?filter_category=women-fashion&page=4 [32m200 [0m59.194 ms - 3806[0m
[0mGET /api/website/catalog/product/search?filter_category=women-fashion&page=5 [32m200 [0m47.226 ms - 3443[0m
[0mGET /api/website/catalog/product/search?filter_category=women-fashion&page=5 [36m304 [0m43.921 ms - -[0m
[0mGET /api/website/catalog/product/search?filter_category=women-fashion&page=5 [36m304 [0m52.998 ms - -[0m
[0mGET /api/website/catalog/product/search?filter_category=women-fashion&page=5 [36m304 [0m53.467 ms - -[0m
[0mGET /api/website/catalog/product/search?filter_category=women-fashion&page=6 [32m200 [0m49.477 ms - 1861[0m
[0mGET /api/website/catalog/product/search?filter_category=women-fashion&page=6 [36m304 [0m25.399 ms - -[0m
[0mGET /api/website/catalog/product/search?filter_category=women-fashion&page=7 [32m200 [0m39.800 ms - 1686[0m
[0mGET /api/website/catalog/product/search?filter_category=women-fashion&page=8 [32m200 [0m37.199 ms - 3344[0m
[0mGET /api/website/catalog/product/search?filter_category=women-fashion&page=9 [32m200 [0m37.306 ms - 377[0m
[0mGET /api/website/catalog/product/search?filter_category=women-fashion&page=8 [36m304 [0m49.114 ms - -[0m
[0mGET /api/website/catalog/product/search?filter_category=women-fashion&page=8 [36m304 [0m57.997 ms - -[0m
[0mGET /api/website/catalog/product/search?filter_category=women-fashion&page=9 [36m304 [0m45.220 ms - -[0m
[0mGET /api/website/catalog/product/search?filter_category=women-fashion&page=9 [36m304 [0m33.739 ms - -[0m
[0mGET /api/website/catalog/product/search?filter_category=women-fashion&page=9 [36m304 [0m47.456 ms - -[0m
[0mGET /api/website/product/detail?slug=baltra-venus-series-hair-styling-set [32m200 [0m109.820 ms - 2690[0m
[0mGET /api/website/catalog/product/search?filter_category=women-fashion&page=9 [36m304 [0m190.238 ms - -[0m
[0mGET /api/website/catalog/category/search?queryString=women-fashion [36m304 [0m212.566 ms - -[0m
[0mGET /api/website/catalog/product/search?filter_category=women-fashion&page=8 [36m304 [0m54.512 ms - -[0m
[0mGET /api/website/category/list [32m200 [0m99.367 ms - 28673[0m
[0mGET /api/website/category/list [32m200 [0m104.308 ms - 28673[0m
[0mGET /api/website/catalog/category/search?queryString=women-fashion [32m200 [0m275.201 ms - 2537[0m
[0mGET /api/website/catalog/product/search?filter_category=women-fashion&page=8 [0m- [0m- ms - -[0m
[0mGET /api/website/category/list [36m304 [0m68.427 ms - -[0m
[0mGET /api/website/category/list [36m304 [0m35.630 ms - -[0m
[0mGET /api/website/catalog/category/search?queryString=women-fashion [36m304 [0m192.726 ms - -[0m
[0mGET /api/website/category/list [32m200 [0m99.483 ms - 28673[0m
[0mGET /api/website/category/list [32m200 [0m99.423 ms - 28673[0m
[0mGET /api/website/catalog/product/search?filter_category=women-fashion [32m200 [0m231.929 ms - 1145[0m
[0mGET /api/website/catalog/category/search?queryString=women-fashion [32m200 [0m237.106 ms - 2537[0m
[0mGET /api/website/category/list [32m200 [0m102.659 ms - 28673[0m
[0mGET /api/website/category/list [32m200 [0m129.702 ms - 28673[0m
[0mGET /api/website/catalog/product/search?filter_category=women-fashion [32m200 [0m245.108 ms - 1154[0m
[0mGET /api/website/catalog/category/search?queryString=women-fashion [32m200 [0m250.240 ms - 2537[0m
[0mGET /api/website/catalog/product/search?filter_category=women-fashion&page=2 [36m304 [0m56.003 ms - -[0m
[0mGET /api/website/catalog/product/search?filter_category=women-fashion&page=3 [36m304 [0m40.405 ms - -[0m
[0mGET /api/website/catalog/product/search?filter_category=women-fashion&page=4 [36m304 [0m30.810 ms - -[0m
[0mGET /api/website/product/detail?slug=kating-churi-1-dozen [32m200 [0m92.489 ms - 1633[0m
