[0mOPTIONS /api/auth/seller/profile-details [32m204 [0m4.988 ms - 0[0m
[0mOPTIONS /api/seller/dasbhoard/list [32m204 [0m6.260 ms - 0[0m
[0mGET /api/auth/seller/profile-details [36m304 [0m98.831 ms - -[0m
[0mGET /api/seller/dasbhoard/list [36m304 [0m137.802 ms - -[0m
[0mOPTIONS /api/auth/seller/profile-details [32m204 [0m2.684 ms - 0[0m
[0mOPTIONS /api/seller/product/list [32m204 [0m2.643 ms - 0[0m
[0mGET /api/auth/seller/profile-details [36m304 [0m28.895 ms - -[0m
[0mPOST /api/seller/product/list [32m200 [0m111.528 ms - 57288[0m
[0mOPTIONS /api/auth/seller/profile-details [32m204 [0m1.447 ms - 0[0m
[0mOPTIONS /api/seller/brand/list [32m204 [0m0.908 ms - 0[0m
[0mOPTIONS /api/product/color/list [32m204 [0m0.375 ms - 0[0m
[0mGET /api/auth/seller/profile-details [36m304 [0m22.400 ms - -[0m
[0mGET /api/seller/brand/list [36m304 [0m57.945 ms - -[0m
[0mGET /api/product/color/list [36m304 [0m86.772 ms - -[0m
[0mOPTIONS /api/auth/seller/profile-details [32m204 [0m3.159 ms - 0[0m
[0mOPTIONS /api/category/admin/main-list [32m204 [0m4.171 ms - 0[0m
[0mOPTIONS /api/seller/brand/list [32m204 [0m1.722 ms - 0[0m
[0mOPTIONS /api/product/color/list [32m204 [0m1.334 ms - 0[0m
[0mGET /api/category/admin/main-list [36m304 [0m61.531 ms - -[0m
[0mGET /api/auth/seller/profile-details [36m304 [0m77.692 ms - -[0m
[0mGET /api/seller/brand/list [36m304 [0m75.038 ms - -[0m
[0mGET /api/product/color/list [36m304 [0m91.478 ms - -[0m
[0mOPTIONS /api/auth/seller/profile-details [32m204 [0m3.940 ms - 0[0m
[0mOPTIONS /api/seller/dasbhoard/list [32m204 [0m3.540 ms - 0[0m
[0mGET /api/auth/seller/profile-details [36m304 [0m153.625 ms - -[0m
[0mGET /api/seller/dasbhoard/list [36m304 [0m206.236 ms - -[0m
[0mOPTIONS /api/seller/product/list [32m204 [0m2.793 ms - 0[0m
[0mGET /api/auth/seller/profile-details [36m304 [0m16.818 ms - -[0m
[0mPOST /api/seller/product/list [32m200 [0m60.717 ms - 57288[0m
[0mOPTIONS /api/seller/brand/list [32m204 [0m1.502 ms - 0[0m
[0mOPTIONS /api/product/color/list [32m204 [0m0.809 ms - 0[0m
[0mGET /api/auth/seller/profile-details [36m304 [0m21.306 ms - -[0m
[0mGET /api/seller/brand/list [36m304 [0m54.827 ms - -[0m
[0mGET /api/product/color/list [36m304 [0m58.308 ms - -[0m
[0mOPTIONS /api/auth/seller/profile-details [32m204 [0m12.765 ms - 0[0m
[0mOPTIONS /api/seller/brand/list [32m204 [0m3.389 ms - 0[0m
[0mOPTIONS /api/product/color/list [32m204 [0m0.361 ms - 0[0m
[0mGET /api/seller/brand/list [36m304 [0m106.502 ms - -[0m
[0mGET /api/product/color/list [36m304 [0m134.756 ms - -[0m
[0mGET /api/auth/seller/profile-details [36m304 [0m137.165 ms - -[0m
[0mOPTIONS /api/auth/seller/profile-details [32m204 [0m3.525 ms - 0[0m
[0mOPTIONS /api/seller/brand/list [32m204 [0m1.626 ms - 0[0m
[0mOPTIONS /api/product/color/list [32m204 [0m1.414 ms - 0[0m
[0mGET /api/seller/brand/list [36m304 [0m60.793 ms - -[0m
[0mGET /api/auth/seller/profile-details [36m304 [0m92.287 ms - -[0m
[0mGET /api/product/color/list [36m304 [0m83.934 ms - -[0m
[0mOPTIONS /api/auth/seller/profile-details [32m204 [0m1.488 ms - 0[0m
[0mOPTIONS /api/seller/brand/list [32m204 [0m1.181 ms - 0[0m
[0mOPTIONS /api/product/color/list [32m204 [0m0.579 ms - 0[0m
[0mGET /api/auth/seller/profile-details [36m304 [0m33.355 ms - -[0m
[0mGET /api/product/color/list [36m304 [0m83.054 ms - -[0m
[0mGET /api/seller/brand/list [36m304 [0m85.028 ms - -[0m
[0mOPTIONS /api/auth/seller/profile-details [32m204 [0m3.693 ms - 0[0m
[0mOPTIONS /api/seller/brand/list [32m204 [0m2.055 ms - 0[0m
[0mOPTIONS /api/product/color/list [32m204 [0m1.719 ms - 0[0m
[0mGET /api/auth/seller/profile-details [36m304 [0m95.359 ms - -[0m
[0mGET /api/seller/brand/list [36m304 [0m96.674 ms - -[0m
[0mGET /api/product/color/list [36m304 [0m97.435 ms - -[0m
[0mOPTIONS /api/auth/seller/profile-details [32m204 [0m2.290 ms - 0[0m
[0mOPTIONS /api/seller/brand/list [32m204 [0m1.328 ms - 0[0m
[0mOPTIONS /api/product/color/list [32m204 [0m1.118 ms - 0[0m
[0mGET /api/auth/seller/profile-details [36m304 [0m21.250 ms - -[0m
[0mGET /api/product/color/list [36m304 [0m70.899 ms - -[0m
[0mGET /api/seller/brand/list [36m304 [0m81.690 ms - -[0m
[0mOPTIONS /api/auth/seller/profile-details [32m204 [0m2.175 ms - 0[0m
[0mOPTIONS /api/seller/brand/list [32m204 [0m0.630 ms - 0[0m
[0mOPTIONS /api/product/color/list [32m204 [0m0.377 ms - 0[0m
[0mGET /api/auth/seller/profile-details [36m304 [0m43.423 ms - -[0m
[0mGET /api/product/color/list [36m304 [0m89.047 ms - -[0m
[0mGET /api/seller/brand/list [36m304 [0m95.357 ms - -[0m
[0mOPTIONS / [32m204 [0m0.453 ms - 0[0m
[0mPOST / [33m404 [0m14.394 ms - 28[0m
[0mPOST / [33m404 [0m2.198 ms - 28[0m
[0mPOST / [33m404 [0m1.166 ms - 28[0m
[0mOPTIONS /api/auth/seller/profile-details [32m204 [0m2.374 ms - 0[0m
[0mOPTIONS /api/seller/brand/list [32m204 [0m3.564 ms - 0[0m
[0mOPTIONS /api/product/color/list [32m204 [0m4.561 ms - 0[0m
[0mGET /api/auth/seller/profile-details [36m304 [0m47.112 ms - -[0m
[0mGET /api/product/color/list [36m304 [0m124.007 ms - -[0m
[0mGET /api/seller/brand/list [36m304 [0m132.155 ms - -[0m
[0mOPTIONS /api/category/search/allcombine [32m204 [0m0.424 ms - 0[0m
[0mPOST /api/category/search/allcombine [32m200 [0m33.271 ms - 8919[0m
[0mPOST /api/category/search/allcombine [32m200 [0m7.320 ms - 1209[0m
[0mPOST /api/category/search/allcombine [32m200 [0m7.900 ms - 254[0m
[0mOPTIONS /api/auth/seller/profile-details [32m204 [0m1.614 ms - 0[0m
[0mOPTIONS /api/seller/brand/list [32m204 [0m0.994 ms - 0[0m
[0mOPTIONS /api/product/color/list [32m204 [0m0.304 ms - 0[0m
[0mGET /api/auth/seller/profile-details [36m304 [0m70.392 ms - -[0m
[0mGET /api/product/color/list [36m304 [0m67.332 ms - -[0m
[0mGET /api/seller/brand/list [36m304 [0m90.036 ms - -[0m
[0mOPTIONS /api/category/search/allcombine [32m204 [0m0.877 ms - 0[0m
[0mPOST /api/category/search/allcombine [32m200 [0m20.155 ms - 8919[0m
[0mPOST /api/category/search/allcombine [32m200 [0m3.119 ms - 1209[0m
[0mPOST /api/category/search/allcombine [32m200 [0m3.273 ms - 254[0m
[0mOPTIONS /api/category/search/allcombine [32m204 [0m0.436 ms - 0[0m
[0mPOST /api/category/search/allcombine [32m200 [0m4.298 ms - 1209[0m
[0mPOST /api/category/search/allcombine [32m200 [0m7.993 ms - 8919[0m
[0mOPTIONS /api/category/search/allcombine [32m204 [0m0.812 ms - 0[0m
[0mPOST /api/category/search/allcombine [32m200 [0m15.809 ms - 8919[0m
[0mPOST /api/category/search/allcombine [32m200 [0m2.518 ms - 132[0m
[0mPOST /api/category/search/allcombine [32m200 [0m11.071 ms - 8919[0m
[0mOPTIONS /api/category/search/allcombine [32m204 [0m0.480 ms - 0[0m
[0mPOST /api/category/search/allcombine [32m200 [0m22.442 ms - 24406[0m
[0mPOST /api/category/search/allcombine [32m200 [0m10.829 ms - 4556[0m
[0mPOST /api/category/search/allcombine [32m200 [0m4.094 ms - 132[0m
[0mOPTIONS /api/auth/seller/profile-details [32m204 [0m6.432 ms - 0[0m
[0mOPTIONS /api/category/admin/main-list [32m204 [0m4.563 ms - 0[0m
[0mOPTIONS /api/seller/brand/list [32m204 [0m2.907 ms - 0[0m
[0mOPTIONS /api/product/color/list [32m204 [0m1.196 ms - 0[0m
[0mGET /api/auth/seller/profile-details [32m200 [0m115.671 ms - 179[0m
[0mGET /api/product/color/list [32m200 [0m102.739 ms - 73507[0m
[0mGET /api/category/admin/main-list [32m200 [0m94.622 ms - 10793[0m
[0mGET /api/seller/brand/list [32m200 [0m125.992 ms - 75208[0m
[0mOPTIONS /api/auth/seller/profile-details [32m204 [0m7.372 ms - 0[0m
[0mOPTIONS /api/seller/dasbhoard/list [32m204 [0m1.319 ms - 0[0m
[0mGET /api/auth/seller/profile-details [36m304 [0m64.274 ms - -[0m
[0mGET /api/seller/dasbhoard/list [36m304 [0m69.475 ms - -[0m
[0mOPTIONS /api/auth/seller/profile-details [32m204 [0m13.817 ms - 0[0m
[0mOPTIONS /api/seller/dasbhoard/list [32m204 [0m1.165 ms - 0[0m
[0mGET /api/auth/seller/profile-details [36m304 [0m25.442 ms - -[0m
[0mGET /api/seller/dasbhoard/list [36m304 [0m73.267 ms - -[0m
[0mOPTIONS /api/auth/seller/profile-details [32m204 [0m6.470 ms - 0[0m
[0mOPTIONS /api/vendor/shop-detail [32m204 [0m12.443 ms - 0[0m
[0mGET /api/auth/seller/profile-details [36m304 [0m77.626 ms - -[0m
[0mGET /api/vendor/shop-detail [36m304 [0m57.881 ms - -[0m
[0mOPTIONS /api/auth/seller/profile-details [32m204 [0m4.356 ms - 0[0m
[0mOPTIONS /api/seller/dasbhoard/list [32m204 [0m0.594 ms - 0[0m
[0mGET /api/auth/seller/profile-details [36m304 [0m25.071 ms - -[0m
[0mGET /api/seller/dasbhoard/list [36m304 [0m81.651 ms - -[0m
[0mGET /api/auth/seller/profile-details [36m304 [0m10.504 ms - -[0m
[0mGET /api/auth/seller/profile-details [36m304 [0m7.884 ms - -[0m
[0mOPTIONS /api/auth/seller/profile-details [32m204 [0m0.512 ms - 0[0m
[0mOPTIONS /api/seller/product/list [32m204 [0m0.399 ms - 0[0m
[0mGET /api/auth/seller/profile-details [36m304 [0m12.504 ms - -[0m
[0mPOST /api/seller/product/list [32m200 [0m72.867 ms - 57288[0m
[0mOPTIONS /api/auth/seller/profile-details [32m204 [0m9.424 ms - 0[0m
[0mOPTIONS /api/vendor/shop-detail [32m204 [0m0.661 ms - 0[0m
[0mGET /api/auth/seller/profile-details [36m304 [0m50.710 ms - -[0m
[0mGET /api/vendor/shop-detail [36m304 [0m49.058 ms - -[0m
[0mOPTIONS /api/auth/seller/profile-details [32m204 [0m1.287 ms - 0[0m
[0mOPTIONS /api/seller/product/list [32m204 [0m7.370 ms - 0[0m
[0mPOST /api/seller/product/list [32m200 [0m78.601 ms - 57288[0m
[0mOPTIONS /api/auth/seller/profile-details [32m204 [0m1.525 ms - 0[0m
[0mOPTIONS /api/seller/product/list [32m204 [0m0.688 ms - 0[0m
[0mPOST /api/seller/product/list [32m200 [0m69.953 ms - 57288[0m
[0mOPTIONS /api/category/admin/main-list [32m204 [0m0.760 ms - 0[0m
[0mOPTIONS /api/seller/brand/list [32m204 [0m0.419 ms - 0[0m
[0mOPTIONS /api/product/color/list [32m204 [0m0.403 ms - 0[0m
[0mGET /api/category/admin/main-list [36m304 [0m24.690 ms - -[0m
[0mGET /api/product/color/list [32m200 [0m73.088 ms - 73507[0m
[0mGET /api/seller/brand/list [32m200 [0m106.608 ms - 75208[0m
[0mGET /api/product/color/list [36m304 [0m43.297 ms - -[0m
[0mOPTIONS /api/seller/product/list-by-id [32m204 [0m11.221 ms - 0[0m
[0mGET /api/seller/brand/list [36m304 [0m66.551 ms - -[0m
[0mGET /api/product/color/list [36m304 [0m83.318 ms - -[0m
[0mGET /api/seller/brand/list [36m304 [0m75.213 ms - -[0m
[0mGET /api/product/color/list [36m304 [0m60.300 ms - -[0m
[0mPOST /api/seller/product/list-by-id [32m200 [0m139.377 ms - 1738[0m
[0mGET /api/seller/brand/list [36m304 [0m49.228 ms - -[0m
[0mGET /api/product/color/list [36m304 [0m56.674 ms - -[0m
[0mGET /api/seller/brand/list [36m304 [0m41.948 ms - -[0m
[0mOPTIONS /api/seller/product/list [32m204 [0m1.245 ms - 0[0m
[0mPOST /api/seller/product/list [32m200 [0m39.735 ms - 57288[0m
[0mOPTIONS /api/auth/seller/profile-details [32m204 [0m1.337 ms - 0[0m
[0mOPTIONS /api/vendor/shop-detail [32m204 [0m0.448 ms - 0[0m
[0mGET /api/auth/seller/profile-details [36m304 [0m29.352 ms - -[0m
[0mGET /api/vendor/shop-detail [36m304 [0m24.997 ms - -[0m
[0mGET /api/auth/seller/profile-details [36m304 [0m7.902 ms - -[0m
[0mOPTIONS /api/category/admin/main-list [32m204 [0m0.531 ms - 0[0m
[0mOPTIONS /api/seller/brand/list [32m204 [0m0.263 ms - 0[0m
[0mOPTIONS /api/product/color/list [32m204 [0m0.454 ms - 0[0m
[0mGET /api/category/admin/main-list [36m304 [0m71.752 ms - -[0m
[0mGET /api/seller/brand/list [36m304 [0m116.114 ms - -[0m
[0mGET /api/product/color/list [36m304 [0m155.044 ms - -[0m
[0mOPTIONS /api/auth/seller/profile-details [32m204 [0m4.149 ms - 0[0m
[0mOPTIONS /api/vendor/shop-detail [32m204 [0m1.337 ms - 0[0m
[0mGET /api/auth/seller/profile-details [36m304 [0m27.883 ms - -[0m
[0mGET /api/vendor/shop-detail [36m304 [0m27.002 ms - -[0m
[0mGET /api/auth/seller/profile-details [36m304 [0m9.425 ms - -[0m
[0mOPTIONS /api/category/admin/main-list [32m204 [0m1.070 ms - 0[0m
[0mOPTIONS /api/seller/brand/list [32m204 [0m4.573 ms - 0[0m
[0mOPTIONS /api/product/color/list [32m204 [0m1.371 ms - 0[0m
[0mGET /api/category/admin/main-list [36m304 [0m54.184 ms - -[0m
[0mGET /api/product/color/list [36m304 [0m84.258 ms - -[0m
[0mGET /api/seller/brand/list [36m304 [0m93.150 ms - -[0m
