[0mGET /api/website/category/list [32m200 [0m123.053 ms - 30306[0m
[0mGET /api/website/category/list [32m200 [0m116.784 ms - 30306[0m
[0mGET /api/website/product/detail?slug=forbes-classic-uv-purifier [31m500 [0m156.172 ms - 3181[0m
[0mGET /api/website/category/list [32m200 [0m147.636 ms - 30306[0m
[0mGET /api/website/category/list [32m200 [0m150.839 ms - 30306[0m
[0mGET /api/website/product/detail?slug=forbes-classic-uv-purifier [31m500 [0m217.032 ms - 3181[0m
[0mGET /api/website/product/detail?slug=forbes-classic-uv-purifier [31m500 [0m144.947 ms - 3181[0m
[0mGET /api/website/category/list [32m200 [0m175.139 ms - 30306[0m
[0mGET /api/website/category/list [32m200 [0m174.348 ms - 30306[0m
[0mGET /api/website/category/list [32m200 [0m139.553 ms - 30306[0m
[0mGET /api/website/product/detail?slug=forbes-classic-uv-purifier [31m500 [0m206.683 ms - 3181[0m
[0mGET /api/website/category/list [32m200 [0m238.111 ms - 30306[0m
[0mGET /api/website/category/list [32m200 [0m148.776 ms - 30306[0m
[0mGET /api/website/category/list [32m200 [0m149.152 ms - 30306[0m
[0mGET /api/website/product/detail?slug=forbes-classic-uv-purifier [31m500 [0m182.094 ms - 3181[0m
[0mGET /api/website/catalog/category/search?queryString=tv-appliances [36m304 [0m186.233 ms - -[0m
[0mGET /api/website/catalog/product/search?filter_brand=midea&filter_category=tv-appliances [32m200 [0m228.383 ms - 7831[0m
[0mGET /api/website/category/list [32m200 [0m90.548 ms - 30306[0m
[0mGET /api/website/category/list [32m200 [0m87.199 ms - 30306[0m
[0mGET /api/website/catalog/category/search?queryString=tv-appliances [32m200 [0m212.735 ms - 2196[0m
[0mGET /api/website/catalog/product/search?filter_brand=midea&filter_category=tv-appliances [32m200 [0m212.928 ms - 7831[0m
[0mGET /api/website/product/detail?slug=forbes-enhance-ro-purifier [31m500 [0m51.052 ms - 3181[0m
[0mGET /api/website/catalog/category/search?queryString=tv-appliances [36m304 [0m157.567 ms - -[0m
[0mGET /api/website/catalog/product/search?filter_brand=midea&filter_category=tv-appliances [36m304 [0m167.687 ms - -[0m
[0mGET /api/website/autosuggest/search?limit=5&query=wo [36m304 [0m74.829 ms - -[0m
[0mGET /api/website/autosuggest/search?limit=5&query=wome [36m304 [0m46.474 ms - -[0m
[0mGET /api/website/autosuggest/search?limit=5&query=women [36m304 [0m60.011 ms - -[0m
[0mGET /api/website/catalog/category/search?queryString=women-fashion [36m304 [0m137.772 ms - -[0m
[0mGET /api/website/catalog/product/search?filter_brand=midea&filter_category=women-fashion%20 [32m200 [0m144.911 ms - 7614[0m
[0mGET /api/website/catalog/product/search?filter_category=women-fashion%20 [32m200 [0m197.205 ms - 7614[0m
[0mGET /api/website/product/detail?slug=dulhan-jhumka-lahthi [31m500 [0m36.534 ms - 3181[0m
[0mGET /api/website/category/list [32m200 [0m113.647 ms - 30306[0m
[0mGET /api/website/category/list [32m200 [0m142.562 ms - 30306[0m
[0mGET /api/website/product/detail?slug=dulhan-jhumka-lahthi [31m500 [0m209.816 ms - 3181[0m
[0mGET /api/website/category/list [32m200 [0m113.205 ms - 30306[0m
[0mGET /api/website/category/list [32m200 [0m112.849 ms - 30306[0m
[0mGET /api/website/product/detail?slug=dulhan-jhumka-lahthi [31m500 [0m149.721 ms - 3181[0m
[0mGET /api/website/category/list [32m200 [0m118.208 ms - 30306[0m
[0mGET /api/website/category/list [32m200 [0m124.972 ms - 30306[0m
[0mGET /api/website/product/detail?slug=dulhan-jhumka-lahthi [31m500 [0m152.252 ms - 3181[0m
[0mGET /api/website/category/list [32m200 [0m143.225 ms - 30306[0m
[0mGET /api/website/category/list [32m200 [0m141.007 ms - 30306[0m
[0mGET /api/website/product/detail?slug=dulhan-jhumka-lahthi [31m500 [0m212.497 ms - 3181[0m
[0mGET /api/website/category/list [32m200 [0m119.062 ms - 30306[0m
[0mGET /api/website/category/list [32m200 [0m121.644 ms - 30306[0m
[0mGET /api/website/product/detail?slug=dulhan-jhumka-lahthi [31m500 [0m214.524 ms - 3181[0m
[0mGET /api/website/category/list [32m200 [0m115.116 ms - 30306[0m
[0mGET /api/website/category/list [32m200 [0m137.342 ms - 30306[0m
[0mGET /api/website/product/detail?slug=dulhan-jhumka-lahthi [31m500 [0m182.693 ms - 3181[0m
[0mGET /api/website/category/list [32m200 [0m101.522 ms - 30306[0m
[0mGET /api/website/category/list [32m200 [0m119.073 ms - 30306[0m
[0mGET /api/website/product/detail?slug=dulhan-jhumka-lahthi [31m500 [0m169.691 ms - 3181[0m
[0mGET /api/website/category/list [32m200 [0m128.121 ms - 30306[0m
[0mGET /api/website/category/list [32m200 [0m143.817 ms - 30306[0m
[0mGET /api/website/product/detail?slug=dulhan-jhumka-lahthi [32m200 [0m202.911 ms - 56[0m
[0mGET /api/website/category/list [32m200 [0m109.662 ms - 30306[0m
[0mGET /api/website/category/list [32m200 [0m103.472 ms - 30306[0m
[0mGET /api/website/product/detail?slug=dulhan-jhumka-lahthi [31m500 [0m228.439 ms - 3181[0m
[0mGET /api/website/category/list [32m200 [0m122.102 ms - 30306[0m
[0mGET /api/website/category/list [32m200 [0m129.129 ms - 30306[0m
[0mGET /api/website/product/detail?slug=dulhan-jhumka-lahthi [32m200 [0m178.074 ms - 56[0m
[0mGET /api/website/category/list [32m200 [0m116.306 ms - 30306[0m
[0mGET /api/website/category/list [36m304 [0m44.956 ms - -[0m
[0mGET /api/website/category/list [36m304 [0m33.130 ms - -[0m
[0mGET /api/website/autosuggest/search?limit=5&query=wo [36m304 [0m87.723 ms - -[0m
[0mGET /api/website/autosuggest/search?limit=5&query=wom [36m304 [0m63.319 ms - -[0m
[0mGET /api/website/autosuggest/search?limit=5&query=wome [36m304 [0m48.078 ms - -[0m
[0mGET /api/website/catalog/category/search?queryString=women-fashion [36m304 [0m203.354 ms - -[0m
[0mGET /api/website/catalog/product/search?filter_category=women-fashion%20 [36m304 [0m212.422 ms - -[0m
