[0mGET /api/website/popular/category-list [32m200 [0m256.487 ms - 8087[0m
[0mGET /api/website/product/new-arrival [32m200 [0m310.969 ms - 16326[0m
[0mGET /api/website/product/women-fashion [32m200 [0m333.044 ms - 16046[0m
[0mGET /api/website/product/home-kitchen [32m200 [0m339.452 ms - 15230[0m
[0mGET /api/website/category/list [32m200 [0m392.081 ms - 25414[0m
[0mGET /api/website/category/list [36m304 [0m36.118 ms - -[0m
[0mGET /api/website/category/list [36m304 [0m56.119 ms - -[0m
[0mGET /api/website/category/list [36m304 [0m24.053 ms - -[0m
[0mGET /api/website/category/list [36m304 [0m58.283 ms - -[0m
[0mGET /api/website/category/list [36m304 [0m32.680 ms - -[0m
[0mGET /api/website/category/list [36m304 [0m23.123 ms - -[0m
[0mGET /api/website/category/list [36m304 [0m39.034 ms - -[0m
[0mGET /api/website/category/list [36m304 [0m24.954 ms - -[0m
[0mGET /api/website/category/list [36m304 [0m40.629 ms - -[0m
[0mGET /api/website/category/list [36m304 [0m49.590 ms - -[0m
[0mGET /api/website/category/list [36m304 [0m21.540 ms - -[0m
[0mGET /api/website/category/list [36m304 [0m39.629 ms - -[0m
[0mGET /api/website/category/list [36m304 [0m56.522 ms - -[0m
[0mGET /api/website/category/list [36m304 [0m28.968 ms - -[0m
[0mGET /api/website/category/list [36m304 [0m25.974 ms - -[0m
[0mGET /api/website/category/list [36m304 [0m75.303 ms - -[0m
[0mGET /api/website/popular/category-list [36m304 [0m61.957 ms - -[0m
[0mGET /api/website/product/new-arrival [36m304 [0m91.729 ms - -[0m
[0mGET /api/website/product/home-kitchen [36m304 [0m170.666 ms - -[0m
[0mGET /api/website/product/women-fashion [36m304 [0m165.340 ms - -[0m
[0mGET /api/website/category/list [36m304 [0m91.511 ms - -[0m
[0mGET /api/website/category/list [36m304 [0m58.850 ms - -[0m
[0mGET /api/website/category/list [36m304 [0m30.350 ms - -[0m
[0mGET /api/website/category/list [36m304 [0m50.921 ms - -[0m
[0mGET /api/website/category/list [36m304 [0m30.134 ms - -[0m
[0mGET /api/website/category/list [36m304 [0m16.913 ms - -[0m
[0mGET /api/website/popular/category-list [36m304 [0m58.733 ms - -[0m
[0mGET /api/website/product/new-arrival [36m304 [0m69.503 ms - -[0m
[0mGET /api/website/category/list [36m304 [0m76.973 ms - -[0m
[0mGET /api/website/product/women-fashion [36m304 [0m105.275 ms - -[0m
[0mGET /api/website/product/home-kitchen [36m304 [0m107.029 ms - -[0m
[0mGET /api/website/category/list [36m304 [0m125.842 ms - -[0m
[0mGET /api/website/category/list [36m304 [0m57.014 ms - -[0m
[0mGET /api/website/category/list [36m304 [0m43.047 ms - -[0m
[0mGET /api/website/category/list [36m304 [0m69.134 ms - -[0m
[0mGET /api/website/category/list [36m304 [0m32.825 ms - -[0m
[0mGET /api/website/category/list [36m304 [0m29.087 ms - -[0m
[0mGET /api/website/category/list [36m304 [0m124.063 ms - -[0m
[0mGET /api/website/popular/category-list [36m304 [0m171.419 ms - -[0m
[0mGET /api/website/product/home-kitchen [36m304 [0m181.244 ms - -[0m
[0mGET /api/website/product/women-fashion [36m304 [0m179.185 ms - -[0m
[0mGET /api/website/product/new-arrival [36m304 [0m175.249 ms - -[0m
[0mGET /api/website/category/list [36m304 [0m67.617 ms - -[0m
[0mGET /api/website/category/list [36m304 [0m36.257 ms - -[0m
[0mGET /api/website/catalog/category/search?queryString=Network%20Components [32m200 [0m162.158 ms - 639[0m
[0mGET /api/website/category/list [36m304 [0m74.989 ms - -[0m
[0mGET /api/website/catalog/product/search?filter_category=Network%20Components [32m200 [0m216.241 ms - 62[0m
[0mGET /api/website/catalog/category/search?queryString=Network%20Components [36m304 [0m68.189 ms - -[0m
[0mGET /api/website/catalog/product/search?filter_category=Network%20Components [36m304 [0m80.903 ms - -[0m
[0mGET /api/website/catalog/product/search?filter_category=Network%20Components [36m304 [0m49.246 ms - -[0m
[0mGET /api/website/popular/category-list [36m304 [0m76.815 ms - -[0m
[0mGET /api/website/product/new-arrival [36m304 [0m85.159 ms - -[0m
[0mGET /api/website/category/list [36m304 [0m100.314 ms - -[0m
[0mGET /api/website/product/home-kitchen [36m304 [0m141.463 ms - -[0m
[0mGET /api/website/product/women-fashion [36m304 [0m138.315 ms - -[0m
[0mGET /api/website/category/list [36m304 [0m60.967 ms - -[0m
[0mGET /api/website/category/list [36m304 [0m27.057 ms - -[0m
[0mGET /api/website/catalog/category/search?queryString=Roughters [32m200 [0m101.281 ms - 486[0m
[0mGET /api/website/category/list [36m304 [0m25.318 ms - -[0m
[0mGET /api/website/catalog/product/search?filter_category=Roughters [32m200 [0m140.071 ms - 62[0m
[0mOPTIONS /api/auth/rootLogin [32m204 [0m2.349 ms - 0[0m
[0mPOST /api/auth/rootLogin [32m200 [0m359.316 ms - 211[0m
[0mOPTIONS /api/order/notifications [32m204 [0m0.786 ms - 0[0m
[0mOPTIONS /api/order/list [32m204 [0m0.561 ms - 0[0m
[0mOPTIONS /api/order/count [32m204 [0m0.382 ms - 0[0m
[0mGET /api/order/count [32m200 [0m30.236 ms - 196[0m
[0mPOST /api/order/list [32m200 [0m67.671 ms - 8634[0m
[0mGET /api/order/notifications [36m304 [0m61.884 ms - -[0m
[0mOPTIONS /api/order/notifications [32m204 [0m3.205 ms - 0[0m
[0mOPTIONS /api/seller/all-product-list?limit=20&page=1 [32m204 [0m1.798 ms - 0[0m
[0mGET /api/order/notifications [36m304 [0m90.994 ms - -[0m
[0mGET /api/seller/all-product-list?limit=20&page=1 [32m200 [0m100.108 ms - 9108[0m
[0mOPTIONS /api/order/notifications [32m204 [0m6.986 ms - 0[0m
[0mOPTIONS /api/seller/all-product-list?limit=20&page=1 [32m204 [0m1.246 ms - 0[0m
[0mGET /api/order/notifications [36m304 [0m81.947 ms - -[0m
[0mGET /api/seller/all-product-list?limit=20&page=1 [36m304 [0m129.704 ms - -[0m
[0mOPTIONS /api/order/notifications [32m204 [0m4.250 ms - 0[0m
[0mOPTIONS /api/seller/all-product-list?limit=20&page=1 [32m204 [0m1.387 ms - 0[0m
[0mGET /api/order/notifications [36m304 [0m70.532 ms - -[0m
[0mGET /api/seller/all-product-list?limit=20&page=1 [36m304 [0m95.062 ms - -[0m
[0mOPTIONS /api/order/notifications [32m204 [0m6.793 ms - 0[0m
[0mOPTIONS /api/seller/all-product-list?limit=20&page=1 [32m204 [0m0.858 ms - 0[0m
[0mGET /api/order/notifications [36m304 [0m65.480 ms - -[0m
[0mGET /api/seller/all-product-list?limit=20&page=1 [36m304 [0m113.973 ms - -[0m
[0mOPTIONS /api/order/notifications [32m204 [0m1.426 ms - 0[0m
[0mOPTIONS /api/seller/all-product-list?limit=20&page=1 [32m204 [0m0.370 ms - 0[0m
[0mGET /api/order/notifications [36m304 [0m46.633 ms - -[0m
[0mGET /api/seller/all-product-list?limit=20&page=1 [36m304 [0m87.681 ms - -[0m
[0mOPTIONS /api/order/notifications [32m204 [0m3.653 ms - 0[0m
[0mOPTIONS /api/seller/all-product-list?limit=20&page=1 [32m204 [0m1.189 ms - 0[0m
[0mGET /api/order/notifications [36m304 [0m60.029 ms - -[0m
[0mGET /api/seller/all-product-list?limit=20&page=1 [36m304 [0m98.617 ms - -[0m
[0mOPTIONS /api/order/notifications [32m204 [0m2.981 ms - 0[0m
[0mOPTIONS /api/seller/all-product-list?limit=20&page=1 [32m204 [0m1.505 ms - 0[0m
[0mGET /api/order/notifications [36m304 [0m52.539 ms - -[0m
[0mGET /api/seller/all-product-list?limit=20&page=1 [36m304 [0m117.817 ms - -[0m
[0mOPTIONS /api/order/notifications [32m204 [0m1.928 ms - 0[0m
[0mOPTIONS /api/seller/all-product-list?limit=20&page=1 [32m204 [0m0.873 ms - 0[0m
[0mGET /api/order/notifications [36m304 [0m51.444 ms - -[0m
[0mGET /api/seller/all-product-list?limit=20&page=1 [36m304 [0m85.967 ms - -[0m
[0mOPTIONS /api/order/notifications [32m204 [0m3.601 ms - 0[0m
[0mOPTIONS /api/seller/all-product-list?limit=20&page=1 [32m204 [0m0.332 ms - 0[0m
[0mGET /api/order/notifications [36m304 [0m63.069 ms - -[0m
[0mGET /api/seller/all-product-list?limit=20&page=1 [36m304 [0m120.868 ms - -[0m
[0mOPTIONS /api/order/notifications [32m204 [0m3.030 ms - 0[0m
[0mOPTIONS /api/seller/all-product-list?limit=20&page=1 [32m204 [0m0.815 ms - 0[0m
[0mOPTIONS / [32m204 [0m0.507 ms - 0[0m
[0mGET / [33m404 [0m40.683 ms - 3114[0m
[0mGET /api/order/notifications [36m304 [0m92.204 ms - -[0m
[0mGET /api/seller/all-product-list?limit=20&page=1 [36m304 [0m142.162 ms - -[0m
[0mOPTIONS /api/order/notifications [32m204 [0m7.065 ms - 0[0m
[0mOPTIONS /api/seller/all-product-list?limit=20&page=1 [32m204 [0m5.886 ms - 0[0m
[0mOPTIONS / [32m204 [0m5.775 ms - 0[0m
[0mGET / [33m404 [0m5.883 ms - 3114[0m
[0mGET /api/order/notifications [36m304 [0m38.822 ms - -[0m
[0mGET /api/seller/all-product-list?limit=20&page=1 [36m304 [0m79.861 ms - -[0m
[0mOPTIONS /api/order/notifications [32m204 [0m1.982 ms - 0[0m
[0mOPTIONS /api/seller/all-product-list?limit=20&page=1 [32m204 [0m0.983 ms - 0[0m
[0mOPTIONS /api/seller/product-download [32m204 [0m0.363 ms - 0[0m
[0mGET /api/seller/product-download [33m404 [0m16.505 ms - 3157[0m
[0mGET /api/order/notifications [36m304 [0m75.141 ms - -[0m
[0mGET /api/seller/all-product-list?limit=20&page=1 [36m304 [0m109.196 ms - -[0m
[0mOPTIONS /api/order/notifications [32m204 [0m7.326 ms - 0[0m
[0mOPTIONS /api/seller/all-product-list?limit=20&page=1 [32m204 [0m4.498 ms - 0[0m
[0mOPTIONS /api/seller/product-download [32m204 [0m3.942 ms - 0[0m
[0mGET /api/order/notifications [32m200 [0m144.878 ms - 36[0m
[0mGET /api/seller/all-product-list?limit=20&page=1 [32m200 [0m170.305 ms - 9108[0m
[0mOPTIONS /api/order/notifications [32m204 [0m6.518 ms - 0[0m
[0mOPTIONS /api/seller/all-product-list?limit=20&page=1 [32m204 [0m1.481 ms - 0[0m
[0mOPTIONS /api/seller/product-download [32m204 [0m4.914 ms - 0[0m
[0mGET /api/order/notifications [36m304 [0m206.984 ms - -[0m
[0mGET /api/seller/all-product-list?limit=20&page=1 [36m304 [0m198.597 ms - -[0m
[0mOPTIONS /api/order/notifications [32m204 [0m5.190 ms - 0[0m
[0mOPTIONS /api/seller/all-product-list?limit=20&page=1 [32m204 [0m2.360 ms - 0[0m
[0mOPTIONS /api/seller/product-download [32m204 [0m1.000 ms - 0[0m
[0mGET /api/order/notifications [32m200 [0m71.926 ms - 36[0m
[0mGET /api/seller/all-product-list?limit=20&page=1 [32m200 [0m134.421 ms - 9108[0m
[0mOPTIONS /api/order/notifications [32m204 [0m13.864 ms - 0[0m
[0mOPTIONS /api/seller/all-product-list?limit=20&page=1 [32m204 [0m5.175 ms - 0[0m
[0mGET /api/order/notifications [36m304 [0m94.067 ms - -[0m
[0mGET /api/seller/all-product-list?limit=20&page=1 [36m304 [0m173.429 ms - -[0m
[0mOPTIONS /api/order/notifications [32m204 [0m7.324 ms - 0[0m
[0mOPTIONS /api/seller/all-product-list?limit=20&page=1 [32m204 [0m1.513 ms - 0[0m
[0mGET /api/order/notifications [36m304 [0m55.645 ms - -[0m
[0mGET /api/seller/all-product-list?limit=20&page=1 [36m304 [0m108.624 ms - -[0m
[0mOPTIONS /api/order/notifications [32m204 [0m1.640 ms - 0[0m
[0mOPTIONS /api/seller/all-product-list?limit=20&page=1 [32m204 [0m0.438 ms - 0[0m
[0mGET /api/order/notifications [36m304 [0m80.902 ms - -[0m
[0mGET /api/seller/all-product-list?limit=20&page=1 [36m304 [0m132.527 ms - -[0m
[0mOPTIONS /api/seller/all-product-list?limit=20&page=2 [32m204 [0m3.747 ms - 0[0m
[0mGET /api/seller/all-product-list?limit=20&page=2 [32m200 [0m91.325 ms - 9801[0m
[0mOPTIONS /api/order/notifications [32m204 [0m5.525 ms - 0[0m
[0mOPTIONS /api/vendor/list [32m204 [0m0.493 ms - 0[0m
[0mGET /api/order/notifications [36m304 [0m89.627 ms - -[0m
[0mGET /api/vendor/list [32m200 [0m93.671 ms - 12105[0m
[0mOPTIONS /api/vendor/product/getAllProductById?SellerId=83&limit=10&page=1 [32m204 [0m0.858 ms - 0[0m
[0mGET /api/vendor/product/getAllProductById?SellerId=83&limit=10&page=1 [36m304 [0m67.895 ms - -[0m
[0mOPTIONS /api/vendor/list [32m204 [0m0.671 ms - 0[0m
[0mGET /api/vendor/list [36m304 [0m30.804 ms - -[0m
[0mOPTIONS /api/vendor/product/getAllProductById?SellerId=81&limit=10&page=1 [32m204 [0m0.662 ms - 0[0m
[0mGET /api/vendor/product/getAllProductById?SellerId=81&limit=10&page=1 [32m200 [0m69.110 ms - 590[0m
[0mOPTIONS /api/order/notifications [32m204 [0m1.958 ms - 0[0m
[0mOPTIONS /api/vendor/product/getAllProductById?SellerId=81&limit=10&page=1 [32m204 [0m0.877 ms - 0[0m
[0mGET /api/order/notifications [36m304 [0m66.688 ms - -[0m
[0mGET /api/vendor/product/getAllProductById?SellerId=81&limit=10&page=1 [36m304 [0m108.788 ms - -[0m
[0mOPTIONS /api/vendor/list [32m204 [0m3.504 ms - 0[0m
[0mGET /api/vendor/list [36m304 [0m20.334 ms - -[0m
[0mOPTIONS /api/order/notifications [32m204 [0m2.268 ms - 0[0m
[0mOPTIONS /api/vendor/list [32m204 [0m0.532 ms - 0[0m
[0mGET /api/vendor/list [36m304 [0m31.227 ms - -[0m
[0mGET /api/order/notifications [36m304 [0m36.752 ms - -[0m
[0mOPTIONS /api/order/notifications [32m204 [0m1.307 ms - 0[0m
[0mOPTIONS /api/vendor/list [32m204 [0m0.671 ms - 0[0m
[0mGET /api/vendor/list [36m304 [0m35.631 ms - -[0m
[0mGET /api/order/notifications [36m304 [0m46.447 ms - -[0m
[0mOPTIONS /api/order/notifications [32m204 [0m1.634 ms - 0[0m
[0mOPTIONS /api/vendor/list [32m204 [0m1.007 ms - 0[0m
[0mGET /api/vendor/list [36m304 [0m42.892 ms - -[0m
[0mGET /api/order/notifications [36m304 [0m51.476 ms - -[0m
[0mOPTIONS /api/order/notifications [32m204 [0m2.183 ms - 0[0m
[0mOPTIONS /api/product/getAllproductList [32m204 [0m2.024 ms - 0[0m
[0mOPTIONS /api/category/admin/main-list [32m204 [0m1.725 ms - 0[0m
[0mOPTIONS /api/product/search/getAllproductList [32m204 [0m0.596 ms - 0[0m
[0mGET /api/category/admin/main-list [32m200 [0m36.908 ms - 10154[0m
[0mGET /api/order/notifications [36m304 [0m46.586 ms - -[0m
[0mPOST /api/product/getAllproductList [32m200 [0m446.474 ms - 60711[0m
[0mGET /api/product/search/getAllproductList [32m200 [0m577.674 ms - 5149695[0m
[0mOPTIONS /api/product/brand-list [32m204 [0m2.733 ms - 0[0m
[0mPOST /api/product/brand-list [32m200 [0m27.360 ms - 4296[0m
[0mOPTIONS /api/product/getAllproductList [32m204 [0m3.362 ms - 0[0m
[0mOPTIONS /api/category/admin/main-list [32m204 [0m2.250 ms - 0[0m
[0mOPTIONS /api/product/search/getAllproductList [32m204 [0m0.561 ms - 0[0m
[0mGET /api/category/admin/main-list [36m304 [0m14.861 ms - -[0m
[0mGET /api/product/search/getAllproductList [36m304 [0m414.187 ms - -[0m
[0mPOST /api/product/getAllproductList [32m200 [0m434.526 ms - 60711[0m
[0mOPTIONS /api/product/brand-list [32m204 [0m1.406 ms - 0[0m
[0mPOST /api/product/brand-list [32m200 [0m15.425 ms - 4296[0m
[0mOPTIONS /api/product/getAllproductList [32m204 [0m6.104 ms - 0[0m
[0mOPTIONS /api/category/admin/main-list [32m204 [0m4.285 ms - 0[0m
[0mOPTIONS /api/product/search/getAllproductList [32m204 [0m0.455 ms - 0[0m
[0mGET /api/category/admin/main-list [36m304 [0m15.240 ms - -[0m
[0mGET /api/product/search/getAllproductList [36m304 [0m427.612 ms - -[0m
[0mPOST /api/product/getAllproductList [32m200 [0m438.078 ms - 60711[0m
[0mOPTIONS /api/product/brand-list [32m204 [0m3.180 ms - 0[0m
[0mPOST /api/product/brand-list [32m200 [0m24.855 ms - 4296[0m
[0mOPTIONS /api/product/getAllproductList [32m204 [0m0.555 ms - 0[0m
[0mOPTIONS /api/category/admin/main-list [32m204 [0m0.858 ms - 0[0m
[0mOPTIONS /api/product/search/getAllproductList [32m204 [0m0.584 ms - 0[0m
[0mGET /api/category/admin/main-list [36m304 [0m38.115 ms - -[0m
[0mGET /api/product/search/getAllproductList [36m304 [0m432.345 ms - -[0m
[0mPOST /api/product/getAllproductList [32m200 [0m446.596 ms - 60711[0m
[0mOPTIONS /api/order/notifications [32m204 [0m10.892 ms - 0[0m
[0mOPTIONS /api/product/getAllproductList [32m204 [0m2.587 ms - 0[0m
[0mOPTIONS /api/category/admin/main-list [32m204 [0m0.988 ms - 0[0m
[0mOPTIONS /api/product/search/getAllproductList [32m204 [0m0.458 ms - 0[0m
[0mGET /api/category/admin/main-list [36m304 [0m54.353 ms - -[0m
[0mGET /api/order/notifications [36m304 [0m91.904 ms - -[0m
[0mPOST /api/product/getAllproductList [32m200 [0m431.549 ms - 60711[0m
[0mGET /api/product/search/getAllproductList [36m304 [0m523.011 ms - -[0m
[0mOPTIONS /api/vendor/list [32m204 [0m1.482 ms - 0[0m
[0mOPTIONS /api/order/notifications [32m204 [0m1.904 ms - 0[0m
[0mOPTIONS /api/product/getAllproductList [32m204 [0m0.930 ms - 0[0m
[0mOPTIONS /api/category/admin/main-list [32m204 [0m0.726 ms - 0[0m
[0mOPTIONS /api/product/search/getAllproductList [32m204 [0m0.666 ms - 0[0m
[0mGET /api/category/admin/main-list [36m304 [0m24.523 ms - -[0m
[0mGET /api/order/notifications [36m304 [0m32.323 ms - -[0m
[0mPOST /api/product/getAllproductList [32m200 [0m284.888 ms - 60711[0m
[0mGET /api/product/search/getAllproductList [36m304 [0m386.598 ms - -[0m
[0mOPTIONS /api/order/notifications [32m204 [0m13.319 ms - 0[0m
[0mGET /api/order/notifications [36m304 [0m56.165 ms - -[0m
[0mOPTIONS /api/vendor/list [32m204 [0m0.639 ms - 0[0m
[0mOPTIONS /api/order/notifications [32m204 [0m1.246 ms - 0[0m
[0mOPTIONS /api/seller/all-product-list?limit=20&page=1 [32m204 [0m0.878 ms - 0[0m
[0mGET /api/order/notifications [36m304 [0m80.125 ms - -[0m
[0mGET /api/seller/all-product-list?limit=20&page=1 [36m304 [0m113.046 ms - -[0m
[0mOPTIONS /api/vendor/list [32m204 [0m0.907 ms - 0[0m
[0mGET /api/vendor/list [36m304 [0m24.311 ms - -[0m
[0mGET /api/order/notifications [36m304 [0m28.946 ms - -[0m
[0mOPTIONS /api/order/notifications [32m204 [0m8.971 ms - 0[0m
[0mOPTIONS /api/vendor/list [32m204 [0m1.748 ms - 0[0m
[0mGET /api/vendor/list [36m304 [0m32.097 ms - -[0m
[0mGET /api/order/notifications [36m304 [0m39.111 ms - -[0m
[0mGET /api/order/notifications [36m304 [0m16.322 ms - -[0m
[0mOPTIONS /api/order/notifications [32m204 [0m0.893 ms - 0[0m
[0mGET /api/order/notifications [36m304 [0m15.625 ms - -[0m
[0mOPTIONS /api/product/brand-list [32m204 [0m0.973 ms - 0[0m
[0mPOST /api/product/brand-list [32m200 [0m12.711 ms - 4296[0m
[0mGET /api/order/notifications [36m304 [0m23.200 ms - -[0m
[0mOPTIONS /api/order/notifications [32m204 [0m1.395 ms - 0[0m
[0mOPTIONS /api/product/brand-list [32m204 [0m0.433 ms - 0[0m
[0mPOST /api/product/brand-list [32m200 [0m39.137 ms - 4296[0m
[0mGET /api/order/notifications [36m304 [0m42.203 ms - -[0m
[0mGET /api/order/notifications [36m304 [0m26.851 ms - -[0m
[0mOPTIONS /api/order/notifications [32m204 [0m1.318 ms - 0[0m
[0mGET /api/order/notifications [36m304 [0m29.562 ms - -[0m
[0mOPTIONS /api/order/notifications [32m204 [0m1.661 ms - 0[0m
[0mOPTIONS /api/product/brand-list [32m204 [0m0.862 ms - 0[0m
[0mPOST /api/product/brand-list [32m200 [0m20.587 ms - 4296[0m
[0mGET /api/order/notifications [36m304 [0m33.489 ms - -[0m
[0mOPTIONS /api/product/color/list [32m204 [0m0.552 ms - 0[0m
[0mPOST /api/product/color/list [32m200 [0m14.793 ms - 2908[0m
[0mGET /api/order/notifications [36m304 [0m19.215 ms - -[0m
[0mOPTIONS /api/order/notifications [32m204 [0m1.407 ms - 0[0m
[0mOPTIONS /api/category/admin/main-list [32m204 [0m0.559 ms - 0[0m
[0mOPTIONS /api/category/list?limit=10&page=1 [32m204 [0m0.379 ms - 0[0m
[0mGET /api/category/list?limit=10&page=1 [32m200 [0m16.211 ms - 927[0m
[0mGET /api/category/admin/main-list [36m304 [0m19.976 ms - -[0m
[0mGET /api/order/notifications [36m304 [0m31.388 ms - -[0m
[0mOPTIONS /api/category/list?limit=10&page=2 [32m204 [0m1.564 ms - 0[0m
[0mGET /api/category/list?limit=10&page=2 [32m200 [0m16.845 ms - 966[0m
[0mOPTIONS /api/category/list?limit=10&page=3 [32m204 [0m0.732 ms - 0[0m
[0mGET /api/category/list?limit=10&page=3 [32m200 [0m8.061 ms - 862[0m
[0mOPTIONS /api/category/list?limit=10&page=4 [32m204 [0m0.747 ms - 0[0m
[0mGET /api/category/list?limit=10&page=4 [32m200 [0m9.889 ms - 1090[0m
[0mOPTIONS /api/category/list?limit=10&page=5 [32m204 [0m2.518 ms - 0[0m
[0mGET /api/category/list?limit=10&page=5 [32m200 [0m13.422 ms - 961[0m
[0mOPTIONS /api/category/list?limit=10&page=6 [32m204 [0m1.294 ms - 0[0m
[0mGET /api/category/list?limit=10&page=6 [32m200 [0m6.708 ms - 1027[0m
[0mOPTIONS /api/category/list?limit=10&page=47 [32m204 [0m0.644 ms - 0[0m
[0mGET /api/category/list?limit=10&page=47 [32m200 [0m6.932 ms - 240[0m
[0mOPTIONS /api/category/list?limit=10&page=45 [32m204 [0m0.587 ms - 0[0m
[0mGET /api/category/list?limit=10&page=45 [32m200 [0m7.287 ms - 1069[0m
[0mOPTIONS /api/category/list?limit=10&page=44 [32m204 [0m1.276 ms - 0[0m
[0mGET /api/category/list?limit=10&page=44 [32m200 [0m8.026 ms - 1044[0m
[0mOPTIONS /api/category/list?limit=10&page=47 [32m204 [0m0.850 ms - 0[0m
[0mGET /api/category/list?limit=10&page=47 [36m304 [0m11.223 ms - -[0m
[0mOPTIONS /api/category/list?limit=10&page=46 [32m204 [0m1.093 ms - 0[0m
[0mGET /api/category/list?limit=10&page=46 [32m200 [0m6.332 ms - 967[0m
[0mOPTIONS /api/category/list?limit=10&page=45 [32m204 [0m0.623 ms - 0[0m
[0mGET /api/category/list?limit=10&page=45 [36m304 [0m6.158 ms - -[0m
[0mOPTIONS /api/order/notifications [32m204 [0m3.659 ms - 0[0m
[0mOPTIONS /api/category/admin/main-list [32m204 [0m1.898 ms - 0[0m
[0mOPTIONS /api/category/list?limit=10&page=1 [32m204 [0m1.669 ms - 0[0m
[0mGET /api/category/list?limit=10&page=1 [36m304 [0m27.643 ms - -[0m
[0mGET /api/category/admin/main-list [36m304 [0m30.499 ms - -[0m
[0mGET /api/order/notifications [36m304 [0m40.558 ms - -[0m
[0mOPTIONS /api/order/notifications [32m204 [0m3.763 ms - 0[0m
[0mOPTIONS /api/category/admin/main-list [32m204 [0m4.094 ms - 0[0m
[0mOPTIONS /api/category/list?limit=10&page=1 [32m204 [0m0.685 ms - 0[0m
[0mGET /api/category/list?limit=10&page=1 [36m304 [0m27.959 ms - -[0m
[0mGET /api/category/admin/main-list [36m304 [0m30.317 ms - -[0m
[0mGET /api/order/notifications [36m304 [0m48.308 ms - -[0m
[0mOPTIONS /api/order/notifications [32m204 [0m2.456 ms - 0[0m
[0mOPTIONS /api/category/admin/main-list [32m204 [0m1.214 ms - 0[0m
[0mOPTIONS /api/category/list?limit=10&page=1 [32m204 [0m0.620 ms - 0[0m
[0mGET /api/category/admin/main-list [36m304 [0m38.769 ms - -[0m
[0mGET /api/category/list?limit=10&page=1 [36m304 [0m37.865 ms - -[0m
[0mGET /api/order/notifications [36m304 [0m55.025 ms - -[0m
[0mOPTIONS /api/order/notifications [32m204 [0m10.324 ms - 0[0m
[0mOPTIONS /api/category/admin/main-list [32m204 [0m7.725 ms - 0[0m
[0mOPTIONS /api/category/list?limit=10&page=1 [32m204 [0m0.515 ms - 0[0m
[0mGET /api/category/list?limit=10&page=1 [36m304 [0m21.769 ms - -[0m
[0mGET /api/category/admin/main-list [36m304 [0m30.159 ms - -[0m
[0mGET /api/order/notifications [36m304 [0m57.162 ms - -[0m
[0mOPTIONS /api/order/notifications [32m204 [0m2.470 ms - 0[0m
[0mOPTIONS /api/category/admin/main-list [32m204 [0m1.332 ms - 0[0m
[0mOPTIONS /api/category/list?limit=10&page=1 [32m204 [0m1.014 ms - 0[0m
[0mGET /api/category/list?limit=10&page=1 [36m304 [0m38.086 ms - -[0m
[0mGET /api/category/admin/main-list [36m304 [0m40.442 ms - -[0m
[0mGET /api/order/notifications [36m304 [0m61.729 ms - -[0m
[0mOPTIONS /api/order/notifications [32m204 [0m2.232 ms - 0[0m
[0mOPTIONS /api/category/admin/main-list [32m204 [0m1.048 ms - 0[0m
[0mOPTIONS /api/category/list?limit=10&page=1 [32m204 [0m0.594 ms - 0[0m
[0mGET /api/category/admin/main-list [36m304 [0m16.945 ms - -[0m
[0mGET /api/category/list?limit=10&page=1 [36m304 [0m16.484 ms - -[0m
[0mGET /api/order/notifications [36m304 [0m31.308 ms - -[0m
[0mOPTIONS /api/order/notifications [32m204 [0m1.243 ms - 0[0m
[0mOPTIONS /api/category/admin/main-list [32m204 [0m0.931 ms - 0[0m
[0mOPTIONS /api/category/list?limit=10&page=1 [32m204 [0m0.438 ms - 0[0m
[0mGET /api/category/list?limit=10&page=1 [36m304 [0m18.581 ms - -[0m
[0mGET /api/category/admin/main-list [36m304 [0m20.308 ms - -[0m
[0mGET /api/order/notifications [36m304 [0m30.563 ms - -[0m
[0mOPTIONS /api/category/child/update [32m204 [0m3.022 ms - 0[0m
[0mPUT /api/category/child/update [33m404 [0m29.924 ms - 28[0m
[0mOPTIONS /api/category/child/update [32m204 [0m6.369 ms - 0[0m
[0mPUT /api/category/child/update [32m200 [0m44.458 ms - 78[0m
[0mOPTIONS /api/order/notifications [32m204 [0m1.806 ms - 0[0m
[0mOPTIONS /api/category/admin/main-list [32m204 [0m5.485 ms - 0[0m
[0mOPTIONS /api/category/list?limit=10&page=1 [32m204 [0m3.438 ms - 0[0m
[0mGET /api/category/list?limit=10&page=1 [32m200 [0m34.714 ms - 931[0m
[0mGET /api/category/admin/main-list [36m304 [0m41.900 ms - -[0m
[0mGET /api/order/notifications [36m304 [0m54.312 ms - -[0m
[0mOPTIONS /api/order/notifications [32m204 [0m22.797 ms - 0[0m
[0mOPTIONS /api/category/admin/main-list [32m204 [0m16.490 ms - 0[0m
[0mOPTIONS /api/category/list?limit=10&page=1 [32m204 [0m7.989 ms - 0[0m
[0mGET /api/category/list?limit=10&page=1 [32m200 [0m61.996 ms - 931[0m
[0mGET /api/category/admin/main-list [32m200 [0m73.034 ms - 10154[0m
[0mGET /api/order/notifications [32m200 [0m101.583 ms - 36[0m
[0mOPTIONS /api/category/child/update [32m204 [0m0.855 ms - 0[0m
[0mPUT /api/category/child/update [32m200 [0m27.889 ms - 78[0m
[0mOPTIONS /api/order/notifications [32m204 [0m0.727 ms - 0[0m
[0mOPTIONS /api/category/admin/main-list [32m204 [0m1.515 ms - 0[0m
[0mOPTIONS /api/category/list?limit=10&page=1 [32m204 [0m1.001 ms - 0[0m
[0mGET /api/category/admin/main-list [36m304 [0m21.311 ms - -[0m
[0mGET /api/category/list?limit=10&page=1 [36m304 [0m18.647 ms - -[0m
[0mGET /api/order/notifications [36m304 [0m33.354 ms - -[0m
[0mOPTIONS /api/order/notifications [32m204 [0m9.420 ms - 0[0m
[0mOPTIONS /api/category/admin/main-list [32m204 [0m9.085 ms - 0[0m
[0mOPTIONS /api/category/list?limit=10&page=1 [32m204 [0m7.316 ms - 0[0m
[0mGET /api/category/list?limit=10&page=1 [32m200 [0m83.863 ms - 931[0m
[0mGET /api/category/admin/main-list [32m200 [0m89.630 ms - 10154[0m
[0mGET /api/order/notifications [32m200 [0m122.894 ms - 36[0m
[0mOPTIONS /api/category/child/update [32m204 [0m1.834 ms - 0[0m
[0mPUT /api/category/child/update [32m200 [0m31.440 ms - 78[0m
[0mOPTIONS /api/order/notifications [32m204 [0m1.454 ms - 0[0m
[0mOPTIONS /api/category/admin/main-list [32m204 [0m3.339 ms - 0[0m
[0mOPTIONS /api/category/list?limit=10&page=1 [32m204 [0m1.133 ms - 0[0m
[0mGET /api/category/list?limit=10&page=1 [32m200 [0m17.642 ms - 927[0m
[0mGET /api/category/admin/main-list [36m304 [0m34.350 ms - -[0m
[0mGET /api/order/notifications [36m304 [0m45.622 ms - -[0m
[0mOPTIONS /api/order/notifications [32m204 [0m14.131 ms - 0[0m
[0mOPTIONS /api/category/admin/main-list [32m204 [0m16.638 ms - 0[0m
[0mOPTIONS /api/category/list?limit=10&page=1 [32m204 [0m13.776 ms - 0[0m
[0mGET /api/category/list?limit=10&page=1 [32m200 [0m67.918 ms - 1346[0m
[0mGET /api/category/admin/main-list [32m200 [0m77.265 ms - 10154[0m
[0mGET /api/order/notifications [32m200 [0m99.692 ms - 36[0m
[0mOPTIONS /api/category/child/update [32m204 [0m1.852 ms - 0[0m
[0mPUT /api/category/child/update [32m200 [0m33.045 ms - 78[0m
[0mOPTIONS /api/order/notifications [32m204 [0m4.361 ms - 0[0m
[0mOPTIONS /api/category/admin/main-list [32m204 [0m0.919 ms - 0[0m
[0mOPTIONS /api/category/list?limit=10&page=1 [32m204 [0m0.654 ms - 0[0m
[0mGET /api/category/list?limit=10&page=1 [32m200 [0m22.382 ms - 1352[0m
[0mGET /api/category/admin/main-list [36m304 [0m22.450 ms - -[0m
[0mGET /api/order/notifications [36m304 [0m35.739 ms - -[0m
[0mOPTIONS /api/customer/getUserByEmailId [32m204 [0m38.291 ms - 0[0m
[0mOPTIONS /api/customer/getUserByEmailId [32m204 [0m34.835 ms - 0[0m
[0mGET /api/customer/getUserByEmailId [33m403 [0m131.938 ms - 36[0m
[0mGET /api/website/popular/category-list [36m304 [0m142.167 ms - -[0m
[0mGET /api/website/product/new-arrival [32m200 [0m179.071 ms - 12327[0m
[0mGET /api/customer/getUserByEmailId [33m403 [0m7.945 ms - 36[0m
[0mGET /api/website/category/list [32m200 [0m240.359 ms - 25414[0m
[0mGET /api/website/product/women-fashion [32m200 [0m279.121 ms - 16046[0m
[0mGET /api/website/product/home-kitchen [32m200 [0m283.872 ms - 15230[0m
[0mGET /api/website/category/list [0m- [0m- ms - -[0m
[0mGET /api/website/category/list [0m- [0m- ms - -[0m
[0mGET /api/website/popular/category-list [36m304 [0m51.073 ms - -[0m
[0mGET /api/website/product/new-arrival [36m304 [0m54.690 ms - -[0m
[0mGET /api/website/category/list [32m200 [0m76.981 ms - 25414[0m
[0mGET /api/website/product/home-kitchen [32m200 [0m107.997 ms - 15230[0m
[0mGET /api/website/product/women-fashion [32m200 [0m106.442 ms - 16046[0m
[0mGET /api/website/category/list [36m304 [0m23.078 ms - -[0m
[0mGET /api/website/category/list [36m304 [0m20.452 ms - -[0m
[0mGET /api/website/category/list [36m304 [0m23.434 ms - -[0m
[0mGET /api/website/category/list [36m304 [0m45.251 ms - -[0m
[0mGET /api/website/category/list [32m200 [0m142.696 ms - 25414[0m
[0mGET /api/website/category/list [32m200 [0m144.128 ms - 25414[0m
[0mGET /api/website/category/list [32m200 [0m165.056 ms - 25414[0m
[0mGET /api/website/category/list [32m200 [0m170.942 ms - 25414[0m
[0mGET /api/website/popular/category-list [32m200 [0m70.611 ms - 8087[0m
[0mGET /api/website/product/women-fashion [32m200 [0m228.389 ms - 16046[0m
[0mGET /api/website/product/home-kitchen [32m200 [0m229.231 ms - 15230[0m
[0mGET /api/website/product/new-arrival [32m200 [0m102.430 ms - 12327[0m
[0mGET /api/website/category/list [36m304 [0m73.933 ms - -[0m
[0mGET /api/website/category/list [36m304 [0m40.186 ms - -[0m
[0mGET /api/website/category/list [36m304 [0m36.984 ms - -[0m
[0mGET /api/website/category/list [36m304 [0m38.841 ms - -[0m
[0mGET /api/website/category/list [36m304 [0m71.103 ms - -[0m
[0mGET /api/website/popular/category-list [36m304 [0m83.987 ms - -[0m
[0mGET /api/website/product/new-arrival [36m304 [0m111.172 ms - -[0m
[0mGET /api/website/product/home-kitchen [36m304 [0m112.707 ms - -[0m
[0mGET /api/website/product/women-fashion [36m304 [0m122.192 ms - -[0m
[0mGET /api/website/category/list [36m304 [0m47.628 ms - -[0m
[0mGET /api/website/category/list [36m304 [0m30.115 ms - -[0m
[0mGET /api/website/category/list [36m304 [0m48.658 ms - -[0m
[0mGET /api/website/category/list [32m200 [0m163.281 ms - 25414[0m
[0mGET /api/website/category/list [32m200 [0m155.443 ms - 25414[0m
[0mGET /api/website/category/list [32m200 [0m219.022 ms - 25414[0m
[0mGET /api/website/product/home-kitchen [32m200 [0m220.829 ms - 15230[0m
[0mGET /api/website/product/women-fashion [32m200 [0m219.736 ms - 16046[0m
[0mGET /api/website/category/list [32m200 [0m228.011 ms - 25414[0m
[0mGET /api/website/popular/category-list [32m200 [0m69.453 ms - 8087[0m
[0mGET /api/website/product/new-arrival [32m200 [0m70.534 ms - 12327[0m
[0mGET /api/website/category/list [36m304 [0m34.411 ms - -[0m
[0mGET /api/website/category/list [32m200 [0m157.383 ms - 25414[0m
[0mGET /api/website/category/list [32m200 [0m171.898 ms - 25414[0m
[0mGET /api/website/category/list [32m200 [0m158.904 ms - 25414[0m
[0mGET /api/website/category/list [32m200 [0m232.191 ms - 25414[0m
[0mGET /api/website/product/home-kitchen [32m200 [0m209.188 ms - 15230[0m
[0mGET /api/website/product/women-fashion [32m200 [0m206.823 ms - 16046[0m
[0mGET /api/website/popular/category-list [32m200 [0m74.029 ms - 8087[0m
[0mGET /api/website/product/new-arrival [32m200 [0m112.747 ms - 12327[0m
[0mGET /api/website/category/list [36m304 [0m79.524 ms - -[0m
[0mGET /api/website/category/list [32m200 [0m111.874 ms - 25414[0m
[0mGET /api/website/category/list [32m200 [0m111.416 ms - 25414[0m
[0mGET /api/website/category/list [32m200 [0m120.788 ms - 25414[0m
[0mGET /api/website/category/list [32m200 [0m160.553 ms - 25414[0m
[0mGET /api/website/product/home-kitchen [32m200 [0m135.919 ms - 15230[0m
[0mGET /api/website/product/women-fashion [32m200 [0m126.388 ms - 16046[0m
[0mGET /api/website/popular/category-list [32m200 [0m68.429 ms - 8087[0m
[0mGET /api/website/product/new-arrival [32m200 [0m74.058 ms - 12327[0m
[0mGET /api/website/category/list [36m304 [0m64.189 ms - -[0m
[0mGET /api/website/category/list [32m200 [0m60.037 ms - 25414[0m
[0mGET /api/website/category/list [32m200 [0m123.551 ms - 25414[0m
[0mGET /api/website/product/women-fashion [32m200 [0m194.960 ms - 16046[0m
[0mGET /api/website/product/home-kitchen [32m200 [0m214.696 ms - 15230[0m
[0mGET /api/website/category/list [32m200 [0m221.954 ms - 25414[0m
[0mGET /api/website/product/new-arrival [32m200 [0m118.673 ms - 12327[0m
[0mGET /api/website/category/list [32m200 [0m231.659 ms - 25414[0m
[0mGET /api/website/popular/category-list [32m200 [0m56.508 ms - 8087[0m
[0mGET /api/website/popular/category-list [32m200 [0m42.498 ms - 8087[0m
[0mGET /api/website/category/list [32m200 [0m64.803 ms - 25414[0m
[0mGET /api/website/product/new-arrival [32m200 [0m73.142 ms - 12327[0m
[0mGET /api/website/product/women-fashion [32m200 [0m84.670 ms - 16046[0m
[0mGET /api/website/product/home-kitchen [32m200 [0m88.021 ms - 15230[0m
[0mGET /api/website/category/list [36m304 [0m22.918 ms - -[0m
[0mGET /api/website/category/list [36m304 [0m16.732 ms - -[0m
[0mGET /api/website/category/list [36m304 [0m16.730 ms - -[0m
[0mGET /api/website/category/list [36m304 [0m94.230 ms - -[0m
[0mGET /api/website/popular/category-list [36m304 [0m72.052 ms - -[0m
[0mGET /api/website/product/new-arrival [36m304 [0m119.131 ms - -[0m
[0mGET /api/website/product/home-kitchen [36m304 [0m154.292 ms - -[0m
[0mGET /api/website/product/women-fashion [36m304 [0m148.641 ms - -[0m
[0mGET /api/website/category/list [36m304 [0m76.142 ms - -[0m
[0mGET /api/website/category/list [36m304 [0m32.716 ms - -[0m
[0mGET /api/website/category/list [36m304 [0m24.633 ms - -[0m
[0mGET /api/website/popular/category-list [36m304 [0m51.639 ms - -[0m
[0mGET /api/website/category/list [36m304 [0m71.795 ms - -[0m
[0mGET /api/website/product/new-arrival [36m304 [0m59.869 ms - -[0m
[0mGET /api/website/product/home-kitchen [36m304 [0m124.207 ms - -[0m
[0mGET /api/website/product/women-fashion [36m304 [0m126.751 ms - -[0m
[0mGET /api/website/category/list [36m304 [0m72.538 ms - -[0m
[0mGET /api/website/category/list [36m304 [0m32.459 ms - -[0m
[0mGET /api/website/category/list [36m304 [0m17.401 ms - -[0m
[0mGET /api/website/category/list [36m304 [0m34.907 ms - -[0m
[0mGET /api/website/category/list [32m200 [0m124.332 ms - 25414[0m
[0mGET /api/website/product/new-arrival [32m200 [0m88.431 ms - 12327[0m
[0mGET /api/website/category/list [32m200 [0m152.523 ms - 25414[0m
[0mGET /api/website/product/home-kitchen [32m200 [0m121.599 ms - 15230[0m
[0mGET /api/website/category/list [32m200 [0m161.907 ms - 25414[0m
[0mGET /api/website/category/list [32m200 [0m162.421 ms - 25414[0m
[0mGET /api/website/popular/category-list [32m200 [0m26.489 ms - 8087[0m
[0mGET /api/website/product/women-fashion [32m200 [0m48.766 ms - 16046[0m
[0mGET /api/website/category/list [36m304 [0m72.952 ms - -[0m
[0mGET /api/website/popular/category-list [32m200 [0m113.051 ms - 8087[0m
[0mGET /api/website/category/list [32m200 [0m158.676 ms - 25414[0m
[0mGET /api/website/category/list [32m200 [0m156.662 ms - 25414[0m
[0mGET /api/website/product/new-arrival [32m200 [0m150.535 ms - 12327[0m
[0mGET /api/website/product/home-kitchen [32m200 [0m241.550 ms - 15230[0m
[0mGET /api/website/product/women-fashion [32m200 [0m241.145 ms - 16046[0m
[0mGET /api/website/category/list [32m200 [0m102.258 ms - 25414[0m
[0mGET /api/website/category/list [32m200 [0m96.043 ms - 25414[0m
[0mGET /api/website/category/list [36m304 [0m79.524 ms - -[0m
[0mGET /api/website/category/list [32m200 [0m123.178 ms - 25414[0m
[0mGET /api/website/category/list [32m200 [0m122.069 ms - 25414[0m
[0mGET /api/website/category/list [32m200 [0m128.789 ms - 25414[0m
[0mGET /api/website/category/list [32m200 [0m119.915 ms - 25414[0m
[0mGET /api/website/product/home-kitchen [32m200 [0m184.074 ms - 15230[0m
[0mGET /api/website/product/women-fashion [32m200 [0m183.795 ms - 16046[0m
[0mGET /api/website/popular/category-list [32m200 [0m94.543 ms - 8087[0m
[0mGET /api/website/product/new-arrival [32m200 [0m92.285 ms - 12327[0m
[0mGET /api/website/category/list [36m304 [0m60.034 ms - -[0m
[0mGET /api/website/category/list [32m200 [0m187.615 ms - 25414[0m
[0mGET /api/website/popular/category-list [32m200 [0m141.290 ms - 8087[0m
[0mGET /api/website/category/list [32m200 [0m200.544 ms - 25414[0m
[0mGET /api/website/category/list [32m200 [0m209.832 ms - 25414[0m
[0mGET /api/website/category/list [32m200 [0m237.099 ms - 25414[0m
[0mGET /api/website/product/home-kitchen [32m200 [0m195.855 ms - 15230[0m
[0mGET /api/website/product/new-arrival [32m200 [0m45.966 ms - 12327[0m
[0mGET /api/website/product/women-fashion [32m200 [0m87.053 ms - 16046[0m
[0mGET /api/website/category/list [36m304 [0m64.751 ms - -[0m
[0mGET /api/website/category/list [36m304 [0m65.160 ms - -[0m
[0mGET /api/website/category/list [32m200 [0m129.766 ms - 25414[0m
[0mGET /api/website/category/list [32m200 [0m106.090 ms - 25414[0m
[0mGET /api/website/category/list [32m200 [0m175.572 ms - 25414[0m
[0mGET /api/website/product/home-kitchen [32m200 [0m184.162 ms - 15230[0m
[0mGET /api/website/product/women-fashion [32m200 [0m183.489 ms - 16046[0m
[0mGET /api/website/category/list [32m200 [0m198.817 ms - 25414[0m
[0mGET /api/website/popular/category-list [32m200 [0m68.037 ms - 8087[0m
[0mGET /api/website/product/new-arrival [32m200 [0m87.595 ms - 12327[0m
[0mGET /api/website/category/list [36m304 [0m52.265 ms - -[0m
[0mGET /api/website/category/list [32m200 [0m149.570 ms - 25414[0m
[0mGET /api/website/category/list [32m200 [0m155.428 ms - 25414[0m
[0mGET /api/website/category/list [32m200 [0m160.194 ms - 25414[0m
[0mGET /api/website/category/list [32m200 [0m165.791 ms - 25414[0m
[0mGET /api/website/product/home-kitchen [32m200 [0m214.771 ms - 15230[0m
[0mGET /api/website/product/women-fashion [32m200 [0m214.410 ms - 16046[0m
[0mGET /api/website/popular/category-list [32m200 [0m99.348 ms - 8087[0m
[0mGET /api/website/product/new-arrival [32m200 [0m98.417 ms - 12327[0m
[0mGET /api/website/category/list [32m200 [0m118.590 ms - 25414[0m
[0mGET /api/website/category/list [32m200 [0m194.674 ms - 25414[0m
[0mGET /api/website/category/list [32m200 [0m195.376 ms - 25414[0m
[0mGET /api/website/product/home-kitchen [32m200 [0m239.091 ms - 15230[0m
[0mGET /api/website/product/women-fashion [32m200 [0m237.676 ms - 16046[0m
[0mGET /api/website/category/list [32m200 [0m274.386 ms - 25414[0m
[0mGET /api/website/popular/category-list [32m200 [0m99.622 ms - 8087[0m
[0mGET /api/website/product/new-arrival [32m200 [0m57.600 ms - 12327[0m
[0mGET /api/website/category/list [32m200 [0m183.636 ms - 25414[0m
[0mGET /api/website/category/list [32m200 [0m195.576 ms - 25414[0m
[0mGET /api/website/product/new-arrival [32m200 [0m154.186 ms - 12327[0m
[0mGET /api/website/category/list [32m200 [0m228.988 ms - 25414[0m
[0mGET /api/website/product/home-kitchen [32m200 [0m210.260 ms - 15230[0m
[0mGET /api/website/category/list [32m200 [0m245.424 ms - 25414[0m
[0mGET /api/website/popular/category-list [32m200 [0m44.367 ms - 8087[0m
[0mGET /api/website/product/women-fashion [32m200 [0m120.796 ms - 16046[0m
[0mGET /api/website/category/list [36m304 [0m155.305 ms - -[0m
[0mGET /api/website/popular/category-list [36m304 [0m99.140 ms - -[0m
[0mGET /api/website/product/new-arrival [36m304 [0m113.815 ms - -[0m
[0mGET /api/website/product/home-kitchen [36m304 [0m162.026 ms - -[0m
[0mGET /api/website/product/women-fashion [36m304 [0m202.228 ms - -[0m
[0mGET /api/website/category/list [36m304 [0m128.839 ms - -[0m
[0mGET /api/website/category/list [36m304 [0m55.894 ms - -[0m
[0mGET /api/website/category/list [36m304 [0m41.747 ms - -[0m
[0mGET /api/website/category/list [32m200 [0m161.565 ms - 25414[0m
[0mGET /api/website/category/list [32m200 [0m162.706 ms - 25414[0m
[0mGET /api/website/category/list [32m200 [0m164.334 ms - 25414[0m
[0mGET /api/website/category/list [32m200 [0m155.123 ms - 25414[0m
[0mGET /api/website/product/home-kitchen [32m200 [0m165.009 ms - 15230[0m
[0mGET /api/website/popular/category-list [32m200 [0m75.171 ms - 8087[0m
[0mGET /api/website/product/women-fashion [32m200 [0m208.674 ms - 16046[0m
[0mGET /api/website/product/new-arrival [32m200 [0m82.206 ms - 12327[0m
[0mGET /api/website/category/list [36m304 [0m63.429 ms - -[0m
[0mGET /api/website/popular/category-list [36m304 [0m55.455 ms - -[0m
[0mGET /api/website/product/new-arrival [36m304 [0m80.133 ms - -[0m
[0mGET /api/website/product/home-kitchen [36m304 [0m99.326 ms - -[0m
[0mGET /api/website/product/women-fashion [36m304 [0m101.520 ms - -[0m
[0mGET /api/website/category/list [36m304 [0m81.898 ms - -[0m
[0mGET /api/website/category/list [36m304 [0m23.815 ms - -[0m
[0mGET /api/website/category/list [36m304 [0m49.966 ms - -[0m
[0mGET /api/website/product/home-kitchen [32m200 [0m368.399 ms - 15230[0m
[0mGET /api/website/product/women-fashion [32m200 [0m369.107 ms - 16046[0m
[0mGET /api/website/popular/category-list [32m200 [0m37.619 ms - 8087[0m
[0mGET /api/website/product/new-arrival [32m200 [0m51.866 ms - 12327[0m
[0mGET /api/website/category/list [32m200 [0m167.676 ms - 25414[0m
[0mGET /api/website/category/list [32m200 [0m201.615 ms - 25414[0m
[0mGET /api/website/category/list [32m200 [0m240.740 ms - 25414[0m
[0mGET /api/website/product/home-kitchen [32m200 [0m334.131 ms - 15230[0m
[0mGET /api/website/product/women-fashion [32m200 [0m334.835 ms - 16046[0m
[0mGET /api/website/category/list [32m200 [0m358.925 ms - 25414[0m
[0mGET /api/website/popular/category-list [32m200 [0m137.287 ms - 8087[0m
[0mGET /api/website/product/new-arrival [32m200 [0m190.438 ms - 12327[0m
[0mGET /api/website/category/list [32m200 [0m180.084 ms - 25414[0m
[0mGET /api/website/category/list [32m200 [0m203.405 ms - 25414[0m
[0mGET /api/website/category/list [32m200 [0m285.698 ms - 25414[0m
[0mGET /api/website/product/home-kitchen [32m200 [0m283.347 ms - 15230[0m
[0mGET /api/website/product/women-fashion [32m200 [0m283.570 ms - 16046[0m
[0mGET /api/website/category/list [32m200 [0m322.606 ms - 25414[0m
[0mGET /api/website/product/new-arrival [32m200 [0m154.783 ms - 12327[0m
[0mGET /api/website/popular/category-list [32m200 [0m72.569 ms - 8087[0m
[0mGET /api/website/category/list [32m200 [0m198.475 ms - 25414[0m
[0mGET /api/website/category/list [32m200 [0m190.930 ms - 25414[0m
[0mGET /api/website/category/list [32m200 [0m220.528 ms - 25414[0m
[0mGET /api/website/category/list [32m200 [0m302.819 ms - 25414[0m
[0mGET /api/website/popular/category-list [32m200 [0m131.220 ms - 8087[0m
[0mGET /api/website/product/home-kitchen [32m200 [0m317.952 ms - 15230[0m
[0mGET /api/website/product/women-fashion [32m200 [0m317.456 ms - 16046[0m
[0mGET /api/website/product/new-arrival [32m200 [0m152.922 ms - 12327[0m
[0mGET /api/website/category/list [32m200 [0m184.411 ms - 25414[0m
[0mGET /api/website/category/list [32m200 [0m180.623 ms - 25414[0m
[0mGET /api/website/category/list [32m200 [0m224.963 ms - 25414[0m
[0mGET /api/website/category/list [32m200 [0m228.371 ms - 25414[0m
[0mGET /api/website/product/home-kitchen [32m200 [0m303.768 ms - 15230[0m
[0mGET /api/website/product/women-fashion [32m200 [0m303.467 ms - 16046[0m
[0mGET /api/website/product/new-arrival [32m200 [0m121.602 ms - 12327[0m
[0mGET /api/website/popular/category-list [32m200 [0m107.411 ms - 8087[0m
[0mGET /api/website/category/list [32m200 [0m195.862 ms - 25414[0m
[0mGET /api/website/category/list [32m200 [0m188.635 ms - 25414[0m
[0mGET /api/website/category/list [32m200 [0m222.788 ms - 25414[0m
[0mGET /api/website/category/list [32m200 [0m236.521 ms - 25414[0m
[0mGET /api/website/popular/category-list [32m200 [0m110.142 ms - 8087[0m
[0mGET /api/website/product/home-kitchen [32m200 [0m307.771 ms - 15230[0m
[0mGET /api/website/product/women-fashion [32m200 [0m307.311 ms - 16046[0m
[0mGET /api/website/product/new-arrival [32m200 [0m110.936 ms - 12327[0m
[0mGET /api/website/category/list [32m200 [0m176.343 ms - 25414[0m
[0mGET /api/website/category/list [32m200 [0m169.816 ms - 25414[0m
[0mGET /api/website/category/list [32m200 [0m233.378 ms - 25414[0m
[0mGET /api/website/category/list [32m200 [0m302.292 ms - 25414[0m
[0mGET /api/website/product/home-kitchen [32m200 [0m302.764 ms - 15230[0m
[0mGET /api/website/product/women-fashion [32m200 [0m301.978 ms - 16046[0m
[0mGET /api/website/popular/category-list [32m200 [0m93.076 ms - 8087[0m
[0mGET /api/website/product/new-arrival [32m200 [0m147.262 ms - 12327[0m
[0mGET /api/website/category/list [32m200 [0m223.712 ms - 25414[0m
[0mGET /api/website/category/list [32m200 [0m216.000 ms - 25414[0m
[0mGET /api/website/category/list [32m200 [0m317.470 ms - 25414[0m
[0mGET /api/website/product/home-kitchen [32m200 [0m404.576 ms - 15230[0m
[0mGET /api/website/product/women-fashion [32m200 [0m403.510 ms - 16046[0m
[0mGET /api/website/category/list [32m200 [0m438.772 ms - 25414[0m
[0mGET /api/website/popular/category-list [32m200 [0m198.374 ms - 8087[0m
[0mGET /api/website/product/new-arrival [32m200 [0m210.455 ms - 12327[0m
[0mGET /api/website/category/list [32m200 [0m201.434 ms - 31533[0m
[0mGET /api/website/popular/category-list [32m200 [0m178.309 ms - 8087[0m
[0mGET /api/website/category/list [32m200 [0m208.455 ms - 31533[0m
[0mGET /api/website/category/list [32m200 [0m241.654 ms - 31533[0m
[0mGET /api/website/category/list [32m200 [0m248.337 ms - 31533[0m
[0mGET /api/website/product/home-kitchen [32m200 [0m297.133 ms - 15230[0m
[0mGET /api/website/product/new-arrival [32m200 [0m92.370 ms - 12327[0m
[0mGET /api/website/product/women-fashion [32m200 [0m130.622 ms - 16046[0m
[0mGET /api/website/category/list [32m200 [0m105.002 ms - 25414[0m
[0mGET /api/website/category/list [36m304 [0m43.452 ms - -[0m
[0mGET /api/website/category/list [36m304 [0m36.500 ms - -[0m
[0mGET /api/website/category/list [36m304 [0m139.909 ms - -[0m
[0mGET /api/website/popular/category-list [36m304 [0m103.416 ms - -[0m
[0mGET /api/website/product/new-arrival [36m304 [0m116.372 ms - -[0m
[0mGET /api/website/product/women-fashion [36m304 [0m178.357 ms - -[0m
[0mGET /api/website/product/home-kitchen [36m304 [0m186.393 ms - -[0m
[0mGET /api/website/catalog/category/search?queryString=household-items [32m200 [0m202.479 ms - 1897[0m
[0mGET /api/website/catalog/product/search?filter_category=household-items%20 [32m200 [0m231.514 ms - 12996[0m
[0mGET /api/website/popular/category-list [36m304 [0m67.453 ms - -[0m
[0mGET /api/website/product/new-arrival [36m304 [0m69.026 ms - -[0m
[0mGET /api/website/category/list [36m304 [0m107.987 ms - -[0m
[0mGET /api/website/product/home-kitchen [36m304 [0m126.816 ms - -[0m
[0mGET /api/website/product/women-fashion [36m304 [0m123.596 ms - -[0m
[0mGET /api/website/relatedProduct?productId=5967&slug=black-abaya-with-dupata [32m200 [0m92.116 ms - 3599[0m
[0mGET /api/website/product/detail?productId=5967&slug=black-abaya-with-dupata [32m200 [0m113.502 ms - 1591[0m
[0mGET /api/website/product/detail?productId=5964&slug=chinese-design-brown-abaya-for-women [32m200 [0m106.116 ms - 1788[0m
[0mGET /api/website/relatedProduct?productId=5964&slug=chinese-design-brown-abaya-for-women [32m200 [0m103.816 ms - 3599[0m
[0mGET /api/website/product/detail?productId=5958&slug=crystal-fabric-naqab-for-kid [32m200 [0m93.777 ms - 1800[0m
[0mGET /api/website/relatedProduct?productId=5958&slug=crystal-fabric-naqab-for-kid [32m200 [0m88.544 ms - 3599[0m
[0mGET /api/website/product/detail?productId=5964&slug=chinese-design-brown-abaya-for-women [36m304 [0m99.843 ms - -[0m
[0mGET /api/website/relatedProduct?productId=5964&slug=chinese-design-brown-abaya-for-women [36m304 [0m118.147 ms - -[0m
[0mGET /api/website/product/detail?productId=5958&slug=crystal-fabric-naqab-for-kid [36m304 [0m93.402 ms - -[0m
[0mGET /api/website/relatedProduct?productId=5958&slug=crystal-fabric-naqab-for-kid [36m304 [0m87.519 ms - -[0m
[0mGET /api/website/category/list [36m304 [0m78.536 ms - -[0m
[0mGET /api/website/popular/category-list [36m304 [0m80.969 ms - -[0m
[0mGET /api/website/product/new-arrival [36m304 [0m87.286 ms - -[0m
[0mGET /api/website/product/home-kitchen [36m304 [0m96.268 ms - -[0m
[0mGET /api/website/product/women-fashion [36m304 [0m108.673 ms - -[0m
[0mGET /api/website/category/list [36m304 [0m94.845 ms - -[0m
[0mGET /api/website/popular/category-list [36m304 [0m70.911 ms - -[0m
[0mGET /api/website/product/new-arrival [36m304 [0m98.439 ms - -[0m
[0mGET /api/website/product/home-kitchen [36m304 [0m130.813 ms - -[0m
[0mGET /api/website/product/women-fashion [36m304 [0m122.473 ms - -[0m
[0mGET /api/website/category/list [36m304 [0m125.078 ms - -[0m
[0mGET /api/website/category/list [36m304 [0m37.762 ms - -[0m
[0mGET /api/website/category/list [36m304 [0m58.844 ms - -[0m
[0mGET /api/website/category/list [36m304 [0m158.226 ms - -[0m
[0mGET /api/website/category/list [32m200 [0m105.229 ms - 25414[0m
[0mGET /api/website/category/list [32m200 [0m111.826 ms - 25414[0m
[0mGET /api/website/category/list [32m200 [0m121.608 ms - 25414[0m
[0mGET /api/website/category/list [32m200 [0m141.463 ms - 25414[0m
[0mGET /api/website/popular/category-list [32m200 [0m82.412 ms - 8087[0m
[0mGET /api/website/product/home-kitchen [32m200 [0m210.034 ms - 15230[0m
[0mGET /api/website/product/women-fashion [32m200 [0m209.745 ms - 16046[0m
[0mGET /api/website/product/new-arrival [32m200 [0m89.869 ms - 12327[0m
[0mGET /api/website/category/list [32m200 [0m175.257 ms - 25414[0m
[0mGET /api/website/category/list [32m200 [0m165.816 ms - 25414[0m
[0mGET /api/website/product/home-kitchen [32m200 [0m190.649 ms - 15230[0m
[0mGET /api/website/category/list [32m200 [0m237.292 ms - 25414[0m
[0mGET /api/website/category/list [32m200 [0m242.740 ms - 25414[0m
[0mGET /api/website/product/women-fashion [32m200 [0m278.227 ms - 16046[0m
[0mGET /api/website/popular/category-list [32m200 [0m86.088 ms - 8087[0m
[0mGET /api/website/product/new-arrival [32m200 [0m93.870 ms - 12327[0m
[0mGET /api/website/category/list [32m200 [0m128.766 ms - 25414[0m
[0mGET /api/website/product/new-arrival [32m200 [0m162.591 ms - 12327[0m
[0mGET /api/website/product/home-kitchen [32m200 [0m200.906 ms - 15230[0m
[0mGET /api/website/product/women-fashion [32m200 [0m228.228 ms - 16046[0m
[0mGET /api/website/category/list [32m200 [0m235.809 ms - 25414[0m
[0mGET /api/website/category/list [32m200 [0m238.830 ms - 25414[0m
[0mGET /api/website/popular/category-list [32m200 [0m43.433 ms - 8087[0m
[0mGET /api/website/category/list [32m200 [0m94.097 ms - 25414[0m
[0mGET /api/website/category/list [36m304 [0m112.057 ms - -[0m
[0mGET /api/website/popular/category-list [32m200 [0m332.005 ms - 8087[0m
[0mGET /api/website/product/new-arrival [32m200 [0m371.833 ms - 12327[0m
[0mGET /api/website/category/list [32m200 [0m442.034 ms - 25414[0m
[0mGET /api/website/popular/category-list [36m304 [0m226.177 ms - -[0m
[0mGET /api/website/product/home-kitchen [32m200 [0m486.498 ms - 15230[0m
[0mGET /api/website/product/new-arrival [36m304 [0m283.235 ms - -[0m
[0mGET /api/website/category/list [36m304 [0m426.878 ms - -[0m
[0mGET /api/website/product/home-kitchen [36m304 [0m460.303 ms - -[0m
[0mGET /api/website/product/women-fashion [32m200 [0m604.382 ms - 16046[0m
[0mGET /api/website/product/women-fashion [36m304 [0m403.326 ms - -[0m
[0mGET /api/website/category/list [36m304 [0m170.459 ms - -[0m
[0mGET /api/website/category/list [36m304 [0m90.382 ms - -[0m
[0mGET /api/website/category/list [36m304 [0m36.188 ms - -[0m
[0mGET /api/website/category/list [36m304 [0m31.832 ms - -[0m
[0mGET /api/website/category/list [36m304 [0m29.127 ms - -[0m
[0mGET /api/website/category/list [36m304 [0m25.079 ms - -[0m
[0mGET /api/website/popular/category-list [32m200 [0m156.607 ms - 8087[0m
[0mGET /api/website/product/new-arrival [32m200 [0m170.256 ms - 11707[0m
[0mGET /api/website/category/list [32m200 [0m289.029 ms - 25414[0m
[0mGET /api/website/product/home-kitchen [32m200 [0m246.584 ms - 15230[0m
[0mGET /api/website/product/women-fashion [32m200 [0m241.540 ms - 16046[0m
[0mGET /api/website/category/list [36m304 [0m41.246 ms - -[0m
[0mGET /api/website/category/list [36m304 [0m28.844 ms - -[0m
[0mGET /api/website/category/list [36m304 [0m41.264 ms - -[0m
[0mGET /api/website/popular/category-list [36m304 [0m42.536 ms - -[0m
[0mGET /api/website/category/list [36m304 [0m84.770 ms - -[0m
[0mGET /api/website/product/new-arrival [36m304 [0m63.227 ms - -[0m
[0mGET /api/website/product/home-kitchen [36m304 [0m111.597 ms - -[0m
[0mGET /api/website/product/women-fashion [36m304 [0m107.534 ms - -[0m
[0mGET /api/website/category/list [36m304 [0m57.907 ms - -[0m
[0mGET /api/website/category/list [36m304 [0m23.470 ms - -[0m
[0mGET /api/website/category/list [36m304 [0m25.526 ms - -[0m
[0mGET /api/website/category/list [36m304 [0m55.590 ms - -[0m
[0mGET /api/website/category/list [36m304 [0m54.160 ms - -[0m
[0mGET /api/website/category/list [36m304 [0m28.256 ms - -[0m
[0mGET /api/website/category/list [36m304 [0m83.833 ms - -[0m
[0mGET /api/website/popular/category-list [36m304 [0m61.058 ms - -[0m
[0mGET /api/website/product/new-arrival [36m304 [0m85.352 ms - -[0m
[0mGET /api/website/product/home-kitchen [36m304 [0m130.597 ms - -[0m
[0mGET /api/website/product/women-fashion [36m304 [0m148.537 ms - -[0m
[0mGET /api/website/category/list [36m304 [0m100.907 ms - -[0m
[0mGET /api/website/category/list [36m304 [0m52.039 ms - -[0m
[0mGET /api/website/category/list [36m304 [0m31.135 ms - -[0m
[0mGET /api/website/popular/category-list [36m304 [0m38.454 ms - -[0m
[0mGET /api/website/category/list [36m304 [0m63.647 ms - -[0m
[0mGET /api/website/product/new-arrival [36m304 [0m54.438 ms - -[0m
[0mGET /api/website/product/women-fashion [36m304 [0m108.808 ms - -[0m
[0mGET /api/website/product/home-kitchen [36m304 [0m111.164 ms - -[0m
[0mGET /api/website/category/list [36m304 [0m56.371 ms - -[0m
[0mGET /api/website/category/list [36m304 [0m18.445 ms - -[0m
[0mGET /api/website/category/list [36m304 [0m26.673 ms - -[0m
[0mGET /api/website/category/list [32m200 [0m106.932 ms - 25414[0m
[0mGET /api/website/category/list [32m200 [0m104.871 ms - 25414[0m
[0mGET /api/website/category/list [32m200 [0m169.290 ms - 25414[0m
[0mGET /api/website/category/list [32m200 [0m171.320 ms - 25414[0m
[0mGET /api/website/product/home-kitchen [32m200 [0m171.319 ms - 15230[0m
[0mGET /api/website/product/women-fashion [32m200 [0m170.549 ms - 16046[0m
[0mGET /api/website/popular/category-list [32m200 [0m87.640 ms - 8087[0m
[0mGET /api/website/product/new-arrival [32m200 [0m94.195 ms - 11707[0m
[0mGET /api/website/category/list [36m304 [0m53.195 ms - -[0m
[0mGET /api/website/category/list [36m304 [0m25.709 ms - -[0m
[0mGET /api/website/category/list [36m304 [0m20.341 ms - -[0m
[0mGET /api/website/category/list [32m200 [0m156.008 ms - 25414[0m
[0mGET /api/website/category/list [32m200 [0m146.692 ms - 25414[0m
[0mGET /api/website/category/list [32m200 [0m129.420 ms - 25414[0m
[0mGET /api/website/popular/category-list [36m304 [0m71.925 ms - -[0m
[0mGET /api/website/category/list [36m304 [0m91.724 ms - -[0m
[0mGET /api/website/product/new-arrival [36m304 [0m124.347 ms - -[0m
[0mGET /api/website/product/home-kitchen [36m304 [0m132.874 ms - -[0m
[0mGET /api/website/product/women-fashion [36m304 [0m156.119 ms - -[0m
[0mGET /api/website/product/detail?productId=5785&slug=women-bra-6-pcs [32m200 [0m143.069 ms - 1400[0m
[0mGET /api/website/relatedProduct?productId=5785&slug=women-bra-6-pcs [32m200 [0m132.834 ms - 1541[0m
[0mGET /api/website/product/detail?productId=5609&slug=wireless-bra [32m200 [0m121.663 ms - 2770[0m
[0mGET /api/website/relatedProduct?productId=5609&slug=wireless-bra [32m200 [0m116.778 ms - 1541[0m
[0mGET /api/website/product/detail?productId=5607&slug=v-neck-bra [32m200 [0m103.174 ms - 2210[0m
[0mGET /api/website/relatedProduct?productId=5607&slug=v-neck-bra [32m200 [0m101.866 ms - 1541[0m
[0mGET /api/website/product/detail?productId=5606&slug=plain-women-bra [32m200 [0m106.676 ms - 2510[0m
[0mGET /api/website/relatedProduct?productId=5606&slug=plain-women-bra [32m200 [0m104.446 ms - 1541[0m
[0mGET /api/website/product/detail?productId=5785&slug=women-bra-6-pcs [36m304 [0m90.034 ms - -[0m
[0mGET /api/website/relatedProduct?productId=5785&slug=women-bra-6-pcs [36m304 [0m86.914 ms - -[0m
[0mGET /api/website/category/list [36m304 [0m61.060 ms - -[0m
[0mGET /api/website/category/list [36m304 [0m35.791 ms - -[0m
[0mGET /api/website/product/detail?productId=5294&slug=women-bra-combo-pack-6-pcs [32m200 [0m165.951 ms - 1400[0m
[0mGET /api/website/relatedProduct?productId=5294&slug=women-bra-combo-pack-6-pcs [32m200 [0m165.828 ms - 1439[0m
[0mGET /api/website/category/list [36m304 [0m75.863 ms - -[0m
[0mGET /api/website/popular/category-list [36m304 [0m35.127 ms - -[0m
[0mGET /api/website/category/list [36m304 [0m53.903 ms - -[0m
[0mGET /api/website/product/new-arrival [36m304 [0m86.489 ms - -[0m
[0mGET /api/website/product/home-kitchen [36m304 [0m90.221 ms - -[0m
[0mGET /api/website/product/women-fashion [36m304 [0m83.382 ms - -[0m
[0mGET /api/website/catalog/category/search?queryString=Dish-washer [32m200 [0m108.783 ms - 789[0m
[0mGET /api/website/catalog/product/search?filter_category=Dish-washer%20 [32m200 [0m156.821 ms - 3253[0m
[0mGET /api/website/category/list [32m200 [0m68.058 ms - 25414[0m
[0mGET /api/website/category/list [32m200 [0m92.147 ms - 25414[0m
[0mGET /api/website/category/list [32m200 [0m78.300 ms - 25414[0m
[0mGET /api/website/catalog/category/search?queryString=Dish-washer [32m200 [0m119.317 ms - 789[0m
[0mGET /api/website/catalog/product/search?filter_category=Dish-washer [32m200 [0m150.389 ms - 3253[0m
[0mGET /api/website/category/list [32m200 [0m73.691 ms - 25414[0m
[0mGET /api/website/category/list [32m200 [0m72.120 ms - 25414[0m
[0mGET /api/website/category/list [32m200 [0m70.378 ms - 25414[0m
[0mGET /api/website/catalog/category/search?queryString=Dish-washer [32m200 [0m117.678 ms - 789[0m
[0mGET /api/website/catalog/product/search?filter_category=Dish-washer [32m200 [0m157.255 ms - 3253[0m
[0mGET /api/website/popular/category-list [36m304 [0m41.417 ms - -[0m
[0mGET /api/website/category/list [36m304 [0m70.480 ms - -[0m
[0mGET /api/website/product/new-arrival [36m304 [0m63.210 ms - -[0m
[0mGET /api/website/product/women-fashion [36m304 [0m108.206 ms - -[0m
[0mGET /api/website/product/home-kitchen [36m304 [0m112.166 ms - -[0m
[0mGET /api/website/category/list [32m200 [0m105.321 ms - 25414[0m
[0mGET /api/website/popular/category-list [32m200 [0m81.632 ms - 8087[0m
[0mGET /api/website/product/new-arrival [32m200 [0m87.324 ms - 11113[0m
[0mGET /api/website/product/women-fashion [32m200 [0m174.028 ms - 16046[0m
[0mGET /api/website/product/home-kitchen [32m200 [0m175.868 ms - 15230[0m
[0mGET /api/website/category/list [36m304 [0m93.016 ms - -[0m
[0mGET /api/website/category/list [36m304 [0m29.623 ms - -[0m
[0mGET /api/website/category/list [36m304 [0m22.651 ms - -[0m
