[0mOPTIONS /api/website/product/detail [32m204 [0m19.620 ms - 0[0m
[0mPOST /api/website/product/detail [32m200 [0m113.398 ms - 2045[0m
[0mOPTIONS /api/website/category/list [32m204 [0m1.536 ms - 0[0m
[0mGET /api/website/category/list [36m304 [0m85.807 ms - -[0m
[0mOPTIONS /api/website/category/list [32m204 [0m1.697 ms - 0[0m
[0mOPTIONS /api/website/product/detail [32m204 [0m1.062 ms - 0[0m
[0mPOST /api/website/product/detail [32m200 [0m44.898 ms - 2045[0m
[0mOPTIONS /api/category/search-by-value [32m204 [0m2.278 ms - 0[0m
[0mPOST /api/category/search-by-value [32m200 [0m400.672 ms - 207540[0m
[0mPOST /api/category/search-by-value [32m200 [0m261.351 ms - 207540[0m
[0mPOST /api/category/search-by-value [32m200 [0m417.904 ms - 207540[0m
[0mPOST /api/category/search-by-value [32m200 [0m251.609 ms - 207540[0m
[0mPOST /api/category/search-by-value [32m200 [0m212.165 ms - 207540[0m
[0mOPTIONS /api/website/category/list [32m204 [0m1.119 ms - 0[0m
[0mOPTIONS /api/website/product/gcatalogsearch/result?search=Electronics%20%20Mobile%20Phones [32m204 [0m0.774 ms - 0[0m
[0mOPTIONS /api/website/product/brand-category-list [32m204 [0m0.507 ms - 0[0m
[0mGET /api/website/category/list [36m304 [0m40.310 ms - -[0m
[0mPOST /api/website/product/brand-category-list [32m200 [0m32.505 ms - 79[0m
[0mGET /api/website/product/gcatalogsearch/result?search=Electronics%20%20Mobile%20Phones [31m500 [0m53.447 ms - 35[0m
[0mOPTIONS /api/category/search-by-value [32m204 [0m3.475 ms - 0[0m
[0mPOST /api/category/search-by-value [32m200 [0m226.376 ms - 207540[0m
[0mPOST /api/category/search-by-value [32m200 [0m222.285 ms - 207540[0m
[0mOPTIONS /api/website/category/list [32m204 [0m1.668 ms - 0[0m
[0mOPTIONS /api/website/product/gcatalogsearch/result?search=Electronics%20%20Mobile%20Phones [32m204 [0m0.693 ms - 0[0m
[0mOPTIONS /api/website/product/brand-category-list [32m204 [0m7.257 ms - 0[0m
[0mGET /api/website/category/list [36m304 [0m54.887 ms - -[0m
[0mPOST /api/website/product/brand-category-list [32m200 [0m32.831 ms - 79[0m
[0mGET /api/website/product/gcatalogsearch/result?search=Electronics%20%20Mobile%20Phones [31m500 [0m44.695 ms - 35[0m
[0mOPTIONS /api/category/search-by-value [32m204 [0m4.737 ms - 0[0m
[0mPOST /api/category/search-by-value [32m200 [0m345.387 ms - 207540[0m
[0mPOST /api/category/search-by-value [32m200 [0m247.716 ms - 207540[0m
[0mPOST /api/category/search-by-value [32m200 [0m294.760 ms - 207540[0m
[0mPOST /api/category/search-by-value [32m200 [0m455.189 ms - 207540[0m
[0mPOST /api/category/search-by-value [32m200 [0m417.499 ms - 207540[0m
[0mPOST /api/category/search-by-value [32m200 [0m540.526 ms - 207540[0m
[0mOPTIONS /api/website/category/list [32m204 [0m1.386 ms - 0[0m
[0mOPTIONS /api/website/product/gcatalogsearch/result?search=Mobile%20Phone%20Accessories [32m204 [0m2.903 ms - 0[0m
[0mOPTIONS /api/website/product/brand-category-list [32m204 [0m2.576 ms - 0[0m
[0mGET /api/website/category/list [36m304 [0m111.952 ms - -[0m
[0mPOST /api/website/product/brand-category-list [32m200 [0m38.319 ms - 79[0m
[0mGET /api/website/product/gcatalogsearch/result?search=Mobile%20Phone%20Accessories [32m200 [0m120.184 ms - 15869[0m
[0mOPTIONS /api/website/category/list [32m204 [0m4.380 ms - 0[0m
[0mGET /api/website/category/list [36m304 [0m53.942 ms - -[0m
[0mOPTIONS /api/website/product/new-arrival [32m204 [0m1.002 ms - 0[0m
[0mGET /api/website/product/new-arrival [32m200 [0m288.173 ms - 1159285[0m
[0mOPTIONS /api/category/search-by-value [32m204 [0m23.765 ms - 0[0m
[0mPOST /api/category/search-by-value [32m200 [0m590.695 ms - 207540[0m
[0mPOST /api/category/search-by-value [32m200 [0m373.984 ms - 207540[0m
[0mOPTIONS /api/website/category/list [32m204 [0m2.563 ms - 0[0m
[0mGET /api/website/category/list [36m304 [0m76.613 ms - -[0m
[0mOPTIONS /api/website/product/new-arrival [32m204 [0m1.499 ms - 0[0m
[0mGET /api/website/product/new-arrival [32m200 [0m339.799 ms - 1159285[0m
[0mOPTIONS /api/website/category/list [32m204 [0m5.034 ms - 0[0m
[0mGET /api/website/category/list [36m304 [0m72.365 ms - -[0m
[0mOPTIONS /api/customer/getUserByEmailId [32m204 [0m1.213 ms - 0[0m
[0mGET /api/website/category/list [36m304 [0m139.118 ms - -[0m
[0mGET /api/customer/getUserByEmailId [36m304 [0m125.192 ms - -[0m
[0mOPTIONS /api/website/product/new-arrival [32m204 [0m1.675 ms - 0[0m
[0mGET /api/website/product/new-arrival [36m304 [0m374.618 ms - -[0m
[0mOPTIONS /api/website/category/list [32m204 [0m22.672 ms - 0[0m
[0mOPTIONS /api/customer/getUserByEmailId [32m204 [0m19.223 ms - 0[0m
[0mGET /api/customer/getUserByEmailId [33m401 [0m79.503 ms - 33[0m
[0mGET /api/website/category/list [36m304 [0m172.586 ms - -[0m
[0mOPTIONS /api/website/product/new-arrival [32m204 [0m1.507 ms - 0[0m
[0mGET /api/website/product/new-arrival [32m200 [0m401.830 ms - 1159285[0m
[0mOPTIONS /api/website/category/list [32m204 [0m4.191 ms - 0[0m
[0mOPTIONS /api/customer/getUserByEmailId [32m204 [0m0.903 ms - 0[0m
[0mGET /api/customer/getUserByEmailId [33m401 [0m6.147 ms - 33[0m
[0mGET /api/website/category/list [32m200 [0m59.107 ms - 23468[0m
[0mOPTIONS /api/website/product/new-arrival [32m204 [0m7.323 ms - 0[0m
[0mGET /api/website/product/new-arrival [0m- [0m- ms - -[0m
[0mPOST /api/category/search-by-value [32m200 [0m422.128 ms - 207540[0m
[0mGET /api/category/search-by-value?limit=5&query=p [33m404 [0m36.509 ms - 3157[0m
[0mGET /api/category/search-by-value?limit=5&query=g [33m404 [0m24.099 ms - 3157[0m
[0mGET /api/category/search-by-value?limit=5&query=gr [33m404 [0m18.030 ms - 3157[0m
[0mGET /api/category/search-by-value?limit=5&query=gro [33m404 [0m18.421 ms - 3157[0m
[0mGET /api/category/search-by-value?limit=5&query=g [33m404 [0m26.851 ms - 3157[0m
[0mGET /api/category/search-by-value?limit=5&query=gr [33m404 [0m16.926 ms - 3157[0m
[0mGET /api/category/search-by-value?limit=5&query=gro [33m404 [0m11.689 ms - 3157[0m
[0mGET /api/category/search-by-value?limit=5&query=gr [33m404 [0m28.529 ms - 3157[0m
[0mGET /api/website/autosuggest/searchlimit=5&query=g [33m404 [0m26.978 ms - 3157[0m
[0mGET /api/website/autosuggest/searchlimit=5&query=gr [33m404 [0m15.608 ms - 3157[0m
[0mGET /api/website/autosuggest/searchlimit=5&query=gro [33m404 [0m11.004 ms - 3157[0m
[0mGET /api/website/autosuggest/search?limit=5&query=g [32m200 [0m386.875 ms - 378179[0m
[0mGET /api/website/autosuggest/search?limit=5&query=gro [32m200 [0m243.152 ms - 378179[0m
[0mGET /api/website/autosuggest/search?limit=5&query=g [32m200 [0m264.054 ms - 111506[0m
[0mGET /api/website/autosuggest/search?limit=5&query=gro [32m200 [0m57.387 ms - 301[0m
[0mGET /api/website/autosuggest/search?limit=5&query=gr [32m200 [0m73.909 ms - 7768[0m
[0mGET /api/website/autosuggest/search?limit=5&query=groc [32m200 [0m55.327 ms - 86[0m
[0mGET /api/website/autosuggest/search?limit=5&query=groce [32m200 [0m40.038 ms - 86[0m
[0mGET /api/website/autosuggest/search?limit=5&query=grocer [32m200 [0m38.650 ms - 86[0m
[0mGET /api/website/autosuggest/search?limit=5&query=g [36m304 [0m237.677 ms - -[0m
[0mGET /api/website/autosuggest/search?limit=5&query=gr [36m304 [0m57.932 ms - -[0m
[0mGET /api/website/autosuggest/search?limit=5&query=gro [36m304 [0m27.552 ms - -[0m
[0mGET /api/website/autosuggest/search?limit=5&query=p [32m200 [0m244.101 ms - 110227[0m
[0mGET /api/website/autosuggest/search?limit=5&query=g [36m304 [0m214.827 ms - -[0m
[0mGET /api/website/autosuggest/search?limit=5&query=gr [36m304 [0m43.631 ms - -[0m
[0mGET /api/website/autosuggest/search?limit=5&query=gro [36m304 [0m38.808 ms - -[0m
[0mGET /api/website/autosuggest/search?limit=5&query=p [36m304 [0m217.071 ms - -[0m
[0mGET /api/website/autosuggest/search?limit=5&query=g [36m304 [0m224.171 ms - -[0m
[0mGET /api/website/autosuggest/search?limit=5&query=gro [36m304 [0m27.458 ms - -[0m
[0mGET /api/website/autosuggest/search?limit=5&query=gr [36m304 [0m74.344 ms - -[0m
[0mGET /api/website/autosuggest/search?limit=5&query=g [36m304 [0m174.752 ms - -[0m
[0mGET /api/website/autosuggest/search?limit=5&query=me [32m200 [0m113.870 ms - 25335[0m
[0mGET /api/website/autosuggest/search?limit=5&query=men [32m200 [0m35.419 ms - 6909[0m
[0mGET /api/website/autosuggest/search?limit=5&query=me [36m304 [0m96.854 ms - -[0m
[0mGET /api/website/autosuggest/search?limit=5&query=m [32m200 [0m155.681 ms - 123835[0m
[0mGET /api/website/autosuggest/search?limit=5&query=g [36m304 [0m207.823 ms - -[0m
[0mGET /api/website/autosuggest/search?limit=5&query=gro [36m304 [0m38.365 ms - -[0m
[0mGET /api/website/autosuggest/search?limit=5&query=gr [36m304 [0m139.269 ms - -[0m
[0mGET /api/website/autosuggest/search?limit=5&query=g [36m304 [0m158.678 ms - -[0m
[0mGET /api/website/autosuggest/search?limit=5&query=g [36m304 [0m191.614 ms - -[0m
[0mGET /api/website/autosuggest/search?limit=5&query=gr [36m304 [0m56.626 ms - -[0m
[0mGET /api/website/autosuggest/search?limit=5&query=g [32m200 [0m278.703 ms - 147212[0m
[0mGET /api/website/autosuggest/search?limit=5&query=gro [32m200 [0m23.220 ms - 421[0m
[0mGET /api/website/autosuggest/search?limit=5&query=gr [32m200 [0m79.122 ms - 10465[0m
[0mGET /api/website/autosuggest/search?limit=5&query=g [36m304 [0m163.927 ms - -[0m
[0mGET /api/website/autosuggest/search?limit=5&query=p [32m200 [0m287.383 ms - 144145[0m
[0mGET /api/website/autosuggest/search?limit=5&query=p [36m304 [0m280.938 ms - -[0m
[0mGET /api/website/autosuggest/search?limit=5&query=pa [32m200 [0m107.449 ms - 36029[0m
[0mGET /api/website/autosuggest/search?limit=5&query=g [36m304 [0m216.719 ms - -[0m
[0mGET /api/website/autosuggest/search?limit=5&query=gr [36m304 [0m57.778 ms - -[0m
[0mGET /api/website/autosuggest/search?limit=5&query=g [36m304 [0m245.717 ms - -[0m
[0mGET /api/website/autosuggest/search?limit=5&query=gro [36m304 [0m63.790 ms - -[0m
[0mGET /api/website/autosuggest/search?limit=5&query=gr [36m304 [0m53.510 ms - -[0m
[0mGET /api/website/autosuggest/search?limit=5&query=g [36m304 [0m231.318 ms - -[0m
[0mGET /api/website/autosuggest/search?limit=5&query=b [32m200 [0m157.363 ms - 116148[0m
[0mGET /api/website/autosuggest/search?limit=5&query=ba [32m200 [0m79.961 ms - 48566[0m
[0mGET /api/website/autosuggest/search?limit=5&query=bal [32m200 [0m28.931 ms - 24306[0m
[0mGET /api/website/autosuggest/search?limit=5&query=balt [32m200 [0m52.756 ms - 15474[0m
[0mGET /api/website/autosuggest/search?limit=5&query=baltr [32m200 [0m55.554 ms - 15474[0m
[0mGET /api/website/autosuggest/search?limit=5&query=baltra [32m200 [0m55.198 ms - 15474[0m
[0mGET /api/website/autosuggest/search?limit=5&query=b [36m304 [0m172.144 ms - -[0m
[0mGET /api/website/autosuggest/search?limit=5&query=ba [36m304 [0m78.721 ms - -[0m
[0mGET /api/website/autosuggest/search?limit=5&query=bal [36m304 [0m28.174 ms - -[0m
[0mGET /api/website/autosuggest/search?limit=5&query=balt [36m304 [0m47.321 ms - -[0m
[0mGET /api/website/autosuggest/search?limit=5&query=baltr [36m304 [0m52.228 ms - -[0m
[0mGET /api/website/autosuggest/search?limit=5&query=baltra [36m304 [0m46.796 ms - -[0m
[0mGET /api/website/autosuggest/search?limit=5&query=baltr [36m304 [0m56.395 ms - -[0m
[0mGET /api/website/autosuggest/search?limit=5&query=balt [36m304 [0m38.857 ms - -[0m
[0mGET /api/website/autosuggest/search?limit=5&query=bal [36m304 [0m67.598 ms - -[0m
[0mGET /api/website/autosuggest/search?limit=5&query=ba [36m304 [0m49.416 ms - -[0m
[0mGET /api/website/autosuggest/search?limit=5&query=g [36m304 [0m195.186 ms - -[0m
[0mGET /api/website/autosuggest/search?limit=5&query=gro [36m304 [0m26.314 ms - -[0m
[0mGET /api/website/autosuggest/search?limit=5&query=groc [32m200 [0m25.458 ms - 111[0m
[0mGET /api/website/autosuggest/search?limit=5&query=groce [32m200 [0m23.193 ms - 111[0m
[0mGET /api/website/autosuggest/search?limit=5&query=grocer [32m200 [0m24.330 ms - 111[0m
[0mGET /api/website/autosuggest/search?limit=5&query=grocerer [32m200 [0m43.280 ms - 49[0m
[0mGET /api/website/autosuggest/search?limit=5&query=grocerery [32m200 [0m24.063 ms - 49[0m
[0mGET /api/website/autosuggest/search?limit=5&query=grocerer [36m304 [0m29.775 ms - -[0m
[0mGET /api/website/autosuggest/search?limit=5&query=grocere [32m200 [0m25.940 ms - 49[0m
[0mGET /api/website/autosuggest/search?limit=5&query=grocer [36m304 [0m25.836 ms - -[0m
[0mGET /api/website/autosuggest/search?limit=5&query=g [36m304 [0m163.422 ms - -[0m
[0mGET /api/website/autosuggest/search?limit=5&query=gro [36m304 [0m55.434 ms - -[0m
[0mGET /api/website/autosuggest/search?limit=5&query=gr [32m200 [0m100.209 ms - 15663[0m
[0mGET /api/website/autosuggest/search?limit=5&query=g [32m200 [0m155.574 ms - 211405[0m
[0mGET /api/website/autosuggest/search?limit=5&query=g [36m304 [0m171.208 ms - -[0m
[0mGET /api/website/autosuggest/search?limit=5&query=gr [36m304 [0m43.174 ms - -[0m
[0mGET /api/website/autosuggest/search?limit=5&query=gro [32m200 [0m17.802 ms - 521[0m
[0mGET /api/website/autosuggest/search?limit=5&query=g [36m304 [0m209.455 ms - -[0m
[0mGET /api/website/autosuggest/search?limit=5&query=gr [36m304 [0m31.559 ms - -[0m
[0mGET /api/website/autosuggest/search?limit=5&query=gro [36m304 [0m30.219 ms - -[0m
[0mGET /api/website/autosuggest/search?limit=5&query=g [36m304 [0m172.318 ms - -[0m
[0mGET /api/website/autosuggest/search?limit=5&query=gro [36m304 [0m23.794 ms - -[0m
[0mGET /api/website/autosuggest/search?limit=5&query=g [36m304 [0m240.243 ms - -[0m
[0mGET /api/website/autosuggest/search?limit=5&query=gr [36m304 [0m35.835 ms - -[0m
[0mGET /api/website/autosuggest/search?limit=5&query=g [36m304 [0m208.666 ms - -[0m
[0mGET /api/website/autosuggest/search?limit=5&query=g [36m304 [0m259.964 ms - -[0m
[0mGET /api/website/autosuggest/search?limit=5&query=gr [36m304 [0m64.659 ms - -[0m
[0mGET /api/website/autosuggest/search?limit=5&query=gro [36m304 [0m17.588 ms - -[0m
[0mGET /api/website/autosuggest/search?limit=5&query=gr [36m304 [0m69.308 ms - -[0m
[0mGET /api/website/autosuggest/search?limit=5&query=g [36m304 [0m195.408 ms - -[0m
[0mGET /api/website/autosuggest/search?limit=5&query=m [32m200 [0m201.754 ms - 232738[0m
[0mGET /api/website/autosuggest/search?limit=5&query=mi [32m200 [0m38.642 ms - 36360[0m
[0mGET /api/website/autosuggest/search?limit=5&query=mid [32m200 [0m39.873 ms - 2753[0m
[0mGET /api/website/autosuggest/search?limit=5&query=mide [32m200 [0m33.404 ms - 2753[0m
[0mGET /api/website/autosuggest/search?limit=5&query=midea [32m200 [0m35.547 ms - 2753[0m
[0mGET /api/website/autosuggest/search?limit=5&query=mide [36m304 [0m40.192 ms - -[0m
[0mGET /api/website/autosuggest/search?limit=5&query=mid [36m304 [0m47.503 ms - -[0m
[0mGET /api/website/autosuggest/search?limit=5&query=mi [36m304 [0m80.502 ms - -[0m
[0mGET /api/website/autosuggest/search?limit=5&query=m [36m304 [0m156.519 ms - -[0m
[0mGET /api/website/autosuggest/search?limit=5&query=mi [36m304 [0m84.485 ms - -[0m
[0mGET /api/website/autosuggest/search?limit=5&query=mid [36m304 [0m31.776 ms - -[0m
[0mGET /api/website/autosuggest/search?limit=5&query=mide [36m304 [0m36.621 ms - -[0m
[0mGET /api/website/autosuggest/search?limit=5&query=midea [36m304 [0m44.022 ms - -[0m
[0mGET /api/website/autosuggest/search?limit=5&query=mide [36m304 [0m35.325 ms - -[0m
[0mGET /api/website/autosuggest/search?limit=5&query=mid [36m304 [0m37.562 ms - -[0m
[0mGET /api/website/autosuggest/search?limit=5&query=mi [36m304 [0m79.808 ms - -[0m
[0mGET /api/website/autosuggest/search?limit=5&query=m [36m304 [0m172.026 ms - -[0m
[0mGET /api/website/autosuggest/search?limit=5&query=m [36m304 [0m216.072 ms - -[0m
[0mGET /api/website/autosuggest/search?limit=5&query=m [36m304 [0m221.084 ms - -[0m
[0mGET /api/website/autosuggest/search?limit=5&query=mi [36m304 [0m46.091 ms - -[0m
[0mGET /api/website/autosuggest/search?limit=5&query=mid [36m304 [0m32.648 ms - -[0m
[0mGET /api/website/autosuggest/search?limit=5&query=mide [36m304 [0m41.733 ms - -[0m
[0mGET /api/website/autosuggest/search?limit=5&query=midea [36m304 [0m43.641 ms - -[0m
[0mGET /api/website/autosuggest/search?limit=5&query=mide [36m304 [0m75.422 ms - -[0m
[0mGET /api/website/autosuggest/search?limit=5&query=m [36m304 [0m261.960 ms - -[0m
[0mGET /api/website/autosuggest/search?limit=5&query=mi [36m304 [0m53.071 ms - -[0m
[0mGET /api/website/autosuggest/search?limit=5&query=mid [36m304 [0m36.316 ms - -[0m
[0mGET /api/website/autosuggest/search?limit=5&query=mide [36m304 [0m34.989 ms - -[0m
[0mGET /api/website/autosuggest/search?limit=5&query=midea [36m304 [0m38.134 ms - -[0m
[0mGET /api/website/autosuggest/search?limit=5&query=g [32m200 [0m259.615 ms - 499[0m
[0mGET /api/website/autosuggest/search?limit=5&query=gr [32m200 [0m29.644 ms - 194[0m
[0mGET /api/website/autosuggest/search?limit=5&query=gro [32m200 [0m17.328 ms - 194[0m
[0mGET /api/website/autosuggest/search?limit=5&query=gr [36m304 [0m53.351 ms - -[0m
[0mGET /api/website/autosuggest/search?limit=5&query=g [36m304 [0m155.532 ms - -[0m
[0mGET /api/website/autosuggest/search?limit=5&query=m [32m200 [0m172.993 ms - 1080[0m
[0mGET /api/website/autosuggest/search?limit=5&query=mi [32m200 [0m49.075 ms - 179[0m
[0mGET /api/website/autosuggest/search?limit=5&query=mid [32m200 [0m19.138 ms - 49[0m
[0mGET /api/website/autosuggest/search?limit=5&query=mide [32m200 [0m27.142 ms - 49[0m
[0mGET /api/website/autosuggest/search?limit=5&query=midea [32m200 [0m28.392 ms - 49[0m
[0mGET /api/website/autosuggest/search?limit=5&query=mide [36m304 [0m32.958 ms - -[0m
[0mGET /api/website/autosuggest/search?limit=5&query=mid [36m304 [0m67.425 ms - -[0m
[0mGET /api/website/autosuggest/search?limit=5&query=M [32m200 [0m213.943 ms - 1080[0m
[0mGET /api/website/autosuggest/search?limit=5&query=MI [32m200 [0m81.807 ms - 179[0m
[0mGET /api/website/autosuggest/search?limit=5&query=MID [32m200 [0m44.080 ms - 49[0m
[0mGET /api/website/autosuggest/search?limit=5&query=MIDE [32m200 [0m36.756 ms - 49[0m
[0mGET /api/website/autosuggest/search?limit=5&query=MIDEA [32m200 [0m31.010 ms - 49[0m
[0mGET /api/website/autosuggest/search?limit=5&query=MIDE [36m304 [0m33.541 ms - -[0m
[0mGET /api/website/autosuggest/search?limit=5&query=MID [36m304 [0m39.435 ms - -[0m
[0mGET /api/website/autosuggest/search?limit=5&query=MI [36m304 [0m69.632 ms - -[0m
[0mGET /api/website/autosuggest/search?limit=5&query=M [36m304 [0m191.054 ms - -[0m
[0mGET /api/website/autosuggest/search?limit=5&query=m [36m304 [0m165.582 ms - -[0m
[0mGET /api/website/autosuggest/search?limit=5&query=mi [36m304 [0m33.538 ms - -[0m
[0mGET /api/website/autosuggest/search?limit=5&query=mid [36m304 [0m38.386 ms - -[0m
[0mGET /api/website/autosuggest/search?limit=5&query=mide [36m304 [0m24.229 ms - -[0m
[0mGET /api/website/autosuggest/search?limit=5&query=midea [36m304 [0m27.909 ms - -[0m
[0mGET /api/website/autosuggest/search?limit=5&query=mide [36m304 [0m54.458 ms - -[0m
[0mGET /api/website/autosuggest/search?limit=5&query=mid [36m304 [0m30.422 ms - -[0m
[0mGET /api/website/autosuggest/search?limit=5&query=mi [36m304 [0m59.239 ms - -[0m
[0mGET /api/website/autosuggest/search?limit=5&query=m [36m304 [0m180.507 ms - -[0m
[0mGET /api/website/autosuggest/search?limit=5&query=M [36m304 [0m175.480 ms - -[0m
[0mGET /api/website/autosuggest/search?limit=5&query=Mi [32m200 [0m93.659 ms - 179[0m
[0mGET /api/website/autosuggest/search?limit=5&query=Mid [32m200 [0m59.974 ms - 49[0m
[0mGET /api/website/autosuggest/search?limit=5&query=Mide [32m200 [0m28.575 ms - 49[0m
[0mGET /api/website/autosuggest/search?limit=5&query=Midea [32m200 [0m14.449 ms - 49[0m
[0mGET /api/website/autosuggest/search?limit=5&query=m [36m304 [0m250.802 ms - -[0m
[0mGET /api/website/autosuggest/search?limit=5&query=mi [36m304 [0m62.630 ms - -[0m
[0mGET /api/website/autosuggest/search?limit=5&query=mid [36m304 [0m21.896 ms - -[0m
[0mGET /api/website/autosuggest/search?limit=5&query=mide [36m304 [0m29.897 ms - -[0m
[0mGET /api/website/autosuggest/search?limit=5&query=midea [36m304 [0m27.329 ms - -[0m
[0mGET /api/website/autosuggest/search?limit=5&query=m [36m304 [0m219.452 ms - -[0m
[0mGET /api/website/autosuggest/search?limit=5&query=mi [36m304 [0m50.960 ms - -[0m
[0mGET /api/website/autosuggest/search?limit=5&query=mid [36m304 [0m46.496 ms - -[0m
[0mGET /api/website/autosuggest/search?limit=5&query=mide [36m304 [0m28.434 ms - -[0m
[0mGET /api/website/autosuggest/search?limit=5&query=midea [36m304 [0m43.836 ms - -[0m
[0mGET /api/website/autosuggest/search?limit=5&query=m [36m304 [0m233.854 ms - -[0m
[0mGET /api/website/autosuggest/search?limit=5&query=mi [36m304 [0m47.771 ms - -[0m
[0mGET /api/website/autosuggest/search?limit=5&query=mid [32m200 [0m49.205 ms - 89[0m
[0mGET /api/website/autosuggest/search?limit=5&query=mi [36m304 [0m58.839 ms - -[0m
[0mGET /api/website/autosuggest/search?limit=5&query=mid [36m304 [0m39.873 ms - -[0m
[0mGET /api/website/autosuggest/search?limit=5&query=mide [32m200 [0m27.860 ms - 89[0m
[0mGET /api/website/autosuggest/search?limit=5&query=midea [32m200 [0m27.402 ms - 89[0m
[0mGET /api/website/autosuggest/search?limit=5&query=mide [36m304 [0m55.705 ms - -[0m
[0mGET /api/website/autosuggest/search?limit=5&query=mid [36m304 [0m44.607 ms - -[0m
[0mGET /api/website/autosuggest/search?limit=5&query=mi [36m304 [0m107.625 ms - -[0m
[0mGET /api/website/autosuggest/search?limit=5&query=m [36m304 [0m190.206 ms - -[0m
[0mGET /api/website/autosuggest/search?limit=5&query=b [32m200 [0m148.516 ms - 975[0m
[0mGET /api/website/autosuggest/search?limit=5&query=ba [32m200 [0m65.241 ms - 173[0m
[0mGET /api/website/autosuggest/search?limit=5&query=bal [32m200 [0m54.864 ms - 176[0m
[0mGET /api/website/autosuggest/search?limit=5&query=balt [32m200 [0m46.578 ms - 90[0m
[0mGET /api/website/autosuggest/search?limit=5&query=baltr [32m200 [0m54.576 ms - 90[0m
[0mGET /api/website/autosuggest/search?limit=5&query=baltra [32m200 [0m52.097 ms - 90[0m
[0mGET /api/website/autosuggest/search?limit=5&query=baltr [36m304 [0m55.697 ms - -[0m
[0mGET /api/website/autosuggest/search?limit=5&query=balt [36m304 [0m58.251 ms - -[0m
[0mGET /api/website/autosuggest/search?limit=5&query=bal [36m304 [0m56.217 ms - -[0m
[0mGET /api/website/autosuggest/search?limit=5&query=ba [36m304 [0m69.478 ms - -[0m
[0mGET /api/website/autosuggest/search?limit=5&query=b [36m304 [0m125.461 ms - -[0m
[0mGET /api/website/autosuggest/search?limit=5&query=r [32m200 [0m215.267 ms - 1498[0m
[0mGET /api/website/autosuggest/search?limit=5&query=ri [32m200 [0m73.663 ms - 214[0m
[0mGET /api/website/autosuggest/search?limit=5&query=ric [32m200 [0m30.803 ms - 168[0m
[0mGET /api/website/autosuggest/search?limit=5&query=rice [32m200 [0m30.802 ms - 117[0m
[0mGET /api/website/autosuggest/search?limit=5&query=ric [36m304 [0m145.343 ms - -[0m
[0mGET /api/website/autosuggest/search?limit=5&query=ri [36m304 [0m134.618 ms - -[0m
[0mGET /api/website/autosuggest/search?limit=5&query=r [36m304 [0m204.081 ms - -[0m
[0mGET /api/website/autosuggest/search?limit=5&query=ri [36m304 [0m119.997 ms - -[0m
[0mGET /api/website/autosuggest/search?limit=5&query=ric [36m304 [0m30.146 ms - -[0m
[0mGET /api/website/autosuggest/search?limit=5&query=ri [36m304 [0m105.155 ms - -[0m
[0mGET /api/website/autosuggest/search?limit=5&query=r [36m304 [0m171.367 ms - -[0m
[0mGET /api/website/autosuggest/search?limit=5&query=s [32m200 [0m229.787 ms - 1907[0m
[0mGET /api/website/autosuggest/search?limit=5&query=so [32m200 [0m30.788 ms - 185[0m
[0mGET /api/website/autosuggest/search?limit=5&query=son [32m200 [0m22.968 ms - 185[0m
[0mGET /api/website/autosuggest/search?limit=5&query=sona [32m200 [0m17.362 ms - 185[0m
[0mGET /api/website/autosuggest/search?limit=5&query=sonama [32m200 [0m21.358 ms - 49[0m
[0mGET /api/website/autosuggest/search?limit=5&query=sonaman [32m200 [0m34.052 ms - 49[0m
[0mGET /api/website/autosuggest/search?limit=5&query=sonama [36m304 [0m28.541 ms - -[0m
[0mGET /api/website/autosuggest/search?limit=5&query=sonam [32m200 [0m33.156 ms - 219[0m
[0mGET /api/website/autosuggest/search?limit=5&query=sona [36m304 [0m44.301 ms - -[0m
[0mGET /api/website/autosuggest/search?limit=5&query=son [36m304 [0m47.184 ms - -[0m
[0mGET /api/website/autosuggest/search?limit=5&query=so [36m304 [0m46.358 ms - -[0m
[0mGET /api/website/autosuggest/search?limit=5&query=s [36m304 [0m182.437 ms - -[0m
[0mGET /api/website/autosuggest/search?limit=5&query=f [32m200 [0m105.751 ms - 389[0m
[0mGET /api/website/autosuggest/search?limit=5&query=fa [32m200 [0m27.800 ms - 199[0m
[0mGET /api/website/autosuggest/search?limit=5&query=fau [32m200 [0m24.177 ms - 88[0m
[0mGET /api/website/autosuggest/search?limit=5&query=fa [36m304 [0m60.943 ms - -[0m
[0mGET /api/website/autosuggest/search?limit=5&query=f [36m304 [0m82.007 ms - -[0m
[0mGET /api/website/autosuggest/search?limit=5&query=g [36m304 [0m150.361 ms - -[0m
[0mGET /api/website/autosuggest/search?limit=5&query=gr [36m304 [0m58.784 ms - -[0m
[0mGET /api/website/autosuggest/search?limit=5&query=gro [36m304 [0m26.355 ms - -[0m
[0mGET /api/website/autosuggest/search?limit=5&query=groc [32m200 [0m21.713 ms - 194[0m
[0mGET /api/website/autosuggest/search?limit=5&query=groce [32m200 [0m19.643 ms - 194[0m
[0mGET /api/website/autosuggest/search?limit=5&query=grocer [32m200 [0m17.755 ms - 194[0m
[0mGET /api/website/autosuggest/search?limit=5&query=groce [36m304 [0m51.296 ms - -[0m
[0mGET /api/website/autosuggest/search?limit=5&query=s [36m304 [0m261.805 ms - -[0m
[0mGET /api/website/autosuggest/search?limit=5&query=sa [32m200 [0m62.506 ms - 238[0m
[0mGET /api/website/autosuggest/search?limit=5&query=sam [32m200 [0m56.235 ms - 211[0m
[0mGET /api/website/autosuggest/search?limit=5&query=sa [36m304 [0m70.837 ms - -[0m
[0mGET /api/website/autosuggest/search?limit=5&query=s [36m304 [0m184.432 ms - -[0m
[0mGET /api/website/autosuggest/search?limit=5&query=c [32m200 [0m329.433 ms - 1581[0m
[0mGET /api/website/autosuggest/search?limit=5&query=cl [32m200 [0m51.195 ms - 336[0m
[0mGET /api/website/autosuggest/search?limit=5&query=cli [32m200 [0m27.657 ms - 100[0m
[0mGET /api/website/autosuggest/search?limit=5&query=cl [36m304 [0m51.541 ms - -[0m
[0mGET /api/website/autosuggest/search?limit=5&query=c [36m304 [0m237.027 ms - -[0m
[0mGET /api/website/autosuggest/search?limit=5&query=f [36m304 [0m131.139 ms - -[0m
[0mGET /api/website/autosuggest/search?limit=5&query=fa [36m304 [0m29.140 ms - -[0m
[0mGET /api/website/autosuggest/search?limit=5&query=fas [32m200 [0m45.226 ms - 199[0m
[0mGET /api/website/autosuggest/search?limit=5&query=fash [32m200 [0m39.151 ms - 231[0m
[0mGET /api/website/autosuggest/search?limit=5&query=fashw [32m200 [0m23.892 ms - 49[0m
[0mGET /api/website/autosuggest/search?limit=5&query=fashwa [32m200 [0m19.035 ms - 49[0m
[0mGET /api/website/autosuggest/search?limit=5&query=fashwas [32m200 [0m29.172 ms - 49[0m
[0mGET /api/website/autosuggest/search?limit=5&query=fashwa [36m304 [0m24.211 ms - -[0m
[0mGET /api/website/autosuggest/search?limit=5&query=fashw [36m304 [0m30.114 ms - -[0m
[0mGET /api/website/autosuggest/search?limit=5&query=fash [36m304 [0m37.229 ms - -[0m
[0mGET /api/website/autosuggest/search?limit=5&query=fas [36m304 [0m43.039 ms - -[0m
[0mGET /api/website/autosuggest/search?limit=5&query=fa [36m304 [0m81.835 ms - -[0m
[0mGET /api/website/autosuggest/search?limit=5&query=f [36m304 [0m106.067 ms - -[0m
[0mGET /api/website/autosuggest/search?limit=5&query=f [36m304 [0m127.868 ms - -[0m
[0mGET /api/website/autosuggest/search?limit=5&query=fa [36m304 [0m65.215 ms - -[0m
[0mGET /api/website/autosuggest/search?limit=5&query=fac [32m200 [0m54.061 ms - 96[0m
[0mGET /api/website/autosuggest/search?limit=5&query=face [32m200 [0m59.852 ms - 96[0m
[0mGET /api/website/autosuggest/search?limit=5&query=fac [36m304 [0m49.987 ms - -[0m
[0mGET /api/website/autosuggest/search?limit=5&query=fa [36m304 [0m70.852 ms - -[0m
[0mGET /api/website/autosuggest/search?limit=5&query=f [36m304 [0m143.885 ms - -[0m
[0mGET /api/website/autosuggest/search?limit=5&query=s [36m304 [0m196.852 ms - -[0m
[0mGET /api/website/autosuggest/search?limit=5&query=so [36m304 [0m54.961 ms - -[0m
[0mGET /api/website/autosuggest/search?limit=5&query=so [36m304 [0m70.207 ms - -[0m
[0mGET /api/website/autosuggest/search?limit=5&query=s [36m304 [0m204.075 ms - -[0m
[0mGET /api/website/autosuggest/search?limit=5&query=s [36m304 [0m210.767 ms - -[0m
[0mGET /api/website/autosuggest/search?limit=5&query=so [36m304 [0m72.749 ms - -[0m
[0mGET /api/website/autosuggest/search?limit=5&query=so [36m304 [0m72.637 ms - -[0m
[0mGET /api/website/autosuggest/search?limit=5&query=s [36m304 [0m193.224 ms - -[0m
[0mGET /api/website/autosuggest/search?limit=5&query=s [36m304 [0m244.258 ms - -[0m
[0mGET /api/website/autosuggest/search?limit=5&query=so [36m304 [0m98.618 ms - -[0m
[0mGET /api/website/autosuggest/search?limit=5&query=so [36m304 [0m72.562 ms - -[0m
[0mGET /api/website/autosuggest/search?limit=5&query=s [36m304 [0m192.872 ms - -[0m
[0mGET /api/website/autosuggest/search?limit=5&query=c [36m304 [0m198.694 ms - -[0m
[0mGET /api/website/autosuggest/search?limit=5&query=ch [32m200 [0m115.222 ms - 356[0m
[0mGET /api/website/autosuggest/search?limit=5&query=cho [32m200 [0m40.621 ms - 218[0m
[0mGET /api/website/autosuggest/search?limit=5&query=choc [32m200 [0m52.375 ms - 218[0m
[0mGET /api/website/autosuggest/search?limit=5&query=soa [0m- [0m- ms - -[0m
[0mGET /api/website/autosuggest/search?limit=5&query=soap [0m- [0m- ms - -[0m
[0mGET /api/website/autosuggest/search?limit=5&query=soa [0m- [0m- ms - -[0m
[0mGET /api/website/autosuggest/search?limit=5&query=soa [0m- [0m- ms - -[0m
[0mGET /api/website/autosuggest/search?limit=5&query=soa [0m- [0m- ms - -[0m
[0mGET /api/website/autosuggest/search?limit=5&query=soap [0m- [0m- ms - -[0m
[0mGET /api/website/autosuggest/search?limit=5&query=ch [36m304 [0m161.380 ms - -[0m
[0mGET /api/website/autosuggest/search?limit=5&query=c [36m304 [0m226.332 ms - -[0m
[0mGET /api/website/autosuggest/search?limit=5&query=h [32m200 [0m215.509 ms - 805[0m
[0mGET /api/website/autosuggest/search?limit=5&query=ho [32m200 [0m29.125 ms - 674[0m
[0mGET /api/website/autosuggest/search?limit=5&query=hom [32m200 [0m22.462 ms - 186[0m
[0mGET /api/website/autosuggest/search?limit=5&query=home [32m200 [0m53.442 ms - 186[0m
[0mGET /api/website/autosuggest/search?limit=5&query=hom [36m304 [0m24.915 ms - -[0m
[0mGET /api/website/autosuggest/search?limit=5&query=ho [36m304 [0m79.565 ms - -[0m
[0mGET /api/website/autosuggest/search?limit=5&query=h [36m304 [0m162.687 ms - -[0m
[0mGET /api/website/category/list [32m200 [0m141.065 ms - 23468[0m
[0mGET /api/website/category/list [32m200 [0m62.550 ms - 23468[0m
[0mGET /api/website/category/list [36m304 [0m96.527 ms - -[0m
[0mGET /api/website/category/list [32m200 [0m64.404 ms - 23468[0m
[0mGET /api/website/category/list [36m304 [0m62.288 ms - -[0m
[0mGET /api/website/category/list [36m304 [0m45.493 ms - -[0m
[0mGET /api/website/category/list [36m304 [0m43.685 ms - -[0m
[0mGET /api/website/category/list [32m200 [0m38.593 ms - 23468[0m
[0mGET /api/website/category/list [36m304 [0m37.970 ms - -[0m
[0mGET /api/website/category/list [32m200 [0m46.601 ms - 23468[0m
[0mGET /api/website/category/list [36m304 [0m49.241 ms - -[0m
[0mGET /api/website/category/list [32m200 [0m50.495 ms - 23468[0m
[0mGET /api/website/category/list [36m304 [0m50.528 ms - -[0m
[0mGET /api/website/category/list [36m304 [0m22.114 ms - -[0m
[0mGET /api/website/category/list [32m200 [0m68.220 ms - 23468[0m
[0mGET /api/website/category/list [32m200 [0m62.206 ms - 23468[0m
[0mGET /api/website/category/list [36m304 [0m31.192 ms - -[0m
[0mGET /api/website/category/list [32m200 [0m30.443 ms - 23468[0m
[0mGET /api/website/category/list [32m200 [0m53.517 ms - 23468[0m
[0mGET /api/website/category/list [32m200 [0m40.970 ms - 23468[0m
[0mGET /api/website/category/list [32m200 [0m64.084 ms - 23468[0m
[0mGET /api/website/category/list [32m200 [0m102.636 ms - 23468[0m
[0mGET /api/website/category/list [36m304 [0m30.153 ms - -[0m
[0mGET /api/website/category/list [36m304 [0m56.172 ms - -[0m
[0mGET /api/website/category/list [36m304 [0m66.022 ms - -[0m
[0mGET /api/website/category/list [32m200 [0m58.399 ms - 23468[0m
[0mGET /api/website/category/list [36m304 [0m48.139 ms - -[0m
[0mGET /api/website/category/list [36m304 [0m38.187 ms - -[0m
[0mGET /api/website/category/list [32m200 [0m58.196 ms - 23468[0m
[0mGET /api/website/category/list [32m200 [0m76.788 ms - 23468[0m
[0mGET /api/website/category/list [36m304 [0m71.270 ms - -[0m
[0mGET /api/website/category/list [32m200 [0m32.307 ms - 23468[0m
[0mGET /api/website/category/list [36m304 [0m41.483 ms - -[0m
[0mGET /api/website/category/list [36m304 [0m26.757 ms - -[0m
[0mGET /api/website/category/list [32m200 [0m53.910 ms - 23468[0m
[0mGET /api/website/category/list [32m200 [0m28.376 ms - 23468[0m
[0mGET /api/website/category/list [36m304 [0m71.261 ms - -[0m
[0mGET /api/website/category/list [36m304 [0m28.446 ms - -[0m
[0mGET /api/website/category/list [32m200 [0m34.262 ms - 23468[0m
[0mGET /api/website/category/list [32m200 [0m18.542 ms - 23468[0m
[0mGET /api/website/category/list [36m304 [0m47.082 ms - -[0m
[0mGET /api/website/category/list [32m200 [0m20.651 ms - 23468[0m
[0mGET /api/website/category/list [36m304 [0m37.849 ms - -[0m
[0mGET /api/website/category/list [36m304 [0m19.631 ms - -[0m
[0mGET /api/website/category/list [32m200 [0m94.647 ms - 23468[0m
[0mGET /api/website/category/list [32m200 [0m88.337 ms - 23468[0m
[0mGET /api/website/category/list [36m304 [0m63.436 ms - -[0m
[0mGET /api/website/category/list [32m200 [0m57.555 ms - 23468[0m
[0mGET /api/website/category/list [32m200 [0m25.878 ms - 23468[0m
[0mGET /api/website/category/list [36m304 [0m60.423 ms - -[0m
[0mGET /api/website/category/list [36m304 [0m18.113 ms - -[0m
[0mGET /api/website/category/list [36m304 [0m36.990 ms - -[0m
[0mGET /api/website/category/list [36m304 [0m28.816 ms - -[0m
[0mGET /api/website/category/list [32m200 [0m33.122 ms - 23468[0m
[0mGET /api/website/category/list [32m200 [0m24.704 ms - 23468[0m
[0mGET /api/website/category/list [36m304 [0m29.191 ms - -[0m
[0mGET /api/website/category/list [32m200 [0m43.457 ms - 23468[0m
[0mGET /api/website/category/list [32m200 [0m17.875 ms - 23468[0m
[0mGET /api/website/category/list [36m304 [0m54.071 ms - -[0m
[0mGET /api/website/category/list [36m304 [0m40.054 ms - -[0m
[0mGET /api/website/category/list [36m304 [0m29.320 ms - -[0m
[0mGET /api/website/category/list [32m200 [0m83.124 ms - 23468[0m
[0mGET /api/website/category/list [32m200 [0m74.711 ms - 23468[0m
[0mGET /api/website/category/list [32m200 [0m53.104 ms - 23468[0m
[0mGET /api/website/category/list [32m200 [0m81.608 ms - 23468[0m
[0mGET /api/website/autosuggest/search?limit=5&query=g [36m304 [0m248.746 ms - -[0m
[0mGET /api/website/category/list [36m304 [0m91.068 ms - -[0m
[0mGET /api/website/category/list [32m200 [0m103.389 ms - 23468[0m
[0mGET /api/website/category/list [32m200 [0m63.134 ms - 23468[0m
[0mOPTIONS /api/auth/rootLogin [32m204 [0m4.561 ms - 0[0m
[0mPOST /api/auth/rootLogin [31m500 [0m89.103 ms - 34[0m
[0mOPTIONS /api/auth/rootLogin [32m204 [0m1.975 ms - 0[0m
[0mPOST /api/auth/rootLogin [31m500 [0m22.242 ms - 34[0m
[0mOPTIONS /api/auth/rootLogin [32m204 [0m15.314 ms - 0[0m
[0mPOST /api/auth/rootLogin [32m200 [0m327.736 ms - 211[0m
[0mOPTIONS /api/order/notifications [32m204 [0m1.526 ms - 0[0m
[0mOPTIONS /api/order/list [32m204 [0m2.787 ms - 0[0m
[0mOPTIONS /api/order/count [32m204 [0m2.399 ms - 0[0m
[0mGET /api/order/count [36m304 [0m29.969 ms - -[0m
[0mGET /api/order/notifications [36m304 [0m80.742 ms - -[0m
[0mGET /api/order/list [32m200 [0m148.103 ms - 192273[0m
[0mOPTIONS /api/order/notifications [32m204 [0m14.094 ms - 0[0m
[0mOPTIONS /api/category/list [32m204 [0m1.802 ms - 0[0m
[0mGET /api/category/list [32m200 [0m76.158 ms - 112790[0m
[0mGET /api/order/notifications [36m304 [0m90.627 ms - -[0m
[0mOPTIONS /api/order/notifications [32m204 [0m1.214 ms - 0[0m
[0mGET /api/order/notifications [36m304 [0m28.218 ms - -[0m
[0mOPTIONS /api/category/list [32m204 [0m1.342 ms - 0[0m
[0mOPTIONS /api/order/notifications [32m204 [0m0.875 ms - 0[0m
[0mGET /api/order/notifications [36m304 [0m17.348 ms - -[0m
[0mOPTIONS /api/order/notifications [32m204 [0m4.155 ms - 0[0m
[0mOPTIONS /api/category/list [32m204 [0m2.442 ms - 0[0m
[0mGET /api/category/list [36m304 [0m82.141 ms - -[0m
[0mGET /api/order/notifications [36m304 [0m92.518 ms - -[0m
[0mOPTIONS /api/order/notifications [32m204 [0m1.080 ms - 0[0m
[0mOPTIONS /api/category/admin/main-list [32m204 [0m0.636 ms - 0[0m
[0mGET /api/category/admin/main-list [32m200 [0m22.039 ms - 14950[0m
[0mGET /api/order/notifications [36m304 [0m41.393 ms - -[0m
[0mOPTIONS /api/order/notifications [32m204 [0m3.976 ms - 0[0m
[0mOPTIONS /api/category/admin/main-list [32m204 [0m6.094 ms - 0[0m
[0mGET /api/category/admin/main-list [36m304 [0m24.659 ms - -[0m
[0mGET /api/order/notifications [36m304 [0m33.295 ms - -[0m
[0mOPTIONS /api/order/notifications [32m204 [0m5.453 ms - 0[0m
[0mOPTIONS /api/category/admin/main-list [32m204 [0m4.032 ms - 0[0m
[0mGET /api/category/admin/main-list [36m304 [0m35.380 ms - -[0m
[0mGET /api/order/notifications [36m304 [0m50.687 ms - -[0m
[0mOPTIONS /api/category/main-list/update [32m204 [0m3.122 ms - 0[0m
[0mPOST /api/category/main-list/update [31m500 [0m102.525 ms - 3183[0m
[0mOPTIONS /api/category/main-list/update [32m204 [0m14.004 ms - 0[0m
[0mPOST /api/category/main-list/update [31m500 [0m62.939 ms - 3183[0m
[0mOPTIONS /api/category/main-list/update [32m204 [0m11.874 ms - 0[0m
[0mPOST /api/category/main-list/update [31m500 [0m65.812 ms - 3183[0m
[0mOPTIONS /api/category/main-list/update [32m204 [0m23.729 ms - 0[0m
[0mPOST /api/category/main-list/update [31m500 [0m69.189 ms - 3183[0m
[0mOPTIONS /api/category/main-list/update [32m204 [0m19.638 ms - 0[0m
[0mPOST /api/category/main-list/update [31m500 [0m62.042 ms - 3183[0m
[0mOPTIONS /api/category/main-list/update [32m204 [0m9.859 ms - 0[0m
[0mPOST /api/category/main-list/update [32m200 [0m59.598 ms - 54[0m
[0mOPTIONS /api/order/notifications [32m204 [0m1.181 ms - 0[0m
[0mOPTIONS /api/category/admin/main-list [32m204 [0m0.336 ms - 0[0m
[0mGET /api/category/admin/main-list [32m200 [0m50.077 ms - 14951[0m
[0mGET /api/order/notifications [36m304 [0m62.803 ms - -[0m
[0mOPTIONS /api/category/main-list/update [32m204 [0m9.754 ms - 0[0m
[0mPOST /api/category/main-list/update [31m500 [0m75.582 ms - 3183[0m
[0mOPTIONS /api/category/main-list/update [32m204 [0m18.738 ms - 0[0m
[0mPOST /api/category/main-list/update [32m200 [0m47.872 ms - 78[0m
[0mOPTIONS /api/order/notifications [32m204 [0m1.810 ms - 0[0m
[0mOPTIONS /api/category/admin/main-list [32m204 [0m0.336 ms - 0[0m
[0mGET /api/category/admin/main-list [32m200 [0m19.750 ms - 14950[0m
[0mGET /api/order/notifications [36m304 [0m33.806 ms - -[0m
[0mOPTIONS /api/order/notifications [32m204 [0m2.189 ms - 0[0m
[0mOPTIONS /api/category/admin/main-list [32m204 [0m1.293 ms - 0[0m
[0mGET /api/category/admin/main-list [36m304 [0m29.768 ms - -[0m
[0mGET /api/order/notifications [36m304 [0m44.448 ms - -[0m
[0mOPTIONS /api/category/main-list/update [32m204 [0m2.639 ms - 0[0m
[0mPOST /api/category/main-list/update [32m200 [0m28.635 ms - 78[0m
[0mGET /api/category/admin/main-list [32m200 [0m10.068 ms - 14951[0m
[0mGET /api/order/notifications [36m304 [0m15.863 ms - -[0m
[0mOPTIONS /api/order/notifications [32m204 [0m1.870 ms - 0[0m
[0mOPTIONS /api/category/admin/main-list [32m204 [0m0.460 ms - 0[0m
[0mGET /api/category/admin/main-list [36m304 [0m33.093 ms - -[0m
[0mGET /api/order/notifications [36m304 [0m38.639 ms - -[0m
[0mOPTIONS /api/category/main-list/update [32m204 [0m1.743 ms - 0[0m
[0mPOST /api/category/main-list/update [32m200 [0m49.223 ms - 78[0m
[0mOPTIONS /api/order/notifications [32m204 [0m1.938 ms - 0[0m
[0mOPTIONS /api/category/admin/main-list [32m204 [0m0.336 ms - 0[0m
[0mGET /api/category/admin/main-list [32m200 [0m26.915 ms - 14950[0m
[0mGET /api/order/notifications [36m304 [0m33.804 ms - -[0m
[0mOPTIONS /api/order/notifications [32m204 [0m2.675 ms - 0[0m
[0mOPTIONS /api/product/getAllproductList [32m204 [0m7.874 ms - 0[0m
[0mOPTIONS /api/category/admin/main-list [32m204 [0m8.870 ms - 0[0m
[0mOPTIONS /api/product/search/getAllproductList [32m204 [0m7.984 ms - 0[0m
[0mGET /api/category/admin/main-list [36m304 [0m38.937 ms - -[0m
[0mGET /api/order/notifications [36m304 [0m52.488 ms - -[0m
[0mPOST /api/product/getAllproductList [32m200 [0m563.806 ms - 89158[0m
[0mGET /api/product/search/getAllproductList [32m200 [0m556.344 ms - 4731695[0m
[0mOPTIONS /api/order/notifications [32m204 [0m21.951 ms - 0[0m
[0mOPTIONS /api/category/admin/main-list [32m204 [0m3.082 ms - 0[0m
[0mGET /api/category/admin/main-list [36m304 [0m75.004 ms - -[0m
[0mGET /api/order/notifications [36m304 [0m104.813 ms - -[0m
[0mOPTIONS /api/product/getAllproductList [32m204 [0m2.519 ms - 0[0m
[0mOPTIONS /api/product/search/getAllproductList [32m204 [0m2.919 ms - 0[0m
[0mGET /api/category/admin/main-list [36m304 [0m29.681 ms - -[0m
[0mGET /api/order/notifications [36m304 [0m62.043 ms - -[0m
[0mGET /api/product/search/getAllproductList [36m304 [0m539.737 ms - -[0m
[0mPOST /api/product/getAllproductList [32m200 [0m559.051 ms - 89158[0m
[0mOPTIONS /api/order/notifications [32m204 [0m41.374 ms - 0[0m
[0mOPTIONS /api/category/admin/main-list [32m204 [0m26.811 ms - 0[0m
[0mGET /api/category/admin/main-list [36m304 [0m92.351 ms - -[0m
[0mGET /api/order/notifications [36m304 [0m133.011 ms - -[0m
[0mOPTIONS /api/product/getAllproductList [32m204 [0m9.437 ms - 0[0m
[0mOPTIONS /api/product/search/getAllproductList [32m204 [0m1.633 ms - 0[0m
[0mGET /api/order/notifications [36m304 [0m67.997 ms - -[0m
[0mGET /api/category/admin/main-list [36m304 [0m63.497 ms - -[0m
[0mPOST /api/product/getAllproductList [32m200 [0m769.056 ms - 89158[0m
[0mGET /api/product/search/getAllproductList [32m200 [0m759.323 ms - 4731695[0m
[0mOPTIONS /api/order/notifications [32m204 [0m16.161 ms - 0[0m
[0mOPTIONS /api/category/admin/main-list [32m204 [0m1.639 ms - 0[0m
[0mGET /api/category/admin/main-list [36m304 [0m63.328 ms - -[0m
[0mGET /api/order/notifications [36m304 [0m107.233 ms - -[0m
[0mOPTIONS /api/product/getAllproductList [32m204 [0m1.600 ms - 0[0m
[0mOPTIONS /api/product/search/getAllproductList [32m204 [0m2.036 ms - 0[0m
[0mGET /api/category/admin/main-list [36m304 [0m9.837 ms - -[0m
[0mGET /api/order/notifications [36m304 [0m34.730 ms - -[0m
[0mPOST /api/product/getAllproductList [32m200 [0m578.295 ms - 89158[0m
[0mGET /api/product/search/getAllproductList [36m304 [0m681.888 ms - -[0m
[0mOPTIONS /api/order/notifications [32m204 [0m11.194 ms - 0[0m
[0mOPTIONS /api/category/admin/main-list [32m204 [0m2.479 ms - 0[0m
[0mGET /api/category/admin/main-list [36m304 [0m69.242 ms - -[0m
[0mGET /api/order/notifications [36m304 [0m92.106 ms - -[0m
[0mOPTIONS /api/product/getAllproductList [32m204 [0m0.530 ms - 0[0m
[0mOPTIONS /api/product/search/getAllproductList [32m204 [0m0.250 ms - 0[0m
[0mGET /api/order/notifications [36m304 [0m51.945 ms - -[0m
[0mGET /api/category/admin/main-list [36m304 [0m37.680 ms - -[0m
[0mPOST /api/product/getAllproductList [32m200 [0m588.760 ms - 89158[0m
[0mGET /api/product/search/getAllproductList [36m304 [0m819.717 ms - -[0m
[0mOPTIONS /api/order/notifications [32m204 [0m4.831 ms - 0[0m
[0mOPTIONS /api/category/admin/main-list [32m204 [0m1.619 ms - 0[0m
[0mGET /api/category/admin/main-list [32m200 [0m64.486 ms - 14950[0m
[0mGET /api/order/notifications [32m200 [0m94.340 ms - 36[0m
[0mOPTIONS /api/category/main/delete?id=28 [32m204 [0m1.244 ms - 0[0m
[0mDELETE /api/category/main/delete?id=28 [33m404 [0m26.247 ms - 3157[0m
[0mOPTIONS /api/order/notifications [32m204 [0m8.101 ms - 0[0m
[0mOPTIONS /api/category/admin/main-list [32m204 [0m2.393 ms - 0[0m
[0mGET /api/category/admin/main-list [36m304 [0m44.423 ms - -[0m
[0mGET /api/order/notifications [36m304 [0m61.880 ms - -[0m
[0mOPTIONS /api/category/main/delete?id=11 [32m204 [0m11.037 ms - 0[0m
[0mOPTIONS /api/order/notifications [32m204 [0m5.737 ms - 0[0m
[0mOPTIONS /api/category/admin/main-list [32m204 [0m4.524 ms - 0[0m
[0mGET /api/category/admin/main-list [32m200 [0m46.799 ms - 14754[0m
[0mGET /api/order/notifications [32m200 [0m62.926 ms - 36[0m
[0mOPTIONS /api/category/main/delete?id=10 [32m204 [0m2.502 ms - 0[0m
[0mDELETE /api/category/main/delete?id=10 [32m200 [0m33.227 ms - 78[0m
[0mOPTIONS /api/category/admin/main-list [32m204 [0m1.139 ms - 0[0m
[0mGET /api/category/admin/main-list [32m200 [0m23.404 ms - 13564[0m
[0mOPTIONS /api/category/main/delete?id=28 [32m204 [0m0.831 ms - 0[0m
[0mDELETE /api/category/main/delete?id=28 [32m200 [0m15.773 ms - 78[0m
[0mOPTIONS /api/category/admin/main-list [32m204 [0m1.159 ms - 0[0m
[0mGET /api/category/admin/main-list [32m200 [0m15.609 ms - 13347[0m
[0mOPTIONS /api/category/main/delete?id=25 [32m204 [0m1.982 ms - 0[0m
[0mDELETE /api/category/main/delete?id=25 [32m200 [0m27.304 ms - 78[0m
[0mGET /api/category/admin/main-list [32m200 [0m9.039 ms - 13142[0m
[0mOPTIONS /api/order/notifications [32m204 [0m3.877 ms - 0[0m
[0mOPTIONS /api/category/admin/main-list [32m204 [0m2.732 ms - 0[0m
[0mOPTIONS /api/category/sub-list [32m204 [0m0.919 ms - 0[0m
[0mGET /api/category/sub-list [32m200 [0m46.909 ms - 40461[0m
[0mGET /api/category/admin/main-list [36m304 [0m60.898 ms - -[0m
[0mGET /api/order/notifications [36m304 [0m67.928 ms - -[0m
[0mOPTIONS /api/order/notifications [32m204 [0m4.206 ms - 0[0m
[0mOPTIONS /api/category/admin/main-list [32m204 [0m3.368 ms - 0[0m
[0mOPTIONS /api/category/sub-list [32m204 [0m1.572 ms - 0[0m
[0mGET /api/category/sub-list [36m304 [0m53.055 ms - -[0m
[0mGET /api/order/notifications [36m304 [0m78.218 ms - -[0m
[0mGET /api/category/admin/main-list [36m304 [0m68.266 ms - -[0m
[0mOPTIONS /api/order/notifications [32m204 [0m3.496 ms - 0[0m
[0mOPTIONS /api/category/admin/main-list [32m204 [0m2.990 ms - 0[0m
[0mOPTIONS /api/category/sub-list [32m204 [0m1.067 ms - 0[0m
[0mGET /api/category/sub-list [36m304 [0m48.752 ms - -[0m
[0mGET /api/order/notifications [36m304 [0m63.367 ms - -[0m
[0mGET /api/category/admin/main-list [36m304 [0m55.489 ms - -[0m
[0mOPTIONS /api/category/sub-list/update [32m204 [0m6.887 ms - 0[0m
[0mPOST /api/category/sub-list/update [32m200 [0m44.026 ms - 58[0m
[0mOPTIONS /api/order/notifications [32m204 [0m1.801 ms - 0[0m
[0mOPTIONS /api/category/admin/main-list [32m204 [0m0.768 ms - 0[0m
[0mOPTIONS /api/category/sub-list [32m204 [0m3.237 ms - 0[0m
[0mGET /api/category/sub-list [32m200 [0m57.841 ms - 40460[0m
[0mGET /api/category/admin/main-list [36m304 [0m75.089 ms - -[0m
[0mGET /api/order/notifications [36m304 [0m86.851 ms - -[0m
[0mOPTIONS /api/order/notifications [32m204 [0m1.246 ms - 0[0m
[0mOPTIONS /api/category/admin/main-list [32m204 [0m7.950 ms - 0[0m
[0mOPTIONS /api/category/list [32m204 [0m1.860 ms - 0[0m
[0mGET /api/category/list [32m200 [0m73.214 ms - 111898[0m
[0mGET /api/order/notifications [36m304 [0m89.649 ms - -[0m
[0mGET /api/category/admin/main-list [36m304 [0m84.847 ms - -[0m
[0mOPTIONS /api/order/notifications [32m204 [0m1.476 ms - 0[0m
[0mOPTIONS /api/category/admin/main-list [32m204 [0m2.984 ms - 0[0m
[0mOPTIONS /api/category/list [32m204 [0m2.020 ms - 0[0m
[0mGET /api/category/list [32m200 [0m34.575 ms - 111898[0m
[0mGET /api/order/notifications [32m200 [0m51.523 ms - 36[0m
[0mGET /api/category/admin/main-list [32m200 [0m44.235 ms - 13142[0m
