[0mOPTIONS /api/auth/seller/profile-details [32m204 [0m5.928 ms - 0[0m
[0mOPTIONS /api/seller/dasbhoard/list [32m204 [0m5.350 ms - 0[0m
[0mGET /api/auth/seller/profile-details [36m304 [0m63.304 ms - -[0m
[0mGET /api/seller/dasbhoard/list [36m304 [0m105.557 ms - -[0m
[0mOPTIONS /api/seller/product/list [32m204 [0m0.740 ms - 0[0m
[0mGET /api/auth/seller/profile-details [36m304 [0m12.241 ms - -[0m
[0mPOST /api/seller/product/list [32m200 [0m61.863 ms - 57288[0m
[0mGET /api/auth/seller/profile-details [36m304 [0m8.284 ms - -[0m
[0mOPTIONS /api/category/admin/main-list [32m204 [0m0.676 ms - 0[0m
[0mOPTIONS /api/seller/brand/list [32m204 [0m0.445 ms - 0[0m
[0mOPTIONS /api/product/color/list [32m204 [0m0.342 ms - 0[0m
[0mGET /api/category/admin/main-list [36m304 [0m36.225 ms - -[0m
[0mGET /api/product/color/list [36m304 [0m45.586 ms - -[0m
[0mGET /api/seller/brand/list [36m304 [0m73.886 ms - -[0m
[0mOPTIONS /api/auth/seller/profile-details [32m204 [0m2.315 ms - 0[0m
[0mOPTIONS /api/category/admin/main-list [32m204 [0m0.479 ms - 0[0m
[0mOPTIONS /api/seller/brand/list [32m204 [0m0.379 ms - 0[0m
[0mOPTIONS /api/product/color/list [32m204 [0m0.960 ms - 0[0m
[0mGET /api/category/admin/main-list [36m304 [0m64.992 ms - -[0m
[0mGET /api/auth/seller/profile-details [36m304 [0m102.123 ms - -[0m
[0mGET /api/seller/brand/list [36m304 [0m90.398 ms - -[0m
[0mGET /api/product/color/list [36m304 [0m107.270 ms - -[0m
[0mOPTIONS /api/auth/seller/profile-details [32m204 [0m1.080 ms - 0[0m
[0mGET /api/auth/seller/profile-details [36m304 [0m6.762 ms - -[0m
[0mOPTIONS /api/seller/brand/list [32m204 [0m0.472 ms - 0[0m
[0mOPTIONS /api/product/color/list [32m204 [0m0.303 ms - 0[0m
[0mGET /api/seller/brand/list [36m304 [0m28.537 ms - -[0m
[0mGET /api/product/color/list [36m304 [0m53.299 ms - -[0m
[0mOPTIONS /api/auth/seller/profile-details [32m204 [0m1.241 ms - 0[0m
[0mOPTIONS /api/seller/brand/list [32m204 [0m0.333 ms - 0[0m
[0mOPTIONS /api/product/color/list [32m204 [0m2.240 ms - 0[0m
[0mGET /api/auth/seller/profile-details [36m304 [0m29.552 ms - -[0m
[0mGET /api/seller/brand/list [36m304 [0m48.167 ms - -[0m
[0mGET /api/product/color/list [36m304 [0m56.320 ms - -[0m
[0mOPTIONS /api/auth/seller/profile-details [32m204 [0m1.370 ms - 0[0m
[0mGET /api/auth/seller/profile-details [36m304 [0m7.928 ms - -[0m
[0mOPTIONS /api/category/admin/main-list [32m204 [0m0.336 ms - 0[0m
[0mOPTIONS /api/seller/brand/list [32m204 [0m0.895 ms - 0[0m
[0mOPTIONS /api/product/color/list [32m204 [0m1.312 ms - 0[0m
[0mGET /api/category/admin/main-list [36m304 [0m15.844 ms - -[0m
[0mGET /api/seller/brand/list [36m304 [0m29.272 ms - -[0m
[0mGET /api/product/color/list [36m304 [0m49.735 ms - -[0m
[0mOPTIONS /api/auth/seller/profile-details [32m204 [0m0.416 ms - 0[0m
[0mGET /api/auth/seller/profile-details [36m304 [0m9.552 ms - -[0m
[0mOPTIONS /api/category/admin/main-list [32m204 [0m0.383 ms - 0[0m
[0mOPTIONS /api/seller/brand/list [32m204 [0m0.322 ms - 0[0m
[0mOPTIONS /api/product/color/list [32m204 [0m0.489 ms - 0[0m
[0mGET /api/category/admin/main-list [36m304 [0m18.798 ms - -[0m
[0mGET /api/seller/brand/list [36m304 [0m34.788 ms - -[0m
[0mGET /api/product/color/list [36m304 [0m38.775 ms - -[0m
[0mOPTIONS /api/auth/seller/profile-details [32m204 [0m1.190 ms - 0[0m
[0mGET /api/auth/seller/profile-details [36m304 [0m9.874 ms - -[0m
[0mOPTIONS /api/seller/brand/list [32m204 [0m0.394 ms - 0[0m
[0mOPTIONS /api/product/color/list [32m204 [0m0.320 ms - 0[0m
[0mGET /api/seller/brand/list [36m304 [0m22.733 ms - -[0m
[0mGET /api/product/color/list [36m304 [0m38.294 ms - -[0m
[0mOPTIONS /api/auth/seller/profile-details [32m204 [0m1.042 ms - 0[0m
[0mOPTIONS /api/seller/brand/list [32m204 [0m1.025 ms - 0[0m
[0mOPTIONS /api/product/color/list [32m204 [0m0.834 ms - 0[0m
[0mGET /api/auth/seller/profile-details [36m304 [0m18.955 ms - -[0m
[0mGET /api/seller/brand/list [36m304 [0m61.006 ms - -[0m
[0mGET /api/product/color/list [36m304 [0m61.602 ms - -[0m
[0mOPTIONS /api/auth/seller/profile-details [32m204 [0m0.904 ms - 0[0m
[0mGET /api/auth/seller/profile-details [36m304 [0m7.277 ms - -[0m
[0mOPTIONS /api/seller/brand/list [32m204 [0m1.109 ms - 0[0m
[0mOPTIONS /api/product/color/list [32m204 [0m0.548 ms - 0[0m
[0mGET /api/seller/brand/list [36m304 [0m26.772 ms - -[0m
[0mGET /api/product/color/list [36m304 [0m40.791 ms - -[0m
[0mOPTIONS /api/auth/seller/profile-details [32m204 [0m2.911 ms - 0[0m
[0mGET /api/auth/seller/profile-details [36m304 [0m9.705 ms - -[0m
[0mOPTIONS /api/seller/brand/list [32m204 [0m0.657 ms - 0[0m
[0mOPTIONS /api/product/color/list [32m204 [0m0.843 ms - 0[0m
[0mGET /api/seller/brand/list [36m304 [0m26.767 ms - -[0m
[0mGET /api/product/color/list [36m304 [0m52.757 ms - -[0m
[0mOPTIONS /api/auth/seller/profile-details [32m204 [0m1.252 ms - 0[0m
[0mGET /api/auth/seller/profile-details [36m304 [0m4.587 ms - -[0m
[0mOPTIONS /api/seller/brand/list [32m204 [0m0.370 ms - 0[0m
[0mOPTIONS /api/product/color/list [32m204 [0m0.305 ms - 0[0m
[0mGET /api/seller/brand/list [36m304 [0m52.616 ms - -[0m
[0mGET /api/product/color/list [36m304 [0m74.238 ms - -[0m
[0mOPTIONS /api/auth/seller/profile-details [32m204 [0m1.228 ms - 0[0m
[0mOPTIONS /api/seller/brand/list [32m204 [0m0.519 ms - 0[0m
[0mOPTIONS /api/product/color/list [32m204 [0m0.360 ms - 0[0m
[0mGET /api/auth/seller/profile-details [36m304 [0m11.836 ms - -[0m
[0mGET /api/seller/brand/list [36m304 [0m34.524 ms - -[0m
[0mGET /api/product/color/list [36m304 [0m37.124 ms - -[0m
[0mOPTIONS /api/auth/seller/profile-details [32m204 [0m1.196 ms - 0[0m
[0mOPTIONS /api/seller/brand/list [32m204 [0m0.521 ms - 0[0m
[0mOPTIONS /api/product/color/list [32m204 [0m1.385 ms - 0[0m
[0mGET /api/auth/seller/profile-details [36m304 [0m27.282 ms - -[0m
[0mGET /api/seller/brand/list [36m304 [0m48.081 ms - -[0m
[0mGET /api/product/color/list [36m304 [0m58.850 ms - -[0m
[0mOPTIONS /api/auth/seller/profile-details [32m204 [0m1.508 ms - 0[0m
[0mOPTIONS /api/seller/brand/list [32m204 [0m0.361 ms - 0[0m
[0mOPTIONS /api/product/color/list [32m204 [0m0.262 ms - 0[0m
[0mGET /api/auth/seller/profile-details [36m304 [0m21.675 ms - -[0m
[0mGET /api/product/color/list [36m304 [0m39.593 ms - -[0m
[0mGET /api/seller/brand/list [36m304 [0m60.216 ms - -[0m
[0mOPTIONS /api/auth/seller/profile-details [32m204 [0m2.390 ms - 0[0m
[0mOPTIONS /api/seller/brand/list [32m204 [0m0.676 ms - 0[0m
[0mOPTIONS /api/product/color/list [32m204 [0m0.501 ms - 0[0m
[0mGET /api/auth/seller/profile-details [36m304 [0m35.610 ms - -[0m
[0mGET /api/seller/brand/list [36m304 [0m61.733 ms - -[0m
[0mGET /api/product/color/list [36m304 [0m65.402 ms - -[0m
[0mOPTIONS /api/auth/seller/profile-details [32m204 [0m1.177 ms - 0[0m
[0mOPTIONS /api/seller/brand/list [32m204 [0m0.624 ms - 0[0m
[0mOPTIONS /api/product/color/list [32m204 [0m0.322 ms - 0[0m
[0mGET /api/auth/seller/profile-details [36m304 [0m11.837 ms - -[0m
[0mGET /api/seller/brand/list [36m304 [0m27.847 ms - -[0m
[0mGET /api/product/color/list [36m304 [0m50.468 ms - -[0m
[0mOPTIONS /api/auth/seller/profile-details [32m204 [0m2.287 ms - 0[0m
[0mOPTIONS /api/seller/brand/list [32m204 [0m0.684 ms - 0[0m
[0mOPTIONS /api/product/color/list [32m204 [0m0.413 ms - 0[0m
[0mGET /api/auth/seller/profile-details [36m304 [0m21.558 ms - -[0m
[0mGET /api/product/color/list [36m304 [0m64.967 ms - -[0m
[0mGET /api/seller/brand/list [36m304 [0m70.701 ms - -[0m
[0mOPTIONS /api/auth/seller/profile-details [32m204 [0m1.288 ms - 0[0m
[0mOPTIONS /api/seller/brand/list [32m204 [0m0.384 ms - 0[0m
[0mOPTIONS /api/product/color/list [32m204 [0m0.656 ms - 0[0m
[0mGET /api/auth/seller/profile-details [36m304 [0m28.211 ms - -[0m
[0mGET /api/seller/brand/list [36m304 [0m51.405 ms - -[0m
[0mGET /api/product/color/list [36m304 [0m54.093 ms - -[0m
[0mOPTIONS /api/auth/seller/profile-details [32m204 [0m1.551 ms - 0[0m
[0mOPTIONS /api/seller/brand/list [32m204 [0m0.575 ms - 0[0m
[0mOPTIONS /api/product/color/list [32m204 [0m0.394 ms - 0[0m
[0mGET /api/auth/seller/profile-details [36m304 [0m16.396 ms - -[0m
[0mGET /api/seller/brand/list [36m304 [0m37.122 ms - -[0m
[0mGET /api/product/color/list [36m304 [0m39.886 ms - -[0m
[0mOPTIONS /api/auth/seller/profile-details [32m204 [0m2.997 ms - 0[0m
[0mOPTIONS /api/seller/brand/list [32m204 [0m0.947 ms - 0[0m
[0mOPTIONS /api/product/color/list [32m204 [0m1.788 ms - 0[0m
[0mGET /api/auth/seller/profile-details [36m304 [0m21.872 ms - -[0m
[0mGET /api/seller/brand/list [36m304 [0m30.315 ms - -[0m
[0mGET /api/product/color/list [36m304 [0m54.448 ms - -[0m
[0mOPTIONS /api/category/search/allcombine [32m204 [0m0.528 ms - 0[0m
[0mPOST /api/category/search/allcombine [32m200 [0m40.581 ms - 8931[0m
[0mOPTIONS /api/auth/seller/profile-details [32m204 [0m1.911 ms - 0[0m
[0mOPTIONS /api/seller/brand/list [32m204 [0m1.050 ms - 0[0m
[0mOPTIONS /api/product/color/list [32m204 [0m1.634 ms - 0[0m
[0mGET /api/auth/seller/profile-details [36m304 [0m43.634 ms - -[0m
[0mGET /api/seller/brand/list [36m304 [0m100.730 ms - -[0m
[0mGET /api/product/color/list [36m304 [0m116.053 ms - -[0m
[0mOPTIONS /api/category/search/allcombine [32m204 [0m1.893 ms - 0[0m
[0mPOST /api/category/search/allcombine [32m200 [0m18.891 ms - 49[0m
[0mPOST /api/category/search/allcombine [32m200 [0m15.956 ms - 4556[0m
[0mOPTIONS /api/category/search/allcombine [32m204 [0m0.664 ms - 0[0m
[0mPOST /api/category/search/allcombine [32m200 [0m8.426 ms - 132[0m
[0mOPTIONS /api/auth/seller/profile-details [32m204 [0m1.273 ms - 0[0m
[0mOPTIONS /api/seller/brand/list [32m204 [0m0.434 ms - 0[0m
[0mOPTIONS /api/product/color/list [32m204 [0m1.430 ms - 0[0m
[0mGET /api/auth/seller/profile-details [36m304 [0m28.940 ms - -[0m
[0mGET /api/seller/brand/list [36m304 [0m43.676 ms - -[0m
[0mGET /api/product/color/list [36m304 [0m79.471 ms - -[0m
[0mOPTIONS /api/auth/seller/profile-details [32m204 [0m1.577 ms - 0[0m
[0mOPTIONS /api/seller/brand/list [32m204 [0m0.389 ms - 0[0m
[0mOPTIONS /api/product/color/list [32m204 [0m0.589 ms - 0[0m
[0mGET /api/auth/seller/profile-details [36m304 [0m16.184 ms - -[0m
[0mGET /api/seller/brand/list [36m304 [0m47.817 ms - -[0m
[0mGET /api/product/color/list [36m304 [0m110.576 ms - -[0m
[0mOPTIONS /api/auth/seller/profile-details [32m204 [0m1.509 ms - 0[0m
[0mOPTIONS /api/seller/brand/list [32m204 [0m0.981 ms - 0[0m
[0mOPTIONS /api/product/color/list [32m204 [0m0.536 ms - 0[0m
[0mGET /api/auth/seller/profile-details [36m304 [0m24.208 ms - -[0m
[0mGET /api/product/color/list [36m304 [0m49.544 ms - -[0m
[0mGET /api/seller/brand/list [36m304 [0m53.717 ms - -[0m
[0mOPTIONS /api/auth/seller/profile-details [32m204 [0m3.086 ms - 0[0m
[0mOPTIONS /api/seller/brand/list [32m204 [0m0.862 ms - 0[0m
[0mOPTIONS /api/product/color/list [32m204 [0m0.790 ms - 0[0m
[0mGET /api/auth/seller/profile-details [36m304 [0m31.363 ms - -[0m
[0mGET /api/seller/brand/list [36m304 [0m73.137 ms - -[0m
[0mGET /api/product/color/list [36m304 [0m75.976 ms - -[0m
[0mOPTIONS /api/category/search/allcombine [32m204 [0m0.743 ms - 0[0m
[0mPOST /api/category/search/allcombine [32m200 [0m9.723 ms - 4556[0m
[0mPOST /api/category/search/allcombine [32m200 [0m3.635 ms - 132[0m
[0mOPTIONS /api/auth/seller/profile-details [32m204 [0m1.550 ms - 0[0m
[0mOPTIONS /api/seller/brand/list [32m204 [0m0.645 ms - 0[0m
[0mOPTIONS /api/product/color/list [32m204 [0m0.414 ms - 0[0m
[0mGET /api/auth/seller/profile-details [36m304 [0m18.864 ms - -[0m
[0mGET /api/seller/brand/list [36m304 [0m66.211 ms - -[0m
[0mGET /api/product/color/list [36m304 [0m72.035 ms - -[0m
[0mOPTIONS /api/auth/seller/profile-details [32m204 [0m0.764 ms - 0[0m
[0mGET /api/auth/seller/profile-details [36m304 [0m4.604 ms - -[0m
[0mOPTIONS /api/seller/brand/list [32m204 [0m0.473 ms - 0[0m
[0mOPTIONS /api/product/color/list [32m204 [0m0.308 ms - 0[0m
[0mGET /api/seller/brand/list [36m304 [0m30.066 ms - -[0m
[0mGET /api/product/color/list [36m304 [0m32.133 ms - -[0m
[0mOPTIONS /api/auth/seller/profile-details [32m204 [0m2.431 ms - 0[0m
[0mOPTIONS /api/seller/brand/list [32m204 [0m0.700 ms - 0[0m
[0mOPTIONS /api/product/color/list [32m204 [0m0.469 ms - 0[0m
[0mGET /api/auth/seller/profile-details [36m304 [0m47.786 ms - -[0m
[0mGET /api/product/color/list [36m304 [0m134.178 ms - -[0m
[0mGET /api/seller/brand/list [36m304 [0m140.630 ms - -[0m
[0mOPTIONS /api/category/search/allcombine [32m204 [0m1.409 ms - 0[0m
[0mPOST /api/category/search/allcombine [32m200 [0m17.550 ms - 3702[0m
[0mPOST /api/category/search/allcombine [32m200 [0m9.702 ms - 2153[0m
[0mOPTIONS /api/auth/seller/profile-details [32m204 [0m1.846 ms - 0[0m
[0mOPTIONS /api/seller/brand/list [32m204 [0m0.629 ms - 0[0m
[0mOPTIONS /api/product/color/list [32m204 [0m0.629 ms - 0[0m
[0mGET /api/auth/seller/profile-details [36m304 [0m13.961 ms - -[0m
[0mGET /api/product/color/list [36m304 [0m72.132 ms - -[0m
[0mGET /api/seller/brand/list [36m304 [0m95.989 ms - -[0m
[0mOPTIONS /api/category/search/allcombine [32m204 [0m1.563 ms - 0[0m
[0mPOST /api/category/search/allcombine [32m200 [0m11.493 ms - 3702[0m
[0mPOST /api/category/search/allcombine [32m200 [0m4.282 ms - 2153[0m
[0mOPTIONS /api/auth/seller/profile-details [32m204 [0m1.260 ms - 0[0m
[0mOPTIONS /api/seller/brand/list [32m204 [0m0.495 ms - 0[0m
[0mOPTIONS /api/product/color/list [32m204 [0m0.249 ms - 0[0m
[0mGET /api/auth/seller/profile-details [36m304 [0m8.908 ms - -[0m
[0mGET /api/seller/brand/list [36m304 [0m64.052 ms - -[0m
[0mGET /api/product/color/list [36m304 [0m68.436 ms - -[0m
[0mOPTIONS /api/category/search/allcombine [32m204 [0m1.152 ms - 0[0m
[0mPOST /api/category/search/allcombine [32m200 [0m8.809 ms - 3702[0m
[0mPOST /api/category/search/allcombine [32m200 [0m4.252 ms - 2153[0m
[0mOPTIONS /api/category/search/allcombine [32m204 [0m0.580 ms - 0[0m
[0mPOST /api/category/search/allcombine [32m200 [0m4.730 ms - 3702[0m
[0mPOST /api/category/search/allcombine [32m200 [0m6.138 ms - 4556[0m
[0mPOST /api/category/search/allcombine [32m200 [0m3.786 ms - 132[0m
[0mPOST /api/category/search/allcombine [32m200 [0m3.103 ms - 132[0m
[0mPOST /api/category/search/allcombine [32m200 [0m3.894 ms - 132[0m
[0mPOST /api/category/search/allcombine [32m200 [0m6.136 ms - 4556[0m
[0mOPTIONS /api/category/search/allcombine [32m204 [0m0.603 ms - 0[0m
[0mPOST /api/category/search/allcombine [32m200 [0m6.492 ms - 4556[0m
[0mPOST /api/category/search/allcombine [32m200 [0m3.928 ms - 132[0m
[0mPOST /api/category/search/allcombine [32m200 [0m3.858 ms - 132[0m
[0mOPTIONS /api/auth/seller/profile-details [32m204 [0m1.441 ms - 0[0m
[0mOPTIONS /api/seller/brand/list [32m204 [0m3.528 ms - 0[0m
[0mOPTIONS /api/product/color/list [32m204 [0m0.913 ms - 0[0m
[0mGET /api/auth/seller/profile-details [36m304 [0m27.834 ms - -[0m
[0mGET /api/seller/brand/list [36m304 [0m87.649 ms - -[0m
[0mGET /api/product/color/list [36m304 [0m111.296 ms - -[0m
[0mOPTIONS /api/category/search/allcombine [32m204 [0m0.477 ms - 0[0m
[0mPOST /api/category/search/allcombine [32m200 [0m5.194 ms - 3702[0m
[0mPOST /api/category/search/allcombine [32m200 [0m3.521 ms - 2153[0m
[0mPOST /api/category/search/allcombine [32m200 [0m8.553 ms - 3702[0m
[0mPOST /api/category/search/allcombine [32m200 [0m18.263 ms - 4556[0m
[0mPOST /api/category/search/allcombine [32m200 [0m8.306 ms - 132[0m
[0mPOST /api/category/search/allcombine [32m200 [0m2.853 ms - 132[0m
[0mPOST /api/category/search/allcombine [32m200 [0m12.767 ms - 132[0m
[0mOPTIONS /api/auth/seller/login [32m204 [0m1.376 ms - 0[0m
[0mPOST /api/auth/seller/login [31m500 [0m33.821 ms - 34[0m
[0mOPTIONS /api/auth/seller/login [32m204 [0m1.216 ms - 0[0m
[0mPOST /api/auth/seller/login [31m500 [0m299.658 ms - 54[0m
[0mOPTIONS /api/auth/seller/login [32m204 [0m1.277 ms - 0[0m
[0mPOST /api/auth/seller/login [32m200 [0m285.701 ms - 214[0m
[0mOPTIONS /api/auth/seller/profile-details [32m204 [0m0.430 ms - 0[0m
[0mOPTIONS /api/seller/dasbhoard/list [32m204 [0m0.322 ms - 0[0m
[0mGET /api/auth/seller/profile-details [32m200 [0m10.731 ms - 189[0m
[0mGET /api/seller/dasbhoard/list [32m200 [0m193.658 ms - 27374[0m
[0mOPTIONS /api/seller/product/list [32m204 [0m0.802 ms - 0[0m
[0mGET /api/auth/seller/profile-details [36m304 [0m16.522 ms - -[0m
[0mPOST /api/seller/product/list [32m200 [0m290.086 ms - 796862[0m
[0mOPTIONS /api/seller/brand/list [32m204 [0m1.976 ms - 0[0m
[0mOPTIONS /api/product/color/list [32m204 [0m0.604 ms - 0[0m
[0mGET /api/auth/seller/profile-details [36m304 [0m36.153 ms - -[0m
[0mGET /api/seller/brand/list [36m304 [0m52.130 ms - -[0m
[0mGET /api/product/color/list [36m304 [0m78.181 ms - -[0m
[0mOPTIONS /api/category/search/allcombine [32m204 [0m1.128 ms - 0[0m
[0mPOST /api/category/search/allcombine [32m200 [0m13.281 ms - 4556[0m
[0mPOST /api/category/search/allcombine [32m200 [0m9.218 ms - 132[0m
[0mPOST /api/category/search/allcombine [32m200 [0m4.925 ms - 132[0m
[0mOPTIONS /api/auth/seller/profile-details [32m204 [0m2.254 ms - 0[0m
[0mOPTIONS /api/seller/brand/list [32m204 [0m0.671 ms - 0[0m
[0mOPTIONS /api/product/color/list [32m204 [0m0.490 ms - 0[0m
[0mGET /api/auth/seller/profile-details [36m304 [0m90.076 ms - -[0m
[0mGET /api/seller/brand/list [36m304 [0m90.031 ms - -[0m
[0mGET /api/product/color/list [36m304 [0m158.555 ms - -[0m
[0mOPTIONS /api/category/search/allcombine [32m204 [0m1.019 ms - 0[0m
[0mPOST /api/category/search/allcombine [32m200 [0m16.859 ms - 502[0m
[0mOPTIONS /api/auth/seller/profile-details [32m204 [0m5.280 ms - 0[0m
[0mOPTIONS /api/seller/brand/list [32m204 [0m3.269 ms - 0[0m
[0mOPTIONS /api/product/color/list [32m204 [0m0.707 ms - 0[0m
[0mGET /api/auth/seller/profile-details [32m200 [0m27.680 ms - 189[0m
[0mGET /api/product/color/list [32m200 [0m94.584 ms - 73507[0m
[0mGET /api/seller/brand/list [32m200 [0m125.773 ms - 75208[0m
[0mOPTIONS /api/auth/seller/profile-details [32m204 [0m1.667 ms - 0[0m
[0mOPTIONS /api/seller/brand/list [32m204 [0m0.705 ms - 0[0m
[0mOPTIONS /api/product/color/list [32m204 [0m0.466 ms - 0[0m
[0mGET /api/auth/seller/profile-details [36m304 [0m77.106 ms - -[0m
[0mGET /api/product/color/list [36m304 [0m75.946 ms - -[0m
[0mGET /api/seller/brand/list [36m304 [0m76.759 ms - -[0m
[0mOPTIONS /api/auth/seller/profile-details [32m204 [0m6.566 ms - 0[0m
[0mOPTIONS /api/seller/brand/list [32m204 [0m0.879 ms - 0[0m
[0mOPTIONS /api/product/color/list [32m204 [0m0.591 ms - 0[0m
[0mGET /api/auth/seller/profile-details [36m304 [0m19.664 ms - -[0m
[0mGET /api/seller/brand/list [36m304 [0m30.003 ms - -[0m
[0mGET /api/product/color/list [36m304 [0m46.770 ms - -[0m
[0mOPTIONS /api/auth/seller/profile-details [32m204 [0m1.269 ms - 0[0m
[0mOPTIONS /api/seller/brand/list [32m204 [0m0.667 ms - 0[0m
[0mOPTIONS /api/product/color/list [32m204 [0m0.611 ms - 0[0m
[0mGET /api/auth/seller/profile-details [36m304 [0m11.237 ms - -[0m
[0mGET /api/seller/brand/list [36m304 [0m61.914 ms - -[0m
[0mGET /api/product/color/list [36m304 [0m65.895 ms - -[0m
[0mOPTIONS /api/category/search/allcombine [32m204 [0m0.531 ms - 0[0m
[0mPOST /api/category/search/allcombine [32m200 [0m9.077 ms - 1209[0m
[0mPOST /api/category/search/allcombine [32m200 [0m3.270 ms - 254[0m
[0mOPTIONS /api/auth/seller/profile-details [32m204 [0m1.286 ms - 0[0m
[0mOPTIONS /api/seller/brand/list [32m204 [0m0.393 ms - 0[0m
[0mOPTIONS /api/product/color/list [32m204 [0m2.547 ms - 0[0m
[0mGET /api/auth/seller/profile-details [36m304 [0m18.012 ms - -[0m
[0mGET /api/seller/brand/list [36m304 [0m47.241 ms - -[0m
[0mGET /api/product/color/list [36m304 [0m66.468 ms - -[0m
[0mOPTIONS /api/auth/seller/profile-details [32m204 [0m10.713 ms - 0[0m
[0mOPTIONS /api/seller/brand/list [32m204 [0m0.937 ms - 0[0m
[0mOPTIONS /api/product/color/list [32m204 [0m0.619 ms - 0[0m
[0mGET /api/auth/seller/profile-details [36m304 [0m70.993 ms - -[0m
[0mGET /api/seller/brand/list [36m304 [0m69.079 ms - -[0m
[0mGET /api/product/color/list [36m304 [0m72.351 ms - -[0m
[0mGET /api/auth/seller/profile-details [36m304 [0m14.133 ms - -[0m
[0mGET /api/seller/brand/list [36m304 [0m57.042 ms - -[0m
[0mGET /api/product/color/list [36m304 [0m61.036 ms - -[0m
[0mOPTIONS /api/category/search/allcombine [32m204 [0m1.089 ms - 0[0m
[0mPOST /api/category/search/allcombine [32m200 [0m17.980 ms - 3702[0m
[0mPOST /api/category/search/allcombine [32m200 [0m3.936 ms - 2153[0m
[0mPOST /api/category/search/allcombine [32m200 [0m3.976 ms - 49[0m
[0mPOST /api/category/search/allcombine [32m200 [0m10.647 ms - 2153[0m
[0mPOST /api/category/search/allcombine [32m200 [0m11.906 ms - 3702[0m
[0mOPTIONS /api/category/search/allcombine [32m204 [0m0.987 ms - 0[0m
[0mPOST /api/category/search/allcombine [32m200 [0m14.215 ms - 1209[0m
[0mPOST /api/category/search/allcombine [32m200 [0m5.494 ms - 254[0m
[0mOPTIONS /api/auth/seller/profile-details [32m204 [0m2.471 ms - 0[0m
[0mOPTIONS /api/seller/brand/list [32m204 [0m0.750 ms - 0[0m
[0mOPTIONS /api/product/color/list [32m204 [0m0.594 ms - 0[0m
[0mGET /api/auth/seller/profile-details [36m304 [0m39.921 ms - -[0m
[0mGET /api/product/color/list [36m304 [0m76.979 ms - -[0m
[0mGET /api/seller/brand/list [36m304 [0m76.092 ms - -[0m
[0mOPTIONS /api/category/search/allcombine [32m204 [0m1.059 ms - 0[0m
[0mPOST /api/category/search/allcombine [32m200 [0m21.391 ms - 1209[0m
[0mPOST /api/category/search/allcombine [32m200 [0m5.051 ms - 254[0m
[0mOPTIONS /api/auth/seller/profile-details [32m204 [0m1.427 ms - 0[0m
[0mOPTIONS /api/seller/brand/list [32m204 [0m1.283 ms - 0[0m
[0mOPTIONS /api/product/color/list [32m204 [0m0.996 ms - 0[0m
[0mGET /api/auth/seller/profile-details [36m304 [0m42.696 ms - -[0m
[0mGET /api/seller/brand/list [36m304 [0m51.263 ms - -[0m
[0mGET /api/product/color/list [36m304 [0m64.643 ms - -[0m
[0mOPTIONS /api/category/search/allcombine [32m204 [0m1.004 ms - 0[0m
[0mPOST /api/category/search/allcombine [32m200 [0m13.896 ms - 3702[0m
[0mPOST /api/category/search/allcombine [32m200 [0m4.266 ms - 2153[0m
[0mPOST /api/category/search/allcombine [32m200 [0m4.978 ms - 3702[0m
[0mPOST /api/category/search/allcombine [32m200 [0m4.909 ms - 1209[0m
[0mPOST /api/category/search/allcombine [32m200 [0m3.390 ms - 254[0m
[0mOPTIONS /api/auth/seller/profile-details [32m204 [0m2.267 ms - 0[0m
[0mOPTIONS /api/seller/brand/list [32m204 [0m0.457 ms - 0[0m
[0mOPTIONS /api/product/color/list [32m204 [0m0.898 ms - 0[0m
[0mGET /api/auth/seller/profile-details [36m304 [0m28.555 ms - -[0m
[0mGET /api/product/color/list [36m304 [0m49.782 ms - -[0m
[0mGET /api/seller/brand/list [36m304 [0m60.615 ms - -[0m
[0mOPTIONS /api/auth/seller/profile-details [32m204 [0m2.234 ms - 0[0m
[0mGET /api/auth/seller/profile-details [36m304 [0m6.533 ms - -[0m
[0mOPTIONS /api/seller/brand/list [32m204 [0m0.492 ms - 0[0m
[0mOPTIONS /api/product/color/list [32m204 [0m0.361 ms - 0[0m
[0mGET /api/seller/brand/list [36m304 [0m36.528 ms - -[0m
[0mGET /api/product/color/list [36m304 [0m58.223 ms - -[0m
[0mOPTIONS /api/category/search/allcombine [32m204 [0m1.113 ms - 0[0m
[0mPOST /api/category/search/allcombine [32m200 [0m15.155 ms - 4556[0m
[0mPOST /api/category/search/allcombine [32m200 [0m3.483 ms - 132[0m
[0mPOST /api/category/search/allcombine [32m200 [0m2.751 ms - 132[0m
[0mOPTIONS /api/seller/product/create [32m204 [0m0.554 ms - 0[0m
[0mPOST /api/seller/product/create [32m200 [0m65.253 ms - 71[0m
[0mOPTIONS /api/auth/seller/profile-details [32m204 [0m1.374 ms - 0[0m
[0mOPTIONS /api/seller/brand/list [32m204 [0m0.501 ms - 0[0m
[0mOPTIONS /api/product/color/list [32m204 [0m0.900 ms - 0[0m
[0mGET /api/auth/seller/profile-details [36m304 [0m26.648 ms - -[0m
[0mGET /api/seller/brand/list [36m304 [0m62.045 ms - -[0m
[0mGET /api/product/color/list [36m304 [0m113.240 ms - -[0m
[0mOPTIONS /api/auth/seller/profile-details [32m204 [0m8.316 ms - 0[0m
[0mOPTIONS /api/seller/brand/list [32m204 [0m3.253 ms - 0[0m
[0mOPTIONS /api/product/color/list [32m204 [0m2.954 ms - 0[0m
[0mGET /api/auth/seller/profile-details [36m304 [0m25.043 ms - -[0m
[0mGET /api/seller/brand/list [36m304 [0m57.395 ms - -[0m
[0mGET /api/product/color/list [36m304 [0m64.273 ms - -[0m
[0mOPTIONS /api/auth/seller/profile-details [32m204 [0m1.326 ms - 0[0m
[0mOPTIONS /api/seller/brand/list [32m204 [0m0.377 ms - 0[0m
[0mOPTIONS /api/product/color/list [32m204 [0m1.125 ms - 0[0m
[0mGET /api/auth/seller/profile-details [36m304 [0m31.564 ms - -[0m
[0mGET /api/seller/brand/list [36m304 [0m56.851 ms - -[0m
[0mGET /api/product/color/list [36m304 [0m51.658 ms - -[0m
[0mOPTIONS /api/auth/seller/profile-details [32m204 [0m1.038 ms - 0[0m
[0mGET /api/auth/seller/profile-details [36m304 [0m7.279 ms - -[0m
[0mOPTIONS /api/seller/brand/list [32m204 [0m0.280 ms - 0[0m
[0mOPTIONS /api/product/color/list [32m204 [0m0.410 ms - 0[0m
[0mGET /api/seller/brand/list [36m304 [0m35.269 ms - -[0m
[0mGET /api/product/color/list [36m304 [0m62.994 ms - -[0m
[0mOPTIONS /api/category/search/allcombine [32m204 [0m1.464 ms - 0[0m
[0mPOST /api/category/search/allcombine [32m200 [0m23.135 ms - 3250[0m
[0mPOST /api/category/search/allcombine [32m200 [0m7.906 ms - 4556[0m
[0mPOST /api/category/search/allcombine [32m200 [0m4.244 ms - 132[0m
[0mOPTIONS /api/auth/seller/profile-details [32m204 [0m1.787 ms - 0[0m
[0mOPTIONS /api/seller/brand/list [32m204 [0m6.626 ms - 0[0m
[0mOPTIONS /api/product/color/list [32m204 [0m1.834 ms - 0[0m
[0mGET /api/auth/seller/profile-details [36m304 [0m17.143 ms - -[0m
[0mGET /api/seller/brand/list [36m304 [0m57.789 ms - -[0m
[0mGET /api/product/color/list [36m304 [0m60.087 ms - -[0m
[0mOPTIONS /api/category/search/allcombine [32m204 [0m0.463 ms - 0[0m
[0mPOST /api/category/search/allcombine [32m200 [0m5.765 ms - 271[0m
[0mPOST /api/category/search/allcombine [32m200 [0m5.674 ms - 3256[0m
[0mPOST /api/category/search/allcombine [32m200 [0m5.429 ms - 1209[0m
[0mPOST /api/category/search/allcombine [32m200 [0m6.424 ms - 254[0m
[0mOPTIONS /api/auth/seller/profile-details [32m204 [0m0.809 ms - 0[0m
[0mGET /api/auth/seller/profile-details [36m304 [0m4.818 ms - -[0m
[0mOPTIONS /api/seller/brand/list [32m204 [0m0.673 ms - 0[0m
[0mOPTIONS /api/product/color/list [32m204 [0m0.693 ms - 0[0m
[0mGET /api/seller/brand/list [36m304 [0m39.627 ms - -[0m
[0mGET /api/product/color/list [36m304 [0m42.581 ms - -[0m
[0mOPTIONS /api/category/search/allcombine [32m204 [0m0.449 ms - 0[0m
[0mPOST /api/category/search/allcombine [32m200 [0m5.906 ms - 4556[0m
[0mPOST /api/category/search/allcombine [32m200 [0m2.845 ms - 132[0m
[0mOPTIONS /api/auth/seller/profile-details [32m204 [0m1.349 ms - 0[0m
[0mOPTIONS /api/seller/brand/list [32m204 [0m3.030 ms - 0[0m
[0mOPTIONS /api/product/color/list [32m204 [0m0.997 ms - 0[0m
[0mGET /api/auth/seller/profile-details [36m304 [0m18.262 ms - -[0m
[0mGET /api/seller/brand/list [36m304 [0m38.922 ms - -[0m
[0mGET /api/product/color/list [36m304 [0m55.768 ms - -[0m
[0mOPTIONS /api/auth/seller/profile-details [32m204 [0m2.142 ms - 0[0m
[0mOPTIONS /api/seller/brand/list [32m204 [0m0.618 ms - 0[0m
[0mOPTIONS /api/product/color/list [32m204 [0m0.415 ms - 0[0m
[0mGET /api/auth/seller/profile-details [36m304 [0m36.868 ms - -[0m
[0mGET /api/seller/brand/list [36m304 [0m69.684 ms - -[0m
[0mGET /api/product/color/list [36m304 [0m82.734 ms - -[0m
[0mOPTIONS /api/auth/seller/profile-details [32m204 [0m1.471 ms - 0[0m
[0mOPTIONS /api/seller/brand/list [32m204 [0m0.400 ms - 0[0m
[0mOPTIONS /api/product/color/list [32m204 [0m0.627 ms - 0[0m
[0mGET /api/auth/seller/profile-details [36m304 [0m15.961 ms - -[0m
[0mGET /api/seller/brand/list [36m304 [0m56.314 ms - -[0m
[0mGET /api/product/color/list [36m304 [0m56.998 ms - -[0m
[0mOPTIONS /api/category/search/allcombine [32m204 [0m0.612 ms - 0[0m
[0mPOST /api/category/search/allcombine [32m200 [0m14.217 ms - 4556[0m
[0mPOST /api/category/search/allcombine [32m200 [0m3.298 ms - 132[0m
[0mOPTIONS /api/seller/product/create [32m204 [0m0.798 ms - 0[0m
[0mPOST /api/seller/product/create [31m500 [0m106.802 ms - 1902[0m
[0mOPTIONS /api/auth/seller/login [32m204 [0m7.915 ms - 0[0m
[0mPOST /api/auth/seller/login [32m200 [0m313.119 ms - 214[0m
[0mOPTIONS /api/auth/seller/profile-details [32m204 [0m1.347 ms - 0[0m
[0mOPTIONS /api/seller/dasbhoard/list [32m204 [0m0.372 ms - 0[0m
[0mGET /api/auth/seller/profile-details [36m304 [0m53.147 ms - -[0m
[0mGET /api/seller/dasbhoard/list [31m500 [0m271.543 ms - 3179[0m
[0mOPTIONS /api/auth/seller/profile-details [32m204 [0m7.589 ms - 0[0m
[0mOPTIONS /api/seller/dasbhoard/list [32m204 [0m5.648 ms - 0[0m
[0mGET /api/auth/seller/profile-details [36m304 [0m60.664 ms - -[0m
[0mGET /api/seller/dasbhoard/list [31m500 [0m249.328 ms - 3179[0m
[0mOPTIONS /api/auth/seller/profile-details [32m204 [0m6.383 ms - 0[0m
[0mOPTIONS /api/seller/dasbhoard/list [32m204 [0m11.106 ms - 0[0m
[0mGET /api/auth/seller/profile-details [32m200 [0m53.873 ms - 189[0m
[0mGET /api/seller/dasbhoard/list [31m500 [0m250.028 ms - 3179[0m
[0mOPTIONS /api/auth/seller/profile-details [32m204 [0m8.623 ms - 0[0m
[0mOPTIONS /api/seller/dasbhoard/list [32m204 [0m1.469 ms - 0[0m
[0mGET /api/auth/seller/profile-details [32m200 [0m39.191 ms - 189[0m
[0mGET /api/seller/dasbhoard/list [32m200 [0m179.089 ms - 23692[0m
[0mOPTIONS /api/auth/seller/profile-details [32m204 [0m5.423 ms - 0[0m
[0mOPTIONS /api/seller/dasbhoard/list [32m204 [0m4.236 ms - 0[0m
[0mGET /api/auth/seller/profile-details [32m200 [0m38.172 ms - 189[0m
[0mGET /api/seller/dasbhoard/list [31m500 [0m198.137 ms - 3179[0m
[0mOPTIONS /api/auth/seller/profile-details [32m204 [0m4.846 ms - 0[0m
[0mOPTIONS /api/seller/dasbhoard/list [32m204 [0m4.180 ms - 0[0m
[0mGET /api/auth/seller/profile-details [32m200 [0m50.656 ms - 189[0m
[0mGET /api/seller/dasbhoard/list [32m200 [0m177.163 ms - 16169[0m
[0mOPTIONS /api/auth/seller/profile-details [32m204 [0m0.853 ms - 0[0m
[0mOPTIONS /api/vendor/shop-detail [32m204 [0m0.967 ms - 0[0m
[0mGET /api/auth/seller/profile-details [36m304 [0m15.402 ms - -[0m
[0mGET /api/vendor/shop-detail [32m200 [0m49.303 ms - 39[0m
[0mOPTIONS /api/seller/product/list [32m204 [0m0.494 ms - 0[0m
[0mGET /api/auth/seller/profile-details [36m304 [0m8.915 ms - -[0m
[0mPOST /api/seller/product/list [32m200 [0m294.900 ms - 797851[0m
[0mOPTIONS /api/auth/seller/profile-details [32m204 [0m1.255 ms - 0[0m
[0mOPTIONS /api/seller/product/list [32m204 [0m0.803 ms - 0[0m
[0mGET /api/auth/seller/profile-details [36m304 [0m20.040 ms - -[0m
[0mPOST /api/seller/product/list [32m200 [0m305.695 ms - 797851[0m
[0mOPTIONS /api/auth/seller/profile-details [32m204 [0m2.542 ms - 0[0m
[0mOPTIONS /api/seller/product/list [32m204 [0m1.260 ms - 0[0m
[0mGET /api/auth/seller/profile-details [36m304 [0m37.849 ms - -[0m
[0mPOST /api/seller/product/list [32m200 [0m328.152 ms - 797851[0m
[0mOPTIONS /api/auth/seller/profile-details [32m204 [0m5.726 ms - 0[0m
[0mOPTIONS /api/seller/product/list [32m204 [0m1.384 ms - 0[0m
[0mGET /api/auth/seller/profile-details [36m304 [0m47.918 ms - -[0m
[0mPOST /api/seller/product/list [32m200 [0m398.237 ms - 797851[0m
[0mOPTIONS /api/auth/seller/profile-details [32m204 [0m2.894 ms - 0[0m
[0mOPTIONS /api/seller/product/list [32m204 [0m1.171 ms - 0[0m
[0mGET /api/auth/seller/profile-details [36m304 [0m35.401 ms - -[0m
[0mPOST /api/seller/product/list [32m200 [0m320.061 ms - 797851[0m
[0mOPTIONS /api/product/varients-delete?id=5605 [32m204 [0m1.396 ms - 0[0m
[0mDELETE /api/product/varients-delete?id=5605 [32m200 [0m38.802 ms - 46[0m
[0mOPTIONS /api/seller/product/list [32m204 [0m0.829 ms - 0[0m
[0mPOST /api/seller/product/list [32m200 [0m253.030 ms - 797254[0m
[0mOPTIONS /api/auth/seller/profile-details [32m204 [0m0.850 ms - 0[0m
[0mOPTIONS /api/seller/brand/list [32m204 [0m0.564 ms - 0[0m
[0mOPTIONS /api/product/color/list [32m204 [0m1.680 ms - 0[0m
[0mGET /api/auth/seller/profile-details [36m304 [0m26.761 ms - -[0m
[0mGET /api/seller/brand/list [36m304 [0m41.596 ms - -[0m
[0mGET /api/product/color/list [36m304 [0m63.623 ms - -[0m
[0mOPTIONS /api/category/search/allcombine [32m204 [0m0.893 ms - 0[0m
[0mPOST /api/category/search/allcombine [32m200 [0m46.269 ms - 3702[0m
[0mOPTIONS /api/seller/product/create [32m204 [0m0.927 ms - 0[0m
[0mPOST /api/seller/product/create [32m200 [0m32.701 ms - 71[0m
[0mOPTIONS /api/auth/seller/profile-details [32m204 [0m0.552 ms - 0[0m
[0mOPTIONS /api/seller/product/list [32m204 [0m0.265 ms - 0[0m
[0mPOST /api/seller/product/list [32m200 [0m236.806 ms - 798305[0m
[0mOPTIONS /api/seller/brand/list [32m204 [0m0.774 ms - 0[0m
[0mOPTIONS /api/product/color/list [32m204 [0m0.296 ms - 0[0m
[0mOPTIONS /api/seller/product/list-by-id [32m204 [0m1.616 ms - 0[0m
[0mGET /api/product/color/list [36m304 [0m43.437 ms - -[0m
[0mGET /api/seller/brand/list [36m304 [0m52.320 ms - -[0m
[0mPOST /api/seller/product/list-by-id [32m200 [0m112.912 ms - 153[0m
[0mOPTIONS /api/auth/seller/profile-details [32m204 [0m1.828 ms - 0[0m
[0mGET /api/auth/seller/profile-details [36m304 [0m14.340 ms - -[0m
[0mOPTIONS /api/seller/brand/list [32m204 [0m0.650 ms - 0[0m
[0mOPTIONS /api/product/color/list [32m204 [0m0.307 ms - 0[0m
[0mGET /api/seller/brand/list [36m304 [0m42.291 ms - -[0m
[0mOPTIONS /api/seller/product/list-by-id [32m204 [0m8.228 ms - 0[0m
[0mGET /api/product/color/list [36m304 [0m66.541 ms - -[0m
[0mPOST /api/seller/product/list-by-id [32m200 [0m57.037 ms - 153[0m
[0mOPTIONS /api/category/search/allcombine [32m204 [0m0.762 ms - 0[0m
[0mPOST /api/category/search/allcombine [32m200 [0m12.966 ms - 502[0m
[0mOPTIONS /api/category/getAllSubCategory?categoryId=[object%20Object] [32m204 [0m0.537 ms - 0[0m
[0mGET /api/category/getAllSubCategory?categoryId=[object%20Object] [32m200 [0m7.842 ms - 26[0m
[0mOPTIONS /api/seller/product/update [32m204 [0m0.695 ms - 0[0m
[0mPUT /api/seller/product/update [32m200 [0m36.773 ms - 70[0m
[0mOPTIONS /api/seller/product/list [32m204 [0m0.777 ms - 0[0m
[0mPOST /api/seller/product/list [32m200 [0m303.376 ms - 798310[0m
[0mOPTIONS /api/seller/brand/list [32m204 [0m0.771 ms - 0[0m
[0mOPTIONS /api/product/color/list [32m204 [0m0.273 ms - 0[0m
[0mOPTIONS /api/seller/product/list-by-id [32m204 [0m1.485 ms - 0[0m
[0mGET /api/product/color/list [36m304 [0m33.661 ms - -[0m
[0mGET /api/seller/brand/list [36m304 [0m42.107 ms - -[0m
[0mPOST /api/seller/product/list-by-id [32m200 [0m109.834 ms - 153[0m
[0mOPTIONS /api/customer/getUserByEmailId [32m204 [0m35.191 ms - 0[0m
[0mOPTIONS /api/customer/getUserByEmailId [32m204 [0m34.559 ms - 0[0m
[0mGET /api/website/popular/category-list [32m200 [0m131.953 ms - 7924[0m
[0mGET /api/customer/getUserByEmailId [33m403 [0m127.837 ms - 36[0m
[0mGET /api/website/product/new-arrival [32m200 [0m159.940 ms - 10176[0m
[0mGET /api/customer/getUserByEmailId [33m403 [0m3.757 ms - 36[0m
[0mGET /api/website/product/home-kitchen [32m200 [0m247.577 ms - 15332[0m
[0mGET /api/website/category/list [32m200 [0m303.129 ms - 29200[0m
[0mGET /api/website/product/women-fashion [32m200 [0m258.678 ms - 14863[0m
[0mGET /api/website/category/list [0m- [0m- ms - -[0m
[0mGET /api/website/category/list [0m- [0m- ms - -[0m
[0mGET /api/website/popular/category-list [36m304 [0m24.924 ms - -[0m
[0mGET /api/website/category/list [32m200 [0m72.667 ms - 29200[0m
[0mGET /api/website/product/new-arrival [36m304 [0m99.082 ms - -[0m
[0mGET /api/website/product/home-kitchen [36m304 [0m104.040 ms - -[0m
[0mGET /api/website/product/women-fashion [36m304 [0m106.326 ms - -[0m
[0mGET /api/website/category/list [36m304 [0m39.435 ms - -[0m
[0mGET /api/website/category/list [36m304 [0m34.108 ms - -[0m
[0mGET /api/website/category/list [36m304 [0m33.907 ms - -[0m
[0mGET /api/website/category/list [36m304 [0m89.495 ms - -[0m
[0mGET /api/website/popular/category-list [36m304 [0m68.298 ms - -[0m
[0mGET /api/website/product/new-arrival [36m304 [0m96.332 ms - -[0m
[0mGET /api/website/product/home-kitchen [36m304 [0m198.937 ms - -[0m
[0mGET /api/website/product/women-fashion [36m304 [0m192.335 ms - -[0m
[0mGET /api/website/category/list [36m304 [0m101.511 ms - -[0m
[0mGET /api/website/category/list [36m304 [0m27.611 ms - -[0m
[0mGET /api/website/category/list [36m304 [0m30.722 ms - -[0m
[0mGET /api/website/popular/category-list [36m304 [0m68.604 ms - -[0m
[0mGET /api/website/product/new-arrival [36m304 [0m90.512 ms - -[0m
[0mGET /api/website/category/list [36m304 [0m103.778 ms - -[0m
[0mGET /api/website/product/home-kitchen [36m304 [0m145.075 ms - -[0m
[0mGET /api/website/product/women-fashion [36m304 [0m144.124 ms - -[0m
[0mGET /api/website/category/list [36m304 [0m76.773 ms - -[0m
[0mGET /api/website/category/list [36m304 [0m32.629 ms - -[0m
[0mGET /api/website/category/list [36m304 [0m28.933 ms - -[0m
[0mGET /api/website/popular/category-list [36m304 [0m71.289 ms - -[0m
[0mGET /api/website/product/new-arrival [36m304 [0m73.112 ms - -[0m
[0mGET /api/website/category/list [36m304 [0m104.556 ms - -[0m
[0mGET /api/website/product/women-fashion [36m304 [0m142.264 ms - -[0m
[0mGET /api/website/product/home-kitchen [36m304 [0m161.536 ms - -[0m
[0mGET /api/website/category/list [36m304 [0m87.298 ms - -[0m
[0mGET /api/website/category/list [36m304 [0m22.801 ms - -[0m
[0mGET /api/website/category/list [36m304 [0m20.306 ms - -[0m
[0mGET /api/website/category/list [36m304 [0m40.367 ms - -[0m
[0mGET /api/website/category/list [36m304 [0m23.536 ms - -[0m
[0mGET /api/website/category/list [36m304 [0m24.592 ms - -[0m
[0mGET /api/website/category/list [36m304 [0m83.910 ms - -[0m
[0mGET /api/website/category/list [36m304 [0m46.199 ms - -[0m
[0mGET /api/website/category/list [36m304 [0m30.210 ms - -[0m
[0mGET /api/website/category/list [36m304 [0m68.853 ms - -[0m
[0mGET /api/website/category/list [36m304 [0m28.060 ms - -[0m
[0mGET /api/website/category/list [36m304 [0m28.877 ms - -[0m
[0mGET /api/website/category/list [36m304 [0m129.420 ms - -[0m
[0mGET /api/website/popular/category-list [36m304 [0m105.821 ms - -[0m
[0mGET /api/website/product/new-arrival [36m304 [0m121.343 ms - -[0m
[0mGET /api/website/product/women-fashion [36m304 [0m219.815 ms - -[0m
[0mGET /api/website/product/home-kitchen [36m304 [0m239.329 ms - -[0m
[0mGET /api/website/category/list [36m304 [0m136.006 ms - -[0m
[0mGET /api/website/category/list [36m304 [0m37.480 ms - -[0m
[0mGET /api/website/category/list [36m304 [0m40.139 ms - -[0m
[0mGET /api/website/category/list [36m304 [0m60.937 ms - -[0m
[0mGET /api/website/category/list [36m304 [0m30.187 ms - -[0m
[0mGET /api/website/category/list [36m304 [0m21.870 ms - -[0m
[0mGET /api/website/category/list [36m304 [0m64.262 ms - -[0m
[0mGET /api/website/category/list [36m304 [0m38.177 ms - -[0m
[0mGET /api/website/category/list [36m304 [0m43.361 ms - -[0m
[0mGET /api/website/category/list [36m304 [0m72.112 ms - -[0m
[0mGET /api/website/category/list [36m304 [0m35.899 ms - -[0m
[0mGET /api/website/category/list [36m304 [0m25.544 ms - -[0m
[0mGET /api/website/category/list [36m304 [0m116.773 ms - -[0m
[0mGET /api/website/popular/category-list [36m304 [0m102.495 ms - -[0m
[0mGET /api/website/product/new-arrival [36m304 [0m111.767 ms - -[0m
[0mGET /api/website/product/home-kitchen [36m304 [0m200.731 ms - -[0m
[0mGET /api/website/product/women-fashion [36m304 [0m204.811 ms - -[0m
[0mGET /api/website/popular/category-list [36m304 [0m51.371 ms - -[0m
[0mGET /api/website/product/new-arrival [36m304 [0m54.968 ms - -[0m
[0mGET /api/website/category/list [36m304 [0m78.289 ms - -[0m
[0mGET /api/website/product/women-fashion [36m304 [0m117.686 ms - -[0m
[0mGET /api/website/product/home-kitchen [36m304 [0m121.615 ms - -[0m
[0mGET /api/website/category/list [36m304 [0m58.245 ms - -[0m
[0mGET /api/website/category/list [36m304 [0m20.130 ms - -[0m
[0mGET /api/website/category/list [36m304 [0m19.144 ms - -[0m
[0mGET /api/website/category/list [36m304 [0m42.516 ms - -[0m
[0mGET /api/website/category/list [36m304 [0m29.299 ms - -[0m
[0mGET /api/website/category/list [36m304 [0m42.297 ms - -[0m
[0mGET /api/website/category/list [36m304 [0m45.282 ms - -[0m
[0mGET /api/website/category/list [36m304 [0m41.576 ms - -[0m
[0mGET /api/website/category/list [36m304 [0m20.323 ms - -[0m
[0mGET /api/website/category/list [36m304 [0m47.585 ms - -[0m
[0mGET /api/website/category/list [36m304 [0m30.794 ms - -[0m
[0mGET /api/website/category/list [36m304 [0m26.884 ms - -[0m
[0mGET /api/website/category/list [36m304 [0m44.627 ms - -[0m
[0mGET /api/website/category/list [36m304 [0m24.849 ms - -[0m
[0mGET /api/website/category/list [36m304 [0m17.206 ms - -[0m
[0mGET /api/website/popular/category-list [36m304 [0m23.506 ms - -[0m
[0mGET /api/website/category/list [36m304 [0m73.382 ms - -[0m
[0mGET /api/website/product/new-arrival [36m304 [0m106.591 ms - -[0m
[0mGET /api/website/product/women-fashion [36m304 [0m114.303 ms - -[0m
[0mGET /api/website/product/home-kitchen [36m304 [0m117.210 ms - -[0m
[0mGET /api/website/category/list [36m304 [0m35.538 ms - -[0m
[0mGET /api/website/category/list [36m304 [0m22.013 ms - -[0m
[0mGET /api/website/category/list [36m304 [0m22.914 ms - -[0m
[0mGET /api/website/category/list [32m200 [0m162.461 ms - 29200[0m
[0mGET /api/website/category/list [32m200 [0m172.538 ms - 29200[0m
[0mGET /api/website/category/list [32m200 [0m179.281 ms - 29200[0m
[0mGET /api/website/category/list [32m200 [0m198.876 ms - 29200[0m
[0mGET /api/website/product/home-kitchen [32m200 [0m258.515 ms - 15332[0m
[0mGET /api/website/product/women-fashion [32m200 [0m257.290 ms - 14863[0m
[0mGET /api/website/popular/category-list [32m200 [0m86.664 ms - 6618[0m
[0mGET /api/website/product/new-arrival [32m200 [0m92.020 ms - 62[0m
[0mGET /api/website/catalog/category/search?queryString=electronics-mobile-phones [32m200 [0m79.622 ms - 1695[0m
[0mGET /api/website/catalog/product/search?filter_category=electronics-mobile-phones [32m200 [0m146.350 ms - 9320[0m
[0mGET /api/website/relatedProduct?productId=5848&slug=black-tablet-black-board [32m200 [0m91.022 ms - 306[0m
[0mGET /api/website/product/detail?productId=5848&slug=black-tablet-black-board [32m200 [0m105.052 ms - 1184[0m
[0mGET /api/website/catalog/category/search?queryString=electronics-mobile-phones [36m304 [0m88.712 ms - -[0m
[0mGET /api/website/catalog/product/search?filter_category=electronics-mobile-phones [36m304 [0m143.198 ms - -[0m
[0mGET /api/website/catalog/product/search?filter_category=electronics-mobile-phones [36m304 [0m145.527 ms - -[0m
[0mGET /api/website/catalog/product/search?filter_category=electronics-mobile-phones [36m304 [0m81.303 ms - -[0m
[0mGET /api/website/category/list [36m304 [0m84.947 ms - -[0m
[0mGET /api/website/category/list [36m304 [0m63.847 ms - -[0m
[0mGET /api/website/catalog/category/search?queryString=electronics-mobile-phones [36m304 [0m214.254 ms - -[0m
[0mGET /api/website/category/list [36m304 [0m159.438 ms - -[0m
[0mGET /api/website/catalog/product/search?filter_category=electronics-mobile-phones [36m304 [0m342.628 ms - -[0m
[0mGET /api/website/category/list [32m200 [0m253.995 ms - 29200[0m
[0mGET /api/website/category/list [32m200 [0m260.500 ms - 29200[0m
[0mGET /api/website/category/list [32m200 [0m248.736 ms - 29200[0m
[0mGET /api/website/catalog/product/search?filter_category=electronics-mobile-phones [32m200 [0m346.444 ms - 9320[0m
[0mGET /api/website/category/list [32m200 [0m199.602 ms - 29200[0m
[0mGET /api/website/category/list [32m200 [0m194.105 ms - 29200[0m
[0mGET /api/website/category/list [32m200 [0m192.865 ms - 29200[0m
[0mGET /api/website/catalog/category/search?queryString=electronics-mobile-phones [32m200 [0m264.969 ms - 2061[0m
[0mGET /api/website/catalog/product/search?filter_category=electronics-mobile-phones [32m200 [0m332.900 ms - 9320[0m
[0mGET /api/website/category/list [32m200 [0m167.967 ms - 29200[0m
[0mGET /api/website/category/list [32m200 [0m169.507 ms - 29200[0m
[0mGET /api/website/category/list [32m200 [0m182.871 ms - 29200[0m
[0mGET /api/website/catalog/category/search?queryString=electronics-mobile-phones [32m200 [0m264.502 ms - 2061[0m
[0mGET /api/website/catalog/product/search?filter_category=electronics-mobile-phones [32m200 [0m331.366 ms - 9320[0m
[0mGET /api/website/category/list [32m200 [0m150.933 ms - 29200[0m
[0mGET /api/website/category/list [32m200 [0m150.174 ms - 29200[0m
[0mGET /api/website/category/list [32m200 [0m153.548 ms - 29200[0m
[0mGET /api/website/catalog/category/search?queryString=electronics-mobile-phones [32m200 [0m251.635 ms - 2061[0m
[0mGET /api/website/catalog/product/search?filter_category=electronics-mobile-phones [32m200 [0m251.404 ms - 9320[0m
[0mGET /api/website/category/list [32m200 [0m204.072 ms - 29200[0m
[0mGET /api/website/category/list [32m200 [0m205.978 ms - 29200[0m
[0mGET /api/website/category/list [32m200 [0m211.654 ms - 29200[0m
[0mGET /api/website/catalog/category/search?queryString=electronics-mobile-phones [32m200 [0m320.011 ms - 2061[0m
[0mGET /api/website/catalog/product/search?filter_category=electronics-mobile-phones [32m200 [0m443.429 ms - 9698[0m
[0mGET /api/website/category/list [32m200 [0m256.490 ms - 29200[0m
[0mGET /api/website/category/list [32m200 [0m258.725 ms - 29200[0m
[0mGET /api/website/category/list [32m200 [0m251.016 ms - 29200[0m
[0mGET /api/website/catalog/category/search?queryString=electronics-mobile-phones [32m200 [0m318.956 ms - 2061[0m
[0mGET /api/website/catalog/product/search?filter_category=electronics-mobile-phones [32m200 [0m383.290 ms - 9698[0m
[0mGET /api/website/category/list [36m304 [0m56.298 ms - -[0m
[0mGET /api/website/catalog/category/search?queryString=null [32m200 [0m61.593 ms - 62[0m
[0mGET /api/website/category/list [36m304 [0m44.139 ms - -[0m
[0mGET /api/website/catalog/product/search?filter_category=null [32m200 [0m97.780 ms - 62[0m
[0mGET /api/website/category/list [36m304 [0m55.430 ms - -[0m
[0mGET /api/website/category/list [36m304 [0m58.802 ms - -[0m
[0mGET /api/website/category/list [36m304 [0m46.299 ms - -[0m
[0mGET /api/website/catalog/category/search?queryString=top-wear-for-men [32m200 [0m118.183 ms - 1045[0m
[0mGET /api/website/category/list [36m304 [0m141.930 ms - -[0m
[0mGET /api/website/category/list [32m200 [0m166.591 ms - 29200[0m
[0mGET /api/website/category/list [32m200 [0m167.475 ms - 29200[0m
[0mGET /api/website/category/list [32m200 [0m176.640 ms - 29200[0m
[0mGET /api/website/catalog/category/search?queryString=top-wear-for-men [32m200 [0m211.730 ms - 1045[0m
[0mGET /api/website/category/list [32m200 [0m194.970 ms - 29200[0m
[0mGET /api/website/category/list [32m200 [0m190.959 ms - 29200[0m
[0mGET /api/website/category/list [32m200 [0m167.603 ms - 29200[0m
[0mGET /api/website/catalog/category/search?queryString=top-wear-for-men [32m200 [0m201.706 ms - 1045[0m
[0mGET /api/website/catalog/product/search?filter_category=top-wear-for-men [32m200 [0m244.560 ms - 487[0m
[0mGET /api/website/category/list [32m200 [0m216.873 ms - 29200[0m
[0mGET /api/website/category/list [32m200 [0m214.351 ms - 29200[0m
[0mGET /api/website/category/list [32m200 [0m219.944 ms - 29200[0m
[0mGET /api/website/catalog/category/search?queryString=top-wear-for-men [32m200 [0m252.218 ms - 1045[0m
[0mGET /api/website/catalog/product/search?filter_category=top-wear-for-men [32m200 [0m291.192 ms - 487[0m
[0mGET /api/website/catalog/category/search?queryString=top-wear-for-men [36m304 [0m55.374 ms - -[0m
[0mGET /api/website/catalog/product/search?filter_category=top-wear-for-men [36m304 [0m85.631 ms - -[0m
[0mGET /api/website/catalog/product/search?filter_category=top-wear-for-men [36m304 [0m46.637 ms - -[0m
[0mGET /api/website/category/list [32m200 [0m158.338 ms - 29200[0m
[0mGET /api/website/category/list [32m200 [0m169.214 ms - 29200[0m
[0mGET /api/website/category/list [32m200 [0m177.016 ms - 29200[0m
[0mGET /api/website/catalog/category/search?queryString=top-wear-for-men [32m200 [0m218.082 ms - 1045[0m
[0mGET /api/website/catalog/product/search?filter_category=top-wear-for-men [32m200 [0m259.325 ms - 487[0m
[0mGET /api/website/category/list [32m200 [0m150.691 ms - 29200[0m
[0mGET /api/website/category/list [32m200 [0m169.289 ms - 29200[0m
[0mGET /api/website/category/list [32m200 [0m216.655 ms - 29200[0m
[0mGET /api/website/catalog/category/search?queryString=top-wear-for-men [32m200 [0m261.104 ms - 1045[0m
[0mGET /api/website/catalog/product/search?filter_category=top-wear-for-men [32m200 [0m337.517 ms - 487[0m
[0mGET /api/website/catalog/category/search?queryString=electronics-mobile-phones [36m304 [0m89.851 ms - -[0m
[0mGET /api/website/catalog/product/search?filter_category=electronics-mobile-phones%20 [32m200 [0m136.181 ms - 9698[0m
[0mGET /api/website/catalog/product/search?filter_category=electronics-mobile-phones%20 [36m304 [0m54.789 ms - -[0m
[0mGET /api/website/catalog/category/search?queryString=electronics-mobile-phones [36m304 [0m110.456 ms - -[0m
[0mGET /api/website/catalog/product/search?filter_category=electronics-mobile-phones%20 [36m304 [0m162.668 ms - -[0m
[0mGET /api/website/catalog/product/search?filter_category=electronics-mobile-phones%20 [36m304 [0m52.206 ms - -[0m
[0mGET /api/website/category/list [36m304 [0m92.963 ms - -[0m
[0mGET /api/website/category/list [36m304 [0m44.422 ms - -[0m
[0mGET /api/website/catalog/category/search?queryString=electronics-mobile-phones [36m304 [0m205.249 ms - -[0m
[0mGET /api/website/category/list [36m304 [0m92.736 ms - -[0m
[0mGET /api/website/catalog/product/search?filter_category=electronics-mobile-phones [36m304 [0m304.168 ms - -[0m
[0mGET /api/website/catalog/category/search?queryString=electronics-mobile-phones [36m304 [0m71.441 ms - -[0m
[0mGET /api/website/catalog/product/search?filter_category=electronics-mobile-phones [36m304 [0m129.105 ms - -[0m
[0mGET /api/website/catalog/product/search?filter_category=electronics-mobile-phones [36m304 [0m49.231 ms - -[0m
[0mGET /api/website/category/list [36m304 [0m99.226 ms - -[0m
[0mGET /api/website/category/list [36m304 [0m28.026 ms - -[0m
[0mGET /api/website/catalog/category/search?queryString=electronics-mobile-phones [36m304 [0m155.626 ms - -[0m
[0mGET /api/website/category/list [36m304 [0m56.874 ms - -[0m
[0mGET /api/website/catalog/product/search?filter_category=electronics-mobile-phones [36m304 [0m226.880 ms - -[0m
[0mGET /api/website/category/list [32m200 [0m142.043 ms - 29200[0m
[0mGET /api/website/category/list [32m200 [0m158.882 ms - 29200[0m
[0mGET /api/website/category/list [32m200 [0m144.534 ms - 29200[0m
[0mGET /api/website/catalog/category/search?queryString=electronics-mobile-phones [32m200 [0m216.444 ms - 2061[0m
[0mGET /api/website/catalog/product/search?filter_category=electronics-mobile-phones [32m200 [0m241.343 ms - 9698[0m
[0mGET /api/website/product/detail?productId=5858&slug=oppo-a15-mystery-blue-3gb-ram-32gb-storage [32m200 [0m108.465 ms - 4535[0m
[0mGET /api/website/relatedProduct?productId=5858&slug=oppo-a15-mystery-blue-3gb-ram-32gb-storage [32m200 [0m102.993 ms - 395[0m
[0mGET /api/website/autosuggest/search?limit=5&query=m [32m200 [0m188.094 ms - 212385[0m
[0mGET /api/website/autosuggest/search?limit=5&query=mi [32m200 [0m52.207 ms - 25459[0m
[0mGET /api/website/autosuggest/search?limit=5&query=mid [32m200 [0m41.122 ms - 2682[0m
[0mGET /api/website/autosuggest/search?limit=5&query=mide [32m200 [0m28.119 ms - 2682[0m
[0mGET /api/website/autosuggest/search?limit=5&query=midea [32m200 [0m29.720 ms - 2682[0m
[0mGET /api/website/catalog/category/search?queryString=midea [32m200 [0m38.381 ms - 420[0m
[0mGET /api/website/catalog/product/search?filter_category=midea%20 [32m200 [0m104.848 ms - 5836[0m
[0mGET /api/website/category/list [32m200 [0m239.281 ms - 29200[0m
[0mGET /api/website/category/list [32m200 [0m219.275 ms - 29200[0m
[0mGET /api/website/category/list [32m200 [0m222.106 ms - 29200[0m
[0mGET /api/website/catalog/category/search?queryString=midea [32m200 [0m270.699 ms - 420[0m
[0mGET /api/website/catalog/product/search?filter_category=midea [32m200 [0m366.354 ms - 5888[0m
[0mGET /api/website/autosuggest/search?limit=5&query=hi [32m200 [0m108.948 ms - 36820[0m
[0mGET /api/website/autosuggest/search?limit=5&query=hin [32m200 [0m31.745 ms - 8059[0m
[0mGET /api/website/autosuggest/search?limit=5&query=hind [32m200 [0m50.958 ms - 3515[0m
[0mGET /api/website/catalog/category/search?queryString=hindware [32m200 [0m53.176 ms - 561[0m
[0mGET /api/website/catalog/product/search?filter_category=hindware%20 [32m200 [0m109.325 ms - 7769[0m
[0mGET /api/website/catalog/product/search?filter_category=hindware%20 [36m304 [0m66.042 ms - -[0m
[0mGET /api/website/autosuggest/search?limit=5&query=p [32m200 [0m190.041 ms - 164543[0m
[0mGET /api/website/autosuggest/search?limit=5&query=pa [32m200 [0m171.968 ms - 33769[0m
[0mGET /api/website/autosuggest/search?limit=5&query=pat [32m200 [0m35.224 ms - 5915[0m
[0mGET /api/website/autosuggest/search?limit=5&query=pata [32m200 [0m42.495 ms - 5500[0m
[0mGET /api/website/catalog/category/search?queryString=patanjali [32m200 [0m51.717 ms - 377[0m
[0mGET /api/website/catalog/product/search?filter_category=patanjali%20 [32m200 [0m100.648 ms - 8349[0m
[0mGET /api/website/category/list [32m200 [0m107.586 ms - 29200[0m
[0mGET /api/website/category/list [32m200 [0m125.815 ms - 29200[0m
[0mGET /api/website/category/list [32m200 [0m113.113 ms - 29200[0m
[0mGET /api/website/catalog/category/search?queryString=patanjali [32m200 [0m146.576 ms - 377[0m
[0mGET /api/website/catalog/product/search?filter_category=patanjali [32m200 [0m208.562 ms - 8349[0m
[0mGET /api/website/autosuggest/search?limit=5&query=p [36m304 [0m138.119 ms - -[0m
[0mGET /api/website/autosuggest/search?limit=5&query=pa [36m304 [0m39.499 ms - -[0m
[0mGET /api/website/autosuggest/search?limit=5&query=pat [36m304 [0m50.307 ms - -[0m
[0mGET /api/website/autosuggest/search?limit=5&query=pata [36m304 [0m53.236 ms - -[0m
[0mGET /api/website/catalog/category/search?queryString=patanjali [36m304 [0m40.593 ms - -[0m
[0mGET /api/website/catalog/product/search?filter_category=patanjali%20 [36m304 [0m83.212 ms - -[0m
[0mGET /api/website/catalog/product/search?filter_category=patanjali%20 [36m304 [0m55.399 ms - -[0m
[0mGET /api/website/category/list [32m200 [0m334.939 ms - 29200[0m
[0mGET /api/website/category/list [32m200 [0m345.630 ms - 29200[0m
[0mGET /api/website/category/list [32m200 [0m352.677 ms - 29200[0m
[0mGET /api/website/catalog/category/search?queryString=patanjali [32m200 [0m389.139 ms - 377[0m
[0mGET /api/website/catalog/product/search?filter_category=patanjali [32m200 [0m445.374 ms - 8349[0m
[0mGET /api/website/category/list [32m200 [0m145.356 ms - 29200[0m
[0mGET /api/website/category/list [32m200 [0m156.539 ms - 29200[0m
[0mGET /api/website/category/list [32m200 [0m160.488 ms - 29200[0m
[0mGET /api/website/catalog/category/search?queryString=patanjali [32m200 [0m212.197 ms - 377[0m
[0mGET /api/website/category/list [32m200 [0m228.421 ms - 29200[0m
[0mGET /api/website/category/list [32m200 [0m242.816 ms - 29200[0m
[0mGET /api/website/category/list [32m200 [0m230.955 ms - 29200[0m
[0mGET /api/website/catalog/category/search?queryString=patanjali [32m200 [0m292.116 ms - 377[0m
[0mGET /api/website/catalog/product/search?filter_category=patanjali [32m200 [0m321.433 ms - 8387[0m
[0mGET /api/website/autosuggest/search?limit=5&query=m [36m304 [0m235.332 ms - -[0m
[0mGET /api/website/autosuggest/search?limit=5&query=mi [36m304 [0m33.668 ms - -[0m
[0mGET /api/website/autosuggest/search?limit=5&query=mid [36m304 [0m24.071 ms - -[0m
[0mGET /api/website/autosuggest/search?limit=5&query=mide [36m304 [0m24.354 ms - -[0m
[0mGET /api/website/catalog/category/search?queryString=midea [36m304 [0m68.184 ms - -[0m
[0mGET /api/website/catalog/product/search?filter_category=midea%20 [32m200 [0m140.853 ms - 6122[0m
[0mGET /api/website/catalog/product/search?filter_category=midea%20 [36m304 [0m61.743 ms - -[0m
[0mGET /api/website/popular/category-list [36m304 [0m78.722 ms - -[0m
[0mGET /api/website/product/new-arrival [36m304 [0m79.268 ms - -[0m
[0mGET /api/website/category/list [36m304 [0m112.737 ms - -[0m
[0mGET /api/website/product/home-kitchen [36m304 [0m137.462 ms - -[0m
[0mGET /api/website/product/women-fashion [36m304 [0m161.759 ms - -[0m
[0mGET /api/website/product/detail?productId=5557&slug=hindware-cooker-hood-chromia-60-auto-clean-chimney [32m200 [0m104.125 ms - 3006[0m
[0mGET /api/website/relatedProduct?productId=5557&slug=hindware-cooker-hood-chromia-60-auto-clean-chimney [32m200 [0m103.598 ms - 5006[0m
[0mOPTIONS /api/auth/rootLogin [32m204 [0m4.032 ms - 0[0m
[0mPOST /api/auth/rootLogin [32m200 [0m352.842 ms - 211[0m
[0mOPTIONS /api/order/notifications [32m204 [0m0.612 ms - 0[0m
[0mOPTIONS /api/order/list [32m204 [0m0.675 ms - 0[0m
[0mOPTIONS /api/order/count [32m204 [0m0.479 ms - 0[0m
[0mGET /api/order/count [36m304 [0m32.016 ms - -[0m
[0mPOST /api/order/list [32m200 [0m47.460 ms - 7662[0m
[0mGET /api/order/notifications [36m304 [0m51.502 ms - -[0m
[0mOPTIONS /api/order/notifications [32m204 [0m0.842 ms - 0[0m
[0mOPTIONS /api/product/getAllproductList [32m204 [0m1.199 ms - 0[0m
[0mOPTIONS /api/category/admin/main-list [32m204 [0m0.889 ms - 0[0m
[0mOPTIONS /api/product/search/getAllproductList [32m204 [0m0.664 ms - 0[0m
[0mGET /api/category/admin/main-list [32m200 [0m19.164 ms - 10793[0m
[0mGET /api/order/notifications [36m304 [0m26.344 ms - -[0m
[0mPOST /api/product/getAllproductList [32m200 [0m527.854 ms - 123591[0m
[0mGET /api/product/search/getAllproductList [32m200 [0m518.519 ms - 5071745[0m
[0mOPTIONS /api/order/notifications [32m204 [0m3.272 ms - 0[0m
[0mOPTIONS /api/seller/all-product-list?limit=20&page=1 [32m204 [0m1.148 ms - 0[0m
[0mGET /api/order/notifications [36m304 [0m30.209 ms - -[0m
[0mGET /api/seller/all-product-list?limit=20&page=1 [32m200 [0m79.038 ms - 10722[0m
[0mOPTIONS /api/seller/all-product-list?limit=20&page=1&searchString=Islamic+White+cap+-+3pcs [32m204 [0m1.643 ms - 0[0m
[0mGET /api/seller/all-product-list?limit=20&page=1&searchString=Islamic+White+cap+-+3pcs [32m200 [0m73.895 ms - 62[0m
[0mOPTIONS /api/order/notifications [32m204 [0m0.536 ms - 0[0m
[0mOPTIONS /api/seller/history-product?limit=20&page=1 [32m204 [0m0.321 ms - 0[0m
[0mGET /api/order/notifications [36m304 [0m44.571 ms - -[0m
[0mGET /api/seller/history-product?limit=20&page=1 [32m200 [0m45.830 ms - 42473[0m
[0mOPTIONS /api/seller/history-product?limit=20&page=1&searchString=Islamic+White+cap+-+3pcs [32m204 [0m0.727 ms - 0[0m
[0mGET /api/seller/history-product?limit=20&page=1&searchString=Islamic+White+cap+-+3pcs [32m200 [0m27.711 ms - 62[0m
[0mOPTIONS /api/order/notifications [32m204 [0m1.201 ms - 0[0m
[0mOPTIONS /api/seller/history-product?limit=20&page=1 [32m204 [0m0.681 ms - 0[0m
[0mGET /api/seller/history-product?limit=20&page=1 [36m304 [0m31.910 ms - -[0m
[0mGET /api/order/notifications [36m304 [0m35.625 ms - -[0m
[0mOPTIONS /api/seller/history-product?limit=20&page=6 [32m204 [0m1.091 ms - 0[0m
[0mGET /api/seller/history-product?limit=20&page=6 [32m200 [0m89.244 ms - 172622[0m
[0mOPTIONS /api/seller/history-product?limit=20&page=7 [32m204 [0m1.387 ms - 0[0m
[0mGET /api/seller/history-product?limit=20&page=7 [32m200 [0m73.353 ms - 78251[0m
[0mOPTIONS /api/seller/admin/product/search?id=5770 [32m204 [0m0.646 ms - 0[0m
[0mGET /api/seller/admin/product/search?id=5770 [32m200 [0m59.789 ms - 391[0m
[0mOPTIONS /api/order/notifications [32m204 [0m2.058 ms - 0[0m
[0mOPTIONS /api/vendor/list [32m204 [0m1.700 ms - 0[0m
[0mGET /api/vendor/list [32m200 [0m23.785 ms - 10063[0m
[0mGET /api/order/notifications [36m304 [0m22.476 ms - -[0m
[0mOPTIONS /api/seller/all-product-list?limit=20&page=1 [32m204 [0m0.694 ms - 0[0m
[0mGET /api/order/notifications [36m304 [0m32.036 ms - -[0m
[0mGET /api/seller/all-product-list?limit=20&page=1 [36m304 [0m65.982 ms - -[0m
[0mOPTIONS /api/seller/all-product-list?limit=20&page=6 [32m204 [0m0.575 ms - 0[0m
[0mGET /api/seller/all-product-list?limit=20&page=6 [32m200 [0m62.012 ms - 11249[0m
[0mOPTIONS /api/product/status/update [32m204 [0m0.885 ms - 0[0m
[0mPOST /api/product/status/update [32m200 [0m35.332 ms - 52[0m
[0mOPTIONS /api/seller/all-product-list [32m204 [0m1.830 ms - 0[0m
[0mGET /api/seller/all-product-list [32m200 [0m62.980 ms - 5500[0m
[0mOPTIONS /api/order/notifications [32m204 [0m0.533 ms - 0[0m
[0mOPTIONS /api/seller/all-product-list?limit=20&page=1 [32m204 [0m0.368 ms - 0[0m
[0mGET /api/order/notifications [36m304 [0m26.618 ms - -[0m
[0mGET /api/seller/all-product-list?limit=20&page=1 [36m304 [0m103.547 ms - -[0m
[0mOPTIONS /api/seller/all-product-list?limit=20&page=6 [32m204 [0m0.664 ms - 0[0m
[0mGET /api/seller/all-product-list?limit=20&page=6 [32m200 [0m68.748 ms - 11250[0m
[0mOPTIONS /api/product/status/update [32m204 [0m1.748 ms - 0[0m
[0mPOST /api/product/status/update [32m200 [0m28.159 ms - 52[0m
[0mOPTIONS /api/seller/all-product-list [32m204 [0m0.586 ms - 0[0m
[0mGET /api/seller/all-product-list [36m304 [0m54.557 ms - -[0m
[0mOPTIONS /api/seller/all-product-list?limit=20&page=1&searchString=Kesh+Anti+Hairfall+Conditioner,+200ml [32m204 [0m0.553 ms - 0[0m
[0mGET /api/seller/all-product-list?limit=20&page=1&searchString=Kesh+Anti+Hairfall+Conditioner,+200ml [32m200 [0m69.031 ms - 634[0m
[0mOPTIONS /api/product/status/update [32m204 [0m0.502 ms - 0[0m
[0mPOST /api/product/status/update [32m200 [0m10.830 ms - 52[0m
[0mOPTIONS /api/seller/all-product-list [32m204 [0m0.471 ms - 0[0m
[0mGET /api/seller/all-product-list [36m304 [0m63.425 ms - -[0m
[0mOPTIONS /api/order/notifications [32m204 [0m0.536 ms - 0[0m
[0mOPTIONS /api/seller/all-product-list?limit=20&page=1 [32m204 [0m0.328 ms - 0[0m
[0mGET /api/order/notifications [36m304 [0m25.946 ms - -[0m
[0mGET /api/seller/all-product-list?limit=20&page=1 [36m304 [0m54.999 ms - -[0m
[0mOPTIONS /api/seller/all-product-list?limit=20&page=1&searchString=Kesh+Anti+Hairfall+Conditioner,+200ml [32m204 [0m0.894 ms - 0[0m
[0mGET /api/seller/all-product-list?limit=20&page=1&searchString=Kesh+Anti+Hairfall+Conditioner,+200ml [32m200 [0m56.074 ms - 633[0m
[0mOPTIONS /api/product/status/update [32m204 [0m1.691 ms - 0[0m
[0mPOST /api/product/status/update [32m200 [0m27.334 ms - 52[0m
[0mOPTIONS /api/seller/all-product-list [32m204 [0m0.927 ms - 0[0m
[0mGET /api/seller/all-product-list [36m304 [0m72.073 ms - -[0m
[0mOPTIONS /api/seller/all-product-list?limit=20&page=1&searchString=Kesh+Anti+Hairfall+Conditioner,+200ml [32m204 [0m6.079 ms - 0[0m
[0mGET /api/seller/all-product-list?limit=20&page=1&searchString=Kesh+Anti+Hairfall+Conditioner,+200ml [36m304 [0m74.526 ms - -[0m
[0mOPTIONS /api/order/notifications [32m204 [0m1.322 ms - 0[0m
[0mOPTIONS /api/seller/all-product-list?limit=20&page=1 [32m204 [0m0.746 ms - 0[0m
[0mGET /api/order/notifications [36m304 [0m63.343 ms - -[0m
[0mGET /api/seller/all-product-list?limit=20&page=1 [36m304 [0m95.993 ms - -[0m
[0mOPTIONS /api/product/status/update [32m204 [0m1.790 ms - 0[0m
[0mPOST /api/product/status/update [32m200 [0m28.150 ms - 56[0m
[0mOPTIONS /api/seller/all-product-list [32m204 [0m0.749 ms - 0[0m
[0mGET /api/seller/all-product-list [32m200 [0m59.293 ms - 5498[0m
[0mOPTIONS /api/order/notifications [32m204 [0m1.487 ms - 0[0m
[0mOPTIONS /api/seller/all-product-list?limit=20&page=1 [32m204 [0m0.712 ms - 0[0m
[0mGET /api/order/notifications [32m200 [0m48.379 ms - 36[0m
[0mGET /api/seller/all-product-list?limit=20&page=1 [32m200 [0m86.236 ms - 10720[0m
[0mOPTIONS /api/order/notifications [32m204 [0m9.502 ms - 0[0m
[0mOPTIONS /api/seller/all-product-list?limit=20&page=1 [32m204 [0m5.889 ms - 0[0m
[0mGET /api/order/notifications [36m304 [0m126.510 ms - -[0m
[0mGET /api/seller/all-product-list?limit=20&page=1 [32m200 [0m103.935 ms - 10723[0m
[0mOPTIONS /api/seller/all-product-list?limit=20&page=1&searchString=Islamic+White+cap+-+3pcs [32m204 [0m0.664 ms - 0[0m
[0mGET /api/seller/all-product-list?limit=20&page=1&searchString=Islamic+White+cap+-+3pcs [32m200 [0m60.472 ms - 546[0m
[0mOPTIONS /api/product/status/update [32m204 [0m0.691 ms - 0[0m
[0mPOST /api/product/status/update [32m200 [0m29.079 ms - 56[0m
[0mOPTIONS /api/seller/all-product-list [32m204 [0m0.534 ms - 0[0m
[0mGET /api/seller/all-product-list [32m200 [0m54.116 ms - 5500[0m
[0mOPTIONS /api/order/notifications [32m204 [0m0.493 ms - 0[0m
[0mOPTIONS /api/seller/all-product-list?limit=20&page=1 [32m204 [0m0.364 ms - 0[0m
[0mGET /api/order/notifications [36m304 [0m29.686 ms - -[0m
[0mGET /api/seller/all-product-list?limit=20&page=1 [32m200 [0m73.287 ms - 10723[0m
[0mOPTIONS /api/seller/all-product-list?limit=20&page=1&searchString=Islamic+White+cap+-+3pcs [32m204 [0m1.592 ms - 0[0m
[0mGET /api/seller/all-product-list?limit=20&page=1&searchString=Islamic+White+cap+-+3pcs [32m200 [0m63.815 ms - 547[0m
[0mOPTIONS /api/product/status/update [32m204 [0m5.126 ms - 0[0m
[0mPOST /api/product/status/update [31m500 [0m27.649 ms - 34[0m
[0mOPTIONS /api/order/notifications [32m204 [0m2.777 ms - 0[0m
[0mOPTIONS /api/seller/all-product-list?limit=20&page=1 [32m204 [0m1.103 ms - 0[0m
[0mGET /api/order/notifications [36m304 [0m49.126 ms - -[0m
[0mGET /api/seller/all-product-list?limit=20&page=1 [36m304 [0m94.131 ms - -[0m
[0mOPTIONS /api/seller/all-product-list?limit=20&page=1&searchString=Islamic+White+cap+-+3pcs [32m204 [0m2.344 ms - 0[0m
[0mGET /api/seller/all-product-list?limit=20&page=1&searchString=Islamic+White+cap+-+3pcs [36m304 [0m66.002 ms - -[0m
[0mOPTIONS /api/product/status/update [32m204 [0m1.436 ms - 0[0m
[0mPOST /api/product/status/update [31m500 [0m22.935 ms - 34[0m
[0mOPTIONS /api/product/status/update [32m204 [0m8.525 ms - 0[0m
[0mPOST /api/product/status/update [31m500 [0m36.806 ms - 34[0m
[0mOPTIONS /api/order/notifications [32m204 [0m5.454 ms - 0[0m
[0mOPTIONS /api/seller/all-product-list?limit=20&page=1 [32m204 [0m2.236 ms - 0[0m
[0mGET /api/order/notifications [32m200 [0m57.369 ms - 36[0m
[0mGET /api/seller/all-product-list?limit=20&page=1 [32m200 [0m87.201 ms - 10723[0m
[0mOPTIONS /api/seller/all-product-list?limit=20&page=1&searchString=Islamic+White+cap+-+3pcs [32m204 [0m2.035 ms - 0[0m
[0mGET /api/seller/all-product-list?limit=20&page=1&searchString=Islamic+White+cap+-+3pcs [36m304 [0m69.663 ms - -[0m
[0mOPTIONS /api/seller/all-product-list?limit=20&page=1&searchString=Islamic+White+cap+-+3pcs [32m204 [0m1.343 ms - 0[0m
[0mGET /api/seller/all-product-list?limit=20&page=1&searchString=Islamic+White+cap+-+3pcs [36m304 [0m84.508 ms - -[0m
[0mOPTIONS /api/order/notifications [32m204 [0m1.209 ms - 0[0m
[0mOPTIONS /api/seller/all-product-list?limit=20&page=1 [32m204 [0m0.628 ms - 0[0m
[0mGET /api/order/notifications [36m304 [0m91.582 ms - -[0m
[0mGET /api/seller/all-product-list?limit=20&page=1 [36m304 [0m136.519 ms - -[0m
[0mOPTIONS /api/seller/all-product-list?limit=20&page=1&searchString=Islamic+White+cap+-+3pcs [32m204 [0m2.597 ms - 0[0m
[0mGET /api/seller/all-product-list?limit=20&page=1&searchString=Islamic+White+cap+-+3pcs [36m304 [0m75.977 ms - -[0m
[0mOPTIONS /api/order/notifications [32m204 [0m1.736 ms - 0[0m
[0mOPTIONS /api/seller/all-product-list?limit=20&page=1 [32m204 [0m0.847 ms - 0[0m
[0mGET /api/order/notifications [36m304 [0m83.332 ms - -[0m
[0mGET /api/seller/all-product-list?limit=20&page=1 [36m304 [0m117.757 ms - -[0m
[0mOPTIONS /api/seller/all-product-list?limit=20&page=1&searchString=Islamic+White+cap+-+3pcs [32m204 [0m2.614 ms - 0[0m
[0mGET /api/seller/all-product-list?limit=20&page=1&searchString=Islamic+White+cap+-+3pcs [36m304 [0m63.185 ms - -[0m
[0mOPTIONS /api/order/notifications [32m204 [0m1.309 ms - 0[0m
[0mOPTIONS /api/seller/all-product-list?limit=20&page=1 [32m204 [0m0.660 ms - 0[0m
[0mGET /api/order/notifications [36m304 [0m55.486 ms - -[0m
[0mGET /api/seller/all-product-list?limit=20&page=1 [36m304 [0m83.971 ms - -[0m
[0mOPTIONS /api/seller/all-product-list?limit=20&page=1&searchString=Islamic+White+cap+-+3pcs [32m204 [0m1.879 ms - 0[0m
[0mGET /api/seller/all-product-list?limit=20&page=1&searchString=Islamic+White+cap+-+3pcs [36m304 [0m71.749 ms - -[0m
[0mOPTIONS /api/order/notifications [32m204 [0m5.641 ms - 0[0m
[0mOPTIONS /api/seller/all-product-list?limit=20&page=1 [32m204 [0m0.527 ms - 0[0m
[0mGET /api/order/notifications [36m304 [0m65.479 ms - -[0m
[0mGET /api/seller/all-product-list?limit=20&page=1 [36m304 [0m110.996 ms - -[0m
[0mOPTIONS /api/seller/all-product-list?limit=20&page=1&searchString=Islamic+White+cap+-+3pcs [32m204 [0m1.944 ms - 0[0m
[0mGET /api/seller/all-product-list?limit=20&page=1&searchString=Islamic+White+cap+-+3pcs [36m304 [0m65.870 ms - -[0m
[0mOPTIONS /api/product/status/update [32m204 [0m0.685 ms - 0[0m
[0mPOST /api/product/status/update [32m200 [0m44.028 ms - 56[0m
[0mOPTIONS /api/seller/all-product-list [32m204 [0m0.562 ms - 0[0m
[0mGET /api/seller/all-product-list [36m304 [0m61.886 ms - -[0m
[0mOPTIONS /api/seller/all-product-list?limit=20&page=1&searchString=Islamic+White+cap+-+3pcs [32m204 [0m0.707 ms - 0[0m
[0mGET /api/seller/all-product-list?limit=20&page=1&searchString=Islamic+White+cap+-+3pcs [32m200 [0m57.266 ms - 546[0m
[0mOPTIONS /api/order/notifications [32m204 [0m0.478 ms - 0[0m
[0mOPTIONS /api/seller/all-product-list?limit=20&page=1 [32m204 [0m0.300 ms - 0[0m
[0mGET /api/order/notifications [36m304 [0m25.919 ms - -[0m
[0mGET /api/seller/all-product-list?limit=20&page=1 [36m304 [0m71.813 ms - -[0m
[0mGET /api/seller/all-product-list?limit=20&page=1&searchString=Islamic+White+cap+-+3pcs [36m304 [0m67.299 ms - -[0m
[0mOPTIONS /api/product/status/update [32m204 [0m0.553 ms - 0[0m
[0mPOST /api/product/status/update [32m200 [0m27.083 ms - 56[0m
[0mOPTIONS /api/seller/all-product-list [32m204 [0m0.857 ms - 0[0m
[0mGET /api/seller/all-product-list [36m304 [0m59.478 ms - -[0m
[0mOPTIONS /api/seller/all-product-list?limit=20&page=1&searchString=Islamic+White+cap+-+3pcs [32m204 [0m1.055 ms - 0[0m
[0mGET /api/seller/all-product-list?limit=20&page=1&searchString=Islamic+White+cap+-+3pcs [32m200 [0m63.143 ms - 544[0m
[0mOPTIONS /api/order/notifications [32m204 [0m1.060 ms - 0[0m
[0mOPTIONS /api/seller/all-product-list?limit=20&page=1 [32m204 [0m0.486 ms - 0[0m
[0mGET /api/order/notifications [36m304 [0m47.660 ms - -[0m
[0mGET /api/seller/all-product-list?limit=20&page=1 [36m304 [0m83.629 ms - -[0m
[0mOPTIONS /api/order/notifications [32m204 [0m1.556 ms - 0[0m
[0mOPTIONS /api/seller/all-product-list?limit=20&page=1 [32m204 [0m0.670 ms - 0[0m
[0mGET /api/order/notifications [36m304 [0m36.360 ms - -[0m
[0mGET /api/seller/all-product-list?limit=20&page=1 [36m304 [0m87.186 ms - -[0m
[0mOPTIONS /api/order/notifications [32m204 [0m1.396 ms - 0[0m
[0mOPTIONS /api/seller/all-product-list?limit=20&page=1 [32m204 [0m0.670 ms - 0[0m
[0mGET /api/order/notifications [36m304 [0m35.723 ms - -[0m
[0mGET /api/seller/all-product-list?limit=20&page=1 [36m304 [0m73.892 ms - -[0m
[0mOPTIONS /api/seller/all-product-list?limit=20&page=1&searchString=Islamic+White+cap+-+3pcs [32m204 [0m1.055 ms - 0[0m
[0mGET /api/seller/all-product-list?limit=20&page=1&searchString=Islamic+White+cap+-+3pcs [36m304 [0m62.719 ms - -[0m
[0mOPTIONS /api/product/status/update [32m204 [0m0.918 ms - 0[0m
[0mPOST /api/product/status/update [32m200 [0m19.165 ms - 56[0m
[0mOPTIONS /api/seller/all-product-list [32m204 [0m0.555 ms - 0[0m
[0mGET /api/seller/all-product-list [36m304 [0m88.897 ms - -[0m
[0mOPTIONS /api/order/notifications [32m204 [0m1.248 ms - 0[0m
[0mOPTIONS /api/seller/all-product-list?limit=20&page=1 [32m204 [0m0.354 ms - 0[0m
[0mGET /api/order/notifications [36m304 [0m35.961 ms - -[0m
[0mGET /api/seller/all-product-list?limit=20&page=1 [36m304 [0m72.888 ms - -[0m
[0mOPTIONS /api/seller/all-product-list?limit=20&page=1&searchString=Islamic+White+cap+-+3pcs [32m204 [0m0.565 ms - 0[0m
[0mGET /api/seller/all-product-list?limit=20&page=1&searchString=Islamic+White+cap+-+3pcs [32m200 [0m64.059 ms - 546[0m
[0mOPTIONS /api/product/status/update [32m204 [0m0.671 ms - 0[0m
[0mPOST /api/product/status/update [32m200 [0m17.592 ms - 56[0m
[0mOPTIONS /api/seller/all-product-list [32m204 [0m0.916 ms - 0[0m
[0mGET /api/seller/all-product-list [36m304 [0m60.650 ms - -[0m
[0mOPTIONS /api/order/notifications [32m204 [0m0.527 ms - 0[0m
[0mOPTIONS /api/seller/all-product-list?limit=20&page=1 [32m204 [0m0.282 ms - 0[0m
[0mGET /api/order/notifications [36m304 [0m42.718 ms - -[0m
[0mGET /api/seller/all-product-list?limit=20&page=1 [36m304 [0m78.036 ms - -[0m
[0mOPTIONS /api/seller/all-product-list?limit=20&page=1&searchString=Islamic+White+cap+-+3pcs [32m204 [0m0.475 ms - 0[0m
[0mGET /api/seller/all-product-list?limit=20&page=1&searchString=Islamic+White+cap+-+3pcs [32m200 [0m57.253 ms - 544[0m
[0mOPTIONS /api/order/notifications [32m204 [0m1.335 ms - 0[0m
[0mOPTIONS /api/seller/all-product-list?limit=20&page=1 [32m204 [0m0.650 ms - 0[0m
[0mGET /api/order/notifications [36m304 [0m116.243 ms - -[0m
[0mGET /api/seller/all-product-list?limit=20&page=1 [36m304 [0m157.162 ms - -[0m
[0mOPTIONS /api/order/notifications [32m204 [0m10.527 ms - 0[0m
[0mOPTIONS /api/seller/all-product-list?limit=20&page=1 [32m204 [0m2.139 ms - 0[0m
[0mGET /api/order/notifications [32m200 [0m101.766 ms - 36[0m
[0mGET /api/seller/all-product-list?limit=20&page=1 [32m200 [0m149.944 ms - 9108[0m
[0mOPTIONS /api/order/notifications [32m204 [0m5.263 ms - 0[0m
[0mOPTIONS /api/seller/history-product?limit=20&page=1 [32m204 [0m1.949 ms - 0[0m
[0mGET /api/order/notifications [36m304 [0m43.027 ms - -[0m
[0mGET /api/seller/history-product?limit=20&page=1 [32m200 [0m73.829 ms - 28409[0m
[0mOPTIONS /api/order/notifications [32m204 [0m1.016 ms - 0[0m
[0mOPTIONS /api/vendor/list [32m204 [0m0.767 ms - 0[0m
[0mGET /api/vendor/list [32m200 [0m18.999 ms - 12105[0m
[0mGET /api/order/notifications [36m304 [0m23.825 ms - -[0m
[0mOPTIONS /api/vendor/product/getAllProductById?SellerId=83&limit=10&page=1 [32m204 [0m0.965 ms - 0[0m
[0mGET /api/vendor/product/getAllProductById?SellerId=83&limit=10&page=1 [32m200 [0m61.560 ms - 62[0m
[0mOPTIONS /api/order/notifications [32m204 [0m0.865 ms - 0[0m
[0mOPTIONS /api/seller/all-product-list?limit=20&page=1 [32m204 [0m0.322 ms - 0[0m
[0mGET /api/order/notifications [36m304 [0m32.187 ms - -[0m
[0mGET /api/seller/all-product-list?limit=20&page=1 [36m304 [0m74.243 ms - -[0m
[0mOPTIONS /api/order/notifications [32m204 [0m0.682 ms - 0[0m
[0mOPTIONS /api/seller/history-product?limit=20&page=1 [32m204 [0m0.398 ms - 0[0m
[0mGET /api/order/notifications [36m304 [0m30.033 ms - -[0m
[0mGET /api/seller/history-product?limit=20&page=1 [36m304 [0m36.748 ms - -[0m
[0mOPTIONS /api/order/notifications [32m204 [0m1.178 ms - 0[0m
[0mOPTIONS /api/seller/all-product-list?limit=20&page=1 [32m204 [0m0.668 ms - 0[0m
[0mGET /api/order/notifications [36m304 [0m47.263 ms - -[0m
[0mGET /api/seller/all-product-list?limit=20&page=1 [36m304 [0m92.357 ms - -[0m
[0mOPTIONS /api/vendor/list [32m204 [0m0.452 ms - 0[0m
[0mGET /api/vendor/list [36m304 [0m19.030 ms - -[0m
[0mGET /api/order/notifications [36m304 [0m22.201 ms - -[0m
[0mOPTIONS /api/order/notifications [32m204 [0m0.450 ms - 0[0m
[0mOPTIONS /api/seller/history-product?limit=20&page=1 [32m204 [0m0.313 ms - 0[0m
[0mGET /api/order/notifications [36m304 [0m21.160 ms - -[0m
[0mGET /api/seller/history-product?limit=20&page=1 [36m304 [0m28.730 ms - -[0m
