[0mOPTIONS /api/auth/rootLogin [32m204 [0m7.044 ms - 0[0m
[0mPOST /api/auth/rootLogin [32m200 [0m330.350 ms - 211[0m
[0mOPTIONS /api/order/notifications [32m204 [0m1.688 ms - 0[0m
[0mOPTIONS /api/order/list [32m204 [0m2.255 ms - 0[0m
[0mOPTIONS /api/order/count [32m204 [0m2.293 ms - 0[0m
[0mGET /api/order/count [36m304 [0m26.820 ms - -[0m
[0mGET /api/order/notifications [32m200 [0m62.049 ms - 36[0m
[0mPOST /api/order/list [32m200 [0m64.026 ms - 6163[0m
[0mOPTIONS /api/category/list [32m204 [0m0.698 ms - 0[0m
[0mGET /api/category/list [32m200 [0m17.729 ms - 914[0m
[0mGET /api/order/notifications [36m304 [0m25.870 ms - -[0m
[0mOPTIONS /api/order/notifications [32m204 [0m23.981 ms - 0[0m
[0mOPTIONS /api/category/list [32m204 [0m23.058 ms - 0[0m
[0mGET /api/category/list [36m304 [0m57.289 ms - -[0m
[0mGET /api/order/notifications [36m304 [0m72.866 ms - -[0m
[0mOPTIONS /api/order/notifications [32m204 [0m2.235 ms - 0[0m
[0mOPTIONS /api/category/list [32m204 [0m1.797 ms - 0[0m
[0mGET /api/category/list [36m304 [0m43.804 ms - -[0m
[0mGET /api/order/notifications [36m304 [0m60.025 ms - -[0m
[0mOPTIONS /api/order/notifications [32m204 [0m2.168 ms - 0[0m
[0mOPTIONS /api/category/list [32m204 [0m1.264 ms - 0[0m
[0mGET /api/category/list [36m304 [0m19.578 ms - -[0m
[0mGET /api/order/notifications [36m304 [0m32.143 ms - -[0m
[0mOPTIONS /api/order/notifications [32m204 [0m2.379 ms - 0[0m
[0mOPTIONS /api/category/list [32m204 [0m0.615 ms - 0[0m
[0mGET /api/category/list [36m304 [0m35.010 ms - -[0m
[0mGET /api/order/notifications [36m304 [0m93.977 ms - -[0m
[0mOPTIONS /api/order/notifications [32m204 [0m1.899 ms - 0[0m
[0mOPTIONS /api/category/list [32m204 [0m1.080 ms - 0[0m
[0mGET /api/category/list [36m304 [0m27.701 ms - -[0m
[0mGET /api/order/notifications [36m304 [0m54.455 ms - -[0m
[0mOPTIONS /api/order/notifications [32m204 [0m1.766 ms - 0[0m
[0mOPTIONS /api/category/list [32m204 [0m0.453 ms - 0[0m
[0mGET /api/category/list [36m304 [0m26.561 ms - -[0m
[0mGET /api/order/notifications [36m304 [0m52.781 ms - -[0m
[0mOPTIONS /api/order/notifications [32m204 [0m1.561 ms - 0[0m
[0mOPTIONS /api/category/list [32m204 [0m0.309 ms - 0[0m
[0mGET /api/category/list [36m304 [0m35.351 ms - -[0m
[0mGET /api/order/notifications [36m304 [0m29.921 ms - -[0m
[0mOPTIONS /api/order/notifications [32m204 [0m4.711 ms - 0[0m
[0mOPTIONS /api/category/list [32m204 [0m3.681 ms - 0[0m
[0mGET /api/category/list [36m304 [0m20.927 ms - -[0m
[0mGET /api/order/notifications [36m304 [0m55.529 ms - -[0m
[0mOPTIONS /api/category/list?page=2 [32m204 [0m1.019 ms - 0[0m
[0mGET /api/category/list?page=2 [32m200 [0m17.532 ms - 871[0m
[0mOPTIONS /api/category/list?page=3 [32m204 [0m1.556 ms - 0[0m
[0mGET /api/category/list?page=3 [32m200 [0m17.015 ms - 916[0m
[0mOPTIONS /api/category/list?page=4 [32m204 [0m1.083 ms - 0[0m
[0mGET /api/category/list?page=4 [32m200 [0m16.994 ms - 1085[0m
[0mOPTIONS /api/category/list?page=5 [32m204 [0m0.641 ms - 0[0m
[0mGET /api/category/list?page=5 [32m200 [0m11.681 ms - 1045[0m
[0mOPTIONS /api/category/list?page=46 [32m204 [0m0.780 ms - 0[0m
[0mGET /api/category/list?page=46 [32m200 [0m14.945 ms - 930[0m
[0mOPTIONS /api/order/notifications [32m204 [0m1.946 ms - 0[0m
[0mOPTIONS /api/category/list [32m204 [0m1.068 ms - 0[0m
[0mGET /api/category/list [36m304 [0m48.539 ms - -[0m
[0mGET /api/order/notifications [36m304 [0m84.167 ms - -[0m
[0mOPTIONS /api/order/notifications [32m204 [0m1.429 ms - 0[0m
[0mOPTIONS /api/category/list [32m204 [0m0.824 ms - 0[0m
[0mGET /api/category/list [36m304 [0m20.404 ms - -[0m
[0mGET /api/order/notifications [36m304 [0m53.701 ms - -[0m
[0mOPTIONS /api/order/notifications [32m204 [0m1.360 ms - 0[0m
[0mOPTIONS /api/category/list [32m204 [0m0.810 ms - 0[0m
[0mGET /api/category/list [36m304 [0m14.127 ms - -[0m
[0mGET /api/order/notifications [36m304 [0m35.049 ms - -[0m
[0mOPTIONS /api/category/list?page=2 [32m204 [0m1.287 ms - 0[0m
[0mGET /api/category/list?page=2 [36m304 [0m11.622 ms - -[0m
[0mOPTIONS /api/category/list?page=3 [32m204 [0m0.582 ms - 0[0m
[0mGET /api/category/list?page=3 [36m304 [0m6.297 ms - -[0m
[0mOPTIONS /api/category/list?page=4 [32m204 [0m0.660 ms - 0[0m
[0mGET /api/category/list?page=4 [36m304 [0m6.737 ms - -[0m
[0mOPTIONS /api/category/list?page=5 [32m204 [0m0.581 ms - 0[0m
[0mGET /api/category/list?page=5 [36m304 [0m5.847 ms - -[0m
[0mOPTIONS /api/category/list?page=46 [32m204 [0m0.613 ms - 0[0m
[0mGET /api/category/list?page=46 [36m304 [0m5.861 ms - -[0m
[0mOPTIONS /api/category/list?page=44 [32m204 [0m0.631 ms - 0[0m
[0mGET /api/category/list?page=44 [32m200 [0m7.141 ms - 1050[0m
[0mOPTIONS /api/category/list?page=43 [32m204 [0m0.553 ms - 0[0m
[0mGET /api/category/list?page=43 [32m200 [0m10.125 ms - 999[0m
[0mOPTIONS /api/category/list?page=41 [32m204 [0m0.649 ms - 0[0m
[0mGET /api/category/list?page=41 [32m200 [0m24.810 ms - 929[0m
[0mGET /api/category/list?page=2 [36m304 [0m8.544 ms - -[0m
[0mOPTIONS /api/category/list?page=1 [32m204 [0m0.714 ms - 0[0m
[0mGET /api/category/list?page=1 [32m200 [0m7.800 ms - 914[0m
[0mOPTIONS /api/category/list?page=4 [32m204 [0m0.550 ms - 0[0m
[0mGET /api/category/list?page=4 [36m304 [0m6.259 ms - -[0m
[0mOPTIONS /api/category/list?page=6 [32m204 [0m0.638 ms - 0[0m
[0mGET /api/category/list?page=6 [32m200 [0m5.335 ms - 967[0m
[0mOPTIONS /api/category/list?page=7 [32m204 [0m0.779 ms - 0[0m
[0mGET /api/category/list?page=7 [32m200 [0m9.191 ms - 1074[0m
[0mOPTIONS /api/category/list?page=9 [32m204 [0m0.926 ms - 0[0m
[0mGET /api/category/list?page=9 [32m200 [0m12.094 ms - 883[0m
[0mOPTIONS /api/category/list?page=10 [32m204 [0m1.202 ms - 0[0m
[0mGET /api/category/list?page=10 [32m200 [0m12.118 ms - 770[0m
[0mOPTIONS /api/category/list?page=11 [32m204 [0m1.028 ms - 0[0m
[0mGET /api/category/list?page=11 [32m200 [0m9.484 ms - 828[0m
[0mOPTIONS /api/category/list?page=12 [32m204 [0m0.887 ms - 0[0m
[0mGET /api/category/list?page=12 [32m200 [0m9.357 ms - 843[0m
[0mOPTIONS /api/category/list?page=46 [32m204 [0m0.450 ms - 0[0m
[0mGET /api/category/list?page=46 [36m304 [0m4.787 ms - -[0m
[0mOPTIONS /api/category/list?page=45 [32m204 [0m0.586 ms - 0[0m
[0mGET /api/category/list?page=45 [32m200 [0m5.322 ms - 1060[0m
[0mOPTIONS /api/category/list?page=44 [32m204 [0m0.622 ms - 0[0m
[0mGET /api/category/list?page=44 [36m304 [0m7.115 ms - -[0m
[0mOPTIONS /api/category/list?page=43 [32m204 [0m0.479 ms - 0[0m
[0mGET /api/category/list?page=43 [36m304 [0m5.227 ms - -[0m
[0mOPTIONS /api/category/list?page=41 [32m204 [0m0.735 ms - 0[0m
[0mGET /api/category/list?page=41 [36m304 [0m6.676 ms - -[0m
[0mOPTIONS /api/order/notifications [32m204 [0m0.705 ms - 0[0m
[0mOPTIONS /api/vendor/list [32m204 [0m0.489 ms - 0[0m
[0mGET /api/order/notifications [36m304 [0m37.670 ms - -[0m
[0mGET /api/vendor/list [32m200 [0m42.076 ms - 10063[0m
[0mOPTIONS /api/order/notifications [32m204 [0m0.944 ms - 0[0m
[0mOPTIONS /api/seller/all-product-list?limit=20&page=1 [32m204 [0m0.464 ms - 0[0m
[0mGET /api/order/notifications [36m304 [0m25.142 ms - -[0m
[0mGET /api/seller/all-product-list?limit=20&page=1 [32m200 [0m86.677 ms - 10682[0m
[0mOPTIONS /api/seller/all-product-list?limit=20&page=1 [32m204 [0m0.732 ms - 0[0m
[0mGET /api/seller/all-product-list?limit=20&page=1 [36m304 [0m76.208 ms - -[0m
[0mOPTIONS /api/customer/getUserByEmailId [32m204 [0m33.767 ms - 0[0m
[0mOPTIONS /api/customer/getUserByEmailId [32m204 [0m35.038 ms - 0[0m
[0mGET /api/website/popular/category-list [32m200 [0m263.718 ms - 7924[0m
[0mGET /api/customer/getUserByEmailId [33m403 [0m258.259 ms - 36[0m
[0mGET /api/website/category/list [32m200 [0m340.524 ms - 29200[0m
[0mGET /api/website/product/new-arrival [32m200 [0m296.036 ms - 30784[0m
[0mGET /api/website/product/home-kitchen [32m200 [0m373.401 ms - 15163[0m
[0mGET /api/customer/getUserByEmailId [33m403 [0m33.000 ms - 36[0m
[0mGET /api/website/product/women-fashion [32m200 [0m456.429 ms - 14863[0m
[0mGET /api/website/category/list [36m304 [0m117.639 ms - -[0m
[0mGET /api/website/category/list [36m304 [0m75.308 ms - -[0m
[0mGET /api/website/category/list [0m- [0m- ms - -[0m
[0mGET /api/website/popular/category-list [36m304 [0m82.285 ms - -[0m
[0mGET /api/website/product/new-arrival [36m304 [0m84.701 ms - -[0m
[0mGET /api/website/category/list [32m200 [0m135.938 ms - 29200[0m
[0mGET /api/website/product/women-fashion [36m304 [0m165.590 ms - -[0m
[0mGET /api/website/product/home-kitchen [36m304 [0m173.084 ms - -[0m
[0mGET /api/website/category/list [36m304 [0m105.315 ms - -[0m
[0mGET /api/website/category/list [36m304 [0m24.547 ms - -[0m
[0mGET /api/website/category/list [36m304 [0m31.519 ms - -[0m
[0mOPTIONS /api/auth/rootLogin [32m204 [0m2.939 ms - 0[0m
[0mPOST /api/auth/rootLogin [32m200 [0m330.493 ms - 211[0m
[0mOPTIONS /api/order/notifications [32m204 [0m0.660 ms - 0[0m
[0mOPTIONS /api/order/list [32m204 [0m1.359 ms - 0[0m
[0mOPTIONS /api/order/count [32m204 [0m1.778 ms - 0[0m
[0mGET /api/order/count [36m304 [0m23.205 ms - -[0m
[0mPOST /api/order/list [32m200 [0m47.538 ms - 6163[0m
[0mGET /api/order/notifications [36m304 [0m52.132 ms - -[0m
[0mOPTIONS /api/vendor/list [32m204 [0m0.626 ms - 0[0m
[0mGET /api/vendor/list [36m304 [0m12.675 ms - -[0m
[0mGET /api/order/notifications [36m304 [0m21.088 ms - -[0m
[0mOPTIONS /api/order/notifications [32m204 [0m0.692 ms - 0[0m
[0mOPTIONS /api/seller/all-product-list?limit=20&page=1 [32m204 [0m0.307 ms - 0[0m
[0mGET /api/order/notifications [36m304 [0m22.929 ms - -[0m
[0mGET /api/seller/all-product-list?limit=20&page=1 [36m304 [0m60.135 ms - -[0m
[0mOPTIONS /api/order/notifications [32m204 [0m1.147 ms - 0[0m
[0mOPTIONS /api/seller/all-product-list?limit=20&page=1 [32m204 [0m0.546 ms - 0[0m
[0mGET /api/order/notifications [36m304 [0m33.095 ms - -[0m
[0mGET /api/seller/all-product-list?limit=20&page=1 [36m304 [0m67.560 ms - -[0m
[0mGET /api/order/notifications [36m304 [0m22.232 ms - -[0m
[0mGET /api/seller/all-product-list?limit=20&page=1 [36m304 [0m57.350 ms - -[0m
[0mOPTIONS /api/order/notifications [32m204 [0m0.435 ms - 0[0m
[0mOPTIONS /api/vendor/list [32m204 [0m0.408 ms - 0[0m
[0mGET /api/vendor/list [36m304 [0m27.720 ms - -[0m
[0mGET /api/order/notifications [36m304 [0m32.664 ms - -[0m
[0mOPTIONS /api/vendor/product/getAllProductById?SellerId=67&limi=10&page=1 [32m204 [0m0.505 ms - 0[0m
[0mGET /api/vendor/product/getAllProductById?SellerId=67&limi=10&page=1 [32m200 [0m59.567 ms - 5369[0m
[0mOPTIONS /api/vendor/product/getAllProductById?SellerId=67&limi=10&page=8 [32m204 [0m0.486 ms - 0[0m
[0mGET /api/vendor/product/getAllProductById?SellerId=67&limi=10&page=8 [32m200 [0m65.315 ms - 80[0m
[0mOPTIONS /api/vendor/product/getAllProductById?SellerId=67&limi=10&page=6 [32m204 [0m0.917 ms - 0[0m
[0mGET /api/vendor/product/getAllProductById?SellerId=67&limi=10&page=6 [32m200 [0m64.948 ms - 5740[0m
[0mOPTIONS /api/vendor/product/getAllProductById?SellerId=67&limi=10&page=7 [32m204 [0m1.454 ms - 0[0m
[0mGET /api/vendor/product/getAllProductById?SellerId=67&limi=10&page=7 [32m200 [0m65.268 ms - 2370[0m
[0mOPTIONS /api/vendor/product/getAllProductById?SellerId=67&limi=10&page=1 [32m204 [0m1.034 ms - 0[0m
[0mGET /api/vendor/product/getAllProductById?SellerId=67&limi=10&page=1 [36m304 [0m60.853 ms - -[0m
[0mOPTIONS /api/order/notifications [32m204 [0m1.351 ms - 0[0m
[0mOPTIONS /api/vendor/product/getAllProductById?SellerId=67&limi=10&page=1 [32m204 [0m0.416 ms - 0[0m
[0mGET /api/order/notifications [36m304 [0m48.737 ms - -[0m
[0mGET /api/vendor/product/getAllProductById?SellerId=67&limi=10&page=1 [36m304 [0m98.918 ms - -[0m
[0mOPTIONS /api/order/notifications [32m204 [0m0.782 ms - 0[0m
[0mOPTIONS /api/vendor/product/getAllProductById?SellerId=67&limi=10&page=1 [32m204 [0m0.383 ms - 0[0m
[0mGET /api/order/notifications [36m304 [0m36.859 ms - -[0m
[0mGET /api/vendor/product/getAllProductById?SellerId=67&limi=10&page=1 [36m304 [0m103.257 ms - -[0m
[0mOPTIONS /api/order/notifications [32m204 [0m1.826 ms - 0[0m
[0mOPTIONS /api/vendor/product/getAllProductById?SellerId=67&limi=10&page=1 [32m204 [0m1.135 ms - 0[0m
[0mGET /api/order/notifications [36m304 [0m37.824 ms - -[0m
[0mGET /api/vendor/product/getAllProductById?SellerId=67&limi=10&page=1 [36m304 [0m84.002 ms - -[0m
[0mOPTIONS /api/order/notifications [32m204 [0m2.039 ms - 0[0m
[0mOPTIONS /api/vendor/product/getAllProductById?SellerId=67&limi=10&page=1 [32m204 [0m0.309 ms - 0[0m
[0mGET /api/order/notifications [36m304 [0m38.178 ms - -[0m
[0mGET /api/vendor/product/getAllProductById?SellerId=67&limi=10&page=1 [36m304 [0m85.860 ms - -[0m
[0mOPTIONS /api/order/notifications [32m204 [0m1.976 ms - 0[0m
[0mOPTIONS /api/vendor/product/getAllProductById?SellerId=67&limi=10&page=1 [32m204 [0m1.221 ms - 0[0m
[0mGET /api/order/notifications [36m304 [0m46.704 ms - -[0m
[0mGET /api/vendor/product/getAllProductById?SellerId=67&limi=10&page=1 [36m304 [0m117.126 ms - -[0m
[0mOPTIONS /api/order/notifications [32m204 [0m1.476 ms - 0[0m
[0mOPTIONS /api/vendor/product/getAllProductById?SellerId=67&limi=10&page=1 [32m204 [0m0.508 ms - 0[0m
[0mGET /api/order/notifications [36m304 [0m38.484 ms - -[0m
[0mGET /api/vendor/product/getAllProductById?SellerId=67&limi=10&page=1 [36m304 [0m76.246 ms - -[0m
[0mOPTIONS /api/vendor/product/getAllProductById?limit=10&page=1&searchString=Khaitan+Norwestor+Celiling+Fan [32m204 [0m0.547 ms - 0[0m
[0mGET /api/vendor/product/getAllProductById?limit=10&page=1&searchString=Khaitan+Norwestor+Celiling+Fan [0m- [0m- ms - -[0m
[0mOPTIONS /api/order/notifications [32m204 [0m7.094 ms - 0[0m
[0mOPTIONS /api/vendor/product/getAllProductById?SellerId=67&limi=10&page=1 [32m204 [0m1.865 ms - 0[0m
[0mGET /api/order/notifications [36m304 [0m66.013 ms - -[0m
[0mGET /api/vendor/product/getAllProductById?SellerId=67&limi=10&page=1 [36m304 [0m99.038 ms - -[0m
[0mOPTIONS /api/vendor/product/getAllProductById?limit=10&page=1&searchString=Khaitan+Norwestor+Celiling+Fan [32m204 [0m0.523 ms - 0[0m
[0mGET /api/vendor/product/getAllProductById?limit=10&page=1&searchString=Khaitan+Norwestor+Celiling+Fan [0m- [0m- ms - -[0m
[0mOPTIONS /api/order/notifications [32m204 [0m1.340 ms - 0[0m
[0mOPTIONS /api/vendor/product/getAllProductById?SellerId=67&limi=10&page=1 [32m204 [0m0.521 ms - 0[0m
[0mGET /api/order/notifications [36m304 [0m49.553 ms - -[0m
[0mGET /api/vendor/product/getAllProductById?SellerId=67&limi=10&page=1 [36m304 [0m86.441 ms - -[0m
[0mOPTIONS /api/order/notifications [32m204 [0m4.032 ms - 0[0m
[0mOPTIONS /api/vendor/product/getAllProductById?SellerId=67&limi=10&page=1 [32m204 [0m4.283 ms - 0[0m
[0mGET /api/order/notifications [36m304 [0m51.290 ms - -[0m
[0mGET /api/vendor/product/getAllProductById?SellerId=67&limi=10&page=1 [36m304 [0m94.040 ms - -[0m
[0mOPTIONS /api/seller/all-product-list?limit=10&page=1&searchString=Khaitan+Norwestor+Celiling+Fan [32m204 [0m0.917 ms - 0[0m
[0mGET /api/seller/all-product-list?limit=10&page=1&searchString=Khaitan+Norwestor+Celiling+Fan [32m200 [0m60.037 ms - 2142[0m
[0mOPTIONS /api/order/notifications [32m204 [0m1.886 ms - 0[0m
[0mOPTIONS /api/vendor/product/getAllProductById?SellerId=67&limi=10&page=1 [32m204 [0m2.347 ms - 0[0m
[0mGET /api/order/notifications [36m304 [0m65.003 ms - -[0m
[0mGET /api/vendor/product/getAllProductById?SellerId=67&limi=10&page=1 [36m304 [0m112.464 ms - -[0m
[0mOPTIONS /api/seller/all-product-list?limit=10&page=1&searchString=Khaitan+Norwestor+Celiling+Fan [32m204 [0m1.915 ms - 0[0m
[0mGET /api/seller/all-product-list?limit=10&page=1&searchString=Khaitan+Norwestor+Celiling+Fan [36m304 [0m58.473 ms - -[0m
[0mOPTIONS /api/order/notifications [32m204 [0m0.507 ms - 0[0m
[0mOPTIONS /api/vendor/product/getAllProductById?SellerId=67&limi=10&page=1 [32m204 [0m0.289 ms - 0[0m
[0mGET /api/order/notifications [36m304 [0m31.586 ms - -[0m
[0mGET /api/vendor/product/getAllProductById?SellerId=67&limi=10&page=1 [36m304 [0m66.693 ms - -[0m
[0mOPTIONS /api/vendor/list [32m204 [0m1.852 ms - 0[0m
[0mGET /api/vendor/list [36m304 [0m11.217 ms - -[0m
[0mOPTIONS /api/vendor/product/getAllProductById?SellerId=77&limi=10&page=1 [32m204 [0m0.498 ms - 0[0m
[0mGET /api/vendor/product/getAllProductById?SellerId=77&limi=10&page=1 [32m200 [0m69.262 ms - 5465[0m
[0mOPTIONS /api/seller/all-product-list?limit=10&page=1&searchString=Sukkhi+Adorable+Gold+Plated+Pearl+Choker+Necklace+Set+for+Women [32m204 [0m4.027 ms - 0[0m
[0mGET /api/seller/all-product-list?limit=10&page=1&searchString=Sukkhi+Adorable+Gold+Plated+Pearl+Choker+Necklace+Set+for+Women [32m200 [0m54.571 ms - 723[0m
[0mOPTIONS /api/customer/getUserByEmailId [32m204 [0m11.100 ms - 0[0m
[0mOPTIONS /api/customer/getUserByEmailId [32m204 [0m10.090 ms - 0[0m
[0mGET /api/website/category/list [32m200 [0m203.883 ms - 29200[0m
[0mGET /api/website/category/list [32m200 [0m195.097 ms - 29200[0m
[0mGET /api/website/category/list [32m200 [0m196.346 ms - 29200[0m
[0mGET /api/website/category/list [32m200 [0m277.637 ms - 29200[0m
[0mGET /api/website/product/home-kitchen [32m200 [0m300.372 ms - 15163[0m
[0mGET /api/website/product/women-fashion [32m200 [0m238.402 ms - 14863[0m
[0mGET /api/website/popular/category-list [32m200 [0m166.288 ms - 7924[0m
[0mGET /api/customer/getUserByEmailId [33m403 [0m104.370 ms - 36[0m
[0mGET /api/website/product/new-arrival [32m200 [0m163.531 ms - 30784[0m
[0mGET /api/customer/getUserByEmailId [33m403 [0m30.079 ms - 36[0m
[0mGET /api/website/popular/category-list [36m304 [0m151.605 ms - -[0m
[0mGET /api/website/product/new-arrival [36m304 [0m154.254 ms - -[0m
[0mGET /api/website/category/list [36m304 [0m164.645 ms - -[0m
[0mGET /api/website/product/home-kitchen [36m304 [0m233.120 ms - -[0m
[0mGET /api/website/product/women-fashion [36m304 [0m231.901 ms - -[0m
[0mGET /api/website/category/list [36m304 [0m91.685 ms - -[0m
[0mGET /api/website/category/list [36m304 [0m27.280 ms - -[0m
[0mGET /api/website/category/list [36m304 [0m23.323 ms - -[0m
[0mGET /api/website/popular/category-list [36m304 [0m20.701 ms - -[0m
[0mGET /api/website/category/list [36m304 [0m87.641 ms - -[0m
[0mGET /api/website/product/new-arrival [36m304 [0m117.402 ms - -[0m
[0mGET /api/website/product/women-fashion [36m304 [0m204.781 ms - -[0m
[0mGET /api/website/product/home-kitchen [36m304 [0m207.254 ms - -[0m
[0mGET /api/website/category/list [36m304 [0m122.917 ms - -[0m
[0mGET /api/website/category/list [36m304 [0m30.072 ms - -[0m
[0mGET /api/website/category/list [36m304 [0m24.029 ms - -[0m
[0mGET /api/website/category/list [32m200 [0m417.932 ms - 29200[0m
[0mGET /api/website/product/new-arrival [32m200 [0m393.556 ms - 33469[0m
[0mGET /api/website/category/list [32m200 [0m449.668 ms - 29200[0m
[0mGET /api/website/category/list [32m200 [0m443.813 ms - 29200[0m
[0mGET /api/website/category/list [32m200 [0m448.865 ms - 29200[0m
[0mGET /api/website/product/home-kitchen [32m200 [0m448.008 ms - 15163[0m
[0mGET /api/website/popular/category-list [32m200 [0m63.208 ms - 7924[0m
[0mGET /api/website/product/women-fashion [32m200 [0m121.046 ms - 14863[0m
[0mGET /api/website/category/list [32m200 [0m418.439 ms - 29200[0m
[0mGET /api/website/product/new-arrival [32m200 [0m399.449 ms - 1762[0m
[0mGET /api/website/category/list [32m200 [0m443.245 ms - 29200[0m
[0mGET /api/website/category/list [32m200 [0m508.443 ms - 29200[0m
[0mGET /api/website/category/list [32m200 [0m512.206 ms - 29200[0m
[0mGET /api/website/product/women-fashion [32m200 [0m538.705 ms - 14863[0m
[0mGET /api/website/popular/category-list [32m200 [0m124.064 ms - 7924[0m
[0mGET /api/website/product/home-kitchen [32m200 [0m184.630 ms - 15163[0m
[0mGET /api/website/popular/category-list [32m200 [0m255.965 ms - 7924[0m
[0mGET /api/website/product/new-arrival [32m200 [0m267.166 ms - 2548[0m
[0mGET /api/website/category/list [32m200 [0m330.699 ms - 29200[0m
[0mGET /api/website/category/list [32m200 [0m355.701 ms - 29200[0m
[0mGET /api/website/category/list [32m200 [0m324.490 ms - 29200[0m
[0mGET /api/website/category/list [32m200 [0m342.593 ms - 29200[0m
[0mGET /api/website/product/women-fashion [32m200 [0m150.237 ms - 14863[0m
[0mGET /api/website/product/home-kitchen [32m200 [0m144.002 ms - 15163[0m
[0mGET /api/website/category/list [32m200 [0m163.581 ms - 29200[0m
[0mGET /api/website/category/list [32m200 [0m190.709 ms - 29200[0m
[0mGET /api/website/popular/category-list [32m200 [0m165.732 ms - 7924[0m
[0mGET /api/website/category/list [32m200 [0m220.197 ms - 29200[0m
[0mGET /api/website/category/list [32m200 [0m266.377 ms - 29200[0m
[0mGET /api/website/product/home-kitchen [32m200 [0m284.499 ms - 15163[0m
[0mGET /api/website/product/new-arrival [32m200 [0m107.172 ms - 2548[0m
[0mGET /api/website/product/women-fashion [32m200 [0m122.138 ms - 14863[0m
[0mGET /api/website/autosuggest/search?limit=5&query=cl [32m200 [0m42.746 ms - 883[0m
[0mGET /api/website/autosuggest/search?limit=5&query=clo [32m200 [0m22.750 ms - 150[0m
[0mGET /api/website/autosuggest/search?limit=5&query=cl [36m304 [0m19.749 ms - -[0m
[0mGET /api/website/autosuggest/search?limit=5&query=c [32m200 [0m48.917 ms - 19227[0m
[0mGET /api/website/autosuggest/search?limit=5&query=w [32m200 [0m36.057 ms - 7289[0m
[0mGET /api/website/autosuggest/search?limit=5&query=wo [32m200 [0m23.206 ms - 755[0m
[0mGET /api/website/autosuggest/search?limit=5&query=wom [32m200 [0m18.904 ms - 386[0m
[0mGET /api/website/autosuggest/search?limit=5&query=wome [32m200 [0m18.810 ms - 386[0m
[0mGET /api/website/autosuggest/search?limit=5&query=wom [36m304 [0m22.041 ms - -[0m
[0mGET /api/website/autosuggest/search?limit=5&query=wo [36m304 [0m21.362 ms - -[0m
[0mGET /api/website/autosuggest/search?limit=5&query=w [36m304 [0m34.158 ms - -[0m
[0mGET /api/website/product/detail?productId=5869&slug=women-thicken-coats-button-long-coat [32m200 [0m157.584 ms - 1918[0m
[0mGET /api/website/relatedProduct?productId=5869&slug=women-thicken-coats-button-long-coat [32m200 [0m142.783 ms - 2185[0m
[0mGET /api/website/popular/category-list [36m304 [0m75.507 ms - -[0m
[0mGET /api/website/product/new-arrival [36m304 [0m78.366 ms - -[0m
[0mGET /api/website/category/list [36m304 [0m89.246 ms - -[0m
[0mGET /api/website/product/home-kitchen [36m304 [0m154.615 ms - -[0m
[0mGET /api/website/product/women-fashion [36m304 [0m152.885 ms - -[0m
[0mGET /api/website/autosuggest/search?limit=5&query=Blue%20wash%20Jeans [32m200 [0m26.861 ms - 816[0m
[0mGET /api/website/category/list [32m200 [0m215.810 ms - 29200[0m
[0mGET /api/website/product/new-arrival [32m200 [0m183.739 ms - 2548[0m
[0mGET /api/website/product/home-kitchen [32m200 [0m234.385 ms - 15163[0m
[0mGET /api/website/category/list [32m200 [0m243.535 ms - 29200[0m
[0mGET /api/website/category/list [32m200 [0m247.275 ms - 29200[0m
[0mGET /api/website/category/list [32m200 [0m262.047 ms - 29200[0m
[0mGET /api/website/popular/category-list [32m200 [0m35.920 ms - 7924[0m
[0mGET /api/website/product/women-fashion [32m200 [0m115.824 ms - 14863[0m
[0mGET /api/website/autosuggest/search?limit=5&query=Blue%20wash%20Jeans [32m200 [0m27.000 ms - 971[0m
[0mGET /api/website/catalog/category/search?queryString=blue-wash-jeans [32m200 [0m18.272 ms - 62[0m
[0mGET /api/website/catalog/product/search?filter_category=blue-wash-jeans%20 [32m200 [0m103.359 ms - 531[0m
[0mGET /api/website/product/detail?productId=5869&slug=women-thicken-coats-button-long-coat [36m304 [0m71.296 ms - -[0m
[0mGET /api/website/relatedProduct?productId=5869&slug=women-thicken-coats-button-long-coat [36m304 [0m71.842 ms - -[0m
[0mGET /api/website/popular/category-list [36m304 [0m51.509 ms - -[0m
[0mGET /api/website/category/list [36m304 [0m60.152 ms - -[0m
[0mGET /api/website/product/new-arrival [36m304 [0m57.228 ms - -[0m
[0mGET /api/website/product/home-kitchen [36m304 [0m116.253 ms - -[0m
[0mGET /api/website/product/women-fashion [36m304 [0m115.511 ms - -[0m
[0mGET /api/website/product/detail?productId=5871&slug=lady-long-woolen-sweater [32m200 [0m75.698 ms - 62[0m
[0mGET /api/website/relatedProduct?productId=5871&slug=lady-long-woolen-sweater [32m200 [0m68.957 ms - 62[0m
[0mGET /api/website/category/list [32m200 [0m144.956 ms - 29200[0m
[0mGET /api/website/category/list [32m200 [0m144.965 ms - 29200[0m
[0mGET /api/website/product/detail?productId=5871&slug=lady-long-woolen-sweater [32m200 [0m144.345 ms - 62[0m
[0mGET /api/website/relatedProduct?productId=5871&slug=lady-long-woolen-sweater [32m200 [0m147.048 ms - 62[0m
[0mGET /api/website/category/list [32m200 [0m151.857 ms - 29200[0m
[0mGET /api/website/popular/category-list [36m304 [0m64.056 ms - -[0m
[0mGET /api/website/product/new-arrival [36m304 [0m70.696 ms - -[0m
[0mGET /api/website/category/list [36m304 [0m83.190 ms - -[0m
[0mGET /api/website/product/home-kitchen [36m304 [0m144.760 ms - -[0m
[0mGET /api/website/product/women-fashion [36m304 [0m140.687 ms - -[0m
[0mGET /api/website/category/list [36m304 [0m131.579 ms - -[0m
[0mGET /api/website/category/list [36m304 [0m31.925 ms - -[0m
[0mGET /api/website/category/list [36m304 [0m25.688 ms - -[0m
[0mGET /api/website/product/detail?productId=5627&slug=jaypuri-yellow-maroon-chudi [32m200 [0m13.293 ms - 62[0m
[0mGET /api/website/relatedProduct?productId=5627&slug=jaypuri-yellow-maroon-chudi [32m200 [0m10.497 ms - 62[0m
[0mGET /api/website/popular/category-list [36m304 [0m57.177 ms - -[0m
[0mGET /api/website/product/new-arrival [36m304 [0m69.938 ms - -[0m
[0mGET /api/website/category/list [36m304 [0m91.842 ms - -[0m
[0mGET /api/website/product/women-fashion [36m304 [0m146.584 ms - -[0m
[0mGET /api/website/product/home-kitchen [36m304 [0m150.185 ms - -[0m
[0mGET /api/website/category/list [36m304 [0m167.977 ms - -[0m
[0mGET /api/website/category/list [36m304 [0m50.436 ms - -[0m
[0mGET /api/website/category/list [36m304 [0m43.486 ms - -[0m
[0mGET /api/website/product/detail?productId=5805&slug=prolite-toner-cartridge [32m200 [0m114.317 ms - 1795[0m
[0mGET /api/website/relatedProduct?productId=5805&slug=prolite-toner-cartridge [32m200 [0m109.797 ms - 345[0m
[0mGET /api/website/popular/category-list [36m304 [0m36.641 ms - -[0m
[0mGET /api/website/category/list [36m304 [0m52.878 ms - -[0m
[0mGET /api/website/product/new-arrival [36m304 [0m48.727 ms - -[0m
[0mGET /api/website/product/home-kitchen [36m304 [0m112.111 ms - -[0m
[0mGET /api/website/product/women-fashion [36m304 [0m110.503 ms - -[0m
[0mGET /api/website/relatedProduct?productId=5626&slug=jaypuri-yellow-blue-chura [32m200 [0m10.973 ms - 62[0m
[0mGET /api/website/product/detail?productId=5626&slug=jaypuri-yellow-blue-chura [32m200 [0m14.202 ms - 62[0m
[0mGET /api/website/category/list [36m304 [0m46.256 ms - -[0m
[0mGET /api/website/popular/category-list [36m304 [0m28.852 ms - -[0m
[0mGET /api/website/product/new-arrival [36m304 [0m52.388 ms - -[0m
[0mGET /api/website/product/home-kitchen [36m304 [0m94.828 ms - -[0m
[0mGET /api/website/product/women-fashion [36m304 [0m89.319 ms - -[0m
[0mGET /api/website/category/list [36m304 [0m72.111 ms - -[0m
[0mGET /api/website/category/list [36m304 [0m78.060 ms - -[0m
[0mGET /api/website/category/list [36m304 [0m37.710 ms - -[0m
[0mGET /api/website/category/list [36m304 [0m126.983 ms - -[0m
[0mGET /api/website/popular/category-list [36m304 [0m59.308 ms - -[0m
[0mGET /api/website/product/new-arrival [36m304 [0m110.312 ms - -[0m
[0mGET /api/website/product/home-kitchen [36m304 [0m222.233 ms - -[0m
[0mGET /api/website/product/women-fashion [36m304 [0m208.006 ms - -[0m
[0mGET /api/website/category/list [36m304 [0m119.918 ms - -[0m
[0mGET /api/website/category/list [36m304 [0m24.575 ms - -[0m
[0mGET /api/website/category/list [36m304 [0m27.726 ms - -[0m
[0mGET /api/website/relatedProduct?productId=5561&slug=hindware-cooker-hood-pacific-neo-bf-60cm-decorative-chimney [32m200 [0m15.061 ms - 62[0m
[0mGET /api/website/product/detail?productId=5561&slug=hindware-cooker-hood-pacific-neo-bf-60cm-decorative-chimney [32m200 [0m17.256 ms - 62[0m
[0mGET /api/website/product/detail?productId=5561&slug=hindware-cooker-hood-pacific-neo-bf-60cm-decorative-chimney [36m304 [0m116.832 ms - -[0m
[0mGET /api/website/category/list [36m304 [0m130.221 ms - -[0m
[0mGET /api/website/relatedProduct?productId=5561&slug=hindware-cooker-hood-pacific-neo-bf-60cm-decorative-chimney [36m304 [0m116.736 ms - -[0m
[0mGET /api/website/category/list [36m304 [0m121.119 ms - -[0m
[0mGET /api/website/category/list [36m304 [0m84.837 ms - -[0m
[0mGET /api/website/category/list [32m200 [0m220.524 ms - 29200[0m
[0mGET /api/website/product/new-arrival [32m200 [0m216.841 ms - 2548[0m
[0mGET /api/website/category/list [32m200 [0m230.653 ms - 29200[0m
[0mGET /api/website/category/list [32m200 [0m238.208 ms - 29200[0m
[0mGET /api/website/category/list [32m200 [0m244.612 ms - 29200[0m
[0mGET /api/website/product/home-kitchen [32m200 [0m261.779 ms - 62[0m
[0mGET /api/website/popular/category-list [32m200 [0m57.710 ms - 7924[0m
[0mGET /api/website/product/women-fashion [32m200 [0m91.386 ms - 62[0m
[0mGET /api/website/category/list [32m200 [0m149.901 ms - 29200[0m
[0mGET /api/website/product/home-kitchen [32m200 [0m148.423 ms - 62[0m
[0mGET /api/website/category/list [32m200 [0m153.262 ms - 29200[0m
[0mGET /api/website/category/list [32m200 [0m155.118 ms - 29200[0m
[0mGET /api/website/category/list [32m200 [0m159.269 ms - 29200[0m
[0mGET /api/website/product/women-fashion [32m200 [0m155.847 ms - 62[0m
[0mGET /api/website/product/new-arrival [32m200 [0m32.264 ms - 2548[0m
[0mGET /api/website/popular/category-list [32m200 [0m22.743 ms - 7924[0m
[0mGET /api/website/category/list [36m304 [0m127.128 ms - -[0m
[0mGET /api/website/popular/category-list [36m304 [0m118.628 ms - -[0m
[0mGET /api/website/product/new-arrival [36m304 [0m121.666 ms - -[0m
[0mGET /api/website/product/women-fashion [36m304 [0m152.482 ms - -[0m
[0mGET /api/website/product/home-kitchen [36m304 [0m154.591 ms - -[0m
[0mGET /api/website/category/list [36m304 [0m47.479 ms - -[0m
[0mGET /api/website/category/list [36m304 [0m34.888 ms - -[0m
[0mGET /api/website/category/list [36m304 [0m93.939 ms - -[0m
[0mGET /api/website/category/list [36m304 [0m107.100 ms - -[0m
[0mGET /api/website/popular/category-list [36m304 [0m90.998 ms - -[0m
[0mGET /api/website/product/new-arrival [36m304 [0m107.015 ms - -[0m
[0mGET /api/website/product/women-fashion [36m304 [0m118.531 ms - -[0m
[0mGET /api/website/product/home-kitchen [36m304 [0m115.878 ms - -[0m
[0mGET /api/website/category/list [36m304 [0m54.654 ms - -[0m
[0mGET /api/website/category/list [36m304 [0m31.093 ms - -[0m
[0mGET /api/website/category/list [36m304 [0m35.519 ms - -[0m
[0mGET /api/website/category/list [32m200 [0m169.516 ms - 29200[0m
[0mGET /api/website/category/list [32m200 [0m179.601 ms - 29200[0m
[0mGET /api/website/category/list [32m200 [0m183.168 ms - 29200[0m
[0mGET /api/website/category/list [32m200 [0m182.143 ms - 29200[0m
[0mGET /api/website/product/home-kitchen [32m200 [0m192.056 ms - 62[0m
[0mGET /api/website/product/women-fashion [32m200 [0m169.194 ms - 62[0m
[0mGET /api/website/product/new-arrival [32m200 [0m53.775 ms - 2548[0m
[0mGET /api/website/popular/category-list [32m200 [0m25.187 ms - 7924[0m
[0mGET /api/website/category/list [32m200 [0m317.678 ms - 29200[0m
[0mGET /api/website/product/new-arrival [32m200 [0m310.745 ms - 51691[0m
[0mGET /api/website/category/list [32m200 [0m325.154 ms - 29200[0m
[0mGET /api/website/category/list [32m200 [0m327.117 ms - 29200[0m
[0mGET /api/website/category/list [32m200 [0m327.155 ms - 29200[0m
[0mGET /api/website/product/women-fashion [32m200 [0m465.776 ms - 14863[0m
[0mGET /api/website/popular/category-list [32m200 [0m159.851 ms - 7924[0m
[0mGET /api/website/product/home-kitchen [32m200 [0m190.394 ms - 15163[0m
[0mGET /api/website/category/list [32m200 [0m176.771 ms - 29200[0m
[0mGET /api/website/category/list [32m200 [0m180.537 ms - 29200[0m
[0mGET /api/website/category/list [32m200 [0m181.112 ms - 29200[0m
[0mGET /api/website/category/list [32m200 [0m182.655 ms - 29200[0m
[0mGET /api/website/product/women-fashion [32m200 [0m323.597 ms - 14863[0m
[0mGET /api/website/product/home-kitchen [32m200 [0m326.620 ms - 15163[0m
[0mGET /api/website/product/new-arrival [32m200 [0m229.988 ms - 51691[0m
[0mGET /api/website/popular/category-list [32m200 [0m104.233 ms - 7924[0m
[0mGET /api/website/autosuggest/search?limit=5&query=wo [32m200 [0m60.239 ms - 11409[0m
[0mGET /api/website/autosuggest/search?limit=5&query=wome [32m200 [0m37.572 ms - 8937[0m
[0mGET /api/website/autosuggest/search?limit=5&query=women [32m200 [0m40.803 ms - 8937[0m
[0mGET /api/website/catalog/category/search?queryString=women [32m200 [0m192.188 ms - 3809[0m
[0mGET /api/website/catalog/product/search?filter_category=women%20 [32m200 [0m201.140 ms - 12771[0m
[0mGET /api/website/autosuggest/search?limit=5&query=m [32m200 [0m126.220 ms - 213317[0m
[0mGET /api/website/autosuggest/search?limit=5&query=mi [32m200 [0m35.588 ms - 25826[0m
[0mGET /api/website/autosuggest/search?limit=5&query=mid [36m304 [0m15.768 ms - -[0m
[0mGET /api/website/autosuggest/search?limit=5&query=mide [36m304 [0m20.454 ms - -[0m
[0mGET /api/website/autosuggest/search?limit=5&query=midea [36m304 [0m20.513 ms - -[0m
[0mGET /api/website/catalog/category/search?queryString=midea [36m304 [0m24.063 ms - -[0m
[0mGET /api/website/catalog/product/search?filter_category=midea%20 [36m304 [0m67.123 ms - -[0m
[0mGET /api/website/catalog/product/search?filter_category=midea%20 [36m304 [0m51.891 ms - -[0m
[0mGET /api/website/product/detail?productId=5252&slug=midea-chimney-90v71-t [32m200 [0m71.587 ms - 2380[0m
[0mGET /api/website/relatedProduct?productId=5252&slug=midea-chimney-90v71-t [32m200 [0m69.036 ms - 5006[0m
[0mGET /api/website/popular/category-list [36m304 [0m136.261 ms - -[0m
[0mGET /api/website/product/new-arrival [36m304 [0m143.713 ms - -[0m
[0mGET /api/website/category/list [36m304 [0m192.792 ms - -[0m
[0mGET /api/website/product/women-fashion [36m304 [0m210.457 ms - -[0m
[0mGET /api/website/product/home-kitchen [36m304 [0m213.095 ms - -[0m
[0mGET /api/website/product/detail?productId=5876&slug=lady-free-size-hoodie [32m200 [0m85.745 ms - 2203[0m
[0mGET /api/website/relatedProduct?productId=5876&slug=lady-free-size-hoodie [32m200 [0m83.034 ms - 1551[0m
[0mGET /api/website/category/list [36m304 [0m156.910 ms - -[0m
[0mGET /api/website/popular/category-list [36m304 [0m140.558 ms - -[0m
[0mGET /api/website/product/new-arrival [36m304 [0m147.481 ms - -[0m
[0mGET /api/website/product/women-fashion [36m304 [0m213.152 ms - -[0m
[0mGET /api/website/product/home-kitchen [36m304 [0m215.234 ms - -[0m
[0mOPTIONS /api/auth/rootLogin [32m204 [0m10.228 ms - 0[0m
[0mPOST /api/auth/rootLogin [32m200 [0m352.404 ms - 211[0m
[0mOPTIONS /api/order/notifications [32m204 [0m0.483 ms - 0[0m
[0mOPTIONS /api/order/list [32m204 [0m0.553 ms - 0[0m
[0mOPTIONS /api/order/count [32m204 [0m0.437 ms - 0[0m
[0mGET /api/order/count [36m304 [0m28.103 ms - -[0m
[0mPOST /api/order/list [32m200 [0m56.865 ms - 6163[0m
[0mGET /api/order/notifications [36m304 [0m51.492 ms - -[0m
[0mOPTIONS /api/vendor/list [32m204 [0m0.425 ms - 0[0m
[0mGET /api/vendor/list [36m304 [0m16.952 ms - -[0m
[0mGET /api/order/notifications [36m304 [0m24.788 ms - -[0m
[0mOPTIONS /api/vendor/product/getAllProductById?SellerId=70&limi=10&page=1 [32m204 [0m1.072 ms - 0[0m
[0mGET /api/vendor/product/getAllProductById?SellerId=70&limi=10&page=1 [32m200 [0m70.343 ms - 4256[0m
[0mOPTIONS /api/product/status/update [32m204 [0m0.769 ms - 0[0m
[0mPOST /api/product/status/update [32m200 [0m35.650 ms - 52[0m
[0mOPTIONS /api/vendor/product/getAllProductById [32m204 [0m0.494 ms - 0[0m
[0mGET /api/vendor/product/getAllProductById [0m- [0m- ms - -[0m
[0mOPTIONS /api/order/notifications [32m204 [0m1.854 ms - 0[0m
[0mOPTIONS /api/vendor/product/getAllProductById?SellerId=70&limi=10&page=1 [32m204 [0m0.356 ms - 0[0m
[0mGET /api/order/notifications [36m304 [0m51.553 ms - -[0m
[0mGET /api/vendor/product/getAllProductById?SellerId=70&limi=10&page=1 [36m304 [0m97.886 ms - -[0m
[0mOPTIONS /api/product/status/update [32m204 [0m0.683 ms - 0[0m
[0mPOST /api/product/status/update [32m200 [0m17.588 ms - 52[0m
[0mOPTIONS /api/vendor/product/getAllProductById [32m204 [0m0.691 ms - 0[0m
[0mGET /api/vendor/product/getAllProductById [0m- [0m- ms - -[0m
[0mOPTIONS /api/order/notifications [32m204 [0m3.379 ms - 0[0m
[0mOPTIONS /api/vendor/product/getAllProductById?SellerId=70&limi=10&page=1 [32m204 [0m0.473 ms - 0[0m
[0mGET /api/order/notifications [36m304 [0m101.077 ms - -[0m
[0mGET /api/vendor/product/getAllProductById?SellerId=70&limi=10&page=1 [36m304 [0m165.827 ms - -[0m
[0mOPTIONS /api/product/status/update [32m204 [0m0.696 ms - 0[0m
[0mPOST /api/product/status/update [32m200 [0m20.743 ms - 52[0m
[0mOPTIONS /api/vendor/product/getAllProductById?PubilshStatus=Unpublished&productId=5592&SellerId=70 [32m204 [0m1.735 ms - 0[0m
[0mGET /api/vendor/product/getAllProductById?PubilshStatus=Unpublished&productId=5592&SellerId=70 [32m200 [0m56.573 ms - 4256[0m
[0mPOST /api/product/status/update [32m200 [0m16.979 ms - 52[0m
[0mOPTIONS /api/vendor/product/getAllProductById?PubilshStatus=Unpublished&productId=5591&SellerId=70 [32m204 [0m0.531 ms - 0[0m
[0mGET /api/vendor/product/getAllProductById?PubilshStatus=Unpublished&productId=5591&SellerId=70 [32m200 [0m61.737 ms - 4256[0m
[0mOPTIONS /api/product/status/update [32m204 [0m1.216 ms - 0[0m
[0mPOST /api/product/status/update [32m200 [0m8.111 ms - 52[0m
[0mOPTIONS /api/vendor/product/getAllProductById?PubilshStatus=Unpublished&productId=5590&SellerId=70 [32m204 [0m0.504 ms - 0[0m
[0mGET /api/vendor/product/getAllProductById?PubilshStatus=Unpublished&productId=5590&SellerId=70 [32m200 [0m62.627 ms - 4256[0m
[0mOPTIONS /api/order/notifications [32m204 [0m0.761 ms - 0[0m
[0mOPTIONS /api/vendor/product/getAllProductById?SellerId=70&limi=10&page=1 [32m204 [0m0.312 ms - 0[0m
[0mGET /api/order/notifications [36m304 [0m24.014 ms - -[0m
[0mGET /api/vendor/product/getAllProductById?SellerId=70&limi=10&page=1 [36m304 [0m68.590 ms - -[0m
[0mOPTIONS /api/product/status/update [32m204 [0m1.177 ms - 0[0m
[0mPOST /api/product/status/update [32m200 [0m20.256 ms - 52[0m
[0mOPTIONS /api/vendor/product/getAllProductById?PubilshStatus=Pending&productId=5587&SellerId=70 [32m204 [0m1.523 ms - 0[0m
[0mGET /api/vendor/product/getAllProductById?PubilshStatus=Pending&productId=5587&SellerId=70 [32m200 [0m57.509 ms - 4256[0m
[0mOPTIONS /api/order/notifications [32m204 [0m13.397 ms - 0[0m
[0mOPTIONS /api/vendor/product/getAllProductById?SellerId=70&limi=10&page=1 [32m204 [0m3.282 ms - 0[0m
[0mGET /api/order/notifications [32m200 [0m86.374 ms - 36[0m
[0mGET /api/vendor/product/getAllProductById?SellerId=70&limi=10&page=1 [32m200 [0m123.214 ms - 4256[0m
[0mOPTIONS /api/product/status/update [32m204 [0m1.737 ms - 0[0m
[0mPOST /api/product/status/update [32m200 [0m37.776 ms - 52[0m
[0mOPTIONS /api/vendor/product/getAllProductById?PubilshStatus=Processing&productId=5591&SellerId=70 [32m204 [0m0.969 ms - 0[0m
[0mGET /api/vendor/product/getAllProductById?PubilshStatus=Processing&productId=5591&SellerId=70 [32m200 [0m58.279 ms - 4256[0m
[0mOPTIONS /api/order/notifications [32m204 [0m11.944 ms - 0[0m
[0mOPTIONS /api/vendor/product/getAllProductById?SellerId=70&limi=10&page=1 [32m204 [0m8.505 ms - 0[0m
[0mGET /api/order/notifications [32m200 [0m60.228 ms - 36[0m
[0mGET /api/vendor/product/getAllProductById?SellerId=70&limi=10&page=1 [32m200 [0m92.164 ms - 4256[0m
[0mOPTIONS /api/product/status/update [32m204 [0m1.845 ms - 0[0m
[0mPOST /api/product/status/update [32m200 [0m38.166 ms - 52[0m
[0mOPTIONS /api/vendor/product/getAllProductById?PubilshStatus=Processing&productId=5592&SellerId=70 [32m204 [0m0.933 ms - 0[0m
[0mGET /api/vendor/product/getAllProductById?PubilshStatus=Processing&productId=5592&SellerId=70 [32m200 [0m64.497 ms - 4256[0m
[0mOPTIONS /api/product/status/update [32m204 [0m6.610 ms - 0[0m
[0mPOST /api/product/status/update [32m200 [0m34.117 ms - 52[0m
[0mOPTIONS /api/vendor/product/getAllProductById?PubilshStatus=Pending&productId=5592&SellerId=70 [32m204 [0m0.934 ms - 0[0m
[0mGET /api/vendor/product/getAllProductById?PubilshStatus=Pending&productId=5592&SellerId=70 [32m200 [0m76.060 ms - 4256[0m
[0mOPTIONS /api/order/notifications [32m204 [0m1.077 ms - 0[0m
[0mOPTIONS /api/vendor/product/getAllProductById?SellerId=70&limi=10&page=1 [32m204 [0m0.775 ms - 0[0m
[0mGET /api/order/notifications [36m304 [0m31.113 ms - -[0m
[0mGET /api/vendor/product/getAllProductById?SellerId=70&limi=10&page=1 [36m304 [0m71.378 ms - -[0m
[0mOPTIONS /api/order/notifications [32m204 [0m36.194 ms - 0[0m
[0mOPTIONS /api/vendor/product/getAllProductById?SellerId=70&limi=10&page=1 [32m204 [0m22.041 ms - 0[0m
[0mGET /api/order/notifications [36m304 [0m128.726 ms - -[0m
[0mGET /api/vendor/product/getAllProductById?SellerId=70&limi=10&page=1 [36m304 [0m148.660 ms - -[0m
[0mOPTIONS /api/product/status/update [32m204 [0m1.135 ms - 0[0m
[0mPOST /api/product/status/update [32m200 [0m43.457 ms - 52[0m
[0mGET /api/vendor/product/getAllProductById?SellerId=70&limi=10&page=1 [32m200 [0m61.049 ms - 4258[0m
[0mOPTIONS /api/order/notifications [32m204 [0m0.592 ms - 0[0m
[0mOPTIONS /api/vendor/product/getAllProductById?SellerId=70&limi=10&page=1 [32m204 [0m0.551 ms - 0[0m
[0mGET /api/order/notifications [32m200 [0m29.238 ms - 36[0m
[0mGET /api/vendor/product/getAllProductById?SellerId=70&limi=10&page=1 [32m200 [0m67.312 ms - 4258[0m
[0mOPTIONS /api/product/status/update [32m204 [0m0.856 ms - 0[0m
[0mPOST /api/product/status/update [32m200 [0m15.784 ms - 52[0m
[0mGET /api/vendor/product/getAllProductById?SellerId=70&limi=10&page=1 [32m200 [0m64.675 ms - 4259[0m
[0mOPTIONS /api/order/notifications [32m204 [0m0.498 ms - 0[0m
[0mOPTIONS /api/vendor/product/getAllProductById?SellerId=70&limi=10&page=1 [32m204 [0m0.552 ms - 0[0m
[0mGET /api/order/notifications [32m200 [0m32.414 ms - 36[0m
[0mGET /api/vendor/product/getAllProductById?SellerId=70&limi=10&page=1 [32m200 [0m78.373 ms - 4259[0m
[0mOPTIONS /api/product/status/update [32m204 [0m1.334 ms - 0[0m
[0mPOST /api/product/status/update [32m200 [0m23.317 ms - 52[0m
[0mGET /api/vendor/product/getAllProductById?SellerId=70&limi=10&page=1 [32m200 [0m55.934 ms - 4257[0m
[0mOPTIONS /api/order/notifications [32m204 [0m0.597 ms - 0[0m
[0mOPTIONS /api/vendor/product/getAllProductById?SellerId=70&limi=10&page=1 [32m204 [0m1.241 ms - 0[0m
[0mGET /api/order/notifications [32m200 [0m33.361 ms - 36[0m
[0mGET /api/vendor/product/getAllProductById?SellerId=70&limi=10&page=1 [32m200 [0m76.491 ms - 4257[0m
[0mOPTIONS /api/order/notifications [32m204 [0m1.237 ms - 0[0m
[0mOPTIONS /api/vendor/product/getAllProductById?SellerId=70&limi=10&page=1 [32m204 [0m7.779 ms - 0[0m
[0mGET /api/order/notifications [36m304 [0m35.748 ms - -[0m
[0mGET /api/vendor/product/getAllProductById?SellerId=70&limi=10&page=1 [36m304 [0m80.097 ms - -[0m
[0mOPTIONS /api/vendor/product/getAllProductById?SellerId=70&limit=10&page=1 [32m204 [0m0.650 ms - 0[0m
[0mGET /api/order/notifications [36m304 [0m26.765 ms - -[0m
[0mGET /api/vendor/product/getAllProductById?SellerId=70&limit=10&page=1 [32m200 [0m65.231 ms - 4257[0m
[0mOPTIONS /api/vendor/list [32m204 [0m11.135 ms - 0[0m
[0mGET /api/vendor/list [36m304 [0m59.858 ms - -[0m
[0mOPTIONS /api/vendor/product/getAllProductById?SellerId=26&limit=10&page=1 [32m204 [0m1.504 ms - 0[0m
[0mGET /api/vendor/product/getAllProductById?SellerId=26&limit=10&page=1 [32m200 [0m98.404 ms - 4161[0m
[0mOPTIONS /api/product/status/update [32m204 [0m0.897 ms - 0[0m
[0mPOST /api/product/status/update [32m200 [0m36.023 ms - 52[0m
[0mOPTIONS /api/vendor/product/getAllProductById?SellerId=26&limit=10&page=1 [32m204 [0m1.520 ms - 0[0m
[0mGET /api/vendor/product/getAllProductById?SellerId=26&limit=10&page=1 [32m200 [0m65.375 ms - 4171[0m
[0mOPTIONS /api/order/notifications [32m204 [0m14.326 ms - 0[0m
[0mOPTIONS /api/order/list [32m204 [0m31.587 ms - 0[0m
[0mOPTIONS /api/order/count [32m204 [0m30.092 ms - 0[0m
[0mGET /api/order/count [36m304 [0m97.731 ms - -[0m
[0mGET /api/order/notifications [36m304 [0m181.241 ms - -[0m
[0mPOST /api/order/list [32m200 [0m139.064 ms - 6163[0m
[0mOPTIONS /api/order/notifications [32m204 [0m1.512 ms - 0[0m
[0mGET /api/order/notifications [36m304 [0m34.705 ms - -[0m
[0mOPTIONS /api/order/list [32m204 [0m1.062 ms - 0[0m
[0mOPTIONS /api/order/count [32m204 [0m0.719 ms - 0[0m
[0mGET /api/order/count [36m304 [0m19.923 ms - -[0m
[0mPOST /api/order/list [32m200 [0m40.227 ms - 6163[0m
[0mOPTIONS /api/order/notifications [32m204 [0m5.371 ms - 0[0m
[0mOPTIONS /api/order/list [32m204 [0m5.419 ms - 0[0m
[0mOPTIONS /api/order/count [32m204 [0m4.430 ms - 0[0m
[0mGET /api/order/count [32m200 [0m44.538 ms - 196[0m
[0mGET /api/order/notifications [32m200 [0m111.129 ms - 36[0m
[0mPOST /api/order/list [32m200 [0m95.320 ms - 6163[0m
[0mOPTIONS /api/customer/getUserByEmailId [32m204 [0m11.123 ms - 0[0m
[0mOPTIONS /api/customer/getUserByEmailId [32m204 [0m16.521 ms - 0[0m
[0mGET /api/customer/getUserByEmailId [33m403 [0m79.374 ms - 36[0m
[0mGET /api/website/category/list [36m304 [0m142.673 ms - -[0m
[0mGET /api/website/product/new-arrival [32m200 [0m332.686 ms - 52007[0m
[0mGET /api/website/popular/category-list [36m304 [0m292.927 ms - -[0m
[0mGET /api/website/product/women-fashion [36m304 [0m336.061 ms - -[0m
[0mGET /api/customer/getUserByEmailId [33m403 [0m277.924 ms - 36[0m
[0mGET /api/website/product/home-kitchen [32m200 [0m335.542 ms - 15332[0m
[0mGET /api/website/category/list [0m- [0m- ms - -[0m
[0mGET /api/website/category/list [0m- [0m- ms - -[0m
[0mGET /api/website/popular/category-list [32m200 [0m38.881 ms - 7924[0m
[0mGET /api/website/category/list [32m200 [0m53.860 ms - 29200[0m
[0mGET /api/website/product/new-arrival [32m200 [0m176.014 ms - 52007[0m
[0mGET /api/website/product/home-kitchen [32m200 [0m179.889 ms - 15332[0m
[0mGET /api/website/product/women-fashion [32m200 [0m179.512 ms - 14863[0m
[0mGET /api/website/category/list [36m304 [0m139.505 ms - -[0m
[0mGET /api/website/category/list [36m304 [0m54.864 ms - -[0m
[0mGET /api/website/category/list [36m304 [0m37.168 ms - -[0m
[0mGET /api/customer/google?callbackURL=http://localhost:3001 [36m302 [0m5.602 ms - 0[0m
[0mGET /api/website/category/list [36m304 [0m88.665 ms - -[0m
[0mGET /api/website/popular/category-list [36m304 [0m51.070 ms - -[0m
[0mGET /api/website/product/home-kitchen [36m304 [0m140.185 ms - -[0m
[0mGET /api/website/product/new-arrival [36m304 [0m125.689 ms - -[0m
[0mGET /api/website/product/women-fashion [36m304 [0m205.592 ms - -[0m
[0mGET /api/website/category/list [36m304 [0m86.309 ms - -[0m
[0mGET /api/website/category/list [36m304 [0m37.193 ms - -[0m
[0mGET /api/website/category/list [36m304 [0m43.413 ms - -[0m
[0mOPTIONS /api/customer/getUserByEmailId [32m204 [0m1.612 ms - 0[0m
[0mOPTIONS /api/customer/getUserByEmailId [32m204 [0m1.514 ms - 0[0m
[0mGET /api/website/popular/category-list [36m304 [0m51.954 ms - -[0m
[0mGET /api/website/category/list [36m304 [0m147.576 ms - -[0m
[0mGET /api/website/product/new-arrival [36m304 [0m141.190 ms - -[0m
[0mGET /api/website/product/home-kitchen [36m304 [0m156.390 ms - -[0m
[0mGET /api/customer/getUserByEmailId [32m200 [0m164.343 ms - 734[0m
[0mGET /api/website/product/women-fashion [36m304 [0m218.646 ms - -[0m
[0mGET /api/website/category/list [36m304 [0m109.414 ms - -[0m
[0mGET /api/customer/getUserByEmailId [36m304 [0m38.110 ms - -[0m
[0mGET /api/website/category/list [36m304 [0m34.698 ms - -[0m
[0mGET /api/website/category/list [36m304 [0m30.210 ms - -[0m
[0mOPTIONS /api/location/list [32m204 [0m0.723 ms - 0[0m
[0mGET /api/location/list [36m304 [0m10.841 ms - -[0m
[0mOPTIONS /api/website/order/create [32m204 [0m5.176 ms - 0[0m
[0mPOST /api/website/order/create [32m200 [0m5073.353 ms - 95[0m
[0mOPTIONS /api/customer/getUserByEmailId [32m204 [0m1.102 ms - 0[0m
[0mOPTIONS /api/customer/getUserByEmailId [32m204 [0m3.870 ms - 0[0m
[0mGET /api/customer/getUserByEmailId [36m304 [0m96.976 ms - -[0m
[0mGET /api/website/category/list [36m304 [0m123.692 ms - -[0m
[0mGET /api/customer/getUserByEmailId [36m304 [0m25.446 ms - -[0m
[0mGET /api/website/category/list [36m304 [0m43.611 ms - -[0m
[0mGET /api/website/category/list [36m304 [0m27.545 ms - -[0m
[0mOPTIONS /api/location/list [32m204 [0m1.315 ms - 0[0m
[0mGET /api/location/list [36m304 [0m11.625 ms - -[0m
[0mOPTIONS /api/website/order/create [32m204 [0m0.863 ms - 0[0m
[0mPOST /api/website/order/create [32m200 [0m3882.779 ms - 95[0m
[0mOPTIONS /api/customer/getUserByEmailId [32m204 [0m1.209 ms - 0[0m
[0mOPTIONS /api/customer/getUserByEmailId [32m204 [0m7.157 ms - 0[0m
[0mGET /api/customer/getUserByEmailId [36m304 [0m63.488 ms - -[0m
[0mGET /api/website/category/list [36m304 [0m101.879 ms - -[0m
[0mGET /api/customer/getUserByEmailId [36m304 [0m112.870 ms - -[0m
[0mGET /api/website/category/list [36m304 [0m87.129 ms - -[0m
[0mGET /api/website/category/list [36m304 [0m48.402 ms - -[0m
[0mOPTIONS /api/order/notifications [32m204 [0m1.971 ms - 0[0m
[0mOPTIONS /api/order/list [32m204 [0m1.050 ms - 0[0m
[0mOPTIONS /api/order/count [32m204 [0m2.357 ms - 0[0m
[0mGET /api/order/notifications [36m302 [0m48.571 ms - 61[0m
[0mPOST /api/order/list [31m500 [0m39.696 ms - 36[0m
[0mGET /api/order/count [32m200 [0m39.377 ms - 196[0m
[0mPOST /api/order/list [31m500 [0m5.018 ms - 36[0m
[0mGET /api/order/count [36m304 [0m5.253 ms - -[0m
[0mGET /api/order/notifications [36m302 [0m13.246 ms - 61[0m
[0mOPTIONS /api/auth/rootLogin [32m204 [0m0.744 ms - 0[0m
[0mPOST /api/auth/rootLogin [32m200 [0m307.506 ms - 211[0m
[0mOPTIONS /api/order/notifications [32m204 [0m2.920 ms - 0[0m
[0mOPTIONS /api/order/list [32m204 [0m0.733 ms - 0[0m
[0mOPTIONS /api/order/count [32m204 [0m0.682 ms - 0[0m
[0mGET /api/order/count [36m304 [0m25.920 ms - -[0m
[0mPOST /api/order/list [32m200 [0m55.729 ms - 7642[0m
[0mGET /api/order/notifications [32m200 [0m60.825 ms - 2145[0m
[0mOPTIONS /api/order/list [32m204 [0m1.168 ms - 0[0m
[0mOPTIONS /api/order/count [32m204 [0m1.858 ms - 0[0m
[0mGET /api/order/count [36m304 [0m18.141 ms - -[0m
[0mPOST /api/order/list [32m200 [0m31.988 ms - 7642[0m
[0mOPTIONS /api/order/list [32m204 [0m1.418 ms - 0[0m
[0mOPTIONS /api/order/count [32m204 [0m0.621 ms - 0[0m
[0mGET /api/order/count [36m304 [0m9.946 ms - -[0m
[0mPOST /api/order/list [32m200 [0m32.290 ms - 7642[0m
[0mOPTIONS /api/auth/rootLogin [32m204 [0m9.357 ms - 0[0m
[0mPOST /api/auth/rootLogin [32m200 [0m339.433 ms - 211[0m
[0mOPTIONS /api/order/notifications [32m204 [0m1.725 ms - 0[0m
[0mOPTIONS /api/order/list [32m204 [0m0.770 ms - 0[0m
[0mOPTIONS /api/order/count [32m204 [0m0.558 ms - 0[0m
[0mGET /api/order/count [36m304 [0m35.140 ms - -[0m
[0mPOST /api/order/list [32m200 [0m72.826 ms - 7642[0m
[0mGET /api/order/notifications [32m200 [0m76.983 ms - 36[0m
[0mOPTIONS /api/order/notifications [32m204 [0m2.390 ms - 0[0m
[0mOPTIONS /api/order/list [32m204 [0m1.349 ms - 0[0m
[0mOPTIONS /api/order/count [32m204 [0m1.225 ms - 0[0m
[0mGET /api/order/count [36m304 [0m19.766 ms - -[0m
[0mPOST /api/order/list [32m200 [0m45.105 ms - 7642[0m
[0mGET /api/order/notifications [36m304 [0m49.690 ms - -[0m
[0mOPTIONS /api/order/notifications [32m204 [0m1.298 ms - 0[0m
[0mOPTIONS /api/order/list [32m204 [0m1.695 ms - 0[0m
[0mOPTIONS /api/order/count [32m204 [0m1.030 ms - 0[0m
[0mGET /api/order/count [36m304 [0m49.163 ms - -[0m
[0mPOST /api/order/list [32m200 [0m67.531 ms - 7642[0m
[0mGET /api/order/notifications [36m304 [0m76.978 ms - -[0m
[0mOPTIONS /api/order/notifications [32m204 [0m1.394 ms - 0[0m
[0mOPTIONS /api/order/list [32m204 [0m1.955 ms - 0[0m
[0mOPTIONS /api/order/count [32m204 [0m1.581 ms - 0[0m
[0mGET /api/order/count [36m304 [0m12.010 ms - -[0m
[0mPOST /api/order/list [32m200 [0m50.454 ms - 7642[0m
[0mGET /api/order/notifications [36m304 [0m54.948 ms - -[0m
[0mOPTIONS /api/order/notifications [32m204 [0m11.058 ms - 0[0m
[0mOPTIONS /api/order/list [32m204 [0m1.601 ms - 0[0m
[0mOPTIONS /api/order/count [32m204 [0m0.639 ms - 0[0m
[0mGET /api/order/count [36m304 [0m31.757 ms - -[0m
[0mPOST /api/order/list [32m200 [0m55.915 ms - 7642[0m
[0mGET /api/order/notifications [36m304 [0m62.830 ms - -[0m
[0mOPTIONS /api/order/notifications [32m204 [0m0.589 ms - 0[0m
[0mOPTIONS /api/order/list [32m204 [0m0.925 ms - 0[0m
[0mOPTIONS /api/order/count [32m204 [0m0.471 ms - 0[0m
[0mGET /api/order/count [36m304 [0m4.388 ms - -[0m
[0mPOST /api/order/list [32m200 [0m20.518 ms - 7642[0m
[0mGET /api/order/notifications [36m304 [0m24.669 ms - -[0m
[0mOPTIONS /api/order/notifications [32m204 [0m1.518 ms - 0[0m
[0mOPTIONS /api/order/list [32m204 [0m0.782 ms - 0[0m
[0mOPTIONS /api/order/count [32m204 [0m0.618 ms - 0[0m
[0mGET /api/order/count [36m304 [0m20.379 ms - -[0m
[0mPOST /api/order/list [32m200 [0m49.319 ms - 7642[0m
[0mGET /api/order/notifications [36m304 [0m44.563 ms - -[0m
[0mOPTIONS /api/order/notifications [32m204 [0m3.051 ms - 0[0m
[0mOPTIONS /api/order/list [32m204 [0m1.227 ms - 0[0m
[0mOPTIONS /api/order/count [32m204 [0m0.902 ms - 0[0m
[0mPOST /api/order/list [32m200 [0m35.913 ms - 7642[0m
[0mOPTIONS /api/order/notifications [32m204 [0m2.745 ms - 0[0m
[0mOPTIONS /api/order/list [32m204 [0m0.632 ms - 0[0m
[0mOPTIONS /api/order/count [32m204 [0m0.486 ms - 0[0m
[0mGET /api/order/count [36m304 [0m25.474 ms - -[0m
[0mPOST /api/order/list [32m200 [0m42.123 ms - 7642[0m
[0mGET /api/order/notifications [36m304 [0m85.874 ms - -[0m
[0mOPTIONS /api/order/list [32m204 [0m1.951 ms - 0[0m
[0mOPTIONS /api/order/count [32m204 [0m1.295 ms - 0[0m
[0mGET /api/order/count [36m304 [0m13.217 ms - -[0m
[0mPOST /api/order/list [32m200 [0m34.465 ms - 7642[0m
[0mOPTIONS /api/order/status/update [32m204 [0m0.518 ms - 0[0m
[0mPOST /api/order/status/update [32m200 [0m37.092 ms - 52[0m
[0mOPTIONS /api/order/notifications [32m204 [0m0.481 ms - 0[0m
[0mOPTIONS /api/order/list [32m204 [0m1.041 ms - 0[0m
[0mOPTIONS /api/order/count [32m204 [0m0.909 ms - 0[0m
[0mGET /api/order/count [32m200 [0m8.166 ms - 196[0m
[0mPOST /api/order/list [32m200 [0m19.267 ms - 7662[0m
[0mGET /api/order/notifications [36m304 [0m22.419 ms - -[0m
[0mOPTIONS /api/order/list [32m204 [0m0.647 ms - 0[0m
[0mOPTIONS /api/order/count [32m204 [0m0.702 ms - 0[0m
[0mGET /api/order/count [36m304 [0m13.418 ms - -[0m
[0mPOST /api/order/list [32m200 [0m38.702 ms - 7662[0m
[0mOPTIONS /api/auth/seller/profile-details [32m204 [0m2.588 ms - 0[0m
[0mOPTIONS /api/seller/dasbhoard/list [32m204 [0m1.542 ms - 0[0m
[0mGET /api/auth/seller/profile-details [31m500 [0m41.894 ms - 17[0m
[0mGET /api/seller/dasbhoard/list [32m200 [0m91.574 ms - 59[0m
[0mOPTIONS /api/order/notifications [32m204 [0m0.708 ms - 0[0m
[0mOPTIONS /api/vendor/list [32m204 [0m0.706 ms - 0[0m
[0mGET /api/vendor/list [32m200 [0m36.592 ms - 10063[0m
[0mGET /api/order/notifications [36m304 [0m33.496 ms - -[0m
[0mOPTIONS /api/auth/seller/login [32m204 [0m1.501 ms - 0[0m
[0mPOST /api/auth/seller/login [32m200 [0m299.332 ms - 214[0m
[0mOPTIONS /api/auth/seller/profile-details [32m204 [0m1.420 ms - 0[0m
[0mOPTIONS /api/seller/dasbhoard/list [32m204 [0m0.385 ms - 0[0m
[0mGET /api/auth/seller/profile-details [32m200 [0m22.340 ms - 179[0m
[0mGET /api/seller/dasbhoard/list [32m200 [0m60.914 ms - 1050[0m
[0mOPTIONS /api/auth/seller/profile-details [32m204 [0m1.220 ms - 0[0m
[0mOPTIONS /api/vendor/shop-detail [32m204 [0m1.357 ms - 0[0m
[0mGET /api/vendor/shop-detail [32m200 [0m17.202 ms - 462[0m
[0mGET /api/auth/seller/profile-details [36m304 [0m16.916 ms - -[0m
[0mGET /api/auth/seller/profile-details [36m304 [0m6.817 ms - -[0m
[0mGET /api/auth/seller/profile-details [36m304 [0m29.157 ms - -[0m
[0mOPTIONS /api/seller/product/list [32m204 [0m1.153 ms - 0[0m
[0mGET /api/auth/seller/profile-details [36m304 [0m19.320 ms - -[0m
[0mPOST /api/seller/product/list [32m200 [0m81.634 ms - 57288[0m
[0mOPTIONS /api/auth/seller/profile-details [32m204 [0m1.477 ms - 0[0m
[0mOPTIONS /api/category/admin/main-list [32m204 [0m1.561 ms - 0[0m
[0mOPTIONS /api/seller/brand/list [32m204 [0m1.484 ms - 0[0m
[0mOPTIONS /api/product/color/list [32m204 [0m0.240 ms - 0[0m
[0mGET /api/category/admin/main-list [32m200 [0m21.325 ms - 10793[0m
[0mGET /api/auth/seller/profile-details [36m304 [0m56.379 ms - -[0m
[0mGET /api/product/color/list [32m200 [0m73.120 ms - 73507[0m
[0mGET /api/seller/brand/list [32m200 [0m81.109 ms - 75208[0m
[0mOPTIONS /api/category/getAllSubCategory?categoryId=18 [32m204 [0m0.418 ms - 0[0m
[0mGET /api/category/getAllSubCategory?categoryId=18 [32m200 [0m9.907 ms - 1995[0m
[0mPOST /api/category/search/allcombine [31m500 [0m8.295 ms - 36[0m
[0mPOST /api/category/search/allcombine [32m200 [0m22.279 ms - 206[0m
[0mPOST /api/category/search/allcombine [32m200 [0m31.296 ms - 290[0m
[0mPOST /api/category/search/allcombine [32m200 [0m20.164 ms - 102[0m
[0mPOST /api/category/search/allcombine [32m200 [0m36.350 ms - 106[0m
[0mPOST /api/category/search/allcombine [0m- [0m- ms - -[0m
[0mPOST /api/category/search/allcombine [32m200 [0m27.429 ms - 506[0m
[0mPOST /api/category/search/allcombine [32m200 [0m23.488 ms - 506[0m
[0mPOST /api/category/search/allcombine [32m200 [0m24.946 ms - 931[0m
[0mPOST /api/category/search/allcombine [32m200 [0m17.080 ms - 320[0m
[0mPOST /api/category/search/allcombine [32m200 [0m10.127 ms - 205[0m
[0mOPTIONS /api/auth/seller/profile-details [32m204 [0m2.264 ms - 0[0m
[0mOPTIONS /api/category/admin/main-list [32m204 [0m1.160 ms - 0[0m
[0mOPTIONS /api/seller/brand/list [32m204 [0m0.982 ms - 0[0m
[0mOPTIONS /api/product/color/list [32m204 [0m1.011 ms - 0[0m
[0mGET /api/category/admin/main-list [36m304 [0m37.463 ms - -[0m
[0mGET /api/auth/seller/profile-details [36m304 [0m74.016 ms - -[0m
[0mGET /api/product/color/list [36m304 [0m89.840 ms - -[0m
[0mGET /api/seller/brand/list [36m304 [0m124.655 ms - -[0m
[0mPOST /api/category/search/allcombine [32m200 [0m26.329 ms - 254[0m
[0mGET /api/category/main-list [32m200 [0m227.628 ms - 10322[0m
[0mGET /api/product/getAllHomeKitchen [31m500 [0m463.229 ms - 3181[0m
[0mGET /api/product/getAllPersonalCare [31m500 [0m469.729 ms - 3181[0m
[0mGET /api/category/main-list [36m304 [0m278.343 ms - -[0m
[0mGET /api/product/getAllGroceryStaple [31m500 [0m473.489 ms - 3181[0m
[0mGET /api/product/banner-list [32m200 [0m471.701 ms - 1471[0m
[0mGET /api/product/new-arrival [36m304 [0m465.621 ms - -[0m
[0mOPTIONS /api/category/search-by-value [32m204 [0m0.958 ms - 0[0m
[0mPOST /api/category/search-by-value [32m200 [0m55.522 ms - 4040[0m
[0mPOST /api/category/search-by-value [32m200 [0m48.305 ms - 8939[0m
[0mOPTIONS /api/category/search-by-value [32m204 [0m2.046 ms - 0[0m
[0mPOST /api/category/search-by-value [32m200 [0m31.970 ms - 278[0m
[0mOPTIONS /api/auth/seller/profile-details [32m204 [0m9.542 ms - 0[0m
[0mOPTIONS /api/category/admin/main-list [32m204 [0m6.522 ms - 0[0m
[0mOPTIONS /api/seller/brand/list [32m204 [0m9.135 ms - 0[0m
[0mOPTIONS /api/product/color/list [32m204 [0m8.949 ms - 0[0m
[0mGET /api/auth/seller/profile-details [36m304 [0m102.854 ms - -[0m
[0mGET /api/category/admin/main-list [36m304 [0m138.445 ms - -[0m
[0mGET /api/seller/brand/list [36m304 [0m144.267 ms - -[0m
[0mGET /api/product/color/list [36m304 [0m172.857 ms - -[0m
