[0mOPTIONS /api/order/notifications [32m204 [0m1.795 ms - 0[0m
[0mGET /api/order/notifications [36m304 [0m23.826 ms - -[0m
[0mOPTIONS /api/order/notifications [32m204 [0m1.988 ms - 0[0m
[0mOPTIONS /api/order/list [32m204 [0m3.815 ms - 0[0m
[0mOPTIONS /api/order/count [32m204 [0m3.455 ms - 0[0m
[0mGET /api/order/count [36m304 [0m25.157 ms - -[0m
[0mGET /api/order/notifications [36m304 [0m36.511 ms - -[0m
[0mGET /api/order/list [32m200 [0m170.739 ms - 193764[0m
[0mOPTIONS /api/order/notifications [32m204 [0m2.127 ms - 0[0m
[0mOPTIONS /api/category/admin/main-list [32m204 [0m0.459 ms - 0[0m
[0mOPTIONS /api/product/brand-list [32m204 [0m0.432 ms - 0[0m
[0mGET /api/category/admin/main-list [36m304 [0m15.154 ms - -[0m
[0mGET /api/order/notifications [36m304 [0m37.268 ms - -[0m
[0mPOST /api/product/brand-list [32m200 [0m22.805 ms - 3979[0m
[0mOPTIONS /api/order/notifications [32m204 [0m3.969 ms - 0[0m
[0mGET /api/order/notifications [36m304 [0m41.668 ms - -[0m
[0mOPTIONS /api/category/admin/main-list [32m204 [0m0.491 ms - 0[0m
[0mOPTIONS /api/product/brand-list [32m204 [0m0.423 ms - 0[0m
[0mGET /api/order/notifications [36m304 [0m54.199 ms - -[0m
[0mGET /api/category/admin/main-list [36m304 [0m36.611 ms - -[0m
[0mPOST /api/product/brand-list [32m200 [0m70.916 ms - 3979[0m
[0mOPTIONS /api/order/notifications [32m204 [0m1.910 ms - 0[0m
[0mGET /api/order/notifications [36m304 [0m30.711 ms - -[0m
[0mOPTIONS /api/category/admin/main-list [32m204 [0m0.935 ms - 0[0m
[0mOPTIONS /api/product/brand-list [32m204 [0m1.965 ms - 0[0m
[0mGET /api/order/notifications [36m304 [0m22.329 ms - -[0m
[0mGET /api/category/admin/main-list [36m304 [0m14.898 ms - -[0m
[0mPOST /api/product/brand-list [32m200 [0m18.415 ms - 3979[0m
[0mOPTIONS /api/order/notifications [32m204 [0m1.421 ms - 0[0m
[0mGET /api/order/notifications [36m304 [0m24.732 ms - -[0m
[0mOPTIONS /api/order/notifications [32m204 [0m1.380 ms - 0[0m
[0mGET /api/order/notifications [36m304 [0m28.938 ms - -[0m
[0mOPTIONS /api/order/notifications [32m204 [0m1.330 ms - 0[0m
[0mGET /api/order/notifications [36m304 [0m27.995 ms - -[0m
[0mOPTIONS /api/order/notifications [32m204 [0m1.951 ms - 0[0m
[0mGET /api/order/notifications [36m304 [0m46.834 ms - -[0m
[0mOPTIONS /api/order/notifications [32m204 [0m12.150 ms - 0[0m
[0mGET /api/order/notifications [36m304 [0m76.790 ms - -[0m
[0mOPTIONS /api/seller/all-product-list?limit=20&page=1 [32m204 [0m3.711 ms - 0[0m
[0mGET /api/seller/all-product-list?limit=20&page=1 [36m304 [0m85.946 ms - -[0m
[0mOPTIONS /api/seller/all-product-list?limit=20&page=1 [32m204 [0m1.043 ms - 0[0m
[0mGET /api/seller/all-product-list?limit=20&page=1 [36m304 [0m87.767 ms - -[0m
[0mGET /api/seller/all-product-list?limit=20&page=1 [36m304 [0m81.331 ms - -[0m
[0mOPTIONS /api/seller/all-product-list?limit=20&page=1 [32m204 [0m12.131 ms - 0[0m
[0mGET /api/seller/all-product-list?limit=20&page=1 [36m304 [0m90.184 ms - -[0m
[0mOPTIONS /api/order/notifications [32m204 [0m3.461 ms - 0[0m
[0mOPTIONS /api/seller/all-product-list?limit=20&page=1 [32m204 [0m2.871 ms - 0[0m
[0mGET /api/order/notifications [36m304 [0m62.541 ms - -[0m
[0mGET /api/seller/all-product-list?limit=20&page=1 [36m304 [0m84.771 ms - -[0m
[0mOPTIONS /api/order/notifications [32m204 [0m2.424 ms - 0[0m
[0mOPTIONS /api/seller/all-product-list?limit=20&page=1 [32m204 [0m5.156 ms - 0[0m
[0mGET /api/order/notifications [36m304 [0m81.288 ms - -[0m
[0mGET /api/seller/all-product-list?limit=20&page=1 [36m304 [0m108.311 ms - -[0m
[0mOPTIONS /api/order/notifications [32m204 [0m2.429 ms - 0[0m
[0mGET /api/order/notifications [36m304 [0m59.105 ms - -[0m
[0mOPTIONS /api/seller/all-product-list?limit=20&page=1 [32m204 [0m0.973 ms - 0[0m
[0mGET /api/seller/all-product-list?limit=20&page=1 [36m304 [0m95.601 ms - -[0m
[0mOPTIONS /api/seller/admin/product/update [32m204 [0m1.120 ms - 0[0m
[0mPUT /api/seller/admin/product/update [32m200 [0m71.065 ms - 69[0m
[0mOPTIONS /api/seller/all-product-list?limit=20&page=1 [32m204 [0m0.461 ms - 0[0m
[0mGET /api/seller/all-product-list?limit=20&page=1 [32m200 [0m68.331 ms - 9663[0m
[0mOPTIONS /api/seller/all-product-list?limit=20&page=1&searchString=midea [32m204 [0m1.327 ms - 0[0m
[0mGET /api/seller/all-product-list?limit=20&page=1&searchString=midea [32m200 [0m81.257 ms - 6590[0m
[0mOPTIONS /api/seller/admin/product/update [32m204 [0m4.912 ms - 0[0m
[0mPUT /api/seller/admin/product/update [32m200 [0m33.939 ms - 69[0m
[0mOPTIONS /api/seller/all-product-list?limit=20&page=1 [32m204 [0m2.833 ms - 0[0m
[0mGET /api/seller/all-product-list?limit=20&page=1 [36m304 [0m81.352 ms - -[0m
[0mOPTIONS /api/seller/all-product-list?limit=20&page=1&searchString=Midea+kettle+water+heater+jug+MK-17S32A [32m204 [0m0.911 ms - 0[0m
[0mGET /api/seller/all-product-list?limit=20&page=1&searchString=Midea+kettle+water+heater+jug+MK-17S32A [32m200 [0m76.646 ms - 590[0m
[0mOPTIONS /api/order/notifications [32m204 [0m7.899 ms - 0[0m
[0mOPTIONS /api/seller/all-product-list?limit=20&page=1 [32m204 [0m1.740 ms - 0[0m
[0mGET /api/order/notifications [36m304 [0m53.611 ms - -[0m
[0mGET /api/seller/all-product-list?limit=20&page=1 [36m304 [0m94.822 ms - -[0m
[0mGET /api/website/category/list [36m304 [0m112.916 ms - -[0m
[0mGET /api/website/category/list [36m304 [0m44.964 ms - -[0m
[0mGET /api/website/category/list [36m304 [0m37.297 ms - -[0m
[0mGET /api/website/autosuggest/search?limit=5&query=mid [36m304 [0m59.868 ms - -[0m
[0mGET /api/website/autosuggest/search?limit=5&query=mide [36m304 [0m42.032 ms - -[0m
[0mGET /api/website/autosuggest/search?limit=5&query=midea [36m304 [0m24.812 ms - -[0m
[0mGET /api/website/category/list [36m304 [0m53.218 ms - -[0m
[0mGET /api/website/category/list [36m304 [0m25.610 ms - -[0m
[0mGET /api/website/category/list [36m304 [0m24.368 ms - -[0m
[0mGET /api/website/category/list [36m304 [0m71.980 ms - -[0m
[0mGET /api/website/category/list [36m304 [0m60.394 ms - -[0m
[0mGET /api/website/category/list [36m304 [0m45.590 ms - -[0m
[0mGET /api/website/autosuggest/search?limit=5&query=mi [36m304 [0m85.940 ms - -[0m
[0mGET /api/website/autosuggest/search?limit=5&query=mid [36m304 [0m19.799 ms - -[0m
[0mGET /api/website/autosuggest/search?limit=5&query=mide [36m304 [0m27.486 ms - -[0m
[0mGET /api/website/autosuggest/search?limit=5&query=midea [36m304 [0m31.455 ms - -[0m
[0mGET /api/website/catalog/category/search?queryString=midea [36m304 [0m69.656 ms - -[0m
[0mGET /api/website/catalog/product/search?filter_category=midea [32m200 [0m65.425 ms - 7026[0m
[0mOPTIONS /api/seller/all-product-list?limit=20&page=1&searchString=Midea+water+dispenser+YL1633+S [32m204 [0m3.346 ms - 0[0m
[0mGET /api/seller/all-product-list?limit=20&page=1&searchString=Midea+water+dispenser+YL1633+S [32m200 [0m86.713 ms - 570[0m
[0mOPTIONS /api/seller/admin/product/update [32m204 [0m2.095 ms - 0[0m
[0mPUT /api/seller/admin/product/update [32m200 [0m59.585 ms - 69[0m
[0mOPTIONS /api/seller/all-product-list?limit=20&page=1 [32m204 [0m2.042 ms - 0[0m
[0mGET /api/seller/all-product-list?limit=20&page=1 [36m304 [0m85.729 ms - -[0m
[0mGET /api/website/category/list [36m304 [0m71.830 ms - -[0m
[0mGET /api/website/category/list [36m304 [0m38.803 ms - -[0m
[0mGET /api/website/catalog/category/search?queryString=midea [36m304 [0m112.655 ms - -[0m
[0mGET /api/website/catalog/product/search?filter_category=midea [32m200 [0m110.313 ms - 7025[0m
[0mGET /api/website/autosuggest/search?limit=5&query=a [36m304 [0m330.044 ms - -[0m
[0mGET /api/website/category/list [36m304 [0m53.553 ms - -[0m
[0mGET /api/website/autosuggest/search?limit=5&query=b [36m304 [0m160.505 ms - -[0m
[0mGET /api/website/autosuggest/search?limit=5&query=ba [36m304 [0m64.319 ms - -[0m
[0mGET /api/website/autosuggest/search?limit=5&query=bal [36m304 [0m33.461 ms - -[0m
[0mGET /api/website/autosuggest/search?limit=5&query=balt [36m304 [0m79.783 ms - -[0m
[0mGET /api/website/autosuggest/search?limit=5&query=baltr [36m304 [0m61.921 ms - -[0m
[0mGET /api/website/autosuggest/search?limit=5&query=baltra [36m304 [0m50.032 ms - -[0m
[0mGET /api/website/category/list [36m304 [0m41.048 ms - -[0m
[0mGET /api/website/category/list [36m304 [0m42.065 ms - -[0m
[0mGET /api/website/category/list [36m304 [0m29.582 ms - -[0m
[0mGET /api/website/category/list [36m304 [0m89.669 ms - -[0m
[0mGET /api/website/category/list [36m304 [0m45.222 ms - -[0m
[0mGET /api/website/category/list [36m304 [0m39.437 ms - -[0m
[0mGET /api/website/category/list [32m200 [0m64.253 ms - 28629[0m
[0mGET /api/website/category/list [32m200 [0m104.866 ms - 28629[0m
[0mGET /api/website/category/list [32m200 [0m76.220 ms - 28629[0m
[0mGET /api/website/category/list [32m200 [0m83.287 ms - 28629[0m
[0mGET /api/website/category/list [32m200 [0m77.688 ms - 28629[0m
[0mGET /api/website/category/list [32m200 [0m81.068 ms - 28629[0m
[0mGET /api/website/autosuggest/search?limit=5&query=f [36m304 [0m155.653 ms - -[0m
[0mGET /api/website/category/list [36m304 [0m56.759 ms - -[0m
[0mGET /api/website/category/list [36m304 [0m37.709 ms - -[0m
[0mGET /api/website/category/list [36m304 [0m22.564 ms - -[0m
[0mOPTIONS /api/order/notifications [32m204 [0m15.205 ms - 0[0m
[0mOPTIONS /api/order/list [32m204 [0m1.310 ms - 0[0m
[0mOPTIONS /api/order/count [32m204 [0m6.142 ms - 0[0m
[0mGET /api/order/count [36m304 [0m71.037 ms - -[0m
[0mGET /api/order/notifications [36m304 [0m100.355 ms - -[0m
[0mGET /api/order/list [36m304 [0m252.126 ms - -[0m
[0mOPTIONS /api/order/notifications [32m204 [0m3.697 ms - 0[0m
[0mOPTIONS /api/order/list [32m204 [0m1.842 ms - 0[0m
[0mOPTIONS /api/order/count [32m204 [0m1.107 ms - 0[0m
[0mGET /api/order/count [36m304 [0m16.774 ms - -[0m
[0mGET /api/order/notifications [36m304 [0m75.925 ms - -[0m
[0mGET /api/order/list [36m304 [0m144.166 ms - -[0m
[0mGET /api/website/category/list [36m304 [0m60.261 ms - -[0m
[0mGET /api/website/category/list [36m304 [0m30.802 ms - -[0m
[0mGET /api/website/category/list [36m304 [0m47.025 ms - -[0m
[0mGET /api/website/category/list [36m304 [0m19.643 ms - -[0m
[0mGET /api/website/category/list [36m304 [0m33.083 ms - -[0m
[0mGET /api/website/autosuggest/search?limit=5&query=for [32m200 [0m94.942 ms - 183[0m
[0mGET /api/website/autosuggest/search?limit=5&query=forb [32m200 [0m56.522 ms - 91[0m
[0mGET /api/website/catalog/category/search?queryString=forbes [32m200 [0m66.886 ms - 329[0m
[0mGET /api/website/catalog/product/search?filter_category=forbes [32m200 [0m52.508 ms - 79[0m
[0mGET /api/website/category/list [36m304 [0m73.260 ms - -[0m
[0mOPTIONS /api/order/notifications [32m204 [0m9.608 ms - 0[0m
[0mOPTIONS /api/order/list [32m204 [0m3.674 ms - 0[0m
[0mOPTIONS /api/order/count [32m204 [0m0.744 ms - 0[0m
[0mGET /api/order/count [36m304 [0m38.801 ms - -[0m
[0mGET /api/order/notifications [36m304 [0m88.449 ms - -[0m
[0mGET /api/order/list [36m304 [0m152.705 ms - -[0m
[0mOPTIONS /api/order/notifications [32m204 [0m15.835 ms - 0[0m
[0mOPTIONS /api/order/list [32m204 [0m6.910 ms - 0[0m
[0mOPTIONS /api/order/count [32m204 [0m3.868 ms - 0[0m
[0mGET /api/order/count [36m304 [0m49.967 ms - -[0m
[0mGET /api/order/notifications [36m304 [0m79.242 ms - -[0m
[0mGET /api/order/list [36m304 [0m218.639 ms - -[0m
[0mOPTIONS /api/order/notifications [32m204 [0m4.431 ms - 0[0m
[0mOPTIONS /api/seller/all-product-list?limit=20&page=1 [32m204 [0m1.268 ms - 0[0m
[0mGET /api/order/notifications [36m304 [0m52.127 ms - -[0m
[0mGET /api/seller/all-product-list?limit=20&page=1 [36m304 [0m71.768 ms - -[0m
[0mOPTIONS /api/seller/all-product-list?limit=20&page=1&searchString=midea [32m204 [0m0.934 ms - 0[0m
[0mGET /api/seller/all-product-list?limit=20&page=1&searchString=midea [32m200 [0m76.192 ms - 6593[0m
[0mOPTIONS /api/seller/admin/product/update [32m204 [0m14.026 ms - 0[0m
[0mPUT /api/seller/admin/product/update [32m200 [0m56.792 ms - 69[0m
[0mOPTIONS /api/seller/all-product-list?limit=20&page=1 [32m204 [0m1.894 ms - 0[0m
[0mGET /api/seller/all-product-list?limit=20&page=1 [36m304 [0m92.444 ms - -[0m
[0mOPTIONS /api/seller/all-product-list?limit=20&page=1&searchString=midea [32m204 [0m11.618 ms - 0[0m
[0mGET /api/seller/all-product-list?limit=20&page=1&searchString=midea [32m200 [0m96.989 ms - 6598[0m
[0mOPTIONS /api/seller/admin/product/update [32m204 [0m3.715 ms - 0[0m
[0mPUT /api/seller/admin/product/update [32m200 [0m48.295 ms - 69[0m
[0mOPTIONS /api/seller/all-product-list?limit=20&page=1 [32m204 [0m1.753 ms - 0[0m
[0mGET /api/seller/all-product-list?limit=20&page=1 [36m304 [0m103.470 ms - -[0m
[0mOPTIONS /api/seller/all-product-list?limit=20&page=1&searchString=midea [32m204 [0m3.828 ms - 0[0m
[0mGET /api/seller/all-product-list?limit=20&page=1&searchString=midea [32m200 [0m69.525 ms - 6597[0m
[0mOPTIONS /api/seller/admin/product/update [32m204 [0m3.348 ms - 0[0m
[0mPUT /api/seller/admin/product/update [32m200 [0m39.174 ms - 69[0m
[0mOPTIONS /api/seller/all-product-list?limit=20&page=1 [32m204 [0m1.206 ms - 0[0m
[0mGET /api/seller/all-product-list?limit=20&page=1 [36m304 [0m85.903 ms - -[0m
[0mOPTIONS /api/seller/all-product-list?limit=20&page=1&searchString=midea [32m204 [0m0.973 ms - 0[0m
[0mGET /api/seller/all-product-list?limit=20&page=1&searchString=midea [32m200 [0m68.914 ms - 6596[0m
[0mOPTIONS /api/order/notifications [32m204 [0m29.724 ms - 0[0m
[0mOPTIONS /api/vendor/list [32m204 [0m14.744 ms - 0[0m
[0mGET /api/vendor/list [36m304 [0m72.683 ms - -[0m
[0mGET /api/order/notifications [36m304 [0m106.130 ms - -[0m
[0mOPTIONS /api/vendor/product/getAllProductById [32m204 [0m3.440 ms - 0[0m
[0mPOST /api/vendor/product/getAllProductById [32m200 [0m35.533 ms - 12243[0m
[0mOPTIONS /api/order/notifications [32m204 [0m10.365 ms - 0[0m
[0mOPTIONS /api/vendor/product/getAllProductById [32m204 [0m2.449 ms - 0[0m
[0mPOST /api/vendor/product/getAllProductById [32m200 [0m52.300 ms - 12243[0m
[0mGET /api/order/notifications [36m304 [0m55.385 ms - -[0m
[0mOPTIONS /api/vendor/product/getAllProductById [32m204 [0m2.109 ms - 0[0m
[0mPOST /api/vendor/product/getAllProductById [32m200 [0m22.547 ms - 12243[0m
[0mOPTIONS /api/order/notifications [32m204 [0m1.648 ms - 0[0m
[0mOPTIONS /api/vendor/product/getAllProductById [32m204 [0m0.439 ms - 0[0m
[0mPOST /api/vendor/product/getAllProductById [32m200 [0m32.549 ms - 12243[0m
[0mGET /api/order/notifications [36m304 [0m35.737 ms - -[0m
[0mOPTIONS /api/order/notifications [32m204 [0m1.156 ms - 0[0m
[0mOPTIONS /api/vendor/product/getAllProductById [32m204 [0m0.350 ms - 0[0m
[0mPOST /api/vendor/product/getAllProductById [32m200 [0m34.235 ms - 12243[0m
[0mGET /api/order/notifications [36m304 [0m32.573 ms - -[0m
[0mOPTIONS /api/vendor/list [32m204 [0m2.895 ms - 0[0m
[0mGET /api/vendor/list [36m304 [0m40.832 ms - -[0m
[0mOPTIONS /api/vendor/product/getAllProductById [32m204 [0m1.004 ms - 0[0m
[0mPOST /api/vendor/product/getAllProductById [32m200 [0m34.514 ms - 12243[0m
[0mOPTIONS /api/order/notifications [32m204 [0m1.797 ms - 0[0m
[0mOPTIONS /api/vendor/product/getAllProductById [32m204 [0m0.928 ms - 0[0m
[0mPOST /api/vendor/product/getAllProductById [32m200 [0m25.876 ms - 12243[0m
[0mGET /api/order/notifications [36m304 [0m27.452 ms - -[0m
[0mOPTIONS /api/vendor/list [32m204 [0m7.255 ms - 0[0m
[0mGET /api/vendor/list [36m304 [0m40.595 ms - -[0m
[0mOPTIONS /api/order/notifications [32m204 [0m1.614 ms - 0[0m
[0mOPTIONS /api/vendor/list [32m204 [0m3.666 ms - 0[0m
[0mGET /api/vendor/list [36m304 [0m25.477 ms - -[0m
[0mGET /api/order/notifications [36m304 [0m37.605 ms - -[0m
[0mOPTIONS /api/order/notifications [32m204 [0m1.491 ms - 0[0m
[0mOPTIONS /api/vendor/list [32m204 [0m0.472 ms - 0[0m
[0mGET /api/vendor/list [36m304 [0m30.013 ms - -[0m
[0mGET /api/order/notifications [36m304 [0m33.049 ms - -[0m
[0mOPTIONS /api/vendor/product/getAllProductById [32m204 [0m0.858 ms - 0[0m
[0mPOST /api/vendor/product/getAllProductById [32m200 [0m29.876 ms - 12243[0m
[0mOPTIONS /api/order/notifications [32m204 [0m1.821 ms - 0[0m
[0mOPTIONS /api/vendor/product/getAllProductById [32m204 [0m1.066 ms - 0[0m
[0mPOST /api/vendor/product/getAllProductById [32m200 [0m27.340 ms - 12243[0m
[0mGET /api/order/notifications [36m304 [0m34.318 ms - -[0m
[0mOPTIONS /api/order/notifications [32m204 [0m1.512 ms - 0[0m
[0mOPTIONS /api/vendor/product/getAllProductById [32m204 [0m0.400 ms - 0[0m
[0mGET /api/order/notifications [36m304 [0m57.886 ms - -[0m
[0mPOST /api/vendor/product/getAllProductById [32m200 [0m56.287 ms - 12243[0m
[0mOPTIONS /api/order/notifications [32m204 [0m2.456 ms - 0[0m
[0mOPTIONS /api/vendor/product/getAllProductById [32m204 [0m1.448 ms - 0[0m
[0mPOST /api/vendor/product/getAllProductById [32m200 [0m41.736 ms - 12243[0m
[0mGET /api/order/notifications [36m304 [0m53.338 ms - -[0m
[0mOPTIONS /api/order/notifications [32m204 [0m1.900 ms - 0[0m
[0mOPTIONS /api/vendor/product/getAllProductById [32m204 [0m0.972 ms - 0[0m
[0mPOST /api/vendor/product/getAllProductById [32m200 [0m40.913 ms - 12243[0m
[0mGET /api/order/notifications [32m200 [0m51.554 ms - 36[0m
[0mOPTIONS /api/order/notifications [32m204 [0m5.243 ms - 0[0m
[0mOPTIONS /api/vendor/product/getAllProductById [32m204 [0m1.994 ms - 0[0m
[0mPOST /api/vendor/product/getAllProductById [32m200 [0m51.252 ms - 12243[0m
[0mGET /api/order/notifications [36m304 [0m63.457 ms - -[0m
[0mOPTIONS /api/order/notifications [32m204 [0m6.389 ms - 0[0m
[0mGET /api/order/notifications [36m304 [0m50.915 ms - -[0m
[0mOPTIONS /api/vendor/product/getAllProductById [32m204 [0m1.161 ms - 0[0m
[0mPOST /api/vendor/product/getAllProductById [32m200 [0m39.866 ms - 12243[0m
[0mOPTIONS /api/order/notifications [32m204 [0m1.661 ms - 0[0m
[0mOPTIONS /api/vendor/product/getAllProductById [32m204 [0m0.335 ms - 0[0m
[0mPOST /api/vendor/product/getAllProductById [32m200 [0m41.516 ms - 12243[0m
[0mGET /api/order/notifications [36m304 [0m48.448 ms - -[0m
[0mOPTIONS /api/order/notifications [32m204 [0m1.887 ms - 0[0m
[0mGET /api/order/notifications [36m304 [0m36.508 ms - -[0m
[0mOPTIONS /api/seller/admin/product/update [32m204 [0m1.427 ms - 0[0m
[0mPUT /api/seller/admin/product/update [32m200 [0m77.857 ms - 69[0m
[0mOPTIONS /api/seller/all-product-list?limit=20&page=1 [32m204 [0m2.560 ms - 0[0m
[0mGET /api/seller/all-product-list?limit=20&page=1 [36m304 [0m99.143 ms - -[0m
[0mOPTIONS /api/vendor/product/getAllProductById [32m204 [0m2.285 ms - 0[0m
[0mPOST /api/vendor/product/getAllProductById [32m200 [0m41.643 ms - 12237[0m
[0mOPTIONS /api/order/notifications [32m204 [0m1.661 ms - 0[0m
[0mOPTIONS /api/vendor/product/getAllProductById [32m204 [0m0.370 ms - 0[0m
[0mPOST /api/vendor/product/getAllProductById [32m200 [0m31.658 ms - 12237[0m
[0mGET /api/order/notifications [36m304 [0m45.015 ms - -[0m
[0mOPTIONS /api/seller/admin/product/update [32m204 [0m0.990 ms - 0[0m
[0mPUT /api/seller/admin/product/update [32m200 [0m32.248 ms - 69[0m
[0mOPTIONS /api/order/notifications [32m204 [0m1.371 ms - 0[0m
[0mGET /api/order/notifications [36m304 [0m41.924 ms - -[0m
[0mOPTIONS /api/order/notifications [32m204 [0m1.129 ms - 0[0m
[0mGET /api/order/notifications [36m304 [0m34.194 ms - -[0m
[0mOPTIONS /api/vendor/product/getAllProductById [32m204 [0m0.932 ms - 0[0m
[0mPOST /api/vendor/product/getAllProductById [32m200 [0m19.118 ms - 12231[0m
[0mOPTIONS /api/seller/admin/product/update [32m204 [0m1.182 ms - 0[0m
[0mPUT /api/seller/admin/product/update [32m200 [0m59.747 ms - 69[0m
[0mOPTIONS /api/vendor/product/getAllProductById [32m204 [0m1.336 ms - 0[0m
[0mPOST /api/vendor/product/getAllProductById [32m200 [0m21.755 ms - 12231[0m
[0mOPTIONS /api/order/notifications [32m204 [0m2.521 ms - 0[0m
[0mOPTIONS /api/vendor/product/getAllProductById [32m204 [0m0.498 ms - 0[0m
[0mPOST /api/vendor/product/getAllProductById [32m200 [0m44.240 ms - 12231[0m
[0mGET /api/order/notifications [36m304 [0m47.671 ms - -[0m
[0mOPTIONS /api/auth/rootLogin [32m204 [0m5.938 ms - 0[0m
[0mPOST /api/auth/rootLogin [32m200 [0m374.995 ms - 211[0m
[0mOPTIONS /api/order/notifications [32m204 [0m1.986 ms - 0[0m
[0mOPTIONS /api/order/list [32m204 [0m0.653 ms - 0[0m
[0mOPTIONS /api/order/count [32m204 [0m3.996 ms - 0[0m
[0mGET /api/order/count [36m304 [0m14.417 ms - -[0m
[0mGET /api/order/notifications [36m304 [0m58.352 ms - -[0m
[0mGET /api/order/list [36m304 [0m173.287 ms - -[0m
[0mOPTIONS /api/seller/all-product-list?limit=20&page=1 [32m204 [0m1.376 ms - 0[0m
[0mGET /api/order/notifications [36m304 [0m55.240 ms - -[0m
[0mGET /api/seller/all-product-list?limit=20&page=1 [36m304 [0m83.803 ms - -[0m
[0mOPTIONS /api/order/notifications [32m204 [0m3.602 ms - 0[0m
[0mOPTIONS /api/seller/all-product-list?limit=20&page=1 [32m204 [0m1.040 ms - 0[0m
[0mGET /api/order/notifications [36m304 [0m58.855 ms - -[0m
[0mGET /api/seller/all-product-list?limit=20&page=1 [36m304 [0m165.565 ms - -[0m
[0mOPTIONS /api/order/notifications [32m204 [0m9.090 ms - 0[0m
[0mOPTIONS /api/product/brand-list [32m204 [0m2.379 ms - 0[0m
[0mPOST /api/product/brand-list [32m200 [0m43.621 ms - 3979[0m
[0mGET /api/order/notifications [36m304 [0m56.529 ms - -[0m
[0mOPTIONS /api/product/brand-list [32m204 [0m4.013 ms - 0[0m
[0mPOST /api/product/brand-list [32m200 [0m27.396 ms - 3966[0m
[0mPOST /api/product/brand-list [32m200 [0m28.187 ms - 1550[0m
[0mOPTIONS /api/order/notifications [32m204 [0m11.077 ms - 0[0m
[0mOPTIONS /api/product/brand-list [32m204 [0m6.442 ms - 0[0m
[0mPOST /api/product/brand-list [32m200 [0m53.031 ms - 3979[0m
[0mGET /api/order/notifications [36m304 [0m67.588 ms - -[0m
[0mOPTIONS /api/order/notifications [32m204 [0m3.962 ms - 0[0m
[0mOPTIONS /api/seller/all-product-list?limit=20&page=1 [32m204 [0m1.266 ms - 0[0m
[0mGET /api/order/notifications [36m304 [0m63.587 ms - -[0m
[0mGET /api/seller/all-product-list?limit=20&page=1 [36m304 [0m97.320 ms - -[0m
[0mOPTIONS /api/order/notifications [32m204 [0m2.731 ms - 0[0m
[0mOPTIONS /api/product/brand-list [32m204 [0m1.889 ms - 0[0m
[0mPOST /api/product/brand-list [32m200 [0m35.198 ms - 3979[0m
[0mGET /api/order/notifications [36m304 [0m28.029 ms - -[0m
[0mPOST /api/product/brand-list [32m200 [0m23.377 ms - 3979[0m
[0mGET /api/order/notifications [36m304 [0m32.610 ms - -[0m
[0mOPTIONS /api/order/notifications [32m204 [0m2.052 ms - 0[0m
[0mOPTIONS /api/product/brand-list [32m204 [0m1.410 ms - 0[0m
[0mPOST /api/product/brand-list [32m200 [0m43.986 ms - 3979[0m
[0mGET /api/order/notifications [36m304 [0m46.555 ms - -[0m
[0mOPTIONS /api/product/brand-list [32m204 [0m1.099 ms - 0[0m
[0mPOST /api/product/brand-list [32m200 [0m41.388 ms - 466[0m
[0mOPTIONS /api/order/notifications [32m204 [0m2.082 ms - 0[0m
[0mOPTIONS /api/product/getAllproductList [32m204 [0m3.319 ms - 0[0m
[0mOPTIONS /api/category/admin/main-list [32m204 [0m2.842 ms - 0[0m
[0mOPTIONS /api/product/search/getAllproductList [32m204 [0m2.086 ms - 0[0m
[0mGET /api/category/admin/main-list [36m304 [0m42.254 ms - -[0m
[0mGET /api/order/notifications [36m304 [0m60.502 ms - -[0m
[0mPOST /api/product/getAllproductList [32m200 [0m556.408 ms - 118950[0m
[0mGET /api/product/search/getAllproductList [32m200 [0m549.558 ms - 4846593[0m
[0mOPTIONS /api/product/brand-list [32m204 [0m1.947 ms - 0[0m
[0mPOST /api/product/brand-list [32m200 [0m34.454 ms - 3979[0m
[0mOPTIONS /api/product/getAllproductList [32m204 [0m0.981 ms - 0[0m
[0mOPTIONS /api/category/admin/main-list [32m204 [0m1.604 ms - 0[0m
[0mOPTIONS /api/product/search/getAllproductList [32m204 [0m1.126 ms - 0[0m
[0mGET /api/category/admin/main-list [36m304 [0m21.774 ms - -[0m
[0mGET /api/product/search/getAllproductList [36m304 [0m373.203 ms - -[0m
[0mPOST /api/product/getAllproductList [32m200 [0m393.900 ms - 118950[0m
[0mOPTIONS /api/order/notifications [32m204 [0m2.155 ms - 0[0m
[0mOPTIONS /api/location/city/list [32m204 [0m1.029 ms - 0[0m
[0mGET /api/location/city/list [36m304 [0m37.680 ms - -[0m
[0mGET /api/order/notifications [36m304 [0m49.861 ms - -[0m
[0mOPTIONS /api/location/list [32m204 [0m0.819 ms - 0[0m
[0mGET /api/location/list [32m200 [0m15.217 ms - 1949[0m
[0mOPTIONS /api/order/notifications [32m204 [0m6.109 ms - 0[0m
[0mOPTIONS /api/location/city/list [32m204 [0m3.145 ms - 0[0m
[0mGET /api/location/city/list [36m304 [0m28.566 ms - -[0m
[0mGET /api/order/notifications [36m304 [0m66.560 ms - -[0m
[0mOPTIONS /api/order/notifications [32m204 [0m1.704 ms - 0[0m
[0mOPTIONS /api/location/city/list [32m204 [0m0.433 ms - 0[0m
[0mGET /api/location/city/list [36m304 [0m17.946 ms - -[0m
[0mGET /api/order/notifications [36m304 [0m42.148 ms - -[0m
[0mOPTIONS /api/order/notifications [32m204 [0m1.783 ms - 0[0m
[0mOPTIONS /api/location/city/list [32m204 [0m0.395 ms - 0[0m
[0mGET /api/location/city/list [36m304 [0m20.967 ms - -[0m
[0mGET /api/order/notifications [36m304 [0m28.078 ms - -[0m
[0mOPTIONS /api/order/notifications [32m204 [0m2.938 ms - 0[0m
[0mOPTIONS /api/product/brand-list [32m204 [0m2.216 ms - 0[0m
[0mPOST /api/product/brand-list [32m200 [0m33.458 ms - 3979[0m
[0mGET /api/order/notifications [36m304 [0m29.178 ms - -[0m
[0mOPTIONS /api/order/notifications [32m204 [0m8.496 ms - 0[0m
[0mOPTIONS /api/product/brand-list [32m204 [0m8.150 ms - 0[0m
[0mPOST /api/product/brand-list [32m200 [0m28.994 ms - 3979[0m
[0mGET /api/order/notifications [36m304 [0m43.236 ms - -[0m
[0mOPTIONS /api/order/notifications [32m204 [0m2.756 ms - 0[0m
[0mOPTIONS /api/product/brand-list [32m204 [0m0.918 ms - 0[0m
[0mPOST /api/product/brand-list [32m200 [0m34.141 ms - 3979[0m
[0mGET /api/order/notifications [36m304 [0m40.928 ms - -[0m
[0mOPTIONS /api/order/notifications [32m204 [0m2.604 ms - 0[0m
[0mOPTIONS /api/product/brand-list [32m204 [0m0.878 ms - 0[0m
[0mGET /api/order/notifications [36m304 [0m62.497 ms - -[0m
[0mPOST /api/product/brand-list [32m200 [0m59.033 ms - 3979[0m
[0mOPTIONS /api/order/notifications [32m204 [0m10.939 ms - 0[0m
[0mOPTIONS /api/product/brand-list [32m204 [0m4.844 ms - 0[0m
[0mPOST /api/product/brand-list [32m200 [0m92.606 ms - 3979[0m
[0mGET /api/order/notifications [32m200 [0m75.268 ms - 36[0m
[0mOPTIONS /api/order/notifications [32m204 [0m1.558 ms - 0[0m
[0mOPTIONS /api/product/brand-list [32m204 [0m0.414 ms - 0[0m
[0mPOST /api/product/brand-list [32m200 [0m55.321 ms - 3979[0m
[0mGET /api/order/notifications [36m304 [0m50.367 ms - -[0m
[0mOPTIONS /api/order/notifications [32m204 [0m4.409 ms - 0[0m
[0mOPTIONS /api/product/brand-list [32m204 [0m1.322 ms - 0[0m
[0mPOST /api/product/brand-list [32m200 [0m54.030 ms - 3979[0m
[0mGET /api/order/notifications [36m304 [0m50.844 ms - -[0m
[0mOPTIONS /api/order/notifications [32m204 [0m1.485 ms - 0[0m
[0mOPTIONS /api/product/brand-list [32m204 [0m0.397 ms - 0[0m
[0mPOST /api/product/brand-list [32m200 [0m39.019 ms - 3979[0m
[0mGET /api/order/notifications [36m304 [0m36.440 ms - -[0m
[0mOPTIONS /api/order/notifications [32m204 [0m3.031 ms - 0[0m
[0mOPTIONS /api/product/brand-list [32m204 [0m1.272 ms - 0[0m
[0mPOST /api/product/brand-list [32m200 [0m61.507 ms - 3979[0m
[0mGET /api/order/notifications [36m304 [0m53.500 ms - -[0m
[0mPOST /api/product/brand-list [32m200 [0m33.215 ms - 3979[0m
[0mGET /api/order/notifications [36m304 [0m49.049 ms - -[0m
[0mOPTIONS /api/product/brand-list [32m204 [0m2.007 ms - 0[0m
[0mPOST /api/product/brand-list [32m200 [0m43.145 ms - 466[0m
[0mOPTIONS /api/order/notifications [32m204 [0m9.207 ms - 0[0m
[0mOPTIONS /api/product/brand-list [32m204 [0m0.396 ms - 0[0m
[0mPOST /api/product/brand-list [32m200 [0m94.578 ms - 3979[0m
[0mGET /api/order/notifications [32m200 [0m81.784 ms - 36[0m
[0mOPTIONS /api/order/notifications [32m204 [0m1.765 ms - 0[0m
[0mOPTIONS /api/product/brand-list [32m204 [0m2.888 ms - 0[0m
[0mPOST /api/product/brand-list [32m200 [0m27.740 ms - 3979[0m
[0mGET /api/order/notifications [36m304 [0m29.370 ms - -[0m
[0mOPTIONS /api/auth/rootLogin [32m204 [0m2.208 ms - 0[0m
[0mPOST /api/auth/rootLogin [32m200 [0m327.922 ms - 211[0m
[0mOPTIONS /api/order/notifications [32m204 [0m1.507 ms - 0[0m
[0mOPTIONS /api/order/list [32m204 [0m1.473 ms - 0[0m
[0mOPTIONS /api/order/count [32m204 [0m1.227 ms - 0[0m
[0mGET /api/order/count [36m304 [0m19.190 ms - -[0m
[0mGET /api/order/notifications [36m304 [0m39.839 ms - -[0m
[0mGET /api/order/list [36m304 [0m143.650 ms - -[0m
[0mOPTIONS /api/product/brand-list [32m204 [0m4.828 ms - 0[0m
[0mPOST /api/product/brand-list [32m200 [0m17.454 ms - 3979[0m
[0mGET /api/order/notifications [36m304 [0m37.852 ms - -[0m
[0mOPTIONS /api/order/notifications [32m204 [0m2.010 ms - 0[0m
[0mOPTIONS /api/product/brand-list [32m204 [0m0.875 ms - 0[0m
[0mPOST /api/product/brand-list [32m200 [0m27.420 ms - 3979[0m
[0mGET /api/order/notifications [36m304 [0m30.234 ms - -[0m
[0mOPTIONS /api/order/notifications [32m204 [0m4.935 ms - 0[0m
[0mOPTIONS /api/product/brand-list [32m204 [0m1.841 ms - 0[0m
[0mPOST /api/product/brand-list [32m200 [0m35.098 ms - 3979[0m
[0mGET /api/order/notifications [36m304 [0m29.802 ms - -[0m
[0mOPTIONS /api/order/notifications [32m204 [0m9.205 ms - 0[0m
[0mOPTIONS /api/product/brand-list [32m204 [0m2.033 ms - 0[0m
[0mPOST /api/product/brand-list [32m200 [0m50.100 ms - 3979[0m
[0mGET /api/order/notifications [36m304 [0m47.653 ms - -[0m
[0mOPTIONS /api/order/notifications [32m204 [0m3.879 ms - 0[0m
[0mOPTIONS /api/product/brand-list [32m204 [0m1.971 ms - 0[0m
[0mPOST /api/product/brand-list [32m200 [0m40.096 ms - 3979[0m
[0mGET /api/order/notifications [36m304 [0m43.460 ms - -[0m
[0mOPTIONS /api/order/notifications [32m204 [0m3.205 ms - 0[0m
[0mOPTIONS /api/product/brand-list [32m204 [0m2.015 ms - 0[0m
[0mPOST /api/product/brand-list [32m200 [0m27.430 ms - 3979[0m
[0mGET /api/order/notifications [36m304 [0m41.152 ms - -[0m
[0mOPTIONS /api/order/notifications [32m204 [0m2.822 ms - 0[0m
[0mOPTIONS /api/product/brand-list [32m204 [0m1.683 ms - 0[0m
[0mPOST /api/product/brand-list [32m200 [0m43.045 ms - 3979[0m
[0mGET /api/order/notifications [36m304 [0m36.199 ms - -[0m
[0mOPTIONS /api/auth/rootLogin [32m204 [0m17.747 ms - 0[0m
[0mPOST /api/auth/rootLogin [32m200 [0m337.150 ms - 211[0m
[0mOPTIONS /api/order/notifications [32m204 [0m2.307 ms - 0[0m
[0mOPTIONS /api/order/list [32m204 [0m1.621 ms - 0[0m
[0mOPTIONS /api/order/count [32m204 [0m1.320 ms - 0[0m
[0mGET /api/order/count [36m304 [0m34.732 ms - -[0m
[0mGET /api/order/notifications [36m304 [0m78.892 ms - -[0m
[0mGET /api/order/list [36m304 [0m199.963 ms - -[0m
[0mOPTIONS /api/seller/all-product-list?limit=20&page=1 [32m204 [0m2.989 ms - 0[0m
[0mGET /api/order/notifications [36m304 [0m63.027 ms - -[0m
[0mGET /api/seller/all-product-list?limit=20&page=1 [36m304 [0m89.410 ms - -[0m
[0mOPTIONS /api/seller/all-product-list?limit=20&page=1 [32m204 [0m0.980 ms - 0[0m
[0mGET /api/seller/all-product-list?limit=20&page=1 [36m304 [0m129.764 ms - -[0m
[0mOPTIONS /api/seller/all-product-list?limit=20&page=1 [32m204 [0m4.842 ms - 0[0m
[0mGET /api/seller/all-product-list?limit=20&page=1 [36m304 [0m120.832 ms - -[0m
[0mOPTIONS /api/order/notifications [32m204 [0m2.260 ms - 0[0m
[0mOPTIONS /api/seller/all-product-list?limit=20&page=1 [32m204 [0m0.477 ms - 0[0m
[0mGET /api/order/notifications [36m304 [0m70.742 ms - -[0m
[0mGET /api/seller/all-product-list?limit=20&page=1 [36m304 [0m111.998 ms - -[0m
[0mOPTIONS /api/seller/all-product-list?limit=20&page=1 [32m204 [0m12.149 ms - 0[0m
[0mGET /api/seller/all-product-list?limit=20&page=1 [36m304 [0m400.254 ms - -[0m
[0mOPTIONS /api/order/notifications [32m204 [0m0.796 ms - 0[0m
[0mGET /api/order/notifications [36m304 [0m33.769 ms - -[0m
[0mGET /api/seller/all-product-list?limit=20&page=1 [36m304 [0m74.006 ms - -[0m
[0mOPTIONS /api/order/notifications [32m204 [0m1.296 ms - 0[0m
[0mGET /api/order/notifications [36m304 [0m33.220 ms - -[0m
[0mOPTIONS /api/seller/all-product-list?limit=20&page=1 [32m204 [0m2.364 ms - 0[0m
[0mGET /api/seller/all-product-list?limit=20&page=1 [36m304 [0m98.344 ms - -[0m
[0mOPTIONS /api/order/notifications [32m204 [0m1.840 ms - 0[0m
[0mGET /api/order/notifications [36m304 [0m55.764 ms - -[0m
[0mOPTIONS /api/seller/all-product-list?limit=20&page=1 [32m204 [0m0.425 ms - 0[0m
[0mGET /api/seller/all-product-list?limit=20&page=1 [36m304 [0m80.889 ms - -[0m
[0mOPTIONS /api/order/notifications [32m204 [0m1.190 ms - 0[0m
[0mGET /api/order/notifications [36m304 [0m27.919 ms - -[0m
[0mOPTIONS /api/seller/all-product-list?limit=20&page=1 [32m204 [0m2.993 ms - 0[0m
[0mGET /api/seller/all-product-list?limit=20&page=1 [36m304 [0m72.850 ms - -[0m
[0mOPTIONS /api/order/notifications [32m204 [0m1.547 ms - 0[0m
[0mOPTIONS /api/seller/all-product-list?limit=20&page=1 [32m204 [0m0.489 ms - 0[0m
[0mGET /api/order/notifications [36m304 [0m75.396 ms - -[0m
[0mGET /api/seller/all-product-list?limit=20&page=1 [36m304 [0m122.779 ms - -[0m
[0mOPTIONS /api/vendor/list [32m204 [0m0.413 ms - 0[0m
[0mGET /api/order/notifications [36m304 [0m28.055 ms - -[0m
[0mGET /api/vendor/list [36m304 [0m30.793 ms - -[0m
[0mOPTIONS /api/vendor/product/getAllProductById [32m204 [0m2.079 ms - 0[0m
[0mPOST /api/vendor/product/getAllProductById [32m200 [0m48.740 ms - 12231[0m
[0mOPTIONS /api/order/notifications [32m204 [0m6.077 ms - 0[0m
[0mGET /api/order/notifications [36m304 [0m40.627 ms - -[0m
[0mOPTIONS /api/order/notifications [32m204 [0m1.526 ms - 0[0m
[0mGET /api/order/notifications [36m304 [0m29.417 ms - -[0m
[0mOPTIONS /api/vendor/product/getAllProductById [32m204 [0m0.943 ms - 0[0m
[0mPOST /api/vendor/product/getAllProductById [32m200 [0m31.086 ms - 12231[0m
[0mOPTIONS /api/order/notifications [32m204 [0m1.002 ms - 0[0m
[0mOPTIONS /api/seller/all-product-list?limit=20&page=1 [32m204 [0m0.430 ms - 0[0m
[0mGET /api/order/notifications [36m304 [0m29.904 ms - -[0m
[0mGET /api/seller/all-product-list?limit=20&page=1 [36m304 [0m76.040 ms - -[0m
[0mOPTIONS /api/order/notifications [32m204 [0m1.467 ms - 0[0m
[0mGET /api/order/notifications [36m304 [0m39.593 ms - -[0m
[0mOPTIONS /api/order/notifications [32m204 [0m1.364 ms - 0[0m
[0mGET /api/order/notifications [36m304 [0m38.166 ms - -[0m
[0mOPTIONS /api/order/notifications [32m204 [0m4.872 ms - 0[0m
[0mGET /api/order/notifications [32m200 [0m81.592 ms - 36[0m
[0mOPTIONS /api/seller/all-product-list?limit=20&page=1 [32m204 [0m0.890 ms - 0[0m
[0mGET /api/seller/all-product-list?limit=20&page=1 [36m304 [0m100.805 ms - -[0m
[0mOPTIONS /api/order/notifications [32m204 [0m1.279 ms - 0[0m
[0mGET /api/order/notifications [36m304 [0m44.552 ms - -[0m
[0mOPTIONS /api/seller/all-product-list?limit=20&page=1 [32m204 [0m1.965 ms - 0[0m
[0mGET /api/seller/all-product-list?limit=20&page=1 [36m304 [0m101.714 ms - -[0m
[0mOPTIONS /api/order/notifications [32m204 [0m1.506 ms - 0[0m
[0mOPTIONS /api/seller/all-product-list?limit=20&page=1 [32m204 [0m0.369 ms - 0[0m
[0mGET /api/order/notifications [36m304 [0m69.822 ms - -[0m
[0mGET /api/seller/all-product-list?limit=20&page=1 [36m304 [0m110.657 ms - -[0m
[0mOPTIONS /api/order/notifications [32m204 [0m0.408 ms - 0[0m
[0mOPTIONS /api/seller/all-product-list?limit=20&page=1 [32m204 [0m0.479 ms - 0[0m
[0mGET /api/order/notifications [36m304 [0m25.099 ms - -[0m
[0mGET /api/seller/all-product-list?limit=20&page=1 [36m304 [0m67.935 ms - -[0m
[0mOPTIONS /api/seller/all-product-list?limit=20&page=1 [32m204 [0m1.181 ms - 0[0m
[0mGET /api/seller/all-product-list?limit=20&page=1 [36m304 [0m84.338 ms - -[0m
[0mOPTIONS /api/order/notifications [32m204 [0m0.416 ms - 0[0m
[0mGET /api/order/notifications [36m304 [0m22.460 ms - -[0m
[0mOPTIONS /api/order/notifications [32m204 [0m2.176 ms - 0[0m
[0mGET /api/order/notifications [36m304 [0m61.280 ms - -[0m
[0mOPTIONS /api/seller/all-product-list?limit=20&page=1 [32m204 [0m1.460 ms - 0[0m
[0mOPTIONS /api/order/notifications [32m204 [0m0.607 ms - 0[0m
[0mOPTIONS /api/product/color/list [32m204 [0m0.475 ms - 0[0m
[0mGET /api/order/notifications [36m304 [0m32.900 ms - -[0m
[0mPOST /api/product/color/list [32m200 [0m35.304 ms - 2933[0m
[0mOPTIONS /api/product/brand-list [32m204 [0m0.469 ms - 0[0m
[0mGET /api/order/notifications [36m304 [0m29.763 ms - -[0m
[0mPOST /api/product/brand-list [32m200 [0m50.051 ms - 3979[0m
[0mOPTIONS /api/order/notifications [32m204 [0m8.883 ms - 0[0m
[0mOPTIONS /api/product/brand-list [32m204 [0m4.536 ms - 0[0m
[0mPOST /api/product/brand-list [32m200 [0m83.358 ms - 3979[0m
[0mGET /api/order/notifications [36m304 [0m59.722 ms - -[0m
[0mOPTIONS /api/order/notifications [32m204 [0m2.620 ms - 0[0m
[0mOPTIONS /api/product/brand-list [32m204 [0m4.187 ms - 0[0m
[0mPOST /api/product/brand-list [32m200 [0m44.675 ms - 3979[0m
[0mGET /api/order/notifications [36m304 [0m63.230 ms - -[0m
[0mOPTIONS /api/order/notifications [32m204 [0m7.211 ms - 0[0m
[0mOPTIONS /api/product/brand-list [32m204 [0m5.083 ms - 0[0m
[0mPOST /api/product/brand-list [32m200 [0m64.777 ms - 3979[0m
[0mGET /api/order/notifications [36m304 [0m77.460 ms - -[0m
[0mOPTIONS /api/seller/brand/product/price [32m204 [0m4.024 ms - 0[0m
[0mOPTIONS /api/seller/brand/product/price [32m204 [0m8.464 ms - 0[0m
[0mPUT /api/seller/brand/product/price [32m200 [0m32.449 ms - 49[0m
[0mOPTIONS /api/product/brand-list [32m204 [0m3.461 ms - 0[0m
[0mPOST /api/product/brand-list [32m200 [0m35.415 ms - 466[0m
[0mOPTIONS /api/seller/brand/product/price [32m204 [0m1.251 ms - 0[0m
[0mPUT /api/seller/brand/product/price [32m200 [0m40.764 ms - 22487[0m
[0mOPTIONS /api/seller/brand/product/price [32m204 [0m6.013 ms - 0[0m
[0mOPTIONS /api/seller/brand/product/price [32m204 [0m19.432 ms - 0[0m
[0mPUT /api/seller/brand/product/price [32m200 [0m40.991 ms - 22487[0m
[0mOPTIONS /api/seller/brand/product/price [32m204 [0m16.692 ms - 0[0m
[0mPUT /api/seller/brand/product/price [32m200 [0m49.851 ms - 22487[0m
[0mOPTIONS /api/order/notifications [32m204 [0m7.165 ms - 0[0m
[0mOPTIONS /api/product/brand-list [32m204 [0m8.830 ms - 0[0m
[0mPOST /api/product/brand-list [32m200 [0m37.657 ms - 3979[0m
[0mGET /api/order/notifications [36m304 [0m47.875 ms - -[0m
[0mOPTIONS /api/order/notifications [32m204 [0m3.025 ms - 0[0m
[0mOPTIONS /api/seller/all-product-list?limit=20&page=1 [32m204 [0m2.603 ms - 0[0m
[0mGET /api/order/notifications [36m304 [0m44.025 ms - -[0m
[0mGET /api/seller/all-product-list?limit=20&page=1 [36m304 [0m66.375 ms - -[0m
[0mOPTIONS /api/order/notifications [32m204 [0m13.620 ms - 0[0m
[0mOPTIONS /api/product/color/list [32m204 [0m7.977 ms - 0[0m
[0mPOST /api/product/color/list [32m200 [0m42.766 ms - 2933[0m
[0mOPTIONS /api/seller/all-product-list?limit=20&page=1 [32m204 [0m2.005 ms - 0[0m
[0mGET /api/seller/all-product-list?limit=20&page=1 [36m304 [0m93.985 ms - -[0m
[0mOPTIONS /api/seller/all-product-list?limit=20&page=1 [32m204 [0m1.412 ms - 0[0m
[0mGET /api/seller/all-product-list?limit=20&page=1 [36m304 [0m91.545 ms - -[0m
[0mOPTIONS /api/product/color/list [32m204 [0m6.731 ms - 0[0m
[0mPOST /api/product/color/list [32m200 [0m34.222 ms - 44[0m
[0mOPTIONS /api/product/color/list [32m204 [0m2.555 ms - 0[0m
[0mPOST /api/product/color/list [32m200 [0m20.442 ms - 44[0m
[0mPOST /api/product/color/list [32m200 [0m11.835 ms - 44[0m
[0mPOST /api/product/color/list [32m200 [0m15.303 ms - 44[0m
[0mPOST /api/product/color/list [32m200 [0m20.693 ms - 44[0m
[0mPOST /api/product/color/list [32m200 [0m14.794 ms - 44[0m
[0mPOST /api/product/color/list [32m200 [0m12.045 ms - 44[0m
[0mPOST /api/product/color/list [32m200 [0m16.997 ms - 44[0m
[0mOPTIONS /api/order/notifications [32m204 [0m2.872 ms - 0[0m
[0mOPTIONS /api/seller/all-product-list?limit=20&page=1 [32m204 [0m1.043 ms - 0[0m
[0mOPTIONS /api/order/notifications [32m204 [0m0.890 ms - 0[0m
[0mOPTIONS /api/product/brand-list [32m204 [0m0.450 ms - 0[0m
[0mPOST /api/product/brand-list [32m200 [0m79.168 ms - 3979[0m
[0mGET /api/order/notifications [36m304 [0m88.589 ms - -[0m
[0mOPTIONS /api/product/brand-list [32m204 [0m1.962 ms - 0[0m
[0mPOST /api/product/brand-list [32m200 [0m17.056 ms - 44[0m
[0mOPTIONS /api/product/brand-list [32m204 [0m3.037 ms - 0[0m
[0mPOST /api/product/brand-list [32m200 [0m22.549 ms - 252[0m
[0mOPTIONS /api/seller/brand/product/price [32m204 [0m2.195 ms - 0[0m
[0mOPTIONS /api/seller/brand/product/price [32m204 [0m15.780 ms - 0[0m
[0mOPTIONS /api/seller/brand/product/price [32m204 [0m18.634 ms - 0[0m
[0mPUT /api/seller/brand/product/price [31m500 [0m40.230 ms - 73[0m
[0mOPTIONS /api/seller/brand/product/price [32m204 [0m10.207 ms - 0[0m
[0mPUT /api/seller/brand/product/price [31m500 [0m37.544 ms - 73[0m
[0mOPTIONS /api/seller/brand/product/price [32m204 [0m15.770 ms - 0[0m
[0mPUT /api/seller/brand/product/price [31m500 [0m36.586 ms - 73[0m
[0mOPTIONS /api/seller/brand/product/price [32m204 [0m16.982 ms - 0[0m
[0mOPTIONS /api/order/notifications [32m204 [0m10.149 ms - 0[0m
[0mOPTIONS /api/product/brand-list [32m204 [0m6.652 ms - 0[0m
[0mPOST /api/product/brand-list [32m200 [0m65.246 ms - 3979[0m
[0mGET /api/order/notifications [36m304 [0m56.550 ms - -[0m
[0mOPTIONS /api/product/brand-list [32m204 [0m1.645 ms - 0[0m
[0mPOST /api/product/brand-list [32m200 [0m31.828 ms - 455[0m
[0mOPTIONS /api/seller/brand/product/price [32m204 [0m3.153 ms - 0[0m
[0mOPTIONS /api/seller/brand/product/price [32m204 [0m5.072 ms - 0[0m
[0mOPTIONS /api/auth/rootLogin [32m204 [0m18.203 ms - 0[0m
[0mPOST /api/auth/rootLogin [32m200 [0m361.818 ms - 211[0m
[0mOPTIONS /api/order/notifications [32m204 [0m1.261 ms - 0[0m
[0mOPTIONS /api/order/list [32m204 [0m0.668 ms - 0[0m
[0mOPTIONS /api/order/count [32m204 [0m0.684 ms - 0[0m
[0mGET /api/order/count [36m304 [0m47.411 ms - -[0m
[0mGET /api/order/notifications [36m304 [0m76.655 ms - -[0m
[0mGET /api/order/list [36m304 [0m296.456 ms - -[0m
[0mOPTIONS /api/order/notifications [32m204 [0m1.577 ms - 0[0m
[0mOPTIONS /api/product/brand-list [32m204 [0m0.671 ms - 0[0m
[0mPOST /api/product/brand-list [32m200 [0m33.861 ms - 3979[0m
[0mGET /api/order/notifications [36m304 [0m31.830 ms - -[0m
[0mOPTIONS /api/product/brand-list [32m204 [0m1.003 ms - 0[0m
[0mPOST /api/product/brand-list [32m200 [0m26.925 ms - 252[0m
[0mOPTIONS /api/seller/brand/product/price [32m204 [0m1.438 ms - 0[0m
[0mPUT /api/seller/brand/product/price [31m500 [0m43.738 ms - 35[0m
[0mOPTIONS /api/seller/brand/product/price [32m204 [0m16.293 ms - 0[0m
[0mPUT /api/seller/brand/product/price [31m500 [0m52.903 ms - 35[0m
[0mOPTIONS /api/seller/brand/product/price [32m204 [0m12.243 ms - 0[0m
[0mOPTIONS /api/seller/brand/product/price [32m204 [0m12.281 ms - 0[0m
[0mOPTIONS /api/seller/brand/product/price [32m204 [0m12.339 ms - 0[0m
[0mOPTIONS /api/seller/brand/product/price [32m204 [0m7.221 ms - 0[0m
[0mOPTIONS /api/seller/brand/product/price [32m204 [0m14.599 ms - 0[0m
[0mOPTIONS /api/seller/brand/product/price [32m204 [0m10.241 ms - 0[0m
[0mOPTIONS /api/seller/brand/product/price [32m204 [0m11.721 ms - 0[0m
[0mOPTIONS /api/seller/brand/product/price [32m204 [0m4.386 ms - 0[0m
[0mOPTIONS /api/order/notifications [32m204 [0m5.000 ms - 0[0m
[0mOPTIONS /api/product/brand-list [32m204 [0m1.886 ms - 0[0m
[0mPOST /api/product/brand-list [32m200 [0m43.537 ms - 3979[0m
[0mGET /api/order/notifications [36m304 [0m60.338 ms - -[0m
[0mOPTIONS /api/product/brand-list [32m204 [0m1.775 ms - 0[0m
[0mPOST /api/product/brand-list [32m200 [0m36.624 ms - 252[0m
[0mOPTIONS /api/seller/brand/product/price [32m204 [0m1.961 ms - 0[0m
[0mOPTIONS /api/seller/brand/product/price [32m204 [0m10.044 ms - 0[0m
[0mOPTIONS /api/seller/brand/product/price [32m204 [0m10.037 ms - 0[0m
[0mOPTIONS /api/seller/brand/product/price [32m204 [0m11.522 ms - 0[0m
[0mOPTIONS /api/seller/brand/product/price [32m204 [0m9.753 ms - 0[0m
[0mOPTIONS /api/seller/brand/product/price [32m204 [0m12.367 ms - 0[0m
[0mOPTIONS /api/seller/brand/product/price [32m204 [0m11.161 ms - 0[0m
[0mOPTIONS /api/seller/brand/product/price [32m204 [0m10.790 ms - 0[0m
[0mOPTIONS /api/seller/brand/product/price [32m204 [0m10.158 ms - 0[0m
[0mOPTIONS /api/seller/brand/product/price [32m204 [0m9.736 ms - 0[0m
[0mOPTIONS /api/seller/brand/product/price [32m204 [0m10.408 ms - 0[0m
[0mOPTIONS /api/seller/brand/product/price [32m204 [0m17.010 ms - 0[0m
[0mOPTIONS /api/seller/brand/product/price [32m204 [0m14.163 ms - 0[0m
[0mOPTIONS /api/seller/brand/product/price [32m204 [0m4.178 ms - 0[0m
[0mOPTIONS /api/seller/brand/product/price [32m204 [0m12.936 ms - 0[0m
[0mOPTIONS /api/seller/brand/product/price [32m204 [0m8.459 ms - 0[0m
[0mOPTIONS /api/seller/brand/product/price [32m204 [0m13.688 ms - 0[0m
[0mOPTIONS /api/seller/brand/product/price [32m204 [0m12.378 ms - 0[0m
[0mOPTIONS /api/seller/brand/product/price [32m204 [0m11.315 ms - 0[0m
[0mOPTIONS /api/seller/brand/product/price [32m204 [0m11.753 ms - 0[0m
[0mOPTIONS /api/seller/brand/product/price [32m204 [0m12.678 ms - 0[0m
[0mPUT /api/seller/brand/product/price [31m500 [0m60.520 ms - 35[0m
[0mOPTIONS /api/seller/brand/product/price [32m204 [0m3.599 ms - 0[0m
[0mPUT /api/seller/brand/product/price [31m500 [0m44.569 ms - 35[0m
[0mOPTIONS /api/seller/brand/product/price [32m204 [0m10.139 ms - 0[0m
[0mOPTIONS /api/seller/brand/product/price [32m204 [0m13.429 ms - 0[0m
[0mOPTIONS /api/seller/brand/product/price [32m204 [0m14.561 ms - 0[0m
[0mOPTIONS /api/seller/brand/product/price [32m204 [0m8.513 ms - 0[0m
[0mPUT /api/seller/brand/product/price [31m500 [0m50.194 ms - 35[0m
[0mOPTIONS /api/seller/brand/product/price [32m204 [0m8.908 ms - 0[0m
[0mPUT /api/seller/brand/product/price [31m500 [0m57.290 ms - 35[0m
[0mOPTIONS /api/seller/brand/product/price [32m204 [0m10.950 ms - 0[0m
[0mPUT /api/seller/brand/product/price [31m500 [0m54.911 ms - 35[0m
[0mOPTIONS /api/seller/brand/product/price [32m204 [0m22.706 ms - 0[0m
[0mPUT /api/seller/brand/product/price [31m500 [0m76.571 ms - 35[0m
[0mOPTIONS /api/seller/brand/product/price [32m204 [0m11.138 ms - 0[0m
[0mPUT /api/seller/brand/product/price [31m500 [0m74.367 ms - 35[0m
[0mOPTIONS /api/order/notifications [32m204 [0m27.813 ms - 0[0m
[0mOPTIONS /api/order/list [32m204 [0m4.606 ms - 0[0m
[0mOPTIONS /api/order/count [32m204 [0m3.246 ms - 0[0m
[0mOPTIONS /api/order/notifications [32m204 [0m3.552 ms - 0[0m
[0mOPTIONS /api/product/brand-list [32m204 [0m2.949 ms - 0[0m
[0mPOST /api/product/brand-list [32m200 [0m45.867 ms - 3979[0m
[0mGET /api/order/notifications [36m304 [0m68.746 ms - -[0m
[0mOPTIONS /api/product/brand-list [32m204 [0m1.321 ms - 0[0m
[0mPOST /api/product/brand-list [32m200 [0m28.620 ms - 44[0m
[0mOPTIONS /api/order/notifications [32m204 [0m1.635 ms - 0[0m
[0mOPTIONS /api/product/brand-list [32m204 [0m1.247 ms - 0[0m
[0mPOST /api/product/brand-list [32m200 [0m32.385 ms - 3979[0m
[0mGET /api/order/notifications [36m304 [0m37.446 ms - -[0m
[0mOPTIONS /api/product/brand-list [32m204 [0m0.885 ms - 0[0m
[0mPOST /api/product/brand-list [32m200 [0m25.379 ms - 252[0m
[0mOPTIONS /api/seller/brand/product/price [32m204 [0m1.086 ms - 0[0m
[0mPUT /api/seller/brand/product/price [31m500 [0m62.346 ms - 35[0m
[0mOPTIONS /api/seller/brand/product/price [32m204 [0m10.371 ms - 0[0m
[0mPUT /api/seller/brand/product/price [31m500 [0m65.296 ms - 35[0m
[0mOPTIONS /api/seller/brand/product/price [32m204 [0m13.577 ms - 0[0m
[0mPUT /api/seller/brand/product/price [32m200 [0m62.636 ms - 49[0m
[0mOPTIONS /api/order/notifications [32m204 [0m13.072 ms - 0[0m
[0mOPTIONS /api/order/list [32m204 [0m4.681 ms - 0[0m
[0mOPTIONS /api/order/count [32m204 [0m4.269 ms - 0[0m
[0mGET /api/order/count [36m304 [0m29.768 ms - -[0m
[0mGET /api/order/notifications [36m304 [0m67.744 ms - -[0m
[0mGET /api/order/list [36m304 [0m191.677 ms - -[0m
[0mOPTIONS /api/order/notifications [32m204 [0m1.982 ms - 0[0m
[0mOPTIONS /api/seller/all-product-list?limit=20&page=1 [32m204 [0m0.748 ms - 0[0m
[0mGET /api/order/notifications [36m304 [0m48.318 ms - -[0m
[0mGET /api/seller/all-product-list?limit=20&page=1 [32m200 [0m75.786 ms - 9630[0m
[0mOPTIONS /api/seller/all-product-list?limit=20&page=1&searchString=Darshan+Black+Stone+Incense+Sticks [32m204 [0m3.807 ms - 0[0m
[0mGET /api/seller/all-product-list?limit=20&page=1&searchString=Darshan+Black+Stone+Incense+Sticks [32m200 [0m79.050 ms - 1003[0m
[0mOPTIONS /api/seller/brand/product/price [32m204 [0m1.037 ms - 0[0m
[0mPUT /api/seller/brand/product/price [32m200 [0m49.646 ms - 49[0m
[0mOPTIONS /api/seller/all-product-list?limit=20&page=1 [32m204 [0m1.463 ms - 0[0m
[0mGET /api/seller/all-product-list?limit=20&page=1 [32m200 [0m77.584 ms - 9638[0m
[0mOPTIONS /api/seller/all-product-list?limit=20&page=1&searchString=Darshan+Black+Stone+Incense+Sticks [32m204 [0m0.923 ms - 0[0m
[0mGET /api/seller/all-product-list?limit=20&page=1&searchString=Darshan+Black+Stone+Incense+Sticks [32m200 [0m71.707 ms - 1006[0m
[0mOPTIONS /api/order/notifications [32m204 [0m2.479 ms - 0[0m
[0mOPTIONS /api/product/brand-list [32m204 [0m1.457 ms - 0[0m
[0mPOST /api/product/brand-list [32m200 [0m32.916 ms - 3979[0m
[0mGET /api/order/notifications [36m304 [0m56.884 ms - -[0m
[0mGET /api/order/notifications [36m304 [0m18.017 ms - -[0m
[0mOPTIONS /api/seller/all-product-list?limit=20&page=1 [32m204 [0m0.925 ms - 0[0m
[0mGET /api/seller/all-product-list?limit=20&page=1 [36m304 [0m104.175 ms - -[0m
[0mOPTIONS /api/product/brand-list [32m204 [0m2.112 ms - 0[0m
[0mPOST /api/product/brand-list [32m200 [0m54.827 ms - 234[0m
[0mOPTIONS /api/seller/brand/product/price [32m204 [0m1.421 ms - 0[0m
[0mPUT /api/seller/brand/product/price [32m200 [0m51.374 ms - 49[0m
[0mOPTIONS /api/order/notifications [32m204 [0m0.627 ms - 0[0m
[0mOPTIONS /api/product/brand-list [32m204 [0m0.383 ms - 0[0m
[0mPOST /api/product/brand-list [32m200 [0m12.984 ms - 3979[0m
[0mGET /api/order/notifications [36m304 [0m20.988 ms - -[0m
[0mOPTIONS /api/order/notifications [32m204 [0m2.079 ms - 0[0m
[0mOPTIONS /api/seller/all-product-list?limit=20&page=1 [32m204 [0m1.141 ms - 0[0m
[0mGET /api/order/notifications [36m304 [0m60.326 ms - -[0m
[0mGET /api/seller/all-product-list?limit=20&page=1 [32m200 [0m108.023 ms - 9615[0m
[0mOPTIONS /api/seller/all-product-list?limit=20&page=1 [32m204 [0m1.827 ms - 0[0m
[0mGET /api/seller/all-product-list?limit=20&page=1 [36m304 [0m81.956 ms - -[0m
[0mOPTIONS /api/seller/all-product-list?limit=20&page=1&searchString=midea [32m204 [0m0.934 ms - 0[0m
[0mGET /api/seller/all-product-list?limit=20&page=1&searchString=midea [36m304 [0m79.535 ms - -[0m
[0mOPTIONS /api/product/brand-list [32m204 [0m1.922 ms - 0[0m
[0mPOST /api/product/brand-list [32m200 [0m26.247 ms - 466[0m
[0mOPTIONS /api/seller/brand/product/price [32m204 [0m0.858 ms - 0[0m
[0mPUT /api/seller/brand/product/price [32m200 [0m45.296 ms - 49[0m
[0mOPTIONS /api/order/notifications [32m204 [0m0.852 ms - 0[0m
[0mOPTIONS /api/product/brand-list [32m204 [0m0.590 ms - 0[0m
[0mPOST /api/product/brand-list [32m200 [0m24.842 ms - 3979[0m
[0mGET /api/order/notifications [36m304 [0m31.890 ms - -[0m
[0mOPTIONS /api/order/notifications [32m204 [0m1.486 ms - 0[0m
[0mOPTIONS /api/order/list [32m204 [0m1.296 ms - 0[0m
[0mOPTIONS /api/order/count [32m204 [0m0.916 ms - 0[0m
[0mGET /api/order/count [36m304 [0m23.929 ms - -[0m
[0mGET /api/order/notifications [36m304 [0m41.105 ms - -[0m
[0mGET /api/order/list [36m304 [0m145.236 ms - -[0m
[0mGET /api/order/notifications [36m304 [0m32.443 ms - -[0m
[0mOPTIONS /api/order/notifications [32m204 [0m0.874 ms - 0[0m
[0mOPTIONS /api/seller/all-product-list?limit=20&page=1 [32m204 [0m0.615 ms - 0[0m
[0mGET /api/order/notifications [36m304 [0m32.342 ms - -[0m
[0mGET /api/seller/all-product-list?limit=20&page=1 [36m304 [0m66.244 ms - -[0m
[0mOPTIONS /api/seller/all-product-list?limit=20&page=1&searchString=Midea+water+dispenser+YL1732SW [32m204 [0m0.753 ms - 0[0m
[0mGET /api/seller/all-product-list?limit=20&page=1&searchString=Midea+water+dispenser+YL1732SW [32m200 [0m59.962 ms - 574[0m
[0mOPTIONS /api/order/notifications [32m204 [0m4.150 ms - 0[0m
[0mOPTIONS /api/product/brand-list [32m204 [0m0.382 ms - 0[0m
[0mPOST /api/product/brand-list [32m200 [0m36.803 ms - 3979[0m
[0mGET /api/order/notifications [36m304 [0m38.917 ms - -[0m
[0mGET /api/product/brand-list [33m404 [0m22.429 ms - 3157[0m
[0mPOST /api/product/brand-list [32m200 [0m37.018 ms - 3979[0m
[0mPOST /api/product/brand-list [31m500 [0m73.707 ms - 3182[0m
[0mOPTIONS /api/order/notifications [32m204 [0m11.458 ms - 0[0m
[0mOPTIONS /api/product/brand-list [32m204 [0m3.730 ms - 0[0m
[0mPOST /api/product/brand-list [32m200 [0m138.032 ms - 4359[0m
[0mGET /api/order/notifications [36m304 [0m229.371 ms - -[0m
[0mGET /api/order/notifications [36m304 [0m29.675 ms - -[0m
[0mGET /api/order/notifications [36m304 [0m42.847 ms - -[0m
[0mPOST /api/product/brand-list [32m200 [0m29.423 ms - 4359[0m
[0mOPTIONS /api/product/brand-list [32m204 [0m3.323 ms - 0[0m
[0mPOST /api/product/brand-list [32m200 [0m26.409 ms - 253[0m
[0mOPTIONS /api/seller/brand/product/price [32m204 [0m1.321 ms - 0[0m
[0mPUT /api/seller/brand/product/price [32m200 [0m56.215 ms - 49[0m
[0mOPTIONS /api/order/notifications [32m204 [0m0.928 ms - 0[0m
[0mOPTIONS /api/product/brand-list [32m204 [0m0.670 ms - 0[0m
[0mPOST /api/product/brand-list [32m200 [0m19.737 ms - 4359[0m
[0mGET /api/order/notifications [36m304 [0m28.537 ms - -[0m
[0mOPTIONS /api/product/brand-list [32m204 [0m0.848 ms - 0[0m
[0mPOST /api/product/brand-list [32m200 [0m14.191 ms - 253[0m
[0mOPTIONS /api/seller/brand/product/price [32m204 [0m10.650 ms - 0[0m
[0mPUT /api/seller/brand/product/price [32m200 [0m49.696 ms - 49[0m
[0mOPTIONS /api/auth/rootLogin [32m204 [0m1.787 ms - 0[0m
[0mPOST /api/auth/rootLogin [32m200 [0m320.597 ms - 211[0m
[0mOPTIONS /api/order/notifications [32m204 [0m1.959 ms - 0[0m
[0mOPTIONS /api/order/list [32m204 [0m1.532 ms - 0[0m
[0mOPTIONS /api/order/count [32m204 [0m1.372 ms - 0[0m
[0mGET /api/order/count [36m304 [0m24.514 ms - -[0m
[0mGET /api/order/notifications [36m304 [0m56.477 ms - -[0m
[0mGET /api/order/list [36m304 [0m198.994 ms - -[0m
[0mOPTIONS /api/product/brand-list [32m204 [0m1.641 ms - 0[0m
[0mPOST /api/product/brand-list [32m200 [0m19.606 ms - 4359[0m
[0mGET /api/order/notifications [36m304 [0m36.683 ms - -[0m
[0mOPTIONS /api/product/brand-list [32m204 [0m0.883 ms - 0[0m
[0mPOST /api/product/brand-list [32m200 [0m26.016 ms - 253[0m
[0mOPTIONS /api/seller/brand/product/price [32m204 [0m10.661 ms - 0[0m
[0mPUT /api/seller/brand/product/price [32m200 [0m51.654 ms - 49[0m
[0mOPTIONS /api/order/notifications [32m204 [0m1.580 ms - 0[0m
[0mOPTIONS /api/product/brand-list [32m204 [0m0.671 ms - 0[0m
[0mPOST /api/product/brand-list [32m200 [0m25.836 ms - 4359[0m
[0mGET /api/order/notifications [36m304 [0m45.070 ms - -[0m
[0mOPTIONS /api/product/brand-list [32m204 [0m10.360 ms - 0[0m
[0mPOST /api/product/brand-list [32m200 [0m25.916 ms - 253[0m
[0mOPTIONS /api/seller/brand/product/price [32m204 [0m2.236 ms - 0[0m
[0mPUT /api/seller/brand/product/price [32m200 [0m65.649 ms - 49[0m
[0mOPTIONS /api/order/notifications [32m204 [0m1.244 ms - 0[0m
[0mOPTIONS /api/product/brand-list [32m204 [0m0.678 ms - 0[0m
[0mPOST /api/product/brand-list [32m200 [0m23.406 ms - 4357[0m
[0mGET /api/order/notifications [36m304 [0m39.031 ms - -[0m
[0mOPTIONS /api/product/brand-list [32m204 [0m1.241 ms - 0[0m
[0mPOST /api/product/brand-list [32m200 [0m17.759 ms - 251[0m
[0mOPTIONS /api/order/notifications [32m204 [0m23.131 ms - 0[0m
[0mOPTIONS /api/order/notifications [32m204 [0m7.625 ms - 0[0m
[0mOPTIONS /api/product/brand-list [32m204 [0m2.921 ms - 0[0m
[0mPOST /api/product/brand-list [32m200 [0m28.596 ms - 4357[0m
[0mGET /api/order/notifications [36m304 [0m74.352 ms - -[0m
[0mGET /api/order/notifications [36m304 [0m26.788 ms - -[0m
[0mGET /api/order/notifications [36m304 [0m19.188 ms - -[0m
[0mOPTIONS /api/product/brand-list [32m204 [0m1.168 ms - 0[0m
[0mPOST /api/product/brand-list [32m200 [0m16.876 ms - 4346[0m
[0mPOST /api/product/brand-list [32m200 [0m26.421 ms - 4257[0m
[0mPOST /api/product/brand-list [32m200 [0m23.709 ms - 5916[0m
[0mOPTIONS /api/product/brand-list [32m204 [0m1.000 ms - 0[0m
[0mPOST /api/product/brand-list [32m200 [0m28.232 ms - 4311[0m
[0mPOST /api/product/brand-list [32m200 [0m25.942 ms - 4459[0m
[0mOPTIONS /api/product/brand-list [32m204 [0m0.947 ms - 0[0m
[0mPOST /api/product/brand-list [32m200 [0m13.050 ms - 4555[0m
[0mOPTIONS /api/product/brand-list [32m204 [0m1.073 ms - 0[0m
[0mPOST /api/product/brand-list [32m200 [0m19.221 ms - 251[0m
[0mOPTIONS /api/product/brand-list [32m204 [0m0.906 ms - 0[0m
[0mPOST /api/product/brand-list [32m200 [0m19.328 ms - 485[0m
[0mOPTIONS /api/seller/brand/product/price [32m204 [0m1.139 ms - 0[0m
[0mPUT /api/seller/brand/product/price [32m200 [0m63.703 ms - 49[0m
[0mOPTIONS /api/order/notifications [32m204 [0m1.354 ms - 0[0m
[0mOPTIONS /api/product/brand-list [32m204 [0m0.636 ms - 0[0m
[0mPOST /api/product/brand-list [32m200 [0m19.011 ms - 4357[0m
[0mGET /api/order/notifications [36m304 [0m40.285 ms - -[0m
[0mOPTIONS /api/product/brand-list [32m204 [0m0.943 ms - 0[0m
[0mPOST /api/product/brand-list [32m200 [0m11.290 ms - 483[0m
[0mOPTIONS /api/seller/all-product-list?limit=20&page=1 [32m204 [0m1.209 ms - 0[0m
[0mGET /api/seller/all-product-list?limit=20&page=1 [36m304 [0m131.190 ms - -[0m
[0mOPTIONS /api/seller/all-product-list?limit=20&page=1&searchString=midea [32m204 [0m0.894 ms - 0[0m
[0mGET /api/seller/all-product-list?limit=20&page=1&searchString=midea [32m200 [0m78.188 ms - 6622[0m
[0mOPTIONS /api/seller/admin/product/update [32m204 [0m0.893 ms - 0[0m
[0mPUT /api/seller/admin/product/update [32m200 [0m17.415 ms - 69[0m
[0mOPTIONS /api/seller/all-product-list?limit=20&page=1 [32m204 [0m0.952 ms - 0[0m
[0mGET /api/seller/all-product-list?limit=20&page=1 [36m304 [0m109.918 ms - -[0m
[0mOPTIONS /api/seller/all-product-list?limit=20&page=1&searchString=midea [32m204 [0m1.173 ms - 0[0m
[0mGET /api/seller/all-product-list?limit=20&page=1&searchString=midea [32m200 [0m74.714 ms - 6622[0m
