[0mOPTIONS /api/order/notifications [32m204 [0m11.738 ms - 0[0m
[0mOPTIONS /api/category/admin/main-list [32m204 [0m6.749 ms - 0[0m
[0mOPTIONS /api/category/list [32m204 [0m0.421 ms - 0[0m
[0mGET /api/category/list [36m304 [0m94.678 ms - -[0m
[0mGET /api/order/notifications [36m304 [0m134.656 ms - -[0m
[0mGET /api/category/admin/main-list [36m304 [0m113.694 ms - -[0m
[0mOPTIONS /api/order/notifications [32m204 [0m1.767 ms - 0[0m
[0mOPTIONS /api/category/admin/main-list [32m204 [0m1.281 ms - 0[0m
[0mOPTIONS /api/category/list [32m204 [0m0.588 ms - 0[0m
[0mGET /api/category/admin/main-list [36m304 [0m19.537 ms - -[0m
[0mGET /api/order/notifications [36m304 [0m75.957 ms - -[0m
[0mGET /api/category/list [36m304 [0m62.708 ms - -[0m
[0mOPTIONS /api/order/notifications [32m204 [0m1.785 ms - 0[0m
[0mOPTIONS /api/category/admin/main-list [32m204 [0m1.119 ms - 0[0m
[0mOPTIONS /api/category/list [32m204 [0m0.808 ms - 0[0m
[0mGET /api/category/list [36m304 [0m108.923 ms - -[0m
[0mGET /api/category/admin/main-list [36m304 [0m128.865 ms - -[0m
[0mGET /api/order/notifications [36m304 [0m137.529 ms - -[0m
[0mOPTIONS /api/order/notifications [32m204 [0m2.136 ms - 0[0m
[0mOPTIONS /api/category/admin/main-list [32m204 [0m0.779 ms - 0[0m
[0mOPTIONS /api/category/list [32m204 [0m0.518 ms - 0[0m
[0mGET /api/category/list [32m200 [0m107.122 ms - 111898[0m
[0mGET /api/category/admin/main-list [32m200 [0m110.643 ms - 13142[0m
[0mGET /api/order/notifications [32m200 [0m124.832 ms - 36[0m
[0mOPTIONS /api/order/notifications [32m204 [0m1.161 ms - 0[0m
[0mOPTIONS /api/category/admin/main-list [32m204 [0m0.868 ms - 0[0m
[0mOPTIONS /api/category/list [32m204 [0m0.567 ms - 0[0m
[0mGET /api/category/list [36m304 [0m71.518 ms - -[0m
[0mGET /api/order/notifications [36m304 [0m79.895 ms - -[0m
[0mGET /api/category/admin/main-list [36m304 [0m74.339 ms - -[0m
[0mOPTIONS /api/order/notifications [32m204 [0m2.881 ms - 0[0m
[0mOPTIONS /api/category/admin/main-list [32m204 [0m0.479 ms - 0[0m
[0mOPTIONS /api/category/list [32m204 [0m2.880 ms - 0[0m
[0mGET /api/category/list [36m304 [0m69.556 ms - -[0m
[0mGET /api/order/notifications [36m304 [0m90.430 ms - -[0m
[0mGET /api/category/admin/main-list [36m304 [0m87.379 ms - -[0m
[0mOPTIONS /api/order/notifications [32m204 [0m1.586 ms - 0[0m
[0mOPTIONS /api/category/admin/main-list [32m204 [0m0.685 ms - 0[0m
[0mOPTIONS /api/category/list [32m204 [0m0.391 ms - 0[0m
[0mGET /api/category/admin/main-list [36m304 [0m87.493 ms - -[0m
[0mGET /api/category/list [36m304 [0m94.000 ms - -[0m
[0mGET /api/order/notifications [36m304 [0m99.846 ms - -[0m
[0mOPTIONS /api/auth/seller/profile-details [32m204 [0m2.105 ms - 0[0m
[0mGET /api/auth/seller/profile-details [31m500 [0m23.981 ms - 17[0m
[0mOPTIONS /api/auth/seller/profile-details [32m204 [0m1.453 ms - 0[0m
[0mGET /api/auth/seller/profile-details [32m200 [0m18.528 ms - 161[0m
[0mOPTIONS /api/seller/dasbhoard/list [32m204 [0m1.215 ms - 0[0m
[0mGET /api/auth/seller/profile-details [36m304 [0m20.393 ms - -[0m
[0mGET /api/seller/dasbhoard/list [36m304 [0m31.325 ms - -[0m
[0mOPTIONS /api/auth/seller/profile-details [32m204 [0m0.426 ms - 0[0m
[0mOPTIONS /api/seller/product/list [32m204 [0m0.250 ms - 0[0m
[0mGET /api/auth/seller/profile-details [36m304 [0m10.501 ms - -[0m
[0mPOST /api/seller/product/list [32m200 [0m27.323 ms - 1058[0m
[0mOPTIONS /api/category/admin/main-list [32m204 [0m0.497 ms - 0[0m
[0mOPTIONS /api/seller/brand/list [32m204 [0m0.348 ms - 0[0m
[0mOPTIONS /api/product/color/list [32m204 [0m0.264 ms - 0[0m
[0mOPTIONS /api/seller/product/list-by-id [32m204 [0m0.286 ms - 0[0m
[0mGET /api/category/admin/main-list [36m304 [0m49.813 ms - -[0m
[0mGET /api/seller/brand/list [32m200 [0m58.202 ms - 66646[0m
[0mGET /api/product/color/list [32m200 [0m78.698 ms - 8726[0m
[0mPOST /api/seller/product/list-by-id [32m200 [0m102.768 ms - 153[0m
[0mOPTIONS /api/seller/product/update [32m204 [0m5.290 ms - 0[0m
[0mPUT /api/seller/product/update [32m200 [0m43.007 ms - 70[0m
[0mOPTIONS /api/seller/product/list [32m204 [0m0.445 ms - 0[0m
[0mPOST /api/seller/product/list [32m200 [0m20.874 ms - 1078[0m
[0mOPTIONS /api/category/admin/main-list [32m204 [0m0.445 ms - 0[0m
[0mOPTIONS /api/seller/brand/list [32m204 [0m1.852 ms - 0[0m
[0mOPTIONS /api/product/color/list [32m204 [0m1.667 ms - 0[0m
[0mOPTIONS /api/seller/product/list-by-id [32m204 [0m0.745 ms - 0[0m
[0mGET /api/category/admin/main-list [36m304 [0m37.907 ms - -[0m
[0mGET /api/product/color/list [36m304 [0m54.667 ms - -[0m
[0mGET /api/seller/brand/list [36m304 [0m44.451 ms - -[0m
[0mPOST /api/seller/product/list-by-id [32m200 [0m76.522 ms - 153[0m
[0mOPTIONS /api/auth/seller/profile-details [32m204 [0m1.931 ms - 0[0m
[0mOPTIONS /api/category/admin/main-list [32m204 [0m1.145 ms - 0[0m
[0mOPTIONS /api/seller/brand/list [32m204 [0m0.885 ms - 0[0m
[0mOPTIONS /api/product/color/list [32m204 [0m0.700 ms - 0[0m
[0mOPTIONS /api/seller/product/list-by-id [32m204 [0m0.595 ms - 0[0m
[0mGET /api/product/color/list [36m304 [0m130.900 ms - -[0m
[0mGET /api/auth/seller/profile-details [36m304 [0m133.566 ms - -[0m
[0mGET /api/seller/brand/list [36m304 [0m144.701 ms - -[0m
[0mGET /api/category/admin/main-list [36m304 [0m137.729 ms - -[0m
[0mPOST /api/seller/product/list-by-id [32m200 [0m132.825 ms - 153[0m
[0mOPTIONS /api/seller/product/list [32m204 [0m0.416 ms - 0[0m
[0mPOST /api/seller/product/list [32m200 [0m39.875 ms - 1078[0m
[0mOPTIONS /api/category/admin/main-list [32m204 [0m0.523 ms - 0[0m
[0mOPTIONS /api/seller/brand/list [32m204 [0m0.888 ms - 0[0m
[0mOPTIONS /api/product/color/list [32m204 [0m0.891 ms - 0[0m
[0mOPTIONS /api/seller/product/list-by-id [32m204 [0m0.737 ms - 0[0m
[0mGET /api/category/admin/main-list [36m304 [0m17.470 ms - -[0m
[0mGET /api/seller/brand/list [36m304 [0m42.991 ms - -[0m
[0mGET /api/product/color/list [36m304 [0m43.386 ms - -[0m
[0mPOST /api/seller/product/list-by-id [32m200 [0m92.383 ms - 153[0m
[0mOPTIONS /api/seller/product/update [32m204 [0m0.741 ms - 0[0m
[0mPUT /api/seller/product/update [32m200 [0m25.015 ms - 70[0m
[0mOPTIONS /api/seller/product/list [32m204 [0m0.545 ms - 0[0m
[0mPOST /api/seller/product/list [32m200 [0m25.284 ms - 1070[0m
[0mOPTIONS /api/category/admin/main-list [32m204 [0m0.442 ms - 0[0m
[0mOPTIONS /api/seller/brand/list [32m204 [0m0.403 ms - 0[0m
[0mGET /api/category/admin/main-list [36m304 [0m11.379 ms - -[0m
[0mOPTIONS /api/product/color/list [32m204 [0m0.697 ms - 0[0m
[0mOPTIONS /api/seller/product/list-by-id [32m204 [0m11.233 ms - 0[0m
[0mGET /api/seller/brand/list [36m304 [0m47.672 ms - -[0m
[0mGET /api/product/color/list [36m304 [0m26.220 ms - -[0m
[0mPOST /api/seller/product/list-by-id [32m200 [0m77.997 ms - 153[0m
[0mOPTIONS /api/seller/product/list [32m204 [0m1.108 ms - 0[0m
[0mPOST /api/seller/product/list [32m200 [0m31.065 ms - 1070[0m
[0mOPTIONS /api/auth/seller/profile-details [32m204 [0m4.407 ms - 0[0m
[0mOPTIONS /api/seller/product/list [32m204 [0m3.716 ms - 0[0m
[0mGET /api/auth/seller/profile-details [36m304 [0m28.262 ms - -[0m
[0mPOST /api/seller/product/list [32m200 [0m35.837 ms - 1070[0m
[0mOPTIONS /api/category/admin/main-list [32m204 [0m0.663 ms - 0[0m
[0mOPTIONS /api/seller/brand/list [32m204 [0m0.647 ms - 0[0m
[0mOPTIONS /api/product/color/list [32m204 [0m1.104 ms - 0[0m
[0mOPTIONS /api/seller/product/list-by-id [32m204 [0m0.786 ms - 0[0m
[0mGET /api/category/admin/main-list [36m304 [0m14.517 ms - -[0m
[0mGET /api/product/color/list [36m304 [0m31.699 ms - -[0m
[0mGET /api/seller/brand/list [36m304 [0m39.095 ms - -[0m
[0mPOST /api/seller/product/list-by-id [32m200 [0m57.351 ms - 153[0m
[0mOPTIONS /api/seller/product/list [32m204 [0m1.321 ms - 0[0m
[0mPOST /api/seller/product/list [32m200 [0m28.496 ms - 1070[0m
[0mOPTIONS /api/auth/seller/profile-details [32m204 [0m12.164 ms - 0[0m
[0mOPTIONS /api/seller/product/list [32m204 [0m6.520 ms - 0[0m
[0mGET /api/auth/seller/profile-details [36m304 [0m45.876 ms - -[0m
[0mPOST /api/seller/product/list [32m200 [0m69.406 ms - 1152[0m
[0mOPTIONS /api/category/admin/main-list [32m204 [0m1.374 ms - 0[0m
[0mOPTIONS /api/seller/brand/list [32m204 [0m0.777 ms - 0[0m
[0mOPTIONS /api/product/color/list [32m204 [0m2.355 ms - 0[0m
[0mOPTIONS /api/seller/product/list-by-id [32m204 [0m0.731 ms - 0[0m
[0mGET /api/category/admin/main-list [36m304 [0m100.782 ms - -[0m
[0mGET /api/product/color/list [36m304 [0m82.720 ms - -[0m
[0mGET /api/seller/brand/list [36m304 [0m105.399 ms - -[0m
[0mPOST /api/seller/product/list-by-id [32m200 [0m104.993 ms - 153[0m
[0mOPTIONS /api/auth/seller/profile-details [32m204 [0m8.425 ms - 0[0m
[0mOPTIONS /api/category/admin/main-list [32m204 [0m1.314 ms - 0[0m
[0mOPTIONS /api/seller/brand/list [32m204 [0m1.587 ms - 0[0m
[0mOPTIONS /api/product/color/list [32m204 [0m0.798 ms - 0[0m
[0mGET /api/auth/seller/profile-details [36m304 [0m24.074 ms - -[0m
[0mOPTIONS /api/seller/product/list-by-id [32m204 [0m5.987 ms - 0[0m
[0mGET /api/category/admin/main-list [36m304 [0m33.765 ms - -[0m
[0mGET /api/seller/brand/list [36m304 [0m85.808 ms - -[0m
[0mGET /api/product/color/list [36m304 [0m78.703 ms - -[0m
[0mPOST /api/seller/product/list-by-id [32m200 [0m138.715 ms - 153[0m
[0mOPTIONS /api/auth/seller/profile-details [32m204 [0m1.614 ms - 0[0m
[0mOPTIONS /api/category/admin/main-list [32m204 [0m0.849 ms - 0[0m
[0mOPTIONS /api/seller/brand/list [32m204 [0m0.560 ms - 0[0m
[0mOPTIONS /api/product/color/list [32m204 [0m2.178 ms - 0[0m
[0mOPTIONS /api/seller/product/list-by-id [32m204 [0m3.085 ms - 0[0m
[0mGET /api/auth/seller/profile-details [36m304 [0m70.482 ms - -[0m
[0mGET /api/category/admin/main-list [36m304 [0m68.840 ms - -[0m
[0mGET /api/seller/brand/list [36m304 [0m73.560 ms - -[0m
[0mGET /api/product/color/list [36m304 [0m74.109 ms - -[0m
[0mPOST /api/seller/product/list-by-id [32m200 [0m118.712 ms - 153[0m
[0mOPTIONS /api/auth/seller/profile-details [32m204 [0m1.490 ms - 0[0m
[0mOPTIONS /api/category/admin/main-list [32m204 [0m1.364 ms - 0[0m
[0mOPTIONS /api/seller/brand/list [32m204 [0m1.098 ms - 0[0m
[0mOPTIONS /api/product/color/list [32m204 [0m0.806 ms - 0[0m
[0mOPTIONS /api/seller/product/list-by-id [32m204 [0m0.439 ms - 0[0m
[0mGET /api/auth/seller/profile-details [36m304 [0m50.426 ms - -[0m
[0mGET /api/category/admin/main-list [36m304 [0m65.551 ms - -[0m
[0mGET /api/seller/brand/list [36m304 [0m79.161 ms - -[0m
[0mGET /api/product/color/list [36m304 [0m79.553 ms - -[0m
[0mPOST /api/seller/product/list-by-id [32m200 [0m148.264 ms - 153[0m
[0mOPTIONS /api/auth/seller/profile-details [32m204 [0m1.897 ms - 0[0m
[0mOPTIONS /api/category/admin/main-list [32m204 [0m0.965 ms - 0[0m
[0mOPTIONS /api/seller/brand/list [32m204 [0m1.352 ms - 0[0m
[0mOPTIONS /api/product/color/list [32m204 [0m0.530 ms - 0[0m
[0mOPTIONS /api/seller/product/list-by-id [32m204 [0m0.279 ms - 0[0m
[0mGET /api/auth/seller/profile-details [36m304 [0m23.592 ms - -[0m
[0mGET /api/category/admin/main-list [36m304 [0m41.409 ms - -[0m
[0mGET /api/seller/brand/list [36m304 [0m51.663 ms - -[0m
[0mGET /api/product/color/list [36m304 [0m51.853 ms - -[0m
[0mPOST /api/seller/product/list-by-id [32m200 [0m79.873 ms - 153[0m
[0mOPTIONS /api/auth/seller/profile-details [32m204 [0m5.834 ms - 0[0m
[0mOPTIONS /api/seller/dasbhoard/list [32m204 [0m4.903 ms - 0[0m
[0mGET /api/auth/seller/profile-details [32m200 [0m37.080 ms - 161[0m
[0mGET /api/seller/dasbhoard/list [32m200 [0m41.886 ms - 123[0m
[0mOPTIONS /api/seller/product/list [32m204 [0m0.868 ms - 0[0m
[0mGET /api/auth/seller/profile-details [36m304 [0m11.744 ms - -[0m
[0mPOST /api/seller/product/list [32m200 [0m24.585 ms - 1152[0m
[0mOPTIONS /api/auth/seller/profile-details [32m204 [0m1.108 ms - 0[0m
[0mOPTIONS /api/category/admin/main-list [32m204 [0m1.166 ms - 0[0m
[0mOPTIONS /api/seller/brand/list [32m204 [0m1.289 ms - 0[0m
[0mOPTIONS /api/product/color/list [32m204 [0m0.600 ms - 0[0m
[0mGET /api/auth/seller/profile-details [36m304 [0m21.373 ms - -[0m
[0mGET /api/category/admin/main-list [36m304 [0m58.585 ms - -[0m
[0mGET /api/seller/brand/list [36m304 [0m68.850 ms - -[0m
[0mGET /api/product/color/list [36m304 [0m74.634 ms - -[0m
[0mOPTIONS /api/auth/seller/profile-details [32m204 [0m3.240 ms - 0[0m
[0mOPTIONS /api/category/admin/main-list [32m204 [0m1.202 ms - 0[0m
[0mOPTIONS /api/seller/brand/list [32m204 [0m0.671 ms - 0[0m
[0mOPTIONS /api/product/color/list [32m204 [0m0.422 ms - 0[0m
[0mGET /api/seller/brand/list [36m304 [0m94.372 ms - -[0m
[0mGET /api/category/admin/main-list [36m304 [0m109.379 ms - -[0m
[0mGET /api/auth/seller/profile-details [36m304 [0m92.644 ms - -[0m
[0mGET /api/product/color/list [36m304 [0m98.613 ms - -[0m
[0mOPTIONS /api/auth/seller/profile-details [32m204 [0m2.447 ms - 0[0m
[0mOPTIONS /api/category/admin/main-list [32m204 [0m0.813 ms - 0[0m
[0mOPTIONS /api/seller/brand/list [32m204 [0m0.741 ms - 0[0m
[0mOPTIONS /api/product/color/list [32m204 [0m0.532 ms - 0[0m
[0mGET /api/category/admin/main-list [36m304 [0m33.506 ms - -[0m
[0mGET /api/auth/seller/profile-details [36m304 [0m37.991 ms - -[0m
[0mGET /api/product/color/list [36m304 [0m33.024 ms - -[0m
[0mGET /api/seller/brand/list [36m304 [0m57.672 ms - -[0m
[0mOPTIONS /api/auth/seller/profile-details [32m204 [0m1.432 ms - 0[0m
[0mOPTIONS /api/category/admin/main-list [32m204 [0m0.958 ms - 0[0m
[0mOPTIONS /api/seller/brand/list [32m204 [0m0.559 ms - 0[0m
[0mOPTIONS /api/product/color/list [32m204 [0m0.422 ms - 0[0m
[0mGET /api/seller/brand/list [36m304 [0m68.708 ms - -[0m
[0mGET /api/auth/seller/profile-details [36m304 [0m77.650 ms - -[0m
[0mGET /api/category/admin/main-list [36m304 [0m74.430 ms - -[0m
[0mGET /api/product/color/list [36m304 [0m74.447 ms - -[0m
[0mGET /api/website/category/list [32m200 [0m112.459 ms - 23467[0m
[0mGET /api/website/category/list [32m200 [0m138.325 ms - 23467[0m
[0mOPTIONS /api/website/category/list [32m204 [0m14.102 ms - 0[0m
[0mGET /api/website/category/list [36m304 [0m139.135 ms - -[0m
[0mOPTIONS /api/website/product/new-arrival [32m204 [0m1.731 ms - 0[0m
[0mGET /api/website/product/new-arrival [32m200 [0m384.776 ms - 1080924[0m
