[0mGET /api/website/popular/category-list [32m200 [0m91.905 ms - 8087[0m
[0mGET /api/website/category/list [32m200 [0m182.319 ms - 25414[0m
[0mGET /api/website/product/new-arrival [32m200 [0m193.732 ms - 3542[0m
[0mGET /api/website/product/women-fashion [32m200 [0m264.880 ms - 16046[0m
[0mGET /api/website/product/home-kitchen [32m200 [0m270.768 ms - 15230[0m
[0mGET /api/website/category/list [36m304 [0m147.820 ms - -[0m
[0mGET /api/website/category/list [36m304 [0m22.218 ms - -[0m
[0mGET /api/website/category/list [36m304 [0m37.556 ms - -[0m
[0mGET /api/website/category/list [32m200 [0m191.472 ms - 25414[0m
[0mGET /api/website/category/list [32m200 [0m184.782 ms - 25414[0m
[0mGET /api/website/category/list [32m200 [0m212.261 ms - 25414[0m
[0mGET /api/website/category/list [32m200 [0m256.717 ms - 25414[0m
[0mGET /api/website/popular/category-list [32m200 [0m101.239 ms - 8087[0m
[0mGET /api/website/product/women-fashion [32m200 [0m302.938 ms - 16046[0m
[0mGET /api/website/product/home-kitchen [32m200 [0m307.618 ms - 15230[0m
[0mGET /api/website/product/new-arrival [32m200 [0m123.215 ms - 3542[0m
[0mGET /api/website/category/list [32m200 [0m216.885 ms - 25414[0m
[0mGET /api/website/category/list [32m200 [0m241.226 ms - 25414[0m
[0mGET /api/website/category/list [32m200 [0m243.417 ms - 25414[0m
[0mGET /api/website/category/list [32m200 [0m265.747 ms - 25414[0m
[0mGET /api/website/product/home-kitchen [32m200 [0m274.177 ms - 15230[0m
[0mGET /api/website/product/women-fashion [32m200 [0m275.981 ms - 16046[0m
[0mGET /api/website/product/new-arrival [32m200 [0m139.482 ms - 3542[0m
[0mGET /api/website/popular/category-list [32m200 [0m74.124 ms - 8087[0m
[0mGET /api/website/category/list [36m304 [0m43.689 ms - -[0m
[0mGET /api/website/category/list [32m200 [0m132.839 ms - 25414[0m
[0mGET /api/website/category/list [32m200 [0m133.676 ms - 25414[0m
[0mGET /api/website/category/list [32m200 [0m165.191 ms - 25414[0m
[0mGET /api/website/category/list [32m200 [0m247.097 ms - 25414[0m
[0mGET /api/website/product/home-kitchen [32m200 [0m247.856 ms - 15230[0m
[0mGET /api/website/product/women-fashion [32m200 [0m247.869 ms - 16046[0m
[0mGET /api/website/product/new-arrival [32m200 [0m108.106 ms - 3542[0m
[0mGET /api/website/popular/category-list [32m200 [0m92.734 ms - 8087[0m
[0mGET /api/website/category/list [36m304 [0m37.949 ms - -[0m
[0mGET /api/website/category/list [36m304 [0m37.331 ms - -[0m
[0mGET /api/website/category/list [36m304 [0m75.773 ms - -[0m
[0mGET /api/website/popular/category-list [36m304 [0m80.258 ms - -[0m
[0mGET /api/website/product/new-arrival [36m304 [0m88.418 ms - -[0m
[0mGET /api/website/product/women-fashion [36m304 [0m177.297 ms - -[0m
[0mGET /api/website/product/home-kitchen [36m304 [0m178.813 ms - -[0m
[0mGET /api/website/category/list [36m304 [0m106.035 ms - -[0m
[0mGET /api/website/category/list [36m304 [0m24.224 ms - -[0m
[0mGET /api/website/category/list [36m304 [0m23.450 ms - -[0m
[0mGET /api/website/popular/category-list [36m304 [0m58.778 ms - -[0m
[0mGET /api/website/product/new-arrival [36m304 [0m65.040 ms - -[0m
[0mGET /api/website/category/list [36m304 [0m79.348 ms - -[0m
[0mGET /api/website/product/home-kitchen [36m304 [0m129.459 ms - -[0m
[0mGET /api/website/product/women-fashion [36m304 [0m128.832 ms - -[0m
[0mGET /api/website/category/list [36m304 [0m63.984 ms - -[0m
[0mGET /api/website/category/list [36m304 [0m21.310 ms - -[0m
[0mGET /api/website/category/list [36m304 [0m24.712 ms - -[0m
[0mGET /api/website/popular/category-list [36m304 [0m41.786 ms - -[0m
[0mGET /api/website/category/list [36m304 [0m86.377 ms - -[0m
[0mGET /api/website/product/new-arrival [36m304 [0m79.413 ms - -[0m
[0mGET /api/website/product/home-kitchen [36m304 [0m120.075 ms - -[0m
[0mGET /api/website/product/women-fashion [36m304 [0m137.961 ms - -[0m
[0mGET /api/website/category/list [36m304 [0m46.373 ms - -[0m
[0mGET /api/website/category/list [36m304 [0m50.251 ms - -[0m
[0mGET /api/website/category/list [36m304 [0m30.746 ms - -[0m
[0mGET /api/website/category/list [36m304 [0m47.518 ms - -[0m
[0mGET /api/website/popular/category-list [36m304 [0m25.861 ms - -[0m
[0mGET /api/website/product/new-arrival [36m304 [0m31.423 ms - -[0m
[0mGET /api/website/product/women-fashion [36m304 [0m75.671 ms - -[0m
[0mGET /api/website/product/home-kitchen [36m304 [0m72.528 ms - -[0m
[0mGET /api/website/category/list [36m304 [0m45.198 ms - -[0m
[0mGET /api/website/category/list [36m304 [0m24.468 ms - -[0m
[0mGET /api/website/category/list [36m304 [0m17.999 ms - -[0m
[0mGET /api/website/popular/category-list [36m304 [0m31.133 ms - -[0m
[0mGET /api/website/category/list [36m304 [0m45.239 ms - -[0m
[0mGET /api/website/product/new-arrival [36m304 [0m37.722 ms - -[0m
[0mGET /api/website/product/home-kitchen [36m304 [0m72.561 ms - -[0m
[0mGET /api/website/product/women-fashion [36m304 [0m72.649 ms - -[0m
[0mGET /api/website/category/list [36m304 [0m44.684 ms - -[0m
[0mGET /api/website/category/list [36m304 [0m18.476 ms - -[0m
[0mGET /api/website/category/list [36m304 [0m14.293 ms - -[0m
[0mGET /api/website/category/list [36m304 [0m43.797 ms - -[0m
[0mGET /api/website/popular/category-list [36m304 [0m25.663 ms - -[0m
[0mGET /api/website/product/new-arrival [36m304 [0m76.544 ms - -[0m
[0mGET /api/website/product/home-kitchen [36m304 [0m77.870 ms - -[0m
[0mGET /api/website/product/women-fashion [36m304 [0m107.884 ms - -[0m
[0mGET /api/website/category/list [36m304 [0m65.050 ms - -[0m
[0mGET /api/website/category/list [36m304 [0m28.528 ms - -[0m
[0mGET /api/website/category/list [36m304 [0m23.166 ms - -[0m
[0mGET /api/website/category/list [36m304 [0m55.122 ms - -[0m
[0mGET /api/website/category/list [36m304 [0m56.701 ms - -[0m
[0mGET /api/website/popular/category-list [36m304 [0m50.584 ms - -[0m
[0mGET /api/website/product/new-arrival [36m304 [0m66.734 ms - -[0m
[0mGET /api/website/product/home-kitchen [36m304 [0m88.923 ms - -[0m
[0mGET /api/website/product/women-fashion [36m304 [0m88.987 ms - -[0m
[0mGET /api/website/category/list [36m304 [0m66.552 ms - -[0m
[0mGET /api/website/category/list [36m304 [0m51.978 ms - -[0m
[0mGET /api/website/category/list [36m304 [0m33.645 ms - -[0m
[0mGET /api/website/category/list [36m304 [0m119.250 ms - -[0m
[0mGET /api/website/category/list [32m200 [0m149.357 ms - 25414[0m
[0mGET /api/website/product/new-arrival [32m200 [0m113.079 ms - 3542[0m
[0mGET /api/website/category/list [32m200 [0m161.392 ms - 25414[0m
[0mGET /api/website/category/list [32m200 [0m169.071 ms - 25414[0m
[0mGET /api/website/category/list [32m200 [0m186.393 ms - 25414[0m
[0mGET /api/website/popular/category-list [32m200 [0m72.263 ms - 8087[0m
[0mGET /api/website/product/home-kitchen [32m200 [0m190.970 ms - 15230[0m
[0mGET /api/website/product/women-fashion [32m200 [0m139.903 ms - 16046[0m
[0mGET /api/website/category/list [36m304 [0m103.133 ms - -[0m
[0mGET /api/website/category/list [36m304 [0m57.230 ms - -[0m
[0mGET /api/website/category/list [32m200 [0m182.983 ms - 25414[0m
[0mGET /api/website/category/list [32m200 [0m178.438 ms - 25414[0m
[0mGET /api/website/category/list [32m200 [0m165.589 ms - 25414[0m
[0mGET /api/website/category/list [32m200 [0m228.572 ms - 25414[0m
[0mGET /api/website/product/home-kitchen [32m200 [0m243.988 ms - 15230[0m
[0mGET /api/website/product/women-fashion [32m200 [0m244.967 ms - 16046[0m
[0mGET /api/website/popular/category-list [32m200 [0m85.076 ms - 8087[0m
[0mGET /api/website/product/new-arrival [32m200 [0m104.393 ms - 3542[0m
[0mGET /api/website/category/list [36m304 [0m60.993 ms - -[0m
[0mGET /api/website/popular/category-list [36m304 [0m34.977 ms - -[0m
[0mGET /api/website/product/new-arrival [36m304 [0m85.435 ms - -[0m
[0mGET /api/website/product/home-kitchen [36m304 [0m103.930 ms - -[0m
[0mGET /api/website/product/women-fashion [36m304 [0m103.548 ms - -[0m
[0mGET /api/website/category/list [36m304 [0m66.560 ms - -[0m
[0mGET /api/website/category/list [36m304 [0m24.442 ms - -[0m
[0mGET /api/website/category/list [36m304 [0m18.274 ms - -[0m
[0mGET /api/website/category/list [36m304 [0m66.741 ms - -[0m
[0mGET /api/website/category/list [32m200 [0m117.703 ms - 25414[0m
[0mGET /api/website/category/list [32m200 [0m117.659 ms - 25414[0m
[0mGET /api/website/category/list [32m200 [0m183.718 ms - 25414[0m
[0mGET /api/website/category/list [32m200 [0m162.887 ms - 25414[0m
[0mGET /api/website/product/home-kitchen [32m200 [0m212.569 ms - 15230[0m
[0mGET /api/website/product/women-fashion [32m200 [0m218.386 ms - 16046[0m
[0mGET /api/website/popular/category-list [32m200 [0m81.873 ms - 8087[0m
[0mGET /api/website/product/new-arrival [32m200 [0m87.406 ms - 3542[0m
[0mGET /api/website/category/list [36m304 [0m109.451 ms - -[0m
[0mGET /api/website/popular/category-list [36m304 [0m116.566 ms - -[0m
[0mGET /api/website/product/new-arrival [36m304 [0m154.477 ms - -[0m
[0mGET /api/website/product/home-kitchen [36m304 [0m153.589 ms - -[0m
[0mGET /api/website/product/women-fashion [36m304 [0m204.600 ms - -[0m
[0mGET /api/website/category/list [36m304 [0m75.107 ms - -[0m
[0mGET /api/website/category/list [36m304 [0m33.852 ms - -[0m
[0mGET /api/website/category/list [36m304 [0m29.744 ms - -[0m
[0mGET /api/website/category/list [36m304 [0m60.300 ms - -[0m
[0mGET /api/website/popular/category-list [36m304 [0m57.838 ms - -[0m
[0mGET /api/website/product/new-arrival [36m304 [0m63.388 ms - -[0m
[0mGET /api/website/product/home-kitchen [36m304 [0m133.728 ms - -[0m
[0mGET /api/website/product/women-fashion [36m304 [0m142.772 ms - -[0m
[0mGET /api/website/category/list [36m304 [0m118.390 ms - -[0m
[0mGET /api/website/category/list [36m304 [0m44.019 ms - -[0m
[0mGET /api/website/category/list [36m304 [0m33.823 ms - -[0m
[0mGET /api/website/category/list [36m304 [0m106.170 ms - -[0m
[0mGET /api/website/category/list [32m200 [0m163.285 ms - 25414[0m
[0mGET /api/website/category/list [32m200 [0m170.957 ms - 25414[0m
[0mGET /api/website/category/list [32m200 [0m205.134 ms - 25414[0m
[0mGET /api/website/category/list [32m200 [0m156.177 ms - 25414[0m
[0mGET /api/website/product/home-kitchen [32m200 [0m155.892 ms - 15230[0m
[0mGET /api/website/product/women-fashion [32m200 [0m208.434 ms - 16046[0m
[0mGET /api/website/popular/category-list [32m200 [0m66.641 ms - 8087[0m
[0mGET /api/website/product/new-arrival [32m200 [0m74.590 ms - 3542[0m
[0mGET /api/website/category/list [36m304 [0m56.723 ms - -[0m
[0mGET /api/website/category/list [32m200 [0m28.509 ms - 25414[0m
[0mGET /api/website/popular/category-list [32m200 [0m130.965 ms - 8087[0m
[0mGET /api/website/category/list [32m200 [0m148.305 ms - 25414[0m
[0mGET /api/website/category/list [32m200 [0m150.489 ms - 25414[0m
[0mGET /api/website/product/new-arrival [32m200 [0m140.941 ms - 3542[0m
[0mGET /api/website/product/home-kitchen [32m200 [0m240.363 ms - 15230[0m
[0mGET /api/website/product/women-fashion [32m200 [0m239.688 ms - 16046[0m
[0mGET /api/website/category/list [32m200 [0m94.652 ms - 25414[0m
[0mGET /api/website/category/list [36m304 [0m122.004 ms - -[0m
[0mGET /api/website/popular/category-list [36m304 [0m76.488 ms - -[0m
[0mGET /api/website/product/new-arrival [36m304 [0m78.976 ms - -[0m
[0mGET /api/website/product/home-kitchen [36m304 [0m110.880 ms - -[0m
[0mGET /api/website/product/women-fashion [36m304 [0m150.128 ms - -[0m
[0mGET /api/website/category/list [36m304 [0m74.535 ms - -[0m
[0mGET /api/website/category/list [36m304 [0m29.535 ms - -[0m
[0mGET /api/website/category/list [36m304 [0m24.138 ms - -[0m
[0mGET /api/website/category/list [36m304 [0m52.882 ms - -[0m
[0mGET /api/website/category/list [32m200 [0m147.037 ms - 25414[0m
[0mGET /api/website/category/list [32m200 [0m157.790 ms - 25414[0m
[0mGET /api/website/category/list [32m200 [0m165.984 ms - 25414[0m
[0mGET /api/website/category/list [32m200 [0m198.993 ms - 25414[0m
[0mGET /api/website/product/women-fashion [32m200 [0m249.022 ms - 16046[0m
[0mGET /api/website/product/home-kitchen [32m200 [0m253.810 ms - 15230[0m
[0mGET /api/website/popular/category-list [32m200 [0m45.131 ms - 8087[0m
[0mGET /api/website/product/new-arrival [32m200 [0m51.580 ms - 3542[0m
[0mGET /api/website/category/list [36m304 [0m68.986 ms - -[0m
[0mGET /api/website/category/list [36m304 [0m81.118 ms - -[0m
[0mGET /api/website/category/list [36m304 [0m92.891 ms - -[0m
[0mGET /api/website/popular/category-list [36m304 [0m80.432 ms - -[0m
[0mGET /api/website/product/new-arrival [36m304 [0m84.635 ms - -[0m
[0mGET /api/website/product/home-kitchen [36m304 [0m122.957 ms - -[0m
[0mGET /api/website/product/women-fashion [36m304 [0m171.978 ms - -[0m
[0mGET /api/website/category/list [36m304 [0m100.452 ms - -[0m
[0mGET /api/website/category/list [36m304 [0m63.858 ms - -[0m
[0mGET /api/website/category/list [36m304 [0m64.760 ms - -[0m
[0mGET /api/website/category/list [36m304 [0m81.540 ms - -[0m
[0mGET /api/website/popular/category-list [36m304 [0m68.627 ms - -[0m
[0mGET /api/website/product/new-arrival [36m304 [0m72.050 ms - -[0m
[0mGET /api/website/product/home-kitchen [36m304 [0m200.710 ms - -[0m
[0mGET /api/website/product/women-fashion [36m304 [0m200.953 ms - -[0m
[0mGET /api/website/category/list [36m304 [0m135.510 ms - -[0m
[0mGET /api/website/category/list [36m304 [0m38.781 ms - -[0m
[0mGET /api/website/category/list [36m304 [0m33.746 ms - -[0m
[0mGET /api/website/category/list [36m304 [0m87.761 ms - -[0m
[0mGET /api/website/popular/category-list [36m304 [0m41.258 ms - -[0m
[0mGET /api/website/product/new-arrival [36m304 [0m118.379 ms - -[0m
[0mGET /api/website/product/home-kitchen [36m304 [0m128.471 ms - -[0m
[0mGET /api/website/product/women-fashion [36m304 [0m128.319 ms - -[0m
[0mGET /api/website/category/list [36m304 [0m66.814 ms - -[0m
[0mGET /api/website/category/list [36m304 [0m31.515 ms - -[0m
[0mGET /api/website/category/list [36m304 [0m17.876 ms - -[0m
[0mGET /api/website/category/list [32m200 [0m197.996 ms - 25414[0m
[0mGET /api/website/category/list [32m200 [0m180.667 ms - 25414[0m
[0mGET /api/website/category/list [32m200 [0m194.576 ms - 25414[0m
[0mGET /api/website/category/list [32m200 [0m245.585 ms - 25414[0m
[0mGET /api/website/product/home-kitchen [32m200 [0m249.184 ms - 15230[0m
[0mGET /api/website/product/women-fashion [32m200 [0m248.489 ms - 16046[0m
[0mGET /api/website/popular/category-list [32m200 [0m73.770 ms - 8087[0m
[0mGET /api/website/product/new-arrival [32m200 [0m83.736 ms - 3542[0m
[0mGET /api/website/popular/category-list [32m200 [0m90.606 ms - 8087[0m
[0mGET /api/website/category/list [32m200 [0m151.094 ms - 25414[0m
[0mGET /api/website/product/new-arrival [32m200 [0m100.877 ms - 3542[0m
[0mGET /api/website/category/list [32m200 [0m179.067 ms - 25414[0m
[0mGET /api/website/product/women-fashion [32m200 [0m215.656 ms - 16046[0m
[0mGET /api/website/category/list [32m200 [0m178.868 ms - 25414[0m
[0mGET /api/website/category/list [32m200 [0m49.165 ms - 25414[0m
[0mGET /api/website/product/home-kitchen [32m200 [0m89.532 ms - 15230[0m
[0mGET /api/website/category/list [32m200 [0m126.824 ms - 25414[0m
[0mGET /api/website/category/list [32m200 [0m136.938 ms - 25414[0m
[0mGET /api/website/category/list [32m200 [0m131.815 ms - 25414[0m
[0mGET /api/website/product/new-arrival [32m200 [0m112.187 ms - 3542[0m
[0mGET /api/website/category/list [32m200 [0m151.634 ms - 25414[0m
[0mGET /api/website/product/women-fashion [32m200 [0m153.570 ms - 16046[0m
[0mGET /api/website/popular/category-list [32m200 [0m23.106 ms - 8087[0m
[0mGET /api/website/product/home-kitchen [32m200 [0m62.963 ms - 15230[0m
[0mGET /api/website/category/list [36m304 [0m43.229 ms - -[0m
[0mGET /api/website/category/list [32m200 [0m143.710 ms - 25414[0m
[0mGET /api/website/category/list [32m200 [0m140.999 ms - 25414[0m
[0mGET /api/website/category/list [32m200 [0m145.999 ms - 25414[0m
[0mGET /api/website/category/list [32m200 [0m177.736 ms - 25414[0m
[0mGET /api/website/product/women-fashion [32m200 [0m185.367 ms - 16046[0m
[0mGET /api/website/product/home-kitchen [32m200 [0m186.886 ms - 15230[0m
[0mGET /api/website/popular/category-list [32m200 [0m58.445 ms - 8087[0m
[0mGET /api/website/product/new-arrival [32m200 [0m64.375 ms - 3542[0m
[0mGET /api/website/category/list [36m304 [0m63.045 ms - -[0m
[0mGET /api/website/category/list [36m304 [0m78.923 ms - -[0m
[0mGET /api/website/popular/category-list [36m304 [0m73.721 ms - -[0m
[0mGET /api/website/product/new-arrival [36m304 [0m68.191 ms - -[0m
[0mGET /api/website/product/home-kitchen [36m304 [0m137.031 ms - -[0m
[0mGET /api/website/product/women-fashion [36m304 [0m133.297 ms - -[0m
[0mGET /api/website/category/list [36m304 [0m71.547 ms - -[0m
[0mGET /api/website/category/list [36m304 [0m26.286 ms - -[0m
[0mGET /api/website/category/list [36m304 [0m30.929 ms - -[0m
[0mGET /api/website/popular/category-list [32m200 [0m117.543 ms - 8087[0m
[0mGET /api/website/product/new-arrival [32m200 [0m128.202 ms - 3542[0m
[0mGET /api/website/category/list [32m200 [0m160.760 ms - 25414[0m
[0mGET /api/website/category/list [32m200 [0m215.016 ms - 25414[0m
[0mGET /api/website/category/list [32m200 [0m215.925 ms - 25414[0m
[0mGET /api/website/product/home-kitchen [32m200 [0m215.284 ms - 15230[0m
[0mGET /api/website/category/list [32m200 [0m146.503 ms - 25414[0m
[0mGET /api/website/product/women-fashion [32m200 [0m196.147 ms - 16046[0m
[0mGET /api/website/category/list [36m304 [0m91.259 ms - -[0m
[0mGET /api/website/popular/category-list [36m304 [0m31.930 ms - -[0m
[0mGET /api/website/product/new-arrival [36m304 [0m100.805 ms - -[0m
[0mGET /api/website/product/home-kitchen [36m304 [0m84.490 ms - -[0m
[0mGET /api/website/product/women-fashion [36m304 [0m84.115 ms - -[0m
[0mGET /api/website/category/list [36m304 [0m35.116 ms - -[0m
[0mGET /api/website/category/list [36m304 [0m33.253 ms - -[0m
[0mGET /api/website/category/list [36m304 [0m22.930 ms - -[0m
[0mGET /api/website/category/list [32m200 [0m89.142 ms - 25414[0m
[0mGET /api/website/category/list [32m200 [0m100.189 ms - 25414[0m
[0mGET /api/website/category/list [32m200 [0m176.259 ms - 25414[0m
[0mGET /api/website/product/home-kitchen [32m200 [0m164.736 ms - 15230[0m
[0mGET /api/website/category/list [32m200 [0m195.956 ms - 25414[0m
[0mGET /api/website/product/women-fashion [32m200 [0m192.634 ms - 16046[0m
[0mGET /api/website/popular/category-list [32m200 [0m97.866 ms - 8087[0m
[0mGET /api/website/product/new-arrival [32m200 [0m107.995 ms - 3542[0m
[0mGET /api/website/category/list [32m200 [0m187.545 ms - 25414[0m
[0mGET /api/website/product/new-arrival [32m200 [0m158.052 ms - 3542[0m
[0mGET /api/website/category/list [32m200 [0m202.784 ms - 25414[0m
[0mGET /api/website/category/list [32m200 [0m208.702 ms - 25414[0m
[0mGET /api/website/category/list [32m200 [0m223.839 ms - 25414[0m
[0mGET /api/website/popular/category-list [32m200 [0m103.796 ms - 8087[0m
[0mGET /api/website/product/women-fashion [32m200 [0m275.549 ms - 16046[0m
[0mGET /api/website/product/home-kitchen [32m200 [0m130.078 ms - 15230[0m
[0mGET /api/website/category/list [32m200 [0m161.254 ms - 25414[0m
[0mGET /api/website/category/list [32m200 [0m164.758 ms - 25414[0m
[0mGET /api/website/category/list [32m200 [0m172.205 ms - 25414[0m
[0mGET /api/website/category/list [32m200 [0m263.292 ms - 25414[0m
[0mGET /api/website/product/women-fashion [32m200 [0m251.428 ms - 16046[0m
[0mGET /api/website/product/home-kitchen [32m200 [0m252.681 ms - 15230[0m
[0mGET /api/website/popular/category-list [32m200 [0m101.333 ms - 8087[0m
[0mGET /api/website/product/new-arrival [32m200 [0m124.325 ms - 3542[0m
[0mGET /api/website/category/list [32m200 [0m193.815 ms - 25414[0m
[0mGET /api/website/category/list [32m200 [0m190.475 ms - 25414[0m
[0mGET /api/website/category/list [32m200 [0m203.827 ms - 25414[0m
[0mGET /api/website/category/list [32m200 [0m237.750 ms - 25414[0m
[0mGET /api/website/product/home-kitchen [32m200 [0m205.240 ms - 15230[0m
[0mGET /api/website/product/women-fashion [32m200 [0m204.601 ms - 16046[0m
[0mGET /api/website/popular/category-list [32m200 [0m57.156 ms - 8087[0m
[0mGET /api/website/product/new-arrival [32m200 [0m63.348 ms - 3542[0m
[0mGET /api/website/category/list [32m200 [0m120.853 ms - 25414[0m
[0mGET /api/website/category/list [32m200 [0m102.965 ms - 25414[0m
[0mGET /api/website/category/list [32m200 [0m114.576 ms - 25414[0m
[0mGET /api/website/product/new-arrival [32m200 [0m103.614 ms - 3542[0m
[0mGET /api/website/product/home-kitchen [32m200 [0m143.249 ms - 15230[0m
[0mGET /api/website/product/women-fashion [32m200 [0m167.178 ms - 16046[0m
[0mGET /api/website/popular/category-list [32m200 [0m102.635 ms - 8087[0m
[0mGET /api/website/category/list [32m200 [0m108.328 ms - 25414[0m
[0mGET /api/website/category/list [36m304 [0m99.572 ms - -[0m
[0mGET /api/website/popular/category-list [36m304 [0m87.556 ms - -[0m
[0mGET /api/website/product/new-arrival [36m304 [0m117.761 ms - -[0m
[0mGET /api/website/product/home-kitchen [36m304 [0m122.697 ms - -[0m
[0mGET /api/website/product/women-fashion [36m304 [0m178.243 ms - -[0m
[0mGET /api/website/category/list [36m304 [0m71.848 ms - -[0m
[0mGET /api/website/category/list [36m304 [0m33.432 ms - -[0m
[0mGET /api/website/category/list [36m304 [0m36.263 ms - -[0m
[0mGET /api/website/category/list [36m304 [0m70.712 ms - -[0m
[0mGET /api/website/popular/category-list [36m304 [0m64.382 ms - -[0m
[0mGET /api/website/product/new-arrival [36m304 [0m71.103 ms - -[0m
[0mGET /api/website/product/home-kitchen [36m304 [0m143.768 ms - -[0m
[0mGET /api/website/product/women-fashion [36m304 [0m143.185 ms - -[0m
[0mGET /api/website/category/list [36m304 [0m91.016 ms - -[0m
[0mGET /api/website/category/list [36m304 [0m84.767 ms - -[0m
[0mGET /api/website/category/list [36m304 [0m34.065 ms - -[0m
[0mGET /api/website/category/list [32m200 [0m151.943 ms - 25414[0m
[0mGET /api/website/category/list [32m200 [0m149.853 ms - 25414[0m
[0mGET /api/website/category/list [32m200 [0m162.711 ms - 25414[0m
[0mGET /api/website/category/list [32m200 [0m165.037 ms - 25414[0m
[0mGET /api/website/popular/category-list [32m200 [0m90.239 ms - 8087[0m
[0mGET /api/website/product/home-kitchen [32m200 [0m244.331 ms - 15230[0m
[0mGET /api/website/product/women-fashion [32m200 [0m244.311 ms - 16046[0m
[0mGET /api/website/product/new-arrival [32m200 [0m103.291 ms - 3542[0m
[0mGET /api/website/category/list [32m200 [0m127.834 ms - 25414[0m
[0mGET /api/website/category/list [32m200 [0m121.896 ms - 25414[0m
[0mGET /api/website/category/list [32m200 [0m220.863 ms - 25414[0m
[0mGET /api/website/category/list [32m200 [0m221.643 ms - 25414[0m
[0mGET /api/website/product/home-kitchen [32m200 [0m257.654 ms - 15230[0m
[0mGET /api/website/product/women-fashion [32m200 [0m257.510 ms - 16046[0m
[0mGET /api/website/popular/category-list [32m200 [0m128.176 ms - 8087[0m
[0mGET /api/website/product/new-arrival [32m200 [0m139.801 ms - 3542[0m
[0mGET /api/website/category/list [32m200 [0m121.006 ms - 25414[0m
[0mGET /api/website/product/new-arrival [32m200 [0m173.151 ms - 3542[0m
[0mGET /api/website/product/home-kitchen [32m200 [0m219.285 ms - 15230[0m
[0mGET /api/website/popular/category-list [32m200 [0m52.998 ms - 8087[0m
[0mGET /api/website/category/list [32m200 [0m231.697 ms - 25414[0m
[0mGET /api/website/category/list [32m200 [0m232.701 ms - 25414[0m
[0mGET /api/website/category/list [32m200 [0m234.169 ms - 25414[0m
[0mGET /api/website/product/women-fashion [32m200 [0m60.642 ms - 16046[0m
[0mGET /api/website/category/list [32m200 [0m141.101 ms - 25414[0m
[0mGET /api/website/category/list [32m200 [0m144.621 ms - 25414[0m
[0mGET /api/website/category/list [32m200 [0m147.147 ms - 25414[0m
[0mGET /api/website/category/list [32m200 [0m147.420 ms - 25414[0m
[0mGET /api/website/product/home-kitchen [32m200 [0m229.596 ms - 15230[0m
[0mGET /api/website/product/women-fashion [32m200 [0m211.738 ms - 16046[0m
[0mGET /api/website/product/new-arrival [32m200 [0m75.611 ms - 3542[0m
[0mGET /api/website/popular/category-list [32m200 [0m41.426 ms - 8087[0m
[0mGET /api/website/popular/category-list [36m304 [0m21.912 ms - -[0m
[0mGET /api/website/category/list [36m304 [0m63.840 ms - -[0m
[0mGET /api/website/product/new-arrival [36m304 [0m37.187 ms - -[0m
[0mGET /api/website/product/home-kitchen [36m304 [0m71.150 ms - -[0m
[0mGET /api/website/product/women-fashion [36m304 [0m107.496 ms - -[0m
[0mGET /api/website/category/list [36m304 [0m76.927 ms - -[0m
[0mGET /api/website/category/list [36m304 [0m20.471 ms - -[0m
[0mGET /api/website/category/list [36m304 [0m17.162 ms - -[0m
[0mGET /api/website/autosuggest/search?limit=5&query=m [32m200 [0m231.752 ms - 220087[0m
[0mGET /api/website/autosuggest/search?limit=5&query=ma [32m200 [0m52.252 ms - 44157[0m
[0mGET /api/website/autosuggest/search?limit=5&query=m [36m304 [0m162.910 ms - -[0m
[0mGET /api/website/autosuggest/search?limit=5&query=m [36m304 [0m154.797 ms - -[0m
[0mGET /api/website/autosuggest/search?limit=5&query=h [32m200 [0m171.183 ms - 224252[0m
[0mGET /api/website/autosuggest/search?limit=5&query=p [32m200 [0m134.214 ms - 168276[0m
[0mGET /api/website/autosuggest/search?limit=5&query=ph [32m200 [0m26.187 ms - 1156[0m
[0mGET /api/website/autosuggest/search?limit=5&query=pho [32m200 [0m45.323 ms - 664[0m
[0mGET /api/website/autosuggest/search?limit=5&query=phon [32m200 [0m32.491 ms - 664[0m
[0mGET /api/website/autosuggest/search?limit=5&query=phone [32m200 [0m24.217 ms - 664[0m
[0mGET /api/website/catalog/category/search?queryString=beverages-ice-cream [32m200 [0m103.720 ms - 726[0m
[0mGET /api/website/catalog/product/search?filter_category=beverages-ice-cream%20 [32m200 [0m165.042 ms - 62[0m
[0mGET /api/website/autosuggest/search?limit=5&query=ri [32m200 [0m115.708 ms - 87191[0m
[0mGET /api/website/autosuggest/search?limit=5&query=ric [32m200 [0m40.782 ms - 19717[0m
[0mGET /api/website/autosuggest/search?limit=5&query=rice [32m200 [0m36.088 ms - 3979[0m
[0mGET /api/website/catalog/category/search?queryString=rice-rice-products [32m200 [0m35.419 ms - 1235[0m
[0mGET /api/website/catalog/product/search?filter_category=rice-rice-products%20 [32m200 [0m87.155 ms - 4530[0m
[0mGET /api/website/catalog/product/search?filter_category=rice-rice-products%20 [36m304 [0m63.006 ms - -[0m
[0mGET /api/website/category/list [36m304 [0m90.051 ms - -[0m
[0mGET /api/website/popular/category-list [36m304 [0m65.108 ms - -[0m
[0mGET /api/website/product/new-arrival [36m304 [0m71.502 ms - -[0m
[0mGET /api/website/product/home-kitchen [36m304 [0m130.500 ms - -[0m
[0mGET /api/website/product/women-fashion [36m304 [0m128.594 ms - -[0m
[0mGET /api/website/popular/category-list [36m304 [0m102.198 ms - -[0m
[0mGET /api/website/product/new-arrival [36m304 [0m112.850 ms - -[0m
[0mGET /api/website/category/list [36m304 [0m153.534 ms - -[0m
[0mGET /api/website/product/women-fashion [36m304 [0m192.611 ms - -[0m
[0mGET /api/website/product/home-kitchen [36m304 [0m197.424 ms - -[0m
[0mGET /api/website/category/list [36m304 [0m120.478 ms - -[0m
[0mGET /api/website/category/list [36m304 [0m32.361 ms - -[0m
[0mGET /api/website/category/list [36m304 [0m22.250 ms - -[0m
[0mGET /api/website/category/list [32m200 [0m197.221 ms - 25143[0m
[0mGET /api/website/category/list [32m200 [0m194.810 ms - 25143[0m
[0mGET /api/website/category/list [32m200 [0m204.902 ms - 25143[0m
[0mGET /api/website/category/list [32m200 [0m246.642 ms - 25143[0m
[0mGET /api/website/product/home-kitchen [32m200 [0m206.387 ms - 15230[0m
[0mGET /api/website/product/women-fashion [32m200 [0m225.670 ms - 16124[0m
[0mGET /api/website/popular/category-list [32m200 [0m31.547 ms - 8014[0m
[0mGET /api/website/product/new-arrival [32m200 [0m99.939 ms - 38798[0m
[0mGET /api/website/autosuggest/search?limit=5&query=m [32m200 [0m214.025 ms - 240789[0m
[0mGET /api/website/autosuggest/search?limit=5&query=mo [32m200 [0m71.232 ms - 69108[0m
[0mGET /api/website/autosuggest/search?limit=5&query=mobi [32m200 [0m27.861 ms - 1859[0m
[0mGET /api/website/autosuggest/search?limit=5&query=mobil [32m200 [0m37.976 ms - 1859[0m
[0mGET /api/website/autosuggest/search?limit=5&query=mobile [32m200 [0m56.643 ms - 301[0m
[0mGET /api/website/catalog/category/search?queryString=electronics-mobile-phones [32m200 [0m97.947 ms - 2361[0m
[0mGET /api/website/catalog/product/search?filter_category=electronics-mobile-phones%20 [32m200 [0m113.490 ms - 14607[0m
[0mGET /api/website/category/list [36m304 [0m104.912 ms - -[0m
[0mGET /api/website/popular/category-list [36m304 [0m80.493 ms - -[0m
[0mGET /api/website/product/new-arrival [36m304 [0m123.976 ms - -[0m
[0mGET /api/website/product/home-kitchen [36m304 [0m188.358 ms - -[0m
[0mGET /api/website/product/women-fashion [36m304 [0m186.388 ms - -[0m
[0mGET /api/website/catalog/category/search?queryString=men-fashion [32m200 [0m105.260 ms - 2572[0m
[0mGET /api/website/catalog/product/search?filter_category=men-fashion%20 [32m200 [0m111.493 ms - 11652[0m
[0mGET /api/website/popular/category-list [36m304 [0m117.800 ms - -[0m
[0mGET /api/website/product/new-arrival [36m304 [0m126.418 ms - -[0m
[0mGET /api/website/category/list [36m304 [0m150.395 ms - -[0m
[0mGET /api/website/product/home-kitchen [36m304 [0m162.143 ms - -[0m
[0mGET /api/website/product/women-fashion [36m304 [0m167.508 ms - -[0m
[0mGET /api/website/catalog/category/search?queryString=men-fashion [36m304 [0m84.004 ms - -[0m
[0mGET /api/website/catalog/product/search?filter_category=men-fashion%20 [36m304 [0m76.096 ms - -[0m
[0mGET /api/website/popular/category-list [36m304 [0m38.105 ms - -[0m
[0mGET /api/website/category/list [36m304 [0m93.832 ms - -[0m
[0mGET /api/website/product/new-arrival [36m304 [0m86.873 ms - -[0m
[0mGET /api/website/product/women-fashion [36m304 [0m103.580 ms - -[0m
[0mGET /api/website/product/home-kitchen [36m304 [0m101.468 ms - -[0m
[0mGET /api/website/category/list [32m200 [0m146.146 ms - 25143[0m
[0mGET /api/website/category/list [32m200 [0m235.530 ms - 25143[0m
[0mGET /api/website/product/women-fashion [32m200 [0m322.576 ms - 16124[0m
[0mGET /api/website/category/list [32m200 [0m333.314 ms - 25143[0m
[0mGET /api/website/category/list [32m200 [0m338.365 ms - 25143[0m
[0mGET /api/website/product/new-arrival [32m200 [0m146.720 ms - 38798[0m
[0mGET /api/website/product/home-kitchen [32m200 [0m334.081 ms - 15230[0m
[0mGET /api/website/popular/category-list [32m200 [0m135.524 ms - 8014[0m
[0mGET /api/website/popular/category-list [36m304 [0m120.590 ms - -[0m
[0mGET /api/website/product/new-arrival [36m304 [0m126.586 ms - -[0m
[0mGET /api/website/product/home-kitchen [36m304 [0m136.192 ms - -[0m
[0mGET /api/website/product/women-fashion [36m304 [0m151.098 ms - -[0m
[0mGET /api/website/product/detail?productId=5828&slug=samsung-galaxy-f22-64-gb-ram-4-gb-white [32m200 [0m157.868 ms - 11535[0m
[0mGET /api/website/category/list [36m304 [0m71.981 ms - -[0m
[0mGET /api/website/category/list [36m304 [0m25.057 ms - -[0m
[0mGET /api/website/product/detail?productId=5451&slug=samsung-galaxy-f22-ram-4-gb-64-gb-rom-blue [32m200 [0m469.626 ms - 11540[0m
[0mGET /api/website/relatedProduct?productId=5451&slug=samsung-galaxy-f22-ram-4-gb-64-gb-rom-blue [32m200 [0m467.569 ms - 2550[0m
[0mGET /api/website/category/list [36m304 [0m86.444 ms - -[0m
[0mGET /api/website/category/list [36m304 [0m78.198 ms - -[0m
[0mGET /api/website/category/list [36m304 [0m49.065 ms - -[0m
[0mGET /api/website/category/list [36m304 [0m24.962 ms - -[0m
[0mGET /api/website/product/detail?productId=5451&slug=samsung-galaxy-f22-ram-4-gb-64-gb-rom-blue [36m304 [0m227.230 ms - -[0m
[0mGET /api/website/relatedProduct?productId=5451&slug=samsung-galaxy-f22-ram-4-gb-64-gb-rom-blue [36m304 [0m221.728 ms - -[0m
[0mGET /api/website/category/list [36m304 [0m44.058 ms - -[0m
[0mGET /api/website/category/list [36m304 [0m36.853 ms - -[0m
[0mGET /api/website/product/detail?productId=5450&slug=samsung-galaxy-f22-ram-4-gb-64-gb-rom-white [32m200 [0m127.783 ms - 11535[0m
[0mGET /api/website/relatedProduct?productId=5450&slug=samsung-galaxy-f22-ram-4-gb-64-gb-rom-white [32m200 [0m124.209 ms - 2550[0m
[0mGET /api/website/category/list [36m304 [0m36.535 ms - -[0m
[0mGET /api/website/category/list [36m304 [0m43.156 ms - -[0m
[0mGET /api/website/category/list [36m304 [0m37.154 ms - -[0m
[0mGET /api/website/relatedProduct?productId=5451&slug=samsung-galaxy-f22-ram-4-gb-64-gb-rom-blue [36m304 [0m89.932 ms - -[0m
[0mGET /api/website/product/detail?productId=5451&slug=samsung-galaxy-f22-ram-4-gb-64-gb-rom-blue [36m304 [0m146.209 ms - -[0m
[0mGET /api/website/category/list [36m304 [0m66.945 ms - -[0m
[0mGET /api/website/category/list [36m304 [0m44.569 ms - -[0m
[0mGET /api/website/popular/category-list [36m304 [0m36.684 ms - -[0m
[0mGET /api/website/product/new-arrival [36m304 [0m88.628 ms - -[0m
[0mGET /api/website/product/home-kitchen [36m304 [0m90.854 ms - -[0m
[0mGET /api/website/product/women-fashion [36m304 [0m90.135 ms - -[0m
[0mGET /api/website/category/list [32m200 [0m221.461 ms - 25143[0m
[0mGET /api/website/category/list [32m200 [0m207.890 ms - 25143[0m
[0mGET /api/website/category/list [32m200 [0m217.574 ms - 25143[0m
[0mGET /api/website/category/list [32m200 [0m269.914 ms - 25143[0m
[0mGET /api/website/product/men-fashion [32m200 [0m290.879 ms - 15256[0m
[0mGET /api/website/product/home-kitchen [32m200 [0m290.085 ms - 15230[0m
[0mGET /api/website/popular/category-list [32m200 [0m34.281 ms - 8014[0m
[0mGET /api/website/product/new-arrival [32m200 [0m100.974 ms - 38798[0m
[0mGET /api/website/product/women-fashion [32m200 [0m119.615 ms - 16124[0m
[0mGET /api/website/popular/category-list [36m304 [0m125.752 ms - -[0m
[0mGET /api/website/product/new-arrival [36m304 [0m139.831 ms - -[0m
[0mGET /api/website/product/women-fashion [36m304 [0m195.365 ms - -[0m
[0mGET /api/website/product/men-fashion [36m304 [0m206.066 ms - -[0m
[0mGET /api/website/product/home-kitchen [36m304 [0m211.378 ms - -[0m
[0mGET /api/website/popular/category-list [36m304 [0m81.549 ms - -[0m
[0mGET /api/website/product/men-fashion [36m304 [0m119.133 ms - -[0m
[0mGET /api/website/product/new-arrival [36m304 [0m116.329 ms - -[0m
[0mGET /api/website/product/home-kitchen [36m304 [0m117.913 ms - -[0m
[0mGET /api/website/product/women-fashion [36m304 [0m117.998 ms - -[0m
[0mGET /api/website/popular/category-list [36m304 [0m57.497 ms - -[0m
[0mGET /api/website/product/home-kitchen [36m304 [0m249.581 ms - -[0m
[0mGET /api/website/product/men-fashion [36m304 [0m245.679 ms - -[0m
[0mGET /api/website/product/new-arrival [36m304 [0m237.681 ms - -[0m
[0mGET /api/website/product/women-fashion [36m304 [0m244.334 ms - -[0m
[0mGET /api/website/category/list [32m200 [0m172.573 ms - 25143[0m
[0mGET /api/website/category/list [32m200 [0m165.705 ms - 25143[0m
[0mGET /api/website/category/list [32m200 [0m207.925 ms - 25143[0m
[0mGET /api/website/category/list [32m200 [0m228.151 ms - 25143[0m
[0mGET /api/website/product/home-kitchen [32m200 [0m323.679 ms - 15230[0m
[0mGET /api/website/product/women-fashion [32m200 [0m323.419 ms - 16124[0m
[0mGET /api/website/product/new-arrival [32m200 [0m152.359 ms - 38798[0m
[0mGET /api/website/popular/category-list [32m200 [0m76.833 ms - 8014[0m
[0mGET /api/website/product/men-fashion [32m200 [0m198.120 ms - 15256[0m
[0mGET /api/website/product/detail?productId=5918&slug=necked-round-black-sweater [32m200 [0m88.768 ms - 1988[0m
[0mGET /api/website/relatedProduct?productId=5918&slug=necked-round-black-sweater [32m200 [0m88.284 ms - 2287[0m
[0mGET /api/website/category/list [36m304 [0m107.676 ms - -[0m
[0mGET /api/website/popular/category-list [36m304 [0m89.351 ms - -[0m
[0mGET /api/website/product/new-arrival [36m304 [0m109.405 ms - -[0m
[0mGET /api/website/product/home-kitchen [36m304 [0m114.715 ms - -[0m
[0mGET /api/website/product/women-fashion [36m304 [0m116.208 ms - -[0m
[0mGET /api/website/product/men-fashion [36m304 [0m134.387 ms - -[0m
[0mGET /api/website/product/detail?productId=5966&slug=black-color-burka-for-women-with-dupata [32m200 [0m125.411 ms - 1872[0m
[0mGET /api/website/relatedProduct?productId=5966&slug=black-color-burka-for-women-with-dupata [32m200 [0m117.091 ms - 3615[0m
[0mGET /api/website/popular/category-list [36m304 [0m59.572 ms - -[0m
[0mGET /api/website/category/list [36m304 [0m81.014 ms - -[0m
[0mGET /api/website/product/home-kitchen [36m304 [0m154.556 ms - -[0m
[0mGET /api/website/product/new-arrival [36m304 [0m149.542 ms - -[0m
[0mGET /api/website/product/women-fashion [36m304 [0m152.192 ms - -[0m
[0mGET /api/website/product/men-fashion [36m304 [0m161.211 ms - -[0m
[0mGET /api/website/category/list [36m304 [0m79.592 ms - -[0m
[0mGET /api/website/category/list [36m304 [0m26.979 ms - -[0m
[0mGET /api/website/catalog/category/search?queryString=Cameras [32m200 [0m133.445 ms - 770[0m
[0mGET /api/website/category/list [36m304 [0m48.894 ms - -[0m
[0mGET /api/website/catalog/product/search?filter_category=Cameras [32m200 [0m279.252 ms - 62[0m
[0mGET /api/website/popular/category-list [36m304 [0m37.199 ms - -[0m
[0mGET /api/website/category/list [36m304 [0m124.013 ms - -[0m
[0mGET /api/website/product/new-arrival [36m304 [0m114.867 ms - -[0m
[0mGET /api/website/product/home-kitchen [36m304 [0m126.132 ms - -[0m
[0mGET /api/website/product/women-fashion [36m304 [0m127.723 ms - -[0m
[0mGET /api/website/product/men-fashion [36m304 [0m146.398 ms - -[0m
[0mGET /api/website/popular/category-list [36m304 [0m117.111 ms - -[0m
[0mGET /api/website/category/list [36m304 [0m140.603 ms - -[0m
[0mGET /api/website/product/new-arrival [36m304 [0m219.828 ms - -[0m
[0mGET /api/website/product/home-kitchen [36m304 [0m225.750 ms - -[0m
[0mGET /api/website/product/men-fashion [36m304 [0m266.907 ms - -[0m
[0mGET /api/website/product/women-fashion [36m304 [0m266.600 ms - -[0m
[0mGET /api/website/category/list [36m304 [0m97.970 ms - -[0m
[0mGET /api/website/category/list [36m304 [0m81.839 ms - -[0m
[0mGET /api/website/category/list [36m304 [0m68.723 ms - -[0m
[0mGET /api/website/category/list [32m200 [0m137.454 ms - 25143[0m
[0mGET /api/website/category/list [32m200 [0m163.646 ms - 25143[0m
[0mGET /api/website/category/list [32m200 [0m173.914 ms - 25143[0m
[0mGET /api/website/category/list [32m200 [0m243.064 ms - 25143[0m
[0mGET /api/website/product/home-kitchen [32m200 [0m248.515 ms - 15230[0m
[0mGET /api/website/product/women-fashion [32m200 [0m246.064 ms - 16124[0m
[0mGET /api/website/popular/category-list [32m200 [0m106.080 ms - 8014[0m
[0mGET /api/website/product/new-arrival [32m200 [0m108.139 ms - 38798[0m
[0mGET /api/website/product/men-fashion [32m200 [0m148.292 ms - 15256[0m
[0mGET /api/website/category/list [32m200 [0m129.407 ms - 25143[0m
[0mGET /api/website/category/list [32m200 [0m118.251 ms - 25143[0m
[0mGET /api/website/category/list [32m200 [0m120.496 ms - 25143[0m
[0mGET /api/website/category/list [32m200 [0m123.409 ms - 25143[0m
[0mGET /api/website/product/home-kitchen [32m200 [0m192.303 ms - 15230[0m
[0mGET /api/website/product/women-fashion [32m200 [0m191.745 ms - 16124[0m
[0mGET /api/website/popular/category-list [32m200 [0m87.157 ms - 8014[0m
[0mGET /api/website/product/new-arrival [32m200 [0m101.911 ms - 38798[0m
[0mGET /api/website/product/men-fashion [32m200 [0m197.436 ms - 15256[0m
[0mGET /api/website/autosuggest/search?limit=5&query=m [36m304 [0m221.237 ms - -[0m
[0mGET /api/website/autosuggest/search?limit=5&query=mo [36m304 [0m68.993 ms - -[0m
[0mGET /api/website/autosuggest/search?limit=5&query=mob [32m200 [0m22.697 ms - 2090[0m
[0mGET /api/website/autosuggest/search?limit=5&query=mobi [36m304 [0m31.178 ms - -[0m
[0mGET /api/website/autosuggest/search?limit=5&query=mobil [36m304 [0m38.425 ms - -[0m
[0mGET /api/website/autosuggest/search?limit=5&query=mobile [36m304 [0m37.283 ms - -[0m
[0mGET /api/website/catalog/category/search?queryString=electronics-mobile-phones [36m304 [0m71.098 ms - -[0m
[0mGET /api/website/catalog/product/search?filter_category=electronics-mobile-phones%20 [36m304 [0m134.245 ms - -[0m
[0mGET /api/website/catalog/product/search?filter_category=electronics-mobile-phones%20 [36m304 [0m138.069 ms - -[0m
[0mGET /api/website/catalog/product/search?filter_category=electronics-mobile-phones%20 [36m304 [0m126.920 ms - -[0m
[0mGET /api/website/catalog/product/search?filter_category=electronics-mobile-phones%20 [36m304 [0m69.655 ms - -[0m
[0mGET /api/website/catalog/category/search?queryString=android [32m200 [0m96.565 ms - 1792[0m
[0mGET /api/website/catalog/product/search?filter_category=android%20 [32m200 [0m153.540 ms - 11649[0m
[0mGET /api/website/catalog/product/search?filter_category=android%20 [36m304 [0m59.913 ms - -[0m
[0mGET /api/website/catalog/product/search?filter_category=android%20 [36m304 [0m138.910 ms - -[0m
[0mGET /api/website/catalog/product/search?filter_category=android%20 [36m304 [0m96.647 ms - -[0m
[0mGET /api/website/catalog/product/search?filter_category=android%20 [36m304 [0m158.528 ms - -[0m
[0mGET /api/website/catalog/product/search?filter_category=android%20&page=2 [32m200 [0m100.589 ms - 133[0m
[0mGET /api/website/catalog/product/search?filter_category=android%20&page=2 [36m304 [0m71.998 ms - -[0m
[0mGET /api/website/category/list [36m304 [0m95.574 ms - -[0m
[0mGET /api/website/popular/category-list [36m304 [0m71.589 ms - -[0m
[0mGET /api/website/product/new-arrival [36m304 [0m107.766 ms - -[0m
[0mGET /api/website/product/men-fashion [36m304 [0m161.859 ms - -[0m
[0mGET /api/website/product/women-fashion [36m304 [0m166.148 ms - -[0m
[0mGET /api/website/product/home-kitchen [36m304 [0m161.705 ms - -[0m
[0mGET /api/website/category/list [36m304 [0m58.109 ms - -[0m
[0mGET /api/website/category/list [36m304 [0m34.473 ms - -[0m
[0mGET /api/website/catalog/category/search?queryString=Jewellery [32m200 [0m121.242 ms - 1339[0m
[0mGET /api/website/category/list [36m304 [0m41.522 ms - -[0m
[0mGET /api/website/catalog/product/search?filter_category=Jewellery [32m200 [0m177.712 ms - 11628[0m
[0mGET /api/website/catalog/product/search?filter_category=Jewellery [36m304 [0m123.002 ms - -[0m
[0mGET /api/website/catalog/product/search?filter_category=Jewellery [36m304 [0m101.280 ms - -[0m
[0mGET /api/website/catalog/product/search?filter_category=Jewellery [36m304 [0m126.671 ms - -[0m
[0mGET /api/website/popular/category-list [36m304 [0m84.030 ms - -[0m
[0mGET /api/website/product/new-arrival [36m304 [0m91.023 ms - -[0m
[0mGET /api/website/category/list [36m304 [0m108.191 ms - -[0m
[0mGET /api/website/product/home-kitchen [36m304 [0m134.342 ms - -[0m
[0mGET /api/website/product/men-fashion [36m304 [0m157.619 ms - -[0m
[0mGET /api/website/product/women-fashion [36m304 [0m157.008 ms - -[0m
[0mGET /api/website/autosuggest/search?limit=5&query=an [32m200 [0m150.990 ms - 122693[0m
[0mGET /api/website/autosuggest/search?limit=5&query=a [32m200 [0m214.683 ms - 348185[0m
[0mGET /api/website/autosuggest/search?limit=5&query=%20o [32m200 [0m210.728 ms - 283772[0m
[0mGET /api/website/autosuggest/search?limit=5&query=%20obi [32m200 [0m19.935 ms - 1859[0m
[0mGET /api/website/autosuggest/search?limit=5&query=%20obil [32m200 [0m24.445 ms - 1859[0m
[0mGET /api/website/autosuggest/search?limit=5&query=%20obi [36m304 [0m23.066 ms - -[0m
[0mGET /api/website/autosuggest/search?limit=5&query=%20ob [32m200 [0m43.143 ms - 5923[0m
[0mGET /api/website/autosuggest/search?limit=5&query=%20o [36m304 [0m173.144 ms - -[0m
[0mGET /api/website/autosuggest/search?limit=5&query=%20 [32m200 [0m162.013 ms - 371871[0m
[0mGET /api/website/autosuggest/search?limit=5&query=%20m [32m200 [0m153.626 ms - 240789[0m
[0mGET /api/website/autosuggest/search?limit=5&query=%20mb [32m200 [0m33.302 ms - 2010[0m
[0mGET /api/website/autosuggest/search?limit=5&query=%20m [36m304 [0m151.011 ms - -[0m
[0mGET /api/website/autosuggest/search?limit=5&query=%20mo [32m200 [0m98.290 ms - 69108[0m
[0mGET /api/website/autosuggest/search?limit=5&query=%20mobi [32m200 [0m32.552 ms - 1859[0m
[0mGET /api/website/autosuggest/search?limit=5&query=%20mobil [32m200 [0m23.195 ms - 1859[0m
[0mGET /api/website/autosuggest/search?limit=5&query=%20mobile [32m200 [0m29.136 ms - 301[0m
[0mOPTIONS /api/auth/rootLogin [32m204 [0m2.278 ms - 0[0m
[0mPOST /api/auth/rootLogin [32m200 [0m312.564 ms - 211[0m
[0mOPTIONS /api/order/notifications [32m204 [0m0.695 ms - 0[0m
[0mOPTIONS /api/order/list [32m204 [0m0.793 ms - 0[0m
[0mOPTIONS /api/order/count [32m204 [0m0.635 ms - 0[0m
[0mGET /api/order/count [32m200 [0m39.846 ms - 196[0m
[0mPOST /api/order/list [32m200 [0m64.950 ms - 8809[0m
[0mGET /api/order/notifications [32m200 [0m71.578 ms - 36[0m
[0mOPTIONS /api/category/list [32m204 [0m0.545 ms - 0[0m
[0mGET /api/category/list [32m200 [0m10.568 ms - 1384[0m
[0mGET /api/order/notifications [36m304 [0m22.567 ms - -[0m
[0mOPTIONS /api/order/notifications [32m204 [0m0.442 ms - 0[0m
[0mOPTIONS /api/order/list [32m204 [0m0.404 ms - 0[0m
[0mOPTIONS /api/order/count [32m204 [0m0.747 ms - 0[0m
[0mGET /api/order/count [36m304 [0m5.416 ms - -[0m
[0mPOST /api/order/list [32m200 [0m15.333 ms - 8809[0m
[0mGET /api/order/notifications [36m304 [0m22.989 ms - -[0m
[0mOPTIONS /api/order/notifications [32m204 [0m0.640 ms - 0[0m
[0mOPTIONS /api/category/admin/main-list [32m204 [0m0.466 ms - 0[0m
[0mGET /api/category/admin/main-list [32m200 [0m9.460 ms - 10154[0m
[0mGET /api/order/notifications [36m304 [0m21.381 ms - -[0m
[0mOPTIONS /api/category/main-list/update [32m204 [0m1.391 ms - 0[0m
[0mPOST /api/category/main-list/update [32m200 [0m48.196 ms - 78[0m
[0mOPTIONS /api/order/notifications [32m204 [0m1.066 ms - 0[0m
[0mOPTIONS /api/category/admin/main-list [32m204 [0m0.263 ms - 0[0m
[0mGET /api/category/admin/main-list [32m200 [0m23.186 ms - 10124[0m
[0mGET /api/order/notifications [36m304 [0m35.521 ms - -[0m
[0mOPTIONS /api/category/main/delete?id=11 [32m204 [0m1.165 ms - 0[0m
[0mDELETE /api/category/main/delete?id=11 [32m200 [0m15.659 ms - 78[0m
[0mOPTIONS /api/category/admin/main-list [32m204 [0m0.812 ms - 0[0m
[0mGET /api/category/admin/main-list [32m200 [0m6.491 ms - 9928[0m
[0mOPTIONS /api/order/notifications [32m204 [0m1.007 ms - 0[0m
[0mOPTIONS /api/order/list [32m204 [0m0.747 ms - 0[0m
[0mOPTIONS /api/order/count [32m204 [0m0.673 ms - 0[0m
[0mGET /api/order/count [36m304 [0m8.489 ms - -[0m
[0mPOST /api/order/list [32m200 [0m20.482 ms - 8809[0m
[0mGET /api/order/notifications [36m304 [0m23.415 ms - -[0m
[0mOPTIONS /api/category/create [32m204 [0m1.113 ms - 0[0m
[0mPOST /api/category/create [32m200 [0m11.844 ms - 55[0m
[0mOPTIONS /api/category/admin/main-list [32m204 [0m0.467 ms - 0[0m
[0mGET /api/category/admin/main-list [32m200 [0m8.914 ms - 10157[0m
[0mOPTIONS /api/order/notifications [32m204 [0m0.608 ms - 0[0m
[0mOPTIONS /api/category/admin/main-list [32m204 [0m1.615 ms - 0[0m
[0mOPTIONS /api/category/sub-list [32m204 [0m0.613 ms - 0[0m
[0mGET /api/category/sub-list [32m200 [0m27.079 ms - 42959[0m
[0mGET /api/category/admin/main-list [36m304 [0m31.722 ms - -[0m
[0mGET /api/order/notifications [36m304 [0m41.019 ms - -[0m
[0mOPTIONS /api/category/create-sub [32m204 [0m1.599 ms - 0[0m
[0mPOST /api/category/create-sub [31m500 [0m9.117 ms - 34[0m
[0mOPTIONS /api/category/create-sub [32m204 [0m1.596 ms - 0[0m
[0mPOST /api/category/create-sub [31m500 [0m9.644 ms - 34[0m
[0mOPTIONS /api/category/create-sub [32m204 [0m5.257 ms - 0[0m
[0mPOST /api/category/create-sub [31m500 [0m8.166 ms - 34[0m
[0mOPTIONS /api/category/create-sub [32m204 [0m1.073 ms - 0[0m
[0mPOST /api/category/create-sub [32m200 [0m42.110 ms - 55[0m
[0mOPTIONS /api/category/sub-list [32m204 [0m0.791 ms - 0[0m
[0mGET /api/category/sub-list [32m200 [0m44.404 ms - 43226[0m
[0mOPTIONS /api/order/notifications [32m204 [0m11.386 ms - 0[0m
[0mOPTIONS /api/category/admin/main-list [32m204 [0m8.069 ms - 0[0m
[0mOPTIONS /api/category/sub-list [32m204 [0m0.935 ms - 0[0m
[0mGET /api/category/sub-list [32m200 [0m71.039 ms - 43226[0m
[0mGET /api/category/admin/main-list [32m200 [0m91.647 ms - 10157[0m
[0mGET /api/order/notifications [32m200 [0m104.329 ms - 36[0m
[0mOPTIONS /api/category/sub-list/update [32m204 [0m4.191 ms - 0[0m
[0mPOST /api/category/sub-list/update [32m200 [0m33.573 ms - 58[0m
[0mOPTIONS /api/order/notifications [32m204 [0m0.758 ms - 0[0m
[0mOPTIONS /api/category/admin/main-list [32m204 [0m0.564 ms - 0[0m
[0mOPTIONS /api/category/sub-list [32m204 [0m0.479 ms - 0[0m
[0mGET /api/category/sub-list [32m200 [0m41.461 ms - 43244[0m
[0mGET /api/category/admin/main-list [36m304 [0m51.216 ms - -[0m
[0mGET /api/order/notifications [36m304 [0m56.151 ms - -[0m
[0mOPTIONS /api/order/notifications [32m204 [0m0.493 ms - 0[0m
[0mOPTIONS /api/category/admin/main-list [32m204 [0m1.813 ms - 0[0m
[0mOPTIONS /api/category/list?limit=10&page=1 [32m204 [0m0.766 ms - 0[0m
[0mGET /api/category/list?limit=10&page=1 [32m200 [0m14.937 ms - 1384[0m
[0mGET /api/category/admin/main-list [36m304 [0m17.417 ms - -[0m
[0mGET /api/order/notifications [36m304 [0m28.920 ms - -[0m
[0mOPTIONS /api/category/getAllSubCategory?categoryId=30 [32m204 [0m0.716 ms - 0[0m
[0mGET /api/category/getAllSubCategory?categoryId=30 [32m200 [0m5.386 ms - 310[0m
[0mOPTIONS /api/category/create-sub-child [32m204 [0m0.776 ms - 0[0m
[0mPOST /api/category/create-sub-child [32m200 [0m17.720 ms - 64[0m
[0mOPTIONS /api/category/list [32m204 [0m0.565 ms - 0[0m
[0mGET /api/category/list [32m200 [0m9.121 ms - 1370[0m
[0mOPTIONS /api/order/notifications [32m204 [0m0.411 ms - 0[0m
[0mOPTIONS /api/category/admin/main-list [32m204 [0m0.244 ms - 0[0m
[0mOPTIONS /api/category/list?limit=10&page=1 [32m204 [0m0.268 ms - 0[0m
[0mGET /api/category/list?limit=10&page=1 [32m200 [0m12.157 ms - 1370[0m
[0mGET /api/category/admin/main-list [36m304 [0m17.072 ms - -[0m
[0mGET /api/order/notifications [36m304 [0m23.242 ms - -[0m
[0mOPTIONS /api/category/list?limit=10&page=2 [32m204 [0m0.572 ms - 0[0m
[0mGET /api/category/list?limit=10&page=2 [32m200 [0m9.900 ms - 1305[0m
[0mOPTIONS /api/category/list?limit=10&page=3 [32m204 [0m0.598 ms - 0[0m
[0mGET /api/category/list?limit=10&page=3 [32m200 [0m7.992 ms - 1389[0m
[0mOPTIONS /api/category/list?limit=10&page=4 [32m204 [0m0.626 ms - 0[0m
[0mGET /api/category/list?limit=10&page=4 [32m200 [0m6.513 ms - 1271[0m
[0mOPTIONS /api/category/list?limit=10&page=5 [32m204 [0m0.697 ms - 0[0m
[0mGET /api/category/list?limit=10&page=5 [32m200 [0m9.030 ms - 1349[0m
[0mOPTIONS /api/category/list?limit=10&page=6 [32m204 [0m0.519 ms - 0[0m
[0mGET /api/category/list?limit=10&page=6 [32m200 [0m5.730 ms - 1451[0m
[0mOPTIONS /api/customer/getUserByEmailId [32m204 [0m0.856 ms - 0[0m
[0mOPTIONS /api/customer/getUserByEmailId [32m204 [0m0.745 ms - 0[0m
[0mGET /api/website/category/list [32m200 [0m197.592 ms - 25113[0m
[0mGET /api/website/popular/category-list [32m200 [0m173.581 ms - 6650[0m
[0mGET /api/website/product/men-fashion [36m304 [0m189.598 ms - -[0m
[0mGET /api/website/product/new-arrival [36m304 [0m187.998 ms - -[0m
[0mGET /api/website/product/women-fashion [36m304 [0m233.676 ms - -[0m
[0mGET /api/website/product/home-kitchen [36m304 [0m235.879 ms - -[0m
[0mGET /api/customer/getUserByEmailId [33m403 [0m117.702 ms - 36[0m
[0mGET /api/website/category/list [36m304 [0m127.583 ms - -[0m
[0mGET /api/customer/getUserByEmailId [33m403 [0m43.276 ms - 36[0m
[0mGET /api/website/category/list [36m304 [0m55.886 ms - -[0m
[0mGET /api/website/category/list [36m304 [0m34.518 ms - -[0m
[0mGET /api/website/popular/category-list [36m304 [0m72.850 ms - -[0m
[0mGET /api/website/product/new-arrival [36m304 [0m83.918 ms - -[0m
[0mGET /api/website/product/home-kitchen [36m304 [0m142.940 ms - -[0m
[0mGET /api/website/product/women-fashion [36m304 [0m169.755 ms - -[0m
[0mGET /api/website/category/list [36m304 [0m176.240 ms - -[0m
[0mGET /api/website/product/men-fashion [36m304 [0m172.941 ms - -[0m
[0mGET /api/website/category/list [36m304 [0m31.119 ms - -[0m
[0mGET /api/website/category/list [36m304 [0m25.587 ms - -[0m
[0mGET /api/website/category/list [36m304 [0m42.367 ms - -[0m
[0mGET /api/website/autosuggest/search?limit=5&query=e [32m200 [0m181.263 ms - 337548[0m
[0mGET /api/website/autosuggest/search?limit=5&query=el [32m200 [0m54.045 ms - 39073[0m
[0mGET /api/website/catalog/category/search?queryString=electronics [32m200 [0m59.161 ms - 2331[0m
[0mGET /api/website/catalog/product/search?filter_category=electronics%20 [32m200 [0m78.014 ms - 14607[0m
[0mGET /api/website/autosuggest/search?limit=5&query=e [36m304 [0m174.590 ms - -[0m
[0mGET /api/website/autosuggest/search?limit=5&query=o [32m200 [0m150.140 ms - 283836[0m
[0mGET /api/website/autosuggest/search?limit=5&query=m [32m200 [0m116.294 ms - 240667[0m
[0mGET /api/website/autosuggest/search?limit=5&query=mo [32m200 [0m54.133 ms - 68933[0m
[0mGET /api/website/autosuggest/search?limit=5&query=mob [32m200 [0m22.990 ms - 1915[0m
[0mGET /api/website/autosuggest/search?limit=5&query=mobi [32m200 [0m24.336 ms - 1684[0m
[0mGET /api/website/catalog/category/search?queryString=mobile-phone-accessories [32m200 [0m32.478 ms - 1119[0m
[0mGET /api/website/catalog/product/search?filter_category=mobile-phone-accessories%20 [32m200 [0m73.061 ms - 1774[0m
[0mGET /api/website/catalog/product/search?filter_category=mobile-phone-accessories%20 [36m304 [0m40.161 ms - -[0m
[0mGET /api/website/popular/category-list [36m304 [0m52.677 ms - -[0m
[0mGET /api/website/product/new-arrival [36m304 [0m68.504 ms - -[0m
[0mGET /api/website/category/list [36m304 [0m86.712 ms - -[0m
[0mGET /api/website/product/home-kitchen [36m304 [0m83.350 ms - -[0m
[0mGET /api/website/product/men-fashion [36m304 [0m86.545 ms - -[0m
[0mGET /api/website/product/women-fashion [36m304 [0m104.402 ms - -[0m
[0mGET /api/website/category/list [36m304 [0m80.158 ms - -[0m
[0mGET /api/website/category/list [36m304 [0m41.115 ms - -[0m
[0mGET /api/website/catalog/category/search?queryString=top-wear-for-men [32m200 [0m156.065 ms - 1413[0m
[0mGET /api/website/category/list [36m304 [0m47.271 ms - -[0m
[0mGET /api/website/catalog/product/search?filter_category=top-wear-for-men [32m200 [0m249.130 ms - 4702[0m
[0mGET /api/website/catalog/product/search?filter_category=top-wear-for-men [36m304 [0m68.022 ms - -[0m
[0mGET /api/website/category/list [36m304 [0m54.857 ms - -[0m
[0mGET /api/website/category/list [36m304 [0m25.038 ms - -[0m
[0mGET /api/website/catalog/category/search?queryString=television [32m200 [0m104.343 ms - 727[0m
[0mGET /api/website/category/list [36m304 [0m29.996 ms - -[0m
[0mGET /api/website/catalog/product/search?filter_category=television [32m200 [0m185.128 ms - 62[0m
[0mGET /api/website/autosuggest/search?limit=5&query=t [32m200 [0m149.499 ms - 277254[0m
[0mGET /api/website/autosuggest/search?limit=5&query=tr [32m200 [0m46.057 ms - 42518[0m
[0mGET /api/website/autosuggest/search?limit=5&query=tre [32m200 [0m27.278 ms - 3531[0m
[0mGET /api/website/autosuggest/search?limit=5&query=tr [36m304 [0m46.099 ms - -[0m
[0mGET /api/website/autosuggest/search?limit=5&query=tri [32m200 [0m41.421 ms - 10915[0m
[0mGET /api/website/autosuggest/search?limit=5&query=trim [32m200 [0m35.404 ms - 466[0m
[0mGET /api/website/autosuggest/search?limit=5&query=trimm [32m200 [0m18.951 ms - 466[0m
[0mGET /api/website/catalog/category/search?queryString=Trimmer [32m200 [0m29.010 ms - 612[0m
[0mGET /api/website/catalog/product/search?filter_category=Trimmer%20 [32m200 [0m65.585 ms - 549[0m
[0mGET /api/website/catalog/product/search?filter_category=Trimmer%20 [36m304 [0m50.569 ms - -[0m
[0mGET /api/website/category/list [36m304 [0m75.013 ms - -[0m
[0mGET /api/website/popular/category-list [36m304 [0m67.668 ms - -[0m
[0mGET /api/website/product/new-arrival [36m304 [0m112.070 ms - -[0m
[0mGET /api/website/product/home-kitchen [36m304 [0m117.462 ms - -[0m
[0mGET /api/website/product/women-fashion [36m304 [0m115.995 ms - -[0m
[0mGET /api/website/product/men-fashion [36m304 [0m116.863 ms - -[0m
[0mGET /api/website/catalog/category/search?queryString=women [32m200 [0m206.925 ms - 5610[0m
[0mGET /api/website/catalog/product/search?filter_category=women%20 [32m200 [0m210.612 ms - 14738[0m
[0mGET /api/website/category/list [32m200 [0m187.229 ms - 25113[0m
[0mGET /api/website/category/list [32m200 [0m199.637 ms - 25113[0m
[0mGET /api/website/category/list [32m200 [0m216.392 ms - 25113[0m
[0mGET /api/website/catalog/category/search?queryString=women [32m200 [0m495.480 ms - 5610[0m
[0mGET /api/website/catalog/product/search?filter_category=women [32m200 [0m506.309 ms - 14738[0m
[0mGET /api/website/catalog/category/search?queryString=women [36m304 [0m191.900 ms - -[0m
[0mGET /api/website/catalog/product/search?filter_category=women [36m304 [0m208.133 ms - -[0m
[0mGET /api/website/catalog/product/search?filter_category=women [36m304 [0m93.394 ms - -[0m
[0mGET /api/website/catalog/category/search?queryString=women [36m304 [0m138.693 ms - -[0m
[0mGET /api/website/catalog/product/search?filter_category=women [36m304 [0m155.158 ms - -[0m
[0mGET /api/website/catalog/product/search?filter_category=women [36m304 [0m69.682 ms - -[0m
[0mGET /api/website/catalog/category/search?queryString=women [36m304 [0m182.996 ms - -[0m
[0mGET /api/website/catalog/product/search?filter_category=women [36m304 [0m273.688 ms - -[0m
[0mGET /api/website/catalog/product/search?filter_category=women [36m304 [0m56.732 ms - -[0m
[0mGET /api/website/catalog/category/search?queryString=women [36m304 [0m201.667 ms - -[0m
[0mGET /api/website/catalog/product/search?filter_category=women [36m304 [0m214.367 ms - -[0m
[0mGET /api/website/catalog/product/search?filter_category=women [36m304 [0m72.770 ms - -[0m
[0mGET /api/website/catalog/category/search?queryString=women [36m304 [0m243.628 ms - -[0m
[0mGET /api/website/catalog/product/search?filter_category=women [36m304 [0m244.507 ms - -[0m
[0mGET /api/website/catalog/product/search?filter_category=women [36m304 [0m61.602 ms - -[0m
[0mGET /api/website/catalog/category/search?queryString=women [36m304 [0m161.828 ms - -[0m
[0mGET /api/website/catalog/product/search?filter_category=women [36m304 [0m160.620 ms - -[0m
[0mGET /api/website/catalog/product/search?filter_category=women [36m304 [0m79.876 ms - -[0m
[0mGET /api/website/catalog/category/search?queryString=women [36m304 [0m212.804 ms - -[0m
[0mGET /api/website/catalog/product/search?filter_category=women [36m304 [0m203.639 ms - -[0m
[0mGET /api/website/catalog/product/search?filter_category=women [36m304 [0m71.642 ms - -[0m
[0mGET /api/website/category/list [32m200 [0m125.576 ms - 25113[0m
[0mGET /api/website/category/list [32m200 [0m130.364 ms - 25113[0m
[0mGET /api/website/category/list [32m200 [0m123.034 ms - 25113[0m
[0mGET /api/website/catalog/category/search?queryString=women [32m200 [0m318.152 ms - 5610[0m
[0mGET /api/website/catalog/product/search?filter_category=women [32m200 [0m334.606 ms - 14738[0m
[0mGET /api/website/category/list [36m304 [0m97.968 ms - -[0m
[0mGET /api/website/category/list [36m304 [0m57.307 ms - -[0m
[0mGET /api/website/catalog/category/search?queryString=women [36m304 [0m394.303 ms - -[0m
[0mGET /api/website/catalog/product/search?filter_category=women [36m304 [0m435.027 ms - -[0m
[0mGET /api/website/category/list [36m304 [0m292.830 ms - -[0m
[0mGET /api/website/category/list [32m200 [0m163.722 ms - 25113[0m
[0mGET /api/website/category/list [32m200 [0m158.220 ms - 25113[0m
[0mGET /api/website/category/list [32m200 [0m158.275 ms - 25113[0m
[0mGET /api/website/catalog/category/search?queryString=women [32m200 [0m480.588 ms - 5610[0m
[0mGET /api/website/catalog/product/search?filter_category=women [32m200 [0m489.277 ms - 14738[0m
[0mGET /api/website/category/list [36m304 [0m123.217 ms - -[0m
[0mGET /api/website/category/list [36m304 [0m58.213 ms - -[0m
[0mGET /api/website/catalog/category/search?queryString=women [36m304 [0m388.044 ms - -[0m
[0mGET /api/website/category/list [36m304 [0m224.455 ms - -[0m
[0mGET /api/website/catalog/product/search?filter_category=women [36m304 [0m451.169 ms - -[0m
[0mGET /api/website/category/list [32m200 [0m191.386 ms - 25113[0m
[0mGET /api/website/category/list [32m200 [0m185.657 ms - 25113[0m
[0mGET /api/website/category/list [32m200 [0m141.945 ms - 25113[0m
[0mGET /api/website/catalog/category/search?queryString=women [32m200 [0m362.440 ms - 5610[0m
[0mGET /api/website/catalog/product/search?filter_category=women [32m200 [0m420.016 ms - 14738[0m
[0mGET /api/website/catalog/product/search?filter_category=women [36m304 [0m144.958 ms - -[0m
[0mGET /api/website/catalog/product/search?filter_category=women [36m304 [0m110.869 ms - -[0m
[0mGET /api/website/catalog/product/search?filter_category=women [36m304 [0m186.228 ms - -[0m
[0mGET /api/website/product/detail?productId=6114&slug=pamacare-inhaler-05ml [32m200 [0m96.922 ms - 1416[0m
[0mGET /api/website/relatedProduct?productId=6114&slug=pamacare-inhaler-05ml [32m200 [0m87.919 ms - 925[0m
[0mGET /api/website/catalog/category/search?queryString=women [36m304 [0m195.603 ms - -[0m
[0mGET /api/website/catalog/product/search?filter_category=women [36m304 [0m247.425 ms - -[0m
[0mGET /api/website/category/list [32m200 [0m147.013 ms - 25113[0m
[0mGET /api/website/category/list [32m200 [0m144.603 ms - 25113[0m
[0mGET /api/website/category/list [32m200 [0m146.302 ms - 25113[0m
[0mGET /api/website/catalog/category/search?queryString=women [32m200 [0m406.252 ms - 5610[0m
[0mGET /api/website/catalog/product/search?filter_category=women [32m200 [0m407.439 ms - 14738[0m
[0mGET /api/website/category/list [32m200 [0m152.294 ms - 25113[0m
[0mGET /api/website/category/list [32m200 [0m169.748 ms - 25113[0m
[0mGET /api/website/category/list [32m200 [0m162.476 ms - 25113[0m
[0mGET /api/website/catalog/category/search?queryString=women [32m200 [0m501.250 ms - 5610[0m
[0mGET /api/website/catalog/product/search?filter_category=women [32m200 [0m507.115 ms - 14738[0m
[0mGET /api/website/category/list [36m304 [0m93.312 ms - -[0m
[0mGET /api/website/popular/category-list [36m304 [0m65.094 ms - -[0m
[0mGET /api/website/product/new-arrival [36m304 [0m109.734 ms - -[0m
[0mGET /api/website/product/women-fashion [36m304 [0m165.997 ms - -[0m
[0mGET /api/website/product/men-fashion [36m304 [0m171.398 ms - -[0m
[0mGET /api/website/product/home-kitchen [36m304 [0m169.274 ms - -[0m
[0mGET /api/website/catalog/category/search?queryString=women [36m304 [0m224.051 ms - -[0m
[0mGET /api/website/catalog/product/search?filter_category=women%20 [36m304 [0m220.345 ms - -[0m
[0mGET /api/website/catalog/product/search?filter_category=women%20 [36m304 [0m139.218 ms - -[0m
[0mGET /api/website/catalog/product/search?filter_category=women%20&page=2 [32m200 [0m104.764 ms - 13585[0m
[0mGET /api/website/catalog/product/search?filter_category=women%20&page=3 [32m200 [0m96.433 ms - 13973[0m
[0mGET /api/website/catalog/product/search?filter_category=women%20&page=4 [32m200 [0m78.568 ms - 12716[0m
[0mGET /api/website/catalog/product/search?filter_category=women%20&page=5 [32m200 [0m93.472 ms - 14588[0m
[0mGET /api/website/catalog/product/search?filter_category=women%20&page=6 [32m200 [0m81.757 ms - 468[0m
[0mGET /api/website/catalog/product/search?filter_category=women%20&page=6 [36m304 [0m54.024 ms - -[0m
[0mGET /api/website/catalog/product/search?filter_category=women%20&page=6 [36m304 [0m83.718 ms - -[0m
[0mGET /api/website/popular/category-list [36m304 [0m96.805 ms - -[0m
[0mGET /api/website/product/new-arrival [36m304 [0m107.739 ms - -[0m
[0mGET /api/website/category/list [36m304 [0m124.692 ms - -[0m
[0mGET /api/website/product/men-fashion [36m304 [0m164.922 ms - -[0m
[0mGET /api/website/product/women-fashion [36m304 [0m166.801 ms - -[0m
[0mGET /api/website/product/home-kitchen [36m304 [0m168.891 ms - -[0m
[0mOPTIONS /api/order/list [32m204 [0m3.162 ms - 0[0m
[0mPOST /api/order/list [32m200 [0m83.344 ms - 938[0m
