[0mOPTIONS /api/customer/getUserByEmailId [32m204 [0m1.973 ms - 0[0m
[0mOPTIONS /api/customer/getUserByEmailId [32m204 [0m5.060 ms - 0[0m
[0mGET /api/website/category/list [32m200 [0m120.841 ms - 31029[0m
[0mGET /api/website/category/list [32m200 [0m130.853 ms - 31029[0m
[0mGET /api/website/category/list [32m200 [0m249.694 ms - 31029[0m
[0mGET /api/website/category/list [32m200 [0m253.632 ms - 31029[0m
[0mGET /api/website/product/home-kitchen [32m200 [0m206.620 ms - 15360[0m
[0mGET /api/website/product/women-fashion [32m200 [0m268.702 ms - 14263[0m
[0mGET /api/website/product/new-arrival [32m200 [0m152.068 ms - 29814[0m
[0mGET /api/website/popular/category-list [32m200 [0m156.801 ms - 7790[0m
[0mGET /api/customer/getUserByEmailId [32m200 [0m12.414 ms - 734[0m
[0mGET /api/customer/getUserByEmailId [32m200 [0m9.664 ms - 734[0m
[0mOPTIONS /api/order/notifications [32m204 [0m12.928 ms - 0[0m
[0mOPTIONS /api/order/list [32m204 [0m19.954 ms - 0[0m
[0mOPTIONS /api/order/count [32m204 [0m21.344 ms - 0[0m
[0mGET /api/order/notifications [36m302 [0m115.410 ms - 61[0m
[0mPOST /api/order/list [31m500 [0m78.377 ms - 36[0m
[0mGET /api/order/count [32m200 [0m42.028 ms - 196[0m
[0mOPTIONS /api/customer/getUserByEmailId [32m204 [0m0.523 ms - 0[0m
[0mOPTIONS /api/customer/getUserByEmailId [32m204 [0m0.610 ms - 0[0m
[0mGET /api/website/category/list [32m200 [0m288.547 ms - 31197[0m
[0mGET /api/website/product/new-arrival [32m200 [0m231.265 ms - 29831[0m
[0mGET /api/customer/getUserByEmailId [36m304 [0m368.527 ms - -[0m
[0mGET /api/website/popular/category-list [32m200 [0m289.240 ms - 5213[0m
[0mGET /api/website/product/women-fashion [32m200 [0m382.747 ms - 14676[0m
[0mGET /api/website/category/list [36m304 [0m161.210 ms - -[0m
[0mGET /api/customer/getUserByEmailId [36m304 [0m66.820 ms - -[0m
[0mGET /api/website/category/list [36m304 [0m24.200 ms - -[0m
[0mGET /api/website/category/list [36m304 [0m22.049 ms - -[0m
[0mOPTIONS /api/customer/getUserByEmailId [32m204 [0m12.277 ms - 0[0m
[0mOPTIONS /api/customer/getUserByEmailId [32m204 [0m19.541 ms - 0[0m
[0mGET /api/website/category/list [32m200 [0m226.537 ms - 31197[0m
[0mGET /api/website/category/list [32m200 [0m273.368 ms - 31197[0m
[0mGET /api/website/category/list [32m200 [0m281.401 ms - 31197[0m
[0mGET /api/website/category/list [32m200 [0m422.412 ms - 31197[0m
[0mGET /api/website/product/home-kitchen [32m200 [0m445.034 ms - 15360[0m
[0mGET /api/website/product/women-fashion [32m200 [0m370.915 ms - 14676[0m
[0mGET /api/website/product/new-arrival [32m200 [0m240.940 ms - 29831[0m
[0mGET /api/website/popular/category-list [32m200 [0m116.440 ms - 5213[0m
[0mGET /api/customer/getUserByEmailId [32m200 [0m113.565 ms - 734[0m
[0mGET /api/customer/getUserByEmailId [32m200 [0m45.143 ms - 734[0m
[0mGET /api/website/catalog/category/search?queryString=women [32m200 [0m243.494 ms - 3263[0m
[0mGET /api/website/catalog/product/search?filter_category=women [32m200 [0m231.863 ms - 13252[0m
[0mGET /api/website/popular/category-list [32m200 [0m87.539 ms - 6366[0m
[0mGET /api/website/product/new-arrival [36m304 [0m96.626 ms - -[0m
[0mGET /api/website/category/list [36m304 [0m158.018 ms - -[0m
[0mGET /api/website/product/women-fashion [36m304 [0m160.039 ms - -[0m
[0mGET /api/website/product/home-kitchen [36m304 [0m153.241 ms - -[0m
[0mGET /api/website/catalog/category/search?queryString=household-items [32m200 [0m114.184 ms - 1527[0m
[0mGET /api/website/catalog/product/search?filter_category=household-items%20 [32m200 [0m148.486 ms - 12614[0m
[0mGET /api/website/popular/category-list [36m304 [0m39.317 ms - -[0m
[0mGET /api/website/category/list [36m304 [0m144.375 ms - -[0m
[0mGET /api/website/product/new-arrival [36m304 [0m136.209 ms - -[0m
[0mGET /api/website/product/home-kitchen [36m304 [0m148.244 ms - -[0m
[0mGET /api/website/product/women-fashion [36m304 [0m145.886 ms - -[0m
[0mGET /api/website/catalog/product/search?filter_category=electronics-mobiles-phones [32m200 [0m42.910 ms - 62[0m
[0mGET /api/website/catalog/category/search?queryString=electronics-mobiles-phones [32m200 [0m22.304 ms - 62[0m
[0mGET /api/website/category/list [36m304 [0m148.385 ms - -[0m
[0mGET /api/website/popular/category-list [36m304 [0m127.048 ms - -[0m
[0mGET /api/website/product/home-kitchen [36m304 [0m140.816 ms - -[0m
[0mGET /api/website/product/new-arrival [36m304 [0m135.869 ms - -[0m
[0mGET /api/website/product/women-fashion [36m304 [0m171.364 ms - -[0m
[0mGET /api/website/autosuggest/search?limit=5&query=e [32m200 [0m317.223 ms - 2565[0m
[0mGET /api/website/autosuggest/search?limit=5&query=ele [32m200 [0m34.040 ms - 223[0m
[0mGET /api/website/catalog/category/search?queryString=electronics-mobile-phones [32m200 [0m69.141 ms - 1606[0m
[0mGET /api/website/catalog/product/search?filter_category=electronics-mobile-phones%20 [32m200 [0m81.105 ms - 8278[0m
[0mGET /api/website/category/list [36m304 [0m129.934 ms - -[0m
[0mGET /api/website/popular/category-list [32m200 [0m138.358 ms - 7730[0m
[0mGET /api/website/product/new-arrival [36m304 [0m151.485 ms - -[0m
[0mGET /api/website/product/home-kitchen [36m304 [0m206.603 ms - -[0m
[0mGET /api/website/product/women-fashion [36m304 [0m200.120 ms - -[0m
[0mGET /api/website/autosuggest/search?limit=5&query=el [32m200 [0m126.434 ms - 223[0m
[0mGET /api/website/autosuggest/search?limit=5&query=e [36m304 [0m274.147 ms - -[0m
[0mGET /api/website/autosuggest/search?limit=5&query=el [36m304 [0m112.857 ms - -[0m
[0mGET /api/website/autosuggest/search?limit=5&query=elc [32m200 [0m24.458 ms - 49[0m
[0mGET /api/website/autosuggest/search?limit=5&query=el [36m304 [0m87.357 ms - -[0m
[0mGET /api/website/autosuggest/search?limit=5&query=ele [36m304 [0m56.336 ms - -[0m
[0mGET /api/website/catalog/category/search?queryString=electronics-mobile-phones [36m304 [0m97.644 ms - -[0m
[0mGET /api/website/catalog/product/search?filter_category=electronics-mobile-phones%20 [36m304 [0m122.488 ms - -[0m
