[0mOPTIONS /api/customer/getUserByEmailId [32m204 [0m2.482 ms - 0[0m
[0mOPTIONS /api/customer/getUserByEmailId [32m204 [0m4.749 ms - 0[0m
[0mGET /api/customer/getUserByEmailId [33m401 [0m113.731 ms - 33[0m
[0mGET /api/customer/getUserByEmailId [33m401 [0m125.276 ms - 33[0m
[0mGET /api/website/category/list [32m200 [0m152.587 ms - 31268[0m
[0mGET /api/website/category/list [32m200 [0m148.022 ms - 31268[0m
[0mGET /api/website/category/list [32m200 [0m135.104 ms - 31268[0m
[0mGET /api/website/popular/category-list [36m304 [0m79.769 ms - -[0m
[0mGET /api/website/category/list [36m304 [0m152.525 ms - -[0m
[0mGET /api/website/product/new-arrival [36m304 [0m131.482 ms - -[0m
[0mGET /api/website/product/women-fashion [36m304 [0m192.087 ms - -[0m
[0mGET /api/website/product/home-kitchen [36m304 [0m196.265 ms - -[0m
[0mGET /api/website/category/list [36m304 [0m153.510 ms - -[0m
[0mGET /api/website/category/list [36m304 [0m40.857 ms - -[0m
[0mGET /api/website/category/list [36m304 [0m22.847 ms - -[0m
[0mGET /api/customer/google?callbackURL=http://localhost:3000 [36m302 [0m21.391 ms - 0[0m
[0mGET /api/website/category/list [36m304 [0m48.198 ms - -[0m
[0mGET /api/website/popular/category-list [36m304 [0m23.052 ms - -[0m
[0mGET /api/website/product/new-arrival [36m304 [0m51.520 ms - -[0m
[0mGET /api/website/product/home-kitchen [36m304 [0m134.788 ms - -[0m
[0mGET /api/website/product/women-fashion [36m304 [0m148.342 ms - -[0m
[0mGET /api/website/category/list [36m304 [0m98.068 ms - -[0m
[0mGET /api/website/category/list [36m304 [0m55.706 ms - -[0m
[0mGET /api/website/category/list [36m304 [0m60.346 ms - -[0m
[0mOPTIONS /api/customer/getUserByEmailId [32m204 [0m0.517 ms - 0[0m
[0mGET /api/website/category/list [36m304 [0m55.153 ms - -[0m
[0mGET /api/website/popular/category-list [36m304 [0m8.714 ms - -[0m
[0mGET /api/customer/getUserByEmailId [32m200 [0m40.764 ms - 714[0m
[0mGET /api/website/product/new-arrival [36m304 [0m105.755 ms - -[0m
[0mGET /api/website/product/home-kitchen [36m304 [0m116.088 ms - -[0m
[0mGET /api/website/product/women-fashion [36m304 [0m115.569 ms - -[0m
[0mGET /api/website/category/list [36m304 [0m97.539 ms - -[0m
[0mGET /api/customer/getUserByEmailId [36m304 [0m43.627 ms - -[0m
[0mGET /api/website/category/list [36m304 [0m19.011 ms - -[0m
[0mGET /api/website/category/list [36m304 [0m26.596 ms - -[0m
[0mOPTIONS /api/customer/getUserByEmailId [32m204 [0m1.856 ms - 0[0m
[0mOPTIONS /api/customer/getUserByEmailId [32m204 [0m28.219 ms - 0[0m
[0mGET /api/website/category/list [32m200 [0m133.431 ms - 31268[0m
[0mGET /api/website/category/list [32m200 [0m118.507 ms - 31268[0m
[0mGET /api/website/product/women-fashion [32m200 [0m165.643 ms - 13795[0m
[0mGET /api/website/product/home-kitchen [32m200 [0m172.810 ms - 14596[0m
[0mGET /api/website/popular/category-list [32m200 [0m24.736 ms - 6815[0m
[0mGET /api/website/category/list [32m200 [0m220.374 ms - 31268[0m
[0mGET /api/website/category/list [32m200 [0m221.255 ms - 31268[0m
[0mGET /api/customer/getUserByEmailId [33m401 [0m105.302 ms - 33[0m
[0mGET /api/customer/getUserByEmailId [33m401 [0m105.169 ms - 33[0m
[0mGET /api/website/product/new-arrival [32m200 [0m136.245 ms - 29354[0m
[0mGET /api/website/popular/category-list [36m304 [0m59.100 ms - -[0m
[0mGET /api/website/product/new-arrival [36m304 [0m90.786 ms - -[0m
[0mGET /api/website/category/list [36m304 [0m124.642 ms - -[0m
[0mGET /api/website/product/women-fashion [36m304 [0m174.607 ms - -[0m
[0mGET /api/website/product/home-kitchen [36m304 [0m177.530 ms - -[0m
[0mGET /api/website/category/list [36m304 [0m43.407 ms - -[0m
[0mGET /api/website/category/list [36m304 [0m31.247 ms - -[0m
[0mGET /api/website/category/list [36m304 [0m21.298 ms - -[0m
[0mGET /api/website/category/list [36m304 [0m68.136 ms - -[0m
[0mGET /api/website/category/list [36m304 [0m34.454 ms - -[0m
[0mGET /api/website/category/list [36m304 [0m27.390 ms - -[0m
[0mOPTIONS /api/customer/getUserByEmailId [32m204 [0m1.878 ms - 0[0m
[0mGET /api/customer/getUserByEmailId [33m401 [0m2.657 ms - 36[0m
[0mOPTIONS /api/customer/getUserByEmailId [32m204 [0m20.226 ms - 0[0m
[0mGET /api/customer/getUserByEmailId [33m401 [0m0.589 ms - 36[0m
[0mGET /api/website/category/list [32m200 [0m103.084 ms - 31268[0m
[0mGET /api/website/category/list [32m200 [0m124.062 ms - 31268[0m
[0mGET /api/website/category/list [32m200 [0m128.072 ms - 31268[0m
[0mGET /api/customer/google?callbackURL=http://localhost:3000 [36m302 [0m8.652 ms - 0[0m
[0mGET /api/website/category/list [36m304 [0m116.250 ms - -[0m
[0mGET /api/website/popular/category-list [36m304 [0m85.674 ms - -[0m
[0mGET /api/website/product/new-arrival [36m304 [0m90.835 ms - -[0m
[0mGET /api/website/product/home-kitchen [36m304 [0m186.296 ms - -[0m
[0mGET /api/website/product/women-fashion [36m304 [0m209.860 ms - -[0m
[0mGET /api/website/category/list [36m304 [0m96.206 ms - -[0m
[0mGET /api/website/category/list [36m304 [0m38.478 ms - -[0m
[0mGET /api/website/category/list [36m304 [0m34.125 ms - -[0m
[0mOPTIONS /api/customer/getUserByEmailId [32m204 [0m0.518 ms - 0[0m
[0mGET /api/website/category/list [36m304 [0m85.736 ms - -[0m
[0mGET /api/website/popular/category-list [36m304 [0m51.971 ms - -[0m
[0mGET /api/website/product/new-arrival [36m304 [0m68.492 ms - -[0m
[0mGET /api/website/product/women-fashion [36m304 [0m120.117 ms - -[0m
[0mGET /api/website/product/home-kitchen [36m304 [0m121.075 ms - -[0m
[0mGET /api/customer/getUserByEmailId [32m200 [0m126.593 ms - 714[0m
[0mGET /api/website/category/list [36m304 [0m100.242 ms - -[0m
[0mGET /api/customer/getUserByEmailId [36m304 [0m23.979 ms - -[0m
[0mGET /api/website/category/list [36m304 [0m55.713 ms - -[0m
[0mGET /api/website/category/list [36m304 [0m25.367 ms - -[0m
[0mOPTIONS /api/customer/getUserByEmailId [32m204 [0m0.693 ms - 0[0m
[0mOPTIONS /api/customer/getUserByEmailId [32m204 [0m0.945 ms - 0[0m
[0mGET /api/website/popular/category-list [36m304 [0m69.070 ms - -[0m
[0mGET /api/website/category/list [36m304 [0m93.768 ms - -[0m
[0mGET /api/website/product/new-arrival [36m304 [0m83.211 ms - -[0m
[0mGET /api/customer/getUserByEmailId [36m304 [0m58.379 ms - -[0m
[0mGET /api/website/product/women-fashion [36m304 [0m162.751 ms - -[0m
[0mGET /api/website/product/home-kitchen [36m304 [0m165.973 ms - -[0m
[0mGET /api/website/category/list [36m304 [0m89.943 ms - -[0m
[0mGET /api/customer/getUserByEmailId [36m304 [0m90.457 ms - -[0m
[0mGET /api/website/category/list [36m304 [0m70.588 ms - -[0m
[0mGET /api/website/category/list [36m304 [0m31.565 ms - -[0m
[0mOPTIONS /api/customer/getUserByEmailId [32m204 [0m11.346 ms - 0[0m
[0mOPTIONS /api/customer/getUserByEmailId [32m204 [0m27.488 ms - 0[0m
[0mGET /api/website/category/list [32m200 [0m205.214 ms - 31268[0m
[0mGET /api/website/category/list [32m200 [0m189.972 ms - 31268[0m
[0mGET /api/website/category/list [32m200 [0m195.812 ms - 31268[0m
[0mGET /api/website/product/home-kitchen [32m200 [0m223.361 ms - 14596[0m
[0mGET /api/website/category/list [32m200 [0m348.361 ms - 31268[0m
[0mGET /api/website/product/women-fashion [32m200 [0m269.120 ms - 13795[0m
[0mGET /api/website/popular/category-list [32m200 [0m231.603 ms - 6815[0m
[0mGET /api/website/product/new-arrival [32m200 [0m238.463 ms - 29354[0m
[0mGET /api/customer/getUserByEmailId [32m200 [0m257.371 ms - 714[0m
[0mGET /api/customer/getUserByEmailId [32m200 [0m62.164 ms - 714[0m
[0mOPTIONS /api/customer/getUserByEmailId [32m204 [0m2.745 ms - 0[0m
[0mOPTIONS /api/customer/getUserByEmailId [32m204 [0m4.468 ms - 0[0m
[0mGET /api/website/category/list [36m304 [0m66.314 ms - -[0m
[0mGET /api/customer/getUserByEmailId [36m304 [0m52.417 ms - -[0m
[0mGET /api/website/category/list [36m304 [0m39.188 ms - -[0m
[0mGET /api/customer/getUserByEmailId [36m304 [0m34.631 ms - -[0m
[0mGET /api/website/category/list [36m304 [0m39.006 ms - -[0m
[0mOPTIONS /api/customer/getUserByEmailId [32m204 [0m0.946 ms - 0[0m
[0mGET /api/customer/getUserByEmailId [36m304 [0m24.724 ms - -[0m
[0mGET /api/website/category/list [36m304 [0m34.391 ms - -[0m
[0mGET /api/customer/getUserByEmailId [36m304 [0m10.042 ms - -[0m
[0mGET /api/website/category/list [36m304 [0m20.741 ms - -[0m
[0mGET /api/website/category/list [36m304 [0m24.523 ms - -[0m
[0mOPTIONS /api/customer/getUserByEmailId [32m204 [0m1.537 ms - 0[0m
[0mOPTIONS /api/customer/getUserByEmailId [32m204 [0m7.173 ms - 0[0m
[0mGET /api/customer/getUserByEmailId [32m200 [0m140.242 ms - 714[0m
[0mGET /api/website/category/list [32m200 [0m157.596 ms - 31268[0m
[0mGET /api/customer/getUserByEmailId [32m200 [0m147.707 ms - 714[0m
[0mGET /api/website/category/list [32m200 [0m149.383 ms - 31268[0m
[0mGET /api/website/category/list [32m200 [0m151.609 ms - 31268[0m
[0mOPTIONS /api/customer/getUserByEmailId [32m204 [0m2.799 ms - 0[0m
[0mOPTIONS /api/customer/getUserByEmailId [32m204 [0m5.472 ms - 0[0m
[0mGET /api/website/category/list [32m200 [0m117.621 ms - 31268[0m
[0mGET /api/website/category/list [32m200 [0m145.008 ms - 31268[0m
[0mGET /api/customer/getUserByEmailId [32m200 [0m130.367 ms - 714[0m
[0mGET /api/customer/getUserByEmailId [32m200 [0m127.047 ms - 714[0m
[0mGET /api/website/category/list [32m200 [0m136.901 ms - 31268[0m
[0mOPTIONS /api/customer/getUserByEmailId [32m204 [0m5.173 ms - 0[0m
[0mOPTIONS /api/customer/getUserByEmailId [32m204 [0m10.788 ms - 0[0m
[0mGET /api/website/category/list [32m200 [0m144.219 ms - 31268[0m
[0mGET /api/website/category/list [32m200 [0m137.905 ms - 31268[0m
[0mGET /api/website/category/list [32m200 [0m136.336 ms - 31268[0m
[0mGET /api/customer/getUserByEmailId [32m200 [0m121.364 ms - 714[0m
[0mGET /api/customer/getUserByEmailId [32m200 [0m120.226 ms - 714[0m
[0mOPTIONS /api/customer/getUserByEmailId [32m204 [0m2.263 ms - 0[0m
[0mOPTIONS /api/customer/getUserByEmailId [32m204 [0m12.333 ms - 0[0m
[0mGET /api/website/category/list [32m200 [0m146.103 ms - 31268[0m
[0mGET /api/website/category/list [32m200 [0m145.519 ms - 31268[0m
[0mGET /api/customer/getUserByEmailId [32m200 [0m128.409 ms - 714[0m
[0mGET /api/customer/getUserByEmailId [32m200 [0m136.396 ms - 714[0m
[0mGET /api/website/category/list [32m200 [0m146.964 ms - 31268[0m
[0mOPTIONS /api/customer/getUserByEmailId [32m204 [0m1.444 ms - 0[0m
[0mOPTIONS /api/customer/getUserByEmailId [32m204 [0m13.902 ms - 0[0m
[0mGET /api/website/category/list [32m200 [0m201.935 ms - 31268[0m
[0mGET /api/website/category/list [32m200 [0m209.604 ms - 31268[0m
[0mGET /api/website/category/list [32m200 [0m215.028 ms - 31268[0m
[0mGET /api/customer/getUserByEmailId [32m200 [0m198.668 ms - 714[0m
[0mGET /api/customer/getUserByEmailId [32m200 [0m203.260 ms - 714[0m
[0mOPTIONS /api/customer/getUserByEmailId [32m204 [0m7.470 ms - 0[0m
[0mOPTIONS /api/customer/getUserByEmailId [32m204 [0m2.390 ms - 0[0m
[0mGET /api/website/category/list [32m200 [0m124.100 ms - 31268[0m
[0mGET /api/website/category/list [32m200 [0m133.930 ms - 31268[0m
[0mGET /api/customer/getUserByEmailId [32m200 [0m88.844 ms - 714[0m
[0mGET /api/customer/getUserByEmailId [32m200 [0m128.530 ms - 714[0m
[0mGET /api/website/category/list [32m200 [0m128.793 ms - 31268[0m
[0mOPTIONS /api/customer/getUserByEmailId [32m204 [0m2.330 ms - 0[0m
[0mOPTIONS /api/customer/getUserByEmailId [32m204 [0m4.559 ms - 0[0m
[0mGET /api/website/category/list [32m200 [0m139.149 ms - 31268[0m
[0mGET /api/website/category/list [32m200 [0m156.336 ms - 31268[0m
[0mGET /api/website/category/list [32m200 [0m164.777 ms - 31268[0m
[0mGET /api/customer/getUserByEmailId [32m200 [0m159.476 ms - 714[0m
[0mGET /api/customer/getUserByEmailId [32m200 [0m126.086 ms - 714[0m
[0mOPTIONS /api/customer/getUserByEmailId [32m204 [0m2.697 ms - 0[0m
[0mOPTIONS /api/customer/getUserByEmailId [32m204 [0m17.792 ms - 0[0m
[0mGET /api/website/category/list [32m200 [0m377.099 ms - 31268[0m
[0mGET /api/website/category/list [32m200 [0m372.096 ms - 31268[0m
[0mGET /api/website/category/list [32m200 [0m378.926 ms - 31268[0m
[0mGET /api/customer/getUserByEmailId [32m200 [0m355.061 ms - 714[0m
[0mGET /api/customer/getUserByEmailId [32m200 [0m360.356 ms - 714[0m
[0mOPTIONS /api/customer/getUserByEmailId [32m204 [0m1.917 ms - 0[0m
[0mOPTIONS /api/customer/getUserByEmailId [32m204 [0m8.293 ms - 0[0m
[0mGET /api/website/category/list [32m200 [0m108.696 ms - 31268[0m
[0mGET /api/customer/getUserByEmailId [32m200 [0m100.406 ms - 714[0m
[0mGET /api/website/category/list [32m200 [0m111.928 ms - 31268[0m
[0mGET /api/website/category/list [32m200 [0m114.186 ms - 31268[0m
[0mGET /api/customer/getUserByEmailId [32m200 [0m96.938 ms - 714[0m
[0mOPTIONS /api/customer/getUserByEmailId [32m204 [0m6.072 ms - 0[0m
[0mOPTIONS /api/customer/getUserByEmailId [32m204 [0m11.969 ms - 0[0m
[0mGET /api/website/category/list [32m200 [0m109.289 ms - 31268[0m
[0mGET /api/customer/getUserByEmailId [32m200 [0m89.206 ms - 714[0m
[0mGET /api/website/category/list [32m200 [0m105.321 ms - 31268[0m
[0mGET /api/website/category/list [32m200 [0m119.106 ms - 31268[0m
[0mGET /api/customer/getUserByEmailId [32m200 [0m104.256 ms - 714[0m
[0mOPTIONS /api/customer/getUserByEmailId [32m204 [0m3.048 ms - 0[0m
[0mOPTIONS /api/customer/getUserByEmailId [32m204 [0m2.849 ms - 0[0m
[0mGET /api/website/category/list [36m304 [0m34.791 ms - -[0m
[0mGET /api/customer/getUserByEmailId [36m304 [0m31.286 ms - -[0m
[0mGET /api/customer/getUserByEmailId [36m304 [0m15.970 ms - -[0m
[0mGET /api/website/category/list [36m304 [0m21.224 ms - -[0m
[0mGET /api/website/category/list [36m304 [0m35.484 ms - -[0m
[0mOPTIONS /api/customer/getUserByEmailId [32m204 [0m9.763 ms - 0[0m
[0mOPTIONS /api/customer/getUserByEmailId [32m204 [0m27.561 ms - 0[0m
[0mGET /api/website/category/list [32m200 [0m236.778 ms - 31268[0m
[0mGET /api/website/category/list [32m200 [0m229.184 ms - 31268[0m
[0mGET /api/website/category/list [32m200 [0m229.972 ms - 31268[0m
[0mOPTIONS /api/customer/getUserByEmailId [32m204 [0m4.739 ms - 0[0m
[0mOPTIONS /api/customer/getUserByEmailId [32m204 [0m22.788 ms - 0[0m
[0mGET /api/customer/getUserByEmailId [32m200 [0m210.885 ms - 714[0m
[0mGET /api/website/category/list [32m200 [0m213.112 ms - 31268[0m
[0mGET /api/website/category/list [32m200 [0m214.610 ms - 31268[0m
[0mGET /api/customer/getUserByEmailId [32m200 [0m180.625 ms - 714[0m
[0mGET /api/website/category/list [32m200 [0m222.035 ms - 31268[0m
[0mOPTIONS /api/customer/getUserByEmailId [32m204 [0m5.318 ms - 0[0m
[0mOPTIONS /api/customer/getUserByEmailId [32m204 [0m28.692 ms - 0[0m
[0mGET /api/customer/getUserByEmailId [32m200 [0m133.996 ms - 714[0m
[0mGET /api/customer/getUserByEmailId [32m200 [0m138.744 ms - 714[0m
[0mGET /api/website/category/list [32m200 [0m192.363 ms - 31268[0m
[0mGET /api/website/category/list [32m200 [0m193.495 ms - 31268[0m
[0mGET /api/website/category/list [32m200 [0m190.265 ms - 31268[0m
[0mOPTIONS /api/customer/getUserByEmailId [32m204 [0m5.808 ms - 0[0m
[0mOPTIONS /api/customer/getUserByEmailId [32m204 [0m25.553 ms - 0[0m
[0mGET /api/website/category/list [32m200 [0m211.433 ms - 31268[0m
[0mGET /api/website/category/list [32m200 [0m209.246 ms - 31268[0m
[0mGET /api/customer/getUserByEmailId [32m200 [0m185.100 ms - 714[0m
[0mGET /api/customer/getUserByEmailId [32m200 [0m179.224 ms - 714[0m
[0mGET /api/website/category/list [32m200 [0m224.742 ms - 31268[0m
[0mGET /api/website/popular/category-list [36m304 [0m88.975 ms - -[0m
[0mGET /api/website/product/new-arrival [36m304 [0m106.416 ms - -[0m
[0mGET /api/website/category/list [36m304 [0m135.852 ms - -[0m
[0mGET /api/website/product/women-fashion [36m304 [0m219.437 ms - -[0m
[0mGET /api/website/product/home-kitchen [36m304 [0m220.207 ms - -[0m
[0mOPTIONS /api/customer/getUserByEmailId [32m204 [0m10.372 ms - 0[0m
[0mOPTIONS /api/customer/getUserByEmailId [32m204 [0m9.771 ms - 0[0m
[0mGET /api/website/popular/category-list [36m304 [0m81.481 ms - -[0m
[0mGET /api/website/category/list [36m304 [0m112.720 ms - -[0m
[0mGET /api/website/product/women-fashion [36m304 [0m178.560 ms - -[0m
[0mGET /api/website/product/new-arrival [36m304 [0m167.791 ms - -[0m
[0mGET /api/customer/getUserByEmailId [36m304 [0m180.799 ms - -[0m
[0mGET /api/website/product/home-kitchen [36m304 [0m238.407 ms - -[0m
[0mGET /api/website/category/list [36m304 [0m123.008 ms - -[0m
[0mGET /api/customer/getUserByEmailId [36m304 [0m51.652 ms - -[0m
[0mGET /api/website/category/list [36m304 [0m40.082 ms - -[0m
[0mGET /api/website/category/list [36m304 [0m52.933 ms - -[0m
[0mOPTIONS /api/customer/getUserByEmailId [32m204 [0m4.875 ms - 0[0m
[0mOPTIONS /api/customer/getUserByEmailId [32m204 [0m3.679 ms - 0[0m
[0mGET /api/website/category/list [32m200 [0m87.948 ms - 31268[0m
[0mGET /api/website/category/list [32m200 [0m116.470 ms - 31268[0m
[0mGET /api/website/category/list [32m200 [0m116.933 ms - 31268[0m
[0mGET /api/website/product/home-kitchen [32m200 [0m120.202 ms - 14596[0m
[0mGET /api/website/category/list [32m200 [0m173.996 ms - 31268[0m
[0mGET /api/website/product/women-fashion [32m200 [0m182.194 ms - 13795[0m
[0mGET /api/website/product/new-arrival [32m200 [0m103.391 ms - 29354[0m
[0mGET /api/website/popular/category-list [32m200 [0m61.942 ms - 6815[0m
[0mGET /api/customer/getUserByEmailId [32m200 [0m75.129 ms - 714[0m
[0mGET /api/customer/getUserByEmailId [32m200 [0m54.097 ms - 714[0m
[0mOPTIONS /api/customer/getUserByEmailId [32m204 [0m5.089 ms - 0[0m
[0mOPTIONS /api/customer/getUserByEmailId [32m204 [0m11.557 ms - 0[0m
[0mGET /api/website/category/list [32m200 [0m267.263 ms - 31268[0m
[0mGET /api/website/category/list [32m200 [0m257.992 ms - 31268[0m
[0mGET /api/website/product/new-arrival [32m200 [0m187.294 ms - 29354[0m
[0mGET /api/website/category/list [32m200 [0m261.506 ms - 31268[0m
[0mGET /api/website/category/list [32m200 [0m311.467 ms - 31268[0m
[0mGET /api/website/product/home-kitchen [32m200 [0m319.612 ms - 14596[0m
[0mGET /api/website/popular/category-list [32m200 [0m81.735 ms - 6815[0m
[0mGET /api/customer/getUserByEmailId [32m200 [0m94.891 ms - 714[0m
[0mGET /api/customer/getUserByEmailId [32m200 [0m110.262 ms - 714[0m
[0mGET /api/website/product/women-fashion [32m200 [0m144.906 ms - 13795[0m
[0mOPTIONS /api/customer/getUserByEmailId [32m204 [0m1.418 ms - 0[0m
[0mGET /api/customer/getUserByEmailId [36m304 [0m19.138 ms - -[0m
[0mOPTIONS /api/customer/getUserByEmailId [32m204 [0m1.283 ms - 0[0m
[0mGET /api/customer/getUserByEmailId [36m304 [0m13.025 ms - -[0m
[0mOPTIONS /api/customer/getUserByEmailId [32m204 [0m2.787 ms - 0[0m
[0mOPTIONS /api/customer/getUserByEmailId [32m204 [0m19.277 ms - 0[0m
[0mGET /api/website/category/list [32m200 [0m229.721 ms - 31268[0m
[0mGET /api/website/product/new-arrival [32m200 [0m158.965 ms - 29354[0m
[0mGET /api/website/category/list [32m200 [0m226.784 ms - 31268[0m
[0mGET /api/website/category/list [32m200 [0m230.403 ms - 31268[0m
[0mGET /api/website/category/list [32m200 [0m235.035 ms - 31268[0m
[0mGET /api/website/popular/category-list [32m200 [0m39.116 ms - 6815[0m
[0mGET /api/website/product/home-kitchen [32m200 [0m257.744 ms - 14596[0m
[0mGET /api/customer/getUserByEmailId [32m200 [0m45.501 ms - 714[0m
[0mGET /api/customer/getUserByEmailId [32m200 [0m31.876 ms - 714[0m
[0mGET /api/website/product/women-fashion [32m200 [0m100.667 ms - 13795[0m
[0mOPTIONS /api/customer/getUserByEmailId [32m204 [0m2.422 ms - 0[0m
[0mOPTIONS /api/customer/getUserByEmailId [32m204 [0m15.969 ms - 0[0m
[0mGET /api/website/category/list [32m200 [0m146.982 ms - 31268[0m
[0mGET /api/website/category/list [32m200 [0m144.973 ms - 31268[0m
[0mGET /api/website/category/list [32m200 [0m151.363 ms - 31268[0m
[0mGET /api/customer/getUserByEmailId [32m200 [0m159.882 ms - 714[0m
[0mGET /api/website/category/list [32m200 [0m183.115 ms - 31268[0m
[0mGET /api/website/product/home-kitchen [32m200 [0m88.765 ms - 14596[0m
[0mGET /api/website/popular/category-list [32m200 [0m68.791 ms - 6815[0m
[0mGET /api/website/product/new-arrival [32m200 [0m75.161 ms - 29354[0m
[0mGET /api/customer/getUserByEmailId [32m200 [0m87.434 ms - 714[0m
[0mGET /api/website/product/women-fashion [32m200 [0m131.928 ms - 13795[0m
[0mOPTIONS /api/customer/getUserByEmailId [32m204 [0m2.662 ms - 0[0m
[0mOPTIONS /api/customer/getUserByEmailId [32m204 [0m7.419 ms - 0[0m
[0mGET /api/website/category/list [32m200 [0m200.901 ms - 31268[0m
[0mGET /api/website/category/list [32m200 [0m185.915 ms - 31268[0m
[0mGET /api/website/category/list [32m200 [0m187.987 ms - 31268[0m
[0mGET /api/website/category/list [32m200 [0m257.318 ms - 31268[0m
[0mGET /api/website/product/women-fashion [32m200 [0m188.713 ms - 13795[0m
[0mGET /api/website/product/home-kitchen [32m200 [0m249.645 ms - 14596[0m
[0mGET /api/website/popular/category-list [32m200 [0m64.170 ms - 6815[0m
[0mGET /api/website/product/new-arrival [32m200 [0m112.802 ms - 29354[0m
[0mGET /api/customer/getUserByEmailId [32m200 [0m93.322 ms - 714[0m
[0mGET /api/customer/getUserByEmailId [32m200 [0m67.667 ms - 714[0m
[0mOPTIONS /api/customer/getUserByEmailId [32m204 [0m1.294 ms - 0[0m
[0mGET /api/customer/getUserByEmailId [36m304 [0m14.710 ms - -[0m
[0mOPTIONS /api/customer/getUserByEmailId [32m204 [0m3.329 ms - 0[0m
[0mGET /api/customer/getUserByEmailId [36m304 [0m23.262 ms - -[0m
[0mOPTIONS /api/customer/getUserByEmailId [32m204 [0m1.839 ms - 0[0m
[0mOPTIONS /api/customer/getUserByEmailId [32m204 [0m3.305 ms - 0[0m
[0mGET /api/website/category/list [32m200 [0m126.556 ms - 31268[0m
[0mGET /api/website/category/list [32m200 [0m134.421 ms - 31268[0m
[0mGET /api/website/category/list [32m200 [0m131.865 ms - 31268[0m
[0mGET /api/website/category/list [32m200 [0m146.551 ms - 31268[0m
[0mGET /api/website/product/home-kitchen [32m200 [0m164.351 ms - 14596[0m
[0mGET /api/customer/getUserByEmailId [32m200 [0m118.005 ms - 714[0m
[0mGET /api/website/popular/category-list [32m200 [0m19.296 ms - 6815[0m
[0mGET /api/customer/getUserByEmailId [32m200 [0m19.032 ms - 714[0m
[0mGET /api/website/product/new-arrival [32m200 [0m92.924 ms - 29354[0m
[0mGET /api/website/product/women-fashion [32m200 [0m109.137 ms - 13795[0m
[0mOPTIONS /api/customer/getUserByEmailId [32m204 [0m4.479 ms - 0[0m
[0mGET /api/customer/getUserByEmailId [36m304 [0m46.629 ms - -[0m
[0mOPTIONS /api/customer/getUserByEmailId [32m204 [0m0.633 ms - 0[0m
[0mOPTIONS /api/customer/getUserByEmailId [32m204 [0m1.766 ms - 0[0m
[0mGET /api/website/category/list [32m200 [0m143.597 ms - 31268[0m
[0mGET /api/website/category/list [32m200 [0m139.043 ms - 31268[0m
[0mGET /api/website/category/list [32m200 [0m133.206 ms - 31268[0m
[0mGET /api/customer/getUserByEmailId [32m200 [0m121.013 ms - 714[0m
[0mGET /api/website/category/list [32m200 [0m162.118 ms - 31268[0m
[0mGET /api/website/product/home-kitchen [32m200 [0m136.360 ms - 14596[0m
[0mGET /api/website/product/new-arrival [32m200 [0m72.812 ms - 29354[0m
[0mGET /api/website/popular/category-list [32m200 [0m65.000 ms - 6815[0m
[0mGET /api/customer/getUserByEmailId [32m200 [0m29.878 ms - 714[0m
[0mGET /api/website/product/women-fashion [32m200 [0m105.040 ms - 13795[0m
[0mOPTIONS /api/customer/getUserByEmailId [32m204 [0m5.225 ms - 0[0m
[0mOPTIONS /api/customer/getUserByEmailId [32m204 [0m11.059 ms - 0[0m
[0mGET /api/website/category/list [32m200 [0m174.331 ms - 31268[0m
[0mGET /api/website/category/list [32m200 [0m164.043 ms - 31268[0m
[0mGET /api/website/popular/category-list [32m200 [0m148.060 ms - 6815[0m
[0mGET /api/website/product/new-arrival [32m200 [0m150.701 ms - 29354[0m
[0mGET /api/website/category/list [32m200 [0m176.073 ms - 31268[0m
[0mGET /api/website/category/list [32m200 [0m178.058 ms - 31268[0m
[0mGET /api/customer/getUserByEmailId [32m200 [0m28.566 ms - 714[0m
[0mGET /api/customer/getUserByEmailId [32m200 [0m93.372 ms - 714[0m
[0mGET /api/website/product/home-kitchen [32m200 [0m99.442 ms - 14596[0m
[0mGET /api/website/product/women-fashion [32m200 [0m98.717 ms - 13795[0m
[0mOPTIONS /api/customer/getUserByEmailId [32m204 [0m3.600 ms - 0[0m
[0mOPTIONS /api/customer/getUserByEmailId [32m204 [0m10.321 ms - 0[0m
[0mGET /api/website/category/list [32m200 [0m146.707 ms - 31268[0m
[0mGET /api/website/category/list [32m200 [0m160.406 ms - 31268[0m
[0mGET /api/website/category/list [32m200 [0m162.032 ms - 31268[0m
[0mGET /api/website/category/list [32m200 [0m180.119 ms - 31268[0m
[0mGET /api/website/product/women-fashion [32m200 [0m181.504 ms - 13795[0m
[0mGET /api/website/product/home-kitchen [32m200 [0m217.286 ms - 14596[0m
[0mGET /api/website/popular/category-list [32m200 [0m108.850 ms - 6815[0m
[0mGET /api/website/product/new-arrival [32m200 [0m116.754 ms - 29354[0m
[0mGET /api/customer/getUserByEmailId [32m200 [0m56.050 ms - 714[0m
[0mGET /api/customer/getUserByEmailId [32m200 [0m26.735 ms - 714[0m
[0mOPTIONS /api/customer/getUserByEmailId [32m204 [0m1.917 ms - 0[0m
[0mOPTIONS /api/customer/getUserByEmailId [32m204 [0m11.256 ms - 0[0m
[0mGET /api/website/category/list [32m200 [0m128.512 ms - 31268[0m
[0mGET /api/customer/getUserByEmailId [32m200 [0m121.811 ms - 714[0m
[0mGET /api/website/category/list [32m200 [0m123.587 ms - 31268[0m
[0mGET /api/website/category/list [32m200 [0m125.156 ms - 31268[0m
[0mGET /api/customer/getUserByEmailId [32m200 [0m75.631 ms - 714[0m
[0mOPTIONS /api/customer/getUserByEmailId [32m204 [0m2.035 ms - 0[0m
[0mOPTIONS /api/customer/getUserByEmailId [32m204 [0m0.471 ms - 0[0m
[0mGET /api/customer/getUserByEmailId [33m401 [0m98.701 ms - 33[0m
[0mGET /api/customer/getUserByEmailId [33m401 [0m96.831 ms - 33[0m
[0mGET /api/website/category/list [32m200 [0m129.471 ms - 31268[0m
[0mGET /api/website/category/list [32m200 [0m127.634 ms - 31268[0m
[0mGET /api/website/category/list [32m200 [0m131.773 ms - 31268[0m
[0mGET /api/website/popular/category-list [36m304 [0m40.766 ms - -[0m
[0mGET /api/website/category/list [36m304 [0m108.554 ms - -[0m
[0mGET /api/website/product/new-arrival [36m304 [0m93.751 ms - -[0m
[0mGET /api/website/product/women-fashion [36m304 [0m204.838 ms - -[0m
[0mGET /api/website/product/home-kitchen [36m304 [0m208.319 ms - -[0m
[0mGET /api/website/category/list [36m304 [0m75.561 ms - -[0m
[0mGET /api/website/category/list [36m304 [0m21.332 ms - -[0m
[0mGET /api/website/category/list [36m304 [0m21.310 ms - -[0m
[0mGET /api/customer/google?callbackURL=http://localhost:3000 [36m302 [0m12.692 ms - 0[0m
[0mGET /api/website/category/list [36m304 [0m63.561 ms - -[0m
[0mGET /api/website/popular/category-list [36m304 [0m26.531 ms - -[0m
[0mGET /api/website/product/new-arrival [36m304 [0m70.302 ms - -[0m
[0mGET /api/website/product/home-kitchen [36m304 [0m74.283 ms - -[0m
[0mGET /api/website/product/women-fashion [36m304 [0m147.792 ms - -[0m
[0mGET /api/website/category/list [36m304 [0m89.878 ms - -[0m
[0mGET /api/website/category/list [36m304 [0m40.825 ms - -[0m
[0mGET /api/website/category/list [36m304 [0m35.786 ms - -[0m
[0mOPTIONS /api/customer/getUserByEmailId [32m204 [0m1.340 ms - 0[0m
[0mGET /api/customer/getUserByEmailId [32m200 [0m30.646 ms - 714[0m
[0mGET /api/website/category/list [36m304 [0m63.206 ms - -[0m
[0mGET /api/website/popular/category-list [36m304 [0m26.901 ms - -[0m
[0mGET /api/customer/getUserByEmailId [32m200 [0m124.008 ms - 714[0m
[0mGET /api/website/product/new-arrival [36m304 [0m119.740 ms - -[0m
[0mGET /api/website/product/home-kitchen [36m304 [0m138.018 ms - -[0m
[0mGET /api/website/product/women-fashion [36m304 [0m137.670 ms - -[0m
[0mGET /api/website/category/list [36m304 [0m65.128 ms - -[0m
[0mGET /api/customer/getUserByEmailId [36m304 [0m43.414 ms - -[0m
[0mGET /api/website/category/list [36m304 [0m38.881 ms - -[0m
[0mGET /api/website/category/list [36m304 [0m34.475 ms - -[0m
[0mOPTIONS /api/customer/getUserByEmailId [32m204 [0m1.791 ms - 0[0m
[0mOPTIONS /api/customer/getUserByEmailId [32m204 [0m20.406 ms - 0[0m
[0mGET /api/website/category/list [32m200 [0m210.689 ms - 31268[0m
[0mGET /api/website/category/list [32m200 [0m211.677 ms - 31268[0m
[0mGET /api/customer/getUserByEmailId [32m200 [0m196.164 ms - 714[0m
[0mGET /api/customer/getUserByEmailId [32m200 [0m192.724 ms - 714[0m
[0mGET /api/website/category/list [32m200 [0m223.774 ms - 31268[0m
[0mOPTIONS /api/customer/getUserByEmailId [32m204 [0m1.489 ms - 0[0m
[0mOPTIONS /api/customer/getUserByEmailId [32m204 [0m6.663 ms - 0[0m
[0mGET /api/website/category/list [32m200 [0m148.976 ms - 31268[0m
[0mGET /api/website/category/list [32m200 [0m143.535 ms - 31268[0m
[0mGET /api/customer/getUserByEmailId [32m200 [0m144.717 ms - 714[0m
[0mGET /api/customer/getUserByEmailId [32m200 [0m81.817 ms - 714[0m
[0mGET /api/website/category/list [32m200 [0m147.416 ms - 31268[0m
[0mGET /api/website/category/list [36m304 [0m109.528 ms - -[0m
[0mGET /api/website/popular/category-list [36m304 [0m91.529 ms - -[0m
[0mGET /api/website/product/new-arrival [36m304 [0m100.019 ms - -[0m
[0mGET /api/website/product/home-kitchen [36m304 [0m176.510 ms - -[0m
[0mGET /api/website/product/women-fashion [36m304 [0m173.493 ms - -[0m
[0mOPTIONS /api/customer/getUserByEmailId [32m204 [0m6.506 ms - 0[0m
[0mOPTIONS /api/customer/getUserByEmailId [32m204 [0m6.033 ms - 0[0m
[0mGET /api/customer/getUserByEmailId [33m401 [0m58.590 ms - 33[0m
[0mGET /api/website/category/list [36m304 [0m141.317 ms - -[0m
[0mGET /api/website/popular/category-list [36m304 [0m98.101 ms - -[0m
[0mGET /api/website/product/new-arrival [36m304 [0m124.692 ms - -[0m
[0mGET /api/customer/getUserByEmailId [33m401 [0m24.653 ms - 33[0m
[0mGET /api/website/category/list [0m- [0m- ms - -[0m
[0mGET /api/website/product/women-fashion [36m304 [0m255.090 ms - -[0m
[0mGET /api/website/product/home-kitchen [36m304 [0m239.346 ms - -[0m
[0mGET /api/website/popular/category-list [36m304 [0m59.953 ms - -[0m
[0mGET /api/website/product/new-arrival [36m304 [0m62.215 ms - -[0m
[0mGET /api/website/category/list [32m200 [0m73.676 ms - 31268[0m
[0mGET /api/website/product/home-kitchen [32m200 [0m109.969 ms - 14596[0m
[0mGET /api/website/product/women-fashion [32m200 [0m109.034 ms - 13795[0m
[0mGET /api/website/category/list [36m304 [0m51.333 ms - -[0m
[0mGET /api/website/category/list [36m304 [0m22.839 ms - -[0m
[0mGET /api/website/category/list [36m304 [0m22.299 ms - -[0m
[0mGET /api/customer/google?callbackURL=http://localhost:3000 [36m302 [0m12.086 ms - 0[0m
[0mGET /api/website/popular/category-list [36m304 [0m65.277 ms - -[0m
[0mGET /api/website/product/new-arrival [36m304 [0m70.218 ms - -[0m
[0mGET /api/website/category/list [36m304 [0m80.671 ms - -[0m
[0mGET /api/website/product/women-fashion [36m304 [0m140.386 ms - -[0m
[0mGET /api/website/product/home-kitchen [36m304 [0m141.958 ms - -[0m
[0mGET /api/website/category/list [36m304 [0m72.402 ms - -[0m
[0mGET /api/website/category/list [36m304 [0m43.845 ms - -[0m
[0mGET /api/website/category/list [36m304 [0m28.580 ms - -[0m
[0mOPTIONS /api/customer/getUserByEmailId [32m204 [0m0.975 ms - 0[0m
[0mGET /api/customer/getUserByEmailId [36m304 [0m12.172 ms - -[0m
[0mGET /api/website/product/new-arrival [36m304 [0m52.111 ms - -[0m
[0mGET /api/website/popular/category-list [36m304 [0m50.650 ms - -[0m
[0mGET /api/website/category/list [36m304 [0m62.990 ms - -[0m
[0mGET /api/customer/getUserByEmailId [36m304 [0m60.625 ms - -[0m
[0mGET /api/website/product/women-fashion [36m304 [0m115.465 ms - -[0m
[0mGET /api/website/product/home-kitchen [36m304 [0m116.340 ms - -[0m
[0mGET /api/website/category/list [36m304 [0m46.817 ms - -[0m
[0mGET /api/customer/getUserByEmailId [36m304 [0m46.085 ms - -[0m
[0mGET /api/website/category/list [36m304 [0m17.598 ms - -[0m
[0mGET /api/website/category/list [36m304 [0m21.328 ms - -[0m
[0mOPTIONS /api/customer/getUserByEmailId [32m204 [0m1.285 ms - 0[0m
[0mOPTIONS /api/customer/getUserByEmailId [32m204 [0m6.016 ms - 0[0m
[0mGET /api/customer/getUserByEmailId [32m200 [0m124.384 ms - 714[0m
[0mGET /api/customer/getUserByEmailId [32m200 [0m128.311 ms - 714[0m
[0mGET /api/website/category/list [32m200 [0m145.482 ms - 31268[0m
[0mGET /api/website/category/list [32m200 [0m144.068 ms - 31268[0m
[0mGET /api/website/category/list [32m200 [0m131.813 ms - 31268[0m
[0mOPTIONS /api/customer/getUserByEmailId [32m204 [0m10.049 ms - 0[0m
[0mOPTIONS /api/customer/getUserByEmailId [32m204 [0m25.236 ms - 0[0m
[0mGET /api/customer/getUserByEmailId [33m401 [0m104.400 ms - 33[0m
[0mGET /api/customer/getUserByEmailId [33m401 [0m11.879 ms - 33[0m
[0mGET /api/website/category/list [36m304 [0m119.688 ms - -[0m
[0mGET /api/website/category/list [0m- [0m- ms - -[0m
[0mGET /api/website/category/list [0m- [0m- ms - -[0m
[0mGET /api/website/category/list [32m200 [0m112.326 ms - 31268[0m
[0mGET /api/website/popular/category-list [36m304 [0m154.692 ms - -[0m
[0mGET /api/website/product/new-arrival [36m304 [0m234.922 ms - -[0m
[0mGET /api/website/product/home-kitchen [36m304 [0m247.442 ms - -[0m
[0mGET /api/website/product/women-fashion [36m304 [0m254.801 ms - -[0m
[0mGET /api/website/category/list [36m304 [0m54.104 ms - -[0m
[0mGET /api/website/category/list [36m304 [0m39.531 ms - -[0m
[0mGET /api/website/category/list [36m304 [0m26.825 ms - -[0m
[0mGET /api/website/category/list [32m200 [0m69.532 ms - 31268[0m
[0mGET /api/website/category/list [36m304 [0m26.895 ms - -[0m
[0mGET /api/website/category/list [36m304 [0m37.024 ms - -[0m
[0mGET /api/website/popular/category-list [32m200 [0m29.430 ms - 6815[0m
[0mGET /api/website/category/list [36m304 [0m104.966 ms - -[0m
[0mGET /api/website/product/home-kitchen [32m200 [0m99.653 ms - 14596[0m
[0mGET /api/website/product/new-arrival [32m200 [0m75.108 ms - 29354[0m
[0mGET /api/website/product/women-fashion [32m200 [0m121.766 ms - 13795[0m
[0mGET /api/website/category/list [36m304 [0m96.380 ms - -[0m
[0mGET /api/website/category/list [36m304 [0m43.459 ms - -[0m
[0mGET /api/website/category/list [36m304 [0m26.105 ms - -[0m
[0mGET /api/website/category/list [32m200 [0m61.856 ms - 31268[0m
[0mGET /api/website/category/list [32m200 [0m101.213 ms - 31268[0m
[0mGET /api/website/category/list [32m200 [0m58.850 ms - 31268[0m
[0mGET /api/website/category/list [36m304 [0m201.234 ms - -[0m
[0mGET /api/website/category/list [36m304 [0m47.208 ms - -[0m
[0mGET /api/website/category/list [36m304 [0m58.842 ms - -[0m
