[0mOPTIONS /api/auth/rootLogin [32m204 [0m6.326 ms - 0[0m
[0mPOST /api/auth/rootLogin [32m200 [0m390.259 ms - 211[0m
[0mOPTIONS /api/order/notifications [32m204 [0m5.244 ms - 0[0m
[0mOPTIONS /api/order/list [32m204 [0m2.197 ms - 0[0m
[0mOPTIONS /api/order/count [32m204 [0m1.765 ms - 0[0m
[0mGET /api/order/count [32m200 [0m58.500 ms - 196[0m
[0mGET /api/order/notifications [32m200 [0m136.271 ms - 36[0m
[0mPOST /api/order/list [32m200 [0m124.174 ms - 8809[0m
[0mOPTIONS /api/category/list [32m204 [0m1.673 ms - 0[0m
[0mGET /api/category/list [32m200 [0m29.735 ms - 1370[0m
[0mGET /api/order/notifications [36m304 [0m50.324 ms - -[0m
[0mOPTIONS /api/category/list?page=47 [32m204 [0m1.289 ms - 0[0m
[0mGET /api/category/list?page=47 [32m200 [0m16.380 ms - 1415[0m
[0mOPTIONS /api/category/list?page=45 [32m204 [0m1.007 ms - 0[0m
[0mGET /api/category/list?page=45 [32m200 [0m9.174 ms - 1390[0m
[0mOPTIONS /api/category/list?page=43 [32m204 [0m2.056 ms - 0[0m
[0mGET /api/category/list?page=43 [32m200 [0m14.107 ms - 1301[0m
[0mOPTIONS /api/category/list?page=44 [32m204 [0m1.066 ms - 0[0m
[0mGET /api/category/list?page=44 [32m200 [0m10.451 ms - 1382[0m
[0mOPTIONS /api/category/list?page=46 [32m204 [0m0.982 ms - 0[0m
[0mGET /api/category/list?page=46 [32m200 [0m9.623 ms - 1517[0m
[0mOPTIONS /api/category/list?page=47 [32m204 [0m0.795 ms - 0[0m
[0mGET /api/category/list?page=47 [36m304 [0m8.242 ms - -[0m
[0mOPTIONS /api/category/list?page=48 [32m204 [0m0.679 ms - 0[0m
[0mGET /api/category/list?page=48 [32m200 [0m8.331 ms - 673[0m
[0mGET /api/category/list?page=47 [36m304 [0m8.090 ms - -[0m
