[0mGET /api/website/category/list [36m304 [0m155.726 ms - -[0m
[0mGET /api/website/product/detail?slug=Hindware%20cooker%20hood%20pacific%20neo%20BF%2060cm%20Decorative%20chimney [36m304 [0m96.675 ms - -[0m
[0mGET /api/website/catalog/category/search?queryString=midea [36m304 [0m52.770 ms - -[0m
[0mGET /api/website/catalog/product/search?filter_category=midea%20 [36m304 [0m92.611 ms - -[0m
[0mGET /api/website/product/detail?slug=Hindware%20cooker%20hood%20pacific%20neo%20BF%2060cm%20Decorative%20chimney [36m304 [0m77.121 ms - -[0m
[0mGET /api/website/category/list [36m304 [0m82.301 ms - -[0m
[0mGET /api/website/product/detail?slug=Hindware%20cooker%20hood%20pacific%20neo%20BF%2060cm%20Decorative%20chimney [36m304 [0m137.018 ms - -[0m
[0mGET /api/website/category/list [36m304 [0m62.348 ms - -[0m
[0mGET /api/website/autosuggest/search?limit=5&query=m [36m304 [0m213.085 ms - -[0m
[0mGET /api/website/autosuggest/search?limit=5&query=mi [36m304 [0m65.068 ms - -[0m
[0mGET /api/website/catalog/category/search?queryString=mithila-art [32m200 [0m62.814 ms - 507[0m
[0mGET /api/website/catalog/product/search?filter_category=mithila-art%20 [32m200 [0m113.024 ms - 4454[0m
[0mGET /api/website/autosuggest/search?limit=5&query=m [36m304 [0m240.206 ms - -[0m
[0mGET /api/website/autosuggest/search?limit=5&query=c [36m304 [0m246.933 ms - -[0m
[0mGET /api/website/autosuggest/search?limit=5&query=ch [36m304 [0m108.653 ms - -[0m
[0mGET /api/website/autosuggest/search?limit=5&query=chu [36m304 [0m76.515 ms - -[0m
[0mGET /api/website/autosuggest/search?limit=5&query=chur [36m304 [0m60.822 ms - -[0m
[0mGET /api/website/catalog/category/search?queryString=Local%20Chura [32m200 [0m24.935 ms - 62[0m
[0mGET /api/website/catalog/product/search?filter_category=Local%20Chura%20 [32m200 [0m95.255 ms - 7601[0m
[0mGET /api/website/catalog/product/search?filter_category=Local%20Chura%20 [36m304 [0m57.036 ms - -[0m
[0mGET /api/website/autosuggest/search?limit=5&query=chu [36m304 [0m83.442 ms - -[0m
[0mGET /api/website/autosuggest/search?limit=5&query=ch [36m304 [0m103.078 ms - -[0m
[0mGET /api/website/autosuggest/search?limit=5&query=c [36m304 [0m170.485 ms - -[0m
[0mGET /api/website/autosuggest/search?limit=5&query=w [36m304 [0m119.409 ms - -[0m
[0mGET /api/website/autosuggest/search?limit=5&query=wo [36m304 [0m56.562 ms - -[0m
[0mGET /api/website/catalog/category/search?queryString=women-fashion [36m304 [0m164.860 ms - -[0m
[0mGET /api/website/catalog/product/search?filter_category=women-fashion%20 [32m200 [0m174.835 ms - 7598[0m
[0mGET /api/website/catalog/product/search?filter_category=women-fashion%20&page=2 [0m- [0m- ms - -[0m
[0mGET /api/website/category/list [36m304 [0m97.529 ms - -[0m
[0mGET /api/website/category/list [36m304 [0m48.030 ms - -[0m
[0mGET /api/website/catalog/category/search?queryString=women-fashion [36m304 [0m283.932 ms - -[0m
[0mGET /api/website/catalog/product/search?filter_category=women-fashion&page=1 [32m200 [0m325.473 ms - 7598[0m
[0mGET /api/website/catalog/product/search?filter_brand=baltra&filter_category=women-fashion&page=1 [32m200 [0m126.912 ms - 7598[0m
[0mGET /api/website/catalog/product/search?filter_brand=baltra%2Cother&filter_category=women-fashion&page=1 [32m200 [0m101.645 ms - 7598[0m
[0mGET /api/website/catalog/product/search?filter_brand=baltra&filter_category=women-fashion&page=1 [36m304 [0m96.107 ms - -[0m
[0mGET /api/website/catalog/product/search?filter_brand=baltra%2Clocal&filter_category=women-fashion&page=1 [32m200 [0m100.560 ms - 7598[0m
[0mGET /api/website/catalog/product/search?filter_brand=baltra&filter_category=women-fashion&page=1 [36m304 [0m112.767 ms - -[0m
[0mGET /api/website/catalog/product/search?filter_brand=baltra&filter_category=women-fashion&filter_color=Valentine%20Red&page=1 [32m200 [0m86.458 ms - 7598[0m
[0mGET /api/website/catalog/product/search?filter_brand=baltra&filter_category=women-fashion&filter_color=Valentine%20Red%2CBean%20Red&page=1 [32m200 [0m83.733 ms - 7598[0m
[0mGET /api/website/category/list [36m304 [0m67.458 ms - -[0m
[0mGET /api/website/autosuggest/search?limit=5&query=w [36m304 [0m137.768 ms - -[0m
[0mGET /api/website/autosuggest/search?limit=5&query=wo [36m304 [0m60.816 ms - -[0m
[0mGET /api/website/catalog/category/search?queryString=women-fashion [36m304 [0m200.359 ms - -[0m
[0mGET /api/website/catalog/product/search?filter_category=women-fashion%20 [36m304 [0m191.598 ms - -[0m
[0mGET /api/website/product/detail?slug=ship-set-chudi [36m304 [0m89.974 ms - -[0m
