[0mGET /api/website/category/list [32m200 [0m146.016 ms - 30306[0m
[0mGET /api/website/category/list [32m200 [0m144.866 ms - 30306[0m
[0mGET /api/website/product/detail?slug=ship-set-chudi [32m200 [0m162.264 ms - 1771[0m
[0mGET /api/website/category/list [32m200 [0m144.250 ms - 30306[0m
[0mGET /api/website/category/list [32m200 [0m163.131 ms - 30306[0m
[0mGET /api/website/product/detail?slug=ship-set-chudi [32m200 [0m180.575 ms - 1771[0m
[0mGET /api/website/category/list [32m200 [0m143.770 ms - 30306[0m
[0mGET /api/website/category/list [32m200 [0m143.083 ms - 30306[0m
[0mGET /api/website/product/detail?slug=ship-set-chudi [32m200 [0m224.778 ms - 1788[0m
[0mGET /api/website/catalog/category/search?queryString=women-fashion [36m304 [0m211.818 ms - -[0m
[0mGET /api/website/catalog/product/search?filter_category=women-fashion [32m200 [0m242.583 ms - 7598[0m
[0mGET /api/website/catalog/category/search?queryString=women-fashion [36m304 [0m176.902 ms - -[0m
[0mGET /api/website/catalog/product/search?filter_category=women-fashion [36m304 [0m190.764 ms - -[0m
[0mGET /api/website/catalog/product/search?filter_category=women-fashion [36m304 [0m97.538 ms - -[0m
[0mGET /api/website/catalog/category/search?queryString=women-fashion [36m304 [0m128.000 ms - -[0m
[0mGET /api/website/catalog/product/search?filter_category=women-fashion [36m304 [0m143.196 ms - -[0m
[0mGET /api/website/catalog/product/search?filter_category=women-fashion [36m304 [0m78.073 ms - -[0m
[0mGET /api/website/catalog/category/search?queryString=women-fashion [36m304 [0m166.411 ms - -[0m
[0mGET /api/website/catalog/product/search?filter_category=women-fashion [36m304 [0m177.781 ms - -[0m
[0mGET /api/website/catalog/product/search?filter_category=women-fashion [36m304 [0m112.365 ms - -[0m
[0mGET /api/website/catalog/product/search?filter_brand=baltra&filter_category=women-fashion&page=1 [36m304 [0m111.910 ms - -[0m
[0mGET /api/website/catalog/product/search?filter_brand=baltra%2Cother&filter_category=women-fashion&page=1 [36m304 [0m106.408 ms - -[0m
[0mGET /api/website/catalog/product/search?filter_brand=other&filter_category=women-fashion&page=1 [32m200 [0m101.741 ms - 7598[0m
[0mGET /api/website/catalog/product/search?filter_category=women-fashion&page=1 [36m304 [0m108.244 ms - -[0m
[0mGET /api/website/catalog/category/search?queryString=women-fashion [36m304 [0m185.722 ms - -[0m
[0mGET /api/website/catalog/product/search?filter_category=women-fashion&page=1 [36m304 [0m205.320 ms - -[0m
[0mGET /api/website/catalog/product/search?filter_category=women-fashion [36m304 [0m98.950 ms - -[0m
[0mGET /api/website/catalog/product/search?filter_category=women-fashion [36m304 [0m149.446 ms - -[0m
[0mGET /api/website/catalog/product/search?filter_category=women-fashion [36m304 [0m121.679 ms - -[0m
[0mGET /api/website/catalog/product/search?filter_category=women-fashion [36m304 [0m122.964 ms - -[0m
[0mGET /api/website/category/list [32m200 [0m125.412 ms - 30306[0m
[0mGET /api/website/category/list [32m200 [0m144.498 ms - 30306[0m
[0mGET /api/website/catalog/category/search?queryString=women-fashion [32m200 [0m301.758 ms - 2585[0m
[0mGET /api/website/category/list [32m200 [0m150.617 ms - 30306[0m
[0mGET /api/website/category/list [32m200 [0m151.200 ms - 30306[0m
[0mGET /api/website/catalog/category/search?queryString=women-fashion [32m200 [0m312.503 ms - 2585[0m
[0mGET /api/website/category/list [32m200 [0m113.801 ms - 30306[0m
[0mGET /api/website/category/list [32m200 [0m131.838 ms - 30306[0m
[0mGET /api/website/catalog/category/search?queryString=women-fashion [32m200 [0m293.372 ms - 2585[0m
[0mGET /api/website/category/list [32m200 [0m142.172 ms - 30306[0m
[0mGET /api/website/category/list [32m200 [0m146.350 ms - 30306[0m
[0mGET /api/website/catalog/category/search?queryString=women-fashion [32m200 [0m326.718 ms - 2585[0m
[0mGET /api/website/category/list [32m200 [0m152.631 ms - 30306[0m
[0mGET /api/website/category/list [32m200 [0m148.174 ms - 30306[0m
[0mGET /api/website/catalog/category/search?queryString=women-fashion [32m200 [0m324.161 ms - 2585[0m
[0mGET /api/website/catalog/product/search?filter_category=women-fashion&page=2 [0m- [0m- ms - -[0m
[0mGET /api/website/category/list [32m200 [0m148.727 ms - 30306[0m
[0mGET /api/website/category/list [32m200 [0m173.408 ms - 30306[0m
[0mGET /api/website/catalog/category/search?queryString=women-fashion [32m200 [0m327.189 ms - 2585[0m
[0mGET /api/website/catalog/product/search?filter_category=women-fashion&page=2 [0m- [0m- ms - -[0m
[0mGET /api/website/category/list [32m200 [0m134.255 ms - 30306[0m
[0mGET /api/website/category/list [32m200 [0m131.767 ms - 30306[0m
[0mGET /api/website/catalog/category/search?queryString=women-fashion [32m200 [0m293.402 ms - 2585[0m
[0mGET /api/website/category/list [32m200 [0m138.514 ms - 30306[0m
[0mGET /api/website/category/list [32m200 [0m154.337 ms - 30306[0m
[0mGET /api/website/catalog/category/search?queryString=women-fashion [32m200 [0m327.484 ms - 2585[0m
[0mGET /api/website/category/list [32m200 [0m157.556 ms - 30306[0m
[0mGET /api/website/category/list [32m200 [0m158.798 ms - 30306[0m
[0mGET /api/website/catalog/category/search?queryString=women-fashion [32m200 [0m325.497 ms - 2585[0m
[0mGET /api/website/category/list [32m200 [0m119.628 ms - 30306[0m
[0mGET /api/website/category/list [32m200 [0m137.487 ms - 30306[0m
[0mGET /api/website/catalog/category/search?queryString=women-fashion [32m200 [0m295.011 ms - 2585[0m
[0mGET /api/website/catalog/product/search?filter_category=women-fashion&page=2 [0m- [0m- ms - -[0m
[0mGET /api/website/category/list [32m200 [0m128.424 ms - 30306[0m
[0mGET /api/website/category/list [32m200 [0m132.457 ms - 30306[0m
[0mGET /api/website/catalog/category/search?queryString=women-fashion [32m200 [0m294.750 ms - 2585[0m
[0mGET /api/website/category/list [32m200 [0m142.798 ms - 30306[0m
[0mGET /api/website/category/list [32m200 [0m159.326 ms - 30306[0m
[0mGET /api/website/catalog/category/search?queryString=women-fashion [32m200 [0m325.085 ms - 2585[0m
[0mGET /api/website/category/list [32m200 [0m136.434 ms - 30306[0m
[0mGET /api/website/category/list [32m200 [0m135.914 ms - 30306[0m
[0mGET /api/website/catalog/category/search?queryString=women-fashion [32m200 [0m307.345 ms - 2585[0m
[0mGET /api/website/category/list [36m304 [0m90.358 ms - -[0m
[0mGET /api/website/category/list [36m304 [0m46.853 ms - -[0m
[0mGET /api/website/category/list [36m304 [0m29.920 ms - -[0m
[0mGET /api/website/autosuggest/search?limit=5&query=w [36m304 [0m159.230 ms - -[0m
[0mGET /api/website/catalog/category/search?queryString=women-fashion [36m304 [0m196.615 ms - -[0m
[0mGET /api/website/catalog/product/search?filter_category=women-fashion%20 [36m304 [0m182.372 ms - -[0m
[0mGET /api/website/catalog/product/search?filter_category=women-fashion%20 [36m304 [0m139.136 ms - -[0m
[0mGET /api/website/catalog/product/search?filter_category=women-fashion%20 [36m304 [0m75.593 ms - -[0m
[0mGET /api/website/catalog/product/search?filter_category=women-fashion%20&page=2 [0m- [0m- ms - -[0m
[0mGET /api/website/category/list [36m304 [0m126.585 ms - -[0m
[0mGET /api/website/category/list [36m304 [0m45.107 ms - -[0m
[0mGET /api/website/category/list [36m304 [0m29.327 ms - -[0m
[0mGET /api/website/category/list [32m200 [0m106.590 ms - 30306[0m
[0mGET /api/website/category/list [32m200 [0m111.951 ms - 30306[0m
[0mGET /api/website/product/detail?slug=Dulhan%20Jhumka%20Lahthi [32m200 [0m175.984 ms - 1831[0m
[0mGET /api/website/category/list [32m200 [0m89.709 ms - 30306[0m
[0mGET /api/website/category/list [32m200 [0m104.992 ms - 30306[0m
[0mGET /api/website/product/detail?slug=Dulhan%20Jhumka%20Lahthi [32m200 [0m148.632 ms - 1831[0m
[0mGET /api/website/catalog/category/search?queryString=women-fashion [36m304 [0m183.640 ms - -[0m
[0mGET /api/website/catalog/product/search?filter_category=women-fashion [36m304 [0m170.968 ms - -[0m
[0mGET /api/website/product/detail?slug=ship-set-chudi [36m304 [0m74.688 ms - -[0m
[0mGET /api/website/category/list [32m200 [0m146.449 ms - 30306[0m
[0mGET /api/website/category/list [32m200 [0m141.881 ms - 30306[0m
[0mGET /api/website/product/detail?slug=ship-set-chudi [32m200 [0m204.162 ms - 1788[0m
[0mGET /api/website/category/list [32m200 [0m128.610 ms - 30306[0m
[0mGET /api/website/category/list [32m200 [0m141.597 ms - 30306[0m
[0mGET /api/website/product/detail?slug=ship-set-chudi [32m200 [0m213.936 ms - 2285[0m
[0mGET /api/website/category/list [32m200 [0m150.361 ms - 30306[0m
[0mGET /api/website/category/list [32m200 [0m154.318 ms - 30306[0m
[0mGET /api/website/product/detail?slug=ship-set-chudi [32m200 [0m193.220 ms - 2285[0m
[0mGET /api/website/category/list [32m200 [0m118.564 ms - 30306[0m
[0mGET /api/website/category/list [32m200 [0m116.169 ms - 30306[0m
[0mGET /api/website/product/detail?slug=ship-set-chudi [31m500 [0m242.806 ms - 3181[0m
[0mGET /api/website/category/list [32m200 [0m125.391 ms - 30306[0m
[0mGET /api/website/category/list [32m200 [0m122.945 ms - 30306[0m
[0mGET /api/website/product/detail?slug=ship-set-chudi [32m200 [0m207.185 ms - 2381[0m
[0mGET /api/website/category/list [32m200 [0m117.474 ms - 30306[0m
[0mGET /api/website/category/list [32m200 [0m124.913 ms - 30306[0m
[0mGET /api/website/product/detail?slug=ship-set-chudi [32m200 [0m160.847 ms - 2381[0m
[0mGET /api/website/category/list [36m304 [0m84.704 ms - -[0m
[0mGET /api/website/category/list [36m304 [0m40.092 ms - -[0m
[0mGET /api/website/product/detail?slug=ship-set-chudi [36m304 [0m146.796 ms - -[0m
[0mGET /api/website/category/list [32m200 [0m63.694 ms - 30306[0m
[0mGET /api/website/category/list [32m200 [0m65.174 ms - 30306[0m
[0mGET /api/website/product/detail?slug=ship-set-chudi [32m200 [0m112.393 ms - 2381[0m
[0mGET /api/website/category/list [36m304 [0m62.317 ms - -[0m
[0mGET /api/website/category/list [36m304 [0m39.499 ms - -[0m
[0mGET /api/website/product/detail?slug=ship-set-chudi [36m304 [0m132.991 ms - -[0m
[0mGET /api/website/category/list [32m200 [0m82.001 ms - 30306[0m
[0mGET /api/website/category/list [32m200 [0m78.474 ms - 30306[0m
[0mGET /api/website/product/detail?slug=ship-set-chudi [32m200 [0m160.114 ms - 2381[0m
[0mGET /api/website/category/list [32m200 [0m65.623 ms - 30306[0m
[0mGET /api/website/category/list [32m200 [0m64.581 ms - 30306[0m
[0mGET /api/website/product/detail?slug=ship-set-chudi [32m200 [0m116.461 ms - 2381[0m
[0mGET /api/website/category/list [32m200 [0m115.950 ms - 30306[0m
[0mGET /api/website/category/list [32m200 [0m110.492 ms - 30306[0m
[0mGET /api/website/product/detail?slug=ship-set-chudi [32m200 [0m163.437 ms - 2381[0m
[0mGET /api/website/category/list [32m200 [0m60.245 ms - 30306[0m
[0mGET /api/website/category/list [32m200 [0m61.994 ms - 30306[0m
[0mGET /api/website/product/detail?slug=ship-set-chudi [32m200 [0m108.978 ms - 2381[0m
[0mGET /api/website/category/list [32m200 [0m99.694 ms - 30306[0m
[0mGET /api/website/category/list [32m200 [0m101.563 ms - 30306[0m
[0mGET /api/website/product/detail?slug=ship-set-chudi [32m200 [0m145.590 ms - 2381[0m
[0mGET /api/website/category/list [32m200 [0m83.190 ms - 30306[0m
[0mGET /api/website/category/list [32m200 [0m81.619 ms - 30306[0m
[0mGET /api/website/product/detail?slug=ship-set-chudi [32m200 [0m110.083 ms - 2381[0m
[0mGET /api/website/category/list [32m200 [0m119.202 ms - 30306[0m
[0mGET /api/website/category/list [32m200 [0m121.679 ms - 30306[0m
[0mGET /api/website/product/detail?slug=ship-set-chudi [32m200 [0m165.329 ms - 2381[0m
[0mGET /api/website/category/list [32m200 [0m77.448 ms - 30306[0m
[0mGET /api/website/category/list [32m200 [0m92.380 ms - 30306[0m
[0mGET /api/website/product/detail?slug=ship-set-chudi [32m200 [0m159.371 ms - 2381[0m
[0mGET /api/website/category/list [32m200 [0m107.956 ms - 30306[0m
[0mGET /api/website/category/list [32m200 [0m104.328 ms - 30306[0m
[0mGET /api/website/product/detail?slug=ship-set-chudi [32m200 [0m149.483 ms - 2381[0m
[0mGET /api/website/category/list [36m304 [0m55.178 ms - -[0m
[0mGET /api/website/category/list [36m304 [0m28.079 ms - -[0m
[0mGET /api/website/product/detail?slug=ship-set-chudi [36m304 [0m153.016 ms - -[0m
[0mGET /api/website/category/list [32m200 [0m100.441 ms - 30306[0m
[0mGET /api/website/category/list [32m200 [0m95.967 ms - 30306[0m
[0mGET /api/website/product/detail?slug=ship-set-chudi [32m200 [0m141.035 ms - 2381[0m
[0mGET /api/website/category/list [32m200 [0m66.968 ms - 30306[0m
[0mGET /api/website/category/list [32m200 [0m68.859 ms - 30306[0m
[0mGET /api/website/product/detail?slug=ship-set-chudi [32m200 [0m119.505 ms - 2381[0m
[0mGET /api/website/catalog/category/search?queryString=women-fashion [36m304 [0m259.332 ms - -[0m
[0mGET /api/website/catalog/product/search?filter_category=women-fashion [36m304 [0m278.906 ms - -[0m
[0mGET /api/website/product/detail?slug=swarswati-bangles-baby-metal-chura [32m200 [0m109.127 ms - 3051[0m
[0mGET /api/website/catalog/category/search?queryString=women-fashion [36m304 [0m202.889 ms - -[0m
[0mGET /api/website/catalog/product/search?filter_category=women-fashion [36m304 [0m207.105 ms - -[0m
[0mGET /api/website/product/detail?slug=spray-jaypuri-bangles-chura [32m200 [0m105.095 ms - 2768[0m
[0mGET /api/website/autosuggest/search?limit=5&query=m [36m304 [0m238.469 ms - -[0m
[0mGET /api/website/autosuggest/search?limit=5&query=mov [32m200 [0m26.189 ms - 92[0m
[0mGET /api/website/autosuggest/search?limit=5&query=movie [32m200 [0m37.749 ms - 49[0m
[0mGET /api/website/autosuggest/search?limit=5&query=movi [32m200 [0m36.421 ms - 49[0m
[0mGET /api/website/autosuggest/search?limit=5&query=mov [36m304 [0m36.633 ms - -[0m
[0mGET /api/website/autosuggest/search?limit=5&query=mo [32m200 [0m80.850 ms - 224[0m
[0mGET /api/website/autosuggest/search?limit=5&query=m [36m304 [0m207.242 ms - -[0m
[0mGET /api/website/autosuggest/search?limit=5&query=b [36m304 [0m215.736 ms - -[0m
[0mGET /api/website/autosuggest/search?limit=5&query=bal [36m304 [0m46.364 ms - -[0m
[0mGET /api/website/autosuggest/search?limit=5&query=balt [36m304 [0m52.455 ms - -[0m
[0mGET /api/website/autosuggest/search?limit=5&query=baltr [36m304 [0m57.345 ms - -[0m
[0mGET /api/website/autosuggest/search?limit=5&query=baltra [36m304 [0m58.850 ms - -[0m
[0mGET /api/website/catalog/category/search?queryString=baltra [36m304 [0m50.558 ms - -[0m
[0mGET /api/website/catalog/product/search?filter_category=baltra%20 [32m200 [0m136.482 ms - 7209[0m
[0mGET /api/website/product/detail?slug=Baltra%20Veana%20Hair%20Dryer,%20BPC%20807%20-%201200%20Watt [32m200 [0m105.792 ms - 3200[0m
[0mGET /api/website/catalog/category/search?queryString=baltra [36m304 [0m59.150 ms - -[0m
[0mGET /api/website/catalog/product/search?filter_category=baltra [32m200 [0m118.686 ms - 7209[0m
[0mGET /api/website/product/detail?slug=Baltra%20Royal%20Hot%20Case [32m200 [0m95.729 ms - 1685[0m
[0mGET /api/website/catalog/category/search?queryString=baltra [36m304 [0m49.495 ms - -[0m
[0mGET /api/website/catalog/product/search?filter_category=baltra [36m304 [0m78.382 ms - -[0m
[0mGET /api/website/product/detail?slug=Baltra%20Flame%20BTH%20125%20Quartz%20Heater%20-%20800%20Watt [32m200 [0m91.574 ms - 2649[0m
[0mGET /api/website/autosuggest/search?limit=5&query=baltr [36m304 [0m94.770 ms - -[0m
[0mGET /api/website/autosuggest/search?limit=5&query=balt [36m304 [0m36.173 ms - -[0m
[0mGET /api/website/autosuggest/search?limit=5&query=bal [36m304 [0m49.834 ms - -[0m
[0mGET /api/website/autosuggest/search?limit=5&query=ba [36m304 [0m93.141 ms - -[0m
[0mGET /api/website/autosuggest/search?limit=5&query=b [36m304 [0m148.834 ms - -[0m
[0mGET /api/website/autosuggest/search?limit=5&query=m [36m304 [0m198.061 ms - -[0m
[0mGET /api/website/autosuggest/search?limit=5&query=mid [36m304 [0m24.179 ms - -[0m
[0mGET /api/website/autosuggest/search?limit=5&query=mide [36m304 [0m28.580 ms - -[0m
[0mGET /api/website/autosuggest/search?limit=5&query=midea [36m304 [0m41.841 ms - -[0m
[0mGET /api/website/catalog/category/search?queryString=midea [36m304 [0m48.421 ms - -[0m
[0mGET /api/website/catalog/product/search?filter_category=midea%20 [36m304 [0m81.293 ms - -[0m
[0mGET /api/website/catalog/product/search?filter_category=midea%20 [36m304 [0m119.351 ms - -[0m
[0mGET /api/website/autosuggest/search?limit=5&query=mide [36m304 [0m47.380 ms - -[0m
[0mGET /api/website/autosuggest/search?limit=5&query=mid [36m304 [0m47.539 ms - -[0m
[0mGET /api/website/autosuggest/search?limit=5&query=mi [36m304 [0m86.493 ms - -[0m
[0mGET /api/website/autosuggest/search?limit=5&query=m [36m304 [0m152.849 ms - -[0m
[0mGET /api/website/autosuggest/search?limit=5&query=s [32m200 [0m240.846 ms - 1750[0m
[0mGET /api/website/autosuggest/search?limit=5&query=st [32m200 [0m42.252 ms - 535[0m
[0mGET /api/website/autosuggest/search?limit=5&query=sto [32m200 [0m38.128 ms - 367[0m
[0mGET /api/website/autosuggest/search?limit=5&query=stov [32m200 [0m46.034 ms - 98[0m
[0mGET /api/website/autosuggest/search?limit=5&query=stove [32m200 [0m31.614 ms - 98[0m
[0mGET /api/website/catalog/category/search?queryString=gas-stoves [32m200 [0m65.248 ms - 1120[0m
[0mGET /api/website/catalog/product/search?filter_category=gas-stoves%20 [32m200 [0m106.745 ms - 5639[0m
[0mGET /api/website/catalog/product/search?filter_category=gas-stoves%20 [36m304 [0m52.222 ms - -[0m
[0mGET /api/website/product/detail?slug=baltra-nexa-2b-digital-gas-stove [32m200 [0m104.810 ms - 2537[0m
[0mGET /api/website/category/list [36m304 [0m89.728 ms - -[0m
