[0mOPTIONS /api/location/list [32m204[0m 1.706 ms - 0[0m
[0mGET /api/location/list [36m304[0m 18.879 ms - -[0m
[0mOPTIONS /api/order/notifications [32m204[0m 1.540 ms - 0[0m
[0mOPTIONS /api/collection/list [32m204[0m 0.539 ms - 0[0m
[0mGET /api/collection/list [36m304[0m 14.193 ms - -[0m
[0mGET /api/order/notifications [36m304[0m 30.816 ms - -[0m
[0mOPTIONS /api/order/notifications [32m204[0m 1.196 ms - 0[0m
[0mOPTIONS /api/collection/list [32m204[0m 0.326 ms - 0[0m
[0mGET /api/collection/list [36m304[0m 21.805 ms - -[0m
[0mGET /api/order/notifications [36m304[0m 42.907 ms - -[0m
[0mOPTIONS /api/order/notifications [32m204[0m 1.542 ms - 0[0m
[0mOPTIONS /api/collection/list [32m204[0m 0.204 ms - 0[0m
[0mGET /api/collection/list [36m304[0m 13.235 ms - -[0m
[0mGET /api/order/notifications [36m304[0m 26.852 ms - -[0m
[0mOPTIONS /api/order/notifications [32m204[0m 1.403 ms - 0[0m
[0mOPTIONS /api/collection/list [32m204[0m 0.390 ms - 0[0m
[0mGET /api/collection/list [36m304[0m 11.994 ms - -[0m
[0mGET /api/order/notifications [36m304[0m 28.703 ms - -[0m
[0mOPTIONS /api/order/notifications [32m204[0m 0.881 ms - 0[0m
[0mOPTIONS /api/collection/list [32m204[0m 0.290 ms - 0[0m
[0mGET /api/collection/list [36m304[0m 10.360 ms - -[0m
[0mGET /api/order/notifications [36m304[0m 26.651 ms - -[0m
[0mOPTIONS /api/order/notifications [32m204[0m 2.434 ms - 0[0m
[0mOPTIONS /api/collection/list [32m204[0m 0.562 ms - 0[0m
[0mGET /api/collection/list [36m304[0m 21.354 ms - -[0m
[0mGET /api/order/notifications [36m304[0m 41.754 ms - -[0m
[0mOPTIONS /api/collection/update [32m204[0m 0.947 ms - 0[0m
[0mPUT /api/collection/update [31m500[0m 31.519 ms - 35[0m
[0mOPTIONS /api/collection/update [32m204[0m 2.990 ms - 0[0m
[0mPUT /api/collection/update [32m200[0m 27.906 ms - 69[0m
[0mOPTIONS /api/order/notifications [32m204[0m 0.683 ms - 0[0m
[0mOPTIONS /api/collection/list [32m204[0m 0.224 ms - 0[0m
[0mGET /api/collection/list [32m200[0m 9.110 ms - 246[0m
[0mGET /api/order/notifications [36m304[0m 26.822 ms - -[0m
[0mOPTIONS /api/order/notifications [32m204[0m 1.388 ms - 0[0m
[0mOPTIONS /api/order/list [32m204[0m 1.174 ms - 0[0m
[0mOPTIONS /api/order/count [32m204[0m 0.646 ms - 0[0m
[0mGET /api/order/count [36m304[0m 24.254 ms - -[0m
[0mPOST /api/order/list [32m200[0m 60.120 ms - 10995[0m
[0mGET /api/order/notifications [36m304[0m 53.623 ms - -[0m
[0mOPTIONS /api/order/notifications [32m204[0m 1.097 ms - 0[0m
[0mOPTIONS /api/order/list [32m204[0m 0.401 ms - 0[0m
[0mOPTIONS /api/order/count [32m204[0m 0.232 ms - 0[0m
[0mGET /api/order/count [36m304[0m 23.471 ms - -[0m
[0mPOST /api/order/list [32m200[0m 39.417 ms - 10995[0m
[0mGET /api/order/notifications [36m304[0m 51.939 ms - -[0m
[0mOPTIONS /api/collection/list [32m204[0m 0.258 ms - 0[0m
[0mGET /api/collection/list [36m304[0m 4.327 ms - -[0m
[0mGET /api/order/notifications [36m304[0m 16.162 ms - -[0m
[0mOPTIONS /api/order/notifications [32m204[0m 4.911 ms - 0[0m
[0mGET /api/order/notifications [36m304[0m 46.322 ms - -[0m
[0mOPTIONS /api/collection/list [32m204[0m 0.751 ms - 0[0m
[0mGET /api/collection/list [36m304[0m 7.887 ms - -[0m
[0mGET /api/collection/list [36m304[0m 3.696 ms - -[0m
[0mOPTIONS /api/order/notifications [32m204[0m 1.423 ms - 0[0m
[0mOPTIONS /api/collection/list [32m204[0m 0.194 ms - 0[0m
[0mGET /api/collection/list [36m304[0m 11.415 ms - -[0m
[0mGET /api/order/notifications [36m304[0m 31.107 ms - -[0m
[0mOPTIONS /api/order/notifications [32m204[0m 0.888 ms - 0[0m
[0mOPTIONS /api/collection/list [32m204[0m 0.144 ms - 0[0m
[0mGET /api/collection/list [36m304[0m 17.329 ms - -[0m
[0mGET /api/order/notifications [36m304[0m 35.506 ms - -[0m
[0mOPTIONS /api/order/notifications [32m204[0m 0.853 ms - 0[0m
[0mGET /api/order/notifications [36m304[0m 48.889 ms - -[0m
[0mOPTIONS /api/order/notifications [32m204[0m 1.172 ms - 0[0m
[0mGET /api/order/notifications [36m304[0m 37.601 ms - -[0m
[0mOPTIONS /api/collection/list [32m204[0m 0.285 ms - 0[0m
[0mGET /api/collection/list [36m304[0m 4.190 ms - -[0m
[0mOPTIONS /api/order/notifications [32m204[0m 0.409 ms - 0[0m
[0mGET /api/collection/list [36m304[0m 12.874 ms - -[0m
[0mGET /api/order/notifications [36m304[0m 74.916 ms - -[0m
[0mOPTIONS /api/order/notifications [32m204[0m 1.761 ms - 0[0m
[0mOPTIONS /api/collection/list [32m204[0m 0.216 ms - 0[0m
[0mGET /api/collection/list [36m304[0m 12.159 ms - -[0m
[0mGET /api/order/notifications [36m304[0m 28.853 ms - -[0m
[0mOPTIONS /api/order/notifications [32m204[0m 1.233 ms - 0[0m
[0mOPTIONS /api/collection/list [32m204[0m 0.178 ms - 0[0m
[0mGET /api/collection/list [36m304[0m 21.216 ms - -[0m
[0mGET /api/order/notifications [36m304[0m 33.655 ms - -[0m
[0mGET /api/collection/list [36m304[0m 2.792 ms - -[0m
[0mGET /api/order/notifications [36m304[0m 15.380 ms - -[0m
[0mOPTIONS /api/order/notifications [32m204[0m 0.329 ms - 0[0m
[0mOPTIONS /api/collection/list [32m204[0m 0.118 ms - 0[0m
[0mGET /api/collection/list [36m304[0m 6.126 ms - -[0m
[0mGET /api/order/notifications [36m304[0m 24.762 ms - -[0m
[0mGET /api/collection/list [36m304[0m 6.707 ms - -[0m
[0mGET /api/order/notifications [36m304[0m 18.963 ms - -[0m
[0mOPTIONS /api/order/notifications [32m204[0m 1.428 ms - 0[0m
[0mOPTIONS /api/collection/list [32m204[0m 0.285 ms - 0[0m
[0mGET /api/collection/list [36m304[0m 12.388 ms - -[0m
[0mGET /api/order/notifications [36m304[0m 29.790 ms - -[0m
[0mGET /api/collection/list [36m304[0m 13.928 ms - -[0m
[0mGET /api/order/notifications [36m304[0m 29.652 ms - -[0m
[0mOPTIONS /api/order/notifications [32m204[0m 1.598 ms - 0[0m
[0mOPTIONS /api/collection/list [32m204[0m 0.218 ms - 0[0m
[0mGET /api/collection/list [36m304[0m 16.164 ms - -[0m
[0mGET /api/order/notifications [36m304[0m 36.677 ms - -[0m
[0mOPTIONS /api/order/notifications [32m204[0m 0.219 ms - 0[0m
[0mOPTIONS /api/collection/list [32m204[0m 0.103 ms - 0[0m
[0mGET /api/collection/list [36m304[0m 4.380 ms - -[0m
[0mGET /api/order/notifications [36m304[0m 16.569 ms - -[0m
[0mOPTIONS /api/order/notifications [32m204[0m 5.495 ms - 0[0m
[0mOPTIONS /api/collection/list [32m204[0m 0.719 ms - 0[0m
[0mGET /api/collection/list [36m304[0m 10.284 ms - -[0m
[0mGET /api/order/notifications [36m304[0m 25.141 ms - -[0m
[0mOPTIONS /api/order/notifications [32m204[0m 1.498 ms - 0[0m
[0mOPTIONS /api/collection/list [32m204[0m 0.178 ms - 0[0m
[0mGET /api/collection/list [36m304[0m 20.874 ms - -[0m
[0mGET /api/order/notifications [36m304[0m 49.450 ms - -[0m
[0mGET /api/collection/list [36m304[0m 16.938 ms - -[0m
[0mGET /api/order/notifications [36m304[0m 36.067 ms - -[0m
[0mOPTIONS /api/order/notifications [32m204[0m 0.776 ms - 0[0m
[0mOPTIONS /api/collection/list [32m204[0m 0.235 ms - 0[0m
[0mGET /api/collection/list [36m304[0m 11.399 ms - -[0m
[0mGET /api/order/notifications [36m304[0m 23.624 ms - -[0m
[0mGET /api/collection/list [36m304[0m 14.135 ms - -[0m
[0mGET /api/order/notifications [36m304[0m 20.768 ms - -[0m
[0mOPTIONS /api/order/notifications [32m204[0m 1.129 ms - 0[0m
[0mOPTIONS /api/collection/list [32m204[0m 0.217 ms - 0[0m
[0mGET /api/collection/list [36m304[0m 13.076 ms - -[0m
[0mGET /api/order/notifications [36m304[0m 26.822 ms - -[0m
[0mOPTIONS /api/order/notifications [32m204[0m 1.252 ms - 0[0m
[0mOPTIONS /api/collection/list [32m204[0m 0.172 ms - 0[0m
[0mGET /api/collection/list [36m304[0m 10.562 ms - -[0m
[0mGET /api/order/notifications [36m304[0m 20.486 ms - -[0m
[0mGET /api/collection/list [36m304[0m 5.351 ms - -[0m
[0mGET /api/order/notifications [36m304[0m 18.330 ms - -[0m
[0mGET /api/collection/list [36m304[0m 5.186 ms - -[0m
[0mGET /api/order/notifications [36m304[0m 17.820 ms - -[0m
[0mOPTIONS /api/order/notifications [32m204[0m 0.596 ms - 0[0m
[0mOPTIONS /api/collection/list [32m204[0m 0.413 ms - 0[0m
[0mGET /api/collection/list [36m304[0m 6.710 ms - -[0m
[0mGET /api/order/notifications [36m304[0m 21.322 ms - -[0m
[0mGET /api/collection/list [36m304[0m 4.919 ms - -[0m
[0mGET /api/order/notifications [36m304[0m 17.501 ms - -[0m
[0mOPTIONS /api/order/notifications [32m204[0m 1.012 ms - 0[0m
[0mOPTIONS /api/collection/list [32m204[0m 0.169 ms - 0[0m
[0mGET /api/collection/list [36m304[0m 20.513 ms - -[0m
[0mGET /api/order/notifications [36m304[0m 37.041 ms - -[0m
[0mOPTIONS /api/order/notifications [32m204[0m 1.069 ms - 0[0m
[0mGET /api/order/notifications [36m304[0m 15.702 ms - -[0m
[0mOPTIONS /api/order/notifications [32m204[0m 1.186 ms - 0[0m
[0mGET /api/order/notifications [36m304[0m 29.061 ms - -[0m
[0mGET /api/order/notifications [36m304[0m 15.929 ms - -[0m
[0mOPTIONS /api/order/notifications [32m204[0m 0.458 ms - 0[0m
[0mOPTIONS /api/collection/list [32m204[0m 0.130 ms - 0[0m
[0mGET /api/collection/list [36m304[0m 21.478 ms - -[0m
[0mGET /api/order/notifications [36m304[0m 30.581 ms - -[0m
[0mGET /api/collection/list [36m304[0m 3.425 ms - -[0m
[0mGET /api/order/notifications [36m304[0m 18.266 ms - -[0m
[0mOPTIONS /api/order/notifications [32m204[0m 6.785 ms - 0[0m
[0mOPTIONS /api/collection/list [32m204[0m 0.549 ms - 0[0m
[0mGET /api/collection/list [36m304[0m 27.181 ms - -[0m
[0mGET /api/order/notifications [36m304[0m 45.818 ms - -[0m
[0mOPTIONS /api/order/notifications [32m204[0m 1.998 ms - 0[0m
[0mGET /api/order/notifications [36m304[0m 30.133 ms - -[0m
[0mOPTIONS /api/order/notifications [32m204[0m 0.408 ms - 0[0m
[0mOPTIONS /api/collection/list [32m204[0m 0.187 ms - 0[0m
[0mGET /api/collection/list [36m304[0m 12.300 ms - -[0m
[0mGET /api/order/notifications [36m304[0m 24.933 ms - -[0m
[0mGET /api/collection/list [36m304[0m 8.092 ms - -[0m
[0mGET /api/order/notifications [36m304[0m 19.508 ms - -[0m
[0mOPTIONS /api/order/notifications [32m204[0m 2.245 ms - 0[0m
[0mOPTIONS /api/collection/list [32m204[0m 0.469 ms - 0[0m
[0mGET /api/collection/list [36m304[0m 27.311 ms - -[0m
[0mGET /api/order/notifications [36m304[0m 51.411 ms - -[0m
[0mOPTIONS /api/order/notifications [32m204[0m 1.294 ms - 0[0m
[0mOPTIONS /api/collection/list [32m204[0m 0.283 ms - 0[0m
[0mGET /api/collection/list [36m304[0m 20.910 ms - -[0m
[0mGET /api/order/notifications [36m304[0m 38.271 ms - -[0m
[0mOPTIONS /api/order/notifications [32m204[0m 1.882 ms - 0[0m
[0mOPTIONS /api/collection/list [32m204[0m 0.220 ms - 0[0m
[0mGET /api/collection/list [36m304[0m 17.954 ms - -[0m
[0mGET /api/order/notifications [36m304[0m 41.885 ms - -[0m
[0mOPTIONS /api/order/notifications [32m204[0m 1.515 ms - 0[0m
[0mOPTIONS /api/collection/list [32m204[0m 0.210 ms - 0[0m
[0mGET /api/collection/list [36m304[0m 40.675 ms - -[0m
[0mGET /api/order/notifications [36m304[0m 40.876 ms - -[0m
[0mOPTIONS /api/order/notifications [32m204[0m 1.244 ms - 0[0m
[0mOPTIONS /api/collection/list [32m204[0m 3.431 ms - 0[0m
[0mGET /api/collection/list [36m304[0m 14.479 ms - -[0m
[0mGET /api/order/notifications [36m304[0m 31.769 ms - -[0m
[0mOPTIONS /api/order/notifications [32m204[0m 1.467 ms - 0[0m
[0mOPTIONS /api/collection/list [32m204[0m 0.216 ms - 0[0m
[0mGET /api/collection/list [36m304[0m 15.001 ms - -[0m
[0mGET /api/order/notifications [36m304[0m 37.824 ms - -[0m
[0mOPTIONS /api/order/notifications [32m204[0m 1.645 ms - 0[0m
[0mOPTIONS /api/collection/list [32m204[0m 4.185 ms - 0[0m
[0mGET /api/collection/list [36m304[0m 21.076 ms - -[0m
[0mGET /api/order/notifications [36m304[0m 39.691 ms - -[0m
[0mOPTIONS /api/order/notifications [32m204[0m 3.398 ms - 0[0m
[0mOPTIONS /api/collection/list [32m204[0m 0.220 ms - 0[0m
[0mGET /api/collection/list [36m304[0m 10.326 ms - -[0m
[0mGET /api/order/notifications [36m304[0m 27.881 ms - -[0m
[0mOPTIONS /api/order/notifications [32m204[0m 4.269 ms - 0[0m
[0mOPTIONS /api/collection/list [32m204[0m 0.535 ms - 0[0m
[0mGET /api/collection/list [36m304[0m 61.382 ms - -[0m
[0mGET /api/order/notifications [36m304[0m 84.933 ms - -[0m
[0mOPTIONS /api/order/notifications [32m204[0m 1.438 ms - 0[0m
[0mOPTIONS /api/collection/list [32m204[0m 0.198 ms - 0[0m
[0mGET /api/collection/list [36m304[0m 8.588 ms - -[0m
[0mGET /api/order/notifications [36m304[0m 26.051 ms - -[0m
[0mOPTIONS /api/order/notifications [32m204[0m 1.534 ms - 0[0m
[0mOPTIONS /api/collection/list [32m204[0m 0.436 ms - 0[0m
[0mGET /api/collection/list [36m304[0m 11.340 ms - -[0m
[0mGET /api/order/notifications [36m304[0m 29.417 ms - -[0m
[0mOPTIONS /api/order/notifications [32m204[0m 3.284 ms - 0[0m
[0mOPTIONS /api/collection/list [32m204[0m 2.127 ms - 0[0m
[0mGET /api/collection/list [36m304[0m 18.310 ms - -[0m
[0mGET /api/order/notifications [36m304[0m 34.022 ms - -[0m
[0mOPTIONS /api/order/notifications [32m204[0m 1.315 ms - 0[0m
[0mOPTIONS /api/collection/list [32m204[0m 0.739 ms - 0[0m
[0mGET /api/collection/list [36m304[0m 13.212 ms - -[0m
[0mGET /api/order/notifications [36m304[0m 33.551 ms - -[0m
[0mOPTIONS /api/order/notifications [32m204[0m 5.569 ms - 0[0m
[0mOPTIONS /api/collection/list [32m204[0m 0.305 ms - 0[0m
[0mGET /api/collection/list [36m304[0m 13.811 ms - -[0m
[0mGET /api/order/notifications [36m304[0m 29.887 ms - -[0m
[0mOPTIONS /api/order/notifications [32m204[0m 2.581 ms - 0[0m
[0mOPTIONS /api/collection/list [32m204[0m 0.190 ms - 0[0m
[0mGET /api/collection/list [36m304[0m 19.339 ms - -[0m
[0mGET /api/order/notifications [36m304[0m 37.251 ms - -[0m
[0mGET /api/collection/list [36m304[0m 17.272 ms - -[0m
[0mGET /api/order/notifications [36m304[0m 34.428 ms - -[0m
[0mOPTIONS /api/order/notifications [32m204[0m 0.585 ms - 0[0m
[0mOPTIONS /api/collection/list [32m204[0m 0.662 ms - 0[0m
[0mGET /api/collection/list [36m304[0m 10.483 ms - -[0m
[0mGET /api/order/notifications [36m304[0m 23.693 ms - -[0m
[0mOPTIONS /api/order/notifications [32m204[0m 1.219 ms - 0[0m
[0mOPTIONS /api/collection/list [32m204[0m 0.439 ms - 0[0m
[0mGET /api/collection/list [36m304[0m 8.325 ms - -[0m
[0mGET /api/order/notifications [36m304[0m 25.954 ms - -[0m
[0mOPTIONS /api/order/notifications [32m204[0m 1.045 ms - 0[0m
[0mOPTIONS /api/collection/list [32m204[0m 0.156 ms - 0[0m
[0mGET /api/collection/list [36m304[0m 18.382 ms - -[0m
[0mGET /api/order/notifications [36m304[0m 35.397 ms - -[0m
[0mOPTIONS /api/order/notifications [32m204[0m 1.378 ms - 0[0m
[0mOPTIONS /api/collection/list [32m204[0m 0.186 ms - 0[0m
[0mGET /api/collection/list [36m304[0m 11.484 ms - -[0m
[0mGET /api/order/notifications [36m304[0m 28.741 ms - -[0m
[0mOPTIONS /api/order/notifications [32m204[0m 1.262 ms - 0[0m
[0mOPTIONS /api/collection/list [32m204[0m 0.254 ms - 0[0m
[0mGET /api/collection/list [36m304[0m 16.521 ms - -[0m
[0mGET /api/order/notifications [36m304[0m 33.416 ms - -[0m
[0mOPTIONS /api/order/notifications [32m204[0m 2.133 ms - 0[0m
[0mOPTIONS /api/collection/list [32m204[0m 0.446 ms - 0[0m
[0mGET /api/collection/list [36m304[0m 11.796 ms - -[0m
[0mGET /api/order/notifications [36m304[0m 31.610 ms - -[0m
[0mOPTIONS /api/order/notifications [32m204[0m 1.039 ms - 0[0m
[0mOPTIONS /api/collection/list [32m204[0m 0.389 ms - 0[0m
[0mGET /api/collection/list [36m304[0m 13.237 ms - -[0m
[0mGET /api/order/notifications [36m304[0m 32.188 ms - -[0m
[0mOPTIONS /api/order/notifications [32m204[0m 1.471 ms - 0[0m
[0mOPTIONS /api/collection/list [32m204[0m 0.200 ms - 0[0m
[0mGET /api/collection/list [36m304[0m 15.245 ms - -[0m
[0mGET /api/order/notifications [36m304[0m 32.262 ms - -[0m
[0mOPTIONS /api/order/notifications [32m204[0m 4.545 ms - 0[0m
[0mOPTIONS /api/collection/list [32m204[0m 0.782 ms - 0[0m
[0mGET /api/collection/list [36m304[0m 9.179 ms - -[0m
[0mGET /api/order/notifications [36m304[0m 33.849 ms - -[0m
[0mOPTIONS /api/order/notifications [32m204[0m 2.483 ms - 0[0m
[0mOPTIONS /api/collection/list [32m204[0m 0.360 ms - 0[0m
[0mGET /api/collection/list [36m304[0m 9.693 ms - -[0m
[0mGET /api/order/notifications [36m304[0m 33.333 ms - -[0m
[0mOPTIONS /api/order/notifications [32m204[0m 1.508 ms - 0[0m
[0mOPTIONS /api/collection/list [32m204[0m 0.640 ms - 0[0m
[0mGET /api/collection/list [36m304[0m 26.986 ms - -[0m
[0mGET /api/order/notifications [36m304[0m 48.806 ms - -[0m
[0mOPTIONS /api/order/notifications [32m204[0m 3.799 ms - 0[0m
[0mOPTIONS /api/collection/list [32m204[0m 0.303 ms - 0[0m
[0mGET /api/collection/list [36m304[0m 6.371 ms - -[0m
[0mGET /api/order/notifications [36m304[0m 25.829 ms - -[0m
[0mOPTIONS /api/order/notifications [32m204[0m 0.859 ms - 0[0m
[0mOPTIONS /api/collection/list [32m204[0m 0.317 ms - 0[0m
[0mGET /api/collection/list [36m304[0m 9.398 ms - -[0m
[0mGET /api/order/notifications [36m304[0m 27.982 ms - -[0m
[0mOPTIONS /api/order/notifications [32m204[0m 1.352 ms - 0[0m
[0mOPTIONS /api/collection/list [32m204[0m 0.187 ms - 0[0m
[0mGET /api/collection/list [36m304[0m 8.289 ms - -[0m
[0mGET /api/order/notifications [36m304[0m 27.737 ms - -[0m
[0mOPTIONS /api/order/notifications [32m204[0m 1.184 ms - 0[0m
[0mOPTIONS /api/collection/list [32m204[0m 0.304 ms - 0[0m
[0mGET /api/collection/list [36m304[0m 18.132 ms - -[0m
[0mGET /api/order/notifications [36m304[0m 33.910 ms - -[0m
[0mOPTIONS /api/order/notifications [32m204[0m 3.719 ms - 0[0m
[0mOPTIONS /api/collection/list [32m204[0m 0.416 ms - 0[0m
[0mGET /api/collection/list [36m304[0m 20.836 ms - -[0m
[0mGET /api/order/notifications [36m304[0m 41.997 ms - -[0m
[0mOPTIONS /api/order/notifications [32m204[0m 1.447 ms - 0[0m
[0mOPTIONS /api/collection/list [32m204[0m 0.304 ms - 0[0m
[0mGET /api/collection/list [36m304[0m 7.378 ms - -[0m
[0mGET /api/order/notifications [36m304[0m 31.546 ms - -[0m
[0mOPTIONS /api/order/notifications [32m204[0m 1.248 ms - 0[0m
[0mOPTIONS /api/collection/list [32m204[0m 0.355 ms - 0[0m
[0mGET /api/collection/list [36m304[0m 9.285 ms - -[0m
[0mGET /api/order/notifications [36m304[0m 27.823 ms - -[0m
[0mOPTIONS /api/order/notifications [32m204[0m 1.233 ms - 0[0m
[0mOPTIONS /api/collection/list [32m204[0m 0.558 ms - 0[0m
[0mGET /api/collection/list [36m304[0m 15.976 ms - -[0m
[0mGET /api/order/notifications [36m304[0m 35.108 ms - -[0m
[0mGET /api/collection/list [36m304[0m 7.474 ms - -[0m
[0mGET /api/order/notifications [36m304[0m 27.516 ms - -[0m
[0mOPTIONS /api/order/notifications [32m204[0m 1.928 ms - 0[0m
[0mOPTIONS /api/collection/list [32m204[0m 0.300 ms - 0[0m
[0mGET /api/collection/list [36m304[0m 9.435 ms - -[0m
[0mGET /api/order/notifications [36m304[0m 32.751 ms - -[0m
[0mOPTIONS /api/collection/item [32m204[0m 0.465 ms - 0[0m
[0mPUT /api/collection/item [33m404[0m 14.717 ms - 3141[0m
[0mOPTIONS /api/order/notifications [32m204[0m 5.360 ms - 0[0m
[0mOPTIONS /api/collection/list [32m204[0m 0.191 ms - 0[0m
[0mGET /api/collection/list [36m304[0m 14.255 ms - -[0m
[0mGET /api/order/notifications [36m304[0m 29.576 ms - -[0m
[0mOPTIONS /api/collection/item [32m204[0m 0.460 ms - 0[0m
[0mPOST /api/collection/item [32m200[0m 37.021 ms - 78[0m
[0mOPTIONS /api/order/notifications [32m204[0m 0.607 ms - 0[0m
[0mOPTIONS /api/collection/list [32m204[0m 0.471 ms - 0[0m
[0mGET /api/collection/list [36m304[0m 4.238 ms - -[0m
[0mGET /api/order/notifications [36m304[0m 25.979 ms - -[0m
[0mOPTIONS /api/order/notifications [32m204[0m 1.181 ms - 0[0m
[0mOPTIONS /api/collection/list [32m204[0m 0.235 ms - 0[0m
[0mGET /api/collection/list [36m304[0m 17.110 ms - -[0m
[0mGET /api/order/notifications [36m304[0m 32.090 ms - -[0m
[0mOPTIONS /api/order/notifications [32m204[0m 4.547 ms - 0[0m
[0mOPTIONS /api/collection/list [32m204[0m 0.303 ms - 0[0m
[0mGET /api/collection/list [36m304[0m 11.670 ms - -[0m
[0mGET /api/order/notifications [36m304[0m 33.421 ms - -[0m
[0mOPTIONS /api/collection/item [32m204[0m 0.497 ms - 0[0m
[0mPOST /api/collection/item [32m200[0m 12.303 ms - 78[0m
[0mOPTIONS /api/order/notifications [32m204[0m 1.138 ms - 0[0m
[0mOPTIONS /api/collection/list [32m204[0m 0.185 ms - 0[0m
[0mGET /api/collection/list [36m304[0m 15.619 ms - -[0m
[0mGET /api/order/notifications [36m304[0m 27.051 ms - -[0m
[0mOPTIONS /api/order/notifications [32m204[0m 1.209 ms - 0[0m
[0mOPTIONS /api/collection/list [32m204[0m 0.237 ms - 0[0m
[0mGET /api/collection/list [36m304[0m 9.920 ms - -[0m
[0mGET /api/order/notifications [36m304[0m 30.182 ms - -[0m
[0mOPTIONS /api/collection/item [32m204[0m 1.543 ms - 0[0m
[0mPOST /api/collection/item [32m200[0m 11.946 ms - 78[0m
[0mOPTIONS /api/order/notifications [32m204[0m 1.326 ms - 0[0m
[0mOPTIONS /api/collection/list [32m204[0m 0.289 ms - 0[0m
[0mGET /api/collection/list [36m304[0m 22.034 ms - -[0m
[0mGET /api/order/notifications [36m304[0m 39.047 ms - -[0m
[0mOPTIONS /api/order/notifications [32m204[0m 1.420 ms - 0[0m
[0mOPTIONS /api/collection/list [32m204[0m 0.264 ms - 0[0m
[0mGET /api/collection/list [36m304[0m 17.059 ms - -[0m
[0mGET /api/order/notifications [36m304[0m 38.092 ms - -[0m
[0mOPTIONS /api/order/notifications [32m204[0m 1.809 ms - 0[0m
[0mOPTIONS /api/collection/list [32m204[0m 0.874 ms - 0[0m
[0mGET /api/collection/list [36m304[0m 32.951 ms - -[0m
[0mGET /api/order/notifications [36m304[0m 49.955 ms - -[0m
[0mOPTIONS /api/order/notifications [32m204[0m 1.035 ms - 0[0m
[0mOPTIONS /api/collection/list [32m204[0m 0.482 ms - 0[0m
[0mGET /api/collection/list [36m304[0m 27.943 ms - -[0m
[0mGET /api/order/notifications [36m304[0m 40.913 ms - -[0m
[0mOPTIONS /api/order/notifications [32m204[0m 6.707 ms - 0[0m
[0mOPTIONS /api/collection/list [32m204[0m 0.558 ms - 0[0m
[0mGET /api/collection/list [36m304[0m 6.326 ms - -[0m
[0mGET /api/order/notifications [36m304[0m 34.436 ms - -[0m
[0mOPTIONS /api/order/notifications [32m204[0m 1.238 ms - 0[0m
[0mOPTIONS /api/collection/list [32m204[0m 0.351 ms - 0[0m
[0mGET /api/collection/list [36m304[0m 16.892 ms - -[0m
[0mGET /api/order/notifications [36m304[0m 32.727 ms - -[0m
[0mOPTIONS /api/order/notifications [32m204[0m 0.929 ms - 0[0m
[0mOPTIONS /api/collection/list [32m204[0m 0.189 ms - 0[0m
[0mGET /api/collection/list [36m304[0m 15.630 ms - -[0m
[0mGET /api/order/notifications [36m304[0m 39.477 ms - -[0m
[0mOPTIONS /api/order/notifications [32m204[0m 0.967 ms - 0[0m
[0mOPTIONS /api/collection/list [32m204[0m 0.170 ms - 0[0m
[0mGET /api/collection/list [36m304[0m 12.748 ms - -[0m
[0mGET /api/order/notifications [36m304[0m 41.871 ms - -[0m
[0mOPTIONS /api/order/notifications [32m204[0m 0.837 ms - 0[0m
[0mOPTIONS /api/collection/list [32m204[0m 0.137 ms - 0[0m
[0mGET /api/collection/list [36m304[0m 8.397 ms - -[0m
[0mGET /api/order/notifications [36m304[0m 24.604 ms - -[0m
[0mOPTIONS /api/order/notifications [32m204[0m 1.067 ms - 0[0m
[0mOPTIONS /api/collection/list [32m204[0m 0.278 ms - 0[0m
[0mGET /api/collection/list [36m304[0m 16.361 ms - -[0m
[0mGET /api/order/notifications [36m304[0m 35.559 ms - -[0m
[0mOPTIONS /api/order/notifications [32m204[0m 1.076 ms - 0[0m
[0mOPTIONS /api/collection/list [32m204[0m 0.142 ms - 0[0m
[0mGET /api/collection/list [36m304[0m 25.920 ms - -[0m
[0mGET /api/order/notifications [36m304[0m 45.621 ms - -[0m
[0mOPTIONS /api/order/notifications [32m204[0m 1.974 ms - 0[0m
[0mOPTIONS /api/collection/list [32m204[0m 0.386 ms - 0[0m
[0mGET /api/collection/list [36m304[0m 20.967 ms - -[0m
[0mGET /api/order/notifications [36m304[0m 35.969 ms - -[0m
[0mOPTIONS / [32m204[0m 2.346 ms - 0[0m
[0mGET / [33m404[0m 5.499 ms - 3098[0m
[0mGET /api/order/notifications [36m304[0m 37.996 ms - -[0m
[0mOPTIONS /api/order/notifications [32m204[0m 1.222 ms - 0[0m
[0mOPTIONS /api/collection/item/list [32m204[0m 0.212 ms - 0[0m
[0mGET /api/collection/item/list [33m404[0m 3.218 ms - 3141[0m
[0mGET /api/order/notifications [36m304[0m 25.483 ms - -[0m
[0mOPTIONS /api/order/notifications [32m204[0m 7.052 ms - 0[0m
[0mOPTIONS /api/collection/item/list [32m204[0m 1.591 ms - 0[0m
[0mGET /api/collection/item/list [33m404[0m 11.696 ms - 3141[0m
[0mGET /api/order/notifications [32m200[0m 61.070 ms - 36[0m
[0mOPTIONS /api/order/notifications [32m204[0m 2.725 ms - 0[0m
[0mOPTIONS /api/collection/item/list [32m204[0m 0.376 ms - 0[0m
[0mGET /api/order/notifications [32m200[0m 44.323 ms - 36[0m
[0mGET /api/collection/item/list [32m200[0m 35.743 ms - 49[0m
[0mOPTIONS /api/order/notifications [32m204[0m 2.433 ms - 0[0m
[0mOPTIONS /api/collection/item/list [32m204[0m 0.449 ms - 0[0m
[0mGET /api/collection/item/list [36m304[0m 12.465 ms - -[0m
[0mGET /api/order/notifications [36m304[0m 39.280 ms - -[0m
[0mOPTIONS /api/collection/item [32m204[0m 0.984 ms - 0[0m
[0mPOST /api/collection/item [32m200[0m 25.152 ms - 78[0m
[0mOPTIONS /api/order/notifications [32m204[0m 0.690 ms - 0[0m
[0mOPTIONS /api/collection/item/list [32m204[0m 0.222 ms - 0[0m
[0mGET /api/collection/item/list [32m200[0m 15.515 ms - 245[0m
[0mGET /api/order/notifications [36m304[0m 24.960 ms - -[0m
[0mOPTIONS /api/order/notifications [32m204[0m 3.233 ms - 0[0m
[0mOPTIONS /api/collection/item/list [32m204[0m 0.571 ms - 0[0m
[0mGET /api/collection/item/list [36m304[0m 43.127 ms - -[0m
[0mGET /api/order/notifications [36m304[0m 68.125 ms - -[0m
[0mOPTIONS /api/order/notifications [32m204[0m 1.073 ms - 0[0m
[0mOPTIONS /api/collection/item/list [32m204[0m 0.226 ms - 0[0m
[0mGET /api/collection/item/list [36m304[0m 12.789 ms - -[0m
[0mGET /api/order/notifications [36m304[0m 38.996 ms - -[0m
[0mOPTIONS /api/order/notifications [32m204[0m 1.008 ms - 0[0m
[0mOPTIONS /api/collection/item/list [32m204[0m 0.329 ms - 0[0m
[0mGET /api/collection/item/list [36m304[0m 10.983 ms - -[0m
[0mGET /api/order/notifications [36m304[0m 28.772 ms - -[0m
[0mOPTIONS /api/order/notifications [32m204[0m 1.275 ms - 0[0m
[0mOPTIONS /api/collection/item/list [32m204[0m 0.395 ms - 0[0m
[0mGET /api/collection/item/list [36m304[0m 18.896 ms - -[0m
[0mGET /api/order/notifications [36m304[0m 35.435 ms - -[0m
[0mOPTIONS /api/order/notifications [32m204[0m 1.242 ms - 0[0m
[0mOPTIONS /api/collection/item/list [32m204[0m 0.310 ms - 0[0m
[0mGET /api/collection/item/list [36m304[0m 11.691 ms - -[0m
[0mGET /api/order/notifications [36m304[0m 34.299 ms - -[0m
[0mOPTIONS /api/order/notifications [32m204[0m 0.988 ms - 0[0m
[0mOPTIONS /api/collection/item/list [32m204[0m 0.258 ms - 0[0m
[0mGET /api/collection/item/list [36m304[0m 12.394 ms - -[0m
[0mGET /api/order/notifications [36m304[0m 25.578 ms - -[0m
[0mOPTIONS /api/collection/item [32m204[0m 2.262 ms - 0[0m
[0mDELETE /api/collection/item [33m404[0m 18.029 ms - 3141[0m
[0mOPTIONS /api/order/notifications [32m204[0m 1.153 ms - 0[0m
[0mOPTIONS /api/collection/item/list [32m204[0m 0.265 ms - 0[0m
[0mGET /api/collection/item/list [36m304[0m 10.765 ms - -[0m
[0mGET /api/order/notifications [36m304[0m 24.729 ms - -[0m
[0mOPTIONS /api/order/notifications [32m204[0m 1.083 ms - 0[0m
[0mOPTIONS /api/collection/item/list [32m204[0m 0.296 ms - 0[0m
[0mGET /api/collection/item/list [36m304[0m 20.524 ms - -[0m
[0mGET /api/order/notifications [36m304[0m 38.128 ms - -[0m
[0mOPTIONS /api/collection/item [32m204[0m 0.706 ms - 0[0m
[0mDELETE /api/collection/item [33m404[0m 3.695 ms - 3141[0m
[0mOPTIONS /api/order/notifications [32m204[0m 3.373 ms - 0[0m
[0mOPTIONS /api/collection/item/list [32m204[0m 0.625 ms - 0[0m
[0mGET /api/collection/item/list [36m304[0m 36.593 ms - -[0m
[0mGET /api/order/notifications [36m304[0m 56.529 ms - -[0m
[0mOPTIONS /api/collection/item [32m204[0m 1.351 ms - 0[0m
[0mOPTIONS /api/order/notifications [32m204[0m 2.335 ms - 0[0m
[0mOPTIONS /api/collection/item/list [32m204[0m 0.442 ms - 0[0m
[0mGET /api/collection/item/list [36m304[0m 22.749 ms - -[0m
[0mGET /api/order/notifications [36m304[0m 42.322 ms - -[0m
[0mOPTIONS /api/collection/item/delete [32m204[0m 1.399 ms - 0[0m
[0mOPTIONS /api/order/notifications [32m204[0m 2.484 ms - 0[0m
[0mOPTIONS /api/collection/item/list [32m204[0m 0.418 ms - 0[0m
[0mGET /api/collection/item/list [36m304[0m 18.182 ms - -[0m
[0mGET /api/order/notifications [36m304[0m 42.855 ms - -[0m
[0mOPTIONS /api/collection/item/delete [32m204[0m 0.941 ms - 0[0m
[0mOPTIONS /api/order/notifications [32m204[0m 2.696 ms - 0[0m
[0mOPTIONS /api/collection/item/list [32m204[0m 0.588 ms - 0[0m
[0mGET /api/collection/item/list [36m304[0m 18.296 ms - -[0m
[0mGET /api/order/notifications [36m304[0m 43.476 ms - -[0m
[0mOPTIONS /api/collection/item/delete [32m204[0m 1.220 ms - 0[0m
[0mPOST /api/collection/item/delete [32m200[0m 33.488 ms - 90[0m
[0mOPTIONS /api/order/notifications [32m204[0m 0.590 ms - 0[0m
[0mOPTIONS /api/collection/item/list [32m204[0m 0.244 ms - 0[0m
[0mGET /api/collection/item/list [32m200[0m 5.028 ms - 49[0m
[0mGET /api/order/notifications [36m304[0m 27.626 ms - -[0m
[0mOPTIONS /api/collection/item [32m204[0m 1.685 ms - 0[0m
[0mPOST /api/collection/item [32m200[0m 1880.717 ms - 78[0m
[0mOPTIONS /api/order/notifications [32m204[0m 0.262 ms - 0[0m
[0mOPTIONS /api/collection/item/list [32m204[0m 0.442 ms - 0[0m
[0mGET /api/collection/item/list [32m200[0m 13.157 ms - 299[0m
[0mGET /api/order/notifications [36m304[0m 93.561 ms - -[0m
[0mOPTIONS /api/order/notifications [32m204[0m 1.304 ms - 0[0m
[0mOPTIONS /api/collection/item/list [32m204[0m 0.233 ms - 0[0m
[0mGET /api/collection/item/list [36m304[0m 16.685 ms - -[0m
[0mGET /api/order/notifications [36m304[0m 33.898 ms - -[0m
[0mOPTIONS /api/order/notifications [32m204[0m 0.896 ms - 0[0m
[0mOPTIONS /api/collection/item/list [32m204[0m 0.417 ms - 0[0m
[0mGET /api/collection/item/list [36m304[0m 18.057 ms - -[0m
[0mGET /api/order/notifications [36m304[0m 34.127 ms - -[0m
[0mOPTIONS /api/order/notifications [32m204[0m 0.509 ms - 0[0m
[0mOPTIONS /api/collection/item/list [32m204[0m 0.134 ms - 0[0m
[0mGET /api/collection/item/list [36m304[0m 7.285 ms - -[0m
[0mGET /api/order/notifications [36m304[0m 19.567 ms - -[0m
[0mOPTIONS /api/order/notifications [32m204[0m 0.937 ms - 0[0m
[0mOPTIONS /api/collection/item/list [32m204[0m 0.163 ms - 0[0m
[0mGET /api/collection/item/list [36m304[0m 10.951 ms - -[0m
[0mGET /api/order/notifications [36m304[0m 29.388 ms - -[0m
[0mOPTIONS /api/collection/item/delete [32m204[0m 0.345 ms - 0[0m
[0mPOST /api/collection/item/delete [32m200[0m 37.451 ms - 90[0m
[0mOPTIONS /api/order/notifications [32m204[0m 0.571 ms - 0[0m
[0mOPTIONS /api/collection/item/list [32m204[0m 0.184 ms - 0[0m
[0mGET /api/collection/item/list [32m200[0m 6.465 ms - 49[0m
[0mGET /api/order/notifications [36m304[0m 17.506 ms - -[0m
[0mGET /api/collection/item/list [36m304[0m 4.813 ms - -[0m
[0mGET /api/order/notifications [36m304[0m 17.491 ms - -[0m
[0mOPTIONS /api/collection/item [32m204[0m 4.795 ms - 0[0m
[0mPOST /api/collection/item [32m200[0m 1041.453 ms - 78[0m
[0mOPTIONS /api/order/notifications [32m204[0m 0.474 ms - 0[0m
[0mOPTIONS /api/collection/item/list [32m204[0m 0.191 ms - 0[0m
[0mGET /api/collection/item/list [32m200[0m 14.017 ms - 316[0m
[0mGET /api/order/notifications [36m304[0m 28.915 ms - -[0m
[0mOPTIONS /api/order/notifications [32m204[0m 1.332 ms - 0[0m
[0mOPTIONS /api/collection/item/list [32m204[0m 0.208 ms - 0[0m
[0mGET /api/collection/item/list [36m304[0m 30.811 ms - -[0m
[0mGET /api/order/notifications [36m304[0m 43.783 ms - -[0m
[0mOPTIONS /api/order/notifications [32m204[0m 1.040 ms - 0[0m
[0mOPTIONS /api/collection/item/list [32m204[0m 0.422 ms - 0[0m
[0mGET /api/collection/item/list [36m304[0m 20.125 ms - -[0m
[0mGET /api/order/notifications [36m304[0m 36.454 ms - -[0m
[0mOPTIONS /api/order/notifications [32m204[0m 1.120 ms - 0[0m
[0mOPTIONS /api/collection/item/list [32m204[0m 0.304 ms - 0[0m
[0mGET /api/collection/item/list [36m304[0m 18.400 ms - -[0m
[0mGET /api/order/notifications [36m304[0m 41.830 ms - -[0m
[0mOPTIONS /api/order/notifications [32m204[0m 1.065 ms - 0[0m
[0mOPTIONS /api/collection/item/list [32m204[0m 1.704 ms - 0[0m
[0mGET /api/collection/item/list [36m304[0m 11.385 ms - -[0m
[0mGET /api/order/notifications [36m304[0m 34.476 ms - -[0m
[0mOPTIONS /api/order/notifications [32m204[0m 0.962 ms - 0[0m
[0mOPTIONS /api/collection/item/list [32m204[0m 0.299 ms - 0[0m
[0mGET /api/collection/item/list [36m304[0m 19.327 ms - -[0m
[0mGET /api/order/notifications [36m304[0m 48.278 ms - -[0m
[0mOPTIONS /api/collection/item [32m204[0m 0.622 ms - 0[0m
[0mPOST /api/collection/item [32m200[0m 1143.719 ms - 78[0m
[0mOPTIONS /api/order/notifications [32m204[0m 0.249 ms - 0[0m
[0mOPTIONS /api/collection/item/list [32m204[0m 0.187 ms - 0[0m
[0mGET /api/collection/item/list [32m200[0m 3.999 ms - 566[0m
[0mGET /api/order/notifications [36m304[0m 16.538 ms - -[0m
[0mOPTIONS /api/order/notifications [32m204[0m 1.243 ms - 0[0m
[0mOPTIONS /api/collection/item/list [32m204[0m 0.266 ms - 0[0m
[0mGET /api/collection/item/list [36m304[0m 7.006 ms - -[0m
[0mGET /api/order/notifications [36m304[0m 32.983 ms - -[0m
[0mOPTIONS /api/order/notifications [32m204[0m 0.875 ms - 0[0m
[0mOPTIONS /api/collection/item/list [32m204[0m 0.154 ms - 0[0m
[0mGET /api/collection/item/list [36m304[0m 14.367 ms - -[0m
[0mGET /api/order/notifications [36m304[0m 56.200 ms - -[0m
[0mOPTIONS /api/order/notifications [32m204[0m 0.840 ms - 0[0m
[0mOPTIONS /api/collection/item/list [32m204[0m 0.141 ms - 0[0m
[0mGET /api/collection/item/list [36m304[0m 15.622 ms - -[0m
[0mGET /api/order/notifications [36m304[0m 48.650 ms - -[0m
[0mOPTIONS /api/customer/getUserByEmailId [32m204[0m 0.882 ms - 0[0m
[0mOPTIONS /api/customer/getUserByEmailId [32m204[0m 0.604 ms - 0[0m
[0mGET /api/website/image/banner?type=0 [36m304[0m 98.442 ms - -[0m
[0mGET /api/website/popular/category-list [36m304[0m 143.093 ms - -[0m
[0mGET /api/website/category/list [36m304[0m 163.060 ms - -[0m
[0mGET /api/website/product/new-arrival [36m304[0m 164.903 ms - -[0m
[0mGET /api/website/product/women-fashion [36m304[0m 259.588 ms - -[0m
[0mGET /api/website/product/men-fashion [36m304[0m 259.379 ms - -[0m
[0mGET /api/website/product/home-kitchen [36m304[0m 282.836 ms - -[0m
[0mGET /api/customer/getUserByEmailId [33m403[0m 145.638 ms - 36[0m
[0mGET /api/customer/getUserByEmailId [33m403[0m 7.227 ms - 36[0m
[0mGET /api/website/image/banner?type=0 [36m304[0m 10.163 ms - -[0m
[0mGET /api/website/popular/category-list [36m304[0m 46.920 ms - -[0m
[0mGET /api/website/category/list [36m304[0m 64.801 ms - -[0m
[0mGET /api/website/product/new-arrival [36m304[0m 160.652 ms - -[0m
[0mGET /api/website/product/men-fashion [36m304[0m 174.982 ms - -[0m
[0mGET /api/website/product/women-fashion [36m304[0m 175.866 ms - -[0m
[0mGET /api/website/product/home-kitchen [36m304[0m 176.248 ms - -[0m
[0mGET /api/website/collection/list [33m404[0m 57.442 ms - 3141[0m
[0mGET /api/website/image/banner?type=0 [36m304[0m 107.650 ms - -[0m
[0mGET /api/website/category/list [36m304[0m 144.347 ms - -[0m
[0mGET /api/website/popular/category-list [36m304[0m 162.518 ms - -[0m
[0mGET /api/website/product/new-arrival [36m304[0m 165.766 ms - -[0m
[0mGET /api/website/product/home-kitchen [36m304[0m 240.668 ms - -[0m
[0mGET /api/website/product/men-fashion [36m304[0m 180.229 ms - -[0m
[0mGET /api/website/product/women-fashion [36m304[0m 240.742 ms - -[0m
[0mGET /api/website/image/banner?type=0 [32m200[0m 22.197 ms - 152[0m
[0mGET /api/website/collection/list [33m404[0m 14.829 ms - 3141[0m
[0mGET /api/website/popular/category-list [32m200[0m 74.570 ms - 8117[0m
[0mGET /api/website/category/list [32m200[0m 136.928 ms - 24410[0m
[0mGET /api/website/product/new-arrival [32m200[0m 225.961 ms - 9475[0m
[0mGET /api/website/product/home-kitchen [32m200[0m 227.480 ms - 15246[0m
[0mGET /api/website/product/women-fashion [32m200[0m 224.414 ms - 17554[0m
[0mGET /api/website/product/men-fashion [32m200[0m 180.074 ms - 15254[0m
[0mGET /api/website/image/banner?type=0 [32m200[0m 15.483 ms - 152[0m
[0mGET /api/website/collection/list [33m401[0m 0.981 ms - 36[0m
[0mGET /api/website/category/list [32m200[0m 64.340 ms - 24410[0m
[0mGET /api/website/popular/category-list [32m200[0m 62.002 ms - 8117[0m
[0mGET /api/website/product/home-kitchen [32m200[0m 163.571 ms - 15246[0m
[0mGET /api/website/product/men-fashion [32m200[0m 165.174 ms - 15254[0m
[0mGET /api/website/product/women-fashion [32m200[0m 166.321 ms - 17554[0m
[0mGET /api/website/product/new-arrival [32m200[0m 132.664 ms - 9475[0m
[0mGET /api/website/image/banner?type=0 [32m200[0m 16.093 ms - 152[0m
[0mGET /api/website/category/list [32m200[0m 53.246 ms - 24410[0m
[0mGET /api/website/popular/category-list [32m200[0m 62.611 ms - 8117[0m
[0mGET /api/website/collection/list [32m200[0m 66.101 ms - 316[0m
[0mGET /api/website/product/new-arrival [32m200[0m 78.738 ms - 9475[0m
[0mGET /api/website/product/home-kitchen [32m200[0m 131.245 ms - 15246[0m
[0mGET /api/website/product/men-fashion [32m200[0m 130.482 ms - 15254[0m
[0mGET /api/website/product/women-fashion [32m200[0m 131.749 ms - 17554[0m
[0mGET /api/website/image/banner?type=0 [32m200[0m 9.298 ms - 152[0m
[0mGET /api/website/category/list [32m200[0m 68.578 ms - 24410[0m
[0mGET /api/website/popular/category-list [32m200[0m 89.317 ms - 8117[0m
[0mGET /api/website/collection/list [32m200[0m 62.198 ms - 316[0m
[0mGET /api/website/product/new-arrival [32m200[0m 107.122 ms - 9475[0m
[0mGET /api/website/product/home-kitchen [32m200[0m 94.368 ms - 15246[0m
[0mGET /api/website/product/women-fashion [32m200[0m 170.909 ms - 17554[0m
[0mGET /api/website/product/men-fashion [32m200[0m 170.670 ms - 15254[0m
[0mGET /api/website/collection/list [36m304[0m 22.495 ms - -[0m
[0mGET /api/website/image/banner?type=0 [32m200[0m 8.102 ms - 152[0m
[0mGET /api/website/category/list [32m200[0m 54.171 ms - 24410[0m
[0mGET /api/website/popular/category-list [32m200[0m 64.339 ms - 8117[0m
[0mGET /api/website/collection/list [32m200[0m 62.947 ms - 316[0m
[0mGET /api/website/product/new-arrival [32m200[0m 129.107 ms - 9475[0m
[0mGET /api/website/product/women-fashion [32m200[0m 184.782 ms - 17554[0m
[0mGET /api/website/product/men-fashion [32m200[0m 185.925 ms - 15254[0m
[0mGET /api/website/product/home-kitchen [32m200[0m 208.700 ms - 15246[0m
[0mGET /api/website/image/banner?type=0 [36m304[0m 11.544 ms - -[0m
[0mGET /api/website/popular/category-list [36m304[0m 12.826 ms - -[0m
[0mGET /api/website/collection/list [36m304[0m 48.217 ms - -[0m
[0mGET /api/website/category/list [36m304[0m 65.384 ms - -[0m
[0mGET /api/website/product/home-kitchen [36m304[0m 103.542 ms - -[0m
[0mGET /api/website/product/new-arrival [36m304[0m 72.247 ms - -[0m
[0mGET /api/website/product/women-fashion [36m304[0m 103.905 ms - -[0m
[0mGET /api/website/product/men-fashion [36m304[0m 104.574 ms - -[0m
[0mOPTIONS /api/auth/rootLogin [32m204[0m 0.728 ms - 0[0m
[0mPOST /api/auth/rootLogin [32m200[0m 263.314 ms - 211[0m
[0mOPTIONS /api/order/notifications [32m204[0m 0.316 ms - 0[0m
[0mOPTIONS /api/order/list [32m204[0m 0.392 ms - 0[0m
[0mOPTIONS /api/order/count [32m204[0m 0.620 ms - 0[0m
[0mGET /api/order/count [36m304[0m 8.704 ms - -[0m
[0mPOST /api/order/list [32m200[0m 24.632 ms - 10995[0m
[0mGET /api/order/notifications [36m304[0m 35.696 ms - -[0m
[0mOPTIONS /api/order/notifications [32m204[0m 0.299 ms - 0[0m
[0mOPTIONS /api/collection/list [32m204[0m 0.144 ms - 0[0m
[0mGET /api/collection/list [36m304[0m 17.585 ms - -[0m
[0mGET /api/order/notifications [36m304[0m 25.529 ms - -[0m
[0mOPTIONS /api/collection/create [32m204[0m 0.378 ms - 0[0m
[0mPOST /api/collection/create [32m200[0m 22.633 ms - 69[0m
[0mOPTIONS /api/order/notifications [32m204[0m 0.274 ms - 0[0m
[0mOPTIONS /api/collection/list [32m204[0m 0.130 ms - 0[0m
[0mGET /api/collection/list [32m200[0m 3.370 ms - 448[0m
[0mGET /api/order/notifications [36m304[0m 16.471 ms - -[0m
[0mOPTIONS /api/customer/getUserByEmailId [32m204[0m 0.245 ms - 0[0m
[0mOPTIONS /api/customer/getUserByEmailId [32m204[0m 0.270 ms - 0[0m
[0mGET /api/website/image/banner?type=0 [32m200[0m 7.431 ms - 152[0m
[0mGET /api/customer/getUserByEmailId [33m403[0m 20.266 ms - 36[0m
[0mGET /api/website/popular/category-list [32m200[0m 22.502 ms - 8117[0m
[0mGET /api/website/category/list [32m200[0m 26.820 ms - 24410[0m
[0mGET /api/website/collection/list [32m200[0m 23.788 ms - 380[0m
[0mGET /api/customer/getUserByEmailId [33m403[0m 24.645 ms - 36[0m
[0mGET /api/website/product/men-fashion [32m200[0m 62.708 ms - 15254[0m
[0mGET /api/website/product/women-fashion [32m200[0m 72.617 ms - 17554[0m
[0mGET /api/website/product/home-kitchen [32m200[0m 85.588 ms - 15246[0m
[0mGET /api/website/product/new-arrival [32m200[0m 71.277 ms - 9475[0m
[0mGET /api/website/collection/list [32m200[0m 14.806 ms - 380[0m
[0mOPTIONS /api/auth/rootLogin [32m204[0m 9.132 ms - 0[0m
[0mPOST /api/auth/rootLogin [32m200[0m 300.958 ms - 211[0m
[0mOPTIONS /api/order/notifications [32m204[0m 0.526 ms - 0[0m
[0mOPTIONS /api/order/list [32m204[0m 0.240 ms - 0[0m
[0mOPTIONS /api/order/count [32m204[0m 0.167 ms - 0[0m
[0mGET /api/order/count [36m304[0m 19.566 ms - -[0m
[0mPOST /api/order/list [32m200[0m 51.099 ms - 10995[0m
[0mGET /api/order/notifications [36m304[0m 45.858 ms - -[0m
[0mOPTIONS /api/order/notifications [32m204[0m 0.376 ms - 0[0m
[0mOPTIONS /api/collection/list [32m204[0m 0.263 ms - 0[0m
[0mGET /api/order/notifications [36m304[0m 36.866 ms - -[0m
[0mGET /api/collection/list [31m500[0m 41.210 ms - 35[0m
[0mOPTIONS /api/order/notifications [32m204[0m 3.403 ms - 0[0m
[0mOPTIONS /api/collection/list [32m204[0m 0.485 ms - 0[0m
[0mGET /api/collection/list [31m500[0m 18.114 ms - 35[0m
[0mGET /api/order/notifications [36m304[0m 42.239 ms - -[0m
[0mOPTIONS /api/order/notifications [32m204[0m 0.972 ms - 0[0m
[0mOPTIONS /api/collection/list [32m204[0m 0.215 ms - 0[0m
[0mGET /api/collection/list [32m200[0m 23.911 ms - 49[0m
[0mGET /api/order/notifications [36m304[0m 22.080 ms - -[0m
[0mOPTIONS /api/collection/create [32m204[0m 0.438 ms - 0[0m
[0mPOST /api/collection/create [32m200[0m 11.702 ms - 69[0m
[0mOPTIONS /api/order/notifications [32m204[0m 0.502 ms - 0[0m
[0mOPTIONS /api/collection/list [32m204[0m 0.183 ms - 0[0m
[0mGET /api/collection/list [32m200[0m 6.842 ms - 270[0m
[0mGET /api/order/notifications [36m304[0m 19.883 ms - -[0m
[0mOPTIONS /api/order/notifications [32m204[0m 1.098 ms - 0[0m
[0mOPTIONS /api/collection/list [32m204[0m 0.728 ms - 0[0m
[0mGET /api/collection/list [36m304[0m 10.117 ms - -[0m
[0mGET /api/order/notifications [36m304[0m 32.015 ms - -[0m
[0mOPTIONS /api/order/notifications [32m204[0m 9.517 ms - 0[0m
[0mOPTIONS /api/collection/list [32m204[0m 0.247 ms - 0[0m
[0mGET /api/collection/list [36m304[0m 22.897 ms - -[0m
[0mGET /api/order/notifications [36m304[0m 43.640 ms - -[0m
[0mOPTIONS /api/collection/update [32m204[0m 0.409 ms - 0[0m
[0mPUT /api/collection/update [32m200[0m 18.577 ms - 69[0m
[0mOPTIONS /api/order/notifications [32m204[0m 0.270 ms - 0[0m
[0mOPTIONS /api/collection/list [32m204[0m 0.165 ms - 0[0m
[0mGET /api/collection/list [32m200[0m 2.978 ms - 270[0m
[0mGET /api/order/notifications [36m304[0m 16.744 ms - -[0m
[0mOPTIONS /api/order/notifications [32m204[0m 2.285 ms - 0[0m
[0mOPTIONS /api/collection/list [32m204[0m 1.335 ms - 0[0m
[0mGET /api/collection/list [32m200[0m 19.187 ms - 270[0m
[0mGET /api/order/notifications [32m200[0m 43.642 ms - 36[0m
[0mOPTIONS /api/order/notifications [32m204[0m 1.415 ms - 0[0m
[0mOPTIONS /api/collection/list [32m204[0m 0.311 ms - 0[0m
[0mGET /api/collection/list [32m200[0m 17.627 ms - 270[0m
[0mGET /api/order/notifications [32m200[0m 36.926 ms - 36[0m
[0mOPTIONS /api/collection/update [32m204[0m 0.574 ms - 0[0m
[0mPUT /api/collection/update [32m200[0m 32.151 ms - 69[0m
[0mOPTIONS /api/order/notifications [32m204[0m 0.731 ms - 0[0m
[0mOPTIONS /api/collection/list [32m204[0m 0.283 ms - 0[0m
[0mGET /api/collection/list [32m200[0m 5.878 ms - 270[0m
[0mGET /api/order/notifications [36m304[0m 24.066 ms - -[0m
[0mOPTIONS /api/order/notifications [32m204[0m 1.405 ms - 0[0m
[0mOPTIONS /api/collection/list [32m204[0m 0.415 ms - 0[0m
[0mGET /api/collection/list [36m304[0m 22.284 ms - -[0m
[0mGET /api/order/notifications [36m304[0m 47.376 ms - -[0m
[0mOPTIONS /api/order/notifications [32m204[0m 2.338 ms - 0[0m
[0mOPTIONS /api/collection/list [32m204[0m 1.345 ms - 0[0m
[0mGET /api/collection/list [36m304[0m 21.048 ms - -[0m
[0mGET /api/order/notifications [36m304[0m 56.129 ms - -[0m
[0mOPTIONS /api/collection/update [32m204[0m 0.401 ms - 0[0m
[0mPUT /api/collection/update [32m200[0m 16.213 ms - 69[0m
[0mOPTIONS /api/order/notifications [32m204[0m 0.272 ms - 0[0m
[0mOPTIONS /api/collection/list [32m204[0m 0.239 ms - 0[0m
[0mGET /api/collection/list [32m200[0m 6.722 ms - 267[0m
[0mGET /api/order/notifications [36m304[0m 24.835 ms - -[0m
[0mOPTIONS /api/customer/getUserByEmailId [32m204[0m 1.660 ms - 0[0m
[0mOPTIONS /api/customer/getUserByEmailId [32m204[0m 5.222 ms - 0[0m
[0mGET /api/website/image/banner?type=0 [36m304[0m 46.819 ms - -[0m
[0mGET /api/website/collection/list [32m200[0m 162.407 ms - 116[0m
[0mGET /api/website/category/list [36m304[0m 193.809 ms - -[0m
[0mGET /api/website/popular/category-list [36m304[0m 190.871 ms - -[0m
[0mGET /api/website/product/new-arrival [36m304[0m 163.461 ms - -[0m
[0mGET /api/customer/getUserByEmailId [33m403[0m 8.170 ms - 36[0m
[0mGET /api/customer/getUserByEmailId [33m403[0m 1.661 ms - 36[0m
[0mGET /api/website/product/men-fashion [36m304[0m 269.231 ms - -[0m
[0mGET /api/website/product/home-kitchen [36m304[0m 269.960 ms - -[0m
[0mGET /api/website/product/women-fashion [36m304[0m 110.070 ms - -[0m
[0mOPTIONS /api/collection/create [32m204[0m 0.656 ms - 0[0m
[0mPOST /api/collection/create [32m200[0m 11.126 ms - 69[0m
[0mOPTIONS /api/auth/rootLogin [32m204[0m 4.842 ms - 0[0m
[0mPOST /api/auth/rootLogin [32m200[0m 274.072 ms - 211[0m
[0mOPTIONS /api/order/notifications [32m204[0m 0.354 ms - 0[0m
[0mOPTIONS /api/order/list [32m204[0m 0.169 ms - 0[0m
[0mOPTIONS /api/order/count [32m204[0m 0.129 ms - 0[0m
[0mGET /api/order/count [36m304[0m 14.742 ms - -[0m
[0mPOST /api/order/list [32m200[0m 40.871 ms - 10995[0m
[0mGET /api/order/notifications [36m304[0m 42.801 ms - -[0m
[0mOPTIONS /api/collection/list [32m204[0m 0.270 ms - 0[0m
[0mGET /api/collection/list [32m200[0m 6.088 ms - 490[0m
[0mGET /api/order/notifications [36m304[0m 18.777 ms - -[0m
[0mOPTIONS /api/customer/getUserByEmailId [32m204[0m 0.382 ms - 0[0m
[0mOPTIONS /api/customer/getUserByEmailId [32m204[0m 0.221 ms - 0[0m
[0mGET /api/website/image/banner?type=0 [36m304[0m 19.476 ms - -[0m
[0mGET /api/website/popular/category-list [36m304[0m 47.521 ms - -[0m
[0mGET /api/website/collection/list [32m200[0m 42.034 ms - 188[0m
[0mGET /api/website/category/list [36m304[0m 64.298 ms - -[0m
[0mGET /api/customer/getUserByEmailId [33m403[0m 46.708 ms - 36[0m
[0mGET /api/website/product/home-kitchen [36m304[0m 104.200 ms - -[0m
[0mGET /api/website/product/men-fashion [36m304[0m 102.527 ms - -[0m
[0mGET /api/website/product/new-arrival [36m304[0m 48.889 ms - -[0m
[0mGET /api/customer/getUserByEmailId [33m403[0m 2.291 ms - 36[0m
[0mGET /api/website/product/women-fashion [36m304[0m 94.882 ms - -[0m
[0mGET /api/website/image/banner?type=0 [32m200[0m 21.486 ms - 152[0m
[0mGET /api/website/category/list [32m200[0m 57.470 ms - 24410[0m
[0mGET /api/website/popular/category-list [32m200[0m 61.208 ms - 8117[0m
[0mGET /api/website/collection/list [32m200[0m 68.336 ms - 188[0m
[0mGET /api/website/product/men-fashion [32m200[0m 140.614 ms - 15254[0m
[0mGET /api/website/product/women-fashion [32m200[0m 124.453 ms - 17554[0m
[0mGET /api/website/product/new-arrival [32m200[0m 80.691 ms - 9475[0m
[0mGET /api/website/product/home-kitchen [32m200[0m 139.798 ms - 15246[0m
[0mOPTIONS /api/auth/rootLogin [32m204[0m 2.944 ms - 0[0m
[0mPOST /api/auth/rootLogin [32m200[0m 288.687 ms - 211[0m
[0mOPTIONS /api/order/notifications [32m204[0m 0.305 ms - 0[0m
[0mOPTIONS /api/order/list [32m204[0m 0.318 ms - 0[0m
[0mOPTIONS /api/order/count [32m204[0m 0.195 ms - 0[0m
[0mGET /api/order/count [36m304[0m 13.614 ms - -[0m
[0mPOST /api/order/list [32m200[0m 52.944 ms - 10995[0m
[0mGET /api/order/notifications [36m304[0m 55.055 ms - -[0m
[0mOPTIONS /api/collection/list [32m204[0m 0.389 ms - 0[0m
[0mGET /api/collection/list [36m304[0m 7.824 ms - -[0m
[0mGET /api/order/notifications [36m304[0m 27.634 ms - -[0m
[0mOPTIONS /api/order/notifications [32m204[0m 0.438 ms - 0[0m
[0mOPTIONS /api/collection/item/list [32m204[0m 0.146 ms - 0[0m
[0mGET /api/collection/item/list [32m200[0m 12.602 ms - 49[0m
[0mGET /api/order/notifications [36m304[0m 29.628 ms - -[0m
[0mOPTIONS /api/collection/item [32m204[0m 0.748 ms - 0[0m
[0mPOST /api/collection/item [32m200[0m 1918.368 ms - 78[0m
[0mOPTIONS /api/order/notifications [32m204[0m 0.386 ms - 0[0m
[0mOPTIONS /api/collection/item/list [32m204[0m 0.652 ms - 0[0m
[0mGET /api/collection/item/list [32m200[0m 11.852 ms - 295[0m
[0mGET /api/order/notifications [36m304[0m 24.426 ms - -[0m
[0mOPTIONS /api/collection/list [32m204[0m 0.738 ms - 0[0m
[0mOPTIONS /api/order/notifications [32m204[0m 0.316 ms - 0[0m
[0mOPTIONS /api/collection/item/list [32m204[0m 0.301 ms - 0[0m
[0mGET /api/collection/item/list [36m304[0m 9.000 ms - -[0m
[0mGET /api/order/notifications [36m304[0m 23.405 ms - -[0m
[0mOPTIONS /api/order/notifications [32m204[0m 16.266 ms - 0[0m
[0mOPTIONS /api/collection/item/list [32m204[0m 0.606 ms - 0[0m
[0mGET /api/collection/item/list [36m304[0m 43.400 ms - -[0m
[0mGET /api/order/notifications [36m304[0m 83.918 ms - -[0m
[0mOPTIONS /api/order/notifications [32m204[0m 1.278 ms - 0[0m
[0mOPTIONS /api/collection/item/list?0=2 [32m204[0m 0.352 ms - 0[0m
[0mGET /api/collection/item/list?0=2 [32m200[0m 23.889 ms - 295[0m
[0mGET /api/order/notifications [36m304[0m 66.793 ms - -[0m
[0mOPTIONS /api/order/notifications [32m204[0m 1.317 ms - 0[0m
[0mOPTIONS /api/collection/item/list?collectionid=2 [32m204[0m 0.799 ms - 0[0m
[0mGET /api/collection/item/list?collectionid=2 [32m200[0m 14.078 ms - 295[0m
[0mGET /api/order/notifications [36m304[0m 44.484 ms - -[0m
[0mOPTIONS /api/order/notifications [32m204[0m 1.426 ms - 0[0m
[0mOPTIONS /api/collection/item/list?collectionId=2 [32m204[0m 0.628 ms - 0[0m
[0mGET /api/collection/item/list?collectionId=2 [32m200[0m 19.905 ms - 295[0m
[0mGET /api/order/notifications [36m304[0m 40.504 ms - -[0m
[0mOPTIONS /api/order/notifications [32m204[0m 2.211 ms - 0[0m
[0mOPTIONS /api/collection/item/list?collectionId=2 [32m204[0m 0.519 ms - 0[0m
[0mGET /api/collection/item/list?collectionId=2 [36m304[0m 22.134 ms - -[0m
[0mGET /api/order/notifications [36m304[0m 51.124 ms - -[0m
[0mOPTIONS /api/order/notifications [32m204[0m 3.275 ms - 0[0m
[0mOPTIONS /api/collection/item/list?collectionId=2 [32m204[0m 0.521 ms - 0[0m
[0mOPTIONS /api/order/notifications [32m204[0m 2.433 ms - 0[0m
[0mOPTIONS /api/collection/item/list?collectionId=2 [32m204[0m 0.479 ms - 0[0m
[0mGET /api/collection/item/list?collectionId=2 [32m200[0m 21.796 ms - 49[0m
[0mGET /api/order/notifications [36m304[0m 52.676 ms - -[0m
[0mGET /api/website/image/banner?type=0 [36m304[0m 60.431 ms - -[0m
[0mGET /api/website/popular/category-list [36m304[0m 123.410 ms - -[0m
[0mGET /api/website/category/list [36m304[0m 130.971 ms - -[0m
[0mGET /api/website/product/new-arrival [36m304[0m 182.916 ms - -[0m
[0mGET /api/website/product/men-fashion [36m304[0m 230.316 ms - -[0m
[0mGET /api/website/product/women-fashion [36m304[0m 234.659 ms - -[0m
[0mGET /api/website/product/home-kitchen [36m304[0m 241.624 ms - -[0m
[0mGET /api/website/category/list [36m304[0m 23.209 ms - -[0m
[0mGET /api/category/main-list [32m200[0m 66.885 ms - 10305[0m
[0mGET /api/category/main-list [36m304[0m 18.056 ms - -[0m
[0mOPTIONS /api/customer/rootLogin [32m204[0m 2.633 ms - 0[0m
[0mGET /api/category/main-list [36m304[0m 27.295 ms - -[0m
[0mOPTIONS /api/customer/rootLogin [32m204[0m 1.359 ms - 0[0m
[0mPOST /api/customer/rootLogin [32m200[0m 291.889 ms - 232[0m
[0mOPTIONS /api/customer/getUserByEmailId [32m204[0m 0.901 ms - 0[0m
[0mOPTIONS /api/customer/getUserByEmailId [32m204[0m 0.336 ms - 0[0m
[0mOPTIONS /api/location/list [32m204[0m 0.840 ms - 0[0m
[0mOPTIONS /api/customer/getUserByEmailId [32m204[0m 0.182 ms - 0[0m
[0mGET /api/category/main-list [36m304[0m 12.017 ms - -[0m
[0mGET /api/location/list [32m200[0m 28.965 ms - 1949[0m
[0mGET /api/customer/getUserByEmailId [32m200[0m 57.341 ms - 753[0m
[0mGET /api/customer/getUserByEmailId [36m304[0m 7.099 ms - -[0m
[0mGET /api/customer/getUserByEmailId [36m304[0m 6.027 ms - -[0m
[0mOPTIONS /api/customer/getUserByEmailId [32m204[0m 3.530 ms - 0[0m
[0mGET /api/category/main-list [36m304[0m 11.236 ms - -[0m
[0mGET /api/customer/getUserByEmailId [36m304[0m 12.487 ms - -[0m
[0mGET /api/product/banner-list [32m200[0m 21.246 ms - 836[0m
[0mGET /api/category/main-list [36m304[0m 21.731 ms - -[0m
[0mGET /api/product/getAllGroceryStaple [31m500[0m 89.241 ms - 3165[0m
[0mGET /api/product/getAllPersonalCare [31m500[0m 90.443 ms - 3165[0m
[0mGET /api/product/getAllHomeKitchen [31m500[0m 92.194 ms - 3165[0m
[0mGET /api/product/new-arrival [32m200[0m 110.996 ms - 26[0m
[0mOPTIONS /api/customer/getUserByEmailId [32m204[0m 0.493 ms - 0[0m
[0mGET /api/category/main-list [36m304[0m 8.270 ms - -[0m
[0mGET /api/customer/getUserByEmailId [36m304[0m 13.148 ms - -[0m
[0mGET /api/category/main-list [36m304[0m 13.727 ms - -[0m
[0mGET /api/product/getAllHomeKitchen [31m500[0m 15.159 ms - 3165[0m
[0mGET /api/product/getAllPersonalCare [31m500[0m 19.977 ms - 3165[0m
[0mGET /api/product/getAllGroceryStaple [31m500[0m 18.908 ms - 3165[0m
[0mGET /api/product/banner-list [36m304[0m 20.497 ms - -[0m
[0mGET /api/product/new-arrival [36m304[0m 63.517 ms - -[0m
[0mOPTIONS /api/customer/getUserByEmailId [32m204[0m 0.168 ms - 0[0m
[0mOPTIONS /api/category/category-brand-list [32m204[0m 0.358 ms - 0[0m
[0mOPTIONS /api/product/list [32m204[0m 0.354 ms - 0[0m
[0mGET /api/category/main-list [36m304[0m 5.899 ms - -[0m
[0mGET /api/customer/getUserByEmailId [36m304[0m 17.896 ms - -[0m
[0mPOST /api/category/category-brand-list [32m200[0m 80.231 ms - 22731[0m
[0mPOST /api/product/list [32m200[0m 123.117 ms - 123457[0m
[0mOPTIONS /api/category/findbysubchild [32m204[0m 0.870 ms - 0[0m
[0mPOST /api/category/findbysubchild [32m200[0m 59.109 ms - 12955[0m
[0mOPTIONS /api/customer/getUserByEmailId [32m204[0m 0.276 ms - 0[0m
[0mGET /api/category/main-list [36m304[0m 4.871 ms - -[0m
[0mGET /api/customer/getUserByEmailId [36m304[0m 14.135 ms - -[0m
[0mGET /api/product/getAllHomeKitchen [31m500[0m 28.339 ms - 3165[0m
[0mGET /api/product/getAllPersonalCare [31m500[0m 26.663 ms - 3165[0m
[0mGET /api/product/getAllGroceryStaple [31m500[0m 28.150 ms - 3165[0m
[0mGET /api/product/banner-list [36m304[0m 28.155 ms - -[0m
[0mGET /api/category/main-list [36m304[0m 28.129 ms - -[0m
[0mGET /api/product/new-arrival [36m304[0m 56.950 ms - -[0m
[0mOPTIONS /api/customer/getUserByEmailId [32m204[0m 0.361 ms - 0[0m
[0mOPTIONS /api/customer/getUserByEmailId [32m204[0m 0.205 ms - 0[0m
[0mOPTIONS /api/location/list [32m204[0m 0.121 ms - 0[0m
[0mOPTIONS /api/customer/getUserByEmailId [32m204[0m 0.143 ms - 0[0m
[0mGET /api/category/main-list [36m304[0m 6.290 ms - -[0m
[0mGET /api/location/list [36m304[0m 6.291 ms - -[0m
[0mGET /api/customer/getUserByEmailId [36m304[0m 11.538 ms - -[0m
[0mGET /api/customer/getUserByEmailId [36m304[0m 6.530 ms - -[0m
[0mGET /api/customer/getUserByEmailId [36m304[0m 7.362 ms - -[0m
[0mOPTIONS /api/customer/getUserByEmailId [32m204[0m 0.557 ms - 0[0m
[0mGET /api/customer/getUserByEmailId [33m401[0m 1.350 ms - 36[0m
[0mGET /api/category/main-list [36m304[0m 8.076 ms - -[0m
[0mGET /api/customer/getUserByEmailId [33m401[0m 0.303 ms - 36[0m
[0mGET /api/category/main-list [36m304[0m 4.479 ms - -[0m
[0mOPTIONS /api/customer/getUserByEmailId [32m204[0m 0.949 ms - 0[0m
[0mGET /api/customer/getUserByEmailId [33m401[0m 0.785 ms - 36[0m
[0mGET /api/category/main-list [36m304[0m 6.339 ms - -[0m
[0mOPTIONS /api/customer/getUserByEmailId [32m204[0m 0.909 ms - 0[0m
[0mGET /api/customer/getUserByEmailId [33m401[0m 1.268 ms - 36[0m
[0mGET /api/category/main-list [36m304[0m 18.035 ms - -[0m
[0mOPTIONS /api/customer/getUserByEmailId [32m204[0m 1.678 ms - 0[0m
[0mGET /api/customer/getUserByEmailId [33m401[0m 1.410 ms - 36[0m
[0mGET /api/category/main-list [36m304[0m 12.264 ms - -[0m
[0mOPTIONS /api/customer/register [32m204[0m 2.564 ms - 0[0m
[0mPOST /api/customer/register [31m500[0m 1581.200 ms - 34[0m
[0mOPTIONS /api/customer/register [32m204[0m 6.909 ms - 0[0m
[0mPOST /api/customer/register [33m409[0m 272.569 ms - 59[0m
[0mOPTIONS /api/customer/register [32m204[0m 0.945 ms - 0[0m
[0mPOST /api/customer/register [31m500[0m 1571.792 ms - 34[0m
[0mOPTIONS /api/customer/register [32m204[0m 5.497 ms - 0[0m
[0mPOST /api/customer/register [33m409[0m 277.875 ms - 59[0m
[0mOPTIONS /api/customer/register [32m204[0m 1.116 ms - 0[0m
[0mPOST /api/customer/register [31m500[0m 1606.498 ms - 34[0m
[0mGET /api/website/image/banner?type=0 [32m200[0m 134.703 ms - 152[0m
[0mGET /api/website/collection/list [32m200[0m 95.662 ms - 299[0m
[0mGET /api/website/popular/category-list [32m200[0m 106.902 ms - 8117[0m
[0mGET /api/website/category/list [32m200[0m 126.445 ms - 24410[0m
[0mGET /api/website/product/women-fashion [32m200[0m 186.073 ms - 17554[0m
[0mGET /api/website/product/new-arrival [32m200[0m 72.368 ms - 9475[0m
[0mGET /api/website/product/home-kitchen [32m200[0m 188.891 ms - 15246[0m
[0mGET /api/website/product/men-fashion [32m200[0m 75.741 ms - 15254[0m
[0mOPTIONS /api/customer/register [32m204[0m 2.690 ms - 0[0m
[0mPOST /api/customer/register [33m409[0m 287.686 ms - 59[0m
[0mOPTIONS /api/customer/register [32m204[0m 5.711 ms - 0[0m
[0mPOST /api/customer/register [33m409[0m 268.521 ms - 59[0m
[0mGET /api/website/image/banner?type=0 [36m304[0m 63.932 ms - -[0m
[0mGET /api/website/collection/list [36m304[0m 80.406 ms - -[0m
[0mGET /api/website/popular/category-list [36m304[0m 98.915 ms - -[0m
[0mGET /api/website/product/new-arrival [36m304[0m 89.558 ms - -[0m
[0mGET /api/website/product/women-fashion [36m304[0m 137.894 ms - -[0m
[0mGET /api/website/product/home-kitchen [36m304[0m 141.774 ms - -[0m
[0mGET /api/website/product/men-fashion [36m304[0m 94.634 ms - -[0m
[0mOPTIONS /api/customer/forget-password [32m204[0m 5.824 ms - 0[0m
[0mPOST /api/customer/forget-password [33m404[0m 58.699 ms - 33[0m
[0mGET /api/website/image/banner?type=0 [36m304[0m 35.610 ms - -[0m
[0mGET /api/website/collection/list [36m304[0m 56.111 ms - -[0m
[0mGET /api/website/popular/category-list [36m304[0m 64.359 ms - -[0m
[0mGET /api/website/product/new-arrival [36m304[0m 114.197 ms - -[0m
[0mGET /api/website/product/women-fashion [36m304[0m 131.216 ms - -[0m
[0mGET /api/website/product/home-kitchen [36m304[0m 135.476 ms - -[0m
[0mGET /api/website/product/men-fashion [36m304[0m 131.303 ms - -[0m
[0mOPTIONS /api/customer/rootLogin [32m204[0m 1.238 ms - 0[0m
[0mPOST /api/customer/rootLogin [31m500[0m 10.112 ms - 27[0m
[0mGET /api/website/image/banner?type=0 [36m304[0m 31.771 ms - -[0m
[0mGET /api/website/category/list [36m304[0m 52.324 ms - -[0m
[0mGET /api/website/collection/list [36m304[0m 48.260 ms - -[0m
[0mGET /api/website/popular/category-list [36m304[0m 50.304 ms - -[0m
[0mGET /api/website/product/home-kitchen [36m304[0m 89.025 ms - -[0m
[0mGET /api/website/product/men-fashion [36m304[0m 76.127 ms - -[0m
[0mGET /api/website/product/new-arrival [36m304[0m 44.551 ms - -[0m
[0mGET /api/website/product/women-fashion [36m304[0m 91.916 ms - -[0m
[0mOPTIONS /api/customer/register [32m204[0m 0.579 ms - 0[0m
[0mPOST /api/customer/register [32m200[0m 4784.706 ms - 56[0m
[0mOPTIONS /api/customer/email-verify [32m204[0m 3.683 ms - 0[0m
[0mPOST /api/customer/email-verify [32m200[0m 18.062 ms - 56[0m
[0mGET /api/website/image/banner?type=0 [36m304[0m 26.012 ms - -[0m
[0mGET /api/website/popular/category-list [36m304[0m 51.477 ms - -[0m
[0mGET /api/website/collection/list [36m304[0m 52.060 ms - -[0m
[0mGET /api/website/product/new-arrival [36m304[0m 71.768 ms - -[0m
[0mGET /api/website/product/home-kitchen [36m304[0m 102.446 ms - -[0m
[0mGET /api/website/product/men-fashion [36m304[0m 97.493 ms - -[0m
[0mGET /api/website/product/women-fashion [36m304[0m 106.207 ms - -[0m
