[0mOPTIONS /api/auth/seller/login [32m204[0m 4.152 ms - 0[0m
[0mPOST /api/auth/seller/login [31m500[0m 58.596 ms - 34[0m
[0mOPTIONS /api/auth/seller/login [32m204[0m 1.798 ms - 0[0m
[0mPOST /api/auth/seller/login [32m200[0m 241.877 ms - 211[0m
[0mOPTIONS /api/auth/seller/profile-details [32m204[0m 0.411 ms - 0[0m
[0mOPTIONS /api/seller/dasbhoard/list [32m204[0m 0.438 ms - 0[0m
[0mGET /api/auth/seller/profile-details [32m200[0m 15.273 ms - 160[0m
[0mGET /api/seller/dasbhoard/list [32m200[0m 36.003 ms - 59[0m
[0mOPTIONS /api/auth/seller/profile-details [32m204[0m 0.394 ms - 0[0m
[0mOPTIONS /api/salon/service-list?limit=20&page=1 [32m204[0m 0.347 ms - 0[0m
[0mGET /api/auth/seller/profile-details [36m304[0m 8.233 ms - -[0m
[0mGET /api/salon/service-list?limit=20&page=1 [32m200[0m 26.362 ms - 11875[0m
[0mOPTIONS /api/salon/service-update [32m204[0m 0.659 ms - 0[0m
[0mPOST /api/salon/service-update [32m200[0m 14.459 ms - 44[0m
[0mOPTIONS /api/auth/seller/profile-details [32m204[0m 0.315 ms - 0[0m
[0mOPTIONS /api/salon/service-list?limit=20&page=1 [32m204[0m 0.842 ms - 0[0m
[0mGET /api/auth/seller/profile-details [36m304[0m 6.469 ms - -[0m
[0mGET /api/salon/service-list?limit=20&page=1 [32m200[0m 10.289 ms - 11884[0m
[0mOPTIONS /api/auth/seller/profile-details [32m204[0m 1.129 ms - 0[0m
[0mOPTIONS /api/auth/seller/profile-details [32m204[0m 0.322 ms - 0[0m
[0mGET /api/auth/seller/profile-details [36m304[0m 6.519 ms - -[0m
[0mGET /api/auth/seller/profile-details [36m304[0m 3.334 ms - -[0m
[0mGET /api/auth/seller/profile-details [36m304[0m 2.274 ms - -[0m
[0mGET /api/auth/seller/profile-details [36m304[0m 3.486 ms - -[0m
[0mGET /api/auth/seller/profile-details [36m304[0m 3.118 ms - -[0m
[0mOPTIONS /api/auth/seller/profile-details [32m204[0m 1.042 ms - 0[0m
[0mOPTIONS /api/auth/seller/profile-details [32m204[0m 0.729 ms - 0[0m
[0mGET /api/auth/seller/profile-details [36m304[0m 8.950 ms - -[0m
[0mGET /api/auth/seller/profile-details [36m304[0m 3.452 ms - -[0m
[0mGET /api/auth/seller/profile-details [36m304[0m 5.436 ms - -[0m
[0mOPTIONS /api/auth/seller/profile-details [32m204[0m 1.268 ms - 0[0m
[0mOPTIONS /api/salon/category-list?limit=20&page=1 [32m204[0m 0.221 ms - 0[0m
[0mGET /api/salon/category-list?limit=20&page=1 [32m200[0m 14.306 ms - 7233[0m
[0mGET /api/auth/seller/profile-details [36m304[0m 17.694 ms - -[0m
[0mOPTIONS /api/auth/seller/profile-details [32m204[0m 0.267 ms - 0[0m
[0mOPTIONS /api/salon/parlour/getAllParlourList [32m204[0m 0.131 ms - 0[0m
[0mGET /api/auth/seller/profile-details [36m304[0m 8.685 ms - -[0m
[0mGET /api/salon/parlour/getAllParlourList [32m200[0m 103.444 ms - 238779[0m
[0mOPTIONS /api/auth/seller/profile-details [32m204[0m 1.433 ms - 0[0m
[0mOPTIONS /api/salon/parlour/getAllParlourList [32m204[0m 0.146 ms - 0[0m
[0mGET /api/auth/seller/profile-details [36m304[0m 76.663 ms - -[0m
[0mGET /api/salon/parlour/getAllParlourList [36m304[0m 94.413 ms - -[0m
[0mOPTIONS /api/auth/seller/profile-details [32m204[0m 1.063 ms - 0[0m
[0mOPTIONS /api/salon/parlour/getAllParlourList [32m204[0m 0.208 ms - 0[0m
[0mGET /api/auth/seller/profile-details [36m304[0m 11.544 ms - -[0m
[0mGET /api/salon/parlour/getAllParlourList [36m304[0m 91.101 ms - -[0m
[0mOPTIONS /api/auth/seller/profile-details [32m204[0m 6.652 ms - 0[0m
[0mOPTIONS /api/salon/list-by-id [32m204[0m 0.840 ms - 0[0m
[0mGET /api/auth/seller/profile-details [36m304[0m 25.974 ms - -[0m
[0mGET /api/salon/list-by-id [31m500[0m 51.015 ms - 3161[0m
[0mOPTIONS /api/auth/seller/profile-details [32m204[0m 1.986 ms - 0[0m
[0mOPTIONS /api/salon/list-by-id [32m204[0m 0.391 ms - 0[0m
[0mGET /api/auth/seller/profile-details [36m304[0m 15.066 ms - -[0m
[0mGET /api/salon/list-by-id [32m200[0m 39.393 ms - 31985[0m
[0mOPTIONS /api/auth/seller/profile-details [32m204[0m 0.637 ms - 0[0m
[0mOPTIONS /api/seller/dasbhoard/list [32m204[0m 1.544 ms - 0[0m
[0mGET /api/auth/seller/profile-details [36m304[0m 12.817 ms - -[0m
[0mGET /api/seller/dasbhoard/list [36m304[0m 22.311 ms - -[0m
[0mOPTIONS /api/salon/list-by-id [32m204[0m 0.465 ms - 0[0m
[0mGET /api/salon/list-by-id [36m304[0m 24.646 ms - -[0m
[0mOPTIONS /api/auth/seller/profile-details [32m204[0m 1.302 ms - 0[0m
[0mOPTIONS /api/salon/list-by-id [32m204[0m 0.263 ms - 0[0m
[0mGET /api/auth/seller/profile-details [36m304[0m 15.396 ms - -[0m
[0mGET /api/salon/list-by-id [36m304[0m 27.641 ms - -[0m
[0mGET /api/auth/seller/profile-details [36m304[0m 6.092 ms - -[0m
[0mGET /api/salon/list-by-id [36m304[0m 14.472 ms - -[0m
[0mOPTIONS /api/auth/seller/profile-details [32m204[0m 1.194 ms - 0[0m
[0mOPTIONS /api/salon/list-by-id [32m204[0m 0.401 ms - 0[0m
[0mGET /api/auth/seller/profile-details [36m304[0m 17.272 ms - -[0m
[0mGET /api/salon/list-by-id [36m304[0m 29.889 ms - -[0m
[0mOPTIONS /api/auth/seller/profile-details [32m204[0m 4.975 ms - 0[0m
[0mOPTIONS /api/salon/list-by-id [32m204[0m 0.319 ms - 0[0m
[0mGET /api/salon/list-by-id [36m304[0m 37.506 ms - -[0m
[0mGET /api/auth/seller/profile-details [36m304[0m 31.017 ms - -[0m
[0mOPTIONS /api/auth/seller/profile-details [32m204[0m 1.382 ms - 0[0m
[0mOPTIONS /api/salon/list-by-id [32m204[0m 0.624 ms - 0[0m
[0mGET /api/auth/seller/profile-details [36m304[0m 35.916 ms - -[0m
[0mGET /api/salon/list-by-id [36m304[0m 36.159 ms - -[0m
[0mOPTIONS / [32m204[0m 0.283 ms - 0[0m
[0mOPTIONS / [32m204[0m 0.143 ms - 0[0m
[0mGET / [33m404[0m 10.369 ms - 3098[0m
[0mGET / [33m404[0m 1.508 ms - 3098[0m
[0mOPTIONS /api/salon/service-list [32m204[0m 0.393 ms - 0[0m
[0mGET /api/salon/service-list [32m200[0m 9.780 ms - 5412[0m
[0mOPTIONS /api/auth/seller/profile-details [32m204[0m 1.760 ms - 0[0m
[0mGET /api/auth/seller/profile-details [36m304[0m 6.400 ms - -[0m
[0mOPTIONS / [32m204[0m 0.292 ms - 0[0m
[0mOPTIONS / [32m204[0m 0.150 ms - 0[0m
[0mGET / [33m404[0m 7.625 ms - 3098[0m
[0mGET / [33m404[0m 2.992 ms - 3098[0m
[0mOPTIONS /api/salon/service-list [32m204[0m 0.610 ms - 0[0m
[0mGET /api/salon/service-list [36m304[0m 17.840 ms - -[0m
[0mOPTIONS /api/auth/seller/profile-details [32m204[0m 1.161 ms - 0[0m
[0mGET /api/auth/seller/profile-details [36m304[0m 13.965 ms - -[0m
[0mOPTIONS /api/location/city/list [32m204[0m 0.288 ms - 0[0m
[0mOPTIONS /api/location/city/list [32m204[0m 0.163 ms - 0[0m
[0mGET /api/location/city/list [32m200[0m 41.752 ms - 302[0m
[0mGET /api/location/city/list [36m304[0m 2.983 ms - -[0m
[0mOPTIONS /api/salon/service-list [32m204[0m 0.275 ms - 0[0m
[0mGET /api/salon/service-list [36m304[0m 15.525 ms - -[0m
[0mOPTIONS /api/auth/seller/profile-details [32m204[0m 2.734 ms - 0[0m
[0mOPTIONS /api/salon/list-by-id [32m204[0m 0.203 ms - 0[0m
[0mGET /api/auth/seller/profile-details [36m304[0m 10.726 ms - -[0m
[0mGET /api/salon/list-by-id [36m304[0m 23.426 ms - -[0m
[0mOPTIONS /api/seller/dasbhoard/list [32m204[0m 0.300 ms - 0[0m
[0mGET /api/auth/seller/profile-details [36m304[0m 3.318 ms - -[0m
[0mGET /api/seller/dasbhoard/list [36m304[0m 10.292 ms - -[0m
[0mOPTIONS /api/auth/seller/profile-details [32m204[0m 0.757 ms - 0[0m
[0mOPTIONS /api/salon/list-by-id [32m204[0m 0.164 ms - 0[0m
[0mOPTIONS /api/auth/seller/profile-details [32m204[0m 1.099 ms - 0[0m
[0mOPTIONS /api/salon/list-by-id [32m204[0m 0.209 ms - 0[0m
[0mGET /api/auth/seller/profile-details [36m304[0m 20.504 ms - -[0m
[0mGET /api/salon/list-by-id [36m304[0m 26.643 ms - -[0m
[0mGET /api/auth/seller/profile-details [36m304[0m 5.159 ms - -[0m
[0mOPTIONS /api/location/city/list [32m204[0m 0.258 ms - 0[0m
[0mOPTIONS /api/location/city/list [32m204[0m 0.128 ms - 0[0m
[0mOPTIONS /api/salon/service-list [32m204[0m 0.145 ms - 0[0m
[0mGET /api/location/city/list [36m304[0m 5.446 ms - -[0m
[0mGET /api/salon/service-list [36m304[0m 7.552 ms - -[0m
[0mGET /api/location/city/list [36m304[0m 3.445 ms - -[0m
[0mOPTIONS /api/auth/seller/profile-details [32m204[0m 2.112 ms - 0[0m
[0mGET /api/auth/seller/profile-details [36m304[0m 9.289 ms - -[0m
[0mOPTIONS /api/location/city/list [32m204[0m 0.330 ms - 0[0m
[0mOPTIONS /api/location/city/list [32m204[0m 0.164 ms - 0[0m
[0mOPTIONS /api/salon/service-list [32m204[0m 0.998 ms - 0[0m
[0mGET /api/location/city/list [36m304[0m 6.551 ms - -[0m
[0mGET /api/salon/service-list [36m304[0m 27.298 ms - -[0m
[0mGET /api/location/city/list [36m304[0m 22.077 ms - -[0m
[0mOPTIONS /api/auth/seller/profile-details [32m204[0m 1.401 ms - 0[0m
[0mGET /api/auth/seller/profile-details [36m304[0m 8.969 ms - -[0m
[0mOPTIONS /api/location/city/list [32m204[0m 0.241 ms - 0[0m
[0mOPTIONS /api/location/city/list [32m204[0m 0.217 ms - 0[0m
[0mGET /api/location/city/list [36m304[0m 2.432 ms - -[0m
[0mGET /api/location/city/list [36m304[0m 1.936 ms - -[0m
[0mOPTIONS /api/salon/service-list [32m204[0m 0.255 ms - 0[0m
[0mGET /api/salon/service-list [36m304[0m 14.454 ms - -[0m
[0mOPTIONS /api/auth/seller/profile-details [32m204[0m 5.140 ms - 0[0m
[0mOPTIONS /api/salon/category-list?limit=20&page=1 [32m204[0m 0.522 ms - 0[0m
[0mGET /api/salon/category-list?limit=20&page=1 [36m304[0m 24.487 ms - -[0m
[0mGET /api/auth/seller/profile-details [36m304[0m 29.389 ms - -[0m
[0mOPTIONS /api/auth/seller/profile-details [32m204[0m 1.462 ms - 0[0m
[0mOPTIONS /api/seller/dasbhoard/list [32m204[0m 0.195 ms - 0[0m
[0mGET /api/auth/seller/profile-details [36m304[0m 7.235 ms - -[0m
[0mGET /api/seller/dasbhoard/list [36m304[0m 24.732 ms - -[0m
[0mOPTIONS /api/salon/category-list?limit=20&page=1 [32m204[0m 1.864 ms - 0[0m
[0mGET /api/auth/seller/profile-details [36m304[0m 10.646 ms - -[0m
[0mGET /api/salon/category-list?limit=20&page=1 [36m304[0m 7.368 ms - -[0m
[0mOPTIONS /api/auth/seller/profile-details [32m204[0m 0.245 ms - 0[0m
[0mOPTIONS /api/salon/service-list?limit=20&page=1 [32m204[0m 0.296 ms - 0[0m
[0mGET /api/auth/seller/profile-details [36m304[0m 2.342 ms - -[0m
[0mGET /api/salon/service-list?limit=20&page=1 [36m304[0m 5.468 ms - -[0m
[0mGET /api/auth/seller/profile-details [36m304[0m 2.967 ms - -[0m
[0mGET /api/salon/service-list?limit=20&page=1 [36m304[0m 6.260 ms - -[0m
[0mOPTIONS /api/salon/service-list?limit=20&page=2 [32m204[0m 1.025 ms - 0[0m
[0mGET /api/salon/service-list?limit=20&page=2 [32m200[0m 7.511 ms - 11787[0m
[0mOPTIONS /api/auth/seller/profile-details [32m204[0m 0.246 ms - 0[0m
[0mOPTIONS /api/salon/category-list?limit=20&page=1 [32m204[0m 0.181 ms - 0[0m
[0mGET /api/salon/category-list?limit=20&page=1 [36m304[0m 2.401 ms - -[0m
[0mGET /api/auth/seller/profile-details [36m304[0m 3.269 ms - -[0m
[0mOPTIONS /api/salon/category-list [32m204[0m 0.278 ms - 0[0m
[0mGET /api/salon/category-list [32m200[0m 2.572 ms - 3447[0m
[0mGET /api/auth/seller/profile-details [36m304[0m 6.933 ms - -[0m
[0mOPTIONS /api/auth/seller/profile-details [32m204[0m 6.217 ms - 0[0m
[0mOPTIONS /api/salon/category-list [32m204[0m 0.267 ms - 0[0m
[0mGET /api/salon/category-list [36m304[0m 6.742 ms - -[0m
[0mGET /api/auth/seller/profile-details [36m304[0m 14.135 ms - -[0m
[0mOPTIONS /api/auth/seller/profile-details [32m204[0m 1.185 ms - 0[0m
[0mOPTIONS /api/salon/category-list [32m204[0m 0.181 ms - 0[0m
[0mGET /api/auth/seller/profile-details [36m304[0m 17.502 ms - -[0m
[0mGET /api/salon/category-list [36m304[0m 14.281 ms - -[0m
[0mOPTIONS /api/auth/seller/profile-details [32m204[0m 0.294 ms - 0[0m
[0mOPTIONS /api/salon/category-list [32m204[0m 0.284 ms - 0[0m
[0mGET /api/salon/category-list [36m304[0m 7.403 ms - -[0m
[0mGET /api/auth/seller/profile-details [36m304[0m 12.039 ms - -[0m
[0mOPTIONS /api/auth/seller/profile-details [32m204[0m 2.576 ms - 0[0m
[0mOPTIONS /api/salon/category-list [32m204[0m 0.495 ms - 0[0m
[0mGET /api/salon/category-list [36m304[0m 17.560 ms - -[0m
[0mGET /api/auth/seller/profile-details [36m304[0m 21.779 ms - -[0m
[0mOPTIONS /api/auth/seller/profile-details [32m204[0m 1.021 ms - 0[0m
[0mOPTIONS /api/salon/category-list [32m204[0m 0.289 ms - 0[0m
[0mGET /api/salon/category-list [36m304[0m 10.312 ms - -[0m
[0mGET /api/auth/seller/profile-details [36m304[0m 19.730 ms - -[0m
[0mOPTIONS /api/auth/seller/profile-details [32m204[0m 8.156 ms - 0[0m
[0mOPTIONS /api/salon/category-list [32m204[0m 0.276 ms - 0[0m
[0mGET /api/salon/category-list [36m304[0m 9.680 ms - -[0m
[0mGET /api/auth/seller/profile-details [36m304[0m 12.716 ms - -[0m
[0mOPTIONS /api/salon/category-list?page=2 [32m204[0m 0.499 ms - 0[0m
[0mGET /api/salon/category-list?page=2 [32m200[0m 2.507 ms - 3874[0m
[0mOPTIONS /api/salon/category-list?page=3 [32m204[0m 0.389 ms - 0[0m
[0mGET /api/salon/category-list?page=3 [32m200[0m 3.692 ms - 4284[0m
[0mOPTIONS /api/salon/category-list?page=4 [32m204[0m 0.552 ms - 0[0m
[0mGET /api/salon/category-list?page=4 [32m200[0m 2.841 ms - 540[0m
[0mOPTIONS /api/salon/category-list?page=1 [32m204[0m 0.441 ms - 0[0m
[0mGET /api/salon/category-list?page=1 [32m200[0m 2.562 ms - 3447[0m
[0mOPTIONS /api/salon/category-create [32m204[0m 1.163 ms - 0[0m
[0mPOST /api/salon/category-create [32m201[0m 40.144 ms - 46[0m
[0mOPTIONS /api/auth/seller/profile-details [32m204[0m 0.249 ms - 0[0m
[0mOPTIONS /api/salon/category-list?page=1 [32m204[0m 0.133 ms - 0[0m
[0mGET /api/salon/category-list?page=1 [32m200[0m 12.882 ms - 3311[0m
[0mGET /api/auth/seller/profile-details [36m304[0m 15.028 ms - -[0m
[0mOPTIONS /api/auth/seller/profile-details [32m204[0m 1.639 ms - 0[0m
[0mOPTIONS /api/salon/category-list?page=1 [32m204[0m 0.281 ms - 0[0m
[0mGET /api/salon/category-list?page=1 [36m304[0m 19.478 ms - -[0m
[0mGET /api/auth/seller/profile-details [36m304[0m 32.600 ms - -[0m
[0mOPTIONS /api/salon/category-update [32m204[0m 0.410 ms - 0[0m
[0mPOST /api/salon/category-update [32m200[0m 21.328 ms - 27[0m
[0mGET /api/salon/category-list?page=1 [32m200[0m 6.985 ms - 3312[0m
[0mGET /api/auth/seller/profile-details [36m304[0m 9.723 ms - -[0m
[0mGET /api/salon/category-list?page=1 [36m304[0m 5.154 ms - -[0m
[0mGET /api/auth/seller/profile-details [36m304[0m 5.461 ms - -[0m
[0mOPTIONS /api/auth/seller/profile-details [32m204[0m 0.771 ms - 0[0m
[0mOPTIONS /api/salon/service-list?limit=20&page=1 [32m204[0m 0.193 ms - 0[0m
[0mGET /api/auth/seller/profile-details [36m304[0m 10.177 ms - -[0m
[0mGET /api/salon/service-list?limit=20&page=1 [36m304[0m 9.114 ms - -[0m
[0mGET /api/auth/seller/profile-details [36m304[0m 3.530 ms - -[0m
[0mGET /api/salon/service-list?limit=20&page=1 [36m304[0m 4.542 ms - -[0m
[0mOPTIONS /api/salon/filter/category-gender [32m204[0m 0.316 ms - 0[0m
[0mPOST /api/salon/filter/category-gender [32m200[0m 20.474 ms - 4976[0m
[0mOPTIONS /api/auth/seller/profile-details [32m204[0m 1.557 ms - 0[0m
[0mOPTIONS /api/salon/service-list?limit=20&page=1 [32m204[0m 0.166 ms - 0[0m
[0mGET /api/auth/seller/profile-details [36m304[0m 11.168 ms - -[0m
[0mGET /api/salon/service-list?limit=20&page=1 [36m304[0m 14.765 ms - -[0m
[0mGET /api/auth/seller/profile-details [36m304[0m 4.194 ms - -[0m
[0mGET /api/salon/service-list?limit=20&page=1 [36m304[0m 5.566 ms - -[0m
[0mOPTIONS /api/auth/seller/profile-details [32m204[0m 0.360 ms - 0[0m
[0mOPTIONS /api/salon/list-by-id [32m204[0m 0.147 ms - 0[0m
[0mGET /api/auth/seller/profile-details [36m304[0m 5.148 ms - -[0m
[0mGET /api/salon/list-by-id [36m304[0m 13.518 ms - -[0m
[0mGET /api/auth/seller/profile-details [36m304[0m 2.087 ms - -[0m
[0mOPTIONS /api/location/city/list [32m204[0m 0.244 ms - 0[0m
[0mOPTIONS /api/location/city/list [32m204[0m 0.115 ms - 0[0m
[0mOPTIONS /api/salon/service-list [32m204[0m 0.183 ms - 0[0m
[0mGET /api/location/city/list [36m304[0m 2.607 ms - -[0m
[0mGET /api/salon/service-list [36m304[0m 4.779 ms - -[0m
[0mGET /api/location/city/list [36m304[0m 3.058 ms - -[0m
[0mOPTIONS /api/auth/seller/profile-details [32m204[0m 1.595 ms - 0[0m
[0mGET /api/auth/seller/profile-details [36m304[0m 8.738 ms - -[0m
[0mOPTIONS /api/location/city/list [32m204[0m 0.260 ms - 0[0m
[0mOPTIONS /api/location/city/list [32m204[0m 0.134 ms - 0[0m
[0mOPTIONS /api/salon/service-list [32m204[0m 0.216 ms - 0[0m
[0mGET /api/location/city/list [36m304[0m 6.758 ms - -[0m
[0mGET /api/location/city/list [36m304[0m 2.812 ms - -[0m
[0mGET /api/salon/service-list [36m304[0m 11.731 ms - -[0m
[0mOPTIONS /api/auth/seller/profile-details [32m204[0m 1.125 ms - 0[0m
[0mGET /api/auth/seller/profile-details [36m304[0m 7.312 ms - -[0m
[0mOPTIONS /api/location/city/list [32m204[0m 0.287 ms - 0[0m
[0mOPTIONS /api/location/city/list [32m204[0m 0.900 ms - 0[0m
[0mGET /api/location/city/list [36m304[0m 2.576 ms - -[0m
[0mOPTIONS /api/salon/service-list [32m204[0m 0.536 ms - 0[0m
[0mGET /api/location/city/list [36m304[0m 2.033 ms - -[0m
[0mGET /api/salon/service-list [36m304[0m 11.854 ms - -[0m
[0mOPTIONS /api/auth/seller/profile-details [32m204[0m 1.341 ms - 0[0m
[0mGET /api/auth/seller/profile-details [36m304[0m 10.911 ms - -[0m
[0mOPTIONS /api/location/city/list [32m204[0m 0.279 ms - 0[0m
[0mOPTIONS /api/location/city/list [32m204[0m 0.560 ms - 0[0m
[0mOPTIONS /api/salon/service-list [32m204[0m 0.173 ms - 0[0m
[0mGET /api/location/city/list [36m304[0m 3.263 ms - -[0m
[0mGET /api/location/city/list [36m304[0m 1.790 ms - -[0m
[0mGET /api/salon/service-list [36m304[0m 10.779 ms - -[0m
[0mOPTIONS /api/auth/seller/profile-details [32m204[0m 1.913 ms - 0[0m
[0mGET /api/auth/seller/profile-details [36m304[0m 7.356 ms - -[0m
[0mOPTIONS /api/location/city/list [32m204[0m 0.262 ms - 0[0m
[0mOPTIONS /api/location/city/list [32m204[0m 0.136 ms - 0[0m
[0mOPTIONS /api/salon/service-list [32m204[0m 0.563 ms - 0[0m
[0mGET /api/location/city/list [36m304[0m 4.009 ms - -[0m
[0mGET /api/location/city/list [36m304[0m 4.048 ms - -[0m
[0mGET /api/salon/service-list [36m304[0m 11.673 ms - -[0m
[0mOPTIONS /api/auth/seller/profile-details [32m204[0m 1.712 ms - 0[0m
[0mGET /api/auth/seller/profile-details [36m304[0m 10.933 ms - -[0m
[0mOPTIONS /api/location/city/list [32m204[0m 0.287 ms - 0[0m
[0mOPTIONS /api/location/city/list [32m204[0m 0.147 ms - 0[0m
[0mOPTIONS /api/salon/service-list [32m204[0m 0.275 ms - 0[0m
[0mGET /api/location/city/list [36m304[0m 4.831 ms - -[0m
[0mGET /api/location/city/list [36m304[0m 2.376 ms - -[0m
[0mGET /api/salon/service-list [36m304[0m 13.055 ms - -[0m
[0mOPTIONS /api/auth/seller/profile-details [32m204[0m 1.059 ms - 0[0m
[0mGET /api/auth/seller/profile-details [36m304[0m 7.023 ms - -[0m
[0mOPTIONS /api/location/city/list [32m204[0m 0.261 ms - 0[0m
[0mOPTIONS /api/location/city/list [32m204[0m 0.184 ms - 0[0m
[0mOPTIONS /api/salon/service-list [32m204[0m 0.167 ms - 0[0m
[0mGET /api/location/city/list [36m304[0m 3.846 ms - -[0m
[0mGET /api/location/city/list [36m304[0m 1.924 ms - -[0m
[0mGET /api/salon/service-list [36m304[0m 7.655 ms - -[0m
[0mOPTIONS /api/auth/seller/profile-details [32m204[0m 1.119 ms - 0[0m
[0mGET /api/auth/seller/profile-details [36m304[0m 11.455 ms - -[0m
[0mOPTIONS /api/location/city/list [32m204[0m 0.228 ms - 0[0m
[0mOPTIONS /api/location/city/list [32m204[0m 0.183 ms - 0[0m
[0mOPTIONS /api/salon/service-list [32m204[0m 0.176 ms - 0[0m
[0mGET /api/location/city/list [36m304[0m 3.682 ms - -[0m
[0mGET /api/location/city/list [36m304[0m 2.647 ms - -[0m
[0mGET /api/salon/service-list [36m304[0m 6.717 ms - -[0m
[0mOPTIONS /api/auth/seller/profile-details [32m204[0m 3.524 ms - 0[0m
[0mGET /api/auth/seller/profile-details [36m304[0m 6.168 ms - -[0m
[0mOPTIONS /api/location/city/list [32m204[0m 0.757 ms - 0[0m
[0mOPTIONS /api/salon/service-list [32m204[0m 0.188 ms - 0[0m
[0mOPTIONS /api/location/city/list [32m204[0m 0.124 ms - 0[0m
[0mOPTIONS /api/location/city/list [32m204[0m 0.124 ms - 0[0m
[0mGET /api/location/city/list [36m304[0m 4.941 ms - -[0m
[0mGET /api/location/city/list [36m304[0m 2.991 ms - -[0m
[0mGET /api/salon/service-list [36m304[0m 13.026 ms - -[0m
[0mGET /api/location/city/list [36m304[0m 5.418 ms - -[0m
[0mOPTIONS /api/auth/seller/profile-details [32m204[0m 4.184 ms - 0[0m
[0mOPTIONS /api/location/city/list [32m204[0m 0.219 ms - 0[0m
[0mOPTIONS /api/location/city/list [32m204[0m 0.611 ms - 0[0m
[0mOPTIONS /api/salon/service-list [32m204[0m 0.200 ms - 0[0m
[0mGET /api/auth/seller/profile-details [36m304[0m 7.739 ms - -[0m
[0mGET /api/location/city/list [36m304[0m 3.607 ms - -[0m
[0mGET /api/location/city/list [36m304[0m 3.974 ms - -[0m
[0mGET /api/salon/service-list [36m304[0m 12.189 ms - -[0m
[0mOPTIONS /api/auth/seller/profile-details [32m204[0m 1.136 ms - 0[0m
[0mGET /api/auth/seller/profile-details [36m304[0m 5.844 ms - -[0m
[0mOPTIONS /api/location/city/list [32m204[0m 0.654 ms - 0[0m
[0mOPTIONS /api/location/city/list [32m204[0m 0.530 ms - 0[0m
[0mOPTIONS /api/salon/service-list [32m204[0m 0.178 ms - 0[0m
[0mGET /api/location/city/list [36m304[0m 6.271 ms - -[0m
[0mGET /api/location/city/list [36m304[0m 2.665 ms - -[0m
[0mGET /api/salon/service-list [36m304[0m 15.289 ms - -[0m
[0mOPTIONS /api/auth/seller/profile-details [32m204[0m 2.374 ms - 0[0m
[0mOPTIONS /api/location/city/list [32m204[0m 0.281 ms - 0[0m
[0mOPTIONS /api/location/city/list [32m204[0m 0.155 ms - 0[0m
[0mOPTIONS /api/salon/service-list [32m204[0m 0.162 ms - 0[0m
[0mGET /api/auth/seller/profile-details [36m304[0m 6.721 ms - -[0m
[0mGET /api/location/city/list [36m304[0m 7.916 ms - -[0m
[0mGET /api/location/city/list [36m304[0m 5.220 ms - -[0m
[0mGET /api/salon/service-list [36m304[0m 16.257 ms - -[0m
[0mOPTIONS /api/auth/seller/profile-details [32m204[0m 1.140 ms - 0[0m
[0mOPTIONS /api/location/city/list [32m204[0m 0.197 ms - 0[0m
[0mOPTIONS /api/location/city/list [32m204[0m 0.129 ms - 0[0m
[0mOPTIONS /api/salon/service-list [32m204[0m 0.324 ms - 0[0m
[0mGET /api/location/city/list [32m200[0m 8.367 ms - 302[0m
[0mGET /api/location/city/list [32m200[0m 9.875 ms - 302[0m
[0mGET /api/auth/seller/profile-details [32m200[0m 14.858 ms - 160[0m
[0mGET /api/salon/service-list [32m200[0m 18.354 ms - 5412[0m
[0mOPTIONS /api/auth/seller/profile-details [32m204[0m 0.239 ms - 0[0m
[0mOPTIONS /api/location/city/list [32m204[0m 0.185 ms - 0[0m
[0mOPTIONS /api/location/city/list [32m204[0m 0.134 ms - 0[0m
[0mOPTIONS /api/salon/service-list [32m204[0m 0.108 ms - 0[0m
[0mGET /api/location/city/list [36m304[0m 2.825 ms - -[0m
[0mGET /api/auth/seller/profile-details [36m304[0m 8.456 ms - -[0m
[0mGET /api/salon/service-list [36m304[0m 8.577 ms - -[0m
[0mGET /api/location/city/list [36m304[0m 2.345 ms - -[0m
[0mOPTIONS /api/auth/seller/profile-details [32m204[0m 1.169 ms - 0[0m
[0mOPTIONS /api/location/city/list [32m204[0m 0.987 ms - 0[0m
[0mOPTIONS /api/location/city/list [32m204[0m 0.254 ms - 0[0m
[0mOPTIONS /api/salon/service-list [32m204[0m 0.229 ms - 0[0m
[0mGET /api/auth/seller/profile-details [36m304[0m 8.599 ms - -[0m
[0mGET /api/location/city/list [36m304[0m 6.697 ms - -[0m
[0mGET /api/salon/service-list [36m304[0m 18.177 ms - -[0m
[0mGET /api/location/city/list [36m304[0m 12.397 ms - -[0m
[0mOPTIONS /api/auth/seller/profile-details [32m204[0m 2.565 ms - 0[0m
[0mOPTIONS /api/location/city/list [32m204[0m 0.279 ms - 0[0m
[0mOPTIONS /api/location/city/list [32m204[0m 0.126 ms - 0[0m
[0mOPTIONS /api/salon/service-list [32m204[0m 0.151 ms - 0[0m
[0mGET /api/location/city/list [36m304[0m 2.959 ms - -[0m
[0mGET /api/auth/seller/profile-details [36m304[0m 18.070 ms - -[0m
[0mGET /api/location/city/list [36m304[0m 14.001 ms - -[0m
[0mGET /api/salon/service-list [36m304[0m 21.962 ms - -[0m
[0mOPTIONS /api/auth/seller/profile-details [32m204[0m 3.206 ms - 0[0m
[0mOPTIONS /api/location/city/list [32m204[0m 0.293 ms - 0[0m
[0mOPTIONS /api/location/city/list [32m204[0m 0.351 ms - 0[0m
[0mGET /api/auth/seller/profile-details [36m304[0m 15.663 ms - -[0m
[0mOPTIONS /api/salon/service-list [32m204[0m 0.315 ms - 0[0m
[0mGET /api/location/city/list [36m304[0m 4.883 ms - -[0m
[0mGET /api/location/city/list [36m304[0m 5.975 ms - -[0m
[0mGET /api/salon/service-list [36m304[0m 9.840 ms - -[0m
[0mOPTIONS /api/auth/seller/profile-details [32m204[0m 1.279 ms - 0[0m
[0mOPTIONS /api/location/city/list [32m204[0m 0.340 ms - 0[0m
[0mGET /api/auth/seller/profile-details [36m304[0m 12.228 ms - -[0m
[0mOPTIONS /api/location/city/list [32m204[0m 0.366 ms - 0[0m
[0mGET /api/location/city/list [36m304[0m 4.645 ms - -[0m
[0mOPTIONS /api/salon/service-list [32m204[0m 0.223 ms - 0[0m
[0mGET /api/location/city/list [36m304[0m 2.034 ms - -[0m
[0mGET /api/salon/service-list [36m304[0m 8.289 ms - -[0m
[0mOPTIONS /api/auth/seller/profile-details [32m204[0m 1.732 ms - 0[0m
[0mGET /api/auth/seller/profile-details [36m304[0m 7.857 ms - -[0m
[0mOPTIONS /api/location/city/list [32m204[0m 0.227 ms - 0[0m
[0mOPTIONS /api/location/city/list [32m204[0m 0.199 ms - 0[0m
[0mGET /api/location/city/list [36m304[0m 3.105 ms - -[0m
[0mGET /api/location/city/list [36m304[0m 1.857 ms - -[0m
[0mOPTIONS /api/salon/service-list [32m204[0m 0.247 ms - 0[0m
[0mGET /api/salon/service-list [36m304[0m 10.074 ms - -[0m
[0mOPTIONS /api/auth/seller/profile-details [32m204[0m 10.519 ms - 0[0m
[0mOPTIONS /api/location/city/list [32m204[0m 4.547 ms - 0[0m
[0mOPTIONS /api/location/city/list [32m204[0m 0.272 ms - 0[0m
[0mOPTIONS /api/salon/service-list [32m204[0m 0.268 ms - 0[0m
[0mGET /api/location/city/list [36m304[0m 30.120 ms - -[0m
[0mGET /api/auth/seller/profile-details [36m304[0m 79.144 ms - -[0m
[0mGET /api/location/city/list [36m304[0m 27.490 ms - -[0m
[0mGET /api/salon/service-list [36m304[0m 69.605 ms - -[0m
[0mOPTIONS /api/auth/seller/profile-details [32m204[0m 1.682 ms - 0[0m
[0mOPTIONS /api/location/city/list [32m204[0m 0.252 ms - 0[0m
[0mOPTIONS /api/location/city/list [32m204[0m 3.047 ms - 0[0m
[0mGET /api/auth/seller/profile-details [36m304[0m 12.798 ms - -[0m
[0mGET /api/location/city/list [36m304[0m 3.813 ms - -[0m
[0mOPTIONS /api/salon/service-list [32m204[0m 1.492 ms - 0[0m
[0mGET /api/location/city/list [36m304[0m 6.014 ms - -[0m
[0mGET /api/salon/service-list [36m304[0m 17.194 ms - -[0m
[0mOPTIONS /api/auth/seller/profile-details [32m204[0m 1.366 ms - 0[0m
[0mOPTIONS /api/location/city/list [32m204[0m 0.311 ms - 0[0m
[0mOPTIONS /api/location/city/list [32m204[0m 2.434 ms - 0[0m
[0mGET /api/auth/seller/profile-details [36m304[0m 11.594 ms - -[0m
[0mOPTIONS /api/salon/service-list [32m204[0m 0.265 ms - 0[0m
[0mGET /api/location/city/list [36m304[0m 2.780 ms - -[0m
[0mGET /api/location/city/list [36m304[0m 9.137 ms - -[0m
[0mGET /api/salon/service-list [36m304[0m 15.343 ms - -[0m
[0mOPTIONS /api/auth/seller/profile-details [32m204[0m 1.675 ms - 0[0m
[0mOPTIONS /api/location/city/list [32m204[0m 0.257 ms - 0[0m
[0mOPTIONS /api/location/city/list [32m204[0m 0.214 ms - 0[0m
[0mGET /api/auth/seller/profile-details [36m304[0m 8.137 ms - -[0m
[0mGET /api/location/city/list [36m304[0m 6.028 ms - -[0m
[0mOPTIONS /api/salon/service-list [32m204[0m 0.850 ms - 0[0m
[0mGET /api/location/city/list [36m304[0m 4.727 ms - -[0m
[0mGET /api/salon/service-list [36m304[0m 61.504 ms - -[0m
[0mOPTIONS /api/auth/seller/profile-details [32m204[0m 1.217 ms - 0[0m
[0mOPTIONS /api/location/city/list [32m204[0m 0.622 ms - 0[0m
[0mOPTIONS /api/location/city/list [32m204[0m 0.518 ms - 0[0m
[0mGET /api/auth/seller/profile-details [36m304[0m 14.582 ms - -[0m
[0mGET /api/location/city/list [36m304[0m 3.781 ms - -[0m
[0mOPTIONS /api/salon/service-list [32m204[0m 0.195 ms - 0[0m
[0mGET /api/location/city/list [36m304[0m 2.131 ms - -[0m
[0mGET /api/salon/service-list [36m304[0m 12.852 ms - -[0m
[0mOPTIONS /api/auth/seller/profile-details [32m204[0m 1.183 ms - 0[0m
[0mGET /api/auth/seller/profile-details [36m304[0m 6.126 ms - -[0m
[0mOPTIONS /api/location/city/list [32m204[0m 0.676 ms - 0[0m
[0mOPTIONS /api/location/city/list [32m204[0m 0.277 ms - 0[0m
[0mGET /api/location/city/list [36m304[0m 2.581 ms - -[0m
[0mGET /api/location/city/list [36m304[0m 3.779 ms - -[0m
[0mOPTIONS /api/salon/service-list [32m204[0m 0.239 ms - 0[0m
[0mGET /api/salon/service-list [36m304[0m 10.378 ms - -[0m
[0mOPTIONS /api/auth/seller/profile-details [32m204[0m 1.352 ms - 0[0m
[0mOPTIONS /api/location/city/list [32m204[0m 0.349 ms - 0[0m
[0mOPTIONS /api/location/city/list [32m204[0m 0.171 ms - 0[0m
[0mGET /api/auth/seller/profile-details [36m304[0m 10.699 ms - -[0m
[0mGET /api/location/city/list [36m304[0m 2.433 ms - -[0m
[0mOPTIONS /api/salon/service-list [32m204[0m 0.217 ms - 0[0m
[0mGET /api/location/city/list [36m304[0m 3.391 ms - -[0m
[0mGET /api/salon/service-list [36m304[0m 11.531 ms - -[0m
[0mOPTIONS /api/auth/seller/profile-details [32m204[0m 1.908 ms - 0[0m
[0mOPTIONS /api/location/city/list [32m204[0m 0.685 ms - 0[0m
[0mOPTIONS /api/location/city/list [32m204[0m 0.175 ms - 0[0m
[0mGET /api/auth/seller/profile-details [36m304[0m 11.120 ms - -[0m
[0mGET /api/location/city/list [36m304[0m 3.906 ms - -[0m
[0mOPTIONS /api/salon/service-list [32m204[0m 0.214 ms - 0[0m
[0mGET /api/location/city/list [36m304[0m 4.646 ms - -[0m
[0mGET /api/salon/service-list [36m304[0m 32.718 ms - -[0m
[0mOPTIONS /api/auth/seller/profile-details [32m204[0m 1.621 ms - 0[0m
[0mOPTIONS /api/location/city/list [32m204[0m 2.397 ms - 0[0m
[0mOPTIONS /api/location/city/list [32m204[0m 0.470 ms - 0[0m
[0mGET /api/auth/seller/profile-details [36m304[0m 21.545 ms - -[0m
[0mOPTIONS /api/salon/service-list [32m204[0m 0.260 ms - 0[0m
[0mGET /api/location/city/list [36m304[0m 29.793 ms - -[0m
[0mGET /api/location/city/list [36m304[0m 25.756 ms - -[0m
[0mGET /api/salon/service-list [36m304[0m 55.047 ms - -[0m
[0mOPTIONS /api/auth/seller/profile-details [32m204[0m 1.328 ms - 0[0m
[0mOPTIONS /api/location/city/list [32m204[0m 0.234 ms - 0[0m
[0mOPTIONS /api/location/city/list [32m204[0m 0.118 ms - 0[0m
[0mGET /api/auth/seller/profile-details [36m304[0m 11.158 ms - -[0m
[0mGET /api/location/city/list [36m304[0m 3.262 ms - -[0m
[0mOPTIONS /api/salon/service-list [32m204[0m 0.274 ms - 0[0m
[0mGET /api/location/city/list [36m304[0m 2.735 ms - -[0m
[0mGET /api/salon/service-list [36m304[0m 8.757 ms - -[0m
[0mOPTIONS /api/auth/seller/profile-details [32m204[0m 1.340 ms - 0[0m
[0mOPTIONS /api/location/city/list [32m204[0m 1.200 ms - 0[0m
[0mOPTIONS /api/location/city/list [32m204[0m 0.215 ms - 0[0m
[0mGET /api/auth/seller/profile-details [36m304[0m 13.783 ms - -[0m
[0mOPTIONS /api/salon/service-list [32m204[0m 0.265 ms - 0[0m
[0mGET /api/location/city/list [36m304[0m 4.529 ms - -[0m
[0mGET /api/location/city/list [36m304[0m 5.584 ms - -[0m
[0mGET /api/salon/service-list [36m304[0m 9.405 ms - -[0m
[0mOPTIONS /api/auth/seller/profile-details [32m204[0m 1.116 ms - 0[0m
[0mOPTIONS /api/location/city/list [32m204[0m 0.262 ms - 0[0m
[0mOPTIONS /api/location/city/list [32m204[0m 0.129 ms - 0[0m
[0mGET /api/auth/seller/profile-details [36m304[0m 12.085 ms - -[0m
[0mGET /api/location/city/list [36m304[0m 4.503 ms - -[0m
[0mGET /api/location/city/list [36m304[0m 2.219 ms - -[0m
[0mOPTIONS /api/salon/service-list [32m204[0m 0.249 ms - 0[0m
[0mGET /api/salon/service-list [36m304[0m 4.836 ms - -[0m
[0mOPTIONS /api/salon/service-list?gender=M [32m204[0m 1.316 ms - 0[0m
[0mGET /api/salon/service-list?gender=M [32m200[0m 21.925 ms - 5364[0m
[0mOPTIONS /api/auth/seller/profile-details [32m204[0m 2.466 ms - 0[0m
[0mGET /api/auth/seller/profile-details [36m304[0m 3.269 ms - -[0m
[0mOPTIONS /api/location/city/list [32m204[0m 3.529 ms - 0[0m
[0mOPTIONS /api/location/city/list [32m204[0m 0.855 ms - 0[0m
[0mOPTIONS /api/salon/service-list [32m204[0m 0.133 ms - 0[0m
[0mGET /api/location/city/list [36m304[0m 3.096 ms - -[0m
[0mGET /api/salon/service-list [36m304[0m 7.998 ms - -[0m
[0mGET /api/location/city/list [36m304[0m 6.395 ms - -[0m
[0mOPTIONS /api/salon/service-list?limit=20&page=1 [32m204[0m 0.723 ms - 0[0m
[0mGET /api/auth/seller/profile-details [36m304[0m 5.644 ms - -[0m
[0mGET /api/salon/service-list?limit=20&page=1 [36m304[0m 8.386 ms - -[0m
[0mOPTIONS /api/auth/seller/profile-details [32m204[0m 1.658 ms - 0[0m
[0mOPTIONS /api/salon/service-list?limit=20&page=1 [32m204[0m 2.807 ms - 0[0m
[0mOPTIONS /api/auth/seller/profile-details [32m204[0m 1.438 ms - 0[0m
[0mOPTIONS /api/location/city/list [32m204[0m 1.207 ms - 0[0m
[0mOPTIONS /api/location/city/list [32m204[0m 0.263 ms - 0[0m
[0mOPTIONS /api/salon/service-list [32m204[0m 2.597 ms - 0[0m
[0mGET /api/auth/seller/profile-details [36m304[0m 41.446 ms - -[0m
[0mGET /api/salon/service-list?limit=20&page=1 [36m304[0m 45.643 ms - -[0m
[0mGET /api/location/city/list [36m304[0m 15.947 ms - -[0m
[0mGET /api/location/city/list [36m304[0m 7.582 ms - -[0m
[0mGET /api/auth/seller/profile-details [36m304[0m 24.495 ms - -[0m
[0mGET /api/salon/service-list [36m304[0m 36.041 ms - -[0m
[0mOPTIONS /api/salon/filter/category-gender [32m204[0m 0.830 ms - 0[0m
[0mPOST /api/salon/filter/category-gender [31m500[0m 32.593 ms - 34[0m
[0mOPTIONS /api/auth/seller/profile-details [32m204[0m 3.289 ms - 0[0m
[0mOPTIONS /api/salon/service-list?limit=20&page=1 [32m204[0m 0.238 ms - 0[0m
[0mGET /api/auth/seller/profile-details [36m304[0m 13.706 ms - -[0m
[0mGET /api/salon/service-list?limit=20&page=1 [36m304[0m 17.563 ms - -[0m
[0mGET /api/auth/seller/profile-details [36m304[0m 2.550 ms - -[0m
[0mOPTIONS /api/location/city/list [32m204[0m 2.128 ms - 0[0m
[0mOPTIONS /api/location/city/list [32m204[0m 0.580 ms - 0[0m
[0mGET /api/location/city/list [36m304[0m 3.683 ms - -[0m
[0mGET /api/location/city/list [36m304[0m 7.614 ms - -[0m
[0mOPTIONS /api/salon/service-list [32m204[0m 0.747 ms - 0[0m
[0mGET /api/salon/service-list [36m304[0m 8.905 ms - -[0m
[0mOPTIONS /api/auth/seller/profile-details [32m204[0m 5.562 ms - 0[0m
[0mOPTIONS /api/salon/service-list?limit=20&page=1 [32m204[0m 0.300 ms - 0[0m
[0mGET /api/auth/seller/profile-details [36m304[0m 15.366 ms - -[0m
[0mGET /api/salon/service-list?limit=20&page=1 [36m304[0m 15.407 ms - -[0m
[0mGET /api/auth/seller/profile-details [36m304[0m 3.776 ms - -[0m
[0mOPTIONS /api/location/city/list [32m204[0m 0.256 ms - 0[0m
[0mOPTIONS /api/location/city/list [32m204[0m 0.227 ms - 0[0m
[0mGET /api/location/city/list [36m304[0m 2.257 ms - -[0m
[0mGET /api/location/city/list [36m304[0m 2.155 ms - -[0m
[0mOPTIONS /api/salon/service-list [32m204[0m 0.810 ms - 0[0m
[0mGET /api/salon/service-list [36m304[0m 8.739 ms - -[0m
[0mGET /api/auth/seller/profile-details [36m304[0m 21.236 ms - -[0m
[0mGET /api/salon/service-list?limit=20&page=1 [36m304[0m 19.076 ms - -[0m
[0mGET /api/auth/seller/profile-details [36m304[0m 4.612 ms - -[0m
[0mGET /api/location/city/list [36m304[0m 2.693 ms - -[0m
[0mGET /api/location/city/list [36m304[0m 6.969 ms - -[0m
[0mGET /api/salon/service-list [36m304[0m 7.664 ms - -[0m
[0mOPTIONS /api/auth/seller/profile-details [32m204[0m 0.436 ms - 0[0m
[0mOPTIONS /api/salon/category-list?limit=20&page=1 [32m204[0m 0.219 ms - 0[0m
[0mGET /api/salon/category-list?limit=20&page=1 [32m200[0m 4.191 ms - 7072[0m
[0mGET /api/auth/seller/profile-details [36m304[0m 7.581 ms - -[0m
[0mOPTIONS /api/auth/seller/profile-details [32m204[0m 0.600 ms - 0[0m
[0mOPTIONS /api/salon/category-list [32m204[0m 0.190 ms - 0[0m
[0mGET /api/salon/category-list [32m200[0m 3.779 ms - 3312[0m
[0mGET /api/auth/seller/profile-details [36m304[0m 6.091 ms - -[0m
[0mOPTIONS /api/auth/seller/profile-details [32m204[0m 0.747 ms - 0[0m
[0mOPTIONS /api/salon/service-list?limit=20&page=1 [32m204[0m 0.168 ms - 0[0m
[0mGET /api/auth/seller/profile-details [36m304[0m 7.380 ms - -[0m
[0mGET /api/salon/service-list?limit=20&page=1 [36m304[0m 10.359 ms - -[0m
[0mOPTIONS /api/auth/seller/profile-details [32m204[0m 1.011 ms - 0[0m
[0mOPTIONS /api/salon/service-list?limit=20&page=1 [32m204[0m 0.250 ms - 0[0m
[0mGET /api/auth/seller/profile-details [36m304[0m 8.608 ms - -[0m
[0mGET /api/salon/service-list?limit=20&page=1 [36m304[0m 10.294 ms - -[0m
[0mGET /api/auth/seller/profile-details [36m304[0m 5.405 ms - -[0m
[0mGET /api/salon/service-list?limit=20&page=1 [36m304[0m 8.905 ms - -[0m
[0mOPTIONS /api/auth/seller/profile-details [32m204[0m 1.004 ms - 0[0m
[0mOPTIONS /api/salon/service-list?limit=20&page=1 [32m204[0m 0.236 ms - 0[0m
[0mGET /api/auth/seller/profile-details [36m304[0m 10.851 ms - -[0m
[0mGET /api/salon/service-list?limit=20&page=1 [36m304[0m 11.217 ms - -[0m
[0mGET /api/salon/service-list?limit=20&page=1 [36m304[0m 11.496 ms - -[0m
[0mGET /api/auth/seller/profile-details [36m304[0m 12.337 ms - -[0m
[0mOPTIONS /api/auth/seller/profile-details [32m204[0m 3.413 ms - 0[0m
[0mOPTIONS /api/salon/service-list?limit=20&page=1 [32m204[0m 0.253 ms - 0[0m
[0mOPTIONS /api/auth/seller/profile-details [32m204[0m 0.135 ms - 0[0m
[0mOPTIONS /api/salon/service-list?limit=20&page=1 [32m204[0m 0.126 ms - 0[0m
[0mGET /api/auth/seller/profile-details [36m304[0m 12.726 ms - -[0m
[0mGET /api/salon/service-list?limit=20&page=1 [36m304[0m 13.946 ms - -[0m
[0mGET /api/auth/seller/profile-details [36m304[0m 4.438 ms - -[0m
[0mGET /api/salon/service-list?limit=20&page=1 [36m304[0m 8.988 ms - -[0m
[0mOPTIONS /api/auth/seller/profile-details [32m204[0m 1.532 ms - 0[0m
[0mOPTIONS /api/salon/service-list?limit=20&page=1 [32m204[0m 0.231 ms - 0[0m
[0mGET /api/auth/seller/profile-details [36m304[0m 7.816 ms - -[0m
[0mGET /api/salon/service-list?limit=20&page=1 [36m304[0m 12.556 ms - -[0m
[0mGET /api/auth/seller/profile-details [36m304[0m 3.840 ms - -[0m
[0mGET /api/salon/service-list?limit=20&page=1 [36m304[0m 6.940 ms - -[0m
[0mOPTIONS /api/auth/seller/profile-details [32m204[0m 1.678 ms - 0[0m
[0mGET /api/auth/seller/profile-details [36m304[0m 6.114 ms - -[0m
[0mOPTIONS /api/salon/service-list?limit=20&page=1 [32m204[0m 0.235 ms - 0[0m
[0mGET /api/salon/service-list?limit=20&page=1 [36m304[0m 11.272 ms - -[0m
[0mOPTIONS /api/salon/filter/category-gender [32m204[0m 0.329 ms - 0[0m
[0mPOST /api/salon/filter/category-gender [32m200[0m 10.958 ms - 4976[0m
[0mOPTIONS /api/auth/seller/profile-details [32m204[0m 1.906 ms - 0[0m
[0mGET /api/auth/seller/profile-details [36m304[0m 10.984 ms - -[0m
[0mOPTIONS /api/salon/service-list?limit=20&page=1 [32m204[0m 0.227 ms - 0[0m
[0mGET /api/salon/service-list?limit=20&page=1 [36m304[0m 12.053 ms - -[0m
[0mOPTIONS /api/auth/seller/profile-details [32m204[0m 1.227 ms - 0[0m
[0mOPTIONS /api/salon/service-list?limit=20&page=1 [32m204[0m 1.806 ms - 0[0m
[0mGET /api/auth/seller/profile-details [36m304[0m 11.791 ms - -[0m
[0mGET /api/salon/service-list?limit=20&page=1 [36m304[0m 7.908 ms - -[0m
[0mOPTIONS /api/auth/seller/profile-details [32m204[0m 0.232 ms - 0[0m
[0mOPTIONS /api/salon/list-by-id [32m204[0m 0.111 ms - 0[0m
[0mGET /api/auth/seller/profile-details [36m304[0m 6.142 ms - -[0m
[0mGET /api/salon/list-by-id [36m304[0m 17.243 ms - -[0m
[0mGET /api/auth/seller/profile-details [36m304[0m 2.611 ms - -[0m
[0mOPTIONS /api/location/city/list [32m204[0m 0.250 ms - 0[0m
[0mOPTIONS /api/location/city/list [32m204[0m 0.111 ms - 0[0m
[0mOPTIONS /api/salon/service-list [32m204[0m 0.367 ms - 0[0m
[0mGET /api/location/city/list [36m304[0m 3.199 ms - -[0m
[0mGET /api/salon/service-list [36m304[0m 6.728 ms - -[0m
[0mGET /api/location/city/list [36m304[0m 4.730 ms - -[0m
[0mOPTIONS /api/salon/filter/category-gender [32m204[0m 0.508 ms - 0[0m
[0mPOST /api/salon/filter/category-gender [32m200[0m 6.753 ms - 4976[0m
[0mOPTIONS /api/auth/seller/profile-details [32m204[0m 1.591 ms - 0[0m
[0mOPTIONS /api/salon/service-list?limit=20&page=1 [32m204[0m 0.351 ms - 0[0m
[0mGET /api/auth/seller/profile-details [36m304[0m 13.711 ms - -[0m
[0mGET /api/salon/service-list?limit=20&page=1 [36m304[0m 14.996 ms - -[0m
[0mGET /api/auth/seller/profile-details [36m304[0m 2.672 ms - -[0m
[0mGET /api/salon/service-list?limit=20&page=1 [36m304[0m 4.293 ms - -[0m
[0mOPTIONS /api/salon/filter/category-gender [32m204[0m 0.419 ms - 0[0m
[0mPOST /api/salon/filter/category-gender [32m200[0m 6.733 ms - 4976[0m
[0mOPTIONS /api/auth/seller/profile-details [32m204[0m 0.262 ms - 0[0m
[0mOPTIONS /api/salon/list-by-id [32m204[0m 0.224 ms - 0[0m
[0mGET /api/auth/seller/profile-details [36m304[0m 6.744 ms - -[0m
[0mGET /api/salon/list-by-id [36m304[0m 67.206 ms - -[0m
[0mGET /api/auth/seller/profile-details [36m304[0m 4.797 ms - -[0m
[0mOPTIONS /api/location/city/list [32m204[0m 0.480 ms - 0[0m
[0mOPTIONS /api/location/city/list [32m204[0m 0.494 ms - 0[0m
[0mGET /api/location/city/list [36m304[0m 2.191 ms - -[0m
[0mGET /api/location/city/list [36m304[0m 1.807 ms - -[0m
[0mOPTIONS /api/salon/service-list [32m204[0m 0.492 ms - 0[0m
[0mGET /api/salon/service-list [36m304[0m 8.454 ms - -[0m
[0mOPTIONS /api/auth/seller/profile-details [32m204[0m 6.576 ms - 0[0m
[0mOPTIONS /api/location/city/list [32m204[0m 0.905 ms - 0[0m
[0mOPTIONS /api/location/city/list [32m204[0m 0.158 ms - 0[0m
[0mOPTIONS /api/salon/service-list [32m204[0m 0.302 ms - 0[0m
[0mGET /api/location/city/list [36m304[0m 35.812 ms - -[0m
[0mGET /api/auth/seller/profile-details [36m304[0m 51.496 ms - -[0m
[0mGET /api/salon/service-list [36m304[0m 23.984 ms - -[0m
[0mGET /api/location/city/list [36m304[0m 13.802 ms - -[0m
[0mOPTIONS /api/salon/filter/category-gender [32m204[0m 0.232 ms - 0[0m
[0mPOST /api/salon/filter/category-gender [32m200[0m 3.511 ms - 4976[0m
[0mOPTIONS /api/auth/seller/profile-details [32m204[0m 1.846 ms - 0[0m
[0mGET /api/auth/seller/profile-details [36m304[0m 7.300 ms - -[0m
[0mOPTIONS /api/location/city/list [32m204[0m 0.255 ms - 0[0m
[0mOPTIONS /api/location/city/list [32m204[0m 0.264 ms - 0[0m
[0mOPTIONS /api/salon/service-list [32m204[0m 0.181 ms - 0[0m
[0mGET /api/location/city/list [36m304[0m 2.022 ms - -[0m
[0mGET /api/location/city/list [36m304[0m 2.758 ms - -[0m
[0mGET /api/salon/service-list [36m304[0m 8.347 ms - -[0m
[0mOPTIONS /api/salon/service-list?limit=20&page=1 [32m204[0m 0.608 ms - 0[0m
[0mGET /api/auth/seller/profile-details [36m304[0m 7.185 ms - -[0m
[0mGET /api/salon/service-list?limit=20&page=1 [36m304[0m 9.263 ms - -[0m
[0mOPTIONS /api/auth/seller/profile-details [32m204[0m 0.256 ms - 0[0m
[0mOPTIONS /api/salon/service-list?limit=20&page=1 [32m204[0m 0.238 ms - 0[0m
[0mGET /api/auth/seller/profile-details [36m304[0m 4.286 ms - -[0m
[0mGET /api/salon/service-list?limit=20&page=1 [36m304[0m 5.394 ms - -[0m
[0mOPTIONS /api/salon/filter/category-gender [32m204[0m 0.680 ms - 0[0m
[0mPOST /api/salon/filter/category-gender [32m200[0m 4.927 ms - 7062[0m
[0mOPTIONS /api/auth/seller/profile-details [32m204[0m 2.874 ms - 0[0m
[0mOPTIONS /api/location/city/list [32m204[0m 0.636 ms - 0[0m
[0mOPTIONS /api/location/city/list [32m204[0m 0.209 ms - 0[0m
[0mOPTIONS /api/salon/service-list?limit=20&page=1 [32m204[0m 0.934 ms - 0[0m
[0mGET /api/auth/seller/profile-details [36m304[0m 23.240 ms - -[0m
[0mGET /api/location/city/list [36m304[0m 7.853 ms - -[0m
[0mOPTIONS /api/salon/service-list [32m204[0m 0.169 ms - 0[0m
[0mGET /api/location/city/list [36m304[0m 21.582 ms - -[0m
[0mGET /api/auth/seller/profile-details [36m304[0m 34.826 ms - -[0m
[0mGET /api/salon/service-list?limit=20&page=1 [36m304[0m 41.263 ms - -[0m
[0mGET /api/salon/service-list [36m304[0m 16.731 ms - -[0m
[0mOPTIONS /api/auth/seller/profile-details [32m204[0m 2.414 ms - 0[0m
[0mOPTIONS /api/salon/service-list?limit=20&page=1 [32m204[0m 8.749 ms - 0[0m
[0mGET /api/auth/seller/profile-details [36m304[0m 20.128 ms - -[0m
[0mGET /api/salon/service-list?limit=20&page=1 [36m304[0m 24.946 ms - -[0m
[0mGET /api/auth/seller/profile-details [36m304[0m 2.735 ms - -[0m
[0mOPTIONS /api/location/city/list [32m204[0m 0.319 ms - 0[0m
[0mOPTIONS /api/location/city/list [32m204[0m 0.308 ms - 0[0m
[0mGET /api/location/city/list [36m304[0m 4.868 ms - -[0m
[0mGET /api/location/city/list [36m304[0m 4.979 ms - -[0m
[0mOPTIONS /api/salon/service-list [32m204[0m 0.378 ms - 0[0m
[0mGET /api/salon/service-list [36m304[0m 13.024 ms - -[0m
[0mOPTIONS /?Gender=M [32m204[0m 3.994 ms - 0[0m
[0mGET /?Gender=M [33m404[0m 20.733 ms - 3098[0m
[0mOPTIONS /api/auth/seller/profile-details [32m204[0m 2.386 ms - 0[0m
[0mOPTIONS /api/auth/seller/profile-details [32m204[0m 2.004 ms - 0[0m
[0mOPTIONS /api/salon/service-list?limit=20&page=1 [32m204[0m 1.184 ms - 0[0m
[0mOPTIONS /api/location/city/list [32m204[0m 0.160 ms - 0[0m
[0mOPTIONS /api/location/city/list [32m204[0m 2.111 ms - 0[0m
[0mOPTIONS /api/salon/service-list [32m204[0m 0.159 ms - 0[0m
[0mGET /api/location/city/list [36m304[0m 44.816 ms - -[0m
[0mGET /api/auth/seller/profile-details [36m304[0m 91.914 ms - -[0m
[0mGET /api/salon/service-list?limit=20&page=1 [36m304[0m 73.653 ms - -[0m
[0mGET /api/location/city/list [36m304[0m 10.304 ms - -[0m
[0mGET /api/salon/service-list [36m304[0m 54.583 ms - -[0m
[0mGET /api/auth/seller/profile-details [36m304[0m 11.741 ms - -[0m
[0mOPTIONS /api/salon/service-by-gender?Gender=M [32m204[0m 0.350 ms - 0[0m
[0mGET /api/salon/service-by-gender?Gender=M [33m404[0m 15.916 ms - 3141[0m
[0mOPTIONS /api/auth/seller/profile-details [32m204[0m 5.691 ms - 0[0m
[0mOPTIONS /api/location/city/list [32m204[0m 1.198 ms - 0[0m
[0mOPTIONS /api/location/city/list [32m204[0m 1.602 ms - 0[0m
[0mOPTIONS /api/salon/service-list [32m204[0m 0.439 ms - 0[0m
[0mGET /api/location/city/list [32m200[0m 55.430 ms - 302[0m
[0mGET /api/auth/seller/profile-details [32m200[0m 86.408 ms - 160[0m
[0mGET /api/location/city/list [32m200[0m 74.807 ms - 302[0m
[0mGET /api/salon/service-list [32m200[0m 91.920 ms - 5412[0m
[0mOPTIONS /api/salon/service-by-gender?Gender=M [32m204[0m 0.542 ms - 0[0m
[0mGET /api/salon/service-by-gender?Gender=M [33m404[0m 16.589 ms - 3141[0m
[0mOPTIONS /api/salon/service-by-gender?Gender=F [32m204[0m 2.010 ms - 0[0m
[0mOPTIONS /api/salon/service-by-gender?Gender=M [32m204[0m 4.239 ms - 0[0m
[0mOPTIONS /api/salon/service-by-gender?Gender=F [32m204[0m 3.224 ms - 0[0m
[0mGET /api/salon/service-by-gender?Gender=F [32m200[0m 35.777 ms - 114643[0m
[0mOPTIONS /api/auth/seller/profile-details [32m204[0m 5.681 ms - 0[0m
[0mOPTIONS /api/location/city/list [32m204[0m 0.395 ms - 0[0m
[0mOPTIONS /api/location/city/list [32m204[0m 0.313 ms - 0[0m
[0mGET /api/location/city/list [32m200[0m 16.838 ms - 302[0m
[0mGET /api/auth/seller/profile-details [32m200[0m 46.236 ms - 160[0m
[0mGET /api/location/city/list [32m200[0m 18.529 ms - 302[0m
[0mOPTIONS /api/salon/service-list [32m204[0m 0.344 ms - 0[0m
[0mGET /api/salon/service-list [32m200[0m 8.854 ms - 5412[0m
[0mOPTIONS /api/salon/service-by-gender?Gender=M [32m204[0m 0.680 ms - 0[0m
[0mGET /api/salon/service-by-gender?Gender=M [31m500[0m 55.838 ms - 3161[0m
[0mOPTIONS /api/auth/seller/profile-details [32m204[0m 2.080 ms - 0[0m
[0mOPTIONS /api/location/city/list [32m204[0m 0.288 ms - 0[0m
[0mOPTIONS /api/location/city/list [32m204[0m 0.165 ms - 0[0m
[0mOPTIONS /api/salon/service-list [32m204[0m 0.301 ms - 0[0m
[0mGET /api/location/city/list [32m200[0m 12.811 ms - 302[0m
[0mGET /api/location/city/list [32m200[0m 15.426 ms - 302[0m
[0mGET /api/auth/seller/profile-details [32m200[0m 46.576 ms - 160[0m
[0mGET /api/salon/service-list [32m200[0m 37.890 ms - 5412[0m
[0mOPTIONS /api/salon/service-by-gender?Gender=M [32m204[0m 0.731 ms - 0[0m
[0mGET /api/salon/service-by-gender?Gender=M [32m200[0m 18.312 ms - 4474[0m
[0mOPTIONS /api/auth/seller/profile-details [32m204[0m 8.920 ms - 0[0m
[0mOPTIONS /api/salon/service-list?limit=20&page=1 [32m204[0m 0.980 ms - 0[0m
[0mGET /api/auth/seller/profile-details [36m304[0m 59.201 ms - -[0m
[0mGET /api/salon/service-list?limit=20&page=1 [36m304[0m 61.944 ms - -[0m
[0mOPTIONS /api/auth/seller/profile-details [32m204[0m 15.358 ms - 0[0m
[0mOPTIONS /api/salon/service-list?limit=20&page=1 [32m204[0m 0.330 ms - 0[0m
[0mOPTIONS /api/auth/seller/profile-details [32m204[0m 3.265 ms - 0[0m
[0mOPTIONS /api/location/city/list [32m204[0m 0.341 ms - 0[0m
[0mOPTIONS /api/location/city/list [32m204[0m 5.683 ms - 0[0m
[0mOPTIONS /api/salon/service-list [32m204[0m 0.273 ms - 0[0m
[0mGET /api/location/city/list [36m304[0m 39.229 ms - -[0m
[0mGET /api/auth/seller/profile-details [36m304[0m 141.683 ms - -[0m
[0mGET /api/salon/service-list?limit=20&page=1 [36m304[0m 166.886 ms - -[0m
[0mGET /api/location/city/list [36m304[0m 53.669 ms - -[0m
[0mGET /api/salon/service-list [36m304[0m 93.378 ms - -[0m
[0mGET /api/auth/seller/profile-details [36m304[0m 68.827 ms - -[0m
[0mOPTIONS /api/salon/service-by-gender?Gender=M [32m204[0m 1.530 ms - 0[0m
[0mGET /api/salon/service-by-gender?Gender=M [36m304[0m 21.090 ms - -[0m
[0mOPTIONS /api/auth/seller/profile-details [32m204[0m 1.216 ms - 0[0m
[0mOPTIONS /api/salon/service-list?limit=20&page=1 [32m204[0m 0.279 ms - 0[0m
[0mOPTIONS /api/auth/seller/profile-details [32m204[0m 3.406 ms - 0[0m
[0mOPTIONS /api/location/city/list [32m204[0m 0.320 ms - 0[0m
[0mOPTIONS /api/salon/service-list [32m204[0m 0.285 ms - 0[0m
[0mOPTIONS /api/location/city/list [32m204[0m 0.199 ms - 0[0m
[0mGET /api/location/city/list [36m304[0m 46.971 ms - -[0m
[0mGET /api/auth/seller/profile-details [36m304[0m 70.510 ms - -[0m
[0mGET /api/salon/service-list?limit=20&page=1 [36m304[0m 80.701 ms - -[0m
[0mGET /api/location/city/list [36m304[0m 18.545 ms - -[0m
[0mGET /api/salon/service-list [36m304[0m 60.456 ms - -[0m
[0mGET /api/auth/seller/profile-details [36m304[0m 16.926 ms - -[0m
[0mOPTIONS /api/salon/service-by-gender?Gender=M [32m204[0m 0.297 ms - 0[0m
[0mGET /api/salon/service-by-gender?Gender=M [36m304[0m 9.669 ms - -[0m
[0mOPTIONS /api/auth/seller/profile-details [32m204[0m 1.302 ms - 0[0m
[0mOPTIONS /api/salon/service-list?limit=20&page=1 [32m204[0m 0.725 ms - 0[0m
[0mOPTIONS /api/location/city/list [32m204[0m 0.287 ms - 0[0m
[0mOPTIONS /api/location/city/list [32m204[0m 0.707 ms - 0[0m
[0mOPTIONS /api/salon/service-list [32m204[0m 0.237 ms - 0[0m
[0mGET /api/auth/seller/profile-details [36m304[0m 25.209 ms - -[0m
[0mGET /api/location/city/list [36m304[0m 31.841 ms - -[0m
[0mGET /api/salon/service-list?limit=20&page=1 [36m304[0m 48.761 ms - -[0m
[0mGET /api/location/city/list [36m304[0m 10.935 ms - -[0m
[0mGET /api/auth/seller/profile-details [36m304[0m 42.038 ms - -[0m
[0mGET /api/salon/service-list [36m304[0m 42.058 ms - -[0m
[0mOPTIONS /api/salon/service-by-gender?Gender=M [32m204[0m 0.292 ms - 0[0m
[0mGET /api/salon/service-by-gender?Gender=M [36m304[0m 21.149 ms - -[0m
[0mOPTIONS /api/auth/seller/profile-details [32m204[0m 1.301 ms - 0[0m
[0mOPTIONS /api/location/city/list [32m204[0m 0.298 ms - 0[0m
[0mOPTIONS /api/location/city/list [32m204[0m 0.417 ms - 0[0m
[0mGET /api/auth/seller/profile-details [36m304[0m 9.986 ms - -[0m
[0mGET /api/location/city/list [36m304[0m 4.848 ms - -[0m
[0mGET /api/location/city/list [36m304[0m 3.350 ms - -[0m
[0mOPTIONS /api/salon/service-list [32m204[0m 0.266 ms - 0[0m
[0mGET /api/salon/service-list [36m304[0m 6.923 ms - -[0m
[0mOPTIONS /api/salon/service-list?limit=20&page=1 [32m204[0m 0.650 ms - 0[0m
[0mGET /api/auth/seller/profile-details [36m304[0m 10.558 ms - -[0m
[0mGET /api/salon/service-list?limit=20&page=1 [36m304[0m 16.646 ms - -[0m
[0mOPTIONS /api/salon/service-by-gender?Gender=M [32m204[0m 1.539 ms - 0[0m
[0mGET /api/salon/service-by-gender?Gender=M [36m304[0m 9.677 ms - -[0m
[0mOPTIONS /api/auth/seller/profile-details [32m204[0m 3.667 ms - 0[0m
[0mOPTIONS /api/salon/service-list?limit=20&page=1 [32m204[0m 0.207 ms - 0[0m
[0mOPTIONS /api/auth/seller/profile-details [32m204[0m 8.047 ms - 0[0m
[0mOPTIONS /api/location/city/list [32m204[0m 0.734 ms - 0[0m
[0mOPTIONS /api/location/city/list [32m204[0m 0.524 ms - 0[0m
[0mOPTIONS /api/salon/service-list [32m204[0m 0.206 ms - 0[0m
[0mGET /api/location/city/list [36m304[0m 25.360 ms - -[0m
[0mGET /api/auth/seller/profile-details [36m304[0m 49.430 ms - -[0m
[0mGET /api/salon/service-list?limit=20&page=1 [36m304[0m 55.099 ms - -[0m
[0mGET /api/location/city/list [36m304[0m 29.507 ms - -[0m
[0mGET /api/salon/service-list [36m304[0m 50.211 ms - -[0m
[0mGET /api/auth/seller/profile-details [36m304[0m 37.846 ms - -[0m
[0mOPTIONS /api/salon/service-by-gender?Gender=M [32m204[0m 0.325 ms - 0[0m
[0mGET /api/salon/service-by-gender?Gender=M [36m304[0m 20.318 ms - -[0m
[0mOPTIONS /api/auth/seller/profile-details [32m204[0m 2.422 ms - 0[0m
[0mOPTIONS /api/salon/service-list?limit=20&page=1 [32m204[0m 0.600 ms - 0[0m
[0mOPTIONS /api/auth/seller/profile-details [32m204[0m 0.514 ms - 0[0m
[0mOPTIONS /api/location/city/list [32m204[0m 0.376 ms - 0[0m
[0mOPTIONS /api/location/city/list [32m204[0m 1.748 ms - 0[0m
[0mOPTIONS /api/salon/service-list [32m204[0m 0.216 ms - 0[0m
[0mGET /api/auth/seller/profile-details [36m304[0m 44.726 ms - -[0m
[0mGET /api/salon/service-list?limit=20&page=1 [36m304[0m 50.614 ms - -[0m
[0mGET /api/location/city/list [36m304[0m 11.348 ms - -[0m
[0mGET /api/location/city/list [36m304[0m 8.262 ms - -[0m
[0mGET /api/auth/seller/profile-details [36m304[0m 18.366 ms - -[0m
[0mGET /api/salon/service-list [36m304[0m 20.091 ms - -[0m
[0mOPTIONS /api/salon/service-by-gender?Gender=M [32m204[0m 0.940 ms - 0[0m
[0mGET /api/salon/service-by-gender?Gender=M [36m304[0m 9.577 ms - -[0m
[0mOPTIONS /api/auth/seller/profile-details [32m204[0m 1.448 ms - 0[0m
[0mOPTIONS /api/salon/service-list?limit=20&page=1 [32m204[0m 0.230 ms - 0[0m
[0mGET /api/salon/service-list?limit=20&page=1 [36m304[0m 18.875 ms - -[0m
[0mGET /api/auth/seller/profile-details [36m304[0m 16.101 ms - -[0m
[0mGET /api/auth/seller/profile-details [36m304[0m 5.665 ms - -[0m
[0mOPTIONS /api/location/city/list [32m204[0m 0.258 ms - 0[0m
[0mOPTIONS /api/location/city/list [32m204[0m 0.174 ms - 0[0m
[0mGET /api/location/city/list [36m304[0m 4.001 ms - -[0m
[0mGET /api/location/city/list [36m304[0m 9.341 ms - -[0m
[0mOPTIONS /api/salon/service-list [32m204[0m 0.276 ms - 0[0m
[0mGET /api/salon/service-list [36m304[0m 7.678 ms - -[0m
[0mOPTIONS /api/auth/seller/profile-details [32m204[0m 4.304 ms - 0[0m
[0mOPTIONS /api/salon/service-list?limit=20&page=1 [32m204[0m 0.601 ms - 0[0m
[0mGET /api/auth/seller/profile-details [36m304[0m 15.674 ms - -[0m
[0mGET /api/salon/service-list?limit=20&page=1 [36m304[0m 15.904 ms - -[0m
[0mGET /api/auth/seller/profile-details [36m304[0m 12.867 ms - -[0m
[0mOPTIONS /api/location/city/list [32m204[0m 0.198 ms - 0[0m
[0mOPTIONS /api/location/city/list [32m204[0m 0.626 ms - 0[0m
[0mGET /api/location/city/list [36m304[0m 2.732 ms - -[0m
[0mGET /api/location/city/list [36m304[0m 3.004 ms - -[0m
[0mOPTIONS /api/salon/service-by-gender?Gender=M [32m204[0m 0.384 ms - 0[0m
[0mGET /api/salon/service-by-gender?Gender=M [36m304[0m 11.399 ms - -[0m
[0mOPTIONS /api/salon/service-by-gender?Gender=F [32m204[0m 0.430 ms - 0[0m
[0mGET /api/salon/service-by-gender?Gender=F [32m200[0m 26.263 ms - 15513[0m
[0mOPTIONS /api/auth/seller/profile-details [32m204[0m 3.409 ms - 0[0m
[0mOPTIONS /api/location/city/list [32m204[0m 0.919 ms - 0[0m
[0mOPTIONS /api/location/city/list [32m204[0m 0.524 ms - 0[0m
[0mGET /api/location/city/list [36m304[0m 4.711 ms - -[0m
[0mGET /api/auth/seller/profile-details [36m304[0m 24.686 ms - -[0m
[0mOPTIONS /api/salon/service-list?limit=20&page=1 [32m204[0m 0.280 ms - 0[0m
[0mGET /api/location/city/list [36m304[0m 30.118 ms - -[0m
[0mGET /api/auth/seller/profile-details [36m304[0m 64.010 ms - -[0m
[0mGET /api/salon/service-list?limit=20&page=1 [36m304[0m 58.134 ms - -[0m
[0mOPTIONS /api/salon/service-by-gender?Gender=M [32m204[0m 0.700 ms - 0[0m
[0mGET /api/salon/service-by-gender?Gender=M [36m304[0m 8.721 ms - -[0m
[0mOPTIONS /api/auth/seller/profile-details [32m204[0m 1.096 ms - 0[0m
[0mOPTIONS /api/location/city/list [32m204[0m 0.978 ms - 0[0m
[0mOPTIONS /api/location/city/list [32m204[0m 0.177 ms - 0[0m
[0mOPTIONS /api/salon/service-list?limit=20&page=1 [32m204[0m 0.302 ms - 0[0m
[0mGET /api/location/city/list [36m304[0m 23.670 ms - -[0m
[0mGET /api/auth/seller/profile-details [36m304[0m 35.514 ms - -[0m
[0mGET /api/location/city/list [36m304[0m 8.686 ms - -[0m
[0mGET /api/salon/service-list?limit=20&page=1 [36m304[0m 32.980 ms - -[0m
[0mGET /api/auth/seller/profile-details [36m304[0m 21.319 ms - -[0m
[0mOPTIONS /api/salon/service-by-gender?Gender=M [32m204[0m 0.318 ms - 0[0m
[0mGET /api/salon/service-by-gender?Gender=M [36m304[0m 7.739 ms - -[0m
[0mOPTIONS /api/auth/seller/profile-details [32m204[0m 2.072 ms - 0[0m
[0mOPTIONS /api/salon/service-list?limit=20&page=1 [32m204[0m 0.296 ms - 0[0m
[0mGET /api/auth/seller/profile-details [36m304[0m 28.431 ms - -[0m
[0mGET /api/salon/service-list?limit=20&page=1 [36m304[0m 31.391 ms - -[0m
[0mGET /api/auth/seller/profile-details [36m304[0m 4.120 ms - -[0m
[0mOPTIONS /api/location/city/list [32m204[0m 0.372 ms - 0[0m
[0mGET /api/location/city/list [36m304[0m 7.799 ms - -[0m
[0mGET /api/location/city/list [36m304[0m 4.379 ms - -[0m
[0mOPTIONS /api/auth/seller/profile-details [32m204[0m 1.827 ms - 0[0m
[0mOPTIONS /api/salon/service-list?limit=20&page=1 [32m204[0m 0.961 ms - 0[0m
[0mGET /api/auth/seller/profile-details [36m304[0m 63.428 ms - -[0m
[0mGET /api/salon/service-list?limit=20&page=1 [36m304[0m 73.236 ms - -[0m
[0mOPTIONS /api/location/city/list [32m204[0m 2.148 ms - 0[0m
[0mOPTIONS /api/location/city/list [32m204[0m 0.918 ms - 0[0m
[0mGET /api/auth/seller/profile-details [36m304[0m 39.537 ms - -[0m
[0mGET /api/location/city/list [36m304[0m 23.054 ms - -[0m
[0mGET /api/location/city/list [36m304[0m 3.011 ms - -[0m
[0mOPTIONS /api/salon/service-by-gender?Gender=M [32m204[0m 1.140 ms - 0[0m
[0mGET /api/salon/service-by-gender?Gender=M [36m304[0m 22.036 ms - -[0m
[0mOPTIONS /api/auth/seller/profile-details [32m204[0m 11.463 ms - 0[0m
[0mOPTIONS /api/salon/service-list?limit=20&page=1 [32m204[0m 0.317 ms - 0[0m
[0mGET /api/auth/seller/profile-details [36m304[0m 18.997 ms - -[0m
[0mGET /api/salon/service-list?limit=20&page=1 [36m304[0m 19.249 ms - -[0m
[0mGET /api/auth/seller/profile-details [36m304[0m 13.542 ms - -[0m
[0mOPTIONS /api/location/city/list [32m204[0m 0.672 ms - 0[0m
[0mOPTIONS /api/location/city/list [32m204[0m 1.157 ms - 0[0m
[0mGET /api/location/city/list [36m304[0m 5.992 ms - -[0m
[0mGET /api/location/city/list [36m304[0m 2.548 ms - -[0m
[0mOPTIONS /api/auth/seller/profile-details [32m204[0m 1.311 ms - 0[0m
[0mOPTIONS /api/salon/service-list?limit=20&page=1 [32m204[0m 1.718 ms - 0[0m
[0mGET /api/auth/seller/profile-details [36m304[0m 22.955 ms - -[0m
[0mGET /api/salon/service-list?limit=20&page=1 [36m304[0m 15.248 ms - -[0m
[0mGET /api/auth/seller/profile-details [36m304[0m 19.796 ms - -[0m
[0mOPTIONS /api/location/city/list [32m204[0m 1.353 ms - 0[0m
[0mOPTIONS /api/location/city/list [32m204[0m 0.230 ms - 0[0m
[0mGET /api/location/city/list [36m304[0m 6.217 ms - -[0m
[0mGET /api/location/city/list [36m304[0m 3.007 ms - -[0m
[0mOPTIONS /api/salon/service-by-gender?Gender=M [32m204[0m 1.157 ms - 0[0m
[0mGET /api/salon/service-by-gender?Gender=M [36m304[0m 22.677 ms - -[0m
[0mOPTIONS /api/auth/seller/profile-details [32m204[0m 2.341 ms - 0[0m
[0mOPTIONS /api/auth/seller/profile-details [32m204[0m 0.771 ms - 0[0m
[0mOPTIONS /api/salon/service-list?limit=20&page=1 [32m204[0m 0.469 ms - 0[0m
[0mOPTIONS /api/location/city/list [32m204[0m 1.399 ms - 0[0m
[0mOPTIONS /api/location/city/list [32m204[0m 0.552 ms - 0[0m
[0mGET /api/auth/seller/profile-details [36m304[0m 49.130 ms - -[0m
[0mGET /api/location/city/list [36m304[0m 39.825 ms - -[0m
[0mGET /api/location/city/list [36m304[0m 2.592 ms - -[0m
[0mGET /api/salon/service-list?limit=20&page=1 [36m304[0m 66.756 ms - -[0m
[0mGET /api/auth/seller/profile-details [36m304[0m 15.674 ms - -[0m
[0mOPTIONS /api/salon/service-by-gender?Gender=M [32m204[0m 0.612 ms - 0[0m
[0mGET /api/salon/service-by-gender?Gender=M [36m304[0m 9.989 ms - -[0m
[0mOPTIONS /api/auth/seller/profile-details [32m204[0m 4.356 ms - 0[0m
[0mGET /api/auth/seller/profile-details [36m304[0m 5.404 ms - -[0m
[0mOPTIONS /api/location/city/list [32m204[0m 0.308 ms - 0[0m
[0mOPTIONS /api/location/city/list [32m204[0m 0.123 ms - 0[0m
[0mGET /api/location/city/list [36m304[0m 2.951 ms - -[0m
[0mGET /api/location/city/list [36m304[0m 2.206 ms - -[0m
[0mOPTIONS /api/auth/seller/login [32m204[0m 5.757 ms - 0[0m
[0mPOST /api/auth/seller/login [32m200[0m 273.758 ms - 211[0m
[0mOPTIONS /api/auth/seller/profile-details [32m204[0m 0.474 ms - 0[0m
[0mOPTIONS /api/seller/dasbhoard/list [32m204[0m 0.294 ms - 0[0m
[0mGET /api/auth/seller/profile-details [32m200[0m 9.993 ms - 160[0m
[0mGET /api/seller/dasbhoard/list [32m200[0m 33.898 ms - 59[0m
[0mOPTIONS /api/salon/category-list?limit=20&page=1 [32m204[0m 0.273 ms - 0[0m
[0mGET /api/auth/seller/profile-details [36m304[0m 8.948 ms - -[0m
[0mGET /api/salon/category-list?limit=20&page=1 [36m304[0m 11.394 ms - -[0m
[0mOPTIONS /api/salon/category-list?limit=20&page=1&gender=M [32m204[0m 0.422 ms - 0[0m
[0mGET /api/salon/category-list?limit=20&page=1&gender=M [32m200[0m 6.872 ms - 5039[0m
[0mOPTIONS /api/auth/seller/profile-details [32m204[0m 0.386 ms - 0[0m
[0mOPTIONS /api/salon/service-list?limit=20&page=1 [32m204[0m 0.883 ms - 0[0m
[0mGET /api/auth/seller/profile-details [36m304[0m 8.620 ms - -[0m
[0mGET /api/salon/service-list?limit=20&page=1 [36m304[0m 22.801 ms - -[0m
[0mOPTIONS /api/salon/service-list?limit=20&page=1&gender=M [32m204[0m 2.840 ms - 0[0m
[0mGET /api/salon/service-list?limit=20&page=1&gender=M [32m200[0m 18.152 ms - 11050[0m
[0mOPTIONS /api/salon/service-list?limit=20&page=1&gender=F [32m204[0m 0.847 ms - 0[0m
[0mGET /api/salon/service-list?limit=20&page=1&gender=F [32m200[0m 11.410 ms - 12683[0m
[0mOPTIONS /api/auth/seller/profile-details [32m204[0m 0.355 ms - 0[0m
[0mGET /api/auth/seller/profile-details [36m304[0m 3.791 ms - -[0m
[0mOPTIONS /api/salon/service-list?limit=20&page=1 [32m204[0m 0.399 ms - 0[0m
[0mGET /api/salon/service-list?limit=20&page=1 [36m304[0m 6.283 ms - -[0m
[0mOPTIONS /api/auth/seller/profile-details [32m204[0m 1.254 ms - 0[0m
[0mOPTIONS /api/salon/list-by-id [32m204[0m 0.224 ms - 0[0m
[0mGET /api/auth/seller/profile-details [36m304[0m 17.260 ms - -[0m
[0mGET /api/salon/list-by-id [36m304[0m 56.446 ms - -[0m
[0mGET /api/auth/seller/profile-details [36m304[0m 2.589 ms - -[0m
[0mOPTIONS /api/location/city/list [32m204[0m 0.261 ms - 0[0m
[0mOPTIONS /api/location/city/list [32m204[0m 0.219 ms - 0[0m
[0mGET /api/location/city/list [36m304[0m 6.263 ms - -[0m
[0mGET /api/location/city/list [36m304[0m 2.494 ms - -[0m
[0mOPTIONS /api/salon/service-by-gender?Gender=M [32m204[0m 0.312 ms - 0[0m
[0mGET /api/salon/service-by-gender?Gender=M [36m304[0m 10.061 ms - -[0m
[0mOPTIONS /api/auth/seller/profile-details [32m204[0m 2.474 ms - 0[0m
[0mOPTIONS /api/salon/service-list?limit=20&page=1 [32m204[0m 0.245 ms - 0[0m
[0mGET /api/auth/seller/profile-details [36m304[0m 16.748 ms - -[0m
[0mGET /api/salon/service-list?limit=20&page=1 [36m304[0m 32.717 ms - -[0m
[0mGET /api/auth/seller/profile-details [36m304[0m 8.212 ms - -[0m
[0mGET /api/salon/service-list?limit=20&page=1 [36m304[0m 7.151 ms - -[0m
[0mOPTIONS /api/salon/filter/category-gender [32m204[0m 0.299 ms - 0[0m
[0mPOST /api/salon/filter/category-gender [32m200[0m 7.535 ms - 4976[0m
[0mOPTIONS /api/auth/seller/profile-details [32m204[0m 1.245 ms - 0[0m
[0mOPTIONS /api/salon/service-list?limit=20&page=1 [32m204[0m 0.370 ms - 0[0m
[0mOPTIONS /api/auth/seller/profile-details [32m204[0m 0.265 ms - 0[0m
[0mOPTIONS /api/salon/list-by-id [32m204[0m 0.161 ms - 0[0m
[0mGET /api/auth/seller/profile-details [36m304[0m 40.047 ms - -[0m
[0mGET /api/salon/list-by-id [36m304[0m 45.343 ms - -[0m
[0mGET /api/auth/seller/profile-details [36m304[0m 4.509 ms - -[0m
[0mGET /api/salon/list-by-id [36m304[0m 17.175 ms - -[0m
[0mGET /api/auth/seller/profile-details [36m304[0m 5.936 ms - -[0m
[0mOPTIONS /api/location/city/list [32m204[0m 0.252 ms - 0[0m
[0mOPTIONS /api/location/city/list [32m204[0m 0.149 ms - 0[0m
[0mGET /api/location/city/list [36m304[0m 4.174 ms - -[0m
[0mGET /api/location/city/list [36m304[0m 3.147 ms - -[0m
[0mOPTIONS /api/auth/seller/profile-details [32m204[0m 0.691 ms - 0[0m
[0mOPTIONS /api/salon/service-list?limit=20&page=1 [32m204[0m 0.204 ms - 0[0m
[0mGET /api/auth/seller/profile-details [36m304[0m 15.598 ms - -[0m
[0mGET /api/salon/service-list?limit=20&page=1 [36m304[0m 30.723 ms - -[0m
[0mOPTIONS /api/auth/seller/profile-details [32m204[0m 0.858 ms - 0[0m
[0mGET /api/auth/seller/profile-details [36m304[0m 3.748 ms - -[0m
[0mOPTIONS /api/salon/service-list?limit=20&page=1 [32m204[0m 0.279 ms - 0[0m
[0mGET /api/salon/service-list?limit=20&page=1 [36m304[0m 6.768 ms - -[0m
[0mOPTIONS /api/salon/filter/category-gender [32m204[0m 0.697 ms - 0[0m
[0mPOST /api/salon/filter/category-gender [32m200[0m 4.677 ms - 4976[0m
[0mOPTIONS /api/auth/seller/profile-details [32m204[0m 0.484 ms - 0[0m
[0mOPTIONS /api/salon/list-by-id [32m204[0m 0.238 ms - 0[0m
[0mGET /api/auth/seller/profile-details [36m304[0m 12.446 ms - -[0m
[0mGET /api/salon/list-by-id [36m304[0m 24.420 ms - -[0m
[0mGET /api/auth/seller/profile-details [36m304[0m 4.484 ms - -[0m
[0mOPTIONS /api/location/city/list [32m204[0m 0.249 ms - 0[0m
[0mOPTIONS /api/location/city/list [32m204[0m 0.139 ms - 0[0m
[0mGET /api/location/city/list [36m304[0m 3.322 ms - -[0m
[0mGET /api/location/city/list [36m304[0m 2.393 ms - -[0m
[0mOPTIONS /api/salon/service-by-gender?Gender=M [32m204[0m 0.367 ms - 0[0m
[0mGET /api/salon/service-by-gender?Gender=M [36m304[0m 11.529 ms - -[0m
[0mOPTIONS /api/auth/seller/profile-details [32m204[0m 1.267 ms - 0[0m
[0mOPTIONS /api/salon/category-list?limit=20&page=1 [32m204[0m 0.312 ms - 0[0m
[0mGET /api/auth/seller/profile-details [36m304[0m 20.956 ms - -[0m
[0mGET /api/salon/category-list?limit=20&page=1 [36m304[0m 17.582 ms - -[0m
[0mOPTIONS /api/salon/service-list?limit=20&page=1 [32m204[0m 0.209 ms - 0[0m
[0mGET /api/auth/seller/profile-details [36m304[0m 4.293 ms - -[0m
[0mGET /api/salon/service-list?limit=20&page=1 [36m304[0m 8.315 ms - -[0m
[0mOPTIONS /api/auth/seller/profile-details [32m204[0m 0.741 ms - 0[0m
[0mOPTIONS /api/salon/list-by-id [32m204[0m 0.200 ms - 0[0m
[0mGET /api/auth/seller/profile-details [36m304[0m 8.635 ms - -[0m
[0mGET /api/salon/list-by-id [36m304[0m 24.986 ms - -[0m
[0mGET /api/auth/seller/profile-details [36m304[0m 4.030 ms - -[0m
[0mOPTIONS /api/location/city/list [32m204[0m 0.227 ms - 0[0m
[0mOPTIONS /api/location/city/list [32m204[0m 0.113 ms - 0[0m
[0mGET /api/location/city/list [36m304[0m 2.079 ms - -[0m
[0mGET /api/location/city/list [36m304[0m 1.143 ms - -[0m
[0mOPTIONS /api/salon/service-by-gender?Gender=M [32m204[0m 0.255 ms - 0[0m
[0mGET /api/salon/service-by-gender?Gender=M [36m304[0m 9.404 ms - -[0m
[0mOPTIONS /api/auth/seller/profile-details [32m204[0m 0.489 ms - 0[0m
[0mOPTIONS /api/salon/service-list?limit=20&page=1 [32m204[0m 0.220 ms - 0[0m
[0mGET /api/auth/seller/profile-details [36m304[0m 5.840 ms - -[0m
[0mGET /api/salon/service-list?limit=20&page=1 [36m304[0m 9.574 ms - -[0m
[0mGET /api/auth/seller/profile-details [36m304[0m 2.839 ms - -[0m
[0mGET /api/salon/service-list?limit=20&page=1 [36m304[0m 8.953 ms - -[0m
[0mOPTIONS /api/auth/seller/profile-details [32m204[0m 0.531 ms - 0[0m
[0mOPTIONS /api/salon/list-by-id [32m204[0m 0.427 ms - 0[0m
[0mGET /api/auth/seller/profile-details [36m304[0m 5.684 ms - -[0m
[0mGET /api/salon/list-by-id [36m304[0m 16.944 ms - -[0m
[0mOPTIONS /api/auth/seller/profile-details [32m204[0m 0.365 ms - 0[0m
[0mGET /api/auth/seller/profile-details [36m304[0m 4.273 ms - -[0m
[0mOPTIONS /api/location/city/list [32m204[0m 0.259 ms - 0[0m
[0mOPTIONS /api/location/city/list [32m204[0m 0.192 ms - 0[0m
[0mGET /api/location/city/list [36m304[0m 1.819 ms - -[0m
[0mGET /api/location/city/list [36m304[0m 3.704 ms - -[0m
[0mOPTIONS /api/salon/service-by-gender?Gender=M [32m204[0m 0.266 ms - 0[0m
[0mGET /api/salon/service-by-gender?Gender=M [36m304[0m 7.300 ms - -[0m
[0mOPTIONS /api/auth/seller/profile-details [32m204[0m 1.240 ms - 0[0m
[0mOPTIONS /api/salon/service-list?limit=20&page=1 [32m204[0m 0.192 ms - 0[0m
[0mGET /api/auth/seller/profile-details [36m304[0m 23.788 ms - -[0m
[0mGET /api/salon/service-list?limit=20&page=1 [36m304[0m 27.633 ms - -[0m
[0mOPTIONS /api/auth/seller/profile-details [32m204[0m 0.305 ms - 0[0m
[0mGET /api/auth/seller/profile-details [36m304[0m 4.434 ms - -[0m
[0mOPTIONS /api/salon/service-list?limit=20&page=1 [32m204[0m 0.517 ms - 0[0m
[0mGET /api/salon/service-list?limit=20&page=1 [36m304[0m 4.777 ms - -[0m
[0mOPTIONS /api/auth/seller/profile-details [32m204[0m 4.065 ms - 0[0m
[0mOPTIONS /api/salon/service-list?limit=20&page=1 [32m204[0m 0.280 ms - 0[0m
[0mGET /api/auth/seller/profile-details [36m304[0m 12.134 ms - -[0m
[0mGET /api/salon/service-list?limit=20&page=1 [36m304[0m 13.892 ms - -[0m
[0mOPTIONS /api/salon/service-list?limit=20&page=1&gender=F [32m204[0m 0.305 ms - 0[0m
[0mGET /api/salon/service-list?limit=20&page=1&gender=F [36m304[0m 5.951 ms - -[0m
[0mOPTIONS /api/auth/seller/profile-details [32m204[0m 0.298 ms - 0[0m
[0mOPTIONS /api/salon/list-by-id [32m204[0m 0.113 ms - 0[0m
[0mGET /api/auth/seller/profile-details [36m304[0m 7.608 ms - -[0m
[0mGET /api/salon/list-by-id [36m304[0m 17.419 ms - -[0m
[0mGET /api/auth/seller/profile-details [36m304[0m 7.836 ms - -[0m
[0mOPTIONS /api/location/city/list [32m204[0m 0.242 ms - 0[0m
[0mOPTIONS /api/location/city/list [32m204[0m 0.172 ms - 0[0m
[0mGET /api/location/city/list [36m304[0m 1.741 ms - -[0m
[0mGET /api/location/city/list [36m304[0m 1.308 ms - -[0m
[0mOPTIONS /api/salon/service-by-gender?Gender=M [32m204[0m 0.445 ms - 0[0m
[0mGET /api/salon/service-by-gender?Gender=M [36m304[0m 6.209 ms - -[0m
[0mOPTIONS /api/auth/seller/profile-details [32m204[0m 0.950 ms - 0[0m
[0mGET /api/auth/seller/profile-details [36m304[0m 5.662 ms - -[0m
[0mOPTIONS /api/location/city/list [32m204[0m 0.261 ms - 0[0m
[0mOPTIONS /api/location/city/list [32m204[0m 0.184 ms - 0[0m
[0mGET /api/location/city/list [36m304[0m 2.170 ms - -[0m
[0mGET /api/location/city/list [36m304[0m 2.426 ms - -[0m
[0mOPTIONS /api/auth/seller/profile-details [32m204[0m 0.243 ms - 0[0m
[0mGET /api/auth/seller/profile-details [36m304[0m 1.908 ms - -[0m
[0mOPTIONS /api/location/city/list [32m204[0m 0.251 ms - 0[0m
[0mOPTIONS /api/location/city/list [32m204[0m 0.124 ms - 0[0m
[0mGET /api/location/city/list [36m304[0m 4.452 ms - -[0m
[0mGET /api/location/city/list [36m304[0m 4.358 ms - -[0m
[0mOPTIONS /api/auth/seller/profile-details [32m204[0m 1.371 ms - 0[0m
[0mGET /api/auth/seller/profile-details [36m304[0m 13.060 ms - -[0m
[0mOPTIONS /api/location/city/list [32m204[0m 0.300 ms - 0[0m
[0mOPTIONS /api/location/city/list [32m204[0m 0.162 ms - 0[0m
[0mGET /api/location/city/list [36m304[0m 1.795 ms - -[0m
[0mGET /api/location/city/list [36m304[0m 0.927 ms - -[0m
[0mOPTIONS /api/auth/seller/profile-details [32m204[0m 1.151 ms - 0[0m
[0mOPTIONS /api/location/city/list [32m204[0m 0.232 ms - 0[0m
[0mOPTIONS /api/location/city/list [32m204[0m 0.174 ms - 0[0m
[0mGET /api/auth/seller/profile-details [36m304[0m 7.145 ms - -[0m
[0mGET /api/location/city/list [36m304[0m 4.757 ms - -[0m
[0mGET /api/location/city/list [36m304[0m 2.748 ms - -[0m
[0mOPTIONS /api/salon/service-by-gender?Gender=M [32m204[0m 0.556 ms - 0[0m
[0mGET /api/salon/service-by-gender?Gender=M [36m304[0m 12.151 ms - -[0m
[0mOPTIONS /api/auth/seller/profile-details [32m204[0m 2.992 ms - 0[0m
[0mOPTIONS /api/location/city/list [32m204[0m 0.586 ms - 0[0m
[0mOPTIONS /api/location/city/list [32m204[0m 0.349 ms - 0[0m
[0mGET /api/auth/seller/profile-details [32m200[0m 41.427 ms - 160[0m
[0mGET /api/location/city/list [32m200[0m 32.596 ms - 302[0m
[0mGET /api/location/city/list [32m200[0m 33.423 ms - 302[0m
[0mOPTIONS /api/salon/service-by-gender?Gender=M [32m204[0m 0.306 ms - 0[0m
[0mGET /api/salon/service-by-gender?Gender=M [36m304[0m 8.823 ms - -[0m
[0mOPTIONS /api/auth/seller/profile-details [32m204[0m 1.404 ms - 0[0m
[0mOPTIONS /api/location/city/list [32m204[0m 1.643 ms - 0[0m
[0mOPTIONS /api/location/city/list [32m204[0m 0.234 ms - 0[0m
[0mGET /api/auth/seller/profile-details [32m200[0m 10.752 ms - 160[0m
[0mGET /api/location/city/list [32m200[0m 5.050 ms - 302[0m
[0mGET /api/location/city/list [32m200[0m 4.962 ms - 302[0m
[0mOPTIONS /api/salon/service-by-gender?Gender=F [32m204[0m 1.589 ms - 0[0m
[0mGET /api/salon/service-by-gender?Gender=F [32m200[0m 24.052 ms - 15513[0m
[0mOPTIONS /api/salon/service-by-gender?Gender=M [32m204[0m 0.310 ms - 0[0m
[0mGET /api/salon/service-by-gender?Gender=M [36m304[0m 23.264 ms - -[0m
[0mOPTIONS /api/auth/seller/profile-details [32m204[0m 0.256 ms - 0[0m
[0mOPTIONS /api/location/city/list [32m204[0m 0.173 ms - 0[0m
[0mOPTIONS /api/location/city/list [32m204[0m 0.121 ms - 0[0m
[0mGET /api/location/city/list [36m304[0m 8.398 ms - -[0m
[0mGET /api/auth/seller/profile-details [36m304[0m 7.285 ms - -[0m
[0mGET /api/location/city/list [36m304[0m 2.068 ms - -[0m
