[0mOPTIONS /api/order/notifications [32m204[0m 3.751 ms - 0[0m
[0mGET /api/order/notifications [36m304[0m 101.236 ms - -[0m
[0mOPTIONS /api/order/notifications [32m204[0m 12.061 ms - 0[0m
[0mGET /api/order/notifications [36m304[0m 78.740 ms - -[0m
[0mOPTIONS /api/order/notifications [32m204[0m 4.861 ms - 0[0m
[0mGET /api/order/notifications [36m304[0m 79.447 ms - -[0m
[0mOPTIONS /api/auth/rootLogin [32m204[0m 4.184 ms - 0[0m
[0mPOST /api/auth/rootLogin [32m200[0m 297.280 ms - 211[0m
[0mOPTIONS /api/order/notifications [32m204[0m 0.356 ms - 0[0m
[0mOPTIONS /api/order/list [32m204[0m 0.193 ms - 0[0m
[0mOPTIONS /api/order/count [32m204[0m 0.134 ms - 0[0m
[0mGET /api/order/count [36m304[0m 25.754 ms - -[0m
[0mGET /api/order/notifications [36m304[0m 49.521 ms - -[0m
[0mPOST /api/order/list [32m200[0m 61.108 ms - 10815[0m
[0mOPTIONS /api/order/notifications [32m204[0m 0.581 ms - 0[0m
[0mOPTIONS /api/order/list [32m204[0m 0.316 ms - 0[0m
[0mOPTIONS /api/order/count [32m204[0m 0.545 ms - 0[0m
[0mGET /api/order/count [36m304[0m 8.159 ms - -[0m
[0mPOST /api/order/list [32m200[0m 17.294 ms - 10815[0m
[0mGET /api/order/notifications [36m304[0m 22.796 ms - -[0m
[0mOPTIONS /api/location/list [32m204[0m 0.569 ms - 0[0m
[0mGET /api/location/list [32m200[0m 7.009 ms - 1949[0m
[0mGET /api/order/notifications [36m304[0m 20.533 ms - -[0m
[0mOPTIONS /api/order/notifications [32m204[0m 0.549 ms - 0[0m
[0mGET /api/order/notifications [36m304[0m 19.057 ms - -[0m
