[0mOPTIONS /api/order/notifications [32m204 [0m11.085 ms - 0[0m
[0mOPTIONS /api/order/list [32m204 [0m14.493 ms - 0[0m
[0mOPTIONS /api/order/count [32m204 [0m10.443 ms - 0[0m
[0mGET /api/order/count [36m304 [0m50.559 ms - -[0m
[0mPOST /api/order/list [32m200 [0m82.984 ms - 8694[0m
[0mGET /api/order/notifications [36m304 [0m113.709 ms - -[0m
[0mOPTIONS /api/order/notifications [32m204 [0m0.884 ms - 0[0m
[0mOPTIONS /api/seller/all-product-list?limit=20&page=1 [32m204 [0m0.345 ms - 0[0m
[0mGET /api/order/notifications [36m304 [0m28.190 ms - -[0m
[0mGET /api/seller/all-product-list?limit=20&page=1 [36m304 [0m74.167 ms - -[0m
[0mOPTIONS /api/seller/history-product?limit=20&page=1 [32m204 [0m0.394 ms - 0[0m
[0mGET /api/seller/history-product?limit=20&page=1 [32m200 [0m49.229 ms - 34310[0m
[0mGET /api/order/notifications [36m304 [0m51.277 ms - -[0m
[0mOPTIONS /api/seller/history-product?limit=20&page=5 [32m204 [0m1.288 ms - 0[0m
[0mGET /api/seller/history-product?limit=20&page=5 [32m200 [0m94.799 ms - 208497[0m
[0mOPTIONS /api/seller/history-product?limit=20&page=5&searchString=Oppo+A53+fancy+white [32m204 [0m0.551 ms - 0[0m
[0mGET /api/seller/history-product?limit=20&page=5&searchString=Oppo+A53+fancy+white [32m200 [0m35.113 ms - 62[0m
[0mOPTIONS /api/order/notifications [32m204 [0m2.807 ms - 0[0m
[0mOPTIONS /api/seller/history-product?limit=20&page=5 [32m204 [0m1.602 ms - 0[0m
[0mGET /api/seller/history-product?limit=20&page=5 [31m500 [0m73.698 ms - 3180[0m
[0mGET /api/order/notifications [36m304 [0m93.203 ms - -[0m
[0mOPTIONS /api/order/notifications [32m204 [0m3.084 ms - 0[0m
[0mOPTIONS /api/seller/history-product?limit=20&page=5 [32m204 [0m1.042 ms - 0[0m
[0mGET /api/seller/history-product?limit=20&page=5 [31m500 [0m39.368 ms - 3180[0m
[0mGET /api/order/notifications [36m304 [0m56.809 ms - -[0m
[0mOPTIONS /api/order/notifications [32m204 [0m28.324 ms - 0[0m
[0mOPTIONS /api/seller/history-product?limit=20&page=1 [32m204 [0m18.503 ms - 0[0m
[0mGET /api/seller/history-product?limit=20&page=1 [31m500 [0m74.622 ms - 3180[0m
[0mGET /api/order/notifications [36m304 [0m93.462 ms - -[0m
[0mOPTIONS /api/order/notifications [32m204 [0m7.975 ms - 0[0m
[0mOPTIONS /api/seller/history-product?limit=20&page=1 [32m204 [0m7.933 ms - 0[0m
[0mGET /api/order/notifications [32m200 [0m62.263 ms - 36[0m
[0mGET /api/seller/history-product?limit=20&page=1 [32m200 [0m59.321 ms - 62[0m
[0mOPTIONS /api/order/notifications [32m204 [0m4.156 ms - 0[0m
[0mOPTIONS /api/seller/history-product?limit=20&page=1 [32m204 [0m2.822 ms - 0[0m
[0mGET /api/order/notifications [36m304 [0m72.586 ms - -[0m
[0mGET /api/seller/history-product?limit=20&page=1 [32m200 [0m74.865 ms - 34310[0m
[0mOPTIONS /api/order/notifications [32m204 [0m3.860 ms - 0[0m
[0mOPTIONS /api/seller/history-product?limit=20&page=1 [32m204 [0m1.987 ms - 0[0m
[0mGET /api/order/notifications [36m304 [0m80.508 ms - -[0m
[0mGET /api/seller/history-product?limit=20&page=1 [36m304 [0m96.161 ms - -[0m
[0mOPTIONS /api/seller/history-product?limit=20&page=1&searchString=Water+pumps [32m204 [0m2.663 ms - 0[0m
[0mGET /api/seller/history-product?limit=20&page=1&searchString=Water+pumps [32m200 [0m68.574 ms - 1606[0m
[0mOPTIONS /api/order/notifications [32m204 [0m3.565 ms - 0[0m
[0mOPTIONS /api/seller/history-product?limit=20&page=1 [32m204 [0m3.031 ms - 0[0m
[0mGET /api/seller/history-product?limit=20&page=1 [36m304 [0m75.946 ms - -[0m
[0mGET /api/order/notifications [36m304 [0m84.763 ms - -[0m
[0mOPTIONS /api/order/notifications [32m204 [0m0.816 ms - 0[0m
[0mOPTIONS /api/seller/history-product?limit=20&page=1 [32m204 [0m0.663 ms - 0[0m
[0mGET /api/seller/history-product?limit=20&page=1 [36m304 [0m48.346 ms - -[0m
[0mGET /api/order/notifications [36m304 [0m46.616 ms - -[0m
[0mOPTIONS /api/seo/list [32m204 [0m0.340 ms - 0[0m
[0mPOST /api/seo/list [32m200 [0m7.709 ms - 1799[0m
[0mGET /api/order/notifications [36m304 [0m19.376 ms - -[0m
[0mOPTIONS /api/seller/history-product?limit=20&page=1&searchString=6132 [32m204 [0m0.715 ms - 0[0m
[0mGET /api/seller/history-product?limit=20&page=1&searchString=6132 [32m200 [0m22.188 ms - 62[0m
[0mOPTIONS /api/order/notifications [32m204 [0m1.141 ms - 0[0m
[0mOPTIONS /api/seller/history-product?limit=20&page=1 [32m204 [0m0.576 ms - 0[0m
[0mGET /api/seller/history-product?limit=20&page=1 [36m304 [0m53.905 ms - -[0m
[0mGET /api/order/notifications [36m304 [0m57.187 ms - -[0m
[0mOPTIONS /api/order/notifications [32m204 [0m1.272 ms - 0[0m
[0mOPTIONS /api/seo/list [32m204 [0m0.355 ms - 0[0m
[0mPOST /api/seo/list [32m200 [0m18.503 ms - 1799[0m
[0mGET /api/order/notifications [36m304 [0m46.047 ms - -[0m
[0mOPTIONS /api/seller/history-product?limit=20&page=1&searchString=6132 [32m204 [0m2.861 ms - 0[0m
[0mGET /api/seller/history-product?limit=20&page=1&searchString=6132 [36m304 [0m42.578 ms - -[0m
[0mOPTIONS /api/order/notifications [32m204 [0m0.754 ms - 0[0m
[0mOPTIONS /api/seller/history-product?limit=20&page=1 [32m204 [0m0.622 ms - 0[0m
[0mGET /api/seller/history-product?limit=20&page=1 [36m304 [0m76.418 ms - -[0m
[0mGET /api/order/notifications [36m304 [0m88.070 ms - -[0m
[0mOPTIONS /api/seller/history-product?limit=20&page=1&searchString=6132 [32m204 [0m0.671 ms - 0[0m
[0mGET /api/seller/history-product?limit=20&page=1&searchString=6132 [36m304 [0m31.041 ms - -[0m
[0mOPTIONS /api/order/notifications [32m204 [0m28.942 ms - 0[0m
[0mOPTIONS /api/seller/history-product?limit=20&page=1 [32m204 [0m5.918 ms - 0[0m
[0mGET /api/order/notifications [36m304 [0m108.852 ms - -[0m
[0mGET /api/seller/history-product?limit=20&page=1 [36m304 [0m100.872 ms - -[0m
[0mOPTIONS /api/seo/list [32m204 [0m0.556 ms - 0[0m
[0mPOST /api/seo/list [32m200 [0m21.252 ms - 1799[0m
[0mGET /api/order/notifications [36m304 [0m34.326 ms - -[0m
[0mOPTIONS /api/seller/history-product?limit=20&page=1&searchString=w [32m204 [0m0.659 ms - 0[0m
[0mGET /api/seller/history-product?limit=20&page=1&searchString=w [32m200 [0m64.723 ms - 45336[0m
[0mOPTIONS /api/seller/history-product?limit=20&page=1&searchString=wa [32m204 [0m0.488 ms - 0[0m
[0mGET /api/seller/history-product?limit=20&page=1&searchString=wa [32m200 [0m34.082 ms - 46071[0m
[0mOPTIONS /api/seller/history-product?limit=20&page=1&searchString=wat [32m204 [0m0.460 ms - 0[0m
[0mGET /api/seller/history-product?limit=20&page=1&searchString=wat [32m200 [0m51.287 ms - 92982[0m
[0mOPTIONS /api/seller/history-product?limit=20&page=1&searchString=wate [32m204 [0m0.613 ms - 0[0m
[0mGET /api/seller/history-product?limit=20&page=1&searchString=wate [32m200 [0m43.459 ms - 85084[0m
[0mOPTIONS /api/seller/history-product?limit=20&page=1&searchString=water [32m204 [0m0.363 ms - 0[0m
[0mGET /api/seller/history-product?limit=20&page=1&searchString=water [32m200 [0m36.625 ms - 85084[0m
[0mOPTIONS /api/seller/history-product?limit=20&page=1&searchString=water+ [32m204 [0m0.485 ms - 0[0m
[0mGET /api/seller/history-product?limit=20&page=1&searchString=water+ [32m200 [0m49.658 ms - 85084[0m
[0mOPTIONS /api/seller/history-product?limit=20&page=1&searchString=water+p [32m204 [0m0.797 ms - 0[0m
[0mGET /api/seller/history-product?limit=20&page=1&searchString=water+p [32m200 [0m30.148 ms - 15308[0m
[0mOPTIONS /api/seller/history-product?limit=20&page=1&searchString=water+pu [32m204 [0m0.329 ms - 0[0m
[0mGET /api/seller/history-product?limit=20&page=1&searchString=water+pu [32m200 [0m29.980 ms - 13745[0m
[0mOPTIONS /api/seller/history-product?limit=20&page=1&searchString=water+pum [32m204 [0m0.310 ms - 0[0m
[0mGET /api/seller/history-product?limit=20&page=1&searchString=water+pum [32m200 [0m21.471 ms - 1606[0m
[0mOPTIONS /api/seller/history-product?limit=20&page=1&searchString=water+pump [32m204 [0m0.462 ms - 0[0m
[0mGET /api/seller/history-product?limit=20&page=1&searchString=water+pump [32m200 [0m23.625 ms - 1606[0m
[0mOPTIONS /api/seller/history-product?limit=20&page=1&searchString=water+pumps [32m204 [0m0.327 ms - 0[0m
[0mGET /api/seller/history-product?limit=20&page=1&searchString=water+pumps [32m200 [0m21.809 ms - 1606[0m
[0mGET /api/seller/history-product?limit=20&page=1&searchString=water+pump [36m304 [0m31.825 ms - -[0m
[0mGET /api/seller/history-product?limit=20&page=1&searchString=water+pum [36m304 [0m21.333 ms - -[0m
[0mGET /api/seller/history-product?limit=20&page=1&searchString=water+pu [36m304 [0m21.844 ms - -[0m
[0mOPTIONS /api/seller/history-product?limit=20&page=1&searchString=water+p [32m204 [0m0.320 ms - 0[0m
[0mGET /api/seller/history-product?limit=20&page=1&searchString=water+p [36m304 [0m26.276 ms - -[0m
[0mOPTIONS /api/seller/history-product?limit=20&page=1&searchString=water+ [32m204 [0m0.363 ms - 0[0m
[0mGET /api/seller/history-product?limit=20&page=1&searchString=water+ [36m304 [0m43.739 ms - -[0m
[0mOPTIONS /api/seller/history-product?limit=20&page=1&searchString=water [32m204 [0m0.292 ms - 0[0m
[0mGET /api/seller/history-product?limit=20&page=1&searchString=water [36m304 [0m57.710 ms - -[0m
[0mOPTIONS /api/seller/history-product?limit=20&page=1&searchString=wate [32m204 [0m0.854 ms - 0[0m
[0mGET /api/seller/history-product?limit=20&page=1&searchString=wate [36m304 [0m49.299 ms - -[0m
[0mOPTIONS /api/seller/history-product?limit=20&page=1&searchString=wat [32m204 [0m0.855 ms - 0[0m
[0mGET /api/seller/history-product?limit=20&page=1&searchString=wat [36m304 [0m45.603 ms - -[0m
[0mOPTIONS /api/seller/history-product?limit=20&page=1&searchString=wa [32m204 [0m0.294 ms - 0[0m
[0mGET /api/seller/history-product?limit=20&page=1&searchString=wa [36m304 [0m23.404 ms - -[0m
[0mOPTIONS /api/seller/history-product?limit=20&page=1&searchString=w [32m204 [0m0.340 ms - 0[0m
[0mGET /api/seller/history-product?limit=20&page=1&searchString=w [36m304 [0m24.820 ms - -[0m
[0mOPTIONS /api/seller/history-product?limit=20&page=1 [32m204 [0m0.404 ms - 0[0m
[0mGET /api/seller/history-product?limit=20&page=1 [36m304 [0m22.111 ms - -[0m
[0mOPTIONS /api/seller/history-product?limit=20&page=1&searchString=6 [32m204 [0m0.480 ms - 0[0m
[0mGET /api/seller/history-product?limit=20&page=1&searchString=6 [32m200 [0m62.682 ms - 87787[0m
[0mOPTIONS /api/seller/history-product?limit=20&page=1&searchString=61 [32m204 [0m0.362 ms - 0[0m
[0mGET /api/seller/history-product?limit=20&page=1&searchString=61 [32m200 [0m20.941 ms - 1557[0m
[0mOPTIONS /api/seller/history-product?limit=20&page=1&searchString=614 [32m204 [0m0.338 ms - 0[0m
[0mGET /api/seller/history-product?limit=20&page=1&searchString=614 [32m200 [0m22.708 ms - 62[0m
[0mOPTIONS /api/order/notifications [32m204 [0m1.150 ms - 0[0m
[0mOPTIONS /api/seller/history-product?limit=20&page=1 [32m204 [0m0.470 ms - 0[0m
[0mGET /api/order/notifications [36m304 [0m43.988 ms - -[0m
[0mGET /api/seller/history-product?limit=20&page=1 [36m304 [0m60.067 ms - -[0m
[0mOPTIONS /api/order/notifications [32m204 [0m5.556 ms - 0[0m
[0mOPTIONS /api/seller/history-product?limit=20&page=1 [32m204 [0m3.857 ms - 0[0m
[0mGET /api/order/notifications [36m304 [0m65.388 ms - -[0m
[0mGET /api/seller/history-product?limit=20&page=1 [36m304 [0m58.279 ms - -[0m
[0mOPTIONS /api/seller/history-product?limit=20&page=1&searchString=6 [32m204 [0m0.984 ms - 0[0m
[0mGET /api/seller/history-product?limit=20&page=1&searchString=6 [36m304 [0m64.733 ms - -[0m
[0mOPTIONS /api/seller/history-product?limit=20&page=1&searchString=61 [32m204 [0m0.522 ms - 0[0m
[0mGET /api/seller/history-product?limit=20&page=1&searchString=61 [36m304 [0m23.421 ms - -[0m
[0mOPTIONS /api/seller/history-product?limit=20&page=1&searchString=614 [32m204 [0m0.692 ms - 0[0m
[0mGET /api/seller/history-product?limit=20&page=1&searchString=614 [36m304 [0m21.523 ms - -[0m
[0mOPTIONS /api/order/notifications [32m204 [0m0.966 ms - 0[0m
[0mOPTIONS /api/seller/history-product?limit=20&page=1 [32m204 [0m0.474 ms - 0[0m
[0mGET /api/seller/history-product?limit=20&page=1 [36m304 [0m28.820 ms - -[0m
[0mGET /api/order/notifications [36m304 [0m31.084 ms - -[0m
[0mOPTIONS /api/order/notifications [32m204 [0m1.595 ms - 0[0m
[0mOPTIONS /api/seller/history-product?limit=20&page=1 [32m204 [0m0.859 ms - 0[0m
[0mGET /api/seller/history-product?limit=20&page=1 [36m304 [0m66.396 ms - -[0m
[0mGET /api/order/notifications [36m304 [0m64.459 ms - -[0m
[0mOPTIONS /api/seller/history-product?limit=20&page=1&searchString=6 [32m204 [0m2.541 ms - 0[0m
[0mGET /api/seller/history-product?limit=20&page=1&searchString=6 [36m304 [0m76.275 ms - -[0m
[0mOPTIONS /api/seller/history-product?limit=20&page=1&searchString=61 [32m204 [0m0.468 ms - 0[0m
[0mGET /api/seller/history-product?limit=20&page=1&searchString=61 [36m304 [0m34.407 ms - -[0m
[0mOPTIONS /api/seller/history-product?limit=20&page=1&searchString=614 [32m204 [0m1.441 ms - 0[0m
[0mGET /api/seller/history-product?limit=20&page=1&searchString=614 [36m304 [0m46.990 ms - -[0m
[0mOPTIONS /api/order/notifications [32m204 [0m2.271 ms - 0[0m
[0mOPTIONS /api/seller/history-product?limit=20&page=1 [32m204 [0m1.041 ms - 0[0m
[0mGET /api/order/notifications [36m304 [0m90.261 ms - -[0m
[0mGET /api/seller/history-product?limit=20&page=1 [36m304 [0m77.495 ms - -[0m
[0mOPTIONS /api/seller/history-product?limit=20&page=1&searchString=6145 [32m204 [0m0.906 ms - 0[0m
[0mGET /api/seller/history-product?limit=20&page=1&searchString=6145 [32m200 [0m40.750 ms - 62[0m
[0mOPTIONS /api/order/notifications [32m204 [0m5.169 ms - 0[0m
[0mOPTIONS /api/seo/list [32m204 [0m2.838 ms - 0[0m
[0mOPTIONS /api/seller/history-product?limit=20&page=1 [32m204 [0m1.215 ms - 0[0m
[0mPOST /api/seo/list [32m200 [0m30.599 ms - 1799[0m
[0mGET /api/order/notifications [36m304 [0m61.285 ms - -[0m
[0mGET /api/seller/history-product?limit=20&page=1 [36m304 [0m60.119 ms - -[0m
[0mGET /api/order/notifications [36m304 [0m31.169 ms - -[0m
[0mOPTIONS /api/seller/history-product?limit=20&page=1&searchString=6146 [32m204 [0m1.148 ms - 0[0m
[0mGET /api/seller/history-product?limit=20&page=1&searchString=6146 [32m200 [0m39.029 ms - 62[0m
[0mOPTIONS /api/order/notifications [32m204 [0m5.341 ms - 0[0m
[0mOPTIONS /api/seller/history-product?limit=20&page=1 [32m204 [0m2.655 ms - 0[0m
[0mGET /api/order/notifications [36m304 [0m77.817 ms - -[0m
[0mGET /api/seller/history-product?limit=20&page=1 [36m304 [0m72.639 ms - -[0m
[0mOPTIONS /api/seller/history-product?limit=20&page=1&searchString=6 [32m204 [0m0.655 ms - 0[0m
[0mGET /api/seller/history-product?limit=20&page=1&searchString=6 [32m200 [0m32.676 ms - 34310[0m
[0mOPTIONS /api/seller/history-product?limit=20&page=1&searchString=61 [32m204 [0m0.475 ms - 0[0m
[0mGET /api/seller/history-product?limit=20&page=1&searchString=61 [32m200 [0m23.036 ms - 34308[0m
[0mOPTIONS /api/seller/history-product?limit=20&page=1&searchString=614 [32m204 [0m0.698 ms - 0[0m
[0mGET /api/seller/history-product?limit=20&page=1&searchString=614 [32m200 [0m33.481 ms - 12478[0m
[0mOPTIONS /api/seller/history-product?limit=20&page=1&searchString=6146 [32m204 [0m0.396 ms - 0[0m
[0mGET /api/seller/history-product?limit=20&page=1&searchString=6146 [32m200 [0m23.966 ms - 1606[0m
[0mGET /api/seller/history-product?limit=20&page=1&searchString=614 [36m304 [0m33.825 ms - -[0m
[0mOPTIONS /api/seller/history-product?limit=20&page=1&searchString=61 [32m204 [0m0.913 ms - 0[0m
[0mGET /api/seller/history-product?limit=20&page=1&searchString=61 [36m304 [0m17.585 ms - -[0m
[0mOPTIONS /api/seller/history-product?limit=20&page=1&searchString=614 [32m204 [0m0.454 ms - 0[0m
[0mGET /api/seller/history-product?limit=20&page=1&searchString=614 [36m304 [0m28.749 ms - -[0m
[0mOPTIONS /api/seller/history-product?limit=20&page=1&searchString=6145 [32m204 [0m0.559 ms - 0[0m
[0mGET /api/seller/history-product?limit=20&page=1&searchString=6145 [32m200 [0m26.224 ms - 1427[0m
[0mOPTIONS /api/seller/history-product?limit=20&page=1&searchString=6131 [32m204 [0m1.732 ms - 0[0m
[0mGET /api/seller/history-product?limit=20&page=1&searchString=6131 [32m200 [0m45.713 ms - 1371[0m
[0mOPTIONS /api/auth/rootLogin [32m204 [0m4.195 ms - 0[0m
[0mPOST /api/auth/rootLogin [32m200 [0m255.423 ms - 211[0m
[0mOPTIONS /api/order/notifications [32m204 [0m0.748 ms - 0[0m
[0mOPTIONS /api/order/list [32m204 [0m0.546 ms - 0[0m
[0mOPTIONS /api/order/count [32m204 [0m0.394 ms - 0[0m
[0mGET /api/order/count [36m304 [0m23.906 ms - -[0m
[0mPOST /api/order/list [32m200 [0m45.035 ms - 8694[0m
[0mGET /api/order/notifications [36m304 [0m42.332 ms - -[0m
[0mOPTIONS /api/order/notifications [32m204 [0m0.491 ms - 0[0m
[0mOPTIONS /api/seo/list [32m204 [0m1.261 ms - 0[0m
[0mPOST /api/seo/list [32m200 [0m8.055 ms - 1717[0m
[0mGET /api/order/notifications [36m304 [0m19.242 ms - -[0m
[0mOPTIONS /api/seo/update [32m204 [0m0.740 ms - 0[0m
[0mPOST /api/seo/update [32m200 [0m18.979 ms - 44[0m
[0mOPTIONS /api/order/notifications [32m204 [0m0.363 ms - 0[0m
[0mOPTIONS /api/seo/list [32m204 [0m0.446 ms - 0[0m
[0mPOST /api/seo/list [32m200 [0m20.531 ms - 1717[0m
[0mGET /api/order/notifications [36m304 [0m36.310 ms - -[0m
[0mOPTIONS /api/order/notifications [32m204 [0m3.292 ms - 0[0m
[0mOPTIONS /api/seo/list [32m204 [0m0.489 ms - 0[0m
[0mPOST /api/seo/list [32m200 [0m51.593 ms - 1717[0m
[0mGET /api/order/notifications [36m304 [0m49.958 ms - -[0m
[0mOPTIONS /api/order/notifications [32m204 [0m1.511 ms - 0[0m
[0mOPTIONS /api/seo/list [32m204 [0m1.080 ms - 0[0m
[0mPOST /api/seo/list [32m200 [0m32.052 ms - 1717[0m
[0mGET /api/order/notifications [36m304 [0m45.529 ms - -[0m
[0mOPTIONS /api/seo/update [32m204 [0m0.544 ms - 0[0m
[0mPOST /api/seo/update [32m200 [0m17.879 ms - 44[0m
[0mOPTIONS /api/seo/update [32m204 [0m3.559 ms - 0[0m
[0mPOST /api/seo/update [32m200 [0m27.160 ms - 44[0m
[0mOPTIONS /api/order/notifications [32m204 [0m1.278 ms - 0[0m
[0mOPTIONS /api/seo/list [32m204 [0m0.425 ms - 0[0m
[0mPOST /api/seo/list [32m200 [0m32.675 ms - 1717[0m
[0mGET /api/order/notifications [36m304 [0m47.638 ms - -[0m
[0mOPTIONS /api/seo/update [32m204 [0m3.517 ms - 0[0m
[0mPOST /api/seo/update [32m200 [0m21.203 ms - 44[0m
[0mOPTIONS /api/order/notifications [32m204 [0m0.947 ms - 0[0m
[0mOPTIONS /api/seo/list [32m204 [0m0.257 ms - 0[0m
[0mPOST /api/seo/list [32m200 [0m22.663 ms - 1880[0m
[0mGET /api/order/notifications [36m304 [0m27.757 ms - -[0m
[0mOPTIONS /api/seo/update [32m204 [0m0.789 ms - 0[0m
[0mPOST /api/seo/update [32m200 [0m14.628 ms - 44[0m
[0mOPTIONS /api/order/notifications [32m204 [0m4.709 ms - 0[0m
[0mOPTIONS /api/seo/list [32m204 [0m1.201 ms - 0[0m
[0mPOST /api/seo/list [32m200 [0m27.124 ms - 1893[0m
[0mGET /api/order/notifications [36m304 [0m37.867 ms - -[0m
[0mOPTIONS /api/seo/list [32m204 [0m1.739 ms - 0[0m
[0mPOST /api/seo/list [32m200 [0m15.273 ms - 1676[0m
[0mPOST /api/seo/list [32m200 [0m10.591 ms - 1824[0m
[0mOPTIONS /api/seo/update [32m204 [0m0.524 ms - 0[0m
[0mPOST /api/seo/update [32m200 [0m9.899 ms - 44[0m
[0mOPTIONS /api/order/notifications [32m204 [0m0.525 ms - 0[0m
[0mOPTIONS /api/seo/list [32m204 [0m0.321 ms - 0[0m
[0mPOST /api/seo/list [32m200 [0m6.741 ms - 1826[0m
[0mGET /api/order/notifications [36m304 [0m22.352 ms - -[0m
[0mOPTIONS /api/seo/list [32m204 [0m0.512 ms - 0[0m
[0mPOST /api/seo/list [32m200 [0m15.970 ms - 183[0m
[0mPOST /api/seo/list [32m200 [0m6.370 ms - 2059[0m
[0mOPTIONS /api/order/notifications [32m204 [0m2.797 ms - 0[0m
[0mOPTIONS /api/seo/list [32m204 [0m1.404 ms - 0[0m
[0mPOST /api/seo/list [32m200 [0m26.368 ms - 1826[0m
[0mGET /api/order/notifications [36m304 [0m41.031 ms - -[0m
[0mOPTIONS /api/seo/list [32m204 [0m5.594 ms - 0[0m
[0mPOST /api/seo/list [32m200 [0m8.593 ms - 2056[0m
[0mOPTIONS /api/seo/list [32m204 [0m0.567 ms - 0[0m
[0mPOST /api/seo/list [32m200 [0m9.380 ms - 1824[0m
[0mOPTIONS /api/seo/update [32m204 [0m1.543 ms - 0[0m
[0mPOST /api/seo/update [32m200 [0m16.356 ms - 44[0m
[0mOPTIONS /api/order/notifications [32m204 [0m0.816 ms - 0[0m
[0mOPTIONS /api/seo/list [32m204 [0m0.339 ms - 0[0m
[0mPOST /api/seo/list [32m200 [0m30.876 ms - 1997[0m
[0mGET /api/order/notifications [36m304 [0m34.737 ms - -[0m
[0mOPTIONS /api/order/notifications [32m204 [0m4.975 ms - 0[0m
[0mOPTIONS /api/seller/all-product-list?limit=20&page=1 [32m204 [0m5.530 ms - 0[0m
[0mGET /api/order/notifications [36m304 [0m66.486 ms - -[0m
[0mOPTIONS /api/order/notifications [32m204 [0m2.424 ms - 0[0m
[0mOPTIONS /api/product/brand-list [32m204 [0m0.767 ms - 0[0m
[0mPOST /api/product/brand-list [32m200 [0m16.915 ms - 6329[0m
[0mGET /api/order/notifications [36m304 [0m34.959 ms - -[0m
[0mPOST /api/product/brand-list [32m200 [0m17.645 ms - 872[0m
[0mOPTIONS /api/order/notifications [32m204 [0m0.734 ms - 0[0m
[0mOPTIONS /api/product/brand-list [32m204 [0m2.239 ms - 0[0m
[0mPOST /api/product/brand-list [32m200 [0m26.121 ms - 6329[0m
[0mGET /api/order/notifications [36m304 [0m55.417 ms - -[0m
[0mOPTIONS /api/order/notifications [32m204 [0m2.022 ms - 0[0m
[0mOPTIONS /api/product/brand-list [32m204 [0m0.989 ms - 0[0m
[0mPOST /api/product/brand-list [32m200 [0m18.292 ms - 6329[0m
[0mGET /api/order/notifications [36m304 [0m28.382 ms - -[0m
[0mPOST /api/product/brand-list [32m200 [0m8.759 ms - 6332[0m
[0mPOST /api/product/brand-list [32m200 [0m6.315 ms - 6332[0m
[0mOPTIONS /api/product/brand-list [32m204 [0m0.889 ms - 0[0m
[0mPOST /api/product/brand-list [32m200 [0m8.586 ms - 6332[0m
[0mPOST /api/product/brand-list [32m200 [0m8.190 ms - 6332[0m
[0mPOST /api/product/brand-list [32m200 [0m6.133 ms - 6332[0m
[0mOPTIONS /api/order/notifications [32m204 [0m1.241 ms - 0[0m
[0mOPTIONS /api/product/brand-list [32m204 [0m0.552 ms - 0[0m
[0mPOST /api/product/brand-list [32m200 [0m19.305 ms - 6329[0m
[0mGET /api/order/notifications [36m304 [0m29.827 ms - -[0m
[0mPOST /api/product/brand-list [32m200 [0m8.723 ms - 5461[0m
[0mPOST /api/product/brand-list [32m200 [0m9.137 ms - 4667[0m
[0mPOST /api/product/brand-list [32m200 [0m6.169 ms - 541[0m
[0mOPTIONS /api/product/brand-list [32m204 [0m0.335 ms - 0[0m
[0mPOST /api/product/brand-list [32m200 [0m7.284 ms - 4667[0m
[0mPOST /api/product/brand-list [32m200 [0m9.945 ms - 5461[0m
[0mPOST /api/product/brand-list [32m200 [0m6.441 ms - 6332[0m
[0mOPTIONS /api/product/brand-list [32m204 [0m5.027 ms - 0[0m
[0mPOST /api/product/brand-list [32m200 [0m9.234 ms - 5819[0m
[0mPOST /api/product/brand-list [32m200 [0m7.655 ms - 5187[0m
[0mPOST /api/product/brand-list [32m200 [0m3.990 ms - 2296[0m
[0mPOST /api/product/brand-list [32m200 [0m2.822 ms - 603[0m
[0mPOST /api/product/brand-list [32m200 [0m3.914 ms - 398[0m
[0mOPTIONS /api/order/notifications [32m204 [0m0.948 ms - 0[0m
[0mOPTIONS /api/product/brand-list [32m204 [0m0.712 ms - 0[0m
[0mPOST /api/product/brand-list [32m200 [0m12.440 ms - 5821[0m
[0mGET /api/order/notifications [36m304 [0m28.655 ms - -[0m
[0mOPTIONS /api/order/notifications [32m204 [0m5.967 ms - 0[0m
[0mOPTIONS /api/seller/history-product?limit=20&page=1 [32m204 [0m1.664 ms - 0[0m
[0mGET /api/order/notifications [36m304 [0m35.723 ms - -[0m
[0mGET /api/seller/history-product?limit=20&page=1 [32m200 [0m59.740 ms - 70513[0m
[0mOPTIONS /api/seller/history-product?limit=20&page=1&searchString=4550 [32m204 [0m0.378 ms - 0[0m
[0mGET /api/seller/history-product?limit=20&page=1&searchString=4550 [32m200 [0m24.870 ms - 62[0m
[0mGET /api/seller/history-product?limit=20&page=1 [36m304 [0m25.967 ms - -[0m
[0mGET /api/order/notifications [36m304 [0m27.356 ms - -[0m
[0mOPTIONS /api/order/notifications [32m204 [0m1.374 ms - 0[0m
[0mOPTIONS /api/seller/all-product-list?limit=20&page=1 [32m204 [0m0.588 ms - 0[0m
[0mGET /api/order/notifications [36m304 [0m37.982 ms - -[0m
[0mOPTIONS /api/customer/getUserByEmailId [32m204 [0m8.581 ms - 0[0m
[0mOPTIONS /api/customer/getUserByEmailId [32m204 [0m8.403 ms - 0[0m
[0mGET /api/website/popular/category-list [32m200 [0m67.284 ms - 8014[0m
[0mGET /api/website/product/new-arrival [32m200 [0m91.121 ms - 34343[0m
[0mGET /api/website/product/home-kitchen [32m200 [0m142.903 ms - 15230[0m
[0mGET /api/website/category/list [32m200 [0m175.770 ms - 27291[0m
[0mGET /api/website/product/men-fashion [32m200 [0m146.480 ms - 14958[0m
[0mGET /api/website/product/women-fashion [32m200 [0m148.639 ms - 16124[0m
[0mGET /api/customer/getUserByEmailId [33m403 [0m46.578 ms - 36[0m
[0mGET /api/customer/getUserByEmailId [33m403 [0m2.478 ms - 36[0m
[0mGET /api/website/category/list [36m304 [0m38.173 ms - -[0m
[0mGET /api/website/category/list [36m304 [0m29.628 ms - -[0m
[0mGET /api/website/category/list [36m304 [0m13.525 ms - -[0m
[0mGET /api/website/category/list [36m304 [0m48.572 ms - -[0m
[0mGET /api/website/popular/category-list [36m304 [0m39.996 ms - -[0m
[0mGET /api/website/product/new-arrival [36m304 [0m78.301 ms - -[0m
[0mGET /api/website/product/home-kitchen [36m304 [0m83.374 ms - -[0m
[0mGET /api/website/product/women-fashion [36m304 [0m82.388 ms - -[0m
[0mGET /api/website/product/men-fashion [36m304 [0m81.456 ms - -[0m
[0mGET /api/website/category/list [36m304 [0m41.082 ms - -[0m
[0mGET /api/website/category/list [36m304 [0m12.822 ms - -[0m
[0mGET /api/website/category/list [36m304 [0m14.107 ms - -[0m
[0mGET /api/website/popular/category-list [36m304 [0m74.808 ms - -[0m
[0mGET /api/website/product/new-arrival [36m304 [0m80.566 ms - -[0m
[0mGET /api/website/category/list [36m304 [0m94.098 ms - -[0m
[0mGET /api/website/product/women-fashion [36m304 [0m129.303 ms - -[0m
[0mGET /api/website/product/men-fashion [36m304 [0m129.287 ms - -[0m
[0mGET /api/website/product/home-kitchen [36m304 [0m130.317 ms - -[0m
[0mGET /api/website/category/list [36m304 [0m47.531 ms - -[0m
[0mGET /api/website/category/list [36m304 [0m22.192 ms - -[0m
[0mGET /api/website/category/list [36m304 [0m35.001 ms - -[0m
[0mGET /api/website/category/list [36m304 [0m104.393 ms - -[0m
[0mGET /api/website/popular/category-list [36m304 [0m71.901 ms - -[0m
[0mGET /api/website/product/women-fashion [36m304 [0m149.413 ms - -[0m
[0mGET /api/website/product/new-arrival [36m304 [0m144.594 ms - -[0m
[0mGET /api/website/product/home-kitchen [36m304 [0m148.919 ms - -[0m
[0mGET /api/website/product/men-fashion [36m304 [0m146.632 ms - -[0m
[0mGET /api/website/category/list [32m200 [0m133.875 ms - 27291[0m
[0mGET /api/website/category/list [32m200 [0m176.024 ms - 27291[0m
[0mGET /api/website/category/list [32m200 [0m158.800 ms - 27291[0m
[0mGET /api/website/category/list [32m200 [0m161.718 ms - 27291[0m
[0mGET /api/website/product/men-fashion [32m200 [0m193.762 ms - 14958[0m
[0mGET /api/website/product/home-kitchen [32m200 [0m188.723 ms - 15230[0m
[0mGET /api/website/popular/category-list [32m200 [0m7.359 ms - 8014[0m
[0mGET /api/website/product/new-arrival [32m200 [0m33.369 ms - 34343[0m
[0mGET /api/website/product/women-fashion [32m200 [0m76.115 ms - 16124[0m
[0mGET /api/website/category/list [32m200 [0m64.116 ms - 27291[0m
[0mGET /api/website/category/list [32m200 [0m64.550 ms - 27291[0m
[0mGET /api/website/category/list [32m200 [0m64.614 ms - 27291[0m
[0mGET /api/website/category/list [32m200 [0m66.057 ms - 27291[0m
[0mGET /api/website/popular/category-list [32m200 [0m27.531 ms - 8014[0m
[0mGET /api/website/product/home-kitchen [32m200 [0m101.439 ms - 15230[0m
[0mGET /api/website/product/women-fashion [32m200 [0m101.318 ms - 16124[0m
[0mGET /api/website/product/new-arrival [32m200 [0m46.165 ms - 34343[0m
[0mGET /api/website/product/men-fashion [32m200 [0m62.670 ms - 14958[0m
[0mGET /api/website/catalog/category/search?queryString=baltra [32m200 [0m54.663 ms - 814[0m
[0mGET /api/website/catalog/product/search?filter_category=baltra [32m200 [0m106.480 ms - 17198[0m
[0mGET /api/website/popular/category-list [36m304 [0m41.563 ms - -[0m
[0mGET /api/website/category/list [36m304 [0m93.402 ms - -[0m
[0mGET /api/website/product/men-fashion [36m304 [0m89.404 ms - -[0m
[0mGET /api/website/product/new-arrival [36m304 [0m87.804 ms - -[0m
[0mGET /api/website/product/home-kitchen [36m304 [0m93.538 ms - -[0m
[0mGET /api/website/product/women-fashion [36m304 [0m90.662 ms - -[0m
[0mGET /api/website/catalog/category/search?queryString=khaitan [32m200 [0m34.229 ms - 566[0m
[0mGET /api/website/catalog/product/search?filter_category=khaitan [32m200 [0m82.482 ms - 18120[0m
[0mGET /api/website/popular/category-list [36m304 [0m27.793 ms - -[0m
[0mGET /api/website/category/list [36m304 [0m34.721 ms - -[0m
[0mGET /api/website/product/new-arrival [36m304 [0m61.447 ms - -[0m
[0mGET /api/website/product/men-fashion [36m304 [0m62.597 ms - -[0m
[0mGET /api/website/product/home-kitchen [36m304 [0m64.232 ms - -[0m
[0mGET /api/website/product/women-fashion [36m304 [0m63.635 ms - -[0m
[0mGET /api/website/catalog/category/search?queryString=orient [32m200 [0m29.727 ms - 1126[0m
[0mGET /api/website/catalog/product/search?filter_category=orient [32m200 [0m75.122 ms - 7515[0m
[0mGET /api/website/category/list [36m304 [0m34.081 ms - -[0m
[0mGET /api/website/popular/category-list [36m304 [0m23.650 ms - -[0m
[0mGET /api/website/product/new-arrival [36m304 [0m44.099 ms - -[0m
[0mGET /api/website/product/men-fashion [36m304 [0m52.564 ms - -[0m
[0mGET /api/website/product/home-kitchen [36m304 [0m52.236 ms - -[0m
[0mGET /api/website/product/women-fashion [36m304 [0m52.150 ms - -[0m
[0mGET /api/website/autosuggest/search?limit=5&query=ho [32m200 [0m70.293 ms - 25106[0m
[0mGET /api/website/autosuggest/search?limit=5&query=hom [32m200 [0m21.174 ms - 5174[0m
[0mGET /api/website/autosuggest/search?limit=5&query=home [32m200 [0m30.326 ms - 5174[0m
[0mGET /api/website/catalog/category/search?queryString=home-and-decor [32m200 [0m89.961 ms - 1659[0m
[0mGET /api/website/catalog/product/search?filter_category=home-and-decor%20 [32m200 [0m151.447 ms - 13842[0m
[0mGET /api/website/autosuggest/search?limit=5&query=ho [36m304 [0m53.334 ms - -[0m
[0mGET /api/website/autosuggest/search?limit=5&query=hom [36m304 [0m26.522 ms - -[0m
[0mGET /api/website/autosuggest/search?limit=5&query=home [36m304 [0m32.371 ms - -[0m
[0mGET /api/website/catalog/category/search?queryString=home-and-kitchen [32m200 [0m157.761 ms - 1991[0m
[0mGET /api/website/catalog/product/search?filter_category=home-and-kitchen%20 [32m200 [0m216.775 ms - 18575[0m
[0mGET /api/website/catalog/product/search?filter_category=home-and-kitchen%20 [36m304 [0m53.359 ms - -[0m
[0mGET /api/website/category/list [36m304 [0m73.537 ms - -[0m
[0mGET /api/website/popular/category-list [36m304 [0m58.499 ms - -[0m
[0mGET /api/website/product/men-fashion [36m304 [0m122.639 ms - -[0m
[0mGET /api/website/product/home-kitchen [36m304 [0m123.848 ms - -[0m
[0mGET /api/website/product/new-arrival [36m304 [0m121.611 ms - -[0m
[0mGET /api/website/product/women-fashion [36m304 [0m123.050 ms - -[0m
[0mGET /api/website/category/list [36m304 [0m71.250 ms - -[0m
[0mGET /api/website/popular/category-list [36m304 [0m62.074 ms - -[0m
[0mGET /api/website/product/new-arrival [36m304 [0m126.757 ms - -[0m
[0mGET /api/website/product/women-fashion [36m304 [0m133.203 ms - -[0m
[0mGET /api/website/product/men-fashion [36m304 [0m129.975 ms - -[0m
[0mGET /api/website/product/home-kitchen [36m304 [0m137.470 ms - -[0m
[0mGET /api/website/category/list [36m304 [0m77.622 ms - -[0m
[0mGET /api/website/category/list [36m304 [0m34.657 ms - -[0m
[0mGET /api/website/category/list [36m304 [0m15.511 ms - -[0m
[0mGET /api/website/popular/category-list [36m304 [0m88.233 ms - -[0m
[0mGET /api/website/product/new-arrival [36m304 [0m94.661 ms - -[0m
[0mGET /api/website/category/list [36m304 [0m110.333 ms - -[0m
[0mGET /api/website/product/men-fashion [36m304 [0m133.495 ms - -[0m
[0mGET /api/website/product/home-kitchen [36m304 [0m134.698 ms - -[0m
[0mGET /api/website/product/women-fashion [36m304 [0m134.438 ms - -[0m
[0mGET /api/website/category/list [36m304 [0m35.934 ms - -[0m
[0mGET /api/website/category/list [36m304 [0m15.851 ms - -[0m
[0mGET /api/website/category/list [36m304 [0m15.589 ms - -[0m
[0mGET /api/website/catalog/category/search?queryString=electronics-mobile-phones [32m200 [0m130.481 ms - 2361[0m
[0mGET /api/website/catalog/product/search?filter_category=electronics-mobile-phones [32m200 [0m137.728 ms - 14607[0m
[0mGET /api/website/catalog/product/search?filter_category=electronics-mobile-phones [36m304 [0m102.717 ms - -[0m
[0mGET /api/website/catalog/product/search?filter_category=electronics-mobile-phones [36m304 [0m94.981 ms - -[0m
[0mGET /api/website/catalog/product/search?filter_category=electronics-mobile-phones [36m304 [0m109.309 ms - -[0m
[0mGET /api/website/catalog/product/search?filter_category=electronics-mobile-phones [36m304 [0m108.627 ms - -[0m
[0mGET /api/website/catalog/category/search?queryString=Network%20Components [32m200 [0m29.826 ms - 639[0m
[0mGET /api/website/catalog/product/search?filter_category=Network%20Components%20 [32m200 [0m62.848 ms - 62[0m
[0mGET /api/website/catalog/product/search?filter_category=Network%20Components%20 [36m304 [0m46.396 ms - -[0m
[0mGET /api/website/product/new-arrival [36m304 [0m50.377 ms - -[0m
[0mGET /api/website/popular/category-list [36m304 [0m30.771 ms - -[0m
[0mGET /api/website/category/list [36m304 [0m59.741 ms - -[0m
[0mGET /api/website/product/home-kitchen [36m304 [0m94.796 ms - -[0m
[0mGET /api/website/product/women-fashion [36m304 [0m93.626 ms - -[0m
[0mGET /api/website/product/men-fashion [36m304 [0m94.622 ms - -[0m
[0mOPTIONS /api/auth/rootLogin [32m204 [0m2.720 ms - 0[0m
[0mPOST /api/auth/rootLogin [32m200 [0m298.993 ms - 211[0m
[0mOPTIONS /api/order/notifications [32m204 [0m0.295 ms - 0[0m
[0mOPTIONS /api/order/list [32m204 [0m0.517 ms - 0[0m
[0mOPTIONS /api/order/count [32m204 [0m0.283 ms - 0[0m
[0mGET /api/order/count [36m304 [0m15.287 ms - -[0m
[0mPOST /api/order/list [32m200 [0m48.333 ms - 8694[0m
[0mGET /api/order/notifications [36m304 [0m50.021 ms - -[0m
[0mOPTIONS /api/order/list [32m204 [0m0.410 ms - 0[0m
[0mPOST /api/order/list [32m200 [0m7.630 ms - 564[0m
[0mOPTIONS /api/order/notifications [32m204 [0m4.904 ms - 0[0m
[0mOPTIONS /api/order/list [32m204 [0m0.725 ms - 0[0m
[0mOPTIONS /api/order/count [32m204 [0m0.596 ms - 0[0m
[0mGET /api/order/count [36m304 [0m5.129 ms - -[0m
[0mPOST /api/order/list [32m200 [0m21.165 ms - 8694[0m
[0mGET /api/order/notifications [36m304 [0m27.438 ms - -[0m
[0mOPTIONS /api/order/notifications [32m204 [0m2.945 ms - 0[0m
[0mOPTIONS /api/seller/history-product?limit=20&page=1 [32m204 [0m0.418 ms - 0[0m
[0mGET /api/order/notifications [36m304 [0m66.689 ms - -[0m
[0mGET /api/seller/history-product?limit=20&page=1 [32m200 [0m96.239 ms - 70513[0m
[0mOPTIONS /api/seller/admin/product/search?id=6205 [32m204 [0m0.641 ms - 0[0m
[0mGET /api/seller/admin/product/search?id=6205 [32m200 [0m54.330 ms - 177[0m
[0mOPTIONS /api/seller/history-product?limit=20&page=1 [32m204 [0m0.359 ms - 0[0m
[0mGET /api/seller/history-product?limit=20&page=1 [36m304 [0m21.867 ms - -[0m
[0mOPTIONS /api/order/notifications [32m204 [0m0.464 ms - 0[0m
[0mOPTIONS /api/seller/all-product-list?limit=20&page=1 [32m204 [0m0.838 ms - 0[0m
[0mGET /api/order/notifications [36m304 [0m14.314 ms - -[0m
[0mOPTIONS /api/order/notifications [32m204 [0m3.520 ms - 0[0m
[0mOPTIONS /api/seller/all-product-list?limit=20&page=1 [32m204 [0m2.935 ms - 0[0m
[0mGET /api/order/notifications [36m304 [0m41.154 ms - -[0m
[0mGET /api/seller/all-product-list?limit=20&page=1 [32m200 [0m84.194 ms - 9923[0m
[0mOPTIONS /api/seller/admin/product/update [32m204 [0m1.224 ms - 0[0m
[0mPUT /api/seller/admin/product/update [32m200 [0m33.734 ms - 69[0m
[0mOPTIONS /api/seller/all-product-list?limit=20&page=1 [32m204 [0m1.835 ms - 0[0m
[0mGET /api/seller/all-product-list?limit=20&page=1 [32m200 [0m62.853 ms - 9917[0m
[0mOPTIONS /api/auth/seller/profile-details [32m204 [0m1.251 ms - 0[0m
[0mOPTIONS /api/seller/dasbhoard/list [32m204 [0m0.852 ms - 0[0m
[0mGET /api/auth/seller/profile-details [31m500 [0m15.478 ms - 17[0m
[0mGET /api/seller/dasbhoard/list [32m200 [0m27.363 ms - 59[0m
[0mOPTIONS /api/order/notifications [32m204 [0m0.716 ms - 0[0m
[0mOPTIONS /api/vendor/list [32m204 [0m0.716 ms - 0[0m
[0mGET /api/order/notifications [36m304 [0m19.399 ms - -[0m
[0mGET /api/vendor/list [32m200 [0m32.975 ms - 14267[0m
[0mOPTIONS /api/auth/seller/login [32m204 [0m0.532 ms - 0[0m
[0mPOST /api/auth/seller/login [32m200 [0m236.257 ms - 214[0m
[0mOPTIONS /api/auth/seller/profile-details [32m204 [0m0.744 ms - 0[0m
[0mOPTIONS /api/seller/dasbhoard/list [32m204 [0m0.232 ms - 0[0m
[0mGET /api/auth/seller/profile-details [32m200 [0m5.643 ms - 189[0m
[0mGET /api/seller/dasbhoard/list [32m200 [0m90.814 ms - 16138[0m
[0mGET /api/auth/seller/profile-details [36m304 [0m4.387 ms - -[0m
[0mGET /api/auth/seller/profile-details [36m304 [0m10.401 ms - -[0m
[0mOPTIONS /api/seller/product/list [32m204 [0m0.307 ms - 0[0m
[0mGET /api/auth/seller/profile-details [36m304 [0m3.042 ms - -[0m
[0mPOST /api/seller/product/list [32m200 [0m29.466 ms - 30682[0m
[0mOPTIONS /api/seller/product/list [32m204 [0m0.583 ms - 0[0m
[0mPOST /api/seller/product/list [32m200 [0m34.060 ms - 43342[0m
[0mPOST /api/seller/product/list [32m200 [0m23.850 ms - 40927[0m
[0mOPTIONS /api/auth/seller/profile-details [32m204 [0m0.388 ms - 0[0m
[0mOPTIONS /api/seller/product/list [32m204 [0m0.164 ms - 0[0m
[0mPOST /api/seller/product/list [32m200 [0m54.173 ms - 40929[0m
[0mGET /api/auth/seller/profile-details [36m304 [0m51.691 ms - -[0m
[0mOPTIONS /api/order/notifications [32m204 [0m4.849 ms - 0[0m
[0mOPTIONS /api/seller/all-product-list?limit=20&page=1 [32m204 [0m0.825 ms - 0[0m
[0mGET /api/order/notifications [36m304 [0m41.003 ms - -[0m
[0mGET /api/seller/all-product-list?limit=20&page=1 [36m304 [0m87.533 ms - -[0m
[0mOPTIONS /api/seller/admin/product/update [32m204 [0m0.722 ms - 0[0m
[0mPUT /api/seller/admin/product/update [32m200 [0m19.239 ms - 69[0m
[0mOPTIONS /api/seller/all-product-list?limit=20&page=1 [32m204 [0m0.637 ms - 0[0m
[0mGET /api/seller/all-product-list?limit=20&page=1 [36m304 [0m61.434 ms - -[0m
[0mOPTIONS /api/customer/getUserByEmailId [32m204 [0m7.062 ms - 0[0m
[0mOPTIONS /api/customer/getUserByEmailId [32m204 [0m9.627 ms - 0[0m
[0mGET /api/website/popular/category-list [36m304 [0m53.289 ms - -[0m
[0mGET /api/website/product/new-arrival [36m304 [0m96.454 ms - -[0m
[0mGET /api/website/product/women-fashion [36m304 [0m130.827 ms - -[0m
[0mGET /api/website/category/list [36m304 [0m184.630 ms - -[0m
[0mGET /api/website/product/men-fashion [36m304 [0m165.719 ms - -[0m
[0mGET /api/website/product/home-kitchen [36m304 [0m167.556 ms - -[0m
[0mGET /api/customer/getUserByEmailId [33m403 [0m72.089 ms - 36[0m
[0mGET /api/customer/getUserByEmailId [33m403 [0m5.102 ms - 36[0m
[0mGET /api/website/category/list [36m304 [0m48.758 ms - -[0m
[0mGET /api/website/category/list [36m304 [0m25.312 ms - -[0m
[0mGET /api/website/category/list [36m304 [0m16.522 ms - -[0m
[0mGET /api/website/popular/category-list [36m304 [0m14.934 ms - -[0m
[0mGET /api/website/category/list [36m304 [0m31.382 ms - -[0m
[0mGET /api/website/product/new-arrival [36m304 [0m187.478 ms - -[0m
[0mGET /api/website/product/home-kitchen [36m304 [0m199.932 ms - -[0m
[0mGET /api/website/product/men-fashion [36m304 [0m199.540 ms - -[0m
[0mGET /api/website/product/women-fashion [36m304 [0m200.105 ms - -[0m
[0mGET /api/website/category/list [36m304 [0m183.847 ms - -[0m
[0mGET /api/website/category/list [36m304 [0m18.006 ms - -[0m
[0mGET /api/website/category/list [36m304 [0m14.377 ms - -[0m
[0mGET /api/website/autosuggest/search?limit=5&query=Bath%20and%20Hand%20Wash [32m200 [0m25.452 ms - 107[0m
[0mGET /api/website/catalog/category/search?queryString=herbal-soap [32m200 [0m149.861 ms - 1802[0m
[0mGET /api/website/catalog/product/search?filter_category=herbal-soap%20 [32m200 [0m179.200 ms - 15561[0m
[0mGET /api/website/catalog/product/search?filter_category=herbal-soap%20 [36m304 [0m64.259 ms - -[0m
[0mGET /api/website/catalog/product/search?filter_category=herbal-soap%20 [36m304 [0m64.402 ms - -[0m
[0mGET /api/website/catalog/product/search?filter_category=herbal-soap%20 [36m304 [0m65.172 ms - -[0m
[0mGET /api/website/catalog/product/search?filter_category=herbal-soap%20&page=2 [32m200 [0m83.307 ms - 12478[0m
[0mGET /api/website/catalog/product/search?filter_category=herbal-soap%20&page=2 [36m304 [0m67.583 ms - -[0m
[0mGET /api/website/catalog/product/search?filter_category=herbal-soap%20 [36m304 [0m58.641 ms - -[0m
[0mGET /api/website/catalog/product/search?filter_category=herbal-soap%20&page=2 [36m304 [0m57.398 ms - -[0m
[0mGET /api/website/catalog/product/search?filter_category=herbal-soap%20&page=2 [36m304 [0m51.187 ms - -[0m
[0mGET /api/website/catalog/product/search?filter_category=herbal-soap%20&page=3 [32m200 [0m65.042 ms - 6142[0m
[0mGET /api/website/catalog/product/search?filter_category=herbal-soap%20&page=3 [36m304 [0m60.420 ms - -[0m
[0mGET /api/website/catalog/product/search?filter_category=herbal-soap%20&page=3 [36m304 [0m63.333 ms - -[0m
[0mGET /api/website/catalog/product/search?filter_category=herbal-soap%20&page=3 [36m304 [0m45.000 ms - -[0m
[0mGET /api/website/autosuggest/search?limit=5&query=Vlcc%20Advanced%20Purifying%20Hand%20Gel%20500ml [32m200 [0m20.210 ms - 228[0m
[0mGET /api/website/catalog/category/search?queryString=Vlcc%20Advanced%20Purifying%20Hand%20Gel%20500ml [32m200 [0m10.753 ms - 62[0m
[0mGET /api/website/catalog/product/search?filter_category=Vlcc%20Advanced%20Purifying%20Hand%20Gel%20500ml%20&page=3 [32m200 [0m21.127 ms - 79[0m
[0mGET /api/website/catalog/product/search?filter_category=Vlcc%20Advanced%20Purifying%20Hand%20Gel%20500ml%20 [32m200 [0m60.800 ms - 329[0m
[0mOPTIONS /api/auth/rootLogin [32m204 [0m1.350 ms - 0[0m
[0mPOST /api/auth/rootLogin [32m200 [0m290.593 ms - 211[0m
[0mOPTIONS /api/order/notifications [32m204 [0m0.437 ms - 0[0m
[0mOPTIONS /api/order/list [32m204 [0m0.456 ms - 0[0m
[0mOPTIONS /api/order/count [32m204 [0m0.278 ms - 0[0m
[0mGET /api/order/count [36m304 [0m9.221 ms - -[0m
[0mPOST /api/order/list [32m200 [0m26.203 ms - 8694[0m
[0mGET /api/order/notifications [36m304 [0m28.233 ms - -[0m
[0mOPTIONS /api/vendor/list [32m204 [0m0.906 ms - 0[0m
[0mGET /api/vendor/list [36m304 [0m32.267 ms - -[0m
[0mGET /api/order/notifications [36m304 [0m38.466 ms - -[0m
[0mOPTIONS /api/auth/seller/login [32m204 [0m0.420 ms - 0[0m
[0mPOST /api/auth/seller/login [32m200 [0m234.624 ms - 214[0m
[0mOPTIONS /api/auth/seller/profile-details [32m204 [0m0.580 ms - 0[0m
[0mOPTIONS /api/seller/dasbhoard/list [32m204 [0m0.201 ms - 0[0m
[0mGET /api/auth/seller/profile-details [36m304 [0m8.072 ms - -[0m
[0mGET /api/seller/dasbhoard/list [36m304 [0m94.584 ms - -[0m
[0mOPTIONS /api/seller/product/list [32m204 [0m0.466 ms - 0[0m
[0mGET /api/auth/seller/profile-details [36m304 [0m4.606 ms - -[0m
[0mPOST /api/seller/product/list [32m200 [0m29.425 ms - 30682[0m
[0mPOST /api/seller/product/list [32m200 [0m22.976 ms - 93[0m
[0mOPTIONS /api/seller/product/list [32m204 [0m0.496 ms - 0[0m
[0mPOST /api/seller/product/list [32m200 [0m14.981 ms - 93[0m
[0mPOST /api/seller/product/list [32m200 [0m23.581 ms - 93[0m
[0mPOST /api/seller/product/list [32m200 [0m16.775 ms - 93[0m
[0mPOST /api/seller/product/list [32m200 [0m12.558 ms - 93[0m
[0mPOST /api/seller/product/list [32m200 [0m13.749 ms - 93[0m
[0mPOST /api/seller/product/list [32m200 [0m22.207 ms - 93[0m
[0mPOST /api/seller/product/list [32m200 [0m13.280 ms - 93[0m
[0mPOST /api/seller/product/list [32m200 [0m15.474 ms - 93[0m
[0mOPTIONS /api/seller/product/list [32m204 [0m0.377 ms - 0[0m
[0mPOST /api/seller/product/list [32m200 [0m12.069 ms - 93[0m
[0mPOST /api/seller/product/list [32m200 [0m18.320 ms - 34562[0m
[0mGET /api/website/autosuggest/search?limit=5&query=e [32m200 [0m133.429 ms - 354921[0m
[0mGET /api/website/autosuggest/search?limit=5&query=ed [32m200 [0m34.578 ms - 59765[0m
[0mGET /api/website/autosuggest/search?limit=5&query=edi [32m200 [0m15.354 ms - 6088[0m
[0mOPTIONS /api/customer/getUserByEmailId [32m204 [0m0.311 ms - 0[0m
[0mOPTIONS /api/customer/getUserByEmailId [32m204 [0m0.346 ms - 0[0m
[0mGET /api/customer/getUserByEmailId [33m403 [0m3.182 ms - 36[0m
[0mGET /api/customer/getUserByEmailId [33m401 [0m0.381 ms - 36[0m
[0mGET /api/website/catalog/category/search?queryString=edible-oils [32m200 [0m29.922 ms - 1065[0m
[0mGET /api/website/catalog/product/search?filter_category=edible-oils%20 [32m200 [0m96.085 ms - 632[0m
[0mGET /api/website/popular/category-list [36m304 [0m39.720 ms - -[0m
[0mGET /api/website/category/list [36m304 [0m83.329 ms - -[0m
[0mGET /api/website/product/new-arrival [36m304 [0m78.472 ms - -[0m
[0mGET /api/website/product/men-fashion [36m304 [0m87.570 ms - -[0m
[0mGET /api/website/product/home-kitchen [36m304 [0m89.117 ms - -[0m
[0mGET /api/website/product/women-fashion [36m304 [0m78.527 ms - -[0m
[0mGET /api/website/category/list [36m304 [0m23.816 ms - -[0m
[0mGET /api/website/category/list [36m304 [0m19.883 ms - -[0m
[0mGET /api/website/category/list [36m304 [0m15.629 ms - -[0m
[0mGET /api/website/autosuggest/search?limit=5&query=e [36m304 [0m91.391 ms - -[0m
[0mGET /api/website/autosuggest/search?limit=5&query=ed [36m304 [0m22.839 ms - -[0m
[0mGET /api/website/autosuggest/search?limit=5&query=edi [36m304 [0m14.178 ms - -[0m
[0mGET /api/website/catalog/category/search?queryString=edible-oils [36m304 [0m29.070 ms - -[0m
[0mGET /api/website/catalog/product/search?filter_category=edible-oils%20 [36m304 [0m68.305 ms - -[0m
[0mOPTIONS /api/auth/seller/login [32m204 [0m0.397 ms - 0[0m
[0mPOST /api/auth/seller/login [32m200 [0m231.727 ms - 214[0m
[0mOPTIONS /api/auth/seller/profile-details [32m204 [0m1.157 ms - 0[0m
[0mOPTIONS /api/seller/dasbhoard/list [32m204 [0m0.311 ms - 0[0m
[0mGET /api/auth/seller/profile-details [36m304 [0m12.240 ms - -[0m
[0mGET /api/seller/dasbhoard/list [36m304 [0m107.647 ms - -[0m
[0mOPTIONS /api/seller/product/list [32m204 [0m0.463 ms - 0[0m
[0mGET /api/auth/seller/profile-details [36m304 [0m4.505 ms - -[0m
[0mPOST /api/seller/product/list [32m200 [0m20.295 ms - 30682[0m
[0mPOST /api/seller/product/list [32m200 [0m26.422 ms - 33329[0m
[0mOPTIONS /api/seller/product/list [32m204 [0m0.312 ms - 0[0m
[0mPOST /api/seller/product/list [32m200 [0m21.712 ms - 30682[0m
[0mOPTIONS /api/seller/brand/list [32m204 [0m0.289 ms - 0[0m
[0mOPTIONS /api/product/color/list [32m204 [0m0.159 ms - 0[0m
[0mGET /api/seller/brand/list [32m200 [0m18.246 ms - 79631[0m
[0mGET /api/product/color/list [32m200 [0m20.639 ms - 74085[0m
[0mOPTIONS /api/seller/product/list-by-id [32m204 [0m1.073 ms - 0[0m
[0mPOST /api/seller/product/list-by-id [32m200 [0m49.735 ms - 401[0m
[0mOPTIONS /api/seller/product/list [32m204 [0m0.390 ms - 0[0m
[0mPOST /api/seller/product/list [32m200 [0m15.719 ms - 30684[0m
[0mOPTIONS /api/seller/product/list [32m204 [0m0.877 ms - 0[0m
[0mPOST /api/seller/product/list [32m200 [0m22.510 ms - 43342[0m
[0mPOST /api/seller/product/list [32m200 [0m24.500 ms - 40927[0m
[0mOPTIONS /api/seller/product/list [32m204 [0m0.310 ms - 0[0m
[0mPOST /api/seller/product/list [32m200 [0m26.993 ms - 66395[0m
[0mPOST /api/seller/product/list [32m200 [0m26.611 ms - 57439[0m
[0mOPTIONS /api/seller/product/list [32m204 [0m0.393 ms - 0[0m
[0mPOST /api/seller/product/list [32m200 [0m19.151 ms - 31159[0m
[0mPOST /api/seller/product/list [32m200 [0m20.567 ms - 30656[0m
[0mOPTIONS /api/seller/product/list [32m204 [0m0.379 ms - 0[0m
[0mPOST /api/seller/product/list [32m200 [0m21.932 ms - 24585[0m
[0mPOST /api/seller/product/list [32m200 [0m26.217 ms - 33329[0m
[0mOPTIONS /api/auth/seller/profile-details [32m204 [0m0.381 ms - 0[0m
[0mOPTIONS /api/seller/product/list [32m204 [0m0.160 ms - 0[0m
[0mGET /api/auth/seller/profile-details [36m304 [0m9.868 ms - -[0m
[0mPOST /api/seller/product/list [32m200 [0m21.722 ms - 33331[0m
[0mOPTIONS /api/auth/seller/profile-details [32m204 [0m3.372 ms - 0[0m
[0mOPTIONS /api/seller/product/list [32m204 [0m1.606 ms - 0[0m
[0mGET /api/auth/seller/profile-details [36m304 [0m45.113 ms - -[0m
[0mPOST /api/seller/product/list [32m200 [0m76.857 ms - 33331[0m
[0mOPTIONS /api/order/notifications [32m204 [0m3.433 ms - 0[0m
[0mOPTIONS /api/vendor/list [32m204 [0m2.034 ms - 0[0m
[0mGET /api/vendor/list [36m304 [0m64.009 ms - -[0m
[0mGET /api/order/notifications [36m304 [0m82.089 ms - -[0m
[0mOPTIONS /api/auth/seller/profile-details [32m204 [0m11.784 ms - 0[0m
[0mOPTIONS /api/seller/product/list [32m204 [0m11.610 ms - 0[0m
[0mGET /api/auth/seller/profile-details [36m304 [0m56.786 ms - -[0m
[0mPOST /api/seller/product/list [32m200 [0m93.878 ms - 33331[0m
[0mOPTIONS /api/auth/seller/profile-details [32m204 [0m18.944 ms - 0[0m
[0mOPTIONS /api/seller/product/list [32m204 [0m12.035 ms - 0[0m
[0mGET /api/auth/seller/profile-details [36m304 [0m38.055 ms - -[0m
[0mPOST /api/seller/product/list [32m200 [0m125.531 ms - 33331[0m
[0mOPTIONS /api/auth/seller/profile-details [32m204 [0m3.034 ms - 0[0m
[0mOPTIONS /api/seller/product/list [32m204 [0m0.268 ms - 0[0m
[0mGET /api/auth/seller/profile-details [36m304 [0m18.512 ms - -[0m
[0mPOST /api/seller/product/list [32m200 [0m49.784 ms - 33331[0m
[0mOPTIONS /api/auth/seller/profile-details [32m204 [0m0.685 ms - 0[0m
[0mOPTIONS /api/seller/product/list [32m204 [0m0.400 ms - 0[0m
[0mGET /api/auth/seller/profile-details [36m304 [0m10.406 ms - -[0m
[0mPOST /api/seller/product/list [32m200 [0m59.077 ms - 33331[0m
[0mOPTIONS /api/seller/product/list [32m204 [0m0.837 ms - 0[0m
[0mPOST /api/seller/product/list [32m200 [0m27.636 ms - 30685[0m
[0mPOST /api/seller/product/list [32m200 [0m21.210 ms - 30685[0m
[0mPOST /api/seller/product/list [32m200 [0m20.612 ms - 30685[0m
[0mPOST /api/seller/product/list [32m200 [0m16.338 ms - 30685[0m
[0mPOST /api/seller/product/list [32m200 [0m17.098 ms - 30685[0m
[0mPOST /api/seller/product/list [32m200 [0m17.294 ms - 30685[0m
[0mOPTIONS /api/order/notifications [32m204 [0m4.301 ms - 0[0m
[0mOPTIONS /api/vendor/list [32m204 [0m3.463 ms - 0[0m
[0mGET /api/vendor/list [32m200 [0m50.850 ms - 14267[0m
[0mGET /api/order/notifications [32m200 [0m70.518 ms - 36[0m
[0mOPTIONS /api/auth/seller/profile-details [32m204 [0m1.476 ms - 0[0m
[0mOPTIONS /api/seller/product/list [32m204 [0m0.699 ms - 0[0m
[0mGET /api/auth/seller/profile-details [32m200 [0m25.445 ms - 189[0m
[0mPOST /api/seller/product/list [32m200 [0m80.510 ms - 33331[0m
[0mOPTIONS /api/seller/product/list [32m204 [0m0.599 ms - 0[0m
[0mPOST /api/seller/product/list [32m200 [0m38.980 ms - 13082[0m
[0mPOST /api/seller/product/list [32m200 [0m26.920 ms - 9305[0m
[0mPOST /api/seller/product/list [32m200 [0m19.782 ms - 15211[0m
[0mPOST /api/seller/product/list [32m200 [0m26.160 ms - 16837[0m
[0mPOST /api/seller/product/list [32m200 [0m22.036 ms - 16837[0m
[0mPOST /api/seller/product/list [32m200 [0m23.622 ms - 16837[0m
[0mOPTIONS /api/seller/product/list [32m204 [0m0.748 ms - 0[0m
[0mPOST /api/seller/product/list [32m200 [0m22.028 ms - 30685[0m
[0mPOST /api/seller/product/list [32m200 [0m25.491 ms - 10461[0m
[0mPOST /api/seller/product/list [32m200 [0m20.926 ms - 10353[0m
[0mPOST /api/seller/product/list [32m200 [0m18.947 ms - 9265[0m
[0mPOST /api/seller/product/list [32m200 [0m24.170 ms - 12814[0m
[0mPOST /api/seller/product/list [32m200 [0m21.867 ms - 6366[0m
[0mPOST /api/seller/product/list [32m200 [0m22.464 ms - 6366[0m
[0mPOST /api/seller/product/list [32m200 [0m22.239 ms - 6366[0m
[0mGET /api/website/autosuggest/search?limit=5&query=fo [32m200 [0m28.827 ms - 19441[0m
[0mGET /api/website/autosuggest/search?limit=5&query=for [32m200 [0m20.983 ms - 15085[0m
[0mGET /api/website/autosuggest/search?limit=5&query=fortu [32m200 [0m15.651 ms - 341[0m
[0mGET /api/website/autosuggest/search?limit=5&query=fortune [32m200 [0m16.601 ms - 341[0m
[0mOPTIONS /api/customer/getUserByEmailId [32m204 [0m0.765 ms - 0[0m
[0mOPTIONS /api/customer/getUserByEmailId [32m204 [0m0.190 ms - 0[0m
[0mGET /api/customer/getUserByEmailId [33m403 [0m13.791 ms - 36[0m
[0mGET /api/customer/getUserByEmailId [33m401 [0m3.248 ms - 36[0m
[0mGET /api/website/catalog/category/search?queryString=Fortune [32m200 [0m57.530 ms - 565[0m
[0mGET /api/website/catalog/product/search?filter_category=Fortune%20 [32m200 [0m122.059 ms - 428[0m
[0mGET /api/website/catalog/product/search?filter_category=Fortune%20 [0m- [0m- ms - -[0m
[0mGET /api/website/popular/category-list [36m304 [0m57.672 ms - -[0m
[0mGET /api/website/product/new-arrival [36m304 [0m79.018 ms - -[0m
[0mGET /api/website/category/list [36m304 [0m136.763 ms - -[0m
[0mGET /api/website/product/home-kitchen [36m304 [0m132.055 ms - -[0m
[0mGET /api/website/product/men-fashion [36m304 [0m122.259 ms - -[0m
[0mGET /api/website/product/women-fashion [36m304 [0m155.172 ms - -[0m
[0mGET /api/website/category/list [36m304 [0m51.934 ms - -[0m
[0mGET /api/website/category/list [36m304 [0m32.346 ms - -[0m
[0mGET /api/website/category/list [36m304 [0m12.869 ms - -[0m
[0mGET /api/website/autosuggest/search?limit=5&query=f [32m200 [0m47.356 ms - 117822[0m
[0mGET /api/website/autosuggest/search?limit=5&query=for [36m304 [0m20.904 ms - -[0m
[0mGET /api/website/autosuggest/search?limit=5&query=fortu [36m304 [0m20.232 ms - -[0m
[0mGET /api/website/autosuggest/search?limit=5&query=fortune [36m304 [0m14.541 ms - -[0m
[0mGET /api/website/catalog/category/search?queryString=Fortune [36m304 [0m27.539 ms - -[0m
[0mGET /api/website/catalog/product/search?filter_category=Fortune%20 [32m200 [0m78.285 ms - 428[0m
[0mOPTIONS /api/auth/seller/login [32m204 [0m0.836 ms - 0[0m
[0mPOST /api/auth/seller/login [32m200 [0m271.502 ms - 214[0m
[0mOPTIONS /api/auth/seller/profile-details [32m204 [0m0.384 ms - 0[0m
[0mOPTIONS /api/seller/dasbhoard/list [32m204 [0m0.486 ms - 0[0m
[0mGET /api/auth/seller/profile-details [36m304 [0m10.301 ms - -[0m
[0mGET /api/seller/dasbhoard/list [36m304 [0m113.742 ms - -[0m
[0mOPTIONS /api/seller/product/list [32m204 [0m0.314 ms - 0[0m
[0mGET /api/auth/seller/profile-details [36m304 [0m4.794 ms - -[0m
[0mPOST /api/seller/product/list [32m200 [0m20.317 ms - 30682[0m
[0mPOST /api/seller/product/list [32m200 [0m24.062 ms - 10461[0m
[0mPOST /api/seller/product/list [32m200 [0m16.762 ms - 10353[0m
[0mPOST /api/seller/product/list [32m200 [0m15.184 ms - 9265[0m
[0mPOST /api/seller/product/list [32m200 [0m23.428 ms - 12814[0m
[0mPOST /api/seller/product/list [32m200 [0m20.194 ms - 6366[0m
[0mPOST /api/seller/product/list [32m200 [0m17.854 ms - 6366[0m
[0mPOST /api/seller/product/list [32m200 [0m20.892 ms - 6366[0m
[0mPOST /api/seller/product/list [32m200 [0m19.069 ms - 6366[0m
[0mOPTIONS /api/seller/product/list [32m204 [0m0.270 ms - 0[0m
[0mPOST /api/seller/product/list [32m200 [0m19.803 ms - 6366[0m
[0mOPTIONS /api/seller/brand/list [32m204 [0m0.282 ms - 0[0m
[0mOPTIONS /api/product/color/list [32m204 [0m0.157 ms - 0[0m
[0mGET /api/seller/brand/list [36m304 [0m16.618 ms - -[0m
[0mGET /api/product/color/list [36m304 [0m19.110 ms - -[0m
[0mOPTIONS /api/seller/product/list-by-id [32m204 [0m0.429 ms - 0[0m
[0mPOST /api/seller/product/list-by-id [32m200 [0m50.782 ms - 397[0m
[0mOPTIONS /api/seller/product/update [32m204 [0m0.648 ms - 0[0m
[0mPUT /api/seller/product/update [32m200 [0m32.436 ms - 70[0m
[0mOPTIONS /api/seller/product/list [32m204 [0m0.303 ms - 0[0m
[0mPOST /api/seller/product/list [32m200 [0m16.765 ms - 30682[0m
[0mPOST /api/seller/product/list [32m200 [0m21.250 ms - 10461[0m
[0mPOST /api/seller/product/list [32m200 [0m15.930 ms - 10353[0m
[0mPOST /api/seller/product/list [32m200 [0m14.570 ms - 9265[0m
[0mPOST /api/seller/product/list [32m200 [0m26.452 ms - 12816[0m
[0mPOST /api/seller/product/list [32m200 [0m25.002 ms - 6368[0m
[0mPOST /api/seller/product/list [32m200 [0m20.205 ms - 6368[0m
[0mPOST /api/seller/product/list [32m200 [0m20.921 ms - 6368[0m
[0mOPTIONS /api/customer/getUserByEmailId [32m204 [0m0.777 ms - 0[0m
[0mOPTIONS /api/customer/getUserByEmailId [32m204 [0m0.488 ms - 0[0m
[0mGET /api/customer/getUserByEmailId [33m403 [0m18.978 ms - 36[0m
[0mGET /api/customer/getUserByEmailId [33m403 [0m2.383 ms - 36[0m
[0mGET /api/website/category/list [36m304 [0m28.033 ms - -[0m
[0mGET /api/website/category/list [36m304 [0m14.849 ms - -[0m
[0mGET /api/website/catalog/category/search?queryString=Fortune [36m304 [0m58.398 ms - -[0m
[0mGET /api/website/category/list [36m304 [0m22.916 ms - -[0m
[0mGET /api/website/catalog/product/search?filter_category=Fortune [0m- [0m- ms - -[0m
[0mGET /api/website/popular/category-list [36m304 [0m8.502 ms - -[0m
[0mGET /api/website/category/list [36m304 [0m46.808 ms - -[0m
[0mGET /api/website/product/new-arrival [36m304 [0m77.424 ms - -[0m
[0mGET /api/website/product/women-fashion [36m304 [0m109.568 ms - -[0m
[0mGET /api/website/product/home-kitchen [36m304 [0m114.218 ms - -[0m
[0mGET /api/website/product/men-fashion [36m304 [0m96.523 ms - -[0m
[0mGET /api/website/category/list [36m304 [0m89.125 ms - -[0m
[0mGET /api/website/category/list [36m304 [0m19.213 ms - -[0m
[0mGET /api/website/category/list [36m304 [0m16.216 ms - -[0m
[0mGET /api/website/autosuggest/search?limit=5&query=fo [36m304 [0m29.558 ms - -[0m
[0mGET /api/website/autosuggest/search?limit=5&query=fot [32m200 [0m15.827 ms - 49[0m
[0mGET /api/website/autosuggest/search?limit=5&query=fotu [32m200 [0m15.916 ms - 49[0m
[0mGET /api/website/autosuggest/search?limit=5&query=fotun [32m200 [0m16.395 ms - 49[0m
[0mGET /api/website/autosuggest/search?limit=5&query=fotune [32m200 [0m14.633 ms - 49[0m
[0mGET /api/website/autosuggest/search?limit=5&query=fotun [36m304 [0m14.373 ms - -[0m
[0mGET /api/website/autosuggest/search?limit=5&query=fotu [36m304 [0m13.985 ms - -[0m
[0mGET /api/website/autosuggest/search?limit=5&query=fot [36m304 [0m19.001 ms - -[0m
[0mGET /api/website/autosuggest/search?limit=5&query=fo [36m304 [0m18.165 ms - -[0m
[0mGET /api/website/autosuggest/search?limit=5&query=for [36m304 [0m17.247 ms - -[0m
[0mGET /api/website/autosuggest/search?limit=5&query=fortu [36m304 [0m17.540 ms - -[0m
[0mGET /api/website/autosuggest/search?limit=5&query=fortune [36m304 [0m14.884 ms - -[0m
[0mGET /api/website/catalog/category/search?queryString=fortune-new-pack-soya-health-1-ltr [32m200 [0m4.708 ms - 62[0m
[0mGET /api/website/catalog/product/search?filter_category=fortune-new-pack-soya-health-1-ltr%20 [32m200 [0m95.130 ms - 429[0m
[0mOPTIONS /api/auth/seller/login [32m204 [0m0.922 ms - 0[0m
[0mPOST /api/auth/seller/login [32m200 [0m260.852 ms - 214[0m
[0mOPTIONS /api/auth/seller/profile-details [32m204 [0m0.345 ms - 0[0m
[0mOPTIONS /api/seller/dasbhoard/list [32m204 [0m0.157 ms - 0[0m
[0mGET /api/auth/seller/profile-details [36m304 [0m10.455 ms - -[0m
[0mGET /api/seller/dasbhoard/list [36m304 [0m116.391 ms - -[0m
[0mOPTIONS /api/seller/product/list [32m204 [0m0.312 ms - 0[0m
[0mGET /api/auth/seller/profile-details [36m304 [0m11.216 ms - -[0m
[0mPOST /api/seller/product/list [32m200 [0m31.931 ms - 30682[0m
[0mOPTIONS /api/auth/seller/profile-details [32m204 [0m8.682 ms - 0[0m
[0mOPTIONS /api/seller/product/list [32m204 [0m2.248 ms - 0[0m
[0mGET /api/auth/seller/profile-details [36m304 [0m64.325 ms - -[0m
[0mPOST /api/seller/product/list [32m200 [0m96.956 ms - 30682[0m
[0mGET /api/website/autosuggest/search?limit=5&query=Closeup%20Everfress%20Anti%20Germ%20Red%20Gel%20Freesh%20Breath%20Toothpaste%2C%20150g [32m200 [0m28.248 ms - 283[0m
[0mOPTIONS /api/customer/getUserByEmailId [32m204 [0m0.417 ms - 0[0m
[0mOPTIONS /api/customer/getUserByEmailId [32m204 [0m0.985 ms - 0[0m
[0mGET /api/customer/getUserByEmailId [33m403 [0m9.961 ms - 36[0m
[0mGET /api/customer/getUserByEmailId [33m401 [0m0.825 ms - 36[0m
[0mGET /api/website/catalog/category/search?queryString=Closeup%20Everfress%20Anti%20Germ%20Red%20Gel%20Freesh%20Breath%20Toothpaste,%20150g [32m200 [0m28.560 ms - 62[0m
[0mGET /api/website/catalog/product/search?filter_category=Closeup%20Everfress%20Anti%20Germ%20Red%20Gel%20Freesh%20Breath%20Toothpaste%2C%20150g%20 [0m- [0m- ms - -[0m
[0mGET /api/website/product/new-arrival [36m304 [0m84.252 ms - -[0m
[0mGET /api/website/popular/category-list [36m304 [0m77.338 ms - -[0m
[0mGET /api/website/category/list [36m304 [0m101.949 ms - -[0m
[0mGET /api/website/product/men-fashion [36m304 [0m154.724 ms - -[0m
[0mGET /api/website/product/women-fashion [36m304 [0m148.201 ms - -[0m
[0mGET /api/website/product/home-kitchen [36m304 [0m149.556 ms - -[0m
[0mGET /api/website/category/list [36m304 [0m64.434 ms - -[0m
[0mGET /api/website/category/list [36m304 [0m17.843 ms - -[0m
[0mGET /api/website/category/list [36m304 [0m42.009 ms - -[0m
[0mGET /api/website/autosuggest/search?limit=5&query=Closeup%20Everfress%20Anti%20Germ%20Red%20Gel%20Freesh%20Breath%20Toothpaste%2C%20150g [36m304 [0m14.474 ms - -[0m
[0mGET /api/website/catalog/category/search?queryString=Closeup%20Everfress%20Anti%20Germ%20Red%20Gel%20Freesh%20Breath%20Toothpaste,%20150g [36m304 [0m6.651 ms - -[0m
[0mGET /api/website/catalog/product/search?filter_category=Closeup%20Everfress%20Anti%20Germ%20Red%20Gel%20Freesh%20Breath%20Toothpaste%2C%20150g%20 [32m200 [0m71.012 ms - 970[0m
[0mOPTIONS /api/auth/seller/login [32m204 [0m1.231 ms - 0[0m
[0mPOST /api/auth/seller/login [32m200 [0m272.226 ms - 214[0m
[0mOPTIONS /api/auth/seller/profile-details [32m204 [0m3.500 ms - 0[0m
[0mOPTIONS /api/seller/dasbhoard/list [32m204 [0m0.662 ms - 0[0m
[0mGET /api/auth/seller/profile-details [32m200 [0m8.174 ms - 189[0m
[0mGET /api/seller/dasbhoard/list [32m200 [0m87.978 ms - 16138[0m
[0mOPTIONS /api/auth/seller/profile-details [32m204 [0m0.277 ms - 0[0m
[0mOPTIONS /api/seller/product/list [32m204 [0m0.317 ms - 0[0m
[0mGET /api/auth/seller/profile-details [36m304 [0m3.374 ms - -[0m
[0mPOST /api/seller/product/list [32m200 [0m22.080 ms - 30682[0m
[0mOPTIONS /api/seller/brand/list [32m204 [0m0.419 ms - 0[0m
[0mOPTIONS /api/product/color/list [32m204 [0m0.294 ms - 0[0m
[0mGET /api/seller/brand/list [32m200 [0m21.643 ms - 79631[0m
[0mGET /api/product/color/list [32m200 [0m23.854 ms - 74085[0m
[0mOPTIONS /api/seller/product/list-by-id [32m204 [0m0.308 ms - 0[0m
[0mPOST /api/seller/product/list-by-id [32m200 [0m49.196 ms - 485[0m
[0mOPTIONS /api/seller/product/update [32m204 [0m0.245 ms - 0[0m
[0mPUT /api/seller/product/update [32m200 [0m18.361 ms - 70[0m
[0mGET /api/website/category/list [36m304 [0m23.572 ms - -[0m
[0mGET /api/website/catalog/category/search?queryString=Closeup%20Everfress%20Anti%20Germ%20Red%20Gel%20Freesh%20Breath%20Toothpaste,%20150g [36m304 [0m28.065 ms - -[0m
[0mGET /api/website/category/list [36m304 [0m50.090 ms - -[0m
[0mGET /api/website/category/list [36m304 [0m22.182 ms - -[0m
[0mGET /api/website/catalog/product/search?filter_category=Closeup%20Everfress%20Anti%20Germ%20Red%20Gel%20Freesh%20Breath%20Toothpaste%2C%20150g [32m200 [0m125.968 ms - 972[0m
[0mOPTIONS /api/seller/product/list [32m204 [0m2.331 ms - 0[0m
[0mPOST /api/seller/product/list [32m200 [0m63.427 ms - 30749[0m
[0mOPTIONS /api/auth/seller/profile-details [32m204 [0m0.434 ms - 0[0m
[0mOPTIONS /api/seller/brand/list [32m204 [0m1.299 ms - 0[0m
[0mOPTIONS /api/product/color/list [32m204 [0m1.077 ms - 0[0m
[0mGET /api/auth/seller/profile-details [36m304 [0m8.664 ms - -[0m
[0mGET /api/seller/brand/list [36m304 [0m28.291 ms - -[0m
[0mGET /api/product/color/list [36m304 [0m30.188 ms - -[0m
[0mOPTIONS /api/category/search/allcombine [32m204 [0m0.751 ms - 0[0m
[0mPOST /api/category/search/allcombine [32m200 [0m7.007 ms - 3923[0m
[0mPOST /api/category/search/allcombine [32m200 [0m4.070 ms - 1003[0m
[0mPOST /api/category/search/allcombine [32m200 [0m2.958 ms - 456[0m
[0mOPTIONS /api/seller/product/create [32m204 [0m1.140 ms - 0[0m
[0mPOST /api/seller/product/create [32m200 [0m31.835 ms - 71[0m
[0mOPTIONS /api/auth/seller/profile-details [32m204 [0m0.423 ms - 0[0m
[0mOPTIONS /api/seller/product/list [32m204 [0m0.317 ms - 0[0m
[0mPOST /api/seller/product/list [32m200 [0m32.371 ms - 30749[0m
[0mGET /api/auth/seller/profile-details [36m304 [0m10.280 ms - -[0m
[0mPOST /api/seller/product/list [32m200 [0m29.373 ms - 30749[0m
[0mGET /api/auth/seller/profile-details [36m304 [0m9.484 ms - -[0m
[0mPOST /api/seller/product/list [32m200 [0m25.064 ms - 30749[0m
[0mGET /api/auth/seller/profile-details [36m304 [0m5.780 ms - -[0m
[0mPOST /api/seller/product/list [32m200 [0m25.587 ms - 30749[0m
[0mOPTIONS /api/seller/product/list [32m204 [0m0.414 ms - 0[0m
[0mPOST /api/seller/product/list [32m200 [0m15.249 ms - 93[0m
[0mPOST /api/seller/product/list [32m200 [0m12.893 ms - 93[0m
[0mPOST /api/seller/product/list [32m200 [0m12.689 ms - 93[0m
[0mPOST /api/seller/product/list [32m200 [0m15.737 ms - 93[0m
[0mPOST /api/seller/product/list [32m200 [0m13.452 ms - 93[0m
[0mPOST /api/seller/product/list [32m200 [0m12.506 ms - 93[0m
[0mOPTIONS /api/seller/product/list [32m204 [0m0.567 ms - 0[0m
[0mPOST /api/seller/product/list [32m200 [0m15.026 ms - 93[0m
[0mPOST /api/seller/product/list [32m200 [0m24.674 ms - 57439[0m
[0mOPTIONS /api/auth/seller/profile-details [32m204 [0m3.180 ms - 0[0m
[0mOPTIONS /api/seller/product/list [32m204 [0m2.625 ms - 0[0m
[0mGET /api/auth/seller/profile-details [32m200 [0m33.711 ms - 189[0m
[0mPOST /api/seller/product/list [31m500 [0m34.731 ms - 34[0m
[0mOPTIONS /api/auth/seller/profile-details [32m204 [0m2.615 ms - 0[0m
[0mOPTIONS /api/seller/product/list [32m204 [0m0.676 ms - 0[0m
[0mGET /api/auth/seller/profile-details [32m200 [0m34.064 ms - 189[0m
[0mPOST /api/seller/product/list [31m500 [0m42.300 ms - 34[0m
[0mOPTIONS /api/auth/seller/profile-details [32m204 [0m4.884 ms - 0[0m
[0mOPTIONS /api/seller/product/list [32m204 [0m0.487 ms - 0[0m
[0mGET /api/auth/seller/profile-details [32m200 [0m29.307 ms - 189[0m
[0mPOST /api/seller/product/list [31m500 [0m32.566 ms - 34[0m
[0mOPTIONS /api/auth/seller/profile-details [32m204 [0m1.457 ms - 0[0m
[0mOPTIONS /api/seller/product/list [32m204 [0m0.917 ms - 0[0m
[0mGET /api/auth/seller/profile-details [32m200 [0m18.537 ms - 189[0m
[0mPOST /api/seller/product/list [31m500 [0m22.414 ms - 34[0m
[0mOPTIONS /api/auth/seller/profile-details [32m204 [0m0.695 ms - 0[0m
[0mOPTIONS /api/seller/product/list [32m204 [0m0.575 ms - 0[0m
[0mGET /api/auth/seller/profile-details [32m200 [0m13.993 ms - 189[0m
[0mPOST /api/seller/product/list [31m500 [0m13.486 ms - 34[0m
[0mOPTIONS /api/auth/seller/profile-details [32m204 [0m0.607 ms - 0[0m
[0mOPTIONS /api/seller/product/list [32m204 [0m0.355 ms - 0[0m
[0mGET /api/auth/seller/profile-details [36m304 [0m13.821 ms - -[0m
[0mPOST /api/seller/product/list [31m500 [0m16.936 ms - 34[0m
[0mOPTIONS /api/auth/seller/profile-details [32m204 [0m7.434 ms - 0[0m
[0mOPTIONS /api/seller/product/list [32m204 [0m1.265 ms - 0[0m
[0mGET /api/auth/seller/profile-details [32m200 [0m39.445 ms - 189[0m
[0mPOST /api/seller/product/list [31m500 [0m70.316 ms - 34[0m
[0mOPTIONS /api/auth/seller/profile-details [32m204 [0m8.479 ms - 0[0m
[0mOPTIONS /api/seller/product/list [32m204 [0m0.641 ms - 0[0m
[0mGET /api/auth/seller/profile-details [32m200 [0m44.370 ms - 189[0m
[0mPOST /api/seller/product/list [32m200 [0m76.047 ms - 57441[0m
[0mOPTIONS /api/auth/seller/profile-details [32m204 [0m4.508 ms - 0[0m
[0mOPTIONS /api/seller/product/list [32m204 [0m1.310 ms - 0[0m
[0mGET /api/auth/seller/profile-details [32m200 [0m34.163 ms - 189[0m
[0mPOST /api/seller/product/list [32m200 [0m51.260 ms - 30243[0m
[0mOPTIONS /api/seller/product/list [32m204 [0m1.975 ms - 0[0m
[0mPOST /api/seller/product/list [32m200 [0m45.857 ms - 61778[0m
[0mOPTIONS /api/seller/product/list [32m204 [0m0.694 ms - 0[0m
[0mPOST /api/seller/product/list [32m200 [0m60.156 ms - 67855[0m
[0mPOST /api/seller/product/list [32m200 [0m19.382 ms - 42922[0m
[0mPOST /api/seller/product/list [32m200 [0m20.666 ms - 33411[0m
[0mPOST /api/seller/product/list [32m200 [0m19.904 ms - 33411[0m
[0mPOST /api/seller/product/list [32m200 [0m25.352 ms - 4321[0m
[0mPOST /api/seller/product/list [32m200 [0m18.799 ms - 91[0m
[0mPOST /api/seller/product/list [32m200 [0m22.550 ms - 91[0m
[0mPOST /api/seller/product/list [32m200 [0m19.534 ms - 91[0m
[0mPOST /api/seller/product/list [32m200 [0m25.462 ms - 4321[0m
[0mPOST /api/seller/product/list [32m200 [0m23.330 ms - 33411[0m
[0mPOST /api/seller/product/list [32m200 [0m17.436 ms - 33411[0m
[0mPOST /api/seller/product/list [32m200 [0m20.471 ms - 42922[0m
[0mPOST /api/seller/product/list [32m200 [0m30.122 ms - 67855[0m
[0mPOST /api/seller/product/list [32m200 [0m24.826 ms - 61781[0m
[0mOPTIONS /api/seller/product/list [32m204 [0m0.312 ms - 0[0m
[0mPOST /api/seller/product/list [32m200 [0m23.162 ms - 91[0m
[0mPOST /api/seller/product/list [32m200 [0m27.111 ms - 61781[0m
[0mOPTIONS /api/auth/seller/login [32m204 [0m13.380 ms - 0[0m
[0mPOST /api/auth/seller/login [32m200 [0m309.807 ms - 214[0m
[0mOPTIONS /api/auth/seller/profile-details [32m204 [0m0.759 ms - 0[0m
[0mOPTIONS /api/seller/dasbhoard/list [32m204 [0m0.447 ms - 0[0m
[0mGET /api/auth/seller/profile-details [36m304 [0m11.366 ms - -[0m
[0mGET /api/seller/dasbhoard/list [32m200 [0m116.669 ms - 16175[0m
[0mOPTIONS /api/seller/product/list [32m204 [0m1.172 ms - 0[0m
[0mGET /api/auth/seller/profile-details [36m304 [0m8.400 ms - -[0m
[0mPOST /api/seller/product/list [32m200 [0m47.549 ms - 61778[0m
[0mOPTIONS /api/seller/product/list [32m204 [0m1.228 ms - 0[0m
[0mPOST /api/seller/product/list [32m200 [0m57.393 ms - 90302[0m
[0mPOST /api/seller/product/list [32m200 [0m27.817 ms - 8784[0m
[0mPOST /api/seller/product/list [32m200 [0m22.819 ms - 970[0m
[0mPOST /api/seller/product/list [32m200 [0m22.551 ms - 2067[0m
[0mOPTIONS /api/seller/product/list [32m204 [0m0.681 ms - 0[0m
[0mPOST /api/seller/product/list [32m200 [0m22.767 ms - 970[0m
[0mPOST /api/seller/product/list [32m200 [0m25.570 ms - 8784[0m
[0mPOST /api/seller/product/list [32m200 [0m42.051 ms - 90302[0m
[0mPOST /api/seller/product/list [32m200 [0m21.138 ms - 61781[0m
[0mPOST /api/seller/product/list [32m200 [0m46.111 ms - 90302[0m
[0mOPTIONS /api/seller/product/list [32m204 [0m0.432 ms - 0[0m
[0mPOST /api/seller/product/list [32m200 [0m29.230 ms - 61781[0m
[0mPOST /api/seller/product/list [32m200 [0m48.197 ms - 90302[0m
[0mPOST /api/seller/product/list [32m200 [0m24.447 ms - 8784[0m
[0mPOST /api/seller/product/list [32m200 [0m23.078 ms - 970[0m
[0mPOST /api/seller/product/list [32m200 [0m21.335 ms - 1180[0m
[0mOPTIONS /api/seller/product/list [32m204 [0m0.477 ms - 0[0m
[0mPOST /api/seller/product/list [32m200 [0m21.049 ms - 970[0m
[0mPOST /api/seller/product/list [32m200 [0m28.248 ms - 8784[0m
[0mPOST /api/seller/product/list [32m200 [0m43.112 ms - 90302[0m
[0mPOST /api/seller/product/list [32m200 [0m26.975 ms - 61781[0m
[0mOPTIONS /api/auth/seller/profile-details [32m204 [0m1.128 ms - 0[0m
[0mOPTIONS /api/seller/product/list [32m204 [0m0.787 ms - 0[0m
[0mGET /api/auth/seller/profile-details [36m304 [0m17.938 ms - -[0m
[0mPOST /api/seller/product/list [32m200 [0m38.771 ms - 61778[0m
[0mOPTIONS /api/auth/seller/profile-details [32m204 [0m4.261 ms - 0[0m
[0mOPTIONS /api/seller/dasbhoard/list [32m204 [0m1.131 ms - 0[0m
[0mGET /api/auth/seller/profile-details [36m304 [0m59.052 ms - -[0m
[0mGET /api/seller/dasbhoard/list [36m304 [0m163.995 ms - -[0m
[0mOPTIONS /api/seller/product/list [32m204 [0m0.363 ms - 0[0m
[0mGET /api/auth/seller/profile-details [36m304 [0m17.180 ms - -[0m
[0mPOST /api/seller/product/list [32m200 [0m42.323 ms - 61778[0m
[0mPOST /api/seller/product/list [32m200 [0m28.485 ms - 55950[0m
[0mPOST /api/seller/product/list [32m200 [0m20.098 ms - 4461[0m
[0mPOST /api/seller/product/list [32m200 [0m19.985 ms - 522[0m
[0mPOST /api/seller/product/list [32m200 [0m21.018 ms - 1692[0m
[0mOPTIONS /api/auth/seller/profile-details [32m204 [0m1.006 ms - 0[0m
[0mOPTIONS /api/seller/brand/list [32m204 [0m0.505 ms - 0[0m
[0mOPTIONS /api/product/color/list [32m204 [0m0.272 ms - 0[0m
[0mGET /api/auth/seller/profile-details [36m304 [0m7.355 ms - -[0m
[0mOPTIONS /api/seller/product/list-by-id [32m204 [0m5.885 ms - 0[0m
[0mGET /api/seller/brand/list [36m304 [0m39.197 ms - -[0m
[0mGET /api/product/color/list [36m304 [0m45.172 ms - -[0m
[0mPOST /api/seller/product/list-by-id [32m200 [0m114.892 ms - 398[0m
[0mOPTIONS /api/customer/getUserByEmailId [32m204 [0m18.848 ms - 0[0m
[0mOPTIONS /api/customer/getUserByEmailId [32m204 [0m15.857 ms - 0[0m
[0mGET /api/website/product/new-arrival [36m304 [0m73.535 ms - -[0m
[0mGET /api/website/popular/category-list [36m304 [0m62.875 ms - -[0m
[0mGET /api/website/category/list [36m304 [0m142.664 ms - -[0m
[0mGET /api/website/product/home-kitchen [36m304 [0m124.529 ms - -[0m
[0mGET /api/website/product/men-fashion [36m304 [0m125.005 ms - -[0m
[0mGET /api/website/product/women-fashion [36m304 [0m109.295 ms - -[0m
[0mGET /api/customer/getUserByEmailId [33m403 [0m47.162 ms - 36[0m
[0mGET /api/customer/getUserByEmailId [33m403 [0m33.315 ms - 36[0m
[0mGET /api/website/category/list [36m304 [0m44.150 ms - -[0m
[0mGET /api/website/category/list [36m304 [0m26.615 ms - -[0m
[0mGET /api/website/category/list [36m304 [0m38.714 ms - -[0m
[0mGET /api/website/category/list [36m304 [0m30.474 ms - -[0m
[0mGET /api/website/popular/category-list [36m304 [0m25.508 ms - -[0m
[0mGET /api/website/product/new-arrival [36m304 [0m64.283 ms - -[0m
[0mGET /api/website/product/women-fashion [36m304 [0m65.817 ms - -[0m
[0mGET /api/website/product/home-kitchen [36m304 [0m66.805 ms - -[0m
[0mGET /api/website/product/men-fashion [36m304 [0m65.821 ms - -[0m
[0mGET /api/website/category/list [36m304 [0m40.007 ms - -[0m
[0mGET /api/website/category/list [36m304 [0m13.186 ms - -[0m
[0mGET /api/website/category/list [36m304 [0m15.033 ms - -[0m
[0mGET /api/website/autosuggest/search?limit=5&query=n [32m200 [0m169.899 ms - 323610[0m
[0mGET /api/website/autosuggest/search?limit=5&query=nk [32m200 [0m20.083 ms - 10701[0m
[0mGET /api/website/catalog/category/search?queryString=ram-janki [32m200 [0m29.860 ms - 331[0m
[0mGET /api/website/catalog/product/search?filter_category=ram-janki%20 [32m200 [0m88.988 ms - 62[0m
[0mGET /api/website/popular/category-list [36m304 [0m27.699 ms - -[0m
[0mGET /api/website/category/list [36m304 [0m35.789 ms - -[0m
[0mGET /api/website/product/new-arrival [36m304 [0m53.595 ms - -[0m
[0mGET /api/website/product/home-kitchen [36m304 [0m63.766 ms - -[0m
[0mGET /api/website/product/men-fashion [36m304 [0m62.073 ms - -[0m
[0mGET /api/website/product/women-fashion [36m304 [0m60.180 ms - -[0m
[0mGET /api/website/autosuggest/search?limit=5&query=n [36m304 [0m145.186 ms - -[0m
[0mGET /api/website/autosuggest/search?limit=5&query=n [36m304 [0m169.718 ms - -[0m
[0mGET /api/website/autosuggest/search?limit=5&query=nk [36m304 [0m26.462 ms - -[0m
[0mGET /api/website/autosuggest/search?limit=5&query=nk%20 [32m200 [0m39.889 ms - 10701[0m
[0mGET /api/website/autosuggest/search?limit=5&query=nk%20s [32m200 [0m23.771 ms - 49[0m
[0mGET /api/website/autosuggest/search?limit=5&query=nk%20sh [32m200 [0m20.604 ms - 49[0m
[0mGET /api/website/autosuggest/search?limit=5&query=nk%20sho [32m200 [0m23.665 ms - 49[0m
[0mGET /api/website/category/list [36m304 [0m66.457 ms - -[0m
[0mGET /api/website/popular/category-list [36m304 [0m55.477 ms - -[0m
[0mGET /api/website/product/new-arrival [36m304 [0m98.971 ms - -[0m
[0mGET /api/website/product/women-fashion [36m304 [0m109.609 ms - -[0m
[0mGET /api/website/product/men-fashion [36m304 [0m111.934 ms - -[0m
[0mGET /api/website/product/home-kitchen [36m304 [0m111.349 ms - -[0m
[0mGET /api/website/category/list [36m304 [0m35.518 ms - -[0m
[0mGET /api/website/category/list [36m304 [0m15.195 ms - -[0m
[0mGET /api/website/category/list [36m304 [0m33.798 ms - -[0m
[0mGET /api/website/catalog/category/search?queryString=khaitan [36m304 [0m65.325 ms - -[0m
[0mGET /api/website/catalog/product/search?filter_category=khaitan [36m304 [0m150.156 ms - -[0m
[0mGET /api/website/product/detail?productId=5762&slug=khaitan-norwestor-ceiling-fan [32m200 [0m83.474 ms - 3046[0m
[0mGET /api/website/relatedProduct?productId=5762&slug=khaitan-norwestor-ceiling-fan [32m200 [0m81.857 ms - 3039[0m
[0mGET /api/website/category/list [36m304 [0m49.179 ms - -[0m
[0mGET /api/website/catalog/category/search?queryString=Khaitan [32m200 [0m72.551 ms - 566[0m
[0mGET /api/website/category/list [36m304 [0m21.750 ms - -[0m
[0mGET /api/website/category/list [36m304 [0m13.121 ms - -[0m
[0mGET /api/website/catalog/product/search?filter_category=Khaitan [32m200 [0m114.859 ms - 18120[0m
[0mGET /api/website/product/detail?productId=5761&slug=khaitan-norwestor-ceiling-fan [32m200 [0m75.533 ms - 2884[0m
[0mGET /api/website/relatedProduct?productId=5761&slug=khaitan-norwestor-ceiling-fan [32m200 [0m75.591 ms - 3039[0m
[0mGET /api/website/category/list [36m304 [0m24.419 ms - -[0m
[0mGET /api/website/category/list [36m304 [0m17.274 ms - -[0m
[0mGET /api/website/category/list [36m304 [0m23.020 ms - -[0m
[0mGET /api/website/product/detail?productId=5761&slug=khaitan-norwestor-ceiling-fan [36m304 [0m78.223 ms - -[0m
[0mGET /api/website/relatedProduct?productId=5761&slug=khaitan-norwestor-ceiling-fan [36m304 [0m78.583 ms - -[0m
[0mGET /api/website/category/list [36m304 [0m52.716 ms - -[0m
[0mGET /api/website/category/list [36m304 [0m21.166 ms - -[0m
[0mGET /api/website/product/detail?productId=5761&slug=khaitan-norwestor-ceiling-fan [32m200 [0m111.993 ms - 2867[0m
[0mGET /api/website/relatedProduct?productId=5761&slug=khaitan-norwestor-ceiling-fan [36m304 [0m103.735 ms - -[0m
[0mGET /api/website/category/list [36m304 [0m38.395 ms - -[0m
[0mGET /api/website/category/list [32m200 [0m97.472 ms - 27291[0m
[0mGET /api/website/category/list [32m200 [0m98.323 ms - 27291[0m
[0mGET /api/website/category/list [32m200 [0m91.763 ms - 27291[0m
[0mGET /api/website/relatedProduct?productId=5761&slug=khaitan-norwestor-ceiling-fan [32m200 [0m204.333 ms - 3039[0m
[0mGET /api/website/product/detail?productId=5761&slug=khaitan-norwestor-ceiling-fan [31m500 [0m211.248 ms - 3181[0m
[0mGET /api/website/category/list [36m304 [0m49.247 ms - -[0m
[0mGET /api/website/category/list [36m304 [0m24.189 ms - -[0m
[0mGET /api/website/product/detail?productId=5761&slug=khaitan-norwestor-ceiling-fan [32m200 [0m103.619 ms - 2867[0m
[0mGET /api/website/relatedProduct?productId=5761&slug=khaitan-norwestor-ceiling-fan [36m304 [0m108.483 ms - -[0m
[0mGET /api/website/category/list [36m304 [0m56.194 ms - -[0m
[0mGET /api/website/popular/category-list [36m304 [0m102.568 ms - -[0m
[0mGET /api/website/product/new-arrival [36m304 [0m108.743 ms - -[0m
[0mGET /api/website/category/list [36m304 [0m177.156 ms - -[0m
[0mGET /api/website/product/women-fashion [36m304 [0m167.787 ms - -[0m
[0mGET /api/website/product/home-kitchen [36m304 [0m172.577 ms - -[0m
[0mGET /api/website/product/men-fashion [36m304 [0m168.399 ms - -[0m
[0mGET /api/website/category/list [36m304 [0m22.543 ms - -[0m
[0mGET /api/website/category/list [36m304 [0m31.343 ms - -[0m
[0mGET /api/website/category/list [36m304 [0m38.003 ms - -[0m
[0mGET /api/website/autosuggest/search?limit=5&query=s [32m200 [0m115.335 ms - 298437[0m
[0mGET /api/website/autosuggest/search?limit=5&query=so [32m200 [0m27.401 ms - 29740[0m
[0mGET /api/website/autosuggest/search?limit=5&query=sona [32m200 [0m15.864 ms - 1574[0m
[0mGET /api/website/autosuggest/search?limit=5&query=son [32m200 [0m21.523 ms - 5760[0m
[0mGET /api/website/autosuggest/search?limit=5&query=so [36m304 [0m23.954 ms - -[0m
[0mGET /api/website/autosuggest/search?limit=5&query=s [36m304 [0m72.890 ms - -[0m
[0mGET /api/website/autosuggest/search?limit=5&query=u [32m200 [0m87.428 ms - 212965[0m
[0mGET /api/website/autosuggest/search?limit=5&query=un [32m200 [0m19.656 ms - 25918[0m
[0mGET /api/website/autosuggest/search?limit=5&query=u [36m304 [0m56.915 ms - -[0m
[0mGET /api/website/autosuggest/search?limit=5&query=k [32m200 [0m49.961 ms - 127913[0m
[0mGET /api/website/autosuggest/search?limit=5&query=su [32m200 [0m24.961 ms - 17781[0m
[0mGET /api/website/autosuggest/search?limit=5&query=sun [32m200 [0m18.934 ms - 5398[0m
[0mGET /api/website/autosuggest/search?limit=5&query=sunfl [32m200 [0m17.414 ms - 153[0m
[0mGET /api/website/autosuggest/search?limit=5&query=sunflo [32m200 [0m18.654 ms - 153[0m
[0mGET /api/website/autosuggest/search?limit=5&query=sunflowe [32m200 [0m16.160 ms - 153[0m
[0mGET /api/website/autosuggest/search?limit=5&query=sunflower [32m200 [0m16.846 ms - 153[0m
[0mGET /api/website/catalog/category/search?queryString=Sunflower,%20Rice%20Bran%20Oil [32m200 [0m35.386 ms - 537[0m
[0mGET /api/website/catalog/product/search?filter_category=Sunflower%2C%20Rice%20Bran%20Oil%20 [32m200 [0m112.021 ms - 62[0m
[0mGET /api/website/autosuggest/search?limit=5&query=s [36m304 [0m101.060 ms - -[0m
[0mGET /api/website/autosuggest/search?limit=5&query=su [36m304 [0m27.674 ms - -[0m
[0mGET /api/website/autosuggest/search?limit=5&query=sun [36m304 [0m20.593 ms - -[0m
[0mGET /api/website/autosuggest/search?limit=5&query=sunfl [36m304 [0m16.302 ms - -[0m
[0mGET /api/website/autosuggest/search?limit=5&query=sunflo [36m304 [0m20.938 ms - -[0m
[0mGET /api/website/catalog/category/search?queryString=sunflower [32m200 [0m34.496 ms - 537[0m
[0mGET /api/website/catalog/product/search?filter_category=sunflower%20 [32m200 [0m81.675 ms - 62[0m
[0mGET /api/website/catalog/product/search?filter_category=sunflower%20 [36m304 [0m46.295 ms - -[0m
[0mGET /api/website/popular/category-list [36m304 [0m48.969 ms - -[0m
[0mGET /api/website/product/new-arrival [36m304 [0m67.708 ms - -[0m
[0mGET /api/website/product/home-kitchen [36m304 [0m96.420 ms - -[0m
[0mGET /api/website/category/list [36m304 [0m105.678 ms - -[0m
[0mGET /api/website/product/women-fashion [36m304 [0m102.292 ms - -[0m
[0mGET /api/website/product/men-fashion [36m304 [0m102.126 ms - -[0m
[0mGET /api/website/product/detail?productId=6149&slug=cream-21-normal-body-lotion-250ml [32m200 [0m88.757 ms - 3617[0m
[0mGET /api/website/relatedProduct?productId=6149&slug=cream-21-normal-body-lotion-250ml [32m200 [0m95.493 ms - 9764[0m
[0mGET /api/website/popular/category-list [36m304 [0m14.205 ms - -[0m
[0mGET /api/website/category/list [36m304 [0m31.403 ms - -[0m
[0mGET /api/website/product/women-fashion [36m304 [0m58.588 ms - -[0m
[0mGET /api/website/product/home-kitchen [36m304 [0m58.830 ms - -[0m
[0mGET /api/website/product/new-arrival [36m304 [0m58.504 ms - -[0m
[0mGET /api/website/product/men-fashion [36m304 [0m59.462 ms - -[0m
[0mGET /api/website/product/detail?productId=5943&slug=z-shang-fashion-classic-black-men-jacket [32m200 [0m91.741 ms - 1921[0m
[0mGET /api/website/relatedProduct?productId=5943&slug=z-shang-fashion-classic-black-men-jacket [32m200 [0m91.447 ms - 2947[0m
[0mOPTIONS /api/auth/seller/login [32m204 [0m4.954 ms - 0[0m
[0mPOST /api/auth/seller/login [32m200 [0m242.900 ms - 214[0m
[0mOPTIONS /api/auth/seller/profile-details [32m204 [0m0.813 ms - 0[0m
[0mOPTIONS /api/seller/dasbhoard/list [32m204 [0m0.237 ms - 0[0m
[0mGET /api/auth/seller/profile-details [32m200 [0m10.757 ms - 206[0m
[0mGET /api/seller/dasbhoard/list [32m200 [0m30.197 ms - 1445[0m
[0mOPTIONS /api/vendor/shop-detail [32m204 [0m0.395 ms - 0[0m
[0mGET /api/auth/seller/profile-details [36m304 [0m4.487 ms - -[0m
[0mGET /api/vendor/shop-detail [32m200 [0m4.302 ms - 451[0m
[0mOPTIONS /api/customer/getUserByEmailId [32m204 [0m1.912 ms - 0[0m
[0mOPTIONS /api/customer/getUserByEmailId [32m204 [0m1.066 ms - 0[0m
[0mGET /api/customer/getUserByEmailId [33m403 [0m13.677 ms - 36[0m
[0mGET /api/customer/getUserByEmailId [33m403 [0m8.550 ms - 36[0m
[0mGET /api/website/category/list [36m304 [0m50.231 ms - -[0m
[0mGET /api/website/product/detail?productId=5943&slug=z-shang-fashion-classic-black-men-jacket [36m304 [0m80.197 ms - -[0m
[0mGET /api/website/category/list [36m304 [0m26.157 ms - -[0m
[0mGET /api/website/category/list [36m304 [0m16.936 ms - -[0m
[0mGET /api/website/relatedProduct?productId=5943&slug=z-shang-fashion-classic-black-men-jacket [36m304 [0m113.197 ms - -[0m
[0mGET /api/website/category/list [36m304 [0m30.031 ms - -[0m
[0mGET /api/website/category/list [36m304 [0m11.990 ms - -[0m
[0mGET /api/website/category/list [36m304 [0m17.509 ms - -[0m
[0mGET /api/website/category/list [36m304 [0m70.495 ms - -[0m
[0mGET /api/website/popular/category-list [36m304 [0m48.271 ms - -[0m
[0mGET /api/website/product/home-kitchen [36m304 [0m72.102 ms - -[0m
[0mGET /api/website/product/new-arrival [36m304 [0m73.878 ms - -[0m
[0mGET /api/website/product/women-fashion [36m304 [0m84.641 ms - -[0m
[0mGET /api/website/product/men-fashion [36m304 [0m84.773 ms - -[0m
[0mGET /api/website/product/detail?productId=5943&slug=z-shang-fashion-classic-black-men-jacket [36m304 [0m105.584 ms - -[0m
[0mGET /api/website/relatedProduct?productId=5943&slug=z-shang-fashion-classic-black-men-jacket [32m200 [0m108.248 ms - 2947[0m
[0mGET /api/website/category/list [32m200 [0m81.810 ms - 27291[0m
[0mGET /api/website/category/list [32m200 [0m82.608 ms - 27291[0m
[0mGET /api/website/category/list [32m200 [0m67.041 ms - 27291[0m
[0mGET /api/website/product/detail?productId=5943&slug=z-shang-fashion-classic-black-men-jacket [32m200 [0m114.347 ms - 1893[0m
[0mGET /api/website/relatedProduct?productId=5943&slug=z-shang-fashion-classic-black-men-jacket [32m200 [0m110.676 ms - 2947[0m
[0mGET /api/website/category/list [36m304 [0m45.492 ms - -[0m
[0mGET /api/website/category/list [36m304 [0m34.889 ms - -[0m
[0mGET /api/website/product/detail?productId=5943&slug=z-shang-fashion-classic-black-men-jacket [36m304 [0m118.172 ms - -[0m
[0mGET /api/website/relatedProduct?productId=5943&slug=z-shang-fashion-classic-black-men-jacket [36m304 [0m117.004 ms - -[0m
[0mGET /api/website/category/list [36m304 [0m44.960 ms - -[0m
[0mGET /api/website/category/list [32m200 [0m92.585 ms - 27291[0m
[0mGET /api/website/category/list [32m200 [0m88.975 ms - 27291[0m
[0mGET /api/website/category/list [32m200 [0m95.690 ms - 27291[0m
[0mGET /api/website/product/detail?productId=5943&slug=z-shang-fashion-classic-black-men-jacket [32m200 [0m163.878 ms - 1907[0m
[0mGET /api/website/relatedProduct?productId=5943&slug=z-shang-fashion-classic-black-men-jacket [32m200 [0m164.151 ms - 2947[0m
[0mGET /api/website/category/list [32m200 [0m95.820 ms - 27291[0m
[0mGET /api/website/category/list [32m200 [0m90.047 ms - 27291[0m
[0mGET /api/website/category/list [32m200 [0m99.086 ms - 27291[0m
[0mGET /api/website/product/detail?productId=5943&slug=z-shang-fashion-classic-black-men-jacket [32m200 [0m169.576 ms - 1907[0m
[0mGET /api/website/relatedProduct?productId=5943&slug=z-shang-fashion-classic-black-men-jacket [32m200 [0m168.953 ms - 2947[0m
[0mGET /api/website/category/list [32m200[0m 84.832 ms - 27291[0m
[0mGET /api/website/category/list [32m200[0m 90.595 ms - 27291[0m
[0mGET /api/website/category/list [32m200[0m 87.551 ms - 27291[0m
[0mGET /api/website/product/detail?productId=5943&slug=z-shang-fashion-classic-black-men-jacket [32m200[0m 180.620 ms - 2317[0m
[0mGET /api/website/relatedProduct?productId=5943&slug=z-shang-fashion-classic-black-men-jacket [32m200[0m 184.214 ms - 2947[0m
[0mGET /api/website/category/list [32m200[0m 92.490 ms - 27291[0m
[0mGET /api/website/category/list [32m200[0m 94.922 ms - 27291[0m
[0mGET /api/website/category/list [32m200[0m 90.952 ms - 27291[0m
[0mGET /api/website/product/detail?productId=5943&slug=z-shang-fashion-classic-black-men-jacket [32m200[0m 185.989 ms - 1923[0m
[0mGET /api/website/relatedProduct?productId=5943&slug=z-shang-fashion-classic-black-men-jacket [32m200[0m 187.726 ms - 2947[0m
[0mGET /api/website/category/list [32m200[0m 123.326 ms - 27291[0m
[0mGET /api/website/category/list [32m200[0m 132.343 ms - 27291[0m
[0mGET /api/website/category/list [32m200[0m 133.126 ms - 27291[0m
[0mGET /api/website/product/detail?productId=5943&slug=z-shang-fashion-classic-black-men-jacket [32m200[0m 218.654 ms - 1923[0m
[0mGET /api/website/relatedProduct?productId=5943&slug=z-shang-fashion-classic-black-men-jacket [32m200[0m 217.874 ms - 2947[0m
[0mGET /api/website/category/list [36m304[0m 28.742 ms - -[0m
[0mGET /api/website/catalog/category/search?queryString=Demand%20Collection [32m200[0m 54.444 ms - 62[0m
[0mGET /api/website/category/list [36m304[0m 27.723 ms - -[0m
[0mGET /api/website/catalog/product/search?filter_category=Demand%20Collection [32m200[0m 61.980 ms - 62[0m
[0mGET /api/website/category/list [36m304[0m 17.393 ms - -[0m
[0mGET /api/website/category/list [36m304[0m 47.452 ms - -[0m
[0mGET /api/website/catalog/category/search?queryString=Demand%20Collection [36m304[0m 53.431 ms - -[0m
[0mGET /api/website/catalog/product/search?filter_category=Demand%20Collection [36m304[0m 67.914 ms - -[0m
[0mGET /api/website/category/list [36m304[0m 30.173 ms - -[0m
[0mGET /api/website/category/list [36m304[0m 46.491 ms - -[0m
[0mGET /api/website/category/list [32m200[0m 42.338 ms - 27291[0m
[0mGET /api/website/category/list [32m200[0m 40.774 ms - 27291[0m
[0mGET /api/website/category/list [32m200[0m 42.581 ms - 27291[0m
[0mGET /api/website/product/detail?productId=5943&slug=z-shang-fashion-classic-black-men-jacket [32m200[0m 98.454 ms - 1923[0m
[0mGET /api/website/relatedProduct?productId=5943&slug=z-shang-fashion-classic-black-men-jacket [32m200[0m 112.775 ms - 2947[0m
[0mGET /api/website/category/list [32m200[0m 57.281 ms - 27291[0m
[0mGET /api/website/category/list [32m200[0m 53.616 ms - 27291[0m
[0mGET /api/website/category/list [32m200[0m 57.444 ms - 27291[0m
[0mGET /api/website/product/detail?productId=5943&slug=z-shang-fashion-classic-black-men-jacket [32m200[0m 114.593 ms - 1923[0m
[0mGET /api/website/relatedProduct?productId=5943&slug=z-shang-fashion-classic-black-men-jacket [32m200[0m 121.366 ms - 2947[0m
[0mGET /api/website/category/list [36m304[0m 19.243 ms - -[0m
[0mGET /api/website/catalog/category/search?queryString=Demand%20Collection [36m304[0m 28.366 ms - -[0m
[0mGET /api/website/category/list [36m304[0m 15.740 ms - -[0m
[0mGET /api/website/catalog/product/search?filter_category=Demand%20Collection [36m304[0m 37.347 ms - -[0m
[0mGET /api/website/category/list [36m304[0m 50.602 ms - -[0m
