[0mOPTIONS /api/auth/rootLogin [32m204[0m 6.889 ms - 0[0m
[0mPOST /api/auth/rootLogin [32m200[0m 270.881 ms - 211[0m
[0mOPTIONS /api/order/notifications [32m204[0m 0.388 ms - 0[0m
[0mOPTIONS /api/order/list [32m204[0m 0.295 ms - 0[0m
[0mOPTIONS /api/order/count [32m204[0m 0.169 ms - 0[0m
[0mGET /api/order/count [32m200[0m 16.873 ms - 196[0m
[0mPOST /api/order/list [32m200[0m 34.425 ms - 10815[0m
[0mGET /api/order/notifications [32m200[0m 41.745 ms - 36[0m
[0mOPTIONS /api/order/notifications [32m204[0m 1.448 ms - 0[0m
[0mOPTIONS /api/vendor/sellar/website-list [32m204[0m 0.350 ms - 0[0m
[0mGET /api/vendor/sellar/website-list [32m200[0m 11.566 ms - 26[0m
[0mGET /api/order/notifications [36m304[0m 28.337 ms - -[0m
[0mOPTIONS /api/order/notifications [32m204[0m 0.386 ms - 0[0m
[0mOPTIONS /api/vendor/sellar/website-list [32m204[0m 0.264 ms - 0[0m
[0mGET /api/vendor/sellar/website-list [36m304[0m 7.562 ms - -[0m
[0mGET /api/order/notifications [36m304[0m 19.113 ms - -[0m
[0mOPTIONS /api/order/notifications [32m204[0m 2.270 ms - 0[0m
[0mOPTIONS /api/vendor/sellar/website-list [32m204[0m 0.530 ms - 0[0m
[0mGET /api/vendor/sellar/website-list [36m304[0m 43.981 ms - -[0m
[0mGET /api/order/notifications [36m304[0m 78.681 ms - -[0m
[0mOPTIONS /api/order/notifications [32m204[0m 4.167 ms - 0[0m
[0mOPTIONS /api/vendor/sellar/website-list [32m204[0m 0.303 ms - 0[0m
[0mGET /api/vendor/sellar/website-list [36m304[0m 16.832 ms - -[0m
[0mGET /api/order/notifications [36m304[0m 29.985 ms - -[0m
[0mOPTIONS /api/order/notifications [32m204[0m 2.326 ms - 0[0m
[0mOPTIONS /api/vendor/sellar/website-list [32m204[0m 0.550 ms - 0[0m
[0mGET /api/vendor/sellar/website-list [36m304[0m 16.462 ms - -[0m
[0mGET /api/order/notifications [36m304[0m 32.931 ms - -[0m
[0mOPTIONS /api/order/notifications [32m204[0m 0.919 ms - 0[0m
[0mOPTIONS /api/vendor/sellar/website-list [32m204[0m 0.173 ms - 0[0m
[0mGET /api/vendor/sellar/website-list [36m304[0m 17.081 ms - -[0m
[0mGET /api/order/notifications [36m304[0m 34.591 ms - -[0m
[0mOPTIONS /api/order/notifications [32m204[0m 0.653 ms - 0[0m
[0mOPTIONS /api/salon/parlour/getAllParlourList [32m204[0m 0.678 ms - 0[0m
[0mGET /api/salon/parlour/getAllParlourList [32m200[0m 16.950 ms - 4625[0m
[0mGET /api/order/notifications [36m304[0m 22.192 ms - -[0m
[0mOPTIONS /api/order/notifications [32m204[0m 1.166 ms - 0[0m
[0mOPTIONS /api/salon/parlour/getAllParlourList [32m204[0m 0.316 ms - 0[0m
[0mGET /api/salon/parlour/getAllParlourList [36m304[0m 21.546 ms - -[0m
[0mGET /api/order/notifications [36m304[0m 30.822 ms - -[0m
[0mOPTIONS /api/order/notifications [32m204[0m 1.130 ms - 0[0m
[0mOPTIONS /api/salon/parlour/getAllParlourList [32m204[0m 0.229 ms - 0[0m
[0mGET /api/salon/parlour/getAllParlourList [36m304[0m 16.476 ms - -[0m
[0mGET /api/order/notifications [36m304[0m 32.096 ms - -[0m
[0mOPTIONS /api/order/notifications [32m204[0m 0.338 ms - 0[0m
[0mOPTIONS /api/salon/parlour/getAllParlourList [32m204[0m 0.146 ms - 0[0m
[0mGET /api/salon/parlour/getAllParlourList [36m304[0m 6.404 ms - -[0m
[0mGET /api/order/notifications [36m304[0m 15.678 ms - -[0m
[0mOPTIONS /api/order/notifications [32m204[0m 5.570 ms - 0[0m
[0mOPTIONS /api/salon/parlour/getAllParlourList [32m204[0m 0.975 ms - 0[0m
[0mGET /api/salon/parlour/getAllParlourList [36m304[0m 14.837 ms - -[0m
[0mGET /api/order/notifications [36m304[0m 27.293 ms - -[0m
[0mOPTIONS /api/order/notifications [32m204[0m 0.488 ms - 0[0m
[0mOPTIONS /api/salon/parlour/getAllParlourList [32m204[0m 0.523 ms - 0[0m
[0mGET /api/salon/parlour/getAllParlourList [36m304[0m 7.984 ms - -[0m
[0mGET /api/order/notifications [36m304[0m 23.820 ms - -[0m
[0mOPTIONS /api/order/notifications [32m204[0m 0.387 ms - 0[0m
[0mOPTIONS /api/salon/parlour/getAllParlourList [32m204[0m 0.147 ms - 0[0m
[0mGET /api/salon/parlour/getAllParlourList [36m304[0m 7.895 ms - -[0m
[0mGET /api/order/notifications [36m304[0m 19.030 ms - -[0m
[0mOPTIONS /api/order/notifications [32m204[0m 1.286 ms - 0[0m
[0mOPTIONS /api/location/list [32m204[0m 0.336 ms - 0[0m
[0mGET /api/location/list [32m200[0m 13.208 ms - 1949[0m
[0mGET /api/order/notifications [36m304[0m 20.650 ms - -[0m
[0mOPTIONS /api/order/notifications [32m204[0m 1.106 ms - 0[0m
[0mOPTIONS /api/location/list [32m204[0m 0.238 ms - 0[0m
[0mGET /api/location/list [36m304[0m 8.168 ms - -[0m
[0mGET /api/order/notifications [36m304[0m 33.588 ms - -[0m
[0mOPTIONS /api/order/notifications [32m204[0m 1.167 ms - 0[0m
[0mOPTIONS /api/location/list [32m204[0m 0.168 ms - 0[0m
[0mGET /api/location/list [36m304[0m 18.075 ms - -[0m
[0mGET /api/order/notifications [36m304[0m 45.986 ms - -[0m
[0mOPTIONS /api/order/notifications [32m204[0m 0.987 ms - 0[0m
[0mOPTIONS /api/location/list [32m204[0m 0.924 ms - 0[0m
[0mGET /api/location/list [36m304[0m 24.455 ms - -[0m
[0mGET /api/order/notifications [36m304[0m 42.458 ms - -[0m
[0mOPTIONS /api/order/notifications [32m204[0m 1.339 ms - 0[0m
[0mOPTIONS /api/location/list [32m204[0m 0.178 ms - 0[0m
[0mGET /api/location/list [36m304[0m 11.907 ms - -[0m
[0mGET /api/order/notifications [36m304[0m 34.544 ms - -[0m
[0mOPTIONS /api/order/notifications [32m204[0m 1.037 ms - 0[0m
[0mOPTIONS /api/location/list [32m204[0m 0.332 ms - 0[0m
[0mGET /api/location/list [36m304[0m 16.653 ms - -[0m
[0mGET /api/order/notifications [36m304[0m 42.326 ms - -[0m
[0mOPTIONS /api/order/notifications [32m204[0m 0.834 ms - 0[0m
[0mOPTIONS /api/location/list [32m204[0m 1.414 ms - 0[0m
[0mGET /api/location/list [36m304[0m 12.060 ms - -[0m
[0mGET /api/order/notifications [36m304[0m 30.160 ms - -[0m
[0mOPTIONS /api/order/notifications [32m204[0m 1.258 ms - 0[0m
[0mOPTIONS /api/location/list [32m204[0m 0.156 ms - 0[0m
[0mGET /api/location/list [36m304[0m 12.582 ms - -[0m
[0mGET /api/order/notifications [36m304[0m 28.668 ms - -[0m
[0mOPTIONS /api/order/notifications [32m204[0m 1.400 ms - 0[0m
[0mOPTIONS /api/location/list [32m204[0m 0.153 ms - 0[0m
[0mGET /api/location/list [36m304[0m 12.807 ms - -[0m
[0mGET /api/order/notifications [36m304[0m 31.897 ms - -[0m
[0mOPTIONS /api/order/notifications [32m204[0m 1.161 ms - 0[0m
[0mOPTIONS /api/location/list [32m204[0m 0.199 ms - 0[0m
[0mGET /api/location/list [32m200[0m 5.402 ms - 1949[0m
[0mGET /api/order/notifications [32m200[0m 27.082 ms - 36[0m
[0mOPTIONS /api/order/notifications [32m204[0m 2.427 ms - 0[0m
[0mOPTIONS /api/location/list [32m204[0m 0.340 ms - 0[0m
[0mGET /api/location/list [36m304[0m 9.531 ms - -[0m
[0mGET /api/order/notifications [36m304[0m 28.061 ms - -[0m
[0mOPTIONS /api/order/notifications [32m204[0m 0.975 ms - 0[0m
[0mOPTIONS /api/location/list [32m204[0m 0.154 ms - 0[0m
[0mGET /api/location/list [36m304[0m 9.500 ms - -[0m
[0mGET /api/order/notifications [36m304[0m 32.148 ms - -[0m
[0mOPTIONS /api/order/notifications [32m204[0m 1.018 ms - 0[0m
[0mOPTIONS /api/location/list [32m204[0m 0.311 ms - 0[0m
[0mGET /api/location/list [36m304[0m 3.365 ms - -[0m
[0mGET /api/order/notifications [36m304[0m 29.378 ms - -[0m
[0mOPTIONS /api/order/notifications [32m204[0m 1.215 ms - 0[0m
[0mOPTIONS /api/location/list [32m204[0m 0.169 ms - 0[0m
[0mGET /api/location/list [36m304[0m 10.741 ms - -[0m
[0mGET /api/order/notifications [36m304[0m 37.651 ms - -[0m
[0mOPTIONS /api/order/notifications [32m204[0m 1.672 ms - 0[0m
[0mOPTIONS /api/location/list [32m204[0m 0.340 ms - 0[0m
[0mGET /api/location/list [36m304[0m 5.129 ms - -[0m
[0mGET /api/order/notifications [36m304[0m 26.198 ms - -[0m
[0mOPTIONS /api/order/notifications [32m204[0m 1.133 ms - 0[0m
[0mOPTIONS /api/location/list [32m204[0m 0.192 ms - 0[0m
[0mGET /api/location/list [36m304[0m 15.667 ms - -[0m
[0mGET /api/order/notifications [36m304[0m 35.227 ms - -[0m
[0mOPTIONS /api/order/notifications [32m204[0m 0.941 ms - 0[0m
[0mOPTIONS /api/location/list [32m204[0m 0.154 ms - 0[0m
[0mGET /api/location/list [36m304[0m 6.924 ms - -[0m
[0mGET /api/order/notifications [36m304[0m 24.156 ms - -[0m
[0mOPTIONS /api/order/notifications [32m204[0m 1.157 ms - 0[0m
[0mOPTIONS /api/location/list [32m204[0m 0.160 ms - 0[0m
[0mGET /api/location/list [36m304[0m 12.585 ms - -[0m
[0mGET /api/order/notifications [36m304[0m 26.042 ms - -[0m
[0mOPTIONS /api/order/notifications [32m204[0m 1.027 ms - 0[0m
[0mOPTIONS /api/location/list [32m204[0m 0.171 ms - 0[0m
[0mGET /api/location/list [32m200[0m 16.966 ms - 1949[0m
[0mGET /api/order/notifications [32m200[0m 38.147 ms - 36[0m
[0mGET /api/order/notifications [36m304[0m 12.914 ms - -[0m
[0mOPTIONS /api/order/notifications [32m204[0m 2.441 ms - 0[0m
[0mGET /api/order/notifications [36m304[0m 77.138 ms - -[0m
[0mOPTIONS /api/order/notifications [32m204[0m 1.388 ms - 0[0m
[0mGET /api/order/notifications [36m304[0m 29.909 ms - -[0m
[0mOPTIONS /api/order/notifications [32m204[0m 0.985 ms - 0[0m
[0mGET /api/order/notifications [36m304[0m 88.819 ms - -[0m
[0mGET /api/order/notifications [36m304[0m 15.832 ms - -[0m
[0mOPTIONS /api/order/notifications [32m204[0m 1.048 ms - 0[0m
[0mGET /api/order/notifications [36m304[0m 28.599 ms - -[0m
[0mOPTIONS /api/order/notifications [32m204[0m 1.594 ms - 0[0m
[0mGET /api/order/notifications [36m304[0m 22.277 ms - -[0m
[0mGET /api/order/notifications [36m304[0m 26.436 ms - -[0m
[0mOPTIONS /api/order/notifications [32m204[0m 1.002 ms - 0[0m
[0mGET /api/order/notifications [36m304[0m 30.929 ms - -[0m
[0mOPTIONS /api/order/notifications [32m204[0m 1.196 ms - 0[0m
[0mGET /api/order/notifications [36m304[0m 35.023 ms - -[0m
[0mOPTIONS /api/order/notifications [32m204[0m 1.313 ms - 0[0m
[0mGET /api/order/notifications [36m304[0m 27.319 ms - -[0m
[0mOPTIONS /api/order/notifications [32m204[0m 6.918 ms - 0[0m
[0mGET /api/order/notifications [32m200[0m 77.996 ms - 36[0m
[0mOPTIONS /api/order/notifications [32m204[0m 1.025 ms - 0[0m
[0mGET /api/order/notifications [36m304[0m 31.131 ms - -[0m
