[0mOPTIONS /api/auth/rootLogin [32m204[0m 7.357 ms - 0[0m
[0mPOST /api/auth/rootLogin [32m200[0m 348.158 ms - 211[0m
[0mOPTIONS /api/order/notifications [32m204[0m 0.356 ms - 0[0m
[0mOPTIONS /api/order/list [32m204[0m 0.191 ms - 0[0m
[0mOPTIONS /api/order/count [32m204[0m 0.139 ms - 0[0m
[0mGET /api/order/count [32m200[0m 16.678 ms - 196[0m
[0mGET /api/order/notifications [32m200[0m 59.134 ms - 36[0m
[0mPOST /api/order/list [32m200[0m 64.152 ms - 8752[0m
[0mOPTIONS /api/order/notifications [32m204[0m 0.342 ms - 0[0m
[0mOPTIONS /api/product/admin/banner-list [32m204[0m 0.219 ms - 0[0m
[0mGET /api/product/admin/banner-list [32m200[0m 10.792 ms - 415[0m
[0mGET /api/order/notifications [36m304[0m 20.762 ms - -[0m
[0mOPTIONS /api/order/notifications [32m204[0m 3.221 ms - 0[0m
[0mOPTIONS /api/product/admin/banner-list [32m204[0m 0.571 ms - 0[0m
[0mGET /api/product/admin/banner-list [36m304[0m 12.601 ms - -[0m
[0mGET /api/order/notifications [36m304[0m 27.681 ms - -[0m
[0mOPTIONS /api/order/notifications [32m204[0m 1.176 ms - 0[0m
[0mOPTIONS /api/product/admin/banner-list [32m204[0m 0.185 ms - 0[0m
[0mGET /api/product/admin/banner-list [36m304[0m 9.645 ms - -[0m
[0mGET /api/order/notifications [36m304[0m 23.918 ms - -[0m
[0mOPTIONS /api/order/notifications [32m204[0m 5.860 ms - 0[0m
[0mOPTIONS /api/product/admin/banner-list [32m204[0m 3.252 ms - 0[0m
[0mGET /api/product/admin/banner-list [32m200[0m 31.832 ms - 439[0m
[0mGET /api/order/notifications [36m304[0m 40.504 ms - -[0m
[0mOPTIONS /api/product/banner-upload [32m204[0m 5.987 ms - 0[0m
[0mPOST /api/product/banner-upload [31m500[0m 3135.958 ms - 3166[0m
[0mOPTIONS /api/order/notifications [32m204[0m 4.983 ms - 0[0m
[0mOPTIONS /api/product/admin/banner-list [32m204[0m 0.707 ms - 0[0m
[0mGET /api/product/admin/banner-list [36m304[0m 18.860 ms - -[0m
[0mGET /api/order/notifications [36m304[0m 36.629 ms - -[0m
[0mOPTIONS /api/product/banner-upload [32m204[0m 8.458 ms - 0[0m
[0mPOST /api/product/banner-upload [31m500[0m 3249.364 ms - 3166[0m
[0mOPTIONS /api/order/notifications [32m204[0m 2.589 ms - 0[0m
[0mOPTIONS /api/product/admin/banner-list [32m204[0m 0.558 ms - 0[0m
[0mGET /api/product/admin/banner-list [32m200[0m 20.491 ms - 439[0m
[0mGET /api/order/notifications [32m200[0m 43.112 ms - 36[0m
[0mOPTIONS /api/order/notifications [32m204[0m 1.375 ms - 0[0m
[0mOPTIONS /api/product/admin/banner-list [32m204[0m 0.522 ms - 0[0m
[0mGET /api/product/admin/banner-list [36m304[0m 17.292 ms - -[0m
[0mGET /api/order/notifications [36m304[0m 38.166 ms - -[0m
[0mOPTIONS /api/product/banner-upload [32m204[0m 0.766 ms - 0[0m
[0mPOST /api/product/banner-upload [32m200[0m 2892.580 ms - 57[0m
[0mOPTIONS /api/order/notifications [32m204[0m 0.327 ms - 0[0m
[0mOPTIONS /api/product/admin/banner-list [32m204[0m 0.217 ms - 0[0m
[0mGET /api/product/admin/banner-list [32m200[0m 3.583 ms - 676[0m
[0mGET /api/order/notifications [36m304[0m 15.617 ms - -[0m
[0mOPTIONS /api/order/notifications [32m204[0m 5.197 ms - 0[0m
[0mOPTIONS /api/product/admin/banner-list [32m204[0m 2.771 ms - 0[0m
[0mGET /api/product/admin/banner-list [36m304[0m 28.569 ms - -[0m
[0mGET /api/order/notifications [36m304[0m 50.456 ms - -[0m
[0mOPTIONS /api/order/notifications [32m204[0m 1.375 ms - 0[0m
[0mOPTIONS /api/product/admin/banner-list [32m204[0m 0.623 ms - 0[0m
[0mGET /api/product/admin/banner-list [36m304[0m 15.952 ms - -[0m
[0mGET /api/order/notifications [36m304[0m 31.884 ms - -[0m
[0mOPTIONS /api/customer/getUserByEmailId [32m204[0m 17.177 ms - 0[0m
[0mOPTIONS /api/customer/getUserByEmailId [32m204[0m 0.538 ms - 0[0m
[0mGET /api/customer/getUserByEmailId [33m403[0m 99.300 ms - 36[0m
[0mGET /api/customer/getUserByEmailId [33m403[0m 5.449 ms - 36[0m
