[0mGET /api/website/autosuggest/search?limit=5&query=https%3A%2F%2Fwww.ncbi.nlm.nih.gov%2Fpmc%2Farticles%2FPMC7479733%2F [32m200[0m 106.405 ms - 49[0m
[0mGET /api/website/catalog/category/search?queryString=baltra [32m200[0m 78.517 ms - 814[0m
[0mGET /api/website/catalog/product/search?filter_category=baltra [32m200[0m 99.673 ms - 17198[0m
[0mGET /api/website/catalog/product/search?filter_category=baltra [36m304[0m 80.192 ms - -[0m
[0mGET /api/website/catalog/product/search?filter_category=baltra [36m304[0m 125.505 ms - -[0m
[0mGET /api/website/product/detail?productId=5856&slug=baltra-neo-electric-cordless-kettle [32m200[0m 108.195 ms - 3126[0m
[0mGET /api/website/relatedProduct?productId=5856&slug=baltra-neo-electric-cordless-kettle [32m200[0m 105.241 ms - 3242[0m
[0mGET /api/website/category/list [32m200[0m 39.524 ms - 26988[0m
[0mGET /api/website/category/list [36m304[0m 27.032 ms - -[0m
[0mGET /api/website/category/list [36m304[0m 54.842 ms - -[0m
[0mGET /api/website/relatedProduct?productId=5490&slug=baltra-neo-electric-cordless-kettle-5ltr-bc-146 [32m200[0m 145.897 ms - 3055[0m
[0mGET /api/website/product/detail?productId=5490&slug=baltra-neo-electric-cordless-kettle-5ltr-bc-146 [32m200[0m 149.802 ms - 3148[0m
[0mGET /api/website/product/detail?productId=5735&slug=khaitan-sandwich-maker-ka-520 [32m200[0m 74.892 ms - 2963[0m
[0mGET /api/website/relatedProduct?productId=5735&slug=khaitan-sandwich-maker-ka-520 [32m200[0m 73.673 ms - 3242[0m
[0mGET /api/website/popular/category-list [32m200[0m 34.745 ms - 8014[0m
[0mGET /api/website/category/list [36m304[0m 65.334 ms - -[0m
[0mGET /api/website/product/new-arrival [32m200[0m 79.519 ms - 22568[0m
[0mGET /api/website/product/home-kitchen [32m200[0m 101.387 ms - 15246[0m
[0mGET /api/website/product/men-fashion [32m200[0m 83.909 ms - 14958[0m
[0mGET /api/website/product/women-fashion [32m200[0m 101.218 ms - 16106[0m
[0mGET /api/website/catalog/category/search?queryString=pulses [32m200[0m 56.319 ms - 999[0m
[0mGET /api/website/catalog/product/search?filter_category=pulses [32m200[0m 87.403 ms - 3688[0m
[0mGET /api/website/catalog/product/search?filter_category=pulses [36m304[0m 99.371 ms - -[0m
[0mGET /api/website/catalog/product/search?filter_category=pulses [36m304[0m 96.537 ms - -[0m
[0mGET /api/website/catalog/product/search?filter_category=pulses [36m304[0m 60.870 ms - -[0m
[0mGET /api/website/popular/category-list [36m304[0m 28.817 ms - -[0m
[0mGET /api/website/category/list [36m304[0m 36.289 ms - -[0m
[0mGET /api/website/product/new-arrival [36m304[0m 84.680 ms - -[0m
[0mGET /api/website/product/men-fashion [36m304[0m 89.996 ms - -[0m
[0mGET /api/website/product/home-kitchen [36m304[0m 91.928 ms - -[0m
[0mGET /api/website/product/women-fashion [36m304[0m 90.764 ms - -[0m
[0mGET /api/website/catalog/category/search?queryString=masalas-and-spices [32m200[0m 65.570 ms - 1401[0m
[0mGET /api/website/catalog/product/search?filter_category=masalas-and-spices [32m200[0m 121.899 ms - 14814[0m
[0mGET /api/website/catalog/product/search?filter_category=masalas-and-spices [36m304[0m 88.353 ms - -[0m
[0mGET /api/website/category/list [36m304[0m 43.488 ms - -[0m
[0mGET /api/website/popular/category-list [36m304[0m 38.889 ms - -[0m
[0mGET /api/website/product/home-kitchen [36m304[0m 80.576 ms - -[0m
[0mGET /api/website/product/women-fashion [36m304[0m 80.532 ms - -[0m
[0mGET /api/website/product/new-arrival [36m304[0m 78.830 ms - -[0m
[0mGET /api/website/product/men-fashion [36m304[0m 79.759 ms - -[0m
[0mGET /api/website/category/list [36m304[0m 33.938 ms - -[0m
[0mGET /api/website/category/list [36m304[0m 14.520 ms - -[0m
[0mGET /api/website/catalog/category/search?queryString=Redmi [32m200[0m 61.719 ms - 524[0m
[0mGET /api/website/category/list [36m304[0m 15.939 ms - -[0m
[0mGET /api/website/catalog/product/search?filter_category=Redmi [32m200[0m 90.145 ms - 62[0m
[0mGET /api/website/autosuggest/search?limit=5&query=r [32m200[0m 173.759 ms - 355741[0m
[0mGET /api/website/autosuggest/search?limit=5&query=re [32m200[0m 63.621 ms - 106925[0m
[0mGET /api/website/autosuggest/search?limit=5&query=red [32m200[0m 26.117 ms - 13980[0m
[0mGET /api/website/autosuggest/search?limit=5&query=redm [32m200[0m 23.555 ms - 130[0m
[0mGET /api/website/autosuggest/search?limit=5&query=redmi [32m200[0m 30.638 ms - 130[0m
[0mGET /api/website/catalog/category/search?queryString=redmi [32m200[0m 24.532 ms - 524[0m
[0mGET /api/website/catalog/product/search?filter_category=redmi%20 [32m200[0m 67.671 ms - 62[0m
[0mGET /api/website/catalog/product/search?filter_category=redmi%20 [36m304[0m 54.447 ms - -[0m
[0mGET /api/website/category/list [36m304[0m 42.986 ms - -[0m
[0mGET /api/website/popular/category-list [36m304[0m 10.397 ms - -[0m
[0mGET /api/website/product/new-arrival [36m304[0m 65.275 ms - -[0m
[0mGET /api/website/product/home-kitchen [36m304[0m 41.619 ms - -[0m
[0mGET /api/website/product/women-fashion [36m304[0m 42.806 ms - -[0m
[0mGET /api/website/product/men-fashion [36m304[0m 42.041 ms - -[0m
[0mGET /api/website/catalog/category/search?queryString=grocery [32m200[0m 83.197 ms - 2524[0m
[0mGET /api/website/catalog/product/search?filter_category=grocery [32m200[0m 132.843 ms - 15195[0m
[0mGET /api/website/catalog/product/search?filter_category=grocery [36m304[0m 106.625 ms - -[0m
[0mGET /api/website/catalog/product/search?filter_category=grocery [36m304[0m 97.047 ms - -[0m
[0mGET /api/website/popular/category-list [36m304[0m 27.522 ms - -[0m
[0mGET /api/website/category/list [36m304[0m 36.660 ms - -[0m
[0mGET /api/website/product/new-arrival [36m304[0m 62.892 ms - -[0m
[0mGET /api/website/product/men-fashion [36m304[0m 64.105 ms - -[0m
[0mGET /api/website/product/women-fashion [36m304[0m 65.052 ms - -[0m
[0mGET /api/website/product/home-kitchen [36m304[0m 62.380 ms - -[0m
[0mGET /api/website/category/list [36m304[0m 49.946 ms - -[0m
[0mGET /api/website/popular/category-list [36m304[0m 42.698 ms - -[0m
[0mGET /api/website/product/new-arrival [36m304[0m 77.005 ms - -[0m
[0mGET /api/website/product/home-kitchen [36m304[0m 80.931 ms - -[0m
[0mGET /api/website/product/men-fashion [36m304[0m 80.404 ms - -[0m
[0mGET /api/website/product/women-fashion [36m304[0m 92.934 ms - -[0m
[0mGET /api/website/popular/category-list [36m304[0m 14.011 ms - -[0m
[0mGET /api/website/category/list [36m304[0m 47.429 ms - -[0m
[0mGET /api/website/product/new-arrival [36m304[0m 74.932 ms - -[0m
[0mGET /api/website/product/men-fashion [36m304[0m 99.852 ms - -[0m
[0mGET /api/website/product/women-fashion [36m304[0m 144.490 ms - -[0m
[0mGET /api/website/product/home-kitchen [36m304[0m 121.074 ms - -[0m
[0mGET /api/website/category/list [36m304[0m 105.399 ms - -[0m
[0mGET /api/website/category/list [36m304[0m 15.577 ms - -[0m
[0mGET /api/website/category/list [36m304[0m 12.645 ms - -[0m
[0mGET /api/website/category/list [32m200[0m 99.292 ms - 26988[0m
[0mGET /api/website/category/list [32m200[0m 95.372 ms - 26988[0m
[0mGET /api/website/category/list [32m200[0m 98.486 ms - 26988[0m
[0mGET /api/website/category/list [32m200[0m 99.036 ms - 26988[0m
[0mGET /api/website/product/home-kitchen [32m200[0m 130.177 ms - 15246[0m
[0mGET /api/website/product/women-fashion [32m200[0m 132.357 ms - 16106[0m
[0mGET /api/website/popular/category-list [32m200[0m 46.813 ms - 8014[0m
[0mGET /api/website/product/new-arrival [32m200[0m 75.043 ms - 21762[0m
[0mGET /api/website/product/men-fashion [32m200[0m 101.030 ms - 14958[0m
[0mGET /api/website/category/list [32m200[0m 108.442 ms - 26988[0m
[0mGET /api/website/product/new-arrival [32m200[0m 91.148 ms - 21762[0m
[0mGET /api/website/category/list [32m200[0m 99.605 ms - 26988[0m
[0mGET /api/website/category/list [32m200[0m 104.771 ms - 26988[0m
[0mGET /api/website/category/list [32m200[0m 103.993 ms - 26988[0m
[0mGET /api/website/popular/category-list [32m200[0m 20.253 ms - 8014[0m
[0mGET /api/website/product/home-kitchen [32m200[0m 114.605 ms - 15246[0m
[0mGET /api/website/product/men-fashion [32m200[0m 50.812 ms - 14958[0m
[0mGET /api/website/product/women-fashion [32m200[0m 36.869 ms - 16106[0m
[0mGET /api/website/category/list [36m304[0m 58.580 ms - -[0m
[0mGET /api/website/popular/category-list [36m304[0m 41.745 ms - -[0m
[0mGET /api/website/product/new-arrival [36m304[0m 109.366 ms - -[0m
[0mGET /api/website/product/men-fashion [36m304[0m 150.202 ms - -[0m
[0mGET /api/website/product/home-kitchen [36m304[0m 173.653 ms - -[0m
[0mGET /api/website/product/women-fashion [36m304[0m 168.116 ms - -[0m
[0mGET /api/website/category/list [36m304[0m 129.619 ms - -[0m
[0mGET /api/website/category/list [36m304[0m 11.744 ms - -[0m
[0mGET /api/website/category/list [36m304[0m 13.808 ms - -[0m
[0mGET /api/website/catalog/category/search?queryString=baltra [36m304[0m 72.748 ms - -[0m
[0mGET /api/website/catalog/product/search?filter_category=baltra [32m200[0m 119.978 ms - 17198[0m
[0mGET /api/website/category/list [36m304[0m 79.440 ms - -[0m
[0mGET /api/website/popular/category-list [36m304[0m 66.172 ms - -[0m
[0mGET /api/website/product/men-fashion [36m304[0m 97.885 ms - -[0m
[0mGET /api/website/product/new-arrival [36m304[0m 100.304 ms - -[0m
[0mGET /api/website/product/home-kitchen [36m304[0m 105.573 ms - -[0m
[0mGET /api/website/product/women-fashion [36m304[0m 108.480 ms - -[0m
[0mGET /api/website/product/new-arrival [32m200[0m 101.396 ms - 21762[0m
[0mGET /api/website/product/men-fashion [32m200[0m 194.460 ms - 14958[0m
[0mGET /api/website/category/list [32m200[0m 221.381 ms - 26988[0m
[0mGET /api/website/category/list [32m200[0m 204.004 ms - 26988[0m
[0mGET /api/website/product/home-kitchen [32m200[0m 197.321 ms - 15246[0m
[0mGET /api/website/product/women-fashion [32m200[0m 198.435 ms - 16106[0m
[0mGET /api/website/popular/category-list [32m200[0m 93.743 ms - 8014[0m
[0mGET /api/website/category/list [32m200[0m 27.020 ms - 26988[0m
[0mGET /api/website/category/list [32m200[0m 28.665 ms - 26988[0m
[0mGET /api/website/catalog/category/search?queryString=baltra [36m304[0m 71.626 ms - -[0m
[0mGET /api/website/catalog/product/search?filter_category=baltra [36m304[0m 127.154 ms - -[0m
[0mGET /api/website/category/list [36m304[0m 39.538 ms - -[0m
[0mGET /api/website/catalog/category/search?queryString=baltra [36m304[0m 61.510 ms - -[0m
[0mGET /api/website/category/list [36m304[0m 27.843 ms - -[0m
[0mGET /api/website/category/list [36m304[0m 13.468 ms - -[0m
[0mGET /api/website/catalog/product/search?filter_category=baltra [36m304[0m 107.897 ms - -[0m
[0mGET /api/website/category/list [32m200[0m 39.368 ms - 26988[0m
[0mGET /api/website/category/list [32m200[0m 38.812 ms - 26988[0m
[0mGET /api/website/category/list [32m200[0m 40.201 ms - 26988[0m
[0mGET /api/website/catalog/category/search?queryString=baltra [32m200[0m 62.053 ms - 814[0m
[0mGET /api/website/catalog/product/search?filter_category=baltra [32m200[0m 114.546 ms - 17198[0m
[0mGET /api/website/catalog/product/search?filter_category=baltra [36m304[0m 102.712 ms - -[0m
[0mGET /api/website/catalog/product/search?filter_category=baltra [36m304[0m 86.422 ms - -[0m
[0mGET /api/website/catalog/product/search?filter_category=baltra [36m304[0m 96.307 ms - -[0m
[0mGET /api/website/catalog/product/search?filter_category=baltra&page=2 [32m200[0m 90.808 ms - 6846[0m
[0mGET /api/website/catalog/product/search?filter_category=baltra&page=2 [36m304[0m 64.864 ms - -[0m
[0mGET /api/website/catalog/product/search?filter_category=baltra&page=2 [36m304[0m 121.264 ms - -[0m
[0mGET /api/website/category/list [36m304[0m 42.958 ms - -[0m
[0mGET /api/website/popular/category-list [36m304[0m 18.793 ms - -[0m
[0mGET /api/website/product/new-arrival [36m304[0m 72.384 ms - -[0m
[0mGET /api/website/product/men-fashion [36m304[0m 90.463 ms - -[0m
[0mGET /api/website/product/home-kitchen [36m304[0m 93.741 ms - -[0m
[0mGET /api/website/product/women-fashion [36m304[0m 74.567 ms - -[0m
[0mGET /api/website/catalog/category/search?queryString=orient [32m200[0m 31.283 ms - 1126[0m
[0mGET /api/website/catalog/product/search?filter_category=orient [32m200[0m 77.980 ms - 7515[0m
[0mGET /api/website/category/list [32m200[0m 74.723 ms - 26988[0m
[0mGET /api/website/category/list [32m200[0m 75.453 ms - 26988[0m
[0mGET /api/website/category/list [32m200[0m 74.506 ms - 26988[0m
[0mGET /api/website/catalog/category/search?queryString=orient [32m200[0m 106.092 ms - 1126[0m
[0mGET /api/website/catalog/product/search?filter_category=orient [32m200[0m 180.078 ms - 7515[0m
[0mGET /api/website/category/list [32m200[0m 32.559 ms - 26988[0m
[0mGET /api/website/category/list [32m200[0m 47.720 ms - 26988[0m
[0mGET /api/website/category/list [32m200[0m 51.969 ms - 26988[0m
[0mGET /api/website/catalog/category/search?queryString=orient [32m200[0m 74.648 ms - 1126[0m
[0mGET /api/website/catalog/product/search?filter_category=orient [32m200[0m 131.721 ms - 7515[0m
[0mGET /api/website/catalog/product/search?filter_category=orient [36m304[0m 92.565 ms - -[0m
[0mGET /api/website/catalog/product/search?filter_category=orient [36m304[0m 56.912 ms - -[0m
[0mGET /api/website/catalog/product/search?filter_category=orient [36m304[0m 96.864 ms - -[0m
[0mGET /api/website/category/list [32m200[0m 47.431 ms - 26988[0m
[0mGET /api/website/category/list [32m200[0m 49.364 ms - 26988[0m
[0mGET /api/website/category/list [32m200[0m 47.099 ms - 26988[0m
[0mGET /api/website/catalog/category/search?queryString=orient [32m200[0m 58.540 ms - 1126[0m
[0mGET /api/website/catalog/product/search?filter_category=orient [32m200[0m 120.165 ms - 7515[0m
[0mGET /api/website/category/list [32m200[0m 36.242 ms - 26988[0m
[0mGET /api/website/category/list [32m200[0m 42.133 ms - 26988[0m
[0mGET /api/website/category/list [32m200[0m 48.242 ms - 26988[0m
[0mGET /api/website/catalog/category/search?queryString=orient [32m200[0m 59.166 ms - 1126[0m
[0mGET /api/website/catalog/product/search?filter_category=orient [32m200[0m 143.741 ms - 7515[0m
[0mGET /api/website/category/list [32m200[0m 34.500 ms - 26988[0m
[0mGET /api/website/category/list [32m200[0m 46.215 ms - 26988[0m
[0mGET /api/website/category/list [32m200[0m 48.283 ms - 26988[0m
[0mGET /api/website/catalog/category/search?queryString=orient [32m200[0m 65.863 ms - 1126[0m
[0mGET /api/website/catalog/product/search?filter_category=orient [32m200[0m 113.738 ms - 7515[0m
[0mGET /api/website/product/detail?productId=5339&slug=orient-cristo-premium-decorative-ceiling-fan [32m200[0m 97.041 ms - 2397[0m
[0mGET /api/website/relatedProduct?productId=5339&slug=orient-cristo-premium-decorative-ceiling-fan [32m200[0m 94.468 ms - 3039[0m
[0mGET /api/website/category/list [32m200[0m 59.263 ms - 26988[0m
[0mGET /api/website/category/list [32m200[0m 70.932 ms - 26988[0m
[0mGET /api/website/category/list [32m200[0m 81.473 ms - 26988[0m
[0mGET /api/website/product/detail?productId=5339&slug=orient-cristo-premium-decorative-ceiling-fan [32m200[0m 153.636 ms - 2397[0m
[0mGET /api/website/relatedProduct?productId=5339&slug=orient-cristo-premium-decorative-ceiling-fan [32m200[0m 152.367 ms - 3039[0m
[0mGET /api/website/category/list [32m200[0m 55.895 ms - 26988[0m
[0mGET /api/website/category/list [32m200[0m 56.521 ms - 26988[0m
[0mGET /api/website/category/list [32m200[0m 49.110 ms - 26988[0m
[0mGET /api/website/product/detail?productId=5339&slug=orient-cristo-premium-decorative-ceiling-fan [32m200[0m 112.419 ms - 2397[0m
[0mGET /api/website/relatedProduct?productId=5339&slug=orient-cristo-premium-decorative-ceiling-fan [32m200[0m 108.107 ms - 3039[0m
[0mGET /api/website/category/list [32m200[0m 50.633 ms - 26988[0m
[0mGET /api/website/category/list [32m200[0m 52.219 ms - 26988[0m
[0mGET /api/website/category/list [32m200[0m 50.348 ms - 26988[0m
[0mGET /api/website/product/detail?productId=5339&slug=orient-cristo-premium-decorative-ceiling-fan [32m200[0m 103.280 ms - 2397[0m
[0mGET /api/website/relatedProduct?productId=5339&slug=orient-cristo-premium-decorative-ceiling-fan [32m200[0m 102.794 ms - 3039[0m
[0mGET /api/website/category/list [32m200[0m 48.370 ms - 26988[0m
[0mGET /api/website/category/list [32m200[0m 47.607 ms - 26988[0m
[0mGET /api/website/category/list [32m200[0m 45.107 ms - 26988[0m
[0mGET /api/website/product/detail?productId=5339&slug=orient-cristo-premium-decorative-ceiling-fan [32m200[0m 129.658 ms - 2397[0m
[0mGET /api/website/relatedProduct?productId=5339&slug=orient-cristo-premium-decorative-ceiling-fan [32m200[0m 131.417 ms - 3039[0m
[0mGET /api/website/product/detail?productId=5337&slug=orient-wendy-premium-decorative-ceiling-fan [32m200[0m 97.057 ms - 3245[0m
[0mGET /api/website/category/list [36m304[0m 45.285 ms - -[0m
[0mGET /api/website/popular/category-list [36m304[0m 13.524 ms - -[0m
[0mGET /api/website/product/home-kitchen [36m304[0m 97.384 ms - -[0m
[0mGET /api/website/product/women-fashion [36m304[0m 82.222 ms - -[0m
[0mGET /api/website/product/new-arrival [36m304[0m 71.196 ms - -[0m
[0mGET /api/website/product/men-fashion [36m304[0m 72.461 ms - -[0m
[0mGET /api/website/product/detail?productId=5557&slug=hindware-cooker-hood-chromia-60-auto-clean-chimney [32m200[0m 113.718 ms - 3036[0m
[0mGET /api/website/relatedProduct?productId=5557&slug=hindware-cooker-hood-chromia-60-auto-clean-chimney [32m200[0m 115.322 ms - 5018[0m
[0mGET /api/website/category/list [36m304[0m 57.043 ms - -[0m
[0mGET /api/website/popular/category-list [36m304[0m 41.282 ms - -[0m
[0mGET /api/website/product/new-arrival [36m304[0m 80.584 ms - -[0m
[0mGET /api/website/product/men-fashion [36m304[0m 93.513 ms - -[0m
[0mGET /api/website/product/women-fashion [36m304[0m 92.118 ms - -[0m
[0mGET /api/website/product/home-kitchen [36m304[0m 94.119 ms - -[0m
[0mGET /api/website/category/list [36m304[0m 49.517 ms - -[0m
[0mGET /api/website/category/list [36m304[0m 17.049 ms - -[0m
[0mGET /api/website/category/list [36m304[0m 33.685 ms - -[0m
[0mGET /api/website/product/detail?productId=5557&slug=hindware-cooker-hood-chromia-60-auto-clean-chimney [36m304[0m 87.018 ms - -[0m
[0mGET /api/website/relatedProduct?productId=5557&slug=hindware-cooker-hood-chromia-60-auto-clean-chimney [36m304[0m 86.804 ms - -[0m
[0mGET /api/website/popular/category-list [32m200[0m 72.742 ms - 8014[0m
[0mGET /api/website/product/new-arrival [32m200[0m 75.411 ms - 21762[0m
[0mGET /api/website/category/list [32m200[0m 88.716 ms - 26988[0m
[0mGET /api/website/product/women-fashion [32m200[0m 103.476 ms - 16106[0m
[0mGET /api/website/product/men-fashion [32m200[0m 103.528 ms - 14958[0m
[0mGET /api/website/product/home-kitchen [32m200[0m 104.257 ms - 15246[0m
[0mGET /api/website/category/list [36m304[0m 38.409 ms - -[0m
[0mGET /api/website/category/list [36m304[0m 19.123 ms - -[0m
[0mGET /api/website/category/list [36m304[0m 40.011 ms - -[0m
[0mGET /api/website/category/list [32m200[0m 107.039 ms - 26988[0m
[0mGET /api/website/category/list [36m304[0m 21.817 ms - -[0m
[0mGET /api/website/category/list [36m304[0m 23.179 ms - -[0m
[0mGET /api/website/product/detail?productId=5557&slug=hindware-cooker-hood-chromia-60-auto-clean-chimney [32m200[0m 128.505 ms - 3036[0m
[0mGET /api/website/relatedProduct?productId=5557&slug=hindware-cooker-hood-chromia-60-auto-clean-chimney [32m200[0m 129.197 ms - 5018[0m
[0mGET /api/website/category/list [36m304[0m 20.135 ms - -[0m
[0mGET /api/website/category/list [36m304[0m 16.520 ms - -[0m
[0mGET /api/website/category/list [36m304[0m 24.127 ms - -[0m
[0mGET /api/website/product/detail?productId=5557&slug=hindware-cooker-hood-chromia-60-auto-clean-chimney [36m304[0m 72.540 ms - -[0m
[0mGET /api/website/relatedProduct?productId=5557&slug=hindware-cooker-hood-chromia-60-auto-clean-chimney [36m304[0m 76.549 ms - -[0m
[0mGET /api/website/category/list [36m304[0m 51.130 ms - -[0m
[0mGET /api/website/popular/category-list [32m200[0m 39.316 ms - 8014[0m
[0mGET /api/website/product/new-arrival [32m200[0m 81.013 ms - 21762[0m
[0mGET /api/website/product/home-kitchen [32m200[0m 86.724 ms - 15246[0m
[0mGET /api/website/product/men-fashion [32m200[0m 85.859 ms - 14958[0m
[0mGET /api/website/product/women-fashion [32m200[0m 86.956 ms - 16106[0m
[0mGET /api/website/category/list [36m304[0m 28.710 ms - -[0m
[0mGET /api/website/popular/category-list [36m304[0m 13.829 ms - -[0m
[0mGET /api/website/product/new-arrival [36m304[0m 42.306 ms - -[0m
[0mGET /api/website/product/men-fashion [36m304[0m 57.123 ms - -[0m
[0mGET /api/website/product/home-kitchen [36m304[0m 57.756 ms - -[0m
[0mGET /api/website/product/women-fashion [36m304[0m 57.209 ms - -[0m
[0mGET /api/website/category/list [36m304[0m 44.831 ms - -[0m
[0mGET /api/website/category/list [36m304[0m 17.342 ms - -[0m
[0mGET /api/website/category/list [36m304[0m 34.742 ms - -[0m
[0mGET /api/website/category/list [32m200[0m 43.655 ms - 26988[0m
[0mGET /api/website/popular/category-list [32m200[0m 16.857 ms - 8014[0m
[0mGET /api/website/product/new-arrival [32m200[0m 40.457 ms - 21762[0m
[0mGET /api/website/product/home-kitchen [32m200[0m 77.517 ms - 15246[0m
[0mGET /api/website/product/men-fashion [32m200[0m 76.210 ms - 14958[0m
[0mGET /api/website/product/women-fashion [32m200[0m 77.099 ms - 16106[0m
[0mGET /api/website/category/list [36m304[0m 39.509 ms - -[0m
[0mGET /api/website/category/list [36m304[0m 16.322 ms - -[0m
[0mGET /api/website/category/list [36m304[0m 27.613 ms - -[0m
[0mGET /api/website/category/list [36m304[0m 46.237 ms - -[0m
[0mGET /api/website/popular/category-list [36m304[0m 19.630 ms - -[0m
[0mGET /api/website/product/women-fashion [36m304[0m 82.760 ms - -[0m
[0mGET /api/website/product/men-fashion [36m304[0m 76.876 ms - -[0m
[0mGET /api/website/product/home-kitchen [36m304[0m 85.742 ms - -[0m
[0mGET /api/website/product/new-arrival [36m304[0m 78.255 ms - -[0m
[0mGET /api/website/category/list [36m304[0m 49.805 ms - -[0m
[0mGET /api/website/category/list [36m304[0m 12.811 ms - -[0m
[0mGET /api/website/category/list [36m304[0m 13.914 ms - -[0m
[0mGET /api/website/category/list [36m304[0m 28.201 ms - -[0m
[0mGET /api/website/popular/category-list [36m304[0m 9.473 ms - -[0m
[0mGET /api/website/product/new-arrival [36m304[0m 50.671 ms - -[0m
[0mGET /api/website/product/home-kitchen [36m304[0m 52.241 ms - -[0m
[0mGET /api/website/product/women-fashion [36m304[0m 52.337 ms - -[0m
[0mGET /api/website/product/men-fashion [36m304[0m 51.697 ms - -[0m
[0mGET /api/website/category/list [36m304[0m 42.929 ms - -[0m
[0mGET /api/website/category/list [36m304[0m 11.901 ms - -[0m
[0mGET /api/website/category/list [36m304[0m 11.070 ms - -[0m
[0mGET /api/website/popular/category-list [36m304[0m 20.664 ms - -[0m
[0mGET /api/website/category/list [36m304[0m 50.626 ms - -[0m
[0mGET /api/website/product/new-arrival [36m304[0m 164.895 ms - -[0m
[0mGET /api/website/product/women-fashion [36m304[0m 178.695 ms - -[0m
[0mGET /api/website/product/men-fashion [36m304[0m 177.603 ms - -[0m
[0mGET /api/website/product/home-kitchen [36m304[0m 178.301 ms - -[0m
[0mGET /api/website/category/list [36m304[0m 171.913 ms - -[0m
[0mGET /api/website/category/list [36m304[0m 20.642 ms - -[0m
[0mGET /api/website/category/list [36m304[0m 15.102 ms - -[0m
[0mGET /api/website/popular/category-list [36m304[0m 75.889 ms - -[0m
[0mGET /api/website/product/new-arrival [32m200[0m 80.461 ms - 21404[0m
[0mGET /api/website/category/list [36m304[0m 95.183 ms - -[0m
[0mGET /api/website/product/home-kitchen [36m304[0m 121.046 ms - -[0m
[0mGET /api/website/product/men-fashion [36m304[0m 123.884 ms - -[0m
[0mGET /api/website/product/women-fashion [36m304[0m 120.551 ms - -[0m
[0mGET /api/website/category/list [36m304[0m 19.766 ms - -[0m
[0mGET /api/website/category/list [36m304[0m 18.457 ms - -[0m
[0mGET /api/website/category/list [36m304[0m 42.908 ms - -[0m
[0mGET /api/website/category/list [32m200[0m 169.487 ms - 26988[0m
[0mGET /api/website/category/list [32m200[0m 171.817 ms - 26988[0m
[0mGET /api/website/category/list [32m200[0m 174.697 ms - 26988[0m
[0mGET /api/website/category/list [32m200[0m 221.600 ms - 26988[0m
[0mGET /api/website/popular/category-list [32m200[0m 8.339 ms - 8014[0m
[0mGET /api/website/product/new-arrival [32m200[0m 43.986 ms - 21404[0m
[0mGET /api/website/product/home-kitchen [32m200[0m 213.323 ms - 15246[0m
[0mGET /api/website/product/women-fashion [32m200[0m 210.571 ms - 16106[0m
[0mGET /api/website/product/men-fashion [32m200[0m 45.213 ms - 14958[0m
[0mGET /api/website/catalog/category/search?queryString=creme-21 [32m200[0m 259.512 ms - 377[0m
[0mGET /api/website/catalog/product/search?filter_category=creme-21 [32m200[0m 300.167 ms - 23430[0m
[0mGET /api/website/relatedProduct?productId=6180&slug=creme-shower-gel-shampoo-urban-plus250ml [32m200[0m 177.747 ms - 4284[0m
[0mGET /api/website/product/detail?productId=6180&slug=creme-shower-gel-shampoo-urban-plus250ml [32m200[0m 295.111 ms - 2725[0m
[0mGET /api/customer/google?callbackURL=http://localhost:3000 [36m302[0m 34.627 ms - 0[0m
[0mGET /api/website/category/list [36m304[0m 180.737 ms - -[0m
[0mGET /api/website/popular/category-list [36m304[0m 126.666 ms - -[0m
[0mGET /api/website/product/new-arrival [36m304[0m 195.889 ms - -[0m
[0mGET /api/website/product/women-fashion [36m304[0m 202.242 ms - -[0m
[0mGET /api/website/product/men-fashion [36m304[0m 234.555 ms - -[0m
[0mGET /api/website/product/home-kitchen [36m304[0m 237.430 ms - -[0m
[0mGET /api/website/category/list [36m304[0m 56.579 ms - -[0m
[0mGET /api/website/category/list [36m304[0m 28.863 ms - -[0m
[0mGET /api/website/category/list [36m304[0m 50.063 ms - -[0m
[0mOPTIONS /api/customer/getUserByEmailId [32m204[0m 9.925 ms - 0[0m
[0mOPTIONS /api/customer/getUserByEmailId [32m204[0m 0.666 ms - 0[0m
[0mGET /api/website/popular/category-list [36m304[0m 116.395 ms - -[0m
[0mGET /api/website/product/new-arrival [36m304[0m 141.828 ms - -[0m
[0mGET /api/website/product/home-kitchen [36m304[0m 222.932 ms - -[0m
[0mGET /api/website/product/men-fashion [36m304[0m 221.601 ms - -[0m
[0mGET /api/website/product/women-fashion [36m304[0m 223.467 ms - -[0m
[0mGET /api/website/category/list [36m304[0m 279.758 ms - -[0m
[0mGET /api/website/category/list [36m304[0m 33.873 ms - -[0m
[0mGET /api/customer/getUserByEmailId [32m200[0m 157.799 ms - 734[0m
[0mGET /api/website/category/list [36m304[0m 44.862 ms - -[0m
[0mGET /api/customer/getUserByEmailId [36m304[0m 5.298 ms - -[0m
[0mGET /api/website/category/list [36m304[0m 22.222 ms - -[0m
[0mOPTIONS /api/location/list [32m204[0m 40.710 ms - 0[0m
[0mGET /api/location/list [32m200[0m 102.230 ms - 1949[0m
[0mOPTIONS /api/website/order/create [32m204[0m 10.152 ms - 0[0m
[0mPOST /api/website/order/create [32m200[0m 5186.578 ms - 95[0m
[0mOPTIONS /api/customer/getUserByEmailId [32m204[0m 0.792 ms - 0[0m
[0mOPTIONS /api/customer/getUserByEmailId [32m204[0m 0.390 ms - 0[0m
[0mGET /api/customer/getUserByEmailId [36m304[0m 49.682 ms - -[0m
[0mGET /api/website/category/list [36m304[0m 56.119 ms - -[0m
[0mGET /api/customer/getUserByEmailId [36m304[0m 28.355 ms - -[0m
[0mGET /api/website/category/list [36m304[0m 31.834 ms - -[0m
[0mGET /api/website/category/list [36m304[0m 18.947 ms - -[0m
[0mGET /api/website/popular/category-list [36m304[0m 10.852 ms - -[0m
[0mGET /api/website/category/list [36m304[0m 65.064 ms - -[0m
[0mGET /api/website/product/men-fashion [36m304[0m 55.078 ms - -[0m
[0mGET /api/website/product/home-kitchen [36m304[0m 55.762 ms - -[0m
[0mGET /api/website/product/new-arrival [36m304[0m 52.533 ms - -[0m
[0mGET /api/website/product/women-fashion [36m304[0m 53.275 ms - -[0m
[0mGET /api/website/category/list [32m200[0m 31.169 ms - 26988[0m
[0mGET /api/website/popular/category-list [32m200[0m 21.563 ms - 8014[0m
[0mGET /api/website/product/new-arrival [32m200[0m 77.348 ms - 21404[0m
[0mGET /api/website/product/women-fashion [32m200[0m 80.380 ms - 16106[0m
[0mGET /api/website/product/men-fashion [32m200[0m 80.344 ms - 14958[0m
[0mGET /api/website/product/home-kitchen [32m200[0m 83.665 ms - 15246[0m
[0mGET /api/website/category/list [36m304[0m 53.058 ms - -[0m
[0mGET /api/website/category/list [36m304[0m 13.105 ms - -[0m
[0mGET /api/website/category/list [36m304[0m 12.384 ms - -[0m
[0mGET /api/website/category/list [36m304[0m 29.692 ms - -[0m
[0mGET /api/website/catalog/category/search?queryString=Cameras [32m200[0m 51.319 ms - 770[0m
[0mGET /api/website/catalog/category/search?queryString=Network%20Components [32m200[0m 35.646 ms - 639[0m
[0mGET /api/website/catalog/category/search?queryString=Speakers [32m200[0m 36.951 ms - 757[0m
[0mGET /api/website/category/list [36m304[0m 28.696 ms - -[0m
[0mGET /api/website/category/list [36m304[0m 26.712 ms - -[0m
[0mGET /api/website/catalog/product/search?filter_category=Network%20Components [32m200[0m 155.480 ms - 62[0m
[0mGET /api/website/catalog/product/search?filter_category=Cameras [32m200[0m 174.639 ms - 62[0m
[0mGET /api/website/catalog/product/search?filter_category=Speakers [32m200[0m 149.416 ms - 62[0m
[0mGET /api/website/category/list [36m304[0m 54.252 ms - -[0m
[0mGET /api/website/category/list [36m304[0m 30.830 ms - -[0m
[0mGET /api/website/category/list [36m304[0m 22.230 ms - -[0m
[0mGET /api/website/category/list [36m304[0m 12.533 ms - -[0m
[0mGET /api/website/category/list [36m304[0m 18.052 ms - -[0m
[0mGET /api/website/category/list [36m304[0m 21.333 ms - -[0m
[0mGET /api/website/category/list [36m304[0m 25.446 ms - -[0m
[0mGET /api/website/category/list [36m304[0m 25.759 ms - -[0m
[0mGET /api/website/category/list [36m304[0m 19.603 ms - -[0m
[0mGET /api/website/category/list [36m304[0m 19.473 ms - -[0m
[0mGET /api/website/category/list [36m304[0m 12.143 ms - -[0m
[0mGET /api/website/catalog/category/search?queryString=Tablets [32m200[0m 34.689 ms - 645[0m
[0mGET /api/website/category/list [36m304[0m 11.984 ms - -[0m
[0mGET /api/website/catalog/product/search?filter_category=Tablets [32m200[0m 67.930 ms - 460[0m
[0mGET /api/website/category/list [36m304[0m 17.138 ms - -[0m
[0mGET /api/website/catalog/category/search?queryString=Computer%20Accessories [32m200[0m 29.267 ms - 825[0m
[0mGET /api/website/category/list [36m304[0m 11.960 ms - -[0m
[0mGET /api/website/category/list [36m304[0m 11.101 ms - -[0m
[0mGET /api/website/catalog/product/search?filter_category=Computer%20Accessories [32m200[0m 77.022 ms - 62[0m
[0mGET /api/website/category/list [36m304[0m 18.457 ms - -[0m
[0mGET /api/website/catalog/category/search?queryString=Desktops [32m200[0m 31.877 ms - 692[0m
[0mGET /api/website/category/list [36m304[0m 14.258 ms - -[0m
[0mGET /api/website/category/list [36m304[0m 16.158 ms - -[0m
[0mGET /api/website/catalog/product/search?filter_category=Desktops [32m200[0m 84.734 ms - 501[0m
[0mGET /api/website/category/list [36m304[0m 15.302 ms - -[0m
[0mGET /api/website/category/list [36m304[0m 12.559 ms - -[0m
[0mGET /api/website/catalog/category/search?queryString=Laptops [32m200[0m 40.525 ms - 721[0m
[0mGET /api/website/category/list [36m304[0m 13.828 ms - -[0m
[0mGET /api/website/catalog/product/search?filter_category=Laptops [32m200[0m 80.797 ms - 62[0m
[0mGET /api/website/category/list [36m304[0m 12.650 ms - -[0m
[0mGET /api/website/catalog/category/search?queryString=Health%20Care%20Appliances [32m200[0m 22.547 ms - 703[0m
[0mGET /api/website/category/list [36m304[0m 11.046 ms - -[0m
[0mGET /api/website/category/list [36m304[0m 12.080 ms - -[0m
[0mGET /api/website/catalog/product/search?filter_category=Health%20Care%20Appliances [32m200[0m 71.197 ms - 62[0m
[0mGET /api/website/category/list [36m304[0m 16.019 ms - -[0m
[0mGET /api/website/category/list [36m304[0m 17.429 ms - -[0m
[0mGET /api/website/catalog/category/search?queryString=other-phone [32m200[0m 34.699 ms - 628[0m
[0mGET /api/website/category/list [36m304[0m 13.287 ms - -[0m
[0mGET /api/website/catalog/product/search?filter_category=other-phone [32m200[0m 82.714 ms - 62[0m
[0mGET /api/website/category/list [36m304[0m 20.524 ms - -[0m
[0mGET /api/website/category/list [36m304[0m 20.320 ms - -[0m
[0mGET /api/website/catalog/category/search?queryString=mobile-phone-accessories [32m200[0m 65.450 ms - 1119[0m
[0mGET /api/website/category/list [36m304[0m 25.350 ms - -[0m
[0mGET /api/website/catalog/product/search?filter_category=mobile-phone-accessories [32m200[0m 114.431 ms - 1774[0m
[0mGET /api/website/category/list [36m304[0m 20.449 ms - -[0m
[0mGET /api/website/catalog/category/search?queryString=i-phone [32m200[0m 46.073 ms - 535[0m
[0mGET /api/website/category/list [36m304[0m 15.911 ms - -[0m
[0mGET /api/website/category/list [36m304[0m 18.787 ms - -[0m
[0mGET /api/website/catalog/product/search?filter_category=i-phone [32m200[0m 102.931 ms - 62[0m
[0mGET /api/website/category/list [36m304[0m 13.274 ms - -[0m
[0mGET /api/website/catalog/category/search?queryString=android [32m200[0m 68.580 ms - 1792[0m
[0mGET /api/website/category/list [36m304[0m 56.450 ms - -[0m
[0mGET /api/website/category/list [36m304[0m 11.240 ms - -[0m
[0mGET /api/website/catalog/product/search?filter_category=android [32m200[0m 120.813 ms - 11649[0m
[0mGET /api/website/category/list [36m304[0m 14.794 ms - -[0m
[0mGET /api/website/category/list [36m304[0m 13.262 ms - -[0m
[0mGET /api/website/catalog/category/search?queryString=printer [32m200[0m 41.137 ms - 920[0m
[0mGET /api/website/category/list [36m304[0m 15.586 ms - -[0m
[0mGET /api/website/catalog/product/search?filter_category=printer [32m200[0m 85.942 ms - 3211[0m
[0mGET /api/website/category/list [36m304[0m 18.510 ms - -[0m
[0mGET /api/website/catalog/category/search?queryString=inverter [32m200[0m 37.384 ms - 890[0m
[0mGET /api/website/category/list [36m304[0m 17.872 ms - -[0m
[0mGET /api/website/category/list [36m304[0m 22.249 ms - -[0m
[0mGET /api/website/catalog/product/search?filter_category=inverter [32m200[0m 91.604 ms - 16175[0m
[0mGET /api/website/category/list [36m304[0m 16.303 ms - -[0m
[0mGET /api/website/category/list [36m304[0m 14.319 ms - -[0m
[0mGET /api/website/catalog/category/search?queryString=Washing%20Machine [32m200[0m 31.242 ms - 867[0m
[0mGET /api/website/category/list [36m304[0m 18.553 ms - -[0m
[0mGET /api/website/catalog/product/search?filter_category=Washing%20Machine [32m200[0m 79.100 ms - 1375[0m
[0mGET /api/website/category/list [36m304[0m 17.857 ms - -[0m
[0mGET /api/website/catalog/category/search?queryString=sound [32m200[0m 28.064 ms - 570[0m
[0mGET /api/website/category/list [36m304[0m 13.622 ms - -[0m
[0mGET /api/website/category/list [36m304[0m 11.606 ms - -[0m
[0mGET /api/website/catalog/product/search?filter_category=sound [32m200[0m 66.768 ms - 62[0m
[0mGET /api/website/category/list [36m304[0m 20.252 ms - -[0m
[0mGET /api/website/catalog/category/search?queryString=Cooler [32m200[0m 33.592 ms - 993[0m
[0mGET /api/website/category/list [36m304[0m 14.235 ms - -[0m
[0mGET /api/website/category/list [36m304[0m 15.326 ms - -[0m
[0mGET /api/website/catalog/product/search?filter_category=Cooler [32m200[0m 72.547 ms - 62[0m
[0mGET /api/website/category/list [36m304[0m 14.614 ms - -[0m
[0mGET /api/website/category/list [36m304[0m 13.421 ms - -[0m
[0mGET /api/website/catalog/category/search?queryString=battery [32m200[0m 33.106 ms - 825[0m
[0mGET /api/website/category/list [36m304[0m 16.103 ms - -[0m
[0mGET /api/website/catalog/product/search?filter_category=battery [32m200[0m 78.611 ms - 6096[0m
[0mGET /api/website/category/list [36m304[0m 15.952 ms - -[0m
[0mGET /api/website/catalog/category/search?queryString=water-purifier-and-cooler [32m200[0m 38.201 ms - 741[0m
[0mGET /api/website/category/list [36m304[0m 17.303 ms - -[0m
[0mGET /api/website/category/list [36m304[0m 15.514 ms - -[0m
[0mGET /api/website/catalog/product/search?filter_category=water-purifier-and-cooler [32m200[0m 89.204 ms - 638[0m
[0mGET /api/website/category/list [36m304[0m 11.370 ms - -[0m
[0mGET /api/website/catalog/category/search?queryString=refrigerators [32m200[0m 30.984 ms - 1025[0m
[0mGET /api/website/category/list [36m304[0m 21.800 ms - -[0m
[0mGET /api/website/category/list [36m304[0m 13.873 ms - -[0m
[0mGET /api/website/catalog/product/search?filter_category=refrigerators [32m200[0m 82.027 ms - 2180[0m
[0mGET /api/website/category/list [36m304[0m 13.456 ms - -[0m
[0mGET /api/website/catalog/category/search?queryString=television [32m200[0m 27.843 ms - 727[0m
[0mGET /api/website/category/list [36m304[0m 12.953 ms - -[0m
[0mGET /api/website/category/list [36m304[0m 13.220 ms - -[0m
[0mGET /api/website/catalog/product/search?filter_category=television [32m200[0m 76.498 ms - 62[0m
[0mGET /api/website/category/list [36m304[0m 14.983 ms - -[0m
[0mGET /api/website/catalog/category/search?queryString=air-conditioner [32m200[0m 29.338 ms - 910[0m
[0mGET /api/website/category/list [36m304[0m 13.915 ms - -[0m
[0mGET /api/website/category/list [36m304[0m 10.737 ms - -[0m
[0mGET /api/website/catalog/product/search?filter_category=air-conditioner [32m200[0m 73.013 ms - 62[0m
[0mGET /api/website/category/list [36m304[0m 13.932 ms - -[0m
[0mGET /api/website/catalog/category/search?queryString=cleaner [32m200[0m 44.404 ms - 982[0m
[0mGET /api/website/category/list [36m304[0m 29.229 ms - -[0m
[0mGET /api/website/catalog/product/search?filter_category=cleaner [32m200[0m 75.168 ms - 1171[0m
[0mGET /api/website/category/list [36m304[0m 29.645 ms - -[0m
[0mGET /api/website/category/list [36m304[0m 13.056 ms - -[0m
[0mGET /api/website/catalog/category/search?queryString=fan [32m200[0m 34.345 ms - 1561[0m
[0mGET /api/website/category/list [36m304[0m 23.406 ms - -[0m
[0mGET /api/website/category/list [36m304[0m 12.355 ms - -[0m
[0mGET /api/website/catalog/product/search?filter_category=fan [32m200[0m 65.354 ms - 10551[0m
[0mGET /api/website/category/list [36m304[0m 13.729 ms - -[0m
[0mGET /api/website/catalog/category/search?queryString=heater [32m200[0m 27.104 ms - 1553[0m
[0mGET /api/website/category/list [36m304[0m 14.884 ms - -[0m
[0mGET /api/website/category/list [36m304[0m 12.754 ms - -[0m
[0mGET /api/website/catalog/product/search?filter_category=heater [32m200[0m 77.411 ms - 12501[0m
[0mGET /api/website/category/list [36m304[0m 12.449 ms - -[0m
[0mGET /api/website/category/list [36m304[0m 13.022 ms - -[0m
[0mGET /api/website/catalog/category/search?queryString=purifier-and-dispenser [32m200[0m 43.633 ms - 1255[0m
[0mGET /api/website/category/list [36m304[0m 18.585 ms - -[0m
[0mGET /api/website/catalog/product/search?filter_category=purifier-and-dispenser [32m200[0m 98.818 ms - 10470[0m
[0mGET /api/website/category/list [36m304[0m 23.388 ms - -[0m
[0mGET /api/website/catalog/category/search?queryString=iron [32m200[0m 37.493 ms - 955[0m
[0mGET /api/website/category/list [36m304[0m 14.838 ms - -[0m
[0mGET /api/website/category/list [36m304[0m 16.516 ms - -[0m
[0mGET /api/website/catalog/product/search?filter_category=iron [32m200[0m 80.547 ms - 4847[0m
[0mGET /api/website/category/list [36m304[0m 11.309 ms - -[0m
[0mGET /api/website/catalog/category/search?queryString=juicer-mixer-and-grinder [32m200[0m 24.512 ms - 958[0m
[0mGET /api/website/category/list [36m304[0m 14.518 ms - -[0m
[0mGET /api/website/category/list [36m304[0m 11.072 ms - -[0m
[0mGET /api/website/catalog/product/search?filter_category=juicer-mixer-and-grinder [32m200[0m 68.774 ms - 5284[0m
[0mGET /api/website/category/list [36m304[0m 13.151 ms - -[0m
[0mGET /api/website/catalog/category/search?queryString=cooker [32m200[0m 31.567 ms - 1183[0m
[0mGET /api/website/category/list [36m304[0m 20.603 ms - -[0m
[0mGET /api/website/category/list [36m304[0m 13.497 ms - -[0m
[0mGET /api/website/catalog/product/search?filter_category=cooker [32m200[0m 84.675 ms - 5825[0m
[0mGET /api/website/category/list [36m304[0m 15.146 ms - -[0m
[0mGET /api/website/catalog/category/search?queryString=naqab-for-women [32m200[0m 26.986 ms - 1037[0m
[0mGET /api/website/category/list [36m304[0m 14.548 ms - -[0m
[0mGET /api/website/category/list [36m304[0m 15.598 ms - -[0m
[0mGET /api/website/catalog/product/search?filter_category=naqab-for-women [32m200[0m 85.724 ms - 4722[0m
[0mGET /api/website/category/list [36m304[0m 13.979 ms - -[0m
[0mGET /api/website/category/list [36m304[0m 12.085 ms - -[0m
[0mGET /api/website/catalog/category/search?queryString=accessories [32m200[0m 26.942 ms - 3785[0m
[0mGET /api/website/category/list [36m304[0m 10.636 ms - -[0m
[0mGET /api/website/catalog/product/search?filter_category=accessories [32m200[0m 75.899 ms - 488[0m
[0mGET /api/website/category/list [36m304[0m 11.921 ms - -[0m
[0mGET /api/website/catalog/category/search?queryString=Jewellery [32m200[0m 23.578 ms - 1290[0m
[0mGET /api/website/category/list [36m304[0m 12.522 ms - -[0m
[0mGET /api/website/category/list [36m304[0m 10.429 ms - -[0m
[0mGET /api/website/catalog/product/search?filter_category=Jewellery [32m200[0m 70.972 ms - 11627[0m
[0mGET /api/website/category/list [36m304[0m 13.438 ms - -[0m
[0mGET /api/website/catalog/category/search?queryString=Personal-care-appliances [32m200[0m 34.568 ms - 2405[0m
[0mGET /api/website/category/list [36m304[0m 20.788 ms - -[0m
[0mGET /api/website/category/list [36m304[0m 11.997 ms - -[0m
[0mGET /api/website/catalog/product/search?filter_category=Personal-care-appliances [32m200[0m 85.138 ms - 13355[0m
[0mGET /api/website/category/list [36m304[0m 18.424 ms - -[0m
[0mGET /api/website/catalog/category/search?queryString=watch [32m200[0m 35.445 ms - 1043[0m
[0mGET /api/website/category/list [36m304[0m 16.413 ms - -[0m
[0mGET /api/website/category/list [36m304[0m 13.111 ms - -[0m
[0mGET /api/website/catalog/product/search?filter_category=watch [32m200[0m 85.869 ms - 798[0m
[0mGET /api/website/category/list [36m304[0m 15.474 ms - -[0m
[0mGET /api/website/category/list [36m304[0m 43.291 ms - -[0m
[0mGET /api/website/catalog/category/search?queryString=foot-wears [32m200[0m 62.050 ms - 809[0m
[0mGET /api/website/category/list [36m304[0m 35.395 ms - -[0m
[0mGET /api/website/catalog/product/search?filter_category=foot-wears [32m200[0m 104.824 ms - 62[0m
[0mGET /api/website/category/list [36m304[0m 14.688 ms - -[0m
[0mGET /api/website/catalog/category/search?queryString=ethnic-%20Bottom [32m200[0m 32.977 ms - 821[0m
[0mGET /api/website/category/list [36m304[0m 15.867 ms - -[0m
[0mGET /api/website/category/list [36m304[0m 11.713 ms - -[0m
[0mGET /api/website/catalog/product/search?filter_category=ethnic-%20Bottom [32m200[0m 87.907 ms - 62[0m
[0mGET /api/website/category/list [36m304[0m 22.974 ms - -[0m
[0mGET /api/website/catalog/category/search?queryString=ethnic-wears [32m200[0m 37.464 ms - 986[0m
[0mGET /api/website/category/list [36m304[0m 16.011 ms - -[0m
[0mGET /api/website/category/list [36m304[0m 14.629 ms - -[0m
[0mGET /api/website/catalog/product/search?filter_category=ethnic-wears [32m200[0m 90.723 ms - 820[0m
[0mGET /api/website/category/list [36m304[0m 12.467 ms - -[0m
[0mGET /api/website/category/list [36m304[0m 13.538 ms - -[0m
[0mGET /api/website/catalog/category/search?queryString=sports-wears [32m200[0m 31.236 ms - 771[0m
[0mGET /api/website/category/list [36m304[0m 14.802 ms - -[0m
[0mGET /api/website/catalog/product/search?filter_category=sports-wears [32m200[0m 73.839 ms - 62[0m
[0mGET /api/website/category/list [36m304[0m 23.692 ms - -[0m
[0mGET /api/website/category/list [36m304[0m 12.701 ms - -[0m
[0mGET /api/website/catalog/category/search?queryString=party-dress [32m200[0m 43.431 ms - 644[0m
[0mGET /api/website/category/list [36m304[0m 18.446 ms - -[0m
[0mGET /api/website/catalog/product/search?filter_category=party-dress [32m200[0m 87.732 ms - 62[0m
[0mGET /api/website/category/list [36m304[0m 13.122 ms - -[0m
[0mGET /api/website/catalog/category/search?queryString=under-garment-sleep-wears [32m200[0m 28.630 ms - 1239[0m
[0mGET /api/website/category/list [36m304[0m 14.499 ms - -[0m
[0mGET /api/website/category/list [36m304[0m 10.086 ms - -[0m
[0mGET /api/website/catalog/product/search?filter_category=under-garment-sleep-wears [32m200[0m 79.681 ms - 7474[0m
[0mGET /api/website/category/list [36m304[0m 11.408 ms - -[0m
[0mGET /api/website/catalog/category/search?queryString=women-clothes [32m200[0m 24.017 ms - 1420[0m
[0mGET /api/website/category/list [36m304[0m 13.779 ms - -[0m
[0mGET /api/website/category/list [36m304[0m 10.920 ms - -[0m
[0mGET /api/website/catalog/product/search?filter_category=women-clothes [32m200[0m 67.824 ms - 5133[0m
[0mGET /api/website/category/list [36m304[0m 15.999 ms - -[0m
[0mGET /api/website/category/list [36m304[0m 15.961 ms - -[0m
[0mGET /api/website/catalog/category/search?queryString=bangles-rings [32m200[0m 89.431 ms - 1853[0m
[0mGET /api/website/catalog/product/search?filter_category=bangles-rings [32m200[0m 93.583 ms - 12110[0m
[0mGET /api/website/category/list [36m304[0m 61.725 ms - -[0m
[0mGET /api/website/category/list [36m304[0m 17.304 ms - -[0m
[0mGET /api/website/category/list [36m304[0m 28.422 ms - -[0m
[0mGET /api/website/catalog/category/search?queryString=islamic-men-accessories [32m200[0m 87.049 ms - 1000[0m
[0mGET /api/website/category/list [36m304[0m 45.066 ms - -[0m
[0mGET /api/website/catalog/product/search?filter_category=islamic-men-accessories [32m200[0m 160.597 ms - 11015[0m
[0mGET /api/website/category/list [36m304[0m 13.212 ms - -[0m
[0mGET /api/website/catalog/category/search?queryString=bottom-wear-for-men [32m200[0m 26.430 ms - 1103[0m
[0mGET /api/website/category/list [36m304[0m 14.609 ms - -[0m
[0mGET /api/website/category/list [36m304[0m 12.454 ms - -[0m
[0mGET /api/website/catalog/product/search?filter_category=bottom-wear-for-men [32m200[0m 71.061 ms - 2636[0m
[0mGET /api/website/category/list [36m304[0m 11.065 ms - -[0m
[0mGET /api/website/catalog/category/search?queryString=top-wear-for-men [32m200[0m 24.447 ms - 1413[0m
[0mGET /api/website/category/list [36m304[0m 15.119 ms - -[0m
[0mGET /api/website/category/list [36m304[0m 11.488 ms - -[0m
[0mGET /api/website/catalog/product/search?filter_category=top-wear-for-men [32m200[0m 72.285 ms - 4702[0m
[0mGET /api/website/category/list [36m304[0m 15.262 ms - -[0m
[0mGET /api/website/catalog/category/search?queryString=personal-care [32m200[0m 152.767 ms - 5083[0m
[0mGET /api/website/category/list [36m304[0m 139.742 ms - -[0m
[0mGET /api/website/category/list [36m304[0m 50.800 ms - -[0m
[0mGET /api/website/catalog/product/search?filter_category=personal-care [32m200[0m 216.227 ms - 16602[0m
[0mGET /api/website/category/list [36m304[0m 12.718 ms - -[0m
[0mGET /api/website/catalog/category/search?queryString=watches [32m200[0m 22.385 ms - 697[0m
[0mGET /api/website/category/list [36m304[0m 10.472 ms - -[0m
[0mGET /api/website/category/list [36m304[0m 12.751 ms - -[0m
[0mGET /api/website/catalog/product/search?filter_category=watches [32m200[0m 80.373 ms - 62[0m
[0mGET /api/website/category/list [36m304[0m 12.885 ms - -[0m
[0mGET /api/website/catalog/category/search?queryString=Raincoats-windcheaters [32m200[0m 22.466 ms - 750[0m
[0mGET /api/website/category/list [36m304[0m 10.338 ms - -[0m
[0mGET /api/website/category/list [36m304[0m 11.126 ms - -[0m
[0mGET /api/website/catalog/product/search?filter_category=Raincoats-windcheaters [32m200[0m 66.444 ms - 62[0m
[0mGET /api/website/category/list [36m304[0m 12.184 ms - -[0m
[0mGET /api/website/catalog/category/search?queryString=innerwear-loungewear [32m200[0m 21.551 ms - 902[0m
[0mGET /api/website/category/list [36m304[0m 10.653 ms - -[0m
[0mGET /api/website/category/list [36m304[0m 9.288 ms - -[0m
[0mGET /api/website/catalog/product/search?filter_category=innerwear-loungewear [32m200[0m 67.929 ms - 62[0m
[0mGET /api/website/category/list [36m304[0m 15.703 ms - -[0m
[0mGET /api/website/category/list [36m304[0m 10.489 ms - -[0m
[0mGET /api/website/catalog/category/search?queryString=ethnic-wear [32m200[0m 31.905 ms - 1506[0m
[0mGET /api/website/category/list [36m304[0m 11.757 ms - -[0m
[0mGET /api/website/catalog/product/search?filter_category=ethnic-wear [32m200[0m 74.707 ms - 4132[0m
[0mGET /api/website/category/list [36m304[0m 12.190 ms - -[0m
[0mGET /api/website/catalog/category/search?queryString=winter-wear [32m200[0m 28.015 ms - 1310[0m
[0mGET /api/website/category/list [36m304[0m 17.260 ms - -[0m
[0mGET /api/website/category/list [36m304[0m 11.068 ms - -[0m
[0mGET /api/website/catalog/product/search?filter_category=winter-wear [32m200[0m 80.040 ms - 6466[0m
[0mGET /api/website/category/list [36m304[0m 12.124 ms - -[0m
[0mGET /api/website/catalog/category/search?queryString=ties-socks-caps-more [32m200[0m 24.114 ms - 710[0m
[0mGET /api/website/category/list [36m304[0m 11.891 ms - -[0m
[0mGET /api/website/category/list [36m304[0m 9.928 ms - -[0m
[0mGET /api/website/catalog/product/search?filter_category=ties-socks-caps-more [32m200[0m 65.139 ms - 62[0m
[0mGET /api/website/category/list [36m304[0m 10.888 ms - -[0m
[0mGET /api/website/category/list [36m304[0m 9.974 ms - -[0m
[0mGET /api/website/catalog/category/search?queryString=suits-blazers-waistcoats [32m200[0m 22.954 ms - 815[0m
[0mGET /api/website/category/list [36m304[0m 14.868 ms - -[0m
[0mGET /api/website/catalog/product/search?filter_category=suits-blazers-waistcoats [32m200[0m 68.574 ms - 62[0m
[0mGET /api/website/category/list [36m304[0m 10.906 ms - -[0m
[0mGET /api/website/category/list [36m304[0m 10.544 ms - -[0m
[0mGET /api/website/catalog/category/search?queryString=Foot-wear [32m200[0m 22.399 ms - 1297[0m
[0mGET /api/website/category/list [36m304[0m 10.210 ms - -[0m
[0mGET /api/website/catalog/product/search?filter_category=Foot-wear [32m200[0m 63.863 ms - 62[0m
[0mGET /api/website/category/list [36m304[0m 13.371 ms - -[0m
[0mGET /api/website/category/list [36m304[0m 10.194 ms - -[0m
[0mGET /api/website/catalog/category/search?queryString=medical-supply [32m200[0m 24.380 ms - 688[0m
[0mGET /api/website/category/list [36m304[0m 11.580 ms - -[0m
[0mGET /api/website/catalog/product/search?filter_category=medical-supply [32m200[0m 71.160 ms - 62[0m
[0mGET /api/website/category/list [36m304[0m 11.226 ms - -[0m
[0mGET /api/website/category/list [36m304[0m 9.885 ms - -[0m
[0mGET /api/website/catalog/category/search?queryString=Industrial%20and%20Scientifics%20Tools [32m200[0m 21.660 ms - 872[0m
[0mGET /api/website/category/list [36m304[0m 10.508 ms - -[0m
[0mGET /api/website/catalog/product/search?filter_category=Industrial%20and%20Scientifics%20Tools [32m200[0m 58.627 ms - 62[0m
[0mGET /api/website/category/list [36m304[0m 13.707 ms - -[0m
[0mGET /api/website/catalog/category/search?queryString=stationery [32m200[0m 24.442 ms - 731[0m
[0mGET /api/website/category/list [36m304[0m 12.753 ms - -[0m
[0mGET /api/website/category/list [36m304[0m 10.987 ms - -[0m
[0mGET /api/website/catalog/product/search?filter_category=stationery [32m200[0m 70.616 ms - 62[0m
[0mGET /api/website/category/list [36m304[0m 13.887 ms - -[0m
[0mGET /api/website/catalog/category/search?queryString=books [32m200[0m 26.829 ms - 1238[0m
[0mGET /api/website/category/list [36m304[0m 14.042 ms - -[0m
[0mGET /api/website/category/list [36m304[0m 11.743 ms - -[0m
[0mGET /api/website/catalog/product/search?filter_category=books [32m200[0m 78.865 ms - 12064[0m
[0mGET /api/website/category/list [36m304[0m 16.784 ms - -[0m
[0mGET /api/website/category/list [36m304[0m 13.115 ms - -[0m
[0mGET /api/website/catalog/category/search?queryString=health-nutritions [32m200[0m 44.497 ms - 1044[0m
[0mGET /api/website/category/list [36m304[0m 15.789 ms - -[0m
[0mGET /api/website/catalog/product/search?filter_category=health-nutritions [32m200[0m 93.588 ms - 6968[0m
[0mGET /api/website/category/list [36m304[0m 11.090 ms - -[0m
[0mGET /api/website/category/list [36m304[0m 40.523 ms - -[0m
[0mGET /api/website/catalog/category/search?queryString=exercise-fitness [32m200[0m 61.391 ms - 920[0m
[0mGET /api/website/category/list [36m304[0m 24.900 ms - -[0m
[0mGET /api/website/catalog/product/search?filter_category=exercise-fitness [32m200[0m 118.058 ms - 4957[0m
[0mGET /api/website/category/list [36m304[0m 30.224 ms - -[0m
[0mGET /api/website/category/list [36m304[0m 21.801 ms - -[0m
[0mGET /api/website/catalog/category/search?queryString=Sports [32m200[0m 72.300 ms - 1238[0m
[0mGET /api/website/category/list [36m304[0m 17.696 ms - -[0m
[0mGET /api/website/catalog/product/search?filter_category=Sports [32m200[0m 110.758 ms - 12064[0m
[0mGET /api/website/category/list [36m304[0m 33.780 ms - -[0m
[0mGET /api/website/category/list [36m304[0m 14.390 ms - -[0m
[0mGET /api/website/catalog/category/search?queryString=kids-furnishing-toys-more [32m200[0m 65.364 ms - 632[0m
[0mGET /api/website/category/list [36m304[0m 15.385 ms - -[0m
[0mGET /api/website/catalog/product/search?filter_category=kids-furnishing-toys-more [32m200[0m 93.162 ms - 62[0m
[0mGET /api/website/category/list [36m304[0m 23.031 ms - -[0m
[0mGET /api/website/catalog/category/search?queryString=baby-accessories-more [32m200[0m 39.193 ms - 696[0m
[0mGET /api/website/category/list [36m304[0m 18.871 ms - -[0m
[0mGET /api/website/category/list [36m304[0m 15.952 ms - -[0m
[0mGET /api/website/catalog/product/search?filter_category=baby-accessories-more [32m200[0m 89.894 ms - 3940[0m
[0mGET /api/website/category/list [36m304[0m 20.317 ms - -[0m
[0mGET /api/website/catalog/category/search?queryString=baby-skin-hair-care [32m200[0m 41.612 ms - 755[0m
[0mGET /api/website/category/list [36m304[0m 22.059 ms - -[0m
[0mGET /api/website/category/list [36m304[0m 11.050 ms - -[0m
[0mGET /api/website/catalog/product/search?filter_category=baby-skin-hair-care [32m200[0m 93.270 ms - 5854[0m
[0mGET /api/website/category/list [36m304[0m 17.731 ms - -[0m
[0mGET /api/website/category/list [36m304[0m 23.335 ms - -[0m
[0mGET /api/website/catalog/category/search?queryString=diapers-wipes [32m200[0m 54.981 ms - 816[0m
[0mGET /api/website/category/list [36m304[0m 20.034 ms - -[0m
[0mGET /api/website/catalog/product/search?filter_category=diapers-wipes [32m200[0m 88.783 ms - 3028[0m
[0mGET /api/website/category/list [36m304[0m 12.200 ms - -[0m
[0mGET /api/website/catalog/category/search?queryString=baby-food [32m200[0m 27.829 ms - 820[0m
[0mGET /api/website/category/list [36m304[0m 17.214 ms - -[0m
[0mGET /api/website/category/list [36m304[0m 13.671 ms - -[0m
[0mGET /api/website/catalog/product/search?filter_category=baby-food [32m200[0m 76.634 ms - 2595[0m
[0mGET /api/website/category/list [36m304[0m 12.755 ms - -[0m
[0mGET /api/website/catalog/category/search?queryString=heajth-care [32m200[0m 28.420 ms - 913[0m
[0mGET /api/website/category/list [36m304[0m 17.018 ms - -[0m
[0mGET /api/website/category/list [36m304[0m 10.770 ms - -[0m
[0mGET /api/website/catalog/product/search?filter_category=heajth-care [32m200[0m 81.542 ms - 3160[0m
[0mGET /api/website/category/list [36m304[0m 18.569 ms - -[0m
[0mGET /api/website/category/list [36m304[0m 11.775 ms - -[0m
[0mGET /api/website/catalog/category/search?queryString=women%20grooming [32m200[0m 45.081 ms - 812[0m
[0mGET /api/website/category/list [36m304[0m 16.351 ms - -[0m
[0mGET /api/website/catalog/product/search?filter_category=women%20grooming [32m200[0m 69.981 ms - 417[0m
[0mGET /api/website/category/list [36m304[0m 20.396 ms - -[0m
[0mGET /api/website/catalog/category/search?queryString=face-care [32m200[0m 68.554 ms - 1176[0m
[0mGET /api/website/category/list [36m304[0m 46.547 ms - -[0m
[0mGET /api/website/category/list [36m304[0m 15.154 ms - -[0m
[0mGET /api/website/catalog/product/search?filter_category=face-care [32m200[0m 129.558 ms - 22708[0m
[0mGET /api/website/category/list [36m304[0m 11.852 ms - -[0m
[0mGET /api/website/catalog/category/search?queryString=makeup [32m200[0m 29.049 ms - 907[0m
[0mGET /api/website/category/list [36m304[0m 18.087 ms - -[0m
[0mGET /api/website/category/list [36m304[0m 12.357 ms - -[0m
[0mGET /api/website/catalog/product/search?filter_category=makeup [32m200[0m 60.520 ms - 62[0m
[0mGET /api/website/category/list [36m304[0m 11.865 ms - -[0m
[0mGET /api/website/catalog/category/search?queryString=mens-grooming [32m200[0m 28.586 ms - 1143[0m
[0mGET /api/website/category/list [36m304[0m 18.017 ms - -[0m
[0mGET /api/website/category/list [36m304[0m 15.128 ms - -[0m
[0mGET /api/website/catalog/product/search?filter_category=mens-grooming [32m200[0m 75.329 ms - 12858[0m
[0mGET /api/website/category/list [36m304[0m 14.613 ms - -[0m
[0mGET /api/website/catalog/category/search?queryString=oral-care [32m200[0m 31.568 ms - 941[0m
[0mGET /api/website/category/list [36m304[0m 19.284 ms - -[0m
[0mGET /api/website/category/list [36m304[0m 13.587 ms - -[0m
[0mGET /api/website/catalog/product/search?filter_category=oral-care [32m200[0m 78.850 ms - 5886[0m
[0mGET /api/website/category/list [36m304[0m 15.332 ms - -[0m
[0mGET /api/website/catalog/category/search?queryString=skin-care [32m200[0m 47.156 ms - 1371[0m
[0mGET /api/website/category/list [36m304[0m 30.655 ms - -[0m
[0mGET /api/website/category/list [36m304[0m 15.376 ms - -[0m
[0mGET /api/website/catalog/product/search?filter_category=skin-care [32m200[0m 99.221 ms - 13046[0m
[0mGET /api/website/category/list [36m304[0m 12.136 ms - -[0m
[0mGET /api/website/catalog/category/search?queryString=hair-care [32m200[0m 61.433 ms - 2976[0m
[0mGET /api/website/category/list [36m304[0m 51.941 ms - -[0m
[0mGET /api/website/category/list [36m304[0m 36.871 ms - -[0m
[0mGET /api/website/catalog/product/search?filter_category=hair-care [32m200[0m 120.011 ms - 15423[0m
[0mGET /api/website/category/list [36m304[0m 14.370 ms - -[0m
[0mGET /api/website/catalog/category/search?queryString=fragrances-deos [32m200[0m 37.369 ms - 960[0m
[0mGET /api/website/category/list [36m304[0m 25.389 ms - -[0m
[0mGET /api/website/category/list [36m304[0m 14.005 ms - -[0m
[0mGET /api/website/catalog/product/search?filter_category=fragrances-deos [32m200[0m 88.310 ms - 11333[0m
[0mGET /api/website/category/list [36m304[0m 12.406 ms - -[0m
[0mGET /api/website/category/list [36m304[0m 10.969 ms - -[0m
[0mGET /api/website/catalog/category/search?queryString=feminine-hygiene [32m200[0m 30.618 ms - 1055[0m
[0mGET /api/website/category/list [36m304[0m 19.529 ms - -[0m
[0mGET /api/website/catalog/product/search?filter_category=feminine-hygiene [32m200[0m 69.119 ms - 9254[0m
[0mGET /api/website/category/list [36m304[0m 13.561 ms - -[0m
[0mGET /api/website/catalog/category/search?queryString=herbal-soap [32m200[0m 42.175 ms - 1802[0m
[0mGET /api/website/category/list [36m304[0m 31.011 ms - -[0m
[0mGET /api/website/category/list [36m304[0m 11.670 ms - -[0m
[0mGET /api/website/catalog/product/search?filter_category=herbal-soap [32m200[0m 92.317 ms - 15735[0m
[0mGET /api/website/category/list [36m304[0m 16.626 ms - -[0m
[0mGET /api/website/category/list [36m304[0m 9.679 ms - -[0m
[0mGET /api/website/catalog/category/search?queryString=smart-home-automation [32m200[0m 27.416 ms - 939[0m
[0mGET /api/website/category/list [36m304[0m 9.980 ms - -[0m
[0mGET /api/website/catalog/product/search?filter_category=smart-home-automation [32m200[0m 68.182 ms - 62[0m
[0mGET /api/website/category/list [36m304[0m 12.089 ms - -[0m
[0mGET /api/website/catalog/category/search?queryString=home-light [32m200[0m 34.581 ms - 1153[0m
[0mGET /api/website/category/list [36m304[0m 23.285 ms - -[0m
[0mGET /api/website/category/list [36m304[0m 9.024 ms - -[0m
[0mGET /api/website/catalog/product/search?filter_category=home-light [32m200[0m 91.352 ms - 12907[0m
[0mGET /api/website/category/list [36m304[0m 16.047 ms - -[0m
[0mGET /api/website/category/list [36m304[0m 14.851 ms - -[0m
[0mGET /api/website/catalog/category/search?queryString=home-decor [32m200[0m 38.511 ms - 758[0m
[0mGET /api/website/category/list [36m304[0m 26.405 ms - -[0m
[0mGET /api/website/catalog/product/search?filter_category=home-decor [32m200[0m 85.730 ms - 62[0m
[0mGET /api/website/category/list [36m304[0m 20.921 ms - -[0m
[0mGET /api/website/catalog/category/search?queryString=furnishing [32m200[0m 35.850 ms - 1274[0m
[0mGET /api/website/category/list [36m304[0m 17.561 ms - -[0m
[0mGET /api/website/category/list [36m304[0m 16.629 ms - -[0m
[0mGET /api/website/catalog/product/search?filter_category=furnishing [32m200[0m 94.924 ms - 1684[0m
[0mGET /api/website/category/list [36m304[0m 14.217 ms - -[0m
[0mGET /api/website/category/list [36m304[0m 13.614 ms - -[0m
[0mGET /api/website/catalog/category/search?queryString=office-study-furniture [32m200[0m 33.386 ms - 818[0m
[0mGET /api/website/category/list [36m304[0m 12.937 ms - -[0m
[0mGET /api/website/catalog/product/search?filter_category=office-study-furniture [32m200[0m 70.948 ms - 62[0m
[0mGET /api/website/category/list [36m304[0m 13.653 ms - -[0m
[0mGET /api/website/category/list [36m304[0m 11.541 ms - -[0m
[0mGET /api/website/catalog/category/search?queryString=bedroom-furniture [32m200[0m 28.229 ms - 732[0m
[0mGET /api/website/category/list [36m304[0m 11.145 ms - -[0m
[0mGET /api/website/catalog/product/search?filter_category=bedroom-furniture [32m200[0m 63.758 ms - 703[0m
[0mGET /api/website/category/list [36m304[0m 22.967 ms - -[0m
[0mGET /api/website/catalog/category/search?queryString=cleaning-storage [32m200[0m 32.954 ms - 662[0m
[0mGET /api/website/category/list [36m304[0m 11.248 ms - -[0m
[0mGET /api/website/category/list [36m304[0m 13.027 ms - -[0m
[0mGET /api/website/catalog/product/search?filter_category=cleaning-storage [32m200[0m 81.845 ms - 62[0m
[0mGET /api/website/category/list [36m304[0m 13.957 ms - -[0m
[0mGET /api/website/catalog/category/search?queryString=kitchen-storage [32m200[0m 28.824 ms - 805[0m
[0mGET /api/website/category/list [36m304[0m 12.164 ms - -[0m
[0mGET /api/website/category/list [36m304[0m 13.192 ms - -[0m
[0mGET /api/website/catalog/product/search?filter_category=kitchen-storage [32m200[0m 77.472 ms - 62[0m
[0mGET /api/website/category/list [36m304[0m 14.147 ms - -[0m
[0mGET /api/website/catalog/category/search?queryString=tableware-dinnerware [32m200[0m 29.906 ms - 763[0m
[0mGET /api/website/category/list [36m304[0m 16.669 ms - -[0m
[0mGET /api/website/category/list [36m304[0m 11.315 ms - -[0m
[0mGET /api/website/catalog/product/search?filter_category=tableware-dinnerware [32m200[0m 81.509 ms - 62[0m
[0mGET /api/website/category/list [36m304[0m 10.695 ms - -[0m
[0mGET /api/website/category/list [36m304[0m 9.423 ms - -[0m
[0mGET /api/website/catalog/category/search?queryString=kitchen-cookware-serve-ware [32m200[0m 21.577 ms - 869[0m
[0mGET /api/website/category/list [36m304[0m 9.862 ms - -[0m
[0mGET /api/website/catalog/product/search?filter_category=kitchen-cookware-serve-ware [32m200[0m 63.241 ms - 62[0m
[0mGET /api/website/category/list [36m304[0m 11.376 ms - -[0m
[0mGET /api/website/catalog/category/search?queryString=Dish-washer [32m200[0m 27.559 ms - 789[0m
[0mGET /api/website/category/list [36m304[0m 17.482 ms - -[0m
[0mGET /api/website/category/list [36m304[0m 10.436 ms - -[0m
[0mGET /api/website/catalog/product/search?filter_category=Dish-washer [32m200[0m 73.662 ms - 3258[0m
[0mGET /api/website/category/list [36m304[0m 13.856 ms - -[0m
[0mGET /api/website/catalog/category/search?queryString=plastic-product [32m200[0m 25.766 ms - 628[0m
[0mGET /api/website/category/list [36m304[0m 12.775 ms - -[0m
[0mGET /api/website/category/list [36m304[0m 10.039 ms - -[0m
[0mGET /api/website/catalog/product/search?filter_category=plastic-product [32m200[0m 76.476 ms - 62[0m
[0mGET /api/website/category/list [36m304[0m 13.002 ms - -[0m
[0mGET /api/website/catalog/category/search?queryString=steel-furniture [32m200[0m 24.732 ms - 1011[0m
[0mGET /api/website/category/list [36m304[0m 13.106 ms - -[0m
[0mGET /api/website/category/list [36m304[0m 9.544 ms - -[0m
[0mGET /api/website/catalog/product/search?filter_category=steel-furniture [32m200[0m 73.300 ms - 5234[0m
[0mGET /api/website/category/list [36m304[0m 10.623 ms - -[0m
[0mGET /api/website/catalog/category/search?queryString=kitchen-appliances [32m200[0m 34.667 ms - 1363[0m
[0mGET /api/website/category/list [36m304[0m 25.357 ms - -[0m
[0mGET /api/website/category/list [36m304[0m 8.960 ms - -[0m
[0mGET /api/website/catalog/product/search?filter_category=kitchen-appliances [32m200[0m 81.676 ms - 18105[0m
[0mGET /api/website/category/list [36m304[0m 17.408 ms - -[0m
[0mGET /api/website/catalog/category/search?queryString=gas-stoves [32m200[0m 37.054 ms - 1208[0m
[0mGET /api/website/category/list [36m304[0m 18.591 ms - -[0m
[0mGET /api/website/category/list [36m304[0m 12.776 ms - -[0m
[0mGET /api/website/catalog/product/search?filter_category=gas-stoves [32m200[0m 91.362 ms - 10643[0m
[0mGET /api/website/category/list [36m304[0m 11.435 ms - -[0m
[0mGET /api/website/catalog/category/search?queryString=dining-serving [32m200[0m 32.837 ms - 738[0m
[0mGET /api/website/category/list [36m304[0m 23.090 ms - -[0m
[0mGET /api/website/category/list [36m304[0m 10.476 ms - -[0m
[0mGET /api/website/catalog/product/search?filter_category=dining-serving [32m200[0m 90.978 ms - 62[0m
[0mGET /api/website/category/list [36m304[0m 11.866 ms - -[0m
[0mGET /api/website/catalog/category/search?queryString=kitchen-tools-accessories [32m200[0m 25.153 ms - 1161[0m
[0mGET /api/website/category/list [36m304[0m 16.135 ms - -[0m
[0mGET /api/website/category/list [36m304[0m 12.711 ms - -[0m
[0mGET /api/website/catalog/product/search?filter_category=kitchen-tools-accessories [32m200[0m 77.818 ms - 1362[0m
[0mGET /api/website/category/list [36m304[0m 16.525 ms - -[0m
[0mGET /api/website/catalog/category/search?queryString=storage-containers [32m200[0m 36.427 ms - 1151[0m
[0mGET /api/website/category/list [36m304[0m 21.810 ms - -[0m
[0mGET /api/website/category/list [36m304[0m 11.023 ms - -[0m
[0mGET /api/website/catalog/product/search?filter_category=storage-containers [32m200[0m 86.770 ms - 1539[0m
[0mGET /api/website/category/list [36m304[0m 12.799 ms - -[0m
[0mGET /api/website/catalog/category/search?queryString=cookware [32m200[0m 46.152 ms - 1545[0m
[0mGET /api/website/category/list [36m304[0m 35.477 ms - -[0m
[0mGET /api/website/category/list [36m304[0m 11.111 ms - -[0m
[0mGET /api/website/catalog/product/search?filter_category=cookware [32m200[0m 91.273 ms - 4015[0m
[0mGET /api/website/category/list [36m304[0m 15.725 ms - -[0m
[0mGET /api/website/category/list [36m304[0m 11.567 ms - -[0m
[0mGET /api/website/category/list [36m304[0m 12.466 ms - -[0m
[0mGET /api/website/category/list [36m304[0m 11.829 ms - -[0m
[0mGET /api/website/category/list [36m304[0m 9.383 ms - -[0m
[0mGET /api/website/category/list [36m304[0m 9.440 ms - -[0m
[0mGET /api/website/category/list [36m304[0m 11.621 ms - -[0m
[0mGET /api/website/category/list [36m304[0m 11.061 ms - -[0m
[0mGET /api/website/category/list [36m304[0m 18.188 ms - -[0m
[0mGET /api/website/category/list [36m304[0m 12.519 ms - -[0m
[0mGET /api/website/category/list [36m304[0m 11.372 ms - -[0m
[0mGET /api/website/category/list [36m304[0m 12.379 ms - -[0m
[0mGET /api/website/category/list [36m304[0m 14.261 ms - -[0m
[0mGET /api/website/category/list [36m304[0m 10.139 ms - -[0m
[0mGET /api/website/category/list [36m304[0m 10.500 ms - -[0m
[0mGET /api/website/category/list [36m304[0m 11.765 ms - -[0m
[0mGET /api/website/category/list [36m304[0m 11.125 ms - -[0m
[0mGET /api/website/category/list [36m304[0m 10.099 ms - -[0m
[0mGET /api/website/category/list [36m304[0m 14.193 ms - -[0m
[0mGET /api/website/category/list [36m304[0m 25.829 ms - -[0m
[0mGET /api/website/category/list [36m304[0m 32.133 ms - -[0m
[0mGET /api/website/category/list [36m304[0m 12.243 ms - -[0m
[0mGET /api/website/catalog/category/search?queryString=undefined [32m200[0m 12.839 ms - 62[0m
[0mGET /api/website/category/list [36m304[0m 11.072 ms - -[0m
[0mGET /api/website/catalog/product/search?filter_category=undefined [32m200[0m 22.740 ms - 62[0m
[0mGET /api/website/category/list [36m304[0m 9.574 ms - -[0m
[0mGET /api/website/category/list [36m304[0m 13.696 ms - -[0m
[0mGET /api/website/catalog/category/search?queryString=electronics-mobile-phones [32m200[0m 34.531 ms - 2361[0m
[0mGET /api/website/category/list [36m304[0m 21.630 ms - -[0m
[0mGET /api/website/category/list [36m304[0m 11.249 ms - -[0m
[0mGET /api/website/catalog/product/search?filter_category=electronics-mobile-phones [32m200[0m 81.294 ms - 14607[0m
[0mGET /api/website/category/list [36m304[0m 13.222 ms - -[0m
[0mGET /api/website/catalog/category/search?queryString=Roughters [32m200[0m 22.488 ms - 526[0m
[0mGET /api/website/category/list [36m304[0m 10.162 ms - -[0m
[0mGET /api/website/category/list [36m304[0m 12.919 ms - -[0m
[0mGET /api/website/catalog/product/search?filter_category=Roughters [32m200[0m 68.604 ms - 62[0m
[0mGET /api/website/category/list [36m304[0m 14.232 ms - -[0m
[0mGET /api/website/catalog/category/search?queryString=Sport%20and%20Actions [32m200[0m 24.200 ms - 668[0m
[0mGET /api/website/category/list [36m304[0m 10.751 ms - -[0m
[0mGET /api/website/category/list [36m304[0m 12.570 ms - -[0m
[0mGET /api/website/catalog/product/search?filter_category=Sport%20and%20Actions [32m200[0m 66.118 ms - 62[0m
[0mGET /api/website/category/list [36m304[0m 12.575 ms - -[0m
[0mGET /api/website/catalog/category/search?queryString=Compact%20and%20Bridge%20Cameras [32m200[0m 21.728 ms - 710[0m
[0mGET /api/website/category/list [36m304[0m 10.824 ms - -[0m
[0mGET /api/website/category/list [36m304[0m 9.689 ms - -[0m
[0mGET /api/website/catalog/product/search?filter_category=Compact%20and%20Bridge%20Cameras [32m200[0m 74.704 ms - 62[0m
[0mGET /api/website/category/list [36m304[0m 12.555 ms - -[0m
[0mGET /api/website/catalog/category/search?queryString=DLSR%20and%20Mirrorless [32m200[0m 23.487 ms - 631[0m
[0mGET /api/website/category/list [36m304[0m 12.466 ms - -[0m
[0mGET /api/website/category/list [36m304[0m 10.224 ms - -[0m
[0mGET /api/website/catalog/product/search?filter_category=DLSR%20and%20Mirrorless [32m200[0m 71.509 ms - 62[0m
[0mGET /api/website/category/list [36m304[0m 14.252 ms - -[0m
[0mGET /api/website/category/list [36m304[0m 13.093 ms - -[0m
[0mGET /api/website/catalog/category/search?queryString=Sound%20Bars [32m200[0m 33.728 ms - 527[0m
[0mGET /api/website/category/list [36m304[0m 14.414 ms - -[0m
[0mGET /api/website/catalog/product/search?filter_category=Sound%20Bars [32m200[0m 84.340 ms - 62[0m
[0mGET /api/website/category/list [36m304[0m 11.082 ms - -[0m
[0mGET /api/website/catalog/category/search?queryString=Bluetooth%20Speakers [32m200[0m 20.953 ms - 535[0m
[0mGET /api/website/category/list [36m304[0m 11.313 ms - -[0m
[0mGET /api/website/category/list [36m304[0m 9.862 ms - -[0m
[0mGET /api/website/catalog/product/search?filter_category=Bluetooth%20Speakers [32m200[0m 69.294 ms - 62[0m
[0mGET /api/website/category/list [36m304[0m 11.567 ms - -[0m
[0mGET /api/website/category/list [36m304[0m 9.502 ms - -[0m
[0mGET /api/website/catalog/category/search?queryString=Home%20Theater%20Speakers [32m200[0m 22.553 ms - 538[0m
[0mGET /api/website/category/list [36m304[0m 9.874 ms - -[0m
[0mGET /api/website/catalog/product/search?filter_category=Home%20Theater%20Speakers [32m200[0m 63.709 ms - 62[0m
[0mGET /api/website/category/list [36m304[0m 13.431 ms - -[0m
[0mGET /api/website/catalog/category/search?queryString=Home%20Audio%20Speakers [32m200[0m 26.188 ms - 536[0m
[0mGET /api/website/category/list [36m304[0m 11.715 ms - -[0m
[0mGET /api/website/category/list [36m304[0m 18.954 ms - -[0m
[0mGET /api/website/catalog/product/search?filter_category=Home%20Audio%20Speakers [32m200[0m 71.111 ms - 62[0m
[0mGET /api/website/category/list [36m304[0m 14.898 ms - -[0m
[0mGET /api/website/category/list [36m304[0m 9.516 ms - -[0m
[0mGET /api/website/catalog/category/search?queryString=Apple%20iPad [32m200[0m 26.087 ms - 576[0m
[0mGET /api/website/category/list [36m304[0m 10.249 ms - -[0m
[0mGET /api/website/catalog/product/search?filter_category=Apple%20iPad [32m200[0m 64.818 ms - 391[0m
[0mGET /api/website/category/list [36m304[0m 10.486 ms - -[0m
[0mGET /api/website/catalog/category/search?queryString=Key%20Boards [32m200[0m 19.073 ms - 527[0m
[0mGET /api/website/category/list [36m304[0m 11.057 ms - -[0m
[0mGET /api/website/category/list [36m304[0m 20.686 ms - -[0m
[0mGET /api/website/catalog/product/search?filter_category=Key%20Boards [32m200[0m 65.185 ms - 62[0m
[0mGET /api/website/category/list [36m304[0m 17.502 ms - -[0m
[0mGET /api/website/category/list [36m304[0m 12.125 ms - -[0m
[0mGET /api/website/catalog/category/search?queryString=Mouse [32m200[0m 40.931 ms - 522[0m
[0mGET /api/website/category/list [36m304[0m 13.499 ms - -[0m
[0mGET /api/website/catalog/product/search?filter_category=Mouse [32m200[0m 91.387 ms - 62[0m
[0mGET /api/website/category/list [36m304[0m 15.123 ms - -[0m
[0mGET /api/website/category/list [36m304[0m 26.337 ms - -[0m
[0mGET /api/website/catalog/category/search?queryString=Laptop%20Bags [32m200[0m 61.403 ms - 528[0m
[0mGET /api/website/category/list [36m304[0m 19.851 ms - -[0m
[0mGET /api/website/catalog/product/search?filter_category=Laptop%20Bags [32m200[0m 114.807 ms - 62[0m
[0mGET /api/website/category/list [36m304[0m 12.833 ms - -[0m
[0mGET /api/website/catalog/category/search?queryString=Pen%20Drives [32m200[0m 24.475 ms - 527[0m
[0mGET /api/website/category/list [36m304[0m 11.825 ms - -[0m
[0mGET /api/website/category/list [36m304[0m 10.600 ms - -[0m
[0mGET /api/website/catalog/product/search?filter_category=Pen%20Drives [32m200[0m 71.397 ms - 62[0m
[0mGET /api/website/category/list [36m304[0m 13.937 ms - -[0m
[0mGET /api/website/category/list [36m304[0m 10.349 ms - -[0m
[0mGET /api/website/catalog/category/search?queryString=External%20Hard%20Disks [32m200[0m 24.829 ms - 536[0m
[0mGET /api/website/category/list [36m304[0m 10.663 ms - -[0m
[0mGET /api/website/catalog/product/search?filter_category=External%20Hard%20Disks [32m200[0m 70.222 ms - 62[0m
[0mGET /api/website/category/list [36m304[0m 13.350 ms - -[0m
[0mGET /api/website/catalog/category/search?queryString=All%20Desktops%20(PC) [32m200[0m 29.642 ms - 614[0m
[0mGET /api/website/category/list [36m304[0m 18.108 ms - -[0m
[0mGET /api/website/category/list [36m304[0m 10.399 ms - -[0m
[0mGET /api/website/catalog/product/search?filter_category=All%20Desktops%20%28PC%29 [32m200[0m 75.707 ms - 430[0m
[0mGET /api/website/category/list [36m304[0m 13.380 ms - -[0m
[0mGET /api/website/catalog/category/search?queryString=Mac%20Books [32m200[0m 23.484 ms - 526[0m
[0mGET /api/website/category/list [36m304[0m 11.018 ms - -[0m
[0mGET /api/website/category/list [36m304[0m 10.222 ms - -[0m
[0mGET /api/website/catalog/product/search?filter_category=Mac%20Books [32m200[0m 65.188 ms - 62[0m
[0mGET /api/website/category/list [36m304[0m 18.466 ms - -[0m
[0mGET /api/website/catalog/category/search?queryString=Gaming%20Laptops [32m200[0m 28.654 ms - 531[0m
[0mGET /api/website/category/list [36m304[0m 11.773 ms - -[0m
[0mGET /api/website/category/list [36m304[0m 12.030 ms - -[0m
[0mGET /api/website/catalog/product/search?filter_category=Gaming%20Laptops [32m200[0m 75.528 ms - 62[0m
[0mGET /api/website/category/list [36m304[0m 10.905 ms - -[0m
[0mGET /api/website/category/list [36m304[0m 8.909 ms - -[0m
[0mGET /api/website/catalog/category/search?queryString=Note%20Book%20and%20Ultra%20Book [32m200[0m 20.984 ms - 717[0m
[0mGET /api/website/category/list [36m304[0m 9.764 ms - -[0m
[0mGET /api/website/catalog/product/search?filter_category=Note%20Book%20and%20Ultra%20Book [32m200[0m 59.247 ms - 62[0m
[0mGET /api/website/category/list [36m304[0m 13.685 ms - -[0m
[0mGET /api/website/catalog/category/search?queryString=Weight%20Scales [32m200[0m 25.220 ms - 530[0m
[0mGET /api/website/category/list [36m304[0m 12.542 ms - -[0m
[0mGET /api/website/category/list [36m304[0m 11.825 ms - -[0m
[0mGET /api/website/catalog/product/search?filter_category=Weight%20Scales [32m200[0m 74.418 ms - 62[0m
[0mGET /api/website/category/list [36m304[0m 15.333 ms - -[0m
[0mGET /api/website/catalog/category/search?queryString=BP%20Monitors [32m200[0m 26.504 ms - 528[0m
[0mGET /api/website/category/list [36m304[0m 11.517 ms - -[0m
[0mGET /api/website/category/list [36m304[0m 11.892 ms - -[0m
[0mGET /api/website/catalog/product/search?filter_category=BP%20Monitors [32m200[0m 71.856 ms - 62[0m
[0mGET /api/website/category/list [36m304[0m 11.435 ms - -[0m
[0mGET /api/website/category/list [36m304[0m 9.378 ms - -[0m
[0mGET /api/website/catalog/category/search?queryString=Screen%20Touch [32m200[0m 22.350 ms - 529[0m
[0mGET /api/website/category/list [36m304[0m 9.479 ms - -[0m
[0mGET /api/website/catalog/product/search?filter_category=Screen%20Touch [32m200[0m 65.732 ms - 62[0m
[0mGET /api/website/category/list [36m304[0m 11.432 ms - -[0m
[0mGET /api/website/category/list [36m304[0m 8.864 ms - -[0m
[0mGET /api/website/catalog/category/search?queryString=KeyPad [32m200[0m 24.957 ms - 523[0m
[0mGET /api/website/category/list [36m304[0m 10.181 ms - -[0m
[0mGET /api/website/catalog/product/search?filter_category=KeyPad [32m200[0m 59.345 ms - 62[0m
[0mGET /api/website/category/list [36m304[0m 12.710 ms - -[0m
[0mGET /api/website/category/list [36m304[0m 12.061 ms - -[0m
[0mGET /api/website/catalog/category/search?queryString=Other%20Accessories [32m200[0m 35.940 ms - 533[0m
[0mGET /api/website/category/list [36m304[0m 12.401 ms - -[0m
[0mGET /api/website/catalog/product/search?filter_category=Other%20Accessories [32m200[0m 87.028 ms - 62[0m
[0mGET /api/website/category/list [36m304[0m 12.298 ms - -[0m
[0mGET /api/website/category/list [36m304[0m 11.401 ms - -[0m
[0mGET /api/website/catalog/category/search?queryString=Earbuds [32m200[0m 26.236 ms - 523[0m
[0mGET /api/website/category/list [36m304[0m 10.345 ms - -[0m
[0mGET /api/website/catalog/product/search?filter_category=Earbuds [32m200[0m 59.967 ms - 62[0m
[0mGET /api/website/category/list [36m304[0m 14.825 ms - -[0m
[0mGET /api/website/catalog/category/search?queryString=Smart%20Watch [32m200[0m 42.311 ms - 812[0m
[0mGET /api/website/category/list [36m304[0m 29.356 ms - -[0m
[0mGET /api/website/category/list [36m304[0m 31.207 ms - -[0m
[0mGET /api/website/catalog/product/search?filter_category=Smart%20Watch [32m200[0m 94.388 ms - 486[0m
[0mGET /api/website/category/list [36m304[0m 11.921 ms - -[0m
[0mGET /api/website/catalog/category/search?queryString=Power%20Bank [32m200[0m 24.331 ms - 526[0m
[0mGET /api/website/category/list [36m304[0m 13.314 ms - -[0m
[0mGET /api/website/category/list [36m304[0m 11.176 ms - -[0m
[0mGET /api/website/catalog/product/search?filter_category=Power%20Bank [32m200[0m 70.952 ms - 62[0m
[0mGET /api/website/category/list [36m304[0m 15.724 ms - -[0m
[0mGET /api/website/catalog/category/search?queryString=Router [32m200[0m 26.728 ms - 522[0m
[0mGET /api/website/category/list [36m304[0m 11.728 ms - -[0m
[0mGET /api/website/category/list [36m304[0m 27.493 ms - -[0m
[0mGET /api/website/catalog/product/search?filter_category=Router [32m200[0m 74.709 ms - 794[0m
[0mGET /api/website/category/list [36m304[0m 12.494 ms - -[0m
[0mGET /api/website/catalog/category/search?queryString=Data%20Cable [32m200[0m 26.735 ms - 526[0m
[0mGET /api/website/category/list [36m304[0m 14.079 ms - -[0m
[0mGET /api/website/category/list [36m304[0m 11.497 ms - -[0m
[0mGET /api/website/catalog/product/search?filter_category=Data%20Cable [32m200[0m 76.326 ms - 62[0m
[0mGET /api/website/category/list [36m304[0m 15.613 ms - -[0m
[0mGET /api/website/catalog/category/search?queryString=Cover [32m200[0m 25.013 ms - 736[0m
[0mGET /api/website/category/list [36m304[0m 10.485 ms - -[0m
[0mGET /api/website/category/list [36m304[0m 11.271 ms - -[0m
[0mGET /api/website/catalog/product/search?filter_category=Cover [32m200[0m 67.189 ms - 62[0m
[0mGET /api/website/category/list [36m304[0m 17.685 ms - -[0m
[0mGET /api/website/catalog/category/search?queryString=Charger [32m200[0m 31.531 ms - 523[0m
[0mGET /api/website/category/list [36m304[0m 14.178 ms - -[0m
[0mGET /api/website/category/list [36m304[0m 11.269 ms - -[0m
[0mGET /api/website/catalog/product/search?filter_category=Charger [32m200[0m 74.529 ms - 62[0m
[0mGET /api/website/category/list [36m304[0m 14.790 ms - -[0m
[0mGET /api/website/catalog/category/search?queryString=Screen%20Guard [32m200[0m 26.600 ms - 528[0m
[0mGET /api/website/category/list [36m304[0m 11.958 ms - -[0m
[0mGET /api/website/category/list [36m304[0m 13.194 ms - -[0m
[0mGET /api/website/catalog/product/search?filter_category=Screen%20Guard [32m200[0m 72.905 ms - 62[0m
[0mGET /api/website/category/list [36m304[0m 13.986 ms - -[0m
[0mGET /api/website/category/list [36m304[0m 10.245 ms - -[0m
[0mGET /api/website/catalog/category/search?queryString=Bluetooth [32m200[0m 26.179 ms - 730[0m
[0mGET /api/website/category/list [36m304[0m 9.975 ms - -[0m
[0mGET /api/website/catalog/product/search?filter_category=Bluetooth [32m200[0m 59.203 ms - 62[0m
[0mGET /api/website/category/list [36m304[0m 13.448 ms - -[0m
[0mGET /api/website/category/list [36m304[0m 11.431 ms - -[0m
[0mGET /api/website/catalog/category/search?queryString=Earphone [32m200[0m 26.364 ms - 524[0m
[0mGET /api/website/category/list [36m304[0m 10.085 ms - -[0m
[0mGET /api/website/catalog/product/search?filter_category=Earphone [32m200[0m 73.350 ms - 598[0m
[0mGET /api/website/category/list [36m304[0m 14.325 ms - -[0m
[0mGET /api/website/catalog/category/search?queryString=Redmi [32m200[0m 24.627 ms - 524[0m
[0mGET /api/website/category/list [36m304[0m 12.002 ms - -[0m
[0mGET /api/website/category/list [36m304[0m 12.976 ms - -[0m
[0mGET /api/website/catalog/product/search?filter_category=Redmi [32m200[0m 73.231 ms - 62[0m
[0mGET /api/website/category/list [36m304[0m 14.422 ms - -[0m
[0mGET /api/website/catalog/category/search?queryString=One%20Plus [32m200[0m 25.665 ms - 524[0m
[0mGET /api/website/category/list [36m304[0m 12.980 ms - -[0m
[0mGET /api/website/category/list [36m304[0m 10.634 ms - -[0m
[0mGET /api/website/catalog/product/search?filter_category=One%20Plus [32m200[0m 71.121 ms - 62[0m
[0mGET /api/website/category/list [36m304[0m 10.470 ms - -[0m
[0mGET /api/website/category/list [36m304[0m 8.804 ms - -[0m
[0mGET /api/website/catalog/category/search?queryString=Itel [32m200[0m 20.298 ms - 520[0m
[0mGET /api/website/category/list [36m304[0m 9.420 ms - -[0m
[0mGET /api/website/catalog/product/search?filter_category=Itel [32m200[0m 60.478 ms - 62[0m
[0mGET /api/website/category/list [36m304[0m 13.695 ms - -[0m
[0mGET /api/website/catalog/category/search?queryString=Poco [32m200[0m 24.803 ms - 520[0m
[0mGET /api/website/category/list [36m304[0m 12.760 ms - -[0m
[0mGET /api/website/category/list [36m304[0m 9.353 ms - -[0m
[0mGET /api/website/catalog/product/search?filter_category=Poco [32m200[0m 77.475 ms - 62[0m
[0mGET /api/website/category/list [36m304[0m 13.349 ms - -[0m
[0mGET /api/website/category/list [36m304[0m 12.830 ms - -[0m
[0mGET /api/website/catalog/category/search?queryString=Techno [32m200[0m 29.873 ms - 522[0m
[0mGET /api/website/category/list [36m304[0m 18.207 ms - -[0m
[0mGET /api/website/catalog/product/search?filter_category=Techno [32m200[0m 105.423 ms - 62[0m
[0mGET /api/website/category/list [36m304[0m 23.577 ms - -[0m
[0mGET /api/website/catalog/category/search?queryString=MI [32m200[0m 79.473 ms - 928[0m
[0mGET /api/website/category/list [36m304[0m 48.230 ms - -[0m
[0mGET /api/website/category/list [36m304[0m 15.529 ms - -[0m
[0mGET /api/website/catalog/product/search?filter_category=MI [32m200[0m 148.780 ms - 6429[0m
[0mGET /api/website/category/list [36m304[0m 12.360 ms - -[0m
[0mGET /api/website/category/list [36m304[0m 9.903 ms - -[0m
[0mGET /api/website/catalog/category/search?queryString=Realme [32m200[0m 24.979 ms - 761[0m
[0mGET /api/website/category/list [36m304[0m 9.601 ms - -[0m
[0mGET /api/website/catalog/product/search?filter_category=Realme [32m200[0m 71.537 ms - 3634[0m
[0mGET /api/website/category/list [36m304[0m 13.135 ms - -[0m
[0mGET /api/website/catalog/category/search?queryString=Vivo [32m200[0m 25.397 ms - 520[0m
[0mGET /api/website/category/list [36m304[0m 13.070 ms - -[0m
[0mGET /api/website/category/list [36m304[0m 12.234 ms - -[0m
[0mGET /api/website/catalog/product/search?filter_category=Vivo [32m200[0m 62.694 ms - 62[0m
[0mGET /api/website/category/list [36m304[0m 13.631 ms - -[0m
[0mGET /api/website/category/list [36m304[0m 13.871 ms - -[0m
[0mGET /api/website/catalog/category/search?queryString=Lava [32m200[0m 33.212 ms - 520[0m
[0mGET /api/website/category/list [36m304[0m 14.494 ms - -[0m
[0mGET /api/website/catalog/product/search?filter_category=Lava [32m200[0m 77.988 ms - 62[0m
[0mGET /api/website/category/list [36m304[0m 14.740 ms - -[0m
[0mGET /api/website/catalog/category/search?queryString=Nokia [32m200[0m 27.071 ms - 521[0m
[0mGET /api/website/category/list [36m304[0m 13.643 ms - -[0m
[0mGET /api/website/category/list [36m304[0m 10.658 ms - -[0m
[0mGET /api/website/catalog/product/search?filter_category=Nokia [32m200[0m 66.579 ms - 62[0m
[0mGET /api/website/category/list [36m304[0m 14.169 ms - -[0m
[0mGET /api/website/category/list [36m304[0m 9.670 ms - -[0m
[0mGET /api/website/catalog/category/search?queryString=Colors [32m200[0m 24.880 ms - 522[0m
[0mGET /api/website/category/list [36m304[0m 9.825 ms - -[0m
[0mGET /api/website/catalog/product/search?filter_category=Colors [32m200[0m 61.065 ms - 62[0m
[0mGET /api/website/category/list [36m304[0m 12.820 ms - -[0m
[0mGET /api/website/catalog/category/search?queryString=Oppo [32m200[0m 26.693 ms - 809[0m
[0mGET /api/website/category/list [36m304[0m 14.635 ms - -[0m
[0mGET /api/website/category/list [36m304[0m 12.170 ms - -[0m
[0mGET /api/website/catalog/product/search?filter_category=Oppo [32m200[0m 81.814 ms - 3273[0m
[0mGET /api/website/category/list [36m304[0m 15.899 ms - -[0m
[0mGET /api/website/catalog/category/search?queryString=Huawei [32m200[0m 27.720 ms - 522[0m
[0mGET /api/website/category/list [36m304[0m 14.988 ms - -[0m
[0mGET /api/website/category/list [36m304[0m 11.565 ms - -[0m
[0mGET /api/website/catalog/product/search?filter_category=Huawei [32m200[0m 72.596 ms - 62[0m
[0mGET /api/website/category/list [36m304[0m 16.794 ms - -[0m
[0mGET /api/website/category/list [36m304[0m 13.502 ms - -[0m
[0mGET /api/website/catalog/category/search?queryString=Samsung [32m200[0m 46.514 ms - 762[0m
[0mGET /api/website/category/list [36m304[0m 16.774 ms - -[0m
[0mGET /api/website/catalog/product/search?filter_category=Samsung [32m200[0m 77.692 ms - 4794[0m
[0mGET /api/website/category/list [36m304[0m 11.766 ms - -[0m
[0mGET /api/website/catalog/category/search?queryString=tv-appliances [32m200[0m 58.659 ms - 2956[0m
[0mGET /api/website/category/list [36m304[0m 48.227 ms - -[0m
[0mGET /api/website/category/list [36m304[0m 13.742 ms - -[0m
[0mGET /api/website/catalog/product/search?filter_category=tv-appliances [32m200[0m 109.296 ms - 18630[0m
[0mGET /api/website/category/list [36m304[0m 13.122 ms - -[0m
[0mGET /api/website/catalog/category/search?queryString=Dye%20Ink [32m200[0m 25.034 ms - 714[0m
[0mGET /api/website/category/list [36m304[0m 12.597 ms - -[0m
[0mGET /api/website/category/list [36m304[0m 10.807 ms - -[0m
[0mGET /api/website/catalog/product/search?filter_category=Dye%20Ink [32m200[0m 78.563 ms - 2978[0m
[0mGET /api/website/category/list [36m304[0m 11.637 ms - -[0m
[0mGET /api/website/category/list [36m304[0m 13.782 ms - -[0m
[0mGET /api/website/catalog/category/search?queryString=Printer%20Accessories [32m200[0m 36.787 ms - 690[0m
[0mGET /api/website/category/list [36m304[0m 11.326 ms - -[0m
[0mGET /api/website/catalog/product/search?filter_category=Printer%20Accessories [32m200[0m 68.203 ms - 62[0m
[0mGET /api/website/category/list [36m304[0m 11.798 ms - -[0m
[0mGET /api/website/catalog/category/search?queryString=Printer [32m200[0m 26.780 ms - 920[0m
[0mGET /api/website/category/list [36m304[0m 15.004 ms - -[0m
[0mGET /api/website/category/list [36m304[0m 14.175 ms - -[0m
[0mGET /api/website/catalog/product/search?filter_category=Printer [32m200[0m 76.409 ms - 3211[0m
[0mGET /api/website/product/detail?productId=5557&slug=hindware-cooker-hood-chromia-60-auto-clean-chimney [32m200[0m 137.184 ms - 3036[0m
[0mGET /api/website/relatedProduct?productId=5557&slug=hindware-cooker-hood-chromia-60-auto-clean-chimney [32m200[0m 105.402 ms - 5018[0m
[0mGET /api/website/category/list [36m304[0m 72.097 ms - -[0m
[0mGET /api/website/popular/category-list [36m304[0m 62.944 ms - -[0m
[0mGET /api/website/product/new-arrival [36m304[0m 116.148 ms - -[0m
[0mGET /api/website/product/men-fashion [36m304[0m 118.992 ms - -[0m
[0mGET /api/website/product/women-fashion [36m304[0m 110.382 ms - -[0m
[0mGET /api/website/product/home-kitchen [36m304[0m 111.344 ms - -[0m
[0mOPTIONS /api/customer/getUserByEmailId [32m204[0m 0.893 ms - 0[0m
[0mOPTIONS /api/customer/getUserByEmailId [32m204[0m 0.307 ms - 0[0m
[0mGET /api/website/category/list [32m200[0m 61.658 ms - 26988[0m
[0mGET /api/customer/getUserByEmailId [32m200[0m 38.557 ms - 734[0m
[0mGET /api/website/product/new-arrival [32m200[0m 77.537 ms - 21404[0m
[0mGET /api/website/product/women-fashion [32m200[0m 84.021 ms - 16106[0m
[0mGET /api/website/product/men-fashion [32m200[0m 83.977 ms - 14958[0m
[0mGET /api/website/product/home-kitchen [32m200[0m 94.043 ms - 15246[0m
[0mGET /api/website/popular/category-list [32m200[0m 97.456 ms - 8014[0m
[0mGET /api/website/category/list [36m304[0m 81.053 ms - -[0m
[0mGET /api/customer/getUserByEmailId [36m304[0m 56.563 ms - -[0m
[0mGET /api/website/category/list [36m304[0m 24.480 ms - -[0m
[0mGET /api/website/category/list [36m304[0m 16.010 ms - -[0m
[0mOPTIONS /api/customer/getUserByEmailId [32m204[0m 0.892 ms - 0[0m
[0mOPTIONS /api/customer/getUserByEmailId [32m204[0m 0.377 ms - 0[0m
[0mGET /api/website/category/list [36m304[0m 60.465 ms - -[0m
[0mGET /api/website/popular/category-list [36m304[0m 32.636 ms - -[0m
[0mGET /api/website/product/new-arrival [36m304[0m 93.390 ms - -[0m
[0mGET /api/website/product/women-fashion [36m304[0m 94.367 ms - -[0m
[0mGET /api/website/product/home-kitchen [36m304[0m 96.069 ms - -[0m
[0mGET /api/website/product/men-fashion [36m304[0m 84.995 ms - -[0m
[0mGET /api/website/category/list [36m304[0m 51.351 ms - -[0m
[0mGET /api/customer/getUserByEmailId [36m304[0m 53.559 ms - -[0m
[0mGET /api/customer/getUserByEmailId [36m304[0m 12.379 ms - -[0m
[0mGET /api/website/category/list [36m304[0m 15.395 ms - -[0m
[0mGET /api/website/category/list [36m304[0m 13.934 ms - -[0m
[0mGET /api/customer/getUserByEmailId [36m304[0m 26.282 ms - -[0m
[0mGET /api/website/category/list [36m304[0m 33.919 ms - -[0m
[0mGET /api/website/popular/category-list [36m304[0m 5.731 ms - -[0m
[0mGET /api/website/product/new-arrival [36m304[0m 40.491 ms - -[0m
[0mGET /api/website/product/home-kitchen [36m304[0m 59.091 ms - -[0m
[0mGET /api/website/product/men-fashion [36m304[0m 41.571 ms - -[0m
[0mGET /api/website/product/women-fashion [36m304[0m 42.211 ms - -[0m
[0mGET /api/customer/getUserByEmailId [36m304[0m 40.729 ms - -[0m
[0mGET /api/website/category/list [36m304[0m 33.967 ms - -[0m
[0mGET /api/website/category/list [36m304[0m 12.647 ms - -[0m
[0mGET /api/website/category/list [36m304[0m 13.210 ms - -[0m
[0mOPTIONS /api/customer/getUserByEmailId [32m204[0m 3.567 ms - 0[0m
[0mOPTIONS /api/customer/getUserByEmailId [32m204[0m 0.299 ms - 0[0m
[0mGET /api/website/category/list [36m304[0m 50.681 ms - -[0m
[0mGET /api/customer/getUserByEmailId [36m304[0m 12.492 ms - -[0m
[0mGET /api/website/product/new-arrival [36m304[0m 77.253 ms - -[0m
[0mGET /api/website/popular/category-list [36m304[0m 67.992 ms - -[0m
[0mGET /api/website/product/women-fashion [36m304[0m 79.117 ms - -[0m
[0mGET /api/website/product/home-kitchen [36m304[0m 79.585 ms - -[0m
[0mGET /api/website/product/men-fashion [36m304[0m 79.932 ms - -[0m
[0mGET /api/website/category/list [36m304[0m 74.508 ms - -[0m
[0mGET /api/customer/getUserByEmailId [36m304[0m 10.760 ms - -[0m
[0mGET /api/website/category/list [36m304[0m 22.061 ms - -[0m
[0mGET /api/website/category/list [36m304[0m 11.790 ms - -[0m
