[0mGET /api/website/product/detail?productId=6144&slug=beige-floral-printed-sherwani-for-men [32m200[0m 97.849 ms - 1311[0m
[0mGET /api/website/relatedProduct?productId=6144&slug=beige-floral-printed-sherwani-for-men [32m200[0m 93.498 ms - 2734[0m
[0mGET /api/website/product/detail?productId=6141&slug=beige-floral-sherwani [32m200[0m 64.324 ms - 1138[0m
[0mGET /api/website/relatedProduct?productId=6141&slug=beige-floral-sherwani [32m200[0m 64.061 ms - 2734[0m
[0mGET /api/website/relatedProduct?productId=6140&slug=beige-floral-sherwani [32m200[0m 60.191 ms - 2734[0m
[0mGET /api/website/product/detail?productId=6135&slug=lotus-printed-sherwani [32m200[0m 62.768 ms - 2083[0m
[0mGET /api/website/relatedProduct?productId=6135&slug=lotus-printed-sherwani [32m200[0m 62.417 ms - 2734[0m
[0mGET /api/website/category/list [36m304[0m 41.765 ms - -[0m
[0mGET /api/website/popular/category-list [36m304[0m 12.074 ms - -[0m
[0mGET /api/website/product/home-kitchen [36m304[0m 71.570 ms - -[0m
[0mGET /api/website/product/men-fashion [36m304[0m 62.218 ms - -[0m
[0mGET /api/website/product/women-fashion [36m304[0m 61.955 ms - -[0m
[0mGET /api/website/product/new-arrival [36m304[0m 62.154 ms - -[0m
[0mGET /api/website/product/detail?productId=6135&slug=lotus-printed-sherwani [36m304[0m 62.028 ms - -[0m
[0mGET /api/website/relatedProduct?productId=6135&slug=lotus-printed-sherwani [36m304[0m 62.261 ms - -[0m
[0mGET /api/website/category/list [36m304[0m 39.421 ms - -[0m
[0mGET /api/website/popular/category-list [36m304[0m 10.367 ms - -[0m
[0mGET /api/website/product/men-fashion [36m304[0m 44.345 ms - -[0m
[0mGET /api/website/product/home-kitchen [36m304[0m 59.074 ms - -[0m
[0mGET /api/website/product/new-arrival [36m304[0m 50.338 ms - -[0m
[0mGET /api/website/product/women-fashion [36m304[0m 50.879 ms - -[0m
[0mGET /api/website/catalog/category/search?queryString=hindware [32m200[0m 22.353 ms - 561[0m
[0mGET /api/website/catalog/product/search?filter_category=hindware [32m200[0m 66.335 ms - 7769[0m
[0mGET /api/website/category/list [36m304[0m 37.154 ms - -[0m
[0mGET /api/website/popular/category-list [36m304[0m 8.273 ms - -[0m
[0mGET /api/website/product/new-arrival [36m304[0m 40.384 ms - -[0m
[0mGET /api/website/product/women-fashion [36m304[0m 50.351 ms - -[0m
[0mGET /api/website/product/home-kitchen [36m304[0m 41.296 ms - -[0m
[0mGET /api/website/product/men-fashion [36m304[0m 41.313 ms - -[0m
[0mGET /api/website/category/list [32m200[0m 111.142 ms - 26988[0m
[0mGET /api/website/category/list [32m200[0m 108.055 ms - 26988[0m
[0mGET /api/website/category/list [32m200[0m 109.887 ms - 26988[0m
[0mGET /api/website/category/list [32m200[0m 110.581 ms - 26988[0m
[0mGET /api/website/popular/category-list [32m200[0m 100.208 ms - 8014[0m
[0mGET /api/website/product/home-kitchen [32m200[0m 213.982 ms - 15246[0m
[0mGET /api/website/product/women-fashion [32m200[0m 213.547 ms - 16106[0m
[0mGET /api/website/product/men-fashion [32m200[0m 112.517 ms - 14958[0m
[0mGET /api/website/product/new-arrival [32m200[0m 109.394 ms - 21404[0m
[0mGET /api/website/category/list [36m304[0m 40.402 ms - -[0m
[0mGET /api/website/popular/category-list [36m304[0m 22.345 ms - -[0m
[0mGET /api/website/product/new-arrival [36m304[0m 39.668 ms - -[0m
[0mGET /api/website/product/women-fashion [36m304[0m 79.822 ms - -[0m
[0mGET /api/website/product/men-fashion [36m304[0m 78.129 ms - -[0m
[0mGET /api/website/product/home-kitchen [36m304[0m 80.937 ms - -[0m
[0mGET /api/website/category/list [36m304[0m 59.192 ms - -[0m
[0mGET /api/website/category/list [36m304[0m 15.551 ms - -[0m
[0mGET /api/website/category/list [36m304[0m 31.395 ms - -[0m
[0mGET /api/website/category/list [36m304[0m 50.616 ms - -[0m
[0mGET /api/website/popular/category-list [36m304[0m 23.522 ms - -[0m
[0mGET /api/website/product/home-kitchen [36m304[0m 74.654 ms - -[0m
[0mGET /api/website/product/new-arrival [36m304[0m 71.841 ms - -[0m
[0mGET /api/website/product/men-fashion [36m304[0m 74.953 ms - -[0m
[0mGET /api/website/product/women-fashion [36m304[0m 74.782 ms - -[0m
[0mGET /api/website/category/list [36m304[0m 42.922 ms - -[0m
[0mGET /api/website/category/list [36m304[0m 19.187 ms - -[0m
[0mGET /api/website/category/list [36m304[0m 47.672 ms - -[0m
[0mGET /api/website/category/list [36m304[0m 93.964 ms - -[0m
[0mGET /api/website/popular/category-list [36m304[0m 81.783 ms - -[0m
[0mGET /api/website/product/new-arrival [36m304[0m 119.784 ms - -[0m
[0mGET /api/website/product/home-kitchen [36m304[0m 123.446 ms - -[0m
[0mGET /api/website/product/men-fashion [36m304[0m 154.535 ms - -[0m
[0mGET /api/website/product/women-fashion [36m304[0m 194.360 ms - -[0m
[0mGET /api/website/category/list [36m304[0m 114.649 ms - -[0m
[0mGET /api/website/category/list [36m304[0m 31.572 ms - -[0m
[0mGET /api/website/category/list [36m304[0m 42.149 ms - -[0m
[0mGET /api/website/category/list [32m200[0m 188.547 ms - 27036[0m
[0mGET /api/website/category/list [32m200[0m 199.207 ms - 27036[0m
[0mGET /api/website/category/list [32m200[0m 228.746 ms - 27036[0m
[0mGET /api/website/category/list [32m200[0m 228.319 ms - 27036[0m
[0mGET /api/website/product/home-kitchen [32m200[0m 283.682 ms - 15246[0m
[0mGET /api/website/product/women-fashion [32m200[0m 283.700 ms - 16106[0m
[0mGET /api/website/product/new-arrival [32m200[0m 129.302 ms - 49890[0m
[0mGET /api/website/popular/category-list [32m200[0m 62.134 ms - 8100[0m
[0mGET /api/website/product/men-fashion [32m200[0m 159.967 ms - 14958[0m
[0mGET /api/website/category/list [32m200[0m 178.795 ms - 27036[0m
[0mGET /api/website/category/list [32m200[0m 174.133 ms - 27036[0m
[0mGET /api/website/category/list [32m200[0m 196.318 ms - 27036[0m
[0mGET /api/website/category/list [32m200[0m 244.148 ms - 27036[0m
[0mGET /api/website/product/women-fashion [32m200[0m 276.405 ms - 16106[0m
[0mGET /api/website/product/home-kitchen [32m200[0m 281.342 ms - 15246[0m
[0mGET /api/website/product/new-arrival [32m200[0m 104.331 ms - 49890[0m
[0mGET /api/website/popular/category-list [32m200[0m 44.938 ms - 8100[0m
[0mGET /api/website/product/men-fashion [32m200[0m 142.885 ms - 14958[0m
[0mGET /api/website/category/list [32m200[0m 134.597 ms - 27036[0m
[0mGET /api/website/category/list [32m200[0m 120.237 ms - 27036[0m
[0mGET /api/website/product/men-fashion [32m200[0m 171.639 ms - 14958[0m
[0mGET /api/website/category/list [32m200[0m 184.091 ms - 27036[0m
[0mGET /api/website/category/list [32m200[0m 187.834 ms - 27036[0m
[0mGET /api/website/product/home-kitchen [32m200[0m 187.870 ms - 15246[0m
[0mGET /api/website/product/new-arrival [32m200[0m 75.100 ms - 49890[0m
[0mGET /api/website/popular/category-list [32m200[0m 23.932 ms - 8100[0m
[0mGET /api/website/product/women-fashion [32m200[0m 123.811 ms - 16106[0m
[0mGET /api/website/category/list [32m200[0m 78.819 ms - 27036[0m
[0mGET /api/website/popular/category-list [32m200[0m 42.676 ms - 8100[0m
[0mGET /api/website/product/new-arrival [32m200[0m 102.451 ms - 49890[0m
[0mGET /api/website/product/home-kitchen [32m200[0m 112.432 ms - 15246[0m
[0mGET /api/website/product/women-fashion [32m200[0m 109.475 ms - 16106[0m
[0mGET /api/website/product/men-fashion [32m200[0m 108.452 ms - 14958[0m
[0mGET /api/website/category/list [36m304[0m 33.451 ms - -[0m
[0mGET /api/website/category/list [36m304[0m 36.020 ms - -[0m
[0mGET /api/website/category/list [36m304[0m 27.753 ms - -[0m
[0mGET /api/website/category/list [36m304[0m 72.734 ms - -[0m
[0mGET /api/website/popular/category-list [36m304[0m 62.074 ms - -[0m
[0mGET /api/website/product/new-arrival [36m304[0m 98.481 ms - -[0m
[0mGET /api/website/product/home-kitchen [36m304[0m 104.386 ms - -[0m
[0mGET /api/website/product/men-fashion [36m304[0m 102.888 ms - -[0m
[0mGET /api/website/product/women-fashion [36m304[0m 120.128 ms - -[0m
[0mGET /api/website/category/list [36m304[0m 29.138 ms - -[0m
[0mGET /api/website/category/list [36m304[0m 15.021 ms - -[0m
[0mGET /api/website/category/list [36m304[0m 32.282 ms - -[0m
[0mGET /api/website/category/list [32m200[0m 95.666 ms - 27036[0m
[0mGET /api/website/category/list [32m200[0m 106.502 ms - 27036[0m
[0mGET /api/website/category/list [32m200[0m 110.887 ms - 27036[0m
[0mGET /api/website/category/list [32m200[0m 113.591 ms - 27036[0m
[0mGET /api/website/popular/category-list [32m200[0m 56.138 ms - 8100[0m
[0mGET /api/website/product/men-fashion [32m200[0m 169.159 ms - 14958[0m
[0mGET /api/website/product/women-fashion [32m200[0m 170.628 ms - 16106[0m
[0mGET /api/website/product/new-arrival [32m200[0m 71.633 ms - 49890[0m
[0mGET /api/website/product/home-kitchen [32m200[0m 63.573 ms - 15246[0m
[0mGET /api/website/category/list [36m304[0m 83.919 ms - -[0m
[0mGET /api/website/popular/category-list [36m304[0m 52.613 ms - -[0m
[0mGET /api/website/product/new-arrival [36m304[0m 83.194 ms - -[0m
[0mGET /api/website/product/men-fashion [36m304[0m 132.791 ms - -[0m
[0mGET /api/website/product/home-kitchen [36m304[0m 134.997 ms - -[0m
[0mGET /api/website/product/women-fashion [36m304[0m 131.651 ms - -[0m
[0mGET /api/website/category/list [36m304[0m 49.719 ms - -[0m
[0mGET /api/website/category/list [36m304[0m 15.561 ms - -[0m
[0mGET /api/website/category/list [36m304[0m 16.765 ms - -[0m
[0mGET /api/website/category/list [32m200[0m 109.606 ms - 27036[0m
[0mGET /api/website/category/list [32m200[0m 90.947 ms - 27036[0m
[0mGET /api/website/category/list [32m200[0m 100.518 ms - 27036[0m
[0mGET /api/website/category/list [32m200[0m 141.668 ms - 27036[0m
[0mGET /api/website/product/home-kitchen [32m200[0m 141.329 ms - 15246[0m
[0mGET /api/website/product/women-fashion [32m200[0m 139.659 ms - 16106[0m
[0mGET /api/website/popular/category-list [32m200[0m 60.698 ms - 8100[0m
[0mGET /api/website/product/new-arrival [32m200[0m 75.700 ms - 49890[0m
[0mGET /api/website/product/men-fashion [32m200[0m 90.537 ms - 14958[0m
[0mGET /api/website/popular/category-list [36m304[0m 19.008 ms - -[0m
[0mGET /api/website/category/list [32m200[0m 96.905 ms - 25010[0m
[0mGET /api/website/product/new-arrival [36m304[0m 84.584 ms - -[0m
[0mGET /api/website/product/men-fashion [36m304[0m 125.157 ms - -[0m
[0mGET /api/website/product/home-kitchen [36m304[0m 127.355 ms - -[0m
[0mGET /api/website/product/women-fashion [36m304[0m 125.360 ms - -[0m
[0mGET /api/website/category/list [36m304[0m 61.231 ms - -[0m
[0mGET /api/website/category/list [36m304[0m 16.460 ms - -[0m
[0mGET /api/website/category/list [36m304[0m 19.686 ms - -[0m
[0mGET /api/website/category/list [32m200[0m 68.074 ms - 25010[0m
[0mGET /api/website/category/list [32m200[0m 82.577 ms - 25010[0m
[0mGET /api/website/category/list [32m200[0m 95.313 ms - 25010[0m
[0mGET /api/website/category/list [32m200[0m 92.105 ms - 25010[0m
[0mGET /api/website/product/home-kitchen [32m200[0m 164.546 ms - 15246[0m
[0mGET /api/website/product/women-fashion [32m200[0m 151.794 ms - 16106[0m
[0mGET /api/website/product/new-arrival [32m200[0m 87.611 ms - 49890[0m
[0mGET /api/website/product/men-fashion [32m200[0m 91.399 ms - 14958[0m
[0mGET /api/website/popular/category-list [32m200[0m 31.366 ms - 8100[0m
[0mGET /api/website/category/list [36m304[0m 47.570 ms - -[0m
[0mGET /api/website/category/list [36m304[0m 40.388 ms - -[0m
[0mGET /api/website/category/list [32m200[0m 68.632 ms - 25010[0m
[0mGET /api/website/category/list [32m200[0m 63.949 ms - 25010[0m
[0mGET /api/website/category/list [32m200[0m 66.657 ms - 25010[0m
[0mGET /api/website/category/list [32m200[0m 66.593 ms - 25010[0m
[0mGET /api/website/product/home-kitchen [32m200[0m 123.130 ms - 15246[0m
[0mGET /api/website/product/women-fashion [32m200[0m 122.996 ms - 16106[0m
[0mGET /api/website/product/new-arrival [32m200[0m 75.179 ms - 49890[0m
[0mGET /api/website/product/men-fashion [32m200[0m 80.952 ms - 14958[0m
[0mGET /api/website/popular/category-list [32m200[0m 55.798 ms - 8100[0m
[0mGET /api/website/category/list [36m304[0m 59.142 ms - -[0m
[0mGET /api/website/category/list [32m200[0m 58.646 ms - 25010[0m
[0mGET /api/website/category/list [32m200[0m 59.039 ms - 25010[0m
[0mGET /api/website/category/list [32m200[0m 60.513 ms - 25010[0m
[0mGET /api/website/product/men-fashion [32m200[0m 115.598 ms - 14958[0m
[0mGET /api/website/category/list [32m200[0m 152.951 ms - 25010[0m
[0mGET /api/website/popular/category-list [32m200[0m 90.896 ms - 8100[0m
[0mGET /api/website/product/home-kitchen [32m200[0m 154.249 ms - 15246[0m
[0mGET /api/website/product/new-arrival [32m200[0m 93.873 ms - 49890[0m
[0mGET /api/website/product/women-fashion [32m200[0m 105.074 ms - 16106[0m
[0mGET /api/website/catalog/category/search?queryString=electronics-mobile-phones [32m200[0m 116.683 ms - 2361[0m
[0mGET /api/website/catalog/product/search?filter_category=electronics-mobile-phones [32m200[0m 179.665 ms - 14607[0m
[0mGET /api/website/category/list [36m304[0m 48.142 ms - -[0m
[0mGET /api/website/popular/category-list [36m304[0m 17.442 ms - -[0m
[0mGET /api/website/product/new-arrival [36m304[0m 90.067 ms - -[0m
[0mGET /api/website/product/home-kitchen [36m304[0m 122.302 ms - -[0m
[0mGET /api/website/product/men-fashion [36m304[0m 112.546 ms - -[0m
[0mGET /api/website/product/women-fashion [36m304[0m 116.690 ms - -[0m
[0mGET /api/website/category/list [36m304[0m 20.349 ms - -[0m
[0mGET /api/website/catalog/category/search?queryString=Cameras [32m200[0m 43.102 ms - 770[0m
[0mGET /api/website/category/list [36m304[0m 23.398 ms - -[0m
[0mGET /api/website/category/list [36m304[0m 16.565 ms - -[0m
[0mGET /api/website/catalog/product/search?filter_category=Cameras [32m200[0m 108.738 ms - 62[0m
[0mGET /api/website/category/list [32m200[0m 41.051 ms - 25010[0m
[0mGET /api/website/popular/category-list [32m200[0m 32.654 ms - 8100[0m
[0mGET /api/website/product/men-fashion [32m200[0m 98.199 ms - 14958[0m
[0mGET /api/website/product/women-fashion [32m200[0m 100.276 ms - 16106[0m
[0mGET /api/website/product/home-kitchen [32m200[0m 102.081 ms - 15246[0m
[0mGET /api/website/product/new-arrival [32m200[0m 99.980 ms - 49890[0m
[0mGET /api/website/category/list [36m304[0m 65.909 ms - -[0m
[0mGET /api/website/category/list [36m304[0m 25.811 ms - -[0m
[0mGET /api/website/category/list [36m304[0m 32.328 ms - -[0m
[0mGET /api/website/category/list [36m304[0m 19.830 ms - -[0m
[0mGET /api/website/category/list [36m304[0m 19.735 ms - -[0m
[0mGET /api/website/category/list [36m304[0m 15.295 ms - -[0m
[0mGET /api/website/category/list [36m304[0m 19.066 ms - -[0m
[0mGET /api/website/category/list [36m304[0m 16.934 ms - -[0m
[0mGET /api/website/category/list [36m304[0m 18.799 ms - -[0m
[0mGET /api/website/category/list [36m304[0m 10.354 ms - -[0m
[0mGET /api/website/category/list [36m304[0m 14.160 ms - -[0m
[0mGET /api/website/category/list [36m304[0m 16.469 ms - -[0m
[0mGET /api/website/category/list [36m304[0m 37.807 ms - -[0m
[0mGET /api/website/category/list [36m304[0m 29.889 ms - -[0m
[0mGET /api/website/category/list [36m304[0m 41.886 ms - -[0m
[0mGET /api/website/category/list [36m304[0m 14.388 ms - -[0m
[0mGET /api/website/category/list [36m304[0m 10.799 ms - -[0m
[0mGET /api/website/category/list [36m304[0m 10.878 ms - -[0m
[0mGET /api/website/category/list [36m304[0m 11.587 ms - -[0m
[0mGET /api/website/category/list [36m304[0m 11.255 ms - -[0m
[0mGET /api/website/category/list [36m304[0m 11.015 ms - -[0m
[0mGET /api/website/category/list [36m304[0m 13.295 ms - -[0m
[0mGET /api/website/category/list [36m304[0m 12.018 ms - -[0m
[0mGET /api/website/category/list [36m304[0m 12.184 ms - -[0m
[0mGET /api/website/category/list [36m304[0m 15.298 ms - -[0m
[0mGET /api/website/category/list [36m304[0m 9.405 ms - -[0m
[0mGET /api/website/category/list [36m304[0m 10.409 ms - -[0m
[0mGET /api/website/category/list [36m304[0m 12.784 ms - -[0m
[0mGET /api/website/catalog/category/search?queryString=undefined [32m200[0m 13.801 ms - 62[0m
[0mGET /api/website/category/list [36m304[0m 11.645 ms - -[0m
[0mGET /api/website/catalog/product/search?filter_category=undefined [32m200[0m 18.836 ms - 62[0m
[0mGET /api/website/category/list [36m304[0m 11.155 ms - -[0m
[0mGET /api/website/category/list [36m304[0m 12.229 ms - -[0m
[0mGET /api/website/catalog/category/search?queryString=electronics-mobile-phones [32m200[0m 34.455 ms - 2361[0m
[0mGET /api/website/category/list [36m304[0m 23.179 ms - -[0m
[0mGET /api/website/category/list [36m304[0m 11.044 ms - -[0m
[0mGET /api/website/catalog/product/search?filter_category=electronics-mobile-phones [32m200[0m 92.121 ms - 14607[0m
[0mGET /api/website/category/list [36m304[0m 11.393 ms - -[0m
[0mGET /api/website/category/list [36m304[0m 10.801 ms - -[0m
[0mGET /api/website/catalog/category/search?queryString=Network%20Components [32m200[0m 23.653 ms - 639[0m
[0mGET /api/website/category/list [36m304[0m 8.991 ms - -[0m
[0mGET /api/website/catalog/product/search?filter_category=Network%20Components [32m200[0m 64.385 ms - 62[0m
[0mGET /api/website/category/list [36m304[0m 12.151 ms - -[0m
[0mGET /api/website/category/list [36m304[0m 10.560 ms - -[0m
[0mGET /api/website/catalog/category/search?queryString=Roughters [32m200[0m 33.103 ms - 526[0m
[0mGET /api/website/category/list [36m304[0m 12.074 ms - -[0m
[0mGET /api/website/catalog/product/search?filter_category=Roughters [32m200[0m 81.290 ms - 62[0m
[0mGET /api/website/category/list [36m304[0m 10.262 ms - -[0m
[0mGET /api/website/category/list [36m304[0m 9.539 ms - -[0m
[0mGET /api/website/catalog/category/search?queryString=Cameras [32m200[0m 20.955 ms - 770[0m
[0mGET /api/website/category/list [36m304[0m 9.389 ms - -[0m
[0mGET /api/website/catalog/product/search?filter_category=Cameras [32m200[0m 62.450 ms - 62[0m
[0mGET /api/website/category/list [36m304[0m 11.186 ms - -[0m
[0mGET /api/website/category/list [36m304[0m 9.213 ms - -[0m
[0mGET /api/website/catalog/category/search?queryString=Sport%20and%20Actions [32m200[0m 22.202 ms - 668[0m
[0mGET /api/website/category/list [36m304[0m 9.719 ms - -[0m
[0mGET /api/website/catalog/product/search?filter_category=Sport%20and%20Actions [32m200[0m 59.302 ms - 62[0m
[0mGET /api/website/category/list [36m304[0m 11.766 ms - -[0m
[0mGET /api/website/catalog/category/search?queryString=Compact%20and%20Bridge%20Cameras [32m200[0m 22.266 ms - 710[0m
[0mGET /api/website/category/list [36m304[0m 13.422 ms - -[0m
[0mGET /api/website/category/list [36m304[0m 10.370 ms - -[0m
[0mGET /api/website/catalog/product/search?filter_category=Compact%20and%20Bridge%20Cameras [32m200[0m 66.405 ms - 62[0m
[0mGET /api/website/category/list [36m304[0m 13.917 ms - -[0m
[0mGET /api/website/catalog/category/search?queryString=DLSR%20and%20Mirrorless [32m200[0m 24.850 ms - 631[0m
[0mGET /api/website/category/list [36m304[0m 12.900 ms - -[0m
[0mGET /api/website/category/list [36m304[0m 13.377 ms - -[0m
[0mGET /api/website/catalog/product/search?filter_category=DLSR%20and%20Mirrorless [32m200[0m 71.220 ms - 62[0m
[0mGET /api/website/category/list [36m304[0m 10.853 ms - -[0m
[0mGET /api/website/catalog/category/search?queryString=Speakers [32m200[0m 19.683 ms - 757[0m
[0mGET /api/website/category/list [36m304[0m 10.001 ms - -[0m
[0mGET /api/website/category/list [36m304[0m 10.110 ms - -[0m
[0mGET /api/website/catalog/product/search?filter_category=Speakers [32m200[0m 62.260 ms - 62[0m
[0mGET /api/website/category/list [36m304[0m 11.210 ms - -[0m
[0mGET /api/website/category/list [36m304[0m 10.239 ms - -[0m
[0mGET /api/website/catalog/category/search?queryString=Sound%20Bars [32m200[0m 24.055 ms - 527[0m
[0mGET /api/website/category/list [36m304[0m 11.329 ms - -[0m
[0mGET /api/website/catalog/product/search?filter_category=Sound%20Bars [32m200[0m 61.549 ms - 62[0m
[0mGET /api/website/category/list [36m304[0m 17.686 ms - -[0m
[0mGET /api/website/category/list [36m304[0m 17.221 ms - -[0m
[0mGET /api/website/catalog/category/search?queryString=Bluetooth%20Speakers [32m200[0m 46.653 ms - 535[0m
[0mGET /api/website/category/list [36m304[0m 13.671 ms - -[0m
[0mGET /api/website/catalog/product/search?filter_category=Bluetooth%20Speakers [32m200[0m 94.772 ms - 62[0m
[0mGET /api/website/category/list [36m304[0m 15.835 ms - -[0m
[0mGET /api/website/catalog/category/search?queryString=Home%20Theater%20Speakers [32m200[0m 25.591 ms - 538[0m
[0mGET /api/website/category/list [36m304[0m 12.013 ms - -[0m
[0mGET /api/website/category/list [36m304[0m 12.435 ms - -[0m
[0mGET /api/website/catalog/product/search?filter_category=Home%20Theater%20Speakers [32m200[0m 62.289 ms - 62[0m
[0mGET /api/website/category/list [36m304[0m 10.271 ms - -[0m
[0mGET /api/website/category/list [36m304[0m 9.472 ms - -[0m
[0mGET /api/website/catalog/category/search?queryString=Home%20Audio%20Speakers [32m200[0m 20.611 ms - 536[0m
[0mGET /api/website/category/list [36m304[0m 9.405 ms - -[0m
[0mGET /api/website/catalog/product/search?filter_category=Home%20Audio%20Speakers [32m200[0m 61.443 ms - 62[0m
[0mGET /api/website/category/list [36m304[0m 12.669 ms - -[0m
[0mGET /api/website/catalog/category/search?queryString=Tablets [32m200[0m 22.941 ms - 645[0m
[0mGET /api/website/category/list [36m304[0m 11.497 ms - -[0m
[0mGET /api/website/category/list [36m304[0m 11.242 ms - -[0m
[0mGET /api/website/catalog/product/search?filter_category=Tablets [32m200[0m 62.914 ms - 460[0m
[0mGET /api/website/category/list [36m304[0m 20.283 ms - -[0m
[0mGET /api/website/category/list [36m304[0m 13.527 ms - -[0m
[0mGET /api/website/catalog/category/search?queryString=Apple%20iPad [32m200[0m 44.645 ms - 576[0m
[0mGET /api/website/category/list [36m304[0m 12.303 ms - -[0m
[0mGET /api/website/catalog/product/search?filter_category=Apple%20iPad [32m200[0m 74.062 ms - 391[0m
[0mGET /api/website/category/list [36m304[0m 11.953 ms - -[0m
[0mGET /api/website/category/list [36m304[0m 10.690 ms - -[0m
[0mGET /api/website/catalog/category/search?queryString=Computer%20Accessories [32m200[0m 32.978 ms - 825[0m
[0mGET /api/website/category/list [36m304[0m 12.002 ms - -[0m
[0mGET /api/website/catalog/product/search?filter_category=Computer%20Accessories [32m200[0m 62.568 ms - 62[0m
[0mGET /api/website/category/list [36m304[0m 11.988 ms - -[0m
[0mGET /api/website/category/list [36m304[0m 9.898 ms - -[0m
[0mGET /api/website/catalog/category/search?queryString=Key%20Boards [32m200[0m 21.930 ms - 527[0m
[0mGET /api/website/category/list [36m304[0m 10.259 ms - -[0m
[0mGET /api/website/catalog/product/search?filter_category=Key%20Boards [32m200[0m 60.457 ms - 62[0m
[0mGET /api/website/category/list [36m304[0m 13.564 ms - -[0m
[0mGET /api/website/catalog/category/search?queryString=Mouse [32m200[0m 24.993 ms - 522[0m
[0mGET /api/website/category/list [36m304[0m 11.524 ms - -[0m
[0mGET /api/website/category/list [36m304[0m 10.958 ms - -[0m
[0mGET /api/website/catalog/product/search?filter_category=Mouse [32m200[0m 67.344 ms - 62[0m
[0mGET /api/website/category/list [36m304[0m 12.573 ms - -[0m
[0mGET /api/website/category/list [36m304[0m 9.523 ms - -[0m
[0mGET /api/website/catalog/category/search?queryString=Laptop%20Bags [32m200[0m 23.039 ms - 528[0m
[0mGET /api/website/category/list [36m304[0m 12.286 ms - -[0m
[0mGET /api/website/catalog/product/search?filter_category=Laptop%20Bags [32m200[0m 64.527 ms - 62[0m
[0mGET /api/website/category/list [36m304[0m 13.051 ms - -[0m
[0mGET /api/website/catalog/category/search?queryString=Pen%20Drives [32m200[0m 24.777 ms - 527[0m
[0mGET /api/website/category/list [36m304[0m 12.602 ms - -[0m
[0mGET /api/website/category/list [36m304[0m 9.656 ms - -[0m
[0mGET /api/website/catalog/product/search?filter_category=Pen%20Drives [32m200[0m 69.802 ms - 62[0m
[0mGET /api/website/category/list [36m304[0m 19.760 ms - -[0m
[0mGET /api/website/category/list [36m304[0m 13.472 ms - -[0m
[0mGET /api/website/catalog/category/search?queryString=External%20Hard%20Disks [32m200[0m 42.276 ms - 536[0m
[0mGET /api/website/category/list [36m304[0m 11.147 ms - -[0m
[0mGET /api/website/catalog/product/search?filter_category=External%20Hard%20Disks [32m200[0m 80.549 ms - 62[0m
[0mGET /api/website/category/list [36m304[0m 10.995 ms - -[0m
[0mGET /api/website/catalog/category/search?queryString=Desktops [32m200[0m 20.994 ms - 692[0m
[0mGET /api/website/category/list [36m304[0m 11.297 ms - -[0m
[0mGET /api/website/category/list [36m304[0m 9.539 ms - -[0m
[0mGET /api/website/catalog/product/search?filter_category=Desktops [32m200[0m 72.527 ms - 501[0m
[0mGET /api/website/category/list [36m304[0m 10.820 ms - -[0m
[0mGET /api/website/catalog/category/search?queryString=All%20Desktops%20(PC) [32m200[0m 21.307 ms - 614[0m
[0mGET /api/website/category/list [36m304[0m 11.085 ms - -[0m
[0mGET /api/website/category/list [36m304[0m 11.212 ms - -[0m
[0mGET /api/website/catalog/product/search?filter_category=All%20Desktops%20%28PC%29 [32m200[0m 66.237 ms - 430[0m
[0mGET /api/website/category/list [36m304[0m 13.933 ms - -[0m
[0mGET /api/website/catalog/category/search?queryString=Laptops [32m200[0m 24.541 ms - 721[0m
[0mGET /api/website/category/list [36m304[0m 12.305 ms - -[0m
[0mGET /api/website/category/list [36m304[0m 9.487 ms - -[0m
[0mGET /api/website/catalog/product/search?filter_category=Laptops [32m200[0m 68.410 ms - 62[0m
[0mGET /api/website/category/list [36m304[0m 12.885 ms - -[0m
[0mGET /api/website/category/list [36m304[0m 9.671 ms - -[0m
[0mGET /api/website/catalog/category/search?queryString=Mac%20Books [32m200[0m 23.807 ms - 526[0m
[0mGET /api/website/category/list [36m304[0m 14.618 ms - -[0m
[0mGET /api/website/catalog/product/search?filter_category=Mac%20Books [32m200[0m 70.343 ms - 62[0m
[0mGET /api/website/category/list [36m304[0m 11.020 ms - -[0m
[0mGET /api/website/catalog/category/search?queryString=Gaming%20Laptops [32m200[0m 20.526 ms - 531[0m
[0mGET /api/website/category/list [36m304[0m 10.276 ms - -[0m
[0mGET /api/website/category/list [36m304[0m 9.248 ms - -[0m
[0mGET /api/website/catalog/product/search?filter_category=Gaming%20Laptops [32m200[0m 67.184 ms - 62[0m
[0mGET /api/website/category/list [36m304[0m 20.892 ms - -[0m
[0mGET /api/website/catalog/category/search?queryString=Note%20Book%20and%20Ultra%20Book [32m200[0m 47.366 ms - 717[0m
[0mGET /api/website/category/list [36m304[0m 27.597 ms - -[0m
[0mGET /api/website/category/list [36m304[0m 27.211 ms - -[0m
[0mGET /api/website/catalog/product/search?filter_category=Note%20Book%20and%20Ultra%20Book [32m200[0m 95.778 ms - 62[0m
[0mGET /api/website/category/list [36m304[0m 17.864 ms - -[0m
[0mGET /api/website/category/list [36m304[0m 13.805 ms - -[0m
[0mGET /api/website/catalog/category/search?queryString=Health%20Care%20Appliances [32m200[0m 42.770 ms - 703[0m
[0mGET /api/website/category/list [36m304[0m 12.053 ms - -[0m
[0mGET /api/website/catalog/product/search?filter_category=Health%20Care%20Appliances [32m200[0m 82.639 ms - 62[0m
[0mGET /api/website/category/list [36m304[0m 19.354 ms - -[0m
[0mGET /api/website/category/list [36m304[0m 11.046 ms - -[0m
[0mGET /api/website/catalog/category/search?queryString=Weight%20Scales [32m200[0m 42.487 ms - 530[0m
[0mGET /api/website/category/list [36m304[0m 14.409 ms - -[0m
[0mGET /api/website/catalog/product/search?filter_category=Weight%20Scales [32m200[0m 130.554 ms - 62[0m
[0mGET /api/website/category/list [36m304[0m 10.637 ms - -[0m
[0mGET /api/website/category/list [36m304[0m 9.813 ms - -[0m
[0mGET /api/website/catalog/category/search?queryString=BP%20Monitors [32m200[0m 21.545 ms - 528[0m
[0mGET /api/website/category/list [36m304[0m 10.703 ms - -[0m
[0mGET /api/website/catalog/product/search?filter_category=BP%20Monitors [32m200[0m 60.290 ms - 62[0m
[0mGET /api/website/category/list [36m304[0m 16.477 ms - -[0m
[0mGET /api/website/category/list [36m304[0m 12.283 ms - -[0m
[0mGET /api/website/catalog/category/search?queryString=other-phone [32m200[0m 41.977 ms - 628[0m
[0mGET /api/website/category/list [36m304[0m 14.808 ms - -[0m
[0mGET /api/website/catalog/product/search?filter_category=other-phone [32m200[0m 89.638 ms - 62[0m
[0mGET /api/website/category/list [36m304[0m 14.040 ms - -[0m
[0mGET /api/website/category/list [36m304[0m 14.670 ms - -[0m
[0mGET /api/website/catalog/category/search?queryString=Screen%20Touch [32m200[0m 35.357 ms - 529[0m
[0mGET /api/website/category/list [36m304[0m 18.096 ms - -[0m
[0mGET /api/website/catalog/product/search?filter_category=Screen%20Touch [32m200[0m 70.822 ms - 62[0m
[0mGET /api/website/category/list [36m304[0m 12.511 ms - -[0m
[0mGET /api/website/catalog/category/search?queryString=KeyPad [32m200[0m 31.117 ms - 523[0m
[0mGET /api/website/category/list [36m304[0m 19.177 ms - -[0m
[0mGET /api/website/category/list [36m304[0m 11.320 ms - -[0m
[0mGET /api/website/catalog/product/search?filter_category=KeyPad [32m200[0m 76.589 ms - 62[0m
[0mGET /api/website/category/list [36m304[0m 16.012 ms - -[0m
[0mGET /api/website/category/list [36m304[0m 16.380 ms - -[0m
[0mGET /api/website/catalog/category/search?queryString=mobile-phone-accessories [32m200[0m 36.916 ms - 1119[0m
[0mGET /api/website/category/list [36m304[0m 12.434 ms - -[0m
[0mGET /api/website/catalog/product/search?filter_category=mobile-phone-accessories [32m200[0m 82.221 ms - 1774[0m
[0mGET /api/website/category/list [36m304[0m 14.949 ms - -[0m
[0mGET /api/website/category/list [36m304[0m 11.138 ms - -[0m
[0mGET /api/website/catalog/category/search?queryString=Other%20Accessories [32m200[0m 28.934 ms - 533[0m
[0mGET /api/website/category/list [36m304[0m 10.642 ms - -[0m
[0mGET /api/website/catalog/product/search?filter_category=Other%20Accessories [32m200[0m 74.602 ms - 62[0m
[0mGET /api/website/category/list [36m304[0m 25.007 ms - -[0m
[0mGET /api/website/category/list [36m304[0m 23.317 ms - -[0m
[0mGET /api/website/catalog/category/search?queryString=Earbuds [32m200[0m 56.788 ms - 523[0m
[0mGET /api/website/category/list [36m304[0m 12.228 ms - -[0m
[0mGET /api/website/catalog/product/search?filter_category=Earbuds [32m200[0m 95.086 ms - 62[0m
[0mGET /api/website/category/list [36m304[0m 14.047 ms - -[0m
[0mGET /api/website/catalog/category/search?queryString=Smart%20Watch [32m200[0m 25.477 ms - 812[0m
[0mGET /api/website/category/list [36m304[0m 13.045 ms - -[0m
[0mGET /api/website/category/list [36m304[0m 9.864 ms - -[0m
[0mGET /api/website/catalog/product/search?filter_category=Smart%20Watch [32m200[0m 73.151 ms - 486[0m
[0mGET /api/website/category/list [36m304[0m 10.630 ms - -[0m
[0mGET /api/website/catalog/category/search?queryString=Power%20Bank [32m200[0m 22.054 ms - 526[0m
[0mGET /api/website/category/list [36m304[0m 16.498 ms - -[0m
[0mGET /api/website/category/list [36m304[0m 12.072 ms - -[0m
[0mGET /api/website/catalog/product/search?filter_category=Power%20Bank [32m200[0m 69.613 ms - 62[0m
[0mGET /api/website/category/list [36m304[0m 12.990 ms - -[0m
[0mGET /api/website/category/list [36m304[0m 11.602 ms - -[0m
[0mGET /api/website/catalog/category/search?queryString=Router [32m200[0m 27.468 ms - 522[0m
[0mGET /api/website/category/list [36m304[0m 12.225 ms - -[0m
[0mGET /api/website/catalog/product/search?filter_category=Router [32m200[0m 66.028 ms - 794[0m
[0mGET /api/website/category/list [36m304[0m 11.044 ms - -[0m
[0mGET /api/website/category/list [36m304[0m 11.385 ms - -[0m
[0mGET /api/website/catalog/category/search?queryString=Data%20Cable [32m200[0m 23.263 ms - 526[0m
[0mGET /api/website/category/list [36m304[0m 9.859 ms - -[0m
[0mGET /api/website/catalog/product/search?filter_category=Data%20Cable [32m200[0m 73.457 ms - 62[0m
[0mGET /api/website/category/list [36m304[0m 26.006 ms - -[0m
[0mGET /api/website/catalog/category/search?queryString=Cover [32m200[0m 40.957 ms - 736[0m
[0mGET /api/website/category/list [36m304[0m 16.258 ms - -[0m
[0mGET /api/website/category/list [36m304[0m 22.613 ms - -[0m
[0mGET /api/website/catalog/product/search?filter_category=Cover [32m200[0m 78.085 ms - 62[0m
[0mGET /api/website/category/list [36m304[0m 23.433 ms - -[0m
[0mGET /api/website/catalog/category/search?queryString=Charger [32m200[0m 46.235 ms - 523[0m
[0mGET /api/website/category/list [36m304[0m 24.389 ms - -[0m
[0mGET /api/website/category/list [36m304[0m 19.002 ms - -[0m
[0mGET /api/website/catalog/product/search?filter_category=Charger [32m200[0m 95.843 ms - 62[0m
[0mGET /api/website/category/list [36m304[0m 20.579 ms - -[0m
[0mGET /api/website/catalog/category/search?queryString=Screen%20Guard [32m200[0m 34.934 ms - 528[0m
[0mGET /api/website/category/list [36m304[0m 13.994 ms - -[0m
[0mGET /api/website/category/list [36m304[0m 19.639 ms - -[0m
[0mGET /api/website/catalog/product/search?filter_category=Screen%20Guard [32m200[0m 81.684 ms - 62[0m
[0mGET /api/website/category/list [36m304[0m 27.878 ms - -[0m
[0mGET /api/website/category/list [36m304[0m 33.344 ms - -[0m
[0mGET /api/website/catalog/category/search?queryString=Bluetooth [32m200[0m 70.005 ms - 730[0m
[0mGET /api/website/category/list [36m304[0m 28.630 ms - -[0m
[0mGET /api/website/catalog/product/search?filter_category=Bluetooth [32m200[0m 122.547 ms - 62[0m
[0mGET /api/website/category/list [36m304[0m 16.550 ms - -[0m
[0mGET /api/website/catalog/category/search?queryString=Earphone [32m200[0m 30.345 ms - 524[0m
[0mGET /api/website/category/list [36m304[0m 16.467 ms - -[0m
[0mGET /api/website/category/list [36m304[0m 13.188 ms - -[0m
[0mGET /api/website/catalog/product/search?filter_category=Earphone [32m200[0m 78.424 ms - 598[0m
[0mGET /api/website/category/list [36m304[0m 15.581 ms - -[0m
[0mGET /api/website/catalog/category/search?queryString=i-phone [32m200[0m 28.817 ms - 535[0m
[0mGET /api/website/category/list [36m304[0m 15.550 ms - -[0m
[0mGET /api/website/category/list [36m304[0m 10.716 ms - -[0m
[0mGET /api/website/catalog/product/search?filter_category=i-phone [32m200[0m 79.419 ms - 62[0m
[0mGET /api/website/category/list [36m304[0m 15.593 ms - -[0m
[0mGET /api/website/category/list [36m304[0m 12.647 ms - -[0m
[0mGET /api/website/catalog/category/search?queryString=android [32m200[0m 64.436 ms - 1792[0m
[0mGET /api/website/category/list [36m304[0m 40.352 ms - -[0m
[0mGET /api/website/catalog/product/search?filter_category=android [32m200[0m 142.612 ms - 11649[0m
[0mGET /api/website/category/list [36m304[0m 32.118 ms - -[0m
[0mGET /api/website/catalog/category/search?queryString=Redmi [32m200[0m 50.803 ms - 524[0m
[0mGET /api/website/category/list [36m304[0m 20.559 ms - -[0m
[0mGET /api/website/catalog/product/search?filter_category=Redmi [32m200[0m 104.375 ms - 62[0m
[0mGET /api/website/category/list [36m304[0m 41.309 ms - -[0m
[0mGET /api/website/category/list [36m304[0m 23.777 ms - -[0m
[0mGET /api/website/catalog/category/search?queryString=One%20Plus [32m200[0m 38.396 ms - 524[0m
[0mGET /api/website/category/list [36m304[0m 22.081 ms - -[0m
[0mGET /api/website/category/list [36m304[0m 40.240 ms - -[0m
[0mGET /api/website/catalog/product/search?filter_category=One%20Plus [32m200[0m 116.557 ms - 62[0m
[0mGET /api/website/category/list [36m304[0m 16.102 ms - -[0m
[0mGET /api/website/category/list [36m304[0m 13.604 ms - -[0m
[0mGET /api/website/catalog/category/search?queryString=Itel [32m200[0m 28.260 ms - 520[0m
[0mGET /api/website/category/list [36m304[0m 18.813 ms - -[0m
[0mGET /api/website/catalog/product/search?filter_category=Itel [32m200[0m 96.247 ms - 62[0m
[0mGET /api/website/category/list [36m304[0m 13.199 ms - -[0m
[0mGET /api/website/catalog/category/search?queryString=Poco [32m200[0m 23.050 ms - 520[0m
[0mGET /api/website/category/list [36m304[0m 11.361 ms - -[0m
[0mGET /api/website/category/list [36m304[0m 12.475 ms - -[0m
[0mGET /api/website/catalog/product/search?filter_category=Poco [32m200[0m 62.385 ms - 62[0m
[0mGET /api/website/category/list [36m304[0m 14.581 ms - -[0m
[0mGET /api/website/category/list [36m304[0m 10.469 ms - -[0m
[0mGET /api/website/catalog/category/search?queryString=Techno [32m200[0m 24.708 ms - 522[0m
[0mGET /api/website/category/list [36m304[0m 11.237 ms - -[0m
[0mGET /api/website/catalog/product/search?filter_category=Techno [32m200[0m 61.883 ms - 62[0m
[0mGET /api/website/category/list [36m304[0m 11.229 ms - -[0m
[0mGET /api/website/catalog/category/search?queryString=MI [32m200[0m 28.707 ms - 950[0m
[0mGET /api/website/category/list [36m304[0m 18.757 ms - -[0m
[0mGET /api/website/category/list [36m304[0m 12.394 ms - -[0m
[0mGET /api/website/catalog/product/search?filter_category=MI [32m200[0m 67.612 ms - 6451[0m
[0mGET /api/website/category/list [36m304[0m 13.770 ms - -[0m
[0mGET /api/website/category/list [36m304[0m 11.366 ms - -[0m
[0mGET /api/website/catalog/category/search?queryString=Realme [32m200[0m 26.489 ms - 761[0m
[0mGET /api/website/category/list [36m304[0m 11.708 ms - -[0m
[0mGET /api/website/catalog/product/search?filter_category=Realme [32m200[0m 67.831 ms - 3634[0m
[0mGET /api/website/category/list [36m304[0m 21.981 ms - -[0m
[0mGET /api/website/catalog/category/search?queryString=Vivo [32m200[0m 39.701 ms - 520[0m
[0mGET /api/website/category/list [36m304[0m 22.703 ms - -[0m
[0mGET /api/website/category/list [36m304[0m 12.023 ms - -[0m
[0mGET /api/website/catalog/product/search?filter_category=Vivo [32m200[0m 82.620 ms - 62[0m
[0mGET /api/website/category/list [36m304[0m 13.328 ms - -[0m
[0mGET /api/website/category/list [36m304[0m 21.753 ms - -[0m
[0mGET /api/website/catalog/category/search?queryString=Lava [32m200[0m 41.373 ms - 520[0m
[0mGET /api/website/category/list [36m304[0m 18.014 ms - -[0m
[0mGET /api/website/catalog/product/search?filter_category=Lava [32m200[0m 85.387 ms - 62[0m
[0mGET /api/website/category/list [36m304[0m 11.184 ms - -[0m
[0mGET /api/website/catalog/category/search?queryString=Nokia [32m200[0m 22.171 ms - 521[0m
[0mGET /api/website/category/list [36m304[0m 11.690 ms - -[0m
[0mGET /api/website/category/list [36m304[0m 11.276 ms - -[0m
[0mGET /api/website/catalog/product/search?filter_category=Nokia [32m200[0m 58.048 ms - 62[0m
[0mGET /api/website/category/list [36m304[0m 16.902 ms - -[0m
[0mGET /api/website/category/list [36m304[0m 10.393 ms - -[0m
[0mGET /api/website/catalog/category/search?queryString=Colors [32m200[0m 30.763 ms - 522[0m
[0mGET /api/website/category/list [36m304[0m 18.537 ms - -[0m
[0mGET /api/website/catalog/product/search?filter_category=Colors [32m200[0m 73.198 ms - 62[0m
[0mGET /api/website/category/list [36m304[0m 14.705 ms - -[0m
[0mGET /api/website/catalog/category/search?queryString=Oppo [32m200[0m 27.092 ms - 809[0m
[0mGET /api/website/category/list [36m304[0m 12.539 ms - -[0m
[0mGET /api/website/category/list [36m304[0m 8.708 ms - -[0m
[0mGET /api/website/catalog/product/search?filter_category=Oppo [32m200[0m 78.320 ms - 3273[0m
[0mGET /api/website/category/list [36m304[0m 12.001 ms - -[0m
[0mGET /api/website/catalog/category/search?queryString=Huawei [32m200[0m 23.786 ms - 522[0m
[0mGET /api/website/category/list [36m304[0m 13.553 ms - -[0m
[0mGET /api/website/category/list [36m304[0m 9.459 ms - -[0m
[0mGET /api/website/catalog/product/search?filter_category=Huawei [32m200[0m 67.972 ms - 62[0m
[0mGET /api/website/category/list [36m304[0m 12.934 ms - -[0m
[0mGET /api/website/category/list [36m304[0m 11.002 ms - -[0m
[0mGET /api/website/catalog/category/search?queryString=Samsung [32m200[0m 25.839 ms - 762[0m
[0mGET /api/website/category/list [36m304[0m 11.683 ms - -[0m
[0mGET /api/website/catalog/product/search?filter_category=Samsung [32m200[0m 64.412 ms - 4794[0m
[0mGET /api/website/category/list [36m304[0m 11.231 ms - -[0m
[0mGET /api/website/catalog/category/search?queryString=tv-appliances [32m200[0m 67.186 ms - 3013[0m
[0mGET /api/website/category/list [36m304[0m 58.014 ms - -[0m
[0mGET /api/website/category/list [36m304[0m 9.799 ms - -[0m
[0mGET /api/website/catalog/product/search?filter_category=tv-appliances [32m200[0m 126.302 ms - 18687[0m
[0mGET /api/website/category/list [36m304[0m 15.489 ms - -[0m
[0mGET /api/website/catalog/category/search?queryString=printer [32m200[0m 30.455 ms - 920[0m
[0mGET /api/website/category/list [36m304[0m 16.888 ms - -[0m
[0mGET /api/website/category/list [36m304[0m 14.810 ms - -[0m
[0mGET /api/website/catalog/product/search?filter_category=printer [32m200[0m 84.674 ms - 3211[0m
[0mGET /api/website/category/list [36m304[0m 18.035 ms - -[0m
[0mGET /api/website/category/list [36m304[0m 15.455 ms - -[0m
[0mGET /api/website/catalog/category/search?queryString=Dye%20Ink [32m200[0m 51.725 ms - 714[0m
[0mGET /api/website/category/list [36m304[0m 18.249 ms - -[0m
[0mGET /api/website/catalog/product/search?filter_category=Dye%20Ink [32m200[0m 101.550 ms - 2978[0m
[0mGET /api/website/category/list [36m304[0m 12.340 ms - -[0m
[0mGET /api/website/catalog/category/search?queryString=Printer%20Accessories [32m200[0m 33.361 ms - 690[0m
[0mGET /api/website/category/list [36m304[0m 10.936 ms - -[0m
[0mGET /api/website/category/list [36m304[0m 16.897 ms - -[0m
[0mGET /api/website/catalog/product/search?filter_category=Printer%20Accessories [32m200[0m 89.131 ms - 62[0m
[0mGET /api/website/category/list [36m304[0m 14.263 ms - -[0m
[0mGET /api/website/catalog/category/search?queryString=Printer [32m200[0m 26.640 ms - 920[0m
[0mGET /api/website/category/list [36m304[0m 14.055 ms - -[0m
[0mGET /api/website/category/list [36m304[0m 9.251 ms - -[0m
[0mGET /api/website/catalog/product/search?filter_category=Printer [32m200[0m 71.943 ms - 3211[0m
[0mGET /api/website/category/list [32m200[0m 180.801 ms - 540[0m
[0mGET /api/website/product/new-arrival [32m200[0m 148.629 ms - 49890[0m
[0mGET /api/website/category/list [32m200[0m 171.960 ms - 540[0m
[0mGET /api/website/category/list [32m200[0m 166.658 ms - 540[0m
[0mGET /api/website/category/list [32m200[0m 169.547 ms - 540[0m
[0mGET /api/website/popular/category-list [32m200[0m 23.882 ms - 8100[0m
[0mGET /api/website/product/home-kitchen [32m200[0m 183.110 ms - 15246[0m
[0mGET /api/website/product/women-fashion [32m200[0m 59.499 ms - 16106[0m
[0mGET /api/website/product/men-fashion [32m200[0m 53.433 ms - 14958[0m
[0mGET /api/website/category/list [32m200[0m 82.841 ms - 540[0m
[0mGET /api/website/category/list [32m200[0m 127.751 ms - 540[0m
[0mGET /api/website/product/home-kitchen [32m200[0m 172.488 ms - 15246[0m
[0mGET /api/website/category/list [32m200[0m 187.084 ms - 540[0m
[0mGET /api/website/category/list [32m200[0m 189.666 ms - 540[0m
[0mGET /api/website/product/women-fashion [32m200[0m 186.368 ms - 16106[0m
[0mGET /api/website/product/men-fashion [32m200[0m 128.067 ms - 14958[0m
[0mGET /api/website/product/new-arrival [32m200[0m 119.614 ms - 49890[0m
[0mGET /api/website/popular/category-list [32m200[0m 59.071 ms - 8100[0m
[0mGET /api/website/category/list [32m200[0m 38.141 ms - 1225[0m
[0mGET /api/website/category/list [32m200[0m 42.962 ms - 1225[0m
[0mGET /api/website/category/list [32m200[0m 45.812 ms - 1225[0m
[0mGET /api/website/category/list [32m200[0m 56.242 ms - 1225[0m
[0mGET /api/website/product/home-kitchen [32m200[0m 106.961 ms - 15246[0m
[0mGET /api/website/product/women-fashion [32m200[0m 106.821 ms - 16106[0m
[0mGET /api/website/popular/category-list [32m200[0m 65.857 ms - 8100[0m
[0mGET /api/website/product/new-arrival [32m200[0m 124.746 ms - 49890[0m
[0mGET /api/website/product/men-fashion [32m200[0m 130.237 ms - 14958[0m
[0mGET /api/website/category/list [32m200[0m 38.776 ms - 1225[0m
[0mGET /api/website/category/list [32m200[0m 37.739 ms - 1225[0m
[0mGET /api/website/category/list [32m200[0m 36.986 ms - 1225[0m
[0mGET /api/website/category/list [32m200[0m 39.450 ms - 1225[0m
[0mGET /api/website/product/home-kitchen [32m200[0m 89.864 ms - 15246[0m
[0mGET /api/website/product/women-fashion [32m200[0m 89.682 ms - 16106[0m
[0mGET /api/website/popular/category-list [32m200[0m 82.603 ms - 8100[0m
[0mGET /api/website/product/new-arrival [32m200[0m 100.335 ms - 49890[0m
[0mGET /api/website/product/men-fashion [32m200[0m 122.844 ms - 14958[0m
[0mGET /api/website/category/list [32m200[0m 43.729 ms - 1225[0m
[0mGET /api/website/category/list [32m200[0m 61.443 ms - 1225[0m
[0mGET /api/website/category/list [32m200[0m 61.569 ms - 1225[0m
[0mGET /api/website/category/list [32m200[0m 196.743 ms - 1225[0m
[0mGET /api/website/product/home-kitchen [32m200[0m 200.277 ms - 15246[0m
[0mGET /api/website/product/women-fashion [32m200[0m 200.031 ms - 16106[0m
[0mGET /api/website/popular/category-list [32m200[0m 94.938 ms - 8100[0m
[0mGET /api/website/product/new-arrival [32m200[0m 183.941 ms - 49890[0m
[0mGET /api/website/product/men-fashion [32m200[0m 201.375 ms - 14958[0m
[0mGET /api/website/category/list [32m200[0m 37.937 ms - 1225[0m
[0mGET /api/website/category/list [32m200[0m 51.396 ms - 1225[0m
[0mGET /api/website/category/list [32m200[0m 43.094 ms - 1225[0m
[0mGET /api/website/category/list [32m200[0m 45.376 ms - 1225[0m
[0mGET /api/website/product/home-kitchen [32m200[0m 118.694 ms - 15246[0m
[0mGET /api/website/product/women-fashion [32m200[0m 119.011 ms - 16106[0m
[0mGET /api/website/popular/category-list [32m200[0m 114.279 ms - 8100[0m
[0mGET /api/website/product/new-arrival [32m200[0m 120.029 ms - 49890[0m
[0mGET /api/website/product/men-fashion [32m200[0m 149.017 ms - 14958[0m
[0mGET /api/website/category/list [36m304[0m 48.937 ms - -[0m
[0mGET /api/website/popular/category-list [36m304[0m 34.710 ms - -[0m
[0mGET /api/website/product/new-arrival [36m304[0m 79.961 ms - -[0m
[0mGET /api/website/product/women-fashion [36m304[0m 111.722 ms - -[0m
[0mGET /api/website/product/home-kitchen [36m304[0m 118.627 ms - -[0m
[0mGET /api/website/product/men-fashion [36m304[0m 114.715 ms - -[0m
[0mGET /api/website/category/list [36m304[0m 45.397 ms - -[0m
[0mGET /api/website/category/list [36m304[0m 6.521 ms - -[0m
[0mGET /api/website/category/list [36m304[0m 15.269 ms - -[0m
[0mGET /api/website/category/list [32m200[0m 141.307 ms - 25010[0m
[0mGET /api/website/category/list [32m200[0m 148.653 ms - 25010[0m
[0mGET /api/website/product/home-kitchen [32m200[0m 148.089 ms - 15246[0m
[0mGET /api/website/product/women-fashion [32m200[0m 144.207 ms - 16106[0m
[0mGET /api/website/category/list [32m200[0m 162.487 ms - 25010[0m
[0mGET /api/website/category/list [32m200[0m 161.392 ms - 25010[0m
[0mGET /api/website/popular/category-list [32m200[0m 60.801 ms - 8100[0m
[0mGET /api/website/product/new-arrival [32m200[0m 64.464 ms - 49890[0m
[0mGET /api/website/product/men-fashion [32m200[0m 82.658 ms - 14958[0m
[0mGET /api/website/category/list [32m200[0m 81.941 ms - 27036[0m
[0mGET /api/website/category/list [32m200[0m 77.631 ms - 27036[0m
[0mGET /api/website/category/list [32m200[0m 80.959 ms - 27036[0m
[0mGET /api/website/category/list [32m200[0m 116.826 ms - 27036[0m
[0mGET /api/website/category/list [32m200[0m 124.260 ms - 27036[0m
[0mGET /api/website/product/home-kitchen [32m200[0m 116.565 ms - 15246[0m
[0mGET /api/website/product/women-fashion [32m200[0m 116.798 ms - 16106[0m
[0mGET /api/website/product/new-arrival [32m200[0m 163.670 ms - 49890[0m
[0mGET /api/website/popular/category-list [32m200[0m 126.978 ms - 8100[0m
[0mGET /api/website/product/men-fashion [32m200[0m 197.707 ms - 14958[0m
[0mGET /api/website/category/list [32m200[0m 107.951 ms - 27036[0m
[0mGET /api/website/category/list [32m200[0m 117.684 ms - 27036[0m
[0mGET /api/website/category/list [32m200[0m 111.229 ms - 27036[0m
[0mGET /api/website/category/list [32m200[0m 117.593 ms - 27036[0m
[0mGET /api/website/product/women-fashion [32m200[0m 151.250 ms - 16106[0m
[0mGET /api/website/product/men-fashion [32m200[0m 152.506 ms - 14958[0m
[0mGET /api/website/popular/category-list [32m200[0m 42.077 ms - 8100[0m
[0mGET /api/website/product/new-arrival [32m200[0m 86.264 ms - 49890[0m
[0mGET /api/website/product/home-kitchen [32m200[0m 95.715 ms - 15246[0m
[0mGET /api/website/category/list [32m200[0m 119.897 ms - 234068[0m
[0mGET /api/website/category/list [32m200[0m 123.136 ms - 234068[0m
[0mGET /api/website/category/list [32m200[0m 140.392 ms - 234068[0m
[0mGET /api/website/category/list [32m200[0m 216.276 ms - 234068[0m
[0mGET /api/website/product/home-kitchen [32m200[0m 244.200 ms - 15246[0m
[0mGET /api/website/product/women-fashion [32m200[0m 244.141 ms - 16106[0m
[0mGET /api/website/product/new-arrival [32m200[0m 124.706 ms - 49890[0m
[0mGET /api/website/popular/category-list [32m200[0m 82.721 ms - 8100[0m
[0mGET /api/website/product/men-fashion [32m200[0m 150.565 ms - 14958[0m
[0mGET /api/website/category/list [32m200[0m 173.800 ms - 530[0m
[0mGET /api/website/product/new-arrival [32m200[0m 169.310 ms - 49890[0m
[0mGET /api/website/product/home-kitchen [32m200[0m 184.961 ms - 15246[0m
[0mGET /api/website/category/list [32m200[0m 186.374 ms - 530[0m
[0mGET /api/website/category/list [32m200[0m 189.532 ms - 530[0m
[0mGET /api/website/category/list [32m200[0m 188.651 ms - 530[0m
[0mGET /api/website/popular/category-list [32m200[0m 7.585 ms - 8100[0m
[0mGET /api/website/product/men-fashion [32m200[0m 38.648 ms - 14958[0m
[0mGET /api/website/product/women-fashion [32m200[0m 48.021 ms - 16106[0m
[0mGET /api/website/category/list [32m200[0m 105.224 ms - 530[0m
[0mGET /api/website/category/list [32m200[0m 111.112 ms - 530[0m
[0mGET /api/website/category/list [32m200[0m 103.121 ms - 530[0m
[0mGET /api/website/category/list [32m200[0m 101.275 ms - 530[0m
[0mGET /api/website/popular/category-list [32m200[0m 61.224 ms - 8100[0m
[0mGET /api/website/product/women-fashion [32m200[0m 189.520 ms - 16106[0m
[0mGET /api/website/product/home-kitchen [32m200[0m 193.097 ms - 15246[0m
[0mGET /api/website/product/new-arrival [32m200[0m 93.995 ms - 49890[0m
[0mGET /api/website/product/men-fashion [32m200[0m 97.140 ms - 14958[0m
[0mGET /api/website/category/list [32m200[0m 149.880 ms - 530[0m
[0mGET /api/website/category/list [32m200[0m 145.389 ms - 530[0m
[0mGET /api/website/category/list [32m200[0m 144.770 ms - 530[0m
[0mGET /api/website/category/list [32m200[0m 157.057 ms - 530[0m
[0mGET /api/website/popular/category-list [32m200[0m 7.071 ms - 8100[0m
[0mGET /api/website/product/home-kitchen [32m200[0m 321.119 ms - 15246[0m
[0mGET /api/website/product/women-fashion [32m200[0m 320.684 ms - 16106[0m
[0mGET /api/website/product/men-fashion [32m200[0m 207.827 ms - 14958[0m
[0mGET /api/website/product/new-arrival [32m200[0m 207.364 ms - 49890[0m
[0mGET /api/website/category/list [32m200[0m 94.744 ms - 26805[0m
[0mGET /api/website/category/list [32m200[0m 97.363 ms - 26805[0m
[0mGET /api/website/category/list [32m200[0m 101.475 ms - 26805[0m
[0mGET /api/website/category/list [32m200[0m 102.709 ms - 26805[0m
[0mGET /api/website/product/home-kitchen [32m200[0m 156.229 ms - 15246[0m
[0mGET /api/website/product/women-fashion [32m200[0m 151.351 ms - 16106[0m
[0mGET /api/website/popular/category-list [32m200[0m 58.808 ms - 8100[0m
[0mGET /api/website/product/new-arrival [32m200[0m 100.357 ms - 49890[0m
[0mGET /api/website/product/men-fashion [32m200[0m 111.463 ms - 14958[0m
[0mGET /api/website/category/list [32m200[0m 70.675 ms - 25010[0m
[0mGET /api/website/category/list [32m200[0m 90.385 ms - 25010[0m
[0mGET /api/website/category/list [32m200[0m 102.302 ms - 25010[0m
[0mGET /api/website/category/list [32m200[0m 135.512 ms - 25010[0m
[0mGET /api/website/product/home-kitchen [32m200[0m 136.952 ms - 15246[0m
[0mGET /api/website/product/men-fashion [32m200[0m 136.113 ms - 14958[0m
[0mGET /api/website/product/women-fashion [32m200[0m 82.909 ms - 16106[0m
[0mGET /api/website/product/new-arrival [32m200[0m 75.157 ms - 49890[0m
[0mGET /api/website/popular/category-list [32m200[0m 47.340 ms - 8100[0m
[0mGET /api/website/category/list [32m200[0m 112.351 ms - 24532[0m
[0mGET /api/website/category/list [32m200[0m 103.493 ms - 24532[0m
[0mGET /api/website/category/list [32m200[0m 103.750 ms - 24532[0m
[0mGET /api/website/category/list [32m200[0m 108.644 ms - 24532[0m
[0mGET /api/website/product/home-kitchen [32m200[0m 167.749 ms - 15246[0m
[0mGET /api/website/product/women-fashion [32m200[0m 168.242 ms - 16106[0m
[0mGET /api/website/popular/category-list [32m200[0m 32.946 ms - 8100[0m
[0mGET /api/website/product/new-arrival [32m200[0m 88.931 ms - 49890[0m
[0mGET /api/website/product/men-fashion [32m200[0m 92.188 ms - 14958[0m
[0mGET /api/website/category/list [32m200[0m 132.792 ms - 24763[0m
[0mGET /api/website/category/list [32m200[0m 121.428 ms - 24763[0m
[0mGET /api/website/category/list [32m200[0m 153.259 ms - 24763[0m
[0mGET /api/website/category/list [32m200[0m 152.935 ms - 24763[0m
[0mGET /api/website/product/home-kitchen [32m200[0m 153.311 ms - 15246[0m
[0mGET /api/website/product/women-fashion [32m200[0m 148.035 ms - 16106[0m
[0mGET /api/website/product/new-arrival [32m200[0m 67.831 ms - 49890[0m
[0mGET /api/website/product/men-fashion [32m200[0m 76.776 ms - 14958[0m
[0mGET /api/website/popular/category-list [32m200[0m 36.639 ms - 8100[0m
[0mGET /api/website/popular/category-list [36m304[0m 98.707 ms - -[0m
[0mGET /api/website/product/new-arrival [36m304[0m 105.390 ms - -[0m
[0mGET /api/website/category/list [36m304[0m 207.887 ms - -[0m
[0mGET /api/website/product/women-fashion [36m304[0m 173.513 ms - -[0m
[0mGET /api/website/product/home-kitchen [36m304[0m 180.775 ms - -[0m
[0mGET /api/website/product/men-fashion [36m304[0m 174.600 ms - -[0m
[0mGET /api/website/category/list [36m304[0m 39.644 ms - -[0m
[0mGET /api/website/category/list [36m304[0m 14.384 ms - -[0m
[0mGET /api/website/category/list [36m304[0m 13.539 ms - -[0m
[0mGET /api/website/catalog/category/search?queryString=sportsbooks-and-more [32m200[0m 95.236 ms - 62[0m
[0mGET /api/website/catalog/product/search?filter_category=sportsbooks-and-more [32m200[0m 72.258 ms - 62[0m
[0mGET /api/website/category/list [32m200[0m 81.158 ms - 24763[0m
[0mGET /api/website/popular/category-list [36m304[0m 30.939 ms - -[0m
[0mGET /api/website/product/new-arrival [32m200[0m 109.879 ms - 46769[0m
[0mGET /api/website/product/home-kitchen [36m304[0m 151.985 ms - -[0m
[0mGET /api/website/product/women-fashion [36m304[0m 111.684 ms - -[0m
[0mGET /api/website/product/men-fashion [36m304[0m 118.350 ms - -[0m
[0mGET /api/website/category/list [36m304[0m 36.413 ms - -[0m
[0mGET /api/website/category/list [36m304[0m 22.345 ms - -[0m
[0mGET /api/website/catalog/category/search?queryString=mithila-art [32m200[0m 78.667 ms - 950[0m
[0mGET /api/website/category/list [36m304[0m 24.907 ms - -[0m
[0mGET /api/website/catalog/product/search?filter_category=mithila-art [32m200[0m 119.179 ms - 6451[0m
[0mGET /api/website/autosuggest/search?limit=5&query=s [32m200[0m 164.790 ms - 340315[0m
[0mGET /api/website/autosuggest/search?limit=5&query=sp [32m200[0m 42.550 ms - 24475[0m
[0mGET /api/website/catalog/category/search?queryString=sports-books-and-more [32m200[0m 44.460 ms - 1436[0m
[0mGET /api/website/catalog/product/search?filter_category=sports-books-and-more%20 [32m200[0m 99.207 ms - 12545[0m
[0mGET /api/website/catalog/product/search?filter_category=sports-books-and-more%20 [36m304[0m 57.431 ms - -[0m
[0mGET /api/website/popular/category-list [36m304[0m 67.320 ms - -[0m
[0mGET /api/website/product/new-arrival [36m304[0m 75.323 ms - -[0m
[0mGET /api/website/category/list [36m304[0m 101.570 ms - -[0m
[0mGET /api/website/product/men-fashion [36m304[0m 101.195 ms - -[0m
[0mGET /api/website/product/women-fashion [36m304[0m 100.161 ms - -[0m
[0mGET /api/website/product/home-kitchen [36m304[0m 102.519 ms - -[0m
