[0mGET /api/mobile/category/list [36m304[0m 107.845 ms - -[0m
[0mGET /api/mobile/banner-list [36m304[0m 40.298 ms - -[0m
[0mGET /api/mobile/category/list [36m304[0m 47.371 ms - -[0m
[0mGET /api/mobile/category/list [36m304[0m 8.127 ms - -[0m
[0mGET /api/mobile/banner-list [36m304[0m 18.318 ms - -[0m
[0mGET /api/mobile/category/list [36m304[0m 12.786 ms - -[0m
[0mGET /api/mobile/category/list [36m304[0m 13.744 ms - -[0m
[0mGET /api/mobile/category/list [36m304[0m 8.138 ms - -[0m
[0mGET /api/mobile/banner-list [36m304[0m 30.559 ms - -[0m
[0mGET /api/mobile/category/list [36m304[0m 20.683 ms - -[0m
[0mGET /api/mobile/category/list [36m304[0m 11.406 ms - -[0m
[0mGET /api/mobile/category/list [36m304[0m 9.274 ms - -[0m
[0mGET /api/mobile/category/list [36m304[0m 9.099 ms - -[0m
[0mGET /api/mobile/banner-list [36m304[0m 5.580 ms - -[0m
[0mGET /api/mobile/category/list [36m304[0m 10.355 ms - -[0m
[0mGET /api/mobile/category/list [36m304[0m 10.137 ms - -[0m
[0mGET /api/mobile/category/list [36m304[0m 7.766 ms - -[0m
[0mGET /api/mobile/category/list [36m304[0m 10.490 ms - -[0m
[0mGET /api/mobile/category/list [36m304[0m 3.910 ms - -[0m
[0mGET /api/mobile/category/list [36m304[0m 19.926 ms - -[0m
[0mGET /api/mobile/category/list [36m304[0m 5.936 ms - -[0m
[0mGET /api/mobile/category/list [36m304[0m 6.507 ms - -[0m
[0mGET /api/mobile/category/list [36m304[0m 99.412 ms - -[0m
[0mGET /api/mobile/category/list [36m304[0m 6.578 ms - -[0m
[0mGET /api/mobile/category/list [36m304[0m 12.115 ms - -[0m
[0mGET /api/mobile/category/list [36m304[0m 13.620 ms - -[0m
[0mGET /api/mobile/category/list [36m304[0m 12.318 ms - -[0m
[0mGET /api/mobile/category/list [36m304[0m 6.313 ms - -[0m
[0mGET /api/mobile/category/list [36m304[0m 11.966 ms - -[0m
[0mGET /api/mobile/category/list [36m304[0m 12.666 ms - -[0m
[0mGET /api/mobile/category/list [36m304[0m 6.006 ms - -[0m
[0mGET /api/mobile/category/list [36m304[0m 7.060 ms - -[0m
[0mGET /api/mobile/category/list [36m304[0m 2.464 ms - -[0m
[0mGET /api/mobile/category/list [36m304[0m 6.046 ms - -[0m
[0mGET /api/mobile/category/list [36m304[0m 3.510 ms - -[0m
[0mGET /api/mobile/category/list [36m304[0m 2.290 ms - -[0m
[0mGET /api/mobile/category/list [36m304[0m 15.169 ms - -[0m
[0mGET /api/mobile/category/list [36m304[0m 3.756 ms - -[0m
[0mGET /api/mobile/category/list [36m304[0m 8.649 ms - -[0m
[0mGET /api/mobile/category/list [36m304[0m 6.186 ms - -[0m
[0mGET /api/mobile/category/list [36m304[0m 3.682 ms - -[0m
[0mGET /api/mobile/category/list [36m304[0m 2.117 ms - -[0m
[0mGET /api/mobile/category/list [36m304[0m 3.516 ms - -[0m
[0mGET /api/mobile/category/list [36m304[0m 4.321 ms - -[0m
[0mGET /api/mobile/category/list [36m304[0m 7.875 ms - -[0m
[0mGET /api/mobile/category/list [36m304[0m 12.857 ms - -[0m
[0mGET /api/mobile/category/list [36m304[0m 3.254 ms - -[0m
[0mGET /api/mobile/category/list [36m304[0m 12.961 ms - -[0m
[0mGET /api/mobile/category/list [36m304[0m 10.114 ms - -[0m
[0mGET /api/mobile/category/list [36m304[0m 20.821 ms - -[0m
[0mGET /api/mobile/banner-list [36m304[0m 21.237 ms - -[0m
[0mGET /api/mobile/category/list [36m304[0m 18.896 ms - -[0m
[0mGET /api/mobile/banner-list [36m304[0m 20.923 ms - -[0m
[0mGET /api/mobile/category/list [36m304[0m 20.896 ms - -[0m
[0mGET /api/mobile/category/list [36m304[0m 8.392 ms - -[0m
[0mGET /api/mobile/category/list [36m304[0m 5.975 ms - -[0m
[0mGET /api/mobile/category/list [36m304[0m 2.865 ms - -[0m
[0mGET /api/mobile/category/list [36m304[0m 17.519 ms - -[0m
[0mGET /api/mobile/category/list [36m304[0m 3.500 ms - -[0m
[0mGET /api/mobile/category/list [36m304[0m 5.783 ms - -[0m
[0mGET /api/mobile/category/list [36m304[0m 2.274 ms - -[0m
[0mGET /api/mobile/category/list [36m304[0m 6.657 ms - -[0m
[0mGET /api/mobile/category/list [36m304[0m 6.032 ms - -[0m
[0mGET /api/mobile/category/list [36m304[0m 57.627 ms - -[0m
[0mGET /api/mobile/banner-list [36m304[0m 26.690 ms - -[0m
[0mGET /api/mobile/category/list [36m304[0m 16.334 ms - -[0m
[0mGET /api/mobile/category/list [36m304[0m 10.786 ms - -[0m
[0mGET /api/mobile/banner-list [36m304[0m 11.419 ms - -[0m
[0mGET /api/mobile/category/list [36m304[0m 11.903 ms - -[0m
[0mGET /api/mobile/banner-list [36m304[0m 30.185 ms - -[0m
[0mGET /api/mobile/category/list [36m304[0m 24.723 ms - -[0m
[0mGET /api/mobile/banner-list [36m304[0m 15.715 ms - -[0m
[0mGET /api/mobile/category/list [36m304[0m 16.798 ms - -[0m
[0mGET /api/mobile/category/list [36m304[0m 4.247 ms - -[0m
[0mGET /api/mobile/category/list [36m304[0m 4.605 ms - -[0m
[0mGET /api/mobile/banner-list [36m304[0m 19.541 ms - -[0m
[0mGET /api/mobile/category/list [36m304[0m 20.916 ms - -[0m
[0mGET /api/mobile/category/list [36m304[0m 87.120 ms - -[0m
[0mGET /api/mobile/banner-list [36m304[0m 9.826 ms - -[0m
[0mGET /api/mobile/category/list [36m304[0m 6.175 ms - -[0m
[0mGET /api/mobile/banner-list [36m304[0m 15.235 ms - -[0m
[0mGET /api/mobile/category/list [36m304[0m 14.598 ms - -[0m
[0mGET /api/mobile/banner-list [36m304[0m 33.837 ms - -[0m
[0mGET /api/mobile/category/list [36m304[0m 30.286 ms - -[0m
[0mGET /api/mobile/banner-list [36m304[0m 4.989 ms - -[0m
[0mGET /api/mobile/category/list [36m304[0m 5.156 ms - -[0m
[0mGET /api/mobile/category/list [36m304[0m 19.370 ms - -[0m
[0mGET /api/mobile/banner-list [36m304[0m 3.270 ms - -[0m
[0mGET /api/mobile/category/list [36m304[0m 3.857 ms - -[0m
[0mGET /api/mobile/banner-list [36m304[0m 17.956 ms - -[0m
[0mGET /api/mobile/category/list [36m304[0m 15.019 ms - -[0m
[0mGET /api/mobile/category/list [36m304[0m 13.644 ms - -[0m
[0mGET /api/mobile/banner-list [36m304[0m 3.024 ms - -[0m
[0mGET /api/mobile/category/list [36m304[0m 3.438 ms - -[0m
[0mGET /api/mobile/banner-list [36m304[0m 82.394 ms - -[0m
[0mGET /api/mobile/category/list [36m304[0m 65.737 ms - -[0m
[0mGET /api/mobile/category/list [36m304[0m 8.878 ms - -[0m
[0mGET /api/website/image/banner [32m200[0m 302.301 ms - 254[0m
[0mGET /api/website/popular/category-list [32m200[0m 157.002 ms - 8117[0m
[0mGET /api/website/product/home-kitchen [32m200[0m 399.363 ms - 15246[0m
[0mGET /api/website/product/new-arrival [32m200[0m 368.796 ms - 55680[0m
[0mGET /api/website/product/men-fashion [32m200[0m 376.368 ms - 14958[0m
[0mGET /api/website/product/women-fashion [32m200[0m 380.760 ms - 16106[0m
[0mGET /api/website/category/list [32m200[0m 431.655 ms - 24355[0m
[0mGET /api/website/category/list [36m304[0m 98.017 ms - -[0m
[0mGET /api/website/category/list [36m304[0m 49.266 ms - -[0m
[0mGET /api/website/category/list [36m304[0m 133.359 ms - -[0m
[0mGET /api/website/category/list [36m304[0m 24.739 ms - -[0m
[0mGET /api/website/category/list [36m304[0m 18.395 ms - -[0m
[0mGET /api/website/category/list [36m304[0m 73.157 ms - -[0m
[0mGET /api/website/category/list [36m304[0m 21.113 ms - -[0m
[0mGET /api/website/category/list [36m304[0m 17.401 ms - -[0m
[0mGET /api/mobile/banner-list [36m304[0m 71.718 ms - -[0m
[0mGET /api/mobile/category/list [36m304[0m 67.460 ms - -[0m
[0mGET /api/mobile/banner-list [36m304[0m 51.515 ms - -[0m
[0mGET /api/mobile/category/list [36m304[0m 64.457 ms - -[0m
[0mGET /api/mobile/banner-list [36m304[0m 66.070 ms - -[0m
[0mGET /api/mobile/category/list [36m304[0m 63.452 ms - -[0m
[0mGET /api/mobile/banner-list [36m304[0m 127.616 ms - -[0m
[0mGET /api/mobile/category/list [36m304[0m 120.705 ms - -[0m
[0mGET /api/mobile/banner-list [36m304[0m 32.001 ms - -[0m
[0mGET /api/mobile/category/list [36m304[0m 22.295 ms - -[0m
[0mGET /api/mobile/banner-list [36m304[0m 107.198 ms - -[0m
[0mGET /api/mobile/category/list [36m304[0m 67.659 ms - -[0m
[0mGET /api/mobile/banner-list [36m304[0m 124.217 ms - -[0m
[0mGET /api/mobile/category/list [36m304[0m 75.010 ms - -[0m
[0mGET /api/mobile/banner-list [36m304[0m 79.561 ms - -[0m
[0mGET /api/mobile/category/list [36m304[0m 68.188 ms - -[0m
[0mGET /api/mobile/banner-list [36m304[0m 40.725 ms - -[0m
[0mGET /api/mobile/category/list [36m304[0m 39.494 ms - -[0m
[0mGET /api/mobile/banner-list [36m304[0m 27.424 ms - -[0m
[0mGET /api/mobile/category/list [36m304[0m 24.093 ms - -[0m
[0mGET /api/mobile/banner-list [36m304[0m 31.339 ms - -[0m
[0mGET /api/mobile/category/list [36m304[0m 26.366 ms - -[0m
[0mGET /api/mobile/banner-list [36m304[0m 129.191 ms - -[0m
[0mGET /api/mobile/category/list [36m304[0m 115.487 ms - -[0m
[0mGET /api/mobile/banner-list [36m304[0m 102.468 ms - -[0m
[0mGET /api/mobile/category/list [36m304[0m 108.462 ms - -[0m
[0mGET /api/mobile/banner-list [36m304[0m 15.926 ms - -[0m
[0mGET /api/mobile/category/list [36m304[0m 20.357 ms - -[0m
[0mGET /api/mobile/banner-list [36m304[0m 34.132 ms - -[0m
[0mGET /api/mobile/category/list [36m304[0m 24.289 ms - -[0m
[0mGET /api/mobile/banner-list [36m304[0m 56.447 ms - -[0m
[0mGET /api/mobile/category/list [36m304[0m 63.061 ms - -[0m
[0mGET /api/mobile/banner-list [36m304[0m 388.724 ms - -[0m
[0mGET /api/mobile/category/list [36m304[0m 352.361 ms - -[0m
[0mGET /api/mobile/banner-list [36m304[0m 46.085 ms - -[0m
[0mGET /api/mobile/category/list [36m304[0m 54.440 ms - -[0m
[0mGET /api/mobile/banner-list [36m304[0m 19.142 ms - -[0m
[0mGET /api/mobile/category/list [36m304[0m 17.714 ms - -[0m
