[0mOPTIONS /api/auth/seller/profile-details [32m204[0m 5.924 ms - 0[0m
[0mOPTIONS /api/location/city/list [32m204[0m 0.382 ms - 0[0m
[0mOPTIONS /api/location/city/list [32m204[0m 0.190 ms - 0[0m
[0mGET /api/auth/seller/profile-details [32m200[0m 44.656 ms - 160[0m
[0mGET /api/location/city/list [32m200[0m 38.316 ms - 302[0m
[0mGET /api/location/city/list [32m200[0m 34.898 ms - 302[0m
[0mOPTIONS /api/auth/seller/profile-details [32m204[0m 1.111 ms - 0[0m
[0mGET /api/auth/seller/profile-details [32m200[0m 7.331 ms - 160[0m
[0mOPTIONS /api/location/city/list [32m204[0m 0.169 ms - 0[0m
[0mOPTIONS /api/location/city/list [32m204[0m 0.349 ms - 0[0m
[0mGET /api/location/city/list [32m200[0m 2.863 ms - 302[0m
[0mGET /api/location/city/list [32m200[0m 3.683 ms - 302[0m
[0mOPTIONS /api/auth/seller/profile-details [32m204[0m 6.803 ms - 0[0m
[0mOPTIONS /api/location/city/list [32m204[0m 0.668 ms - 0[0m
[0mOPTIONS /api/location/city/list [32m204[0m 1.500 ms - 0[0m
[0mGET /api/auth/seller/profile-details [32m200[0m 84.577 ms - 160[0m
[0mGET /api/location/city/list [32m200[0m 60.441 ms - 302[0m
[0mGET /api/location/city/list [32m200[0m 59.831 ms - 302[0m
[0mOPTIONS /api/salon/service-by-gender?Gender=M [32m204[0m 1.629 ms - 0[0m
[0mGET /api/salon/service-by-gender?Gender=M [32m200[0m 20.932 ms - 4474[0m
[0mOPTIONS /api/auth/seller/profile-details [32m204[0m 0.965 ms - 0[0m
[0mGET /api/auth/seller/profile-details [32m200[0m 5.696 ms - 160[0m
[0mOPTIONS /api/location/city/list [32m204[0m 0.245 ms - 0[0m
[0mOPTIONS /api/location/city/list [32m204[0m 0.532 ms - 0[0m
[0mGET /api/location/city/list [32m200[0m 3.120 ms - 302[0m
[0mGET /api/location/city/list [32m200[0m 3.167 ms - 302[0m
[0mOPTIONS /api/salon/service-by-gender?Gender=M [32m204[0m 0.256 ms - 0[0m
[0mGET /api/salon/service-by-gender?Gender=M [36m304[0m 7.343 ms - -[0m
[0mOPTIONS /api/salon/service-by-gender?Gender=F [32m204[0m 0.374 ms - 0[0m
[0mGET /api/salon/service-by-gender?Gender=F [32m200[0m 13.410 ms - 15513[0m
[0mOPTIONS /api/auth/seller/profile-details [32m204[0m 3.312 ms - 0[0m
[0mOPTIONS /api/location/city/list [32m204[0m 0.231 ms - 0[0m
[0mOPTIONS /api/location/city/list [32m204[0m 1.360 ms - 0[0m
[0mGET /api/location/city/list [32m200[0m 30.918 ms - 302[0m
[0mGET /api/auth/seller/profile-details [32m200[0m 45.665 ms - 160[0m
[0mGET /api/location/city/list [32m200[0m 33.801 ms - 302[0m
[0mOPTIONS /api/salon/service-by-gender?Gender=M [32m204[0m 0.434 ms - 0[0m
[0mGET /api/salon/service-by-gender?Gender=M [36m304[0m 11.032 ms - -[0m
[0mOPTIONS /api/auth/seller/profile-details [32m204[0m 1.295 ms - 0[0m
[0mGET /api/auth/seller/profile-details [36m304[0m 11.434 ms - -[0m
[0mOPTIONS /api/location/city/list [32m204[0m 0.287 ms - 0[0m
[0mOPTIONS /api/location/city/list [32m204[0m 0.485 ms - 0[0m
[0mGET /api/location/city/list [36m304[0m 3.801 ms - -[0m
[0mGET /api/location/city/list [36m304[0m 3.755 ms - -[0m
[0mOPTIONS /api/salon/service-by-gender?Gender=M [32m204[0m 0.286 ms - 0[0m
[0mGET /api/salon/service-by-gender?Gender=M [36m304[0m 12.628 ms - -[0m
[0mOPTIONS /api/auth/seller/profile-details [32m204[0m 1.219 ms - 0[0m
[0mOPTIONS /api/location/city/list [32m204[0m 0.518 ms - 0[0m
[0mOPTIONS /api/location/city/list [32m204[0m 0.192 ms - 0[0m
[0mGET /api/auth/seller/profile-details [36m304[0m 12.905 ms - -[0m
[0mGET /api/location/city/list [36m304[0m 3.096 ms - -[0m
[0mGET /api/location/city/list [36m304[0m 1.737 ms - -[0m
[0mOPTIONS /api/auth/seller/profile-details [32m204[0m 0.252 ms - 0[0m
[0mGET /api/auth/seller/profile-details [32m200[0m 2.259 ms - 160[0m
[0mOPTIONS /api/location/city/list [32m204[0m 0.251 ms - 0[0m
[0mOPTIONS /api/location/city/list [32m204[0m 0.281 ms - 0[0m
[0mGET /api/location/city/list [32m200[0m 3.295 ms - 302[0m
[0mGET /api/location/city/list [32m200[0m 1.837 ms - 302[0m
[0mOPTIONS /api/salon/service-by-gender?Gender=M [32m204[0m 1.552 ms - 0[0m
[0mGET /api/salon/service-by-gender?Gender=M [36m304[0m 17.103 ms - -[0m
[0mOPTIONS /api/auth/seller/profile-details [32m204[0m 0.977 ms - 0[0m
[0mOPTIONS /api/location/city/list [32m204[0m 0.268 ms - 0[0m
[0mOPTIONS /api/location/city/list [32m204[0m 0.177 ms - 0[0m
[0mGET /api/auth/seller/profile-details [36m304[0m 6.829 ms - -[0m
[0mGET /api/location/city/list [36m304[0m 10.169 ms - -[0m
[0mGET /api/location/city/list [36m304[0m 3.110 ms - -[0m
[0mOPTIONS /api/salon/service-by-gender?Gender=M [32m204[0m 0.349 ms - 0[0m
[0mGET /api/salon/service-by-gender?Gender=M [36m304[0m 7.656 ms - -[0m
[0mOPTIONS /api/auth/seller/profile-details [32m204[0m 3.058 ms - 0[0m
[0mOPTIONS /api/location/city/list [32m204[0m 0.407 ms - 0[0m
[0mOPTIONS /api/location/city/list [32m204[0m 0.217 ms - 0[0m
[0mGET /api/location/city/list [36m304[0m 8.693 ms - -[0m
[0mGET /api/auth/seller/profile-details [36m304[0m 11.945 ms - -[0m
[0mGET /api/location/city/list [36m304[0m 2.786 ms - -[0m
[0mOPTIONS /api/salon/service-by-gender?Gender=M [32m204[0m 0.346 ms - 0[0m
[0mGET /api/salon/service-by-gender?Gender=M [36m304[0m 12.989 ms - -[0m
[0mOPTIONS /api/salon/service-by-gender?Gender=F [32m204[0m 4.992 ms - 0[0m
[0mGET /api/salon/service-by-gender?Gender=F [36m304[0m 28.553 ms - -[0m
[0mOPTIONS /api/salon/service-by-gender?Gender=F [32m204[0m 1.803 ms - 0[0m
[0mGET /api/salon/service-by-gender?Gender=F [36m304[0m 24.408 ms - -[0m
[0mOPTIONS /api/salon/service-by-gender?Gender=M [32m204[0m 0.323 ms - 0[0m
[0mGET /api/salon/service-by-gender?Gender=M [36m304[0m 10.344 ms - -[0m
[0mOPTIONS /api/auth/seller/profile-details [32m204[0m 2.165 ms - 0[0m
[0mOPTIONS /api/seller/dasbhoard/list [32m204[0m 0.425 ms - 0[0m
[0mGET /api/auth/seller/profile-details [32m200[0m 51.256 ms - 160[0m
[0mGET /api/seller/dasbhoard/list [32m200[0m 62.099 ms - 59[0m
[0mOPTIONS /api/auth/seller/profile-details [32m204[0m 1.152 ms - 0[0m
[0mOPTIONS /api/salon/list-by-id [32m204[0m 0.315 ms - 0[0m
[0mGET /api/auth/seller/profile-details [36m304[0m 12.607 ms - -[0m
[0mGET /api/salon/list-by-id [32m200[0m 50.350 ms - 31985[0m
[0mOPTIONS /api/location/city/list [32m204[0m 0.380 ms - 0[0m
[0mOPTIONS /api/location/city/list [32m204[0m 0.238 ms - 0[0m
[0mGET /api/location/city/list [36m304[0m 7.533 ms - -[0m
[0mGET /api/location/city/list [36m304[0m 2.551 ms - -[0m
[0mOPTIONS /api/salon/service-list [32m204[0m 0.313 ms - 0[0m
[0mGET /api/salon/service-list [32m200[0m 14.350 ms - 5412[0m
[0mOPTIONS /api/auth/seller/login [32m204[0m 1.201 ms - 0[0m
[0mPOST /api/auth/seller/login [32m200[0m 252.993 ms - 211[0m
[0mOPTIONS /api/auth/seller/profile-details [32m204[0m 0.480 ms - 0[0m
[0mOPTIONS /api/seller/dasbhoard/list [32m204[0m 0.563 ms - 0[0m
[0mGET /api/auth/seller/profile-details [36m304[0m 17.884 ms - -[0m
[0mGET /api/seller/dasbhoard/list [36m304[0m 24.773 ms - -[0m
[0mOPTIONS /api/salon/list-by-id [32m204[0m 0.596 ms - 0[0m
[0mGET /api/auth/seller/profile-details [36m304[0m 12.199 ms - -[0m
[0mGET /api/salon/list-by-id [36m304[0m 26.561 ms - -[0m
[0mOPTIONS /api/location/city/list [32m204[0m 0.290 ms - 0[0m
[0mOPTIONS /api/location/city/list [32m204[0m 0.361 ms - 0[0m
[0mGET /api/location/city/list [36m304[0m 3.081 ms - -[0m
[0mGET /api/location/city/list [36m304[0m 2.679 ms - -[0m
[0mOPTIONS /api/salon/service-list [32m204[0m 0.288 ms - 0[0m
[0mGET /api/salon/service-list [36m304[0m 4.335 ms - -[0m
[0mOPTIONS /api/auth/seller/profile-details [32m204[0m 0.280 ms - 0[0m
[0mOPTIONS /api/salon/list-by-id [32m204[0m 0.133 ms - 0[0m
[0mGET /api/auth/seller/profile-details [36m304[0m 8.375 ms - -[0m
[0mGET /api/salon/list-by-id [36m304[0m 31.880 ms - -[0m
[0mGET /api/auth/seller/profile-details [36m304[0m 2.998 ms - -[0m
[0mOPTIONS /api/location/city/list [32m204[0m 0.952 ms - 0[0m
[0mOPTIONS /api/location/city/list [32m204[0m 0.305 ms - 0[0m
[0mGET /api/location/city/list [36m304[0m 3.860 ms - -[0m
[0mGET /api/location/city/list [36m304[0m 2.394 ms - -[0m
[0mOPTIONS /api/auth/seller/profile-details [32m204[0m 1.078 ms - 0[0m
[0mOPTIONS /api/location/city/list [32m204[0m 0.212 ms - 0[0m
[0mOPTIONS /api/location/city/list [32m204[0m 0.473 ms - 0[0m
[0mGET /api/auth/seller/profile-details [36m304[0m 16.585 ms - -[0m
[0mGET /api/location/city/list [36m304[0m 7.192 ms - -[0m
[0mOPTIONS /api/salon/service-list [32m204[0m 0.321 ms - 0[0m
[0mGET /api/location/city/list [36m304[0m 2.543 ms - -[0m
[0mGET /api/salon/service-list [36m304[0m 8.987 ms - -[0m
[0mOPTIONS /api/auth/seller/profile-details [32m204[0m 0.345 ms - 0[0m
[0mGET /api/auth/seller/profile-details [36m304[0m 2.265 ms - -[0m
[0mOPTIONS /api/location/city/list [32m204[0m 0.255 ms - 0[0m
[0mGET /api/location/city/list [36m304[0m 1.433 ms - -[0m
[0mGET /api/location/city/list [36m304[0m 1.419 ms - -[0m
[0mOPTIONS /api/salon/service-list [32m204[0m 0.236 ms - 0[0m
[0mGET /api/salon/service-list [36m304[0m 4.905 ms - -[0m
[0mOPTIONS /api/auth/seller/profile-details [32m204[0m 0.803 ms - 0[0m
[0mGET /api/auth/seller/profile-details [36m304[0m 5.953 ms - -[0m
[0mOPTIONS /api/location/city/list [32m204[0m 0.244 ms - 0[0m
[0mOPTIONS /api/location/city/list [32m204[0m 0.196 ms - 0[0m
[0mGET /api/location/city/list [36m304[0m 3.818 ms - -[0m
[0mGET /api/location/city/list [36m304[0m 2.550 ms - -[0m
[0mOPTIONS /api/salon/service-list [32m204[0m 0.202 ms - 0[0m
[0mGET /api/salon/service-list [36m304[0m 4.726 ms - -[0m
[0mOPTIONS /api/auth/seller/profile-details [32m204[0m 1.020 ms - 0[0m
[0mGET /api/auth/seller/profile-details [36m304[0m 7.414 ms - -[0m
[0mOPTIONS /api/location/city/list [32m204[0m 0.387 ms - 0[0m
[0mOPTIONS /api/location/city/list [32m204[0m 0.283 ms - 0[0m
[0mGET /api/location/city/list [36m304[0m 3.610 ms - -[0m
[0mGET /api/location/city/list [36m304[0m 1.851 ms - -[0m
[0mOPTIONS /api/salon/service-list [32m204[0m 0.265 ms - 0[0m
[0mGET /api/salon/service-list [36m304[0m 9.569 ms - -[0m
[0mOPTIONS /api/auth/seller/profile-details [32m204[0m 0.874 ms - 0[0m
[0mOPTIONS /api/location/city/list [32m204[0m 0.220 ms - 0[0m
[0mGET /api/auth/seller/profile-details [36m304[0m 12.405 ms - -[0m
[0mOPTIONS /api/location/city/list [32m204[0m 0.212 ms - 0[0m
[0mGET /api/location/city/list [36m304[0m 3.039 ms - -[0m
[0mGET /api/location/city/list [36m304[0m 2.557 ms - -[0m
[0mOPTIONS /api/salon/service-list [32m204[0m 0.184 ms - 0[0m
[0mGET /api/salon/service-list [36m304[0m 9.513 ms - -[0m
[0mOPTIONS /api/auth/seller/profile-details [32m204[0m 1.421 ms - 0[0m
[0mOPTIONS /api/location/city/list [32m204[0m 0.260 ms - 0[0m
[0mOPTIONS /api/location/city/list [32m204[0m 0.129 ms - 0[0m
[0mGET /api/auth/seller/profile-details [36m304[0m 9.598 ms - -[0m
[0mGET /api/location/city/list [36m304[0m 2.756 ms - -[0m
[0mGET /api/location/city/list [36m304[0m 1.894 ms - -[0m
[0mOPTIONS /api/salon/service-list [32m204[0m 0.158 ms - 0[0m
[0mGET /api/salon/service-list [36m304[0m 11.252 ms - -[0m
[0mOPTIONS /api/auth/seller/profile-details [32m204[0m 0.861 ms - 0[0m
[0mGET /api/auth/seller/profile-details [36m304[0m 6.301 ms - -[0m
[0mOPTIONS /api/location/city/list [32m204[0m 0.306 ms - 0[0m
[0mOPTIONS /api/location/city/list [32m204[0m 0.132 ms - 0[0m
[0mGET /api/location/city/list [36m304[0m 5.838 ms - -[0m
[0mGET /api/location/city/list [36m304[0m 1.976 ms - -[0m
[0mOPTIONS /api/salon/service-by-gender [32m204[0m 0.218 ms - 0[0m
[0mGET /api/salon/service-by-gender [32m200[0m 19.105 ms - 19939[0m
[0mOPTIONS /api/auth/seller/profile-details [32m204[0m 2.748 ms - 0[0m
[0mOPTIONS /api/location/city/list [32m204[0m 0.282 ms - 0[0m
[0mOPTIONS /api/location/city/list [32m204[0m 0.162 ms - 0[0m
[0mOPTIONS /api/salon/service-by-gender [32m204[0m 0.416 ms - 0[0m
[0mGET /api/auth/seller/profile-details [32m200[0m 26.050 ms - 160[0m
[0mGET /api/location/city/list [32m200[0m 29.291 ms - 302[0m
[0mGET /api/location/city/list [32m200[0m 30.157 ms - 302[0m
[0mOPTIONS /api/auth/seller/profile-details [32m204[0m 2.184 ms - 0[0m
[0mOPTIONS /api/location/city/list [32m204[0m 0.421 ms - 0[0m
[0mOPTIONS /api/location/city/list [32m204[0m 0.231 ms - 0[0m
[0mOPTIONS /api/salon/service-by-gender [32m204[0m 0.339 ms - 0[0m
[0mGET /api/auth/seller/profile-details [32m200[0m 23.462 ms - 160[0m
[0mGET /api/location/city/list [32m200[0m 16.007 ms - 302[0m
[0mGET /api/location/city/list [32m200[0m 14.670 ms - 302[0m
[0mGET /api/salon/service-by-gender [31m500[0m 63.835 ms - 3161[0m
[0mOPTIONS /api/auth/seller/profile-details [32m204[0m 4.958 ms - 0[0m
[0mOPTIONS /api/location/city/list [32m204[0m 0.363 ms - 0[0m
[0mOPTIONS /api/location/city/list [32m204[0m 0.169 ms - 0[0m
[0mOPTIONS /api/salon/service-by-gender [32m204[0m 0.361 ms - 0[0m
[0mGET /api/auth/seller/profile-details [32m200[0m 20.162 ms - 160[0m
[0mGET /api/location/city/list [32m200[0m 13.587 ms - 302[0m
[0mGET /api/location/city/list [32m200[0m 15.925 ms - 302[0m
[0mGET /api/salon/service-by-gender [32m200[0m 39.373 ms - 19939[0m
[0mOPTIONS /api/auth/seller/profile-details [32m204[0m 1.571 ms - 0[0m
[0mOPTIONS /api/location/city/list [32m204[0m 0.534 ms - 0[0m
[0mOPTIONS /api/location/city/list [32m204[0m 0.489 ms - 0[0m
[0mGET /api/auth/seller/profile-details [36m304[0m 24.981 ms - -[0m
[0mGET /api/location/city/list [36m304[0m 8.766 ms - -[0m
[0mOPTIONS /api/salon/service-by-gender [32m204[0m 0.345 ms - 0[0m
[0mGET /api/location/city/list [36m304[0m 4.853 ms - -[0m
[0mGET /api/salon/service-by-gender [36m304[0m 34.428 ms - -[0m
[0mOPTIONS /api/auth/seller/profile-details [32m204[0m 1.214 ms - 0[0m
[0mGET /api/auth/seller/profile-details [36m304[0m 13.016 ms - -[0m
[0mOPTIONS /api/location/city/list [32m204[0m 0.250 ms - 0[0m
[0mOPTIONS /api/location/city/list [32m204[0m 0.327 ms - 0[0m
[0mGET /api/location/city/list [36m304[0m 2.901 ms - -[0m
[0mGET /api/location/city/list [36m304[0m 2.237 ms - -[0m
[0mOPTIONS /api/salon/service-by-gender [32m204[0m 0.882 ms - 0[0m
[0mGET /api/salon/service-by-gender [36m304[0m 18.003 ms - -[0m
[0mOPTIONS /api/auth/seller/profile-details [32m204[0m 1.548 ms - 0[0m
[0mOPTIONS /api/location/city/list [32m204[0m 0.405 ms - 0[0m
[0mOPTIONS /api/location/city/list [32m204[0m 0.455 ms - 0[0m
[0mGET /api/auth/seller/profile-details [36m304[0m 21.175 ms - -[0m
[0mGET /api/location/city/list [36m304[0m 5.473 ms - -[0m
[0mOPTIONS /api/salon/service-by-gender [32m204[0m 0.188 ms - 0[0m
[0mGET /api/location/city/list [36m304[0m 3.009 ms - -[0m
[0mGET /api/salon/service-by-gender [36m304[0m 23.756 ms - -[0m
[0mOPTIONS /api/auth/seller/profile-details [32m204[0m 5.770 ms - 0[0m
[0mOPTIONS /api/location/city/list [32m204[0m 0.236 ms - 0[0m
[0mOPTIONS /api/location/city/list [32m204[0m 0.232 ms - 0[0m
[0mGET /api/auth/seller/profile-details [36m304[0m 9.319 ms - -[0m
[0mGET /api/location/city/list [36m304[0m 3.665 ms - -[0m
[0mOPTIONS /api/salon/service-by-gender [32m204[0m 0.221 ms - 0[0m
[0mGET /api/location/city/list [36m304[0m 2.631 ms - -[0m
[0mGET /api/salon/service-by-gender [36m304[0m 16.494 ms - -[0m
[0mOPTIONS /api/auth/seller/profile-details [32m204[0m 1.009 ms - 0[0m
[0mGET /api/auth/seller/profile-details [36m304[0m 6.978 ms - -[0m
[0mOPTIONS /api/location/city/list [32m204[0m 1.278 ms - 0[0m
[0mOPTIONS /api/location/city/list [32m204[0m 0.280 ms - 0[0m
[0mGET /api/location/city/list [36m304[0m 2.674 ms - -[0m
[0mGET /api/location/city/list [36m304[0m 1.642 ms - -[0m
[0mOPTIONS /api/salon/service-by-gender [32m204[0m 0.255 ms - 0[0m
[0mGET /api/salon/service-by-gender [36m304[0m 16.044 ms - -[0m
[0mOPTIONS /api/auth/seller/profile-details [32m204[0m 0.991 ms - 0[0m
[0mGET /api/auth/seller/profile-details [36m304[0m 8.190 ms - -[0m
[0mOPTIONS /api/location/city/list [32m204[0m 0.317 ms - 0[0m
[0mOPTIONS /api/location/city/list [32m204[0m 1.575 ms - 0[0m
[0mOPTIONS /api/salon/service-by-gender [32m204[0m 0.233 ms - 0[0m
[0mGET /api/location/city/list [36m304[0m 5.292 ms - -[0m
[0mGET /api/location/city/list [36m304[0m 2.210 ms - -[0m
[0mGET /api/salon/service-by-gender [36m304[0m 16.933 ms - -[0m
[0mOPTIONS /api/auth/seller/profile-details [32m204[0m 1.086 ms - 0[0m
[0mGET /api/auth/seller/profile-details [36m304[0m 6.427 ms - -[0m
[0mOPTIONS /api/location/city/list [32m204[0m 0.762 ms - 0[0m
[0mOPTIONS /api/location/city/list [32m204[0m 0.509 ms - 0[0m
[0mGET /api/location/city/list [36m304[0m 2.453 ms - -[0m
[0mGET /api/location/city/list [36m304[0m 3.140 ms - -[0m
[0mOPTIONS /api/salon/service-by-gender [32m204[0m 0.236 ms - 0[0m
[0mGET /api/salon/service-by-gender [36m304[0m 27.034 ms - -[0m
[0mOPTIONS /api/auth/seller/profile-details [32m204[0m 2.449 ms - 0[0m
[0mOPTIONS /api/location/city/list [32m204[0m 0.371 ms - 0[0m
[0mOPTIONS /api/location/city/list [32m204[0m 0.126 ms - 0[0m
[0mOPTIONS /api/salon/service-by-gender [32m204[0m 0.188 ms - 0[0m
[0mGET /api/auth/seller/profile-details [36m304[0m 11.634 ms - -[0m
[0mGET /api/location/city/list [36m304[0m 8.722 ms - -[0m
[0mGET /api/location/city/list [36m304[0m 5.318 ms - -[0m
[0mGET /api/salon/service-by-gender [36m304[0m 20.953 ms - -[0m
[0mOPTIONS /api/auth/seller/profile-details [32m204[0m 0.629 ms - 0[0m
[0mGET /api/auth/seller/profile-details [36m304[0m 2.806 ms - -[0m
[0mOPTIONS /api/location/city/list [32m204[0m 0.230 ms - 0[0m
[0mOPTIONS /api/location/city/list [32m204[0m 0.612 ms - 0[0m
[0mOPTIONS /api/salon/service-by-gender [32m204[0m 0.172 ms - 0[0m
[0mGET /api/location/city/list [36m304[0m 1.612 ms - -[0m
[0mGET /api/location/city/list [36m304[0m 1.692 ms - -[0m
[0mGET /api/salon/service-by-gender [36m304[0m 11.301 ms - -[0m
[0mOPTIONS /api/auth/seller/profile-details [32m204[0m 0.214 ms - 0[0m
[0mGET /api/auth/seller/profile-details [36m304[0m 2.124 ms - -[0m
[0mOPTIONS /api/location/city/list [32m204[0m 0.285 ms - 0[0m
[0mOPTIONS /api/location/city/list [32m204[0m 0.137 ms - 0[0m
[0mOPTIONS /api/salon/service-by-gender [32m204[0m 0.153 ms - 0[0m
[0mGET /api/location/city/list [36m304[0m 1.702 ms - -[0m
[0mGET /api/location/city/list [36m304[0m 1.271 ms - -[0m
[0mGET /api/salon/service-by-gender [36m304[0m 15.193 ms - -[0m
[0mOPTIONS /api/auth/seller/profile-details [32m204[0m 1.036 ms - 0[0m
[0mOPTIONS /api/location/city/list [32m204[0m 1.505 ms - 0[0m
[0mOPTIONS /api/location/city/list [32m204[0m 1.001 ms - 0[0m
[0mOPTIONS /api/salon/service-by-gender [32m204[0m 0.196 ms - 0[0m
[0mGET /api/auth/seller/profile-details [36m304[0m 12.038 ms - -[0m
[0mGET /api/location/city/list [36m304[0m 3.838 ms - -[0m
[0mGET /api/location/city/list [36m304[0m 2.227 ms - -[0m
[0mGET /api/salon/service-by-gender [36m304[0m 14.198 ms - -[0m
[0mOPTIONS /api/auth/seller/profile-details [32m204[0m 0.220 ms - 0[0m
[0mGET /api/auth/seller/profile-details [36m304[0m 2.272 ms - -[0m
[0mOPTIONS /api/location/city/list [32m204[0m 0.244 ms - 0[0m
[0mOPTIONS /api/location/city/list [32m204[0m 0.160 ms - 0[0m
[0mOPTIONS /api/salon/service-by-gender [32m204[0m 0.183 ms - 0[0m
[0mGET /api/location/city/list [36m304[0m 1.775 ms - -[0m
[0mGET /api/location/city/list [36m304[0m 7.522 ms - -[0m
[0mGET /api/salon/service-by-gender [36m304[0m 15.570 ms - -[0m
[0mOPTIONS /api/auth/seller/profile-details [32m204[0m 0.929 ms - 0[0m
[0mOPTIONS /api/location/city/list [32m204[0m 0.264 ms - 0[0m
[0mOPTIONS /api/location/city/list [32m204[0m 0.127 ms - 0[0m
[0mGET /api/auth/seller/profile-details [36m304[0m 12.345 ms - -[0m
[0mOPTIONS /api/salon/service-by-gender [32m204[0m 0.239 ms - 0[0m
[0mGET /api/location/city/list [36m304[0m 3.955 ms - -[0m
[0mGET /api/salon/service-by-gender [36m304[0m 14.639 ms - -[0m
[0mGET /api/location/city/list [36m304[0m 11.619 ms - -[0m
[0mOPTIONS /api/auth/seller/profile-details [32m204[0m 0.334 ms - 0[0m
[0mGET /api/auth/seller/profile-details [36m304[0m 3.487 ms - -[0m
[0mOPTIONS /api/location/city/list [32m204[0m 0.255 ms - 0[0m
[0mOPTIONS /api/location/city/list [32m204[0m 0.150 ms - 0[0m
[0mOPTIONS /api/salon/service-by-gender [32m204[0m 0.189 ms - 0[0m
[0mGET /api/location/city/list [36m304[0m 2.583 ms - -[0m
[0mGET /api/location/city/list [36m304[0m 2.921 ms - -[0m
[0mGET /api/salon/service-by-gender [36m304[0m 13.713 ms - -[0m
[0mOPTIONS /api/auth/seller/profile-details [32m204[0m 0.820 ms - 0[0m
[0mGET /api/auth/seller/profile-details [36m304[0m 7.480 ms - -[0m
[0mOPTIONS /api/location/city/list [32m204[0m 0.194 ms - 0[0m
[0mOPTIONS /api/location/city/list [32m204[0m 0.159 ms - 0[0m
[0mOPTIONS /api/salon/service-by-gender [32m204[0m 0.161 ms - 0[0m
[0mGET /api/location/city/list [36m304[0m 3.006 ms - -[0m
[0mGET /api/location/city/list [36m304[0m 1.742 ms - -[0m
[0mGET /api/salon/service-by-gender [36m304[0m 10.649 ms - -[0m
[0mOPTIONS /api/auth/seller/profile-details [32m204[0m 0.405 ms - 0[0m
[0mGET /api/auth/seller/profile-details [36m304[0m 3.513 ms - -[0m
[0mOPTIONS /api/location/city/list [32m204[0m 0.298 ms - 0[0m
[0mOPTIONS /api/location/city/list [32m204[0m 0.213 ms - 0[0m
[0mGET /api/location/city/list [36m304[0m 2.236 ms - -[0m
[0mOPTIONS /api/salon/service-by-gender [32m204[0m 0.158 ms - 0[0m
[0mGET /api/location/city/list [36m304[0m 3.616 ms - -[0m
[0mGET /api/salon/service-by-gender [36m304[0m 53.322 ms - -[0m
[0mOPTIONS /api/auth/seller/profile-details [32m204[0m 1.117 ms - 0[0m
[0mOPTIONS /api/location/city/list [32m204[0m 0.196 ms - 0[0m
[0mOPTIONS /api/location/city/list [32m204[0m 0.151 ms - 0[0m
[0mGET /api/auth/seller/profile-details [36m304[0m 5.546 ms - -[0m
[0mOPTIONS /api/salon/service-by-gender [32m204[0m 0.134 ms - 0[0m
[0mGET /api/location/city/list [36m304[0m 2.584 ms - -[0m
[0mGET /api/location/city/list [36m304[0m 5.734 ms - -[0m
[0mGET /api/salon/service-by-gender [36m304[0m 23.913 ms - -[0m
[0mOPTIONS /api/auth/seller/profile-details [32m204[0m 1.001 ms - 0[0m
[0mGET /api/auth/seller/profile-details [36m304[0m 4.437 ms - -[0m
[0mOPTIONS /api/location/city/list [32m204[0m 0.208 ms - 0[0m
[0mOPTIONS /api/location/city/list [32m204[0m 0.152 ms - 0[0m
[0mOPTIONS /api/salon/service-by-gender [32m204[0m 0.156 ms - 0[0m
[0mGET /api/location/city/list [36m304[0m 3.166 ms - -[0m
[0mGET /api/location/city/list [36m304[0m 4.842 ms - -[0m
[0mGET /api/salon/service-by-gender [36m304[0m 16.744 ms - -[0m
[0mOPTIONS /api/auth/seller/profile-details [32m204[0m 1.161 ms - 0[0m
[0mGET /api/auth/seller/profile-details [36m304[0m 11.625 ms - -[0m
[0mOPTIONS /api/location/city/list [32m204[0m 0.266 ms - 0[0m
[0mOPTIONS /api/location/city/list [32m204[0m 0.145 ms - 0[0m
[0mOPTIONS /api/salon/service-by-gender [32m204[0m 0.245 ms - 0[0m
[0mGET /api/location/city/list [36m304[0m 2.754 ms - -[0m
[0mGET /api/salon/service-by-gender [36m304[0m 22.558 ms - -[0m
[0mGET /api/location/city/list [36m304[0m 20.476 ms - -[0m
[0mGET /api/auth/seller/profile-details [36m304[0m 13.391 ms - -[0m
[0mGET /api/location/city/list [36m304[0m 4.419 ms - -[0m
[0mGET /api/salon/service-by-gender [36m304[0m 11.922 ms - -[0m
[0mGET /api/location/city/list [36m304[0m 9.929 ms - -[0m
[0mOPTIONS /api/auth/seller/profile-details [32m204[0m 1.065 ms - 0[0m
[0mOPTIONS /api/location/city/list [32m204[0m 0.211 ms - 0[0m
[0mOPTIONS /api/location/city/list [32m204[0m 0.137 ms - 0[0m
[0mGET /api/auth/seller/profile-details [36m304[0m 9.357 ms - -[0m
[0mOPTIONS /api/salon/service-by-gender [32m204[0m 0.145 ms - 0[0m
[0mGET /api/location/city/list [36m304[0m 1.899 ms - -[0m
[0mGET /api/location/city/list [36m304[0m 2.527 ms - -[0m
[0mGET /api/salon/service-by-gender [36m304[0m 19.339 ms - -[0m
[0mOPTIONS /api/auth/seller/profile-details [32m204[0m 1.113 ms - 0[0m
[0mGET /api/auth/seller/profile-details [36m304[0m 5.005 ms - -[0m
[0mOPTIONS /api/location/city/list [32m204[0m 0.285 ms - 0[0m
[0mOPTIONS /api/location/city/list [32m204[0m 0.203 ms - 0[0m
[0mOPTIONS /api/salon/service-by-gender [32m204[0m 0.161 ms - 0[0m
[0mGET /api/location/city/list [36m304[0m 1.889 ms - -[0m
[0mGET /api/location/city/list [36m304[0m 3.807 ms - -[0m
[0mGET /api/salon/service-by-gender [36m304[0m 15.625 ms - -[0m
[0mOPTIONS /api/auth/seller/profile-details [32m204[0m 1.118 ms - 0[0m
[0mGET /api/auth/seller/profile-details [36m304[0m 10.965 ms - -[0m
[0mOPTIONS /api/location/city/list [32m204[0m 0.258 ms - 0[0m
[0mOPTIONS /api/location/city/list [32m204[0m 0.189 ms - 0[0m
[0mOPTIONS /api/salon/service-by-gender [32m204[0m 0.198 ms - 0[0m
[0mGET /api/location/city/list [36m304[0m 2.444 ms - -[0m
[0mGET /api/location/city/list [36m304[0m 3.704 ms - -[0m
[0mGET /api/salon/service-by-gender [36m304[0m 12.908 ms - -[0m
[0mOPTIONS /api/auth/seller/profile-details [32m204[0m 1.108 ms - 0[0m
[0mOPTIONS /api/location/city/list [32m204[0m 7.389 ms - 0[0m
[0mOPTIONS /api/location/city/list [32m204[0m 0.150 ms - 0[0m
[0mGET /api/auth/seller/profile-details [36m304[0m 14.657 ms - -[0m
[0mOPTIONS /api/salon/service-by-gender [32m204[0m 0.264 ms - 0[0m
[0mGET /api/location/city/list [36m304[0m 3.106 ms - -[0m
[0mGET /api/salon/service-by-gender [36m304[0m 11.906 ms - -[0m
[0mGET /api/location/city/list [36m304[0m 9.928 ms - -[0m
[0mOPTIONS /api/auth/seller/profile-details [32m204[0m 0.472 ms - 0[0m
[0mGET /api/auth/seller/profile-details [36m304[0m 2.842 ms - -[0m
[0mOPTIONS /api/location/city/list [32m204[0m 0.278 ms - 0[0m
[0mOPTIONS /api/location/city/list [32m204[0m 0.142 ms - 0[0m
[0mOPTIONS /api/salon/service-by-gender [32m204[0m 0.699 ms - 0[0m
[0mGET /api/location/city/list [36m304[0m 2.359 ms - -[0m
[0mGET /api/location/city/list [36m304[0m 1.290 ms - -[0m
[0mGET /api/salon/service-by-gender [36m304[0m 9.761 ms - -[0m
[0mOPTIONS /api/auth/seller/profile-details [32m204[0m 0.351 ms - 0[0m
[0mGET /api/auth/seller/profile-details [36m304[0m 2.769 ms - -[0m
[0mOPTIONS /api/location/city/list [32m204[0m 0.261 ms - 0[0m
[0mOPTIONS /api/location/city/list [32m204[0m 0.172 ms - 0[0m
[0mOPTIONS /api/salon/service-by-gender [32m204[0m 0.171 ms - 0[0m
[0mGET /api/location/city/list [36m304[0m 1.865 ms - -[0m
[0mGET /api/location/city/list [36m304[0m 1.311 ms - -[0m
[0mGET /api/salon/service-by-gender [36m304[0m 9.793 ms - -[0m
[0mOPTIONS /api/auth/seller/profile-details [32m204[0m 0.516 ms - 0[0m
[0mGET /api/auth/seller/profile-details [36m304[0m 4.343 ms - -[0m
[0mOPTIONS /api/location/city/list [32m204[0m 0.278 ms - 0[0m
[0mOPTIONS /api/location/city/list [32m204[0m 1.400 ms - 0[0m
[0mOPTIONS /api/salon/service-by-gender [32m204[0m 0.145 ms - 0[0m
[0mGET /api/location/city/list [36m304[0m 2.251 ms - -[0m
[0mGET /api/location/city/list [36m304[0m 2.220 ms - -[0m
[0mGET /api/salon/service-by-gender [36m304[0m 12.273 ms - -[0m
[0mOPTIONS /api/auth/seller/profile-details [32m204[0m 0.286 ms - 0[0m
[0mGET /api/auth/seller/profile-details [36m304[0m 5.090 ms - -[0m
[0mOPTIONS /api/location/city/list [32m204[0m 0.255 ms - 0[0m
[0mOPTIONS /api/location/city/list [32m204[0m 0.365 ms - 0[0m
[0mOPTIONS /api/salon/service-by-gender [32m204[0m 0.158 ms - 0[0m
[0mGET /api/location/city/list [36m304[0m 2.790 ms - -[0m
[0mGET /api/location/city/list [36m304[0m 1.765 ms - -[0m
[0mGET /api/salon/service-by-gender [36m304[0m 12.914 ms - -[0m
[0mOPTIONS /api/auth/seller/profile-details [32m204[0m 6.157 ms - 0[0m
[0mOPTIONS /api/location/city/list [32m204[0m 1.527 ms - 0[0m
[0mOPTIONS /api/location/city/list [32m204[0m 0.174 ms - 0[0m
[0mGET /api/auth/seller/profile-details [36m304[0m 6.959 ms - -[0m
[0mOPTIONS /api/salon/service-by-gender [32m204[0m 0.178 ms - 0[0m
[0mGET /api/location/city/list [36m304[0m 5.384 ms - -[0m
[0mGET /api/location/city/list [36m304[0m 2.670 ms - -[0m
[0mGET /api/salon/service-by-gender [36m304[0m 17.540 ms - -[0m
[0mOPTIONS /api/auth/seller/profile-details [32m204[0m 0.980 ms - 0[0m
[0mOPTIONS /api/location/city/list [32m204[0m 0.208 ms - 0[0m
[0mOPTIONS /api/location/city/list [32m204[0m 0.111 ms - 0[0m
[0mOPTIONS /api/salon/service-by-gender [32m204[0m 0.164 ms - 0[0m
[0mGET /api/auth/seller/profile-details [36m304[0m 8.095 ms - -[0m
[0mGET /api/location/city/list [36m304[0m 3.009 ms - -[0m
[0mGET /api/salon/service-by-gender [36m304[0m 16.151 ms - -[0m
[0mGET /api/location/city/list [36m304[0m 14.172 ms - -[0m
[0mOPTIONS /api/auth/seller/profile-details [32m204[0m 0.537 ms - 0[0m
[0mGET /api/auth/seller/profile-details [36m304[0m 3.800 ms - -[0m
[0mOPTIONS /api/location/city/list [32m204[0m 0.268 ms - 0[0m
[0mOPTIONS /api/location/city/list [32m204[0m 0.150 ms - 0[0m
[0mOPTIONS /api/salon/service-by-gender [32m204[0m 0.171 ms - 0[0m
[0mGET /api/location/city/list [36m304[0m 4.961 ms - -[0m
[0mGET /api/location/city/list [36m304[0m 2.836 ms - -[0m
[0mGET /api/salon/service-by-gender [36m304[0m 13.992 ms - -[0m
[0mOPTIONS /api/auth/seller/profile-details [32m204[0m 4.172 ms - 0[0m
[0mGET /api/auth/seller/profile-details [36m304[0m 6.106 ms - -[0m
[0mOPTIONS /api/location/city/list [32m204[0m 0.196 ms - 0[0m
[0mOPTIONS /api/location/city/list [32m204[0m 0.143 ms - 0[0m
[0mOPTIONS /api/salon/service-by-gender [32m204[0m 0.246 ms - 0[0m
[0mGET /api/location/city/list [36m304[0m 2.853 ms - -[0m
[0mGET /api/salon/service-by-gender [36m304[0m 17.114 ms - -[0m
[0mGET /api/location/city/list [36m304[0m 15.106 ms - -[0m
[0mOPTIONS /api/auth/seller/profile-details [32m204[0m 1.720 ms - 0[0m
[0mOPTIONS /api/location/city/list [32m204[0m 0.300 ms - 0[0m
[0mOPTIONS /api/location/city/list [32m204[0m 0.220 ms - 0[0m
[0mGET /api/auth/seller/profile-details [36m304[0m 17.481 ms - -[0m
[0mGET /api/location/city/list [36m304[0m 7.654 ms - -[0m
[0mOPTIONS /api/salon/service-by-gender [32m204[0m 0.217 ms - 0[0m
[0mGET /api/location/city/list [36m304[0m 4.805 ms - -[0m
[0mGET /api/salon/service-by-gender [36m304[0m 31.362 ms - -[0m
[0mOPTIONS /api/auth/seller/profile-details [32m204[0m 0.272 ms - 0[0m
[0mGET /api/auth/seller/profile-details [32m200[0m 1.831 ms - 160[0m
[0mOPTIONS /api/location/city/list [32m204[0m 0.410 ms - 0[0m
[0mOPTIONS /api/location/city/list [32m204[0m 0.283 ms - 0[0m
[0mGET /api/location/city/list [32m200[0m 1.495 ms - 302[0m
[0mGET /api/location/city/list [32m200[0m 2.952 ms - 302[0m
[0mOPTIONS /api/salon/service-by-gender [32m204[0m 0.247 ms - 0[0m
[0mGET /api/salon/service-by-gender [32m200[0m 13.856 ms - 19939[0m
[0mOPTIONS /api/auth/seller/profile-details [32m204[0m 1.938 ms - 0[0m
[0mOPTIONS /api/location/city/list [32m204[0m 0.268 ms - 0[0m
[0mOPTIONS /api/location/city/list [32m204[0m 0.171 ms - 0[0m
[0mGET /api/auth/seller/profile-details [36m304[0m 10.083 ms - -[0m
[0mOPTIONS /api/salon/service-by-gender [32m204[0m 0.259 ms - 0[0m
[0mGET /api/location/city/list [36m304[0m 4.142 ms - -[0m
[0mGET /api/location/city/list [36m304[0m 3.568 ms - -[0m
[0mGET /api/salon/service-by-gender [36m304[0m 21.091 ms - -[0m
[0mOPTIONS /api/auth/seller/profile-details [32m204[0m 1.136 ms - 0[0m
[0mOPTIONS /api/location/city/list [32m204[0m 0.358 ms - 0[0m
[0mGET /api/auth/seller/profile-details [36m304[0m 10.320 ms - -[0m
[0mGET /api/location/city/list [36m304[0m 3.966 ms - -[0m
[0mOPTIONS /api/salon/service-by-gender [32m204[0m 0.154 ms - 0[0m
[0mGET /api/location/city/list [36m304[0m 5.417 ms - -[0m
[0mGET /api/salon/service-by-gender [36m304[0m 34.412 ms - -[0m
[0mOPTIONS /api/auth/seller/profile-details [32m204[0m 1.082 ms - 0[0m
[0mOPTIONS /api/location/city/list [32m204[0m 0.353 ms - 0[0m
[0mOPTIONS /api/location/city/list [32m204[0m 0.226 ms - 0[0m
[0mGET /api/auth/seller/profile-details [36m304[0m 9.731 ms - -[0m
[0mGET /api/location/city/list [36m304[0m 2.163 ms - -[0m
[0mGET /api/location/city/list [36m304[0m 5.893 ms - -[0m
[0mOPTIONS /api/salon/service-by-gender [32m204[0m 0.237 ms - 0[0m
[0mGET /api/salon/service-by-gender [36m304[0m 18.054 ms - -[0m
[0mOPTIONS /api/auth/seller/profile-details [32m204[0m 1.076 ms - 0[0m
[0mGET /api/auth/seller/profile-details [36m304[0m 7.885 ms - -[0m
[0mOPTIONS /api/location/city/list [32m204[0m 0.278 ms - 0[0m
[0mGET /api/location/city/list [36m304[0m 3.702 ms - -[0m
[0mGET /api/location/city/list [36m304[0m 2.662 ms - -[0m
[0mOPTIONS /api/salon/service-by-gender [32m204[0m 0.253 ms - 0[0m
[0mGET /api/salon/service-by-gender [36m304[0m 25.168 ms - -[0m
[0mOPTIONS /api/auth/seller/profile-details [32m204[0m 0.988 ms - 0[0m
[0mOPTIONS /api/location/city/list [32m204[0m 0.424 ms - 0[0m
[0mOPTIONS /api/location/city/list [32m204[0m 0.337 ms - 0[0m
[0mGET /api/auth/seller/profile-details [36m304[0m 9.866 ms - -[0m
[0mGET /api/location/city/list [36m304[0m 2.304 ms - -[0m
[0mOPTIONS /api/salon/service-by-gender [32m204[0m 0.293 ms - 0[0m
[0mGET /api/location/city/list [36m304[0m 5.437 ms - -[0m
[0mGET /api/salon/service-by-gender [36m304[0m 20.140 ms - -[0m
[0mOPTIONS /api/auth/seller/profile-details [32m204[0m 1.210 ms - 0[0m
[0mOPTIONS /api/location/city/list [32m204[0m 0.281 ms - 0[0m
[0mOPTIONS /api/location/city/list [32m204[0m 0.154 ms - 0[0m
[0mGET /api/auth/seller/profile-details [36m304[0m 9.903 ms - -[0m
[0mGET /api/location/city/list [36m304[0m 3.105 ms - -[0m
[0mGET /api/location/city/list [36m304[0m 3.242 ms - -[0m
[0mOPTIONS /api/salon/service-by-gender [32m204[0m 0.223 ms - 0[0m
[0mGET /api/salon/service-by-gender [36m304[0m 18.662 ms - -[0m
[0mOPTIONS /api/auth/seller/profile-details [32m204[0m 1.034 ms - 0[0m
[0mGET /api/auth/seller/profile-details [36m304[0m 10.505 ms - -[0m
[0mOPTIONS /api/location/city/list [32m204[0m 0.262 ms - 0[0m
[0mOPTIONS /api/location/city/list [32m204[0m 0.559 ms - 0[0m
[0mOPTIONS /api/salon/service-by-gender [32m204[0m 0.300 ms - 0[0m
[0mGET /api/location/city/list [36m304[0m 2.265 ms - -[0m
[0mGET /api/salon/service-by-gender [36m304[0m 18.805 ms - -[0m
[0mGET /api/location/city/list [36m304[0m 17.553 ms - -[0m
[0mOPTIONS /api/auth/seller/profile-details [32m204[0m 1.047 ms - 0[0m
[0mOPTIONS /api/location/city/list [32m204[0m 0.248 ms - 0[0m
[0mGET /api/auth/seller/profile-details [36m304[0m 8.764 ms - -[0m
[0mOPTIONS /api/location/city/list [32m204[0m 0.590 ms - 0[0m
[0mGET /api/location/city/list [36m304[0m 5.755 ms - -[0m
[0mOPTIONS /api/salon/service-by-gender [32m204[0m 2.614 ms - 0[0m
[0mGET /api/location/city/list [36m304[0m 6.820 ms - -[0m
[0mGET /api/salon/service-by-gender [36m304[0m 26.327 ms - -[0m
[0mOPTIONS /api/auth/seller/profile-details [32m204[0m 1.047 ms - 0[0m
[0mOPTIONS /api/location/city/list [32m204[0m 0.220 ms - 0[0m
[0mOPTIONS /api/location/city/list [32m204[0m 0.176 ms - 0[0m
[0mGET /api/auth/seller/profile-details [36m304[0m 10.952 ms - -[0m
[0mOPTIONS /api/salon/service-by-gender [32m204[0m 0.156 ms - 0[0m
[0mGET /api/location/city/list [36m304[0m 2.866 ms - -[0m
[0mGET /api/salon/service-by-gender [36m304[0m 26.348 ms - -[0m
[0mGET /api/location/city/list [36m304[0m 26.556 ms - -[0m
[0mOPTIONS /api/auth/seller/profile-details [32m204[0m 5.329 ms - 0[0m
[0mOPTIONS /api/location/city/list [32m204[0m 0.317 ms - 0[0m
[0mOPTIONS /api/location/city/list [32m204[0m 0.155 ms - 0[0m
[0mOPTIONS /api/salon/service-by-gender [32m204[0m 0.200 ms - 0[0m
[0mGET /api/auth/seller/profile-details [36m304[0m 9.128 ms - -[0m
[0mGET /api/location/city/list [36m304[0m 3.466 ms - -[0m
[0mGET /api/location/city/list [36m304[0m 1.407 ms - -[0m
[0mGET /api/salon/service-by-gender [36m304[0m 18.084 ms - -[0m
[0mOPTIONS /api/auth/seller/profile-details [32m204[0m 1.231 ms - 0[0m
[0mOPTIONS /api/location/city/list [32m204[0m 0.362 ms - 0[0m
[0mOPTIONS /api/location/city/list [32m204[0m 0.188 ms - 0[0m
[0mOPTIONS /api/salon/service-by-gender [32m204[0m 0.229 ms - 0[0m
[0mGET /api/auth/seller/profile-details [36m304[0m 10.466 ms - -[0m
[0mGET /api/location/city/list [36m304[0m 3.644 ms - -[0m
[0mGET /api/location/city/list [36m304[0m 21.448 ms - -[0m
[0mGET /api/salon/service-by-gender [36m304[0m 27.225 ms - -[0m
[0mOPTIONS /api/auth/seller/profile-details [32m204[0m 2.448 ms - 0[0m
[0mOPTIONS /api/location/city/list [32m204[0m 6.799 ms - 0[0m
[0mOPTIONS /api/location/city/list [32m204[0m 4.330 ms - 0[0m
[0mOPTIONS /api/salon/service-by-gender [32m204[0m 0.619 ms - 0[0m
[0mGET /api/auth/seller/profile-details [36m304[0m 25.230 ms - -[0m
[0mGET /api/location/city/list [36m304[0m 6.638 ms - -[0m
[0mGET /api/location/city/list [36m304[0m 4.842 ms - -[0m
[0mGET /api/salon/service-by-gender [36m304[0m 22.874 ms - -[0m
[0mOPTIONS /api/auth/seller/profile-details [32m204[0m 1.601 ms - 0[0m
[0mGET /api/auth/seller/profile-details [36m304[0m 6.469 ms - -[0m
[0mOPTIONS /api/location/city/list [32m204[0m 0.340 ms - 0[0m
[0mOPTIONS /api/location/city/list [32m204[0m 2.472 ms - 0[0m
[0mOPTIONS /api/salon/service-by-gender [32m204[0m 0.204 ms - 0[0m
[0mGET /api/location/city/list [36m304[0m 3.331 ms - -[0m
[0mGET /api/location/city/list [36m304[0m 5.623 ms - -[0m
[0mGET /api/salon/service-by-gender [36m304[0m 17.101 ms - -[0m
[0mOPTIONS /api/auth/seller/profile-details [32m204[0m 4.516 ms - 0[0m
[0mOPTIONS /api/location/city/list [32m204[0m 0.225 ms - 0[0m
[0mOPTIONS /api/location/city/list [32m204[0m 0.126 ms - 0[0m
[0mOPTIONS /api/salon/service-by-gender [32m204[0m 0.156 ms - 0[0m
[0mGET /api/location/city/list [36m304[0m 3.123 ms - -[0m
[0mGET /api/auth/seller/profile-details [36m304[0m 8.194 ms - -[0m
[0mGET /api/location/city/list [36m304[0m 2.308 ms - -[0m
[0mGET /api/salon/service-by-gender [36m304[0m 13.709 ms - -[0m
[0mOPTIONS /api/auth/seller/profile-details [32m204[0m 1.117 ms - 0[0m
[0mGET /api/auth/seller/profile-details [36m304[0m 7.039 ms - -[0m
[0mOPTIONS /api/location/city/list [32m204[0m 0.210 ms - 0[0m
[0mOPTIONS /api/location/city/list [32m204[0m 0.752 ms - 0[0m
[0mGET /api/location/city/list [36m304[0m 10.089 ms - -[0m
[0mOPTIONS /api/salon/service-by-gender [32m204[0m 0.189 ms - 0[0m
[0mGET /api/location/city/list [36m304[0m 4.359 ms - -[0m
[0mGET /api/salon/service-by-gender [36m304[0m 19.753 ms - -[0m
[0mOPTIONS /api/auth/seller/profile-details [32m204[0m 1.409 ms - 0[0m
[0mGET /api/auth/seller/profile-details [36m304[0m 12.882 ms - -[0m
[0mOPTIONS /api/location/city/list [32m204[0m 0.323 ms - 0[0m
[0mOPTIONS /api/location/city/list [32m204[0m 0.171 ms - 0[0m
[0mGET /api/location/city/list [36m304[0m 2.108 ms - -[0m
[0mOPTIONS /api/salon/service-by-gender [32m204[0m 0.158 ms - 0[0m
[0mGET /api/location/city/list [36m304[0m 3.017 ms - -[0m
[0mGET /api/salon/service-by-gender [36m304[0m 14.259 ms - -[0m
[0mOPTIONS /api/auth/seller/profile-details [32m204[0m 0.492 ms - 0[0m
[0mOPTIONS /api/location/city/list [32m204[0m 0.268 ms - 0[0m
[0mOPTIONS /api/salon/service-by-gender [32m204[0m 0.384 ms - 0[0m
[0mGET /api/auth/seller/profile-details [36m304[0m 8.250 ms - -[0m
[0mGET /api/location/city/list [36m304[0m 3.535 ms - -[0m
[0mGET /api/salon/service-by-gender [36m304[0m 14.213 ms - -[0m
[0mOPTIONS /api/auth/seller/profile-details [32m204[0m 0.257 ms - 0[0m
[0mOPTIONS /api/auth/seller/profile-details [32m204[0m 0.115 ms - 0[0m
[0mGET /api/auth/seller/profile-details [36m304[0m 2.309 ms - -[0m
[0mGET /api/auth/seller/profile-details [36m304[0m 2.346 ms - -[0m
[0mOPTIONS /api/salon/list-by-id [32m204[0m 0.236 ms - 0[0m
[0mGET /api/auth/seller/profile-details [36m304[0m 4.428 ms - -[0m
[0mGET /api/salon/list-by-id [36m304[0m 33.521 ms - -[0m
[0mGET /api/auth/seller/profile-details [36m304[0m 2.913 ms - -[0m
[0mOPTIONS /api/location/city/list [32m204[0m 0.225 ms - 0[0m
[0mOPTIONS /api/salon/service-by-gender [32m204[0m 0.234 ms - 0[0m
[0mGET /api/location/city/list [36m304[0m 1.994 ms - -[0m
[0mGET /api/salon/service-by-gender [36m304[0m 14.121 ms - -[0m
[0mOPTIONS /api/auth/seller/profile-details [32m204[0m 6.602 ms - 0[0m
[0mOPTIONS /api/location/city/list [32m204[0m 0.336 ms - 0[0m
[0mOPTIONS /api/salon/service-by-gender [32m204[0m 0.134 ms - 0[0m
[0mGET /api/location/city/list [36m304[0m 4.732 ms - -[0m
[0mGET /api/auth/seller/profile-details [36m304[0m 10.150 ms - -[0m
[0mGET /api/salon/service-by-gender [36m304[0m 20.067 ms - -[0m
[0mOPTIONS /api/auth/seller/profile-details [32m204[0m 0.280 ms - 0[0m
[0mGET /api/auth/seller/profile-details [36m304[0m 1.760 ms - -[0m
[0mOPTIONS /api/location/city/list [32m204[0m 0.222 ms - 0[0m
[0mGET /api/location/city/list [36m304[0m 2.231 ms - -[0m
[0mOPTIONS /api/salon/service-by-gender [32m204[0m 0.413 ms - 0[0m
[0mGET /api/salon/service-by-gender [36m304[0m 21.006 ms - -[0m
[0mGET /api/auth/seller/profile-details [36m304[0m 7.379 ms - -[0m
[0mGET /api/location/city/list [36m304[0m 5.700 ms - -[0m
[0mGET /api/salon/service-by-gender [36m304[0m 16.030 ms - -[0m
[0mOPTIONS /api/auth/seller/profile-details [32m204[0m 0.256 ms - 0[0m
[0mGET /api/auth/seller/profile-details [36m304[0m 2.001 ms - -[0m
[0mOPTIONS /api/location/city/list [32m204[0m 0.200 ms - 0[0m
[0mOPTIONS /api/salon/service-by-gender [32m204[0m 0.134 ms - 0[0m
[0mGET /api/location/city/list [36m304[0m 1.242 ms - -[0m
[0mGET /api/salon/service-by-gender [36m304[0m 8.638 ms - -[0m
[0mOPTIONS /api/auth/seller/profile-details [32m204[0m 1.038 ms - 0[0m
[0mOPTIONS /api/location/city/list [32m204[0m 0.251 ms - 0[0m
[0mOPTIONS /api/location/city/list [32m204[0m 0.136 ms - 0[0m
[0mOPTIONS /api/salon/service-by-gender [32m204[0m 0.214 ms - 0[0m
[0mGET /api/auth/seller/profile-details [32m200[0m 11.112 ms - 160[0m
[0mGET /api/location/city/list [32m200[0m 4.376 ms - 302[0m
[0mGET /api/location/city/list [32m200[0m 4.275 ms - 302[0m
[0mGET /api/salon/service-by-gender [32m200[0m 23.115 ms - 19939[0m
[0mGET /api/auth/seller/profile-details [36m304[0m 3.431 ms - -[0m
[0mGET /api/auth/seller/profile-details [36m304[0m 3.777 ms - -[0m
[0mOPTIONS /api/salon/list-by-id [32m204[0m 0.228 ms - 0[0m
[0mGET /api/auth/seller/profile-details [36m304[0m 3.161 ms - -[0m
[0mGET /api/salon/list-by-id [36m304[0m 17.397 ms - -[0m
[0mOPTIONS /api/auth/seller/profile-details [32m204[0m 0.236 ms - 0[0m
[0mGET /api/auth/seller/profile-details [36m304[0m 3.932 ms - -[0m
[0mOPTIONS /api/location/city/list [32m204[0m 0.245 ms - 0[0m
[0mOPTIONS /api/location/city/list [32m204[0m 0.150 ms - 0[0m
[0mOPTIONS /api/salon/service-by-gender [32m204[0m 0.171 ms - 0[0m
[0mGET /api/location/city/list [36m304[0m 1.755 ms - -[0m
[0mGET /api/salon/service-by-gender [36m304[0m 14.918 ms - -[0m
[0mGET /api/location/city/list [36m304[0m 13.979 ms - -[0m
[0mOPTIONS /api/auth/seller/profile-details [32m204[0m 4.500 ms - 0[0m
[0mGET /api/auth/seller/profile-details [36m304[0m 4.502 ms - -[0m
[0mOPTIONS /api/location/city/list [32m204[0m 0.201 ms - 0[0m
[0mOPTIONS /api/salon/service-by-gender [32m204[0m 0.153 ms - 0[0m
[0mGET /api/location/city/list [36m304[0m 2.094 ms - -[0m
[0mGET /api/salon/service-by-gender [36m304[0m 11.814 ms - -[0m
[0mOPTIONS /api/auth/seller/profile-details [32m204[0m 0.607 ms - 0[0m
[0mGET /api/auth/seller/profile-details [36m304[0m 2.426 ms - -[0m
[0mOPTIONS /api/location/city/list [32m204[0m 0.254 ms - 0[0m
[0mOPTIONS /api/salon/service-by-gender [32m204[0m 0.403 ms - 0[0m
[0mGET /api/location/city/list [36m304[0m 1.888 ms - -[0m
[0mGET /api/salon/service-by-gender [36m304[0m 22.327 ms - -[0m
[0mOPTIONS /api/auth/seller/profile-details [32m204[0m 0.334 ms - 0[0m
[0mGET /api/auth/seller/profile-details [36m304[0m 2.027 ms - -[0m
[0mOPTIONS /api/location/city/list [32m204[0m 0.225 ms - 0[0m
[0mOPTIONS /api/salon/service-by-gender [32m204[0m 0.157 ms - 0[0m
[0mGET /api/location/city/list [36m304[0m 1.425 ms - -[0m
[0mGET /api/salon/service-by-gender [36m304[0m 11.057 ms - -[0m
[0mOPTIONS /api/auth/seller/profile-details [32m204[0m 0.925 ms - 0[0m
[0mGET /api/auth/seller/profile-details [36m304[0m 4.637 ms - -[0m
[0mOPTIONS /api/location/city/list [32m204[0m 0.240 ms - 0[0m
[0mOPTIONS /api/salon/service-by-gender [32m204[0m 0.189 ms - 0[0m
[0mGET /api/location/city/list [36m304[0m 2.132 ms - -[0m
[0mGET /api/salon/service-by-gender [36m304[0m 11.967 ms - -[0m
[0mOPTIONS /api/auth/seller/profile-details [32m204[0m 0.301 ms - 0[0m
[0mGET /api/auth/seller/profile-details [36m304[0m 1.900 ms - -[0m
[0mOPTIONS /api/location/city/list [32m204[0m 0.241 ms - 0[0m
[0mOPTIONS /api/salon/service-by-gender [32m204[0m 0.158 ms - 0[0m
[0mGET /api/location/city/list [36m304[0m 1.314 ms - -[0m
[0mGET /api/salon/service-by-gender [36m304[0m 9.479 ms - -[0m
[0mOPTIONS /api/salon/create-parlour [32m204[0m 1.574 ms - 0[0m
[0mPOST /api/salon/create-parlour [31m500[0m 72.446 ms - 3161[0m
[0mOPTIONS /api/salon/create-parlour [32m204[0m 3.319 ms - 0[0m
[0mPOST /api/salon/create-parlour [31m500[0m 94.516 ms - 3161[0m
[0mOPTIONS /api/salon/create-parlour [32m204[0m 2.148 ms - 0[0m
[0mPOST /api/salon/create-parlour [0m-[0m - ms - -[0m
[0mOPTIONS /api/auth/seller/profile-details [32m204[0m 1.438 ms - 0[0m
[0mOPTIONS /api/location/city/list [32m204[0m 0.466 ms - 0[0m
[0mOPTIONS /api/salon/service-by-gender [32m204[0m 0.340 ms - 0[0m
[0mGET /api/auth/seller/profile-details [32m200[0m 25.729 ms - 160[0m
[0mGET /api/location/city/list [32m200[0m 14.424 ms - 302[0m
[0mGET /api/salon/service-by-gender [32m200[0m 80.410 ms - 19939[0m
[0mOPTIONS /api/auth/seller/profile-details [32m204[0m 0.377 ms - 0[0m
[0mGET /api/auth/seller/profile-details [36m304[0m 4.867 ms - -[0m
[0mOPTIONS /api/location/city/list [32m204[0m 0.359 ms - 0[0m
[0mGET /api/location/city/list [36m304[0m 2.827 ms - -[0m
[0mOPTIONS /api/salon/service-by-gender [32m204[0m 0.512 ms - 0[0m
[0mGET /api/salon/service-by-gender [36m304[0m 25.417 ms - -[0m
[0mOPTIONS /api/auth/seller/profile-details [32m204[0m 2.044 ms - 0[0m
[0mOPTIONS /api/location/city/list [32m204[0m 1.551 ms - 0[0m
[0mOPTIONS /api/salon/service-by-gender [32m204[0m 0.275 ms - 0[0m
[0mGET /api/location/city/list [32m200[0m 12.634 ms - 302[0m
[0mGET /api/auth/seller/profile-details [32m200[0m 27.381 ms - 160[0m
[0mGET /api/salon/service-by-gender [32m200[0m 38.806 ms - 22480[0m
[0mOPTIONS /api/auth/seller/profile-details [32m204[0m 1.587 ms - 0[0m
[0mGET /api/auth/seller/profile-details [36m304[0m 10.619 ms - -[0m
[0mOPTIONS /api/location/city/list [32m204[0m 0.360 ms - 0[0m
[0mGET /api/location/city/list [36m304[0m 3.198 ms - -[0m
[0mOPTIONS /api/salon/service-by-gender [32m204[0m 0.335 ms - 0[0m
[0mGET /api/salon/service-by-gender [36m304[0m 31.540 ms - -[0m
[0mOPTIONS /api/auth/seller/profile-details [32m204[0m 1.271 ms - 0[0m
[0mOPTIONS /api/location/city/list [32m204[0m 0.351 ms - 0[0m
[0mGET /api/auth/seller/profile-details [36m304[0m 9.111 ms - -[0m
[0mGET /api/location/city/list [36m304[0m 6.094 ms - -[0m
[0mOPTIONS /api/salon/service-by-gender [32m204[0m 0.646 ms - 0[0m
[0mGET /api/salon/service-by-gender [36m304[0m 43.145 ms - -[0m
[0mOPTIONS /api/auth/seller/profile-details [32m204[0m 0.858 ms - 0[0m
[0mGET /api/auth/seller/profile-details [36m304[0m 8.036 ms - -[0m
[0mOPTIONS /api/location/city/list [32m204[0m 0.633 ms - 0[0m
[0mGET /api/location/city/list [36m304[0m 8.320 ms - -[0m
[0mOPTIONS /api/salon/service-by-gender [32m204[0m 0.470 ms - 0[0m
[0mGET /api/salon/service-by-gender [36m304[0m 17.674 ms - -[0m
[0mOPTIONS /api/auth/seller/profile-details [32m204[0m 3.816 ms - 0[0m
[0mOPTIONS /api/location/city/list [32m204[0m 0.231 ms - 0[0m
[0mGET /api/auth/seller/profile-details [36m304[0m 15.549 ms - -[0m
[0mOPTIONS /api/salon/service-by-gender [32m204[0m 0.193 ms - 0[0m
[0mGET /api/location/city/list [36m304[0m 4.235 ms - -[0m
[0mGET /api/salon/service-by-gender [36m304[0m 45.393 ms - -[0m
[0mOPTIONS /api/salon/create-parlour [32m204[0m 0.305 ms - 0[0m
[0mPOST /api/salon/create-parlour [0m-[0m - ms - -[0m
[0mOPTIONS /api/auth/seller/profile-details [32m204[0m 0.919 ms - 0[0m
[0mOPTIONS /api/location/city/list [32m204[0m 0.274 ms - 0[0m
[0mGET /api/auth/seller/profile-details [36m304[0m 9.451 ms - -[0m
[0mGET /api/location/city/list [36m304[0m 3.548 ms - -[0m
[0mOPTIONS /api/salon/service-by-gender [32m204[0m 0.244 ms - 0[0m
[0mGET /api/salon/service-by-gender [36m304[0m 26.341 ms - -[0m
[0mOPTIONS /api/salon/create-parlour [32m204[0m 1.077 ms - 0[0m
[0mOPTIONS /api/salon/create-parlour [32m204[0m 2.673 ms - 0[0m
[0mPOST /api/salon/create-parlour [31m500[0m 76.611 ms - 3161[0m
[0mOPTIONS /api/salon/create-parlour [32m204[0m 3.322 ms - 0[0m
[0mPOST /api/salon/create-parlour [31m500[0m 55.092 ms - 3161[0m
[0mOPTIONS /api/salon/create-parlour [32m204[0m 4.770 ms - 0[0m
[0mPOST /api/salon/create-parlour [32m200[0m 62.888 ms - 54[0m
[0mOPTIONS /api/auth/seller/profile-details [32m204[0m 0.646 ms - 0[0m
[0mOPTIONS /api/seller/dasbhoard/list [32m204[0m 0.397 ms - 0[0m
[0mGET /api/auth/seller/profile-details [36m304[0m 19.285 ms - -[0m
[0mGET /api/seller/dasbhoard/list [36m304[0m 35.378 ms - -[0m
[0mGET /api/auth/seller/profile-details [36m304[0m 5.119 ms - -[0m
[0mGET /api/auth/seller/profile-details [36m304[0m 5.470 ms - -[0m
[0mOPTIONS /api/auth/seller/profile-details [32m204[0m 0.571 ms - 0[0m
[0mOPTIONS /api/salon/list-by-id [32m204[0m 0.247 ms - 0[0m
[0mGET /api/auth/seller/profile-details [36m304[0m 20.924 ms - -[0m
[0mGET /api/salon/list-by-id [36m304[0m 64.718 ms - -[0m
[0mOPTIONS /api/auth/seller/profile-details [32m204[0m 1.259 ms - 0[0m
[0mOPTIONS /api/salon/list-by-id [32m204[0m 0.556 ms - 0[0m
[0mGET /api/auth/seller/profile-details [36m304[0m 17.060 ms - -[0m
[0mGET /api/salon/list-by-id [36m304[0m 43.136 ms - -[0m
[0mOPTIONS /api/auth/seller/profile-details [32m204[0m 2.543 ms - 0[0m
[0mOPTIONS /api/salon/list-by-id [32m204[0m 0.506 ms - 0[0m
[0mGET /api/auth/seller/profile-details [32m200[0m 35.476 ms - 160[0m
[0mGET /api/salon/list-by-id [32m200[0m 72.548 ms - 31985[0m
[0mOPTIONS /api/auth/seller/profile-details [32m204[0m 2.211 ms - 0[0m
[0mOPTIONS /api/salon/list-by-id [32m204[0m 0.477 ms - 0[0m
[0mGET /api/auth/seller/profile-details [32m200[0m 21.405 ms - 160[0m
[0mGET /api/salon/list-by-id [32m200[0m 21.428 ms - 664[0m
[0mOPTIONS /api/auth/seller/profile-details [32m204[0m 1.936 ms - 0[0m
[0mOPTIONS /api/salon/list-by-id [32m204[0m 0.781 ms - 0[0m
[0mGET /api/auth/seller/profile-details [32m200[0m 20.436 ms - 160[0m
[0mGET /api/salon/list-by-id [32m200[0m 34.237 ms - 1144[0m
[0mOPTIONS /api/auth/seller/profile-details [32m204[0m 1.313 ms - 0[0m
[0mOPTIONS /api/salon/list-by-id [32m204[0m 0.743 ms - 0[0m
[0mGET /api/salon/list-by-id [36m304[0m 29.373 ms - -[0m
[0mGET /api/auth/seller/profile-details [36m304[0m 25.584 ms - -[0m
[0mOPTIONS /api/auth/seller/profile-details [32m204[0m 3.283 ms - 0[0m
[0mOPTIONS /api/salon/list-by-id [32m204[0m 0.526 ms - 0[0m
[0mGET /api/auth/seller/profile-details [36m304[0m 26.798 ms - -[0m
[0mGET /api/salon/list-by-id [32m200[0m 73.655 ms - 31985[0m
[0mOPTIONS /api/auth/seller/profile-details [32m204[0m 3.458 ms - 0[0m
[0mOPTIONS /api/salon/list-by-id [32m204[0m 0.869 ms - 0[0m
[0mGET /api/auth/seller/profile-details [32m200[0m 24.627 ms - 160[0m
[0mGET /api/salon/list-by-id [32m200[0m 14.765 ms - 1144[0m
[0mOPTIONS /api/auth/seller/profile-details [32m204[0m 2.925 ms - 0[0m
[0mOPTIONS /api/salon/list-by-id [32m204[0m 0.683 ms - 0[0m
[0mGET /api/auth/seller/profile-details [32m200[0m 26.179 ms - 160[0m
[0mGET /api/salon/list-by-id [32m200[0m 40.621 ms - 33405[0m
[0mOPTIONS /api/location/city/list [32m204[0m 0.474 ms - 0[0m
[0mOPTIONS /api/location/city/list [32m204[0m 0.293 ms - 0[0m
[0mGET /api/location/city/list [36m304[0m 3.677 ms - -[0m
[0mGET /api/location/city/list [36m304[0m 2.635 ms - -[0m
[0mOPTIONS /api/salon/service-list [32m204[0m 0.353 ms - 0[0m
[0mGET /api/salon/service-list [36m304[0m 9.353 ms - -[0m
[0mOPTIONS /api/salon/list-by-id [32m204[0m 2.315 ms - 0[0m
[0mGET /api/salon/list-by-id [36m304[0m 27.267 ms - -[0m
[0mOPTIONS /api/auth/seller/profile-details [32m204[0m 0.690 ms - 0[0m
[0mGET /api/salon/list-by-id [36m304[0m 29.487 ms - -[0m
[0mGET /api/auth/seller/profile-details [36m304[0m 26.885 ms - -[0m
[0mOPTIONS /api/location/city/list [32m204[0m 0.816 ms - 0[0m
[0mOPTIONS /api/location/city/list [32m204[0m 0.256 ms - 0[0m
[0mGET /api/location/city/list [36m304[0m 4.306 ms - -[0m
[0mGET /api/location/city/list [36m304[0m 1.407 ms - -[0m
[0mOPTIONS /api/salon/service-list [32m204[0m 0.251 ms - 0[0m
[0mGET /api/salon/service-list [36m304[0m 6.097 ms - -[0m
[0mOPTIONS /api/auth/seller/profile-details [32m204[0m 0.272 ms - 0[0m
[0mOPTIONS /api/salon/list-by-id [32m204[0m 0.167 ms - 0[0m
[0mGET /api/auth/seller/profile-details [36m304[0m 5.294 ms - -[0m
[0mGET /api/salon/list-by-id [36m304[0m 15.499 ms - -[0m
[0mOPTIONS /api/auth/seller/profile-details [32m204[0m 1.989 ms - 0[0m
[0mOPTIONS /api/salon/list-by-id [32m204[0m 0.416 ms - 0[0m
[0mGET /api/auth/seller/profile-details [32m200[0m 20.523 ms - 160[0m
[0mGET /api/salon/list-by-id [32m200[0m 32.118 ms - 31985[0m
[0mOPTIONS /api/auth/seller/profile-details [32m204[0m 3.855 ms - 0[0m
[0mOPTIONS /api/salon/list-by-id [32m204[0m 0.531 ms - 0[0m
[0mGET /api/auth/seller/profile-details [36m304[0m 18.818 ms - -[0m
[0mGET /api/salon/list-by-id [32m200[0m 35.082 ms - 33405[0m
[0mOPTIONS /api/location/city/list [32m204[0m 0.412 ms - 0[0m
[0mOPTIONS /api/location/city/list [32m204[0m 0.201 ms - 0[0m
[0mOPTIONS /api/salon/service-list [32m204[0m 0.340 ms - 0[0m
[0mGET /api/location/city/list [36m304[0m 4.562 ms - -[0m
[0mGET /api/salon/service-list [36m304[0m 14.798 ms - -[0m
[0mGET /api/location/city/list [36m304[0m 12.148 ms - -[0m
[0mOPTIONS /api/auth/seller/profile-details [32m204[0m 1.246 ms - 0[0m
[0mGET /api/auth/seller/profile-details [36m304[0m 9.701 ms - -[0m
[0mOPTIONS /api/location/city/list [32m204[0m 1.886 ms - 0[0m
[0mOPTIONS /api/location/city/list [32m204[0m 0.316 ms - 0[0m
[0mOPTIONS /api/salon/service-list [32m204[0m 0.180 ms - 0[0m
[0mGET /api/location/city/list [36m304[0m 3.509 ms - -[0m
[0mGET /api/location/city/list [36m304[0m 9.864 ms - -[0m
[0mGET /api/salon/service-list [36m304[0m 17.481 ms - -[0m
[0mOPTIONS /api/auth/seller/profile-details [32m204[0m 4.858 ms - 0[0m
[0mGET /api/auth/seller/profile-details [36m304[0m 9.911 ms - -[0m
[0mOPTIONS /api/location/city/list [32m204[0m 0.326 ms - 0[0m
[0mOPTIONS /api/location/city/list [32m204[0m 0.248 ms - 0[0m
[0mOPTIONS /api/salon/service-list [32m204[0m 0.180 ms - 0[0m
[0mGET /api/location/city/list [36m304[0m 3.576 ms - -[0m
[0mGET /api/location/city/list [36m304[0m 4.450 ms - -[0m
[0mGET /api/salon/service-list [36m304[0m 13.124 ms - -[0m
[0mOPTIONS /api/auth/seller/profile-details [32m204[0m 1.979 ms - 0[0m
[0mGET /api/auth/seller/profile-details [36m304[0m 11.014 ms - -[0m
[0mOPTIONS /api/location/city/list [32m204[0m 0.294 ms - 0[0m
[0mOPTIONS /api/location/city/list [32m204[0m 0.337 ms - 0[0m
[0mOPTIONS /api/salon/service-list [32m204[0m 0.250 ms - 0[0m
[0mGET /api/location/city/list [36m304[0m 5.537 ms - -[0m
[0mGET /api/location/city/list [36m304[0m 8.981 ms - -[0m
[0mGET /api/salon/service-list [36m304[0m 21.096 ms - -[0m
[0mOPTIONS /api/auth/seller/profile-details [32m204[0m 1.072 ms - 0[0m
[0mGET /api/auth/seller/profile-details [36m304[0m 9.653 ms - -[0m
[0mOPTIONS /api/location/city/list [32m204[0m 0.255 ms - 0[0m
[0mOPTIONS /api/salon/service-list [32m204[0m 0.242 ms - 0[0m
[0mGET /api/location/city/list [36m304[0m 3.355 ms - -[0m
[0mGET /api/salon/service-list [36m304[0m 15.066 ms - -[0m
[0mOPTIONS /api/auth/seller/profile-details [32m204[0m 0.996 ms - 0[0m
[0mGET /api/auth/seller/profile-details [36m304[0m 5.848 ms - -[0m
[0mOPTIONS /api/location/city/list [32m204[0m 0.266 ms - 0[0m
[0mOPTIONS /api/salon/service-list [32m204[0m 0.333 ms - 0[0m
[0mGET /api/location/city/list [36m304[0m 2.804 ms - -[0m
[0mGET /api/salon/service-list [36m304[0m 9.725 ms - -[0m
[0mOPTIONS /api/auth/seller/profile-details [32m204[0m 0.915 ms - 0[0m
[0mOPTIONS /api/location/city/list [32m204[0m 0.341 ms - 0[0m
[0mOPTIONS /api/salon/service-list [32m204[0m 0.195 ms - 0[0m
[0mGET /api/auth/seller/profile-details [36m304[0m 9.356 ms - -[0m
[0mGET /api/location/city/list [36m304[0m 4.445 ms - -[0m
[0mGET /api/salon/service-list [36m304[0m 7.220 ms - -[0m
[0mOPTIONS /api/auth/seller/profile-details [32m204[0m 0.854 ms - 0[0m
[0mGET /api/auth/seller/profile-details [36m304[0m 8.643 ms - -[0m
[0mOPTIONS /api/location/city/list [32m204[0m 0.168 ms - 0[0m
[0mOPTIONS /api/salon/service-list [32m204[0m 0.115 ms - 0[0m
[0mGET /api/location/city/list [36m304[0m 2.881 ms - -[0m
[0mGET /api/salon/service-list [36m304[0m 12.627 ms - -[0m
[0mOPTIONS /api/auth/seller/profile-details [32m204[0m 0.927 ms - 0[0m
[0mOPTIONS /api/location/city/list [32m204[0m 0.224 ms - 0[0m
[0mOPTIONS /api/salon/service-list [32m204[0m 0.130 ms - 0[0m
[0mGET /api/auth/seller/profile-details [36m304[0m 12.749 ms - -[0m
[0mGET /api/location/city/list [36m304[0m 2.882 ms - -[0m
[0mGET /api/salon/service-list [36m304[0m 6.499 ms - -[0m
[0mOPTIONS /api/auth/seller/profile-details [32m204[0m 2.832 ms - 0[0m
[0mOPTIONS /api/location/city/list [32m204[0m 1.103 ms - 0[0m
[0mOPTIONS /api/salon/service-list [32m204[0m 0.561 ms - 0[0m
[0mGET /api/location/city/list [36m304[0m 35.386 ms - -[0m
[0mGET /api/auth/seller/profile-details [36m304[0m 48.626 ms - -[0m
[0mGET /api/salon/service-list [36m304[0m 23.962 ms - -[0m
[0mOPTIONS /api/auth/seller/profile-details [32m204[0m 1.191 ms - 0[0m
[0mOPTIONS /api/location/city/list [32m204[0m 0.237 ms - 0[0m
[0mGET /api/auth/seller/profile-details [36m304[0m 10.514 ms - -[0m
[0mGET /api/location/city/list [36m304[0m 3.735 ms - -[0m
[0mOPTIONS /api/salon/service-list [32m204[0m 0.268 ms - 0[0m
[0mGET /api/salon/service-list [36m304[0m 7.472 ms - -[0m
[0mOPTIONS /api/auth/seller/profile-details [32m204[0m 5.392 ms - 0[0m
[0mOPTIONS /api/location/city/list [32m204[0m 0.278 ms - 0[0m
[0mGET /api/auth/seller/profile-details [36m304[0m 7.758 ms - -[0m
[0mGET /api/location/city/list [36m304[0m 2.260 ms - -[0m
[0mOPTIONS /api/salon/service-list [32m204[0m 0.324 ms - 0[0m
[0mGET /api/salon/service-list [36m304[0m 5.768 ms - -[0m
[0mOPTIONS /api/auth/seller/profile-details [32m204[0m 1.309 ms - 0[0m
[0mGET /api/auth/seller/profile-details [36m304[0m 7.370 ms - -[0m
[0mOPTIONS /api/location/city/list [32m204[0m 3.708 ms - 0[0m
[0mGET /api/location/city/list [36m304[0m 11.911 ms - -[0m
[0mOPTIONS /api/salon/service-list [32m204[0m 0.672 ms - 0[0m
[0mGET /api/salon/service-list [36m304[0m 14.630 ms - -[0m
[0mOPTIONS /api/auth/seller/profile-details [32m204[0m 1.912 ms - 0[0m
[0mOPTIONS /api/location/city/list [32m204[0m 0.258 ms - 0[0m
[0mGET /api/auth/seller/profile-details [36m304[0m 7.882 ms - -[0m
[0mGET /api/location/city/list [36m304[0m 4.329 ms - -[0m
[0mOPTIONS /api/salon/service-list [32m204[0m 0.264 ms - 0[0m
[0mGET /api/salon/service-list [36m304[0m 10.271 ms - -[0m
[0mOPTIONS /api/auth/seller/profile-details [32m204[0m 1.110 ms - 0[0m
[0mOPTIONS /api/location/city/list [32m204[0m 0.224 ms - 0[0m
[0mGET /api/auth/seller/profile-details [36m304[0m 6.829 ms - -[0m
[0mGET /api/location/city/list [36m304[0m 3.818 ms - -[0m
[0mOPTIONS /api/salon/service-list [32m204[0m 0.302 ms - 0[0m
[0mGET /api/salon/service-list [36m304[0m 5.339 ms - -[0m
[0mOPTIONS /api/auth/seller/profile-details [32m204[0m 1.175 ms - 0[0m
[0mGET /api/auth/seller/profile-details [36m304[0m 6.900 ms - -[0m
[0mOPTIONS /api/location/city/list [32m204[0m 0.573 ms - 0[0m
[0mGET /api/location/city/list [36m304[0m 3.004 ms - -[0m
[0mOPTIONS /api/salon/service-list [32m204[0m 0.789 ms - 0[0m
[0mGET /api/salon/service-list [36m304[0m 6.523 ms - -[0m
[0mOPTIONS /api/auth/seller/profile-details [32m204[0m 1.047 ms - 0[0m
[0mGET /api/auth/seller/profile-details [36m304[0m 6.075 ms - -[0m
[0mOPTIONS /api/location/city/list [32m204[0m 0.221 ms - 0[0m
[0mGET /api/location/city/list [36m304[0m 2.886 ms - -[0m
[0mOPTIONS /api/salon/service-list [32m204[0m 1.518 ms - 0[0m
[0mGET /api/salon/service-list [36m304[0m 5.107 ms - -[0m
[0mOPTIONS /api/auth/seller/profile-details [32m204[0m 1.411 ms - 0[0m
[0mOPTIONS /api/auth/seller/profile-details [32m204[0m 0.159 ms - 0[0m
[0mGET /api/auth/seller/profile-details [36m304[0m 13.618 ms - -[0m
[0mGET /api/auth/seller/profile-details [36m304[0m 13.433 ms - -[0m
[0mOPTIONS /api/salon/list-by-id [32m204[0m 0.256 ms - 0[0m
[0mGET /api/auth/seller/profile-details [36m304[0m 7.309 ms - -[0m
[0mGET /api/salon/list-by-id [36m304[0m 30.878 ms - -[0m
[0mOPTIONS /api/location/city/list [32m204[0m 0.306 ms - 0[0m
[0mOPTIONS /api/salon/service-list [32m204[0m 0.151 ms - 0[0m
[0mGET /api/location/city/list [36m304[0m 2.052 ms - -[0m
[0mGET /api/salon/service-list [36m304[0m 4.375 ms - -[0m
[0mOPTIONS /api/auth/seller/profile-details [32m204[0m 0.437 ms - 0[0m
[0mOPTIONS /api/salon/list-by-id [32m204[0m 0.127 ms - 0[0m
[0mGET /api/auth/seller/profile-details [36m304[0m 8.066 ms - -[0m
[0mGET /api/salon/list-by-id [36m304[0m 26.246 ms - -[0m
[0mGET /api/auth/seller/profile-details [36m304[0m 2.016 ms - -[0m
[0mOPTIONS /api/location/city/list [32m204[0m 0.265 ms - 0[0m
[0mOPTIONS /api/salon/service-by-gender [32m204[0m 0.306 ms - 0[0m
[0mGET /api/location/city/list [36m304[0m 8.493 ms - -[0m
[0mGET /api/salon/service-by-gender [36m304[0m 24.958 ms - -[0m
