[0mGET /api/website/popular/category-list [36m304[0m 75.567 ms - -[0m
[0mGET /api/website/product/new-arrival [32m200[0m 86.652 ms - 23416[0m
[0mGET /api/website/category/list [36m304[0m 116.518 ms - -[0m
[0mGET /api/website/product/home-kitchen [36m304[0m 122.679 ms - -[0m
[0mGET /api/website/product/men-fashion [36m304[0m 121.281 ms - -[0m
[0mGET /api/website/product/women-fashion [36m304[0m 115.309 ms - -[0m
[0mGET /api/website/category/list [36m304[0m 57.410 ms - -[0m
[0mGET /api/website/category/list [36m304[0m 25.529 ms - -[0m
[0mGET /api/website/category/list [36m304[0m 14.541 ms - -[0m
[0mGET /api/website/product/detail?productId=5943&slug=z-shang-fashion-classic-black-men-jacket [36m304[0m 105.931 ms - -[0m
[0mGET /api/website/relatedProduct?productId=5943&slug=z-shang-fashion-classic-black-men-jacket [36m304[0m 104.844 ms - -[0m
[0mGET /api/website/category/list [36m304[0m 30.022 ms - -[0m
[0mGET /api/website/catalog/category/search?queryString=Demand%20Collection [36m304[0m 42.886 ms - -[0m
[0mGET /api/website/category/list [36m304[0m 16.841 ms - -[0m
[0mGET /api/website/catalog/product/search?filter_category=Demand%20Collection [36m304[0m 52.805 ms - -[0m
[0mGET /api/website/category/list [36m304[0m 11.468 ms - -[0m
[0mGET /api/website/category/list [36m304[0m 27.752 ms - -[0m
[0mGET /api/website/catalog/category/search?queryString=Demand%20Collection [36m304[0m 28.321 ms - -[0m
[0mGET /api/website/catalog/product/search?filter_category=Demand%20Collection [36m304[0m 34.745 ms - -[0m
[0mGET /api/website/category/list [36m304[0m 13.567 ms - -[0m
[0mGET /api/website/category/list [36m304[0m 14.517 ms - -[0m
[0mGET /api/website/category/list [32m200[0m 96.463 ms - 27291[0m
[0mGET /api/website/category/list [32m200[0m 96.064 ms - 27291[0m
[0mGET /api/website/category/list [32m200[0m 93.400 ms - 27291[0m
[0mGET /api/website/catalog/category/search?queryString=Demand%20Collection [32m200[0m 98.771 ms - 62[0m
[0mGET /api/website/catalog/product/search?filter_category=Demand%20Collection [32m200[0m 108.828 ms - 62[0m
[0mGET /api/website/category/list [32m200[0m 89.567 ms - 27291[0m
[0mGET /api/website/category/list [32m200[0m 88.024 ms - 27291[0m
[0mGET /api/website/category/list [32m200[0m 89.205 ms - 27291[0m
[0mGET /api/website/catalog/category/search?queryString=Demand%20Collection [32m200[0m 96.866 ms - 62[0m
[0mGET /api/website/catalog/product/search?filter_category=Demand%20Collection [32m200[0m 109.799 ms - 62[0m
[0mGET /api/website/category/list [32m200[0m 83.751 ms - 27291[0m
[0mGET /api/website/category/list [32m200[0m 77.915 ms - 27291[0m
[0mGET /api/website/category/list [32m200[0m 82.470 ms - 27291[0m
[0mGET /api/website/catalog/category/search?queryString=Demand%20Collection [32m200[0m 92.642 ms - 62[0m
[0mGET /api/website/catalog/product/search?filter_category=Demand%20Collection [32m200[0m 169.062 ms - 7191[0m
[0mGET /api/website/catalog/product/search?filter_category=Demand%20Collection [32m200[0m 84.981 ms - 7191[0m
[0mGET /api/website/catalog/product/search?filter_category=Demand%20Collection [36m304[0m 70.730 ms - -[0m
[0mGET /api/website/catalog/product/search?filter_category=Demand%20Collection [36m304[0m 98.453 ms - -[0m
[0mGET /api/website/catalog/product/search?filter_category=Demand%20Collection [36m304[0m 92.851 ms - -[0m
[0mGET /api/website/category/list [36m304[0m 63.249 ms - -[0m
[0mGET /api/website/catalog/category/search?queryString=Demand%20Collection [36m304[0m 71.081 ms - -[0m
[0mGET /api/website/category/list [36m304[0m 22.304 ms - -[0m
[0mGET /api/website/category/list [36m304[0m 32.742 ms - -[0m
[0mGET /api/website/catalog/product/search?filter_category=Demand%20Collection [36m304[0m 187.069 ms - -[0m
[0mGET /api/website/autosuggest/search?limit=5&query=s [32m200[0m 209.610 ms - 298437[0m
[0mGET /api/website/catalog/category/search?queryString=grocery-and-staples [32m200[0m 132.231 ms - 2471[0m
[0mGET /api/website/catalog/product/search?filter_category=grocery-and-staples%20 [32m200[0m 190.831 ms - 15517[0m
[0mGET /api/website/catalog/product/search?filter_category=grocery-and-staples%20 [36m304[0m 50.958 ms - -[0m
[0mGET /api/website/category/list [36m304[0m 56.730 ms - -[0m
[0mGET /api/website/category/list [36m304[0m 19.921 ms - -[0m
[0mGET /api/website/catalog/category/search?queryString=grocery-and-staples [36m304[0m 156.848 ms - -[0m
[0mGET /api/website/category/list [36m304[0m 109.342 ms - -[0m
[0mGET /api/website/catalog/product/search?filter_category=grocery-and-staples [32m200[0m 230.377 ms - 15517[0m
[0mGET /api/website/product/detail?productId=6203&slug=upkar-premium-sonam-jeera-rice [31m500[0m 149.890 ms - 3165[0m
[0mGET /api/website/relatedProduct?productId=6203&slug=upkar-premium-sonam-jeera-rice [32m200[0m 146.854 ms - 4423[0m
[0mGET /api/website/category/list [32m200[0m 81.849 ms - 27291[0m
[0mGET /api/website/category/list [32m200[0m 79.206 ms - 27291[0m
[0mGET /api/website/category/list [32m200[0m 116.027 ms - 27291[0m
[0mGET /api/website/relatedProduct?productId=6203&slug=upkar-premium-sonam-jeera-rice [32m200[0m 237.941 ms - 4423[0m
[0mGET /api/website/product/detail?productId=6203&slug=upkar-premium-sonam-jeera-rice [31m500[0m 239.328 ms - 3165[0m
[0mGET /api/website/category/list [32m200[0m 81.377 ms - 27291[0m
[0mGET /api/website/category/list [32m200[0m 81.505 ms - 27291[0m
[0mGET /api/website/category/list [32m200[0m 84.863 ms - 27291[0m
[0mGET /api/website/product/detail?productId=6203&slug=upkar-premium-sonam-jeera-rice [31m500[0m 199.388 ms - 3165[0m
[0mGET /api/website/relatedProduct?productId=6203&slug=upkar-premium-sonam-jeera-rice [32m200[0m 200.422 ms - 4423[0m
[0mGET /api/website/category/list [32m200[0m 82.271 ms - 27291[0m
[0mGET /api/website/category/list [32m200[0m 88.719 ms - 27291[0m
[0mGET /api/website/category/list [32m200[0m 88.365 ms - 27291[0m
[0mGET /api/website/product/detail?productId=6203&slug=upkar-premium-sonam-jeera-rice [31m500[0m 221.962 ms - 3165[0m
[0mGET /api/website/relatedProduct?productId=6203&slug=upkar-premium-sonam-jeera-rice [32m200[0m 226.887 ms - 4423[0m
[0mGET /api/website/category/list [32m200[0m 67.941 ms - 27291[0m
[0mGET /api/website/category/list [32m200[0m 68.061 ms - 27291[0m
[0mGET /api/website/category/list [32m200[0m 75.011 ms - 27291[0m
[0mGET /api/website/product/detail?productId=6203&slug=upkar-premium-sonam-jeera-rice [31m500[0m 126.725 ms - 3165[0m
[0mGET /api/website/relatedProduct?productId=6203&slug=upkar-premium-sonam-jeera-rice [32m200[0m 137.583 ms - 4423[0m
[0mGET /api/website/category/list [32m200[0m 52.821 ms - 27291[0m
[0mGET /api/website/category/list [32m200[0m 91.797 ms - 27291[0m
[0mGET /api/website/category/list [32m200[0m 99.246 ms - 27291[0m
[0mGET /api/website/product/detail?productId=6203&slug=upkar-premium-sonam-jeera-rice [31m500[0m 210.623 ms - 3165[0m
[0mGET /api/website/relatedProduct?productId=6203&slug=upkar-premium-sonam-jeera-rice [32m200[0m 211.272 ms - 4423[0m
[0mGET /api/website/category/list [36m304[0m 67.454 ms - -[0m
[0mGET /api/website/category/list [36m304[0m 23.288 ms - -[0m
[0mGET /api/website/category/list [36m304[0m 39.984 ms - -[0m
[0mGET /api/website/product/detail?productId=6203&slug=upkar-premium-sonam-jeera-rice [31m500[0m 177.524 ms - 3165[0m
[0mGET /api/website/relatedProduct?productId=6203&slug=upkar-premium-sonam-jeera-rice [36m304[0m 175.395 ms - -[0m
[0mGET /api/website/catalog/category/search?queryString=grocery-and-staples [36m304[0m 170.527 ms - -[0m
[0mGET /api/website/catalog/product/search?filter_category=grocery-and-staples [36m304[0m 246.524 ms - -[0m
[0mGET /api/website/product/detail?productId=6203&slug=upkar-premium-sonam-jeera-rice [31m500[0m 190.981 ms - 3165[0m
[0mGET /api/website/relatedProduct?productId=6203&slug=upkar-premium-sonam-jeera-rice [36m304[0m 163.866 ms - -[0m
[0mGET /api/website/category/list [32m200[0m 94.225 ms - 27291[0m
[0mGET /api/website/category/list [32m200[0m 90.946 ms - 27291[0m
[0mGET /api/website/category/list [32m200[0m 96.714 ms - 27291[0m
[0mGET /api/website/product/detail?productId=6203&slug=upkar-premium-sonam-jeera-rice [31m500[0m 203.410 ms - 3165[0m
[0mGET /api/website/relatedProduct?productId=6203&slug=upkar-premium-sonam-jeera-rice [32m200[0m 203.383 ms - 4423[0m
[0mGET /api/website/category/list [32m200[0m 85.070 ms - 27291[0m
[0mGET /api/website/category/list [32m200[0m 82.497 ms - 27291[0m
[0mGET /api/website/category/list [32m200[0m 85.789 ms - 27291[0m
[0mGET /api/website/product/detail?productId=6203&slug=upkar-premium-sonam-jeera-rice [31m500[0m 188.504 ms - 3165[0m
[0mGET /api/website/relatedProduct?productId=6203&slug=upkar-premium-sonam-jeera-rice [32m200[0m 193.225 ms - 4423[0m
[0mGET /api/website/category/list [32m200[0m 64.273 ms - 27291[0m
[0mGET /api/website/category/list [32m200[0m 67.877 ms - 27291[0m
[0mGET /api/website/category/list [32m200[0m 69.182 ms - 27291[0m
[0mGET /api/website/product/detail?productId=6203&slug=upkar-premium-sonam-jeera-rice [31m500[0m 114.865 ms - 3165[0m
[0mGET /api/website/relatedProduct?productId=6203&slug=upkar-premium-sonam-jeera-rice [32m200[0m 71.759 ms - 4423[0m
[0mGET /api/website/category/list [32m200[0m 88.274 ms - 27291[0m
[0mGET /api/website/category/list [32m200[0m 87.886 ms - 27291[0m
[0mGET /api/website/category/list [32m200[0m 91.761 ms - 27291[0m
[0mGET /api/website/relatedProduct?productId=6203&slug=upkar-premium-sonam-jeera-rice [32m200[0m 204.206 ms - 4423[0m
[0mGET /api/website/product/detail?productId=6203&slug=upkar-premium-sonam-jeera-rice [31m500[0m 210.812 ms - 3165[0m
[0mGET /api/website/category/list [32m200[0m 125.284 ms - 27291[0m
[0mGET /api/website/category/list [32m200[0m 133.390 ms - 27291[0m
[0mGET /api/website/category/list [32m200[0m 132.264 ms - 27291[0m
[0mGET /api/website/product/detail?productId=6203&slug=upkar-premium-sonam-jeera-rice [31m500[0m 252.022 ms - 3165[0m
[0mGET /api/website/relatedProduct?productId=6203&slug=upkar-premium-sonam-jeera-rice [32m200[0m 250.994 ms - 4423[0m
[0mGET /api/website/category/list [32m200[0m 80.803 ms - 27291[0m
[0mGET /api/website/category/list [32m200[0m 82.170 ms - 27291[0m
[0mGET /api/website/category/list [32m200[0m 80.602 ms - 27291[0m
[0mGET /api/website/relatedProduct?productId=6203&slug=upkar-premium-sonam-jeera-rice [32m200[0m 189.748 ms - 4423[0m
[0mGET /api/website/product/detail?productId=6203&slug=upkar-premium-sonam-jeera-rice [31m500[0m 196.848 ms - 3165[0m
[0mGET /api/website/category/list [32m200[0m 50.837 ms - 27291[0m
[0mGET /api/website/category/list [32m200[0m 50.616 ms - 27291[0m
[0mGET /api/website/category/list [32m200[0m 52.647 ms - 27291[0m
[0mGET /api/website/product/detail?productId=6203&slug=upkar-premium-sonam-jeera-rice [31m500[0m 103.660 ms - 3165[0m
[0mGET /api/website/relatedProduct?productId=6203&slug=upkar-premium-sonam-jeera-rice [32m200[0m 106.968 ms - 4423[0m
[0mGET /api/website/category/list [32m200[0m 84.724 ms - 27291[0m
[0mGET /api/website/category/list [32m200[0m 87.104 ms - 27291[0m
[0mGET /api/website/category/list [32m200[0m 84.647 ms - 27291[0m
[0mGET /api/website/product/detail?productId=6203&slug=upkar-premium-sonam-jeera-rice [32m200[0m 156.365 ms - 1312[0m
[0mGET /api/website/relatedProduct?productId=6203&slug=upkar-premium-sonam-jeera-rice [32m200[0m 158.812 ms - 4423[0m
[0mGET /api/website/popular/category-list [36m304[0m 56.311 ms - -[0m
[0mGET /api/website/category/list [36m304[0m 88.990 ms - -[0m
[0mGET /api/website/product/new-arrival [32m200[0m 106.991 ms - 22423[0m
[0mGET /api/website/product/home-kitchen [36m304[0m 103.584 ms - -[0m
[0mGET /api/website/product/men-fashion [36m304[0m 102.539 ms - -[0m
[0mGET /api/website/product/women-fashion [36m304[0m 118.665 ms - -[0m
[0mGET /api/website/category/list [32m200[0m 32.059 ms - 27291[0m
[0mGET /api/website/category/list [32m200[0m 44.424 ms - 27291[0m
[0mGET /api/website/category/list [32m200[0m 48.797 ms - 27291[0m
[0mGET /api/website/category/list [32m200[0m 50.469 ms - 27291[0m
[0mGET /api/website/popular/category-list [32m200[0m 37.644 ms - 8014[0m
[0mGET /api/website/product/home-kitchen [32m200[0m 83.115 ms - 15230[0m
[0mGET /api/website/product/women-fashion [32m200[0m 83.123 ms - 16124[0m
[0mGET /api/website/product/new-arrival [32m200[0m 48.960 ms - 22423[0m
[0mGET /api/website/product/men-fashion [32m200[0m 22.338 ms - 14958[0m
[0mGET /api/website/catalog/category/search?queryString=khaitan [32m200[0m 42.168 ms - 566[0m
[0mGET /api/website/catalog/product/search?filter_category=khaitan [32m200[0m 96.289 ms - 18120[0m
[0mGET /api/website/product/detail?productId=5762&slug=khaitan-norwestor-ceiling-fan [32m200[0m 87.087 ms - 3021[0m
[0mGET /api/website/relatedProduct?productId=5762&slug=khaitan-norwestor-ceiling-fan [32m200[0m 85.728 ms - 3039[0m
[0mGET /api/website/popular/category-list [36m304[0m 42.116 ms - -[0m
[0mGET /api/website/category/list [36m304[0m 50.778 ms - -[0m
[0mGET /api/website/product/new-arrival [36m304[0m 77.762 ms - -[0m
[0mGET /api/website/product/home-kitchen [36m304[0m 88.461 ms - -[0m
[0mGET /api/website/product/women-fashion [36m304[0m 88.107 ms - -[0m
[0mGET /api/website/product/men-fashion [36m304[0m 88.179 ms - -[0m
[0mGET /api/website/category/list [32m200[0m 124.178 ms - 27291[0m
[0mGET /api/website/category/list [32m200[0m 160.899 ms - 27291[0m
[0mGET /api/website/category/list [32m200[0m 135.608 ms - 27291[0m
[0mGET /api/website/category/list [32m200[0m 135.815 ms - 27291[0m
[0mGET /api/website/product/home-kitchen [32m200[0m 179.573 ms - 15230[0m
[0mGET /api/website/product/women-fashion [32m200[0m 180.891 ms - 16124[0m
[0mGET /api/website/popular/category-list [32m200[0m 64.030 ms - 8014[0m
[0mGET /api/website/product/new-arrival [32m200[0m 77.539 ms - 7319[0m
[0mGET /api/website/product/men-fashion [32m200[0m 109.745 ms - 14958[0m
[0mGET /api/website/category/list [32m200[0m 93.347 ms - 27291[0m
[0mGET /api/website/category/list [32m200[0m 103.546 ms - 27291[0m
[0mGET /api/website/category/list [32m200[0m 109.027 ms - 27291[0m
[0mGET /api/website/category/list [32m200[0m 109.134 ms - 27291[0m
[0mGET /api/website/popular/category-list [32m200[0m 33.952 ms - 8014[0m
[0mGET /api/website/product/women-fashion [32m200[0m 138.199 ms - 16124[0m
[0mGET /api/website/product/home-kitchen [32m200[0m 143.540 ms - 15230[0m
[0mGET /api/website/product/men-fashion [32m200[0m 57.639 ms - 14958[0m
[0mGET /api/website/product/new-arrival [32m200[0m 47.720 ms - 7319[0m
[0mGET /api/website/catalog/category/search?queryString=tea-coffee [32m200[0m 70.900 ms - 658[0m
[0mGET /api/website/catalog/product/search?filter_category=tea-coffee [32m200[0m 115.767 ms - 62[0m
[0mGET /api/website/popular/category-list [36m304[0m 52.066 ms - -[0m
[0mGET /api/website/category/list [36m304[0m 73.448 ms - -[0m
[0mGET /api/website/product/new-arrival [36m304[0m 112.943 ms - -[0m
[0mGET /api/website/product/home-kitchen [36m304[0m 122.080 ms - -[0m
[0mGET /api/website/product/men-fashion [36m304[0m 120.977 ms - -[0m
[0mGET /api/website/product/women-fashion [36m304[0m 121.546 ms - -[0m
[0mGET /api/website/catalog/category/search?queryString=pulses [32m200[0m 37.357 ms - 904[0m
[0mGET /api/website/catalog/product/search?filter_category=pulses [32m200[0m 102.810 ms - 2698[0m
[0mGET /api/website/popular/category-list [36m304[0m 31.290 ms - -[0m
[0mGET /api/website/category/list [36m304[0m 42.549 ms - -[0m
[0mGET /api/website/product/new-arrival [36m304[0m 51.947 ms - -[0m
[0mGET /api/website/product/women-fashion [36m304[0m 65.556 ms - -[0m
[0mGET /api/website/product/men-fashion [36m304[0m 62.840 ms - -[0m
[0mGET /api/website/product/home-kitchen [36m304[0m 64.091 ms - -[0m
[0mGET /api/website/catalog/category/search?queryString=Rice [32m200[0m 38.901 ms - 1364[0m
[0mGET /api/website/catalog/product/search?filter_category=Rice [32m200[0m 77.887 ms - 6955[0m
[0mGET /api/website/catalog/product/search?filter_category=Rice [36m304[0m 100.277 ms - -[0m
