[0mOPTIONS /api/auth/seller/profile-details [32m204[0m 4.384 ms - 0[0m
[0mOPTIONS /api/salon/category-list [32m204[0m 0.669 ms - 0[0m
[0mOPTIONS /api/salon/category-list?limit=20&page=1 [32m204[0m 0.456 ms - 0[0m
[0mGET /api/salon/category-list?limit=20&page=1 [36m304[0m 51.619 ms - -[0m
[0mGET /api/salon/category-list [36m304[0m 50.807 ms - -[0m
[0mGET /api/auth/seller/profile-details [36m304[0m 69.657 ms - -[0m
[0mOPTIONS /api/auth/seller/profile-details [32m204[0m 4.531 ms - 0[0m
[0mOPTIONS /api/salon/category-list [32m204[0m 0.461 ms - 0[0m
[0mOPTIONS /api/salon/category-list?limit=20&page=1 [32m204[0m 0.711 ms - 0[0m
[0mGET /api/salon/category-list?limit=20&page=1 [36m304[0m 73.398 ms - -[0m
[0mGET /api/salon/category-list [36m304[0m 73.429 ms - -[0m
[0mGET /api/auth/seller/profile-details [36m304[0m 98.495 ms - -[0m
[0mOPTIONS /api/auth/seller/profile-details [32m204[0m 5.680 ms - 0[0m
[0mOPTIONS /api/salon/category-list [32m204[0m 0.246 ms - 0[0m
[0mOPTIONS /api/salon/category-list?limit=20&page=1 [32m204[0m 8.959 ms - 0[0m
[0mGET /api/salon/category-list?limit=20&page=1 [36m304[0m 59.828 ms - -[0m
[0mGET /api/salon/category-list [36m304[0m 60.982 ms - -[0m
[0mGET /api/auth/seller/profile-details [36m304[0m 73.160 ms - -[0m
[0mOPTIONS /api/auth/seller/profile-details [32m204[0m 8.673 ms - 0[0m
[0mOPTIONS /api/salon/category-list [32m204[0m 1.243 ms - 0[0m
[0mOPTIONS /api/salon/category-list?limit=20&page=1 [32m204[0m 7.412 ms - 0[0m
[0mGET /api/auth/seller/profile-details [36m304[0m 57.756 ms - -[0m
[0mGET /api/salon/category-list?limit=20&page=1 [36m304[0m 38.117 ms - -[0m
[0mGET /api/salon/category-list [36m304[0m 39.783 ms - -[0m
[0mOPTIONS /api/auth/seller/profile-details [32m204[0m 32.025 ms - 0[0m
[0mOPTIONS /api/salon/category-list [32m204[0m 46.594 ms - 0[0m
[0mOPTIONS /api/salon/category-list?limit=20&page=1 [32m204[0m 0.314 ms - 0[0m
[0mGET /api/salon/category-list [36m304[0m 93.720 ms - -[0m
[0mGET /api/salon/category-list?limit=20&page=1 [36m304[0m 63.649 ms - -[0m
[0mGET /api/auth/seller/profile-details [36m304[0m 65.647 ms - -[0m
[0mOPTIONS /api/auth/seller/profile-details [32m204[0m 16.989 ms - 0[0m
[0mOPTIONS /api/salon/category-list [32m204[0m 1.395 ms - 0[0m
[0mOPTIONS /api/salon/category-list?limit=20&page=1 [32m204[0m 0.294 ms - 0[0m
[0mGET /api/salon/category-list [36m304[0m 33.055 ms - -[0m
[0mGET /api/salon/category-list?limit=20&page=1 [36m304[0m 39.681 ms - -[0m
[0mGET /api/auth/seller/profile-details [36m304[0m 73.062 ms - -[0m
[0mOPTIONS /api/auth/seller/profile-details [32m204[0m 5.643 ms - 0[0m
[0mOPTIONS /api/salon/category-list [32m204[0m 0.532 ms - 0[0m
[0mOPTIONS /api/salon/category-list?limit=20&page=1 [32m204[0m 1.302 ms - 0[0m
[0mGET /api/salon/category-list [36m304[0m 29.928 ms - -[0m
[0mGET /api/salon/category-list?limit=20&page=1 [36m304[0m 28.060 ms - -[0m
[0mGET /api/auth/seller/profile-details [36m304[0m 46.182 ms - -[0m
[0mOPTIONS /api/auth/seller/profile-details [32m204[0m 15.117 ms - 0[0m
[0mOPTIONS /api/salon/category-list [32m204[0m 0.765 ms - 0[0m
[0mOPTIONS /api/salon/category-list?limit=20&page=1 [32m204[0m 0.969 ms - 0[0m
[0mGET /api/auth/seller/profile-details [36m304[0m 36.328 ms - -[0m
[0mGET /api/salon/category-list [36m304[0m 31.571 ms - -[0m
[0mGET /api/salon/category-list?limit=20&page=1 [36m304[0m 32.782 ms - -[0m
[0mGET /api/salon/category-list [36m304[0m 23.555 ms - -[0m
[0mGET /api/salon/category-list?limit=20&page=1 [36m304[0m 23.779 ms - -[0m
[0mGET /api/auth/seller/profile-details [36m304[0m 35.697 ms - -[0m
[0mOPTIONS /api/auth/seller/profile-details [32m204[0m 7.483 ms - 0[0m
[0mOPTIONS /api/salon/category-list [32m204[0m 0.263 ms - 0[0m
[0mOPTIONS /api/salon/category-list?limit=20&page=1 [32m204[0m 0.182 ms - 0[0m
[0mGET /api/auth/seller/profile-details [36m304[0m 37.547 ms - -[0m
[0mGET /api/salon/category-list?limit=20&page=1 [36m304[0m 42.478 ms - -[0m
[0mGET /api/salon/category-list [36m304[0m 43.428 ms - -[0m
[0mOPTIONS /api/auth/seller/profile-details [32m204[0m 3.322 ms - 0[0m
[0mOPTIONS /api/salon/category-list [32m204[0m 2.903 ms - 0[0m
[0mOPTIONS /api/salon/category-list?limit=20&page=1 [32m204[0m 0.287 ms - 0[0m
[0mGET /api/salon/category-list?limit=20&page=1 [36m304[0m 17.512 ms - -[0m
[0mGET /api/salon/category-list [36m304[0m 18.342 ms - -[0m
[0mGET /api/auth/seller/profile-details [36m304[0m 36.795 ms - -[0m
[0mOPTIONS /api/salon/category-list?limit=20&page=2 [32m204[0m 3.407 ms - 0[0m
[0mGET /api/salon/category-list?limit=20&page=2 [36m304[0m 9.518 ms - -[0m
[0mOPTIONS /api/auth/seller/profile-details [32m204[0m 0.317 ms - 0[0m
[0mOPTIONS /api/salon/category-list [32m204[0m 0.543 ms - 0[0m
[0mOPTIONS /api/salon/category-list?limit=20&page=2 [32m204[0m 0.151 ms - 0[0m
[0mGET /api/salon/category-list [36m304[0m 6.239 ms - -[0m
[0mGET /api/salon/category-list?limit=20&page=2 [36m304[0m 12.503 ms - -[0m
[0mGET /api/auth/seller/profile-details [36m304[0m 16.801 ms - -[0m
[0mOPTIONS /api/salon/category-list?limit=20&page=1 [32m204[0m 1.258 ms - 0[0m
[0mGET /api/salon/category-list?limit=20&page=1 [36m304[0m 22.128 ms - -[0m
[0mOPTIONS /api/auth/seller/profile-details [32m204[0m 1.336 ms - 0[0m
[0mOPTIONS /api/salon/category-list [32m204[0m 0.341 ms - 0[0m
[0mOPTIONS /api/salon/category-list?limit=20&page=1 [32m204[0m 0.150 ms - 0[0m
[0mGET /api/salon/category-list?limit=20&page=1 [36m304[0m 20.053 ms - -[0m
[0mGET /api/salon/category-list [36m304[0m 20.861 ms - -[0m
[0mGET /api/auth/seller/profile-details [36m304[0m 32.192 ms - -[0m
[0mOPTIONS /api/salon/category-delete [32m204[0m 1.284 ms - 0[0m
[0mPOST /api/salon/category-delete [32m200[0m 177.816 ms - 45[0m
[0mOPTIONS /api/salon/category-list [32m204[0m 1.636 ms - 0[0m
[0mGET /api/salon/category-list [32m200[0m 10.703 ms - 3645[0m
[0mOPTIONS /api/auth/seller/profile-details [32m204[0m 1.019 ms - 0[0m
[0mOPTIONS /api/salon/category-list?limit=20&page=1 [32m204[0m 0.298 ms - 0[0m
[0mGET /api/salon/category-list [36m304[0m 9.792 ms - -[0m
[0mGET /api/salon/category-list?limit=20&page=1 [32m200[0m 6.348 ms - 7378[0m
[0mGET /api/auth/seller/profile-details [36m304[0m 11.685 ms - -[0m
[0mOPTIONS /api/auth/seller/profile-details [32m204[0m 0.939 ms - 0[0m
[0mGET /api/auth/seller/profile-details [36m304[0m 16.556 ms - -[0m
[0mOPTIONS /api/auth/seller/profile-details [32m204[0m 7.570 ms - 0[0m
[0mGET /api/auth/seller/profile-details [36m304[0m 31.207 ms - -[0m
[0mOPTIONS /api/salon/category-list [32m204[0m 0.740 ms - 0[0m
[0mOPTIONS /api/salon/category-list?limit=20&page=1 [32m204[0m 0.807 ms - 0[0m
[0mGET /api/auth/seller/profile-details [36m304[0m 28.187 ms - -[0m
[0mGET /api/salon/category-list [36m304[0m 26.826 ms - -[0m
[0mGET /api/salon/category-list?limit=20&page=1 [36m304[0m 26.207 ms - -[0m
[0mOPTIONS /api/salon/category-update [32m204[0m 1.391 ms - 0[0m
[0mPOST /api/salon/category-update [32m200[0m 67.479 ms - 27[0m
[0mOPTIONS /api/auth/seller/profile-details [32m204[0m 1.109 ms - 0[0m
[0mOPTIONS /api/salon/category-list [32m204[0m 0.239 ms - 0[0m
[0mOPTIONS /api/salon/category-list?limit=20&page=1 [32m204[0m 0.136 ms - 0[0m
[0mGET /api/salon/category-list [32m200[0m 16.299 ms - 3645[0m
[0mGET /api/salon/category-list?limit=20&page=1 [32m200[0m 16.855 ms - 7378[0m
[0mGET /api/auth/seller/profile-details [36m304[0m 28.150 ms - -[0m
[0mOPTIONS /api/salon/category-update [32m204[0m 1.479 ms - 0[0m
[0mPOST /api/salon/category-update [32m200[0m 60.294 ms - 27[0m
[0mOPTIONS /api/auth/seller/profile-details [32m204[0m 1.186 ms - 0[0m
[0mOPTIONS /api/salon/category-list [32m204[0m 1.013 ms - 0[0m
[0mOPTIONS /api/salon/category-list?limit=20&page=1 [32m204[0m 0.198 ms - 0[0m
[0mGET /api/salon/category-list [32m200[0m 10.991 ms - 3647[0m
[0mGET /api/salon/category-list?limit=20&page=1 [32m200[0m 10.730 ms - 7380[0m
[0mGET /api/auth/seller/profile-details [36m304[0m 21.637 ms - -[0m
[0mOPTIONS /api/auth/seller/profile-details [32m204[0m 7.091 ms - 0[0m
[0mOPTIONS /api/salon/category-list [32m204[0m 0.280 ms - 0[0m
[0mOPTIONS /api/salon/category-list?limit=20&page=1 [32m204[0m 0.265 ms - 0[0m
[0mGET /api/salon/category-list [36m304[0m 36.677 ms - -[0m
[0mGET /api/auth/seller/profile-details [36m304[0m 63.619 ms - -[0m
[0mGET /api/salon/category-list?limit=20&page=1 [36m304[0m 35.627 ms - -[0m
[0mOPTIONS /api/salon/category-update [32m204[0m 7.450 ms - 0[0m
[0mPOST /api/salon/category-update [32m200[0m 60.729 ms - 27[0m
[0mOPTIONS /api/auth/seller/profile-details [32m204[0m 0.463 ms - 0[0m
[0mOPTIONS /api/salon/category-list [32m204[0m 0.183 ms - 0[0m
[0mOPTIONS /api/salon/category-list?limit=20&page=1 [32m204[0m 0.119 ms - 0[0m
[0mGET /api/salon/category-list [32m200[0m 13.464 ms - 3647[0m
[0mGET /api/salon/category-list?limit=20&page=1 [32m200[0m 12.992 ms - 7380[0m
[0mGET /api/auth/seller/profile-details [36m304[0m 15.762 ms - -[0m
[0mOPTIONS /api/salon/category-update [32m204[0m 1.507 ms - 0[0m
[0mPOST /api/salon/category-update [32m200[0m 27.563 ms - 27[0m
[0mOPTIONS /api/auth/seller/profile-details [32m204[0m 3.687 ms - 0[0m
[0mOPTIONS /api/salon/category-list [32m204[0m 0.762 ms - 0[0m
[0mOPTIONS /api/salon/category-list?limit=20&page=1 [32m204[0m 0.598 ms - 0[0m
[0mGET /api/salon/category-list [32m200[0m 33.469 ms - 3647[0m
[0mGET /api/salon/category-list?limit=20&page=1 [32m200[0m 35.566 ms - 7380[0m
[0mGET /api/auth/seller/profile-details [36m304[0m 47.041 ms - -[0m
[0mOPTIONS /api/salon/category-update [32m204[0m 5.150 ms - 0[0m
[0mPOST /api/salon/category-update [32m200[0m 27.069 ms - 27[0m
[0mGET /api/salon/category-list [32m200[0m 15.186 ms - 3647[0m
[0mGET /api/salon/category-list?limit=20&page=1 [32m200[0m 11.380 ms - 7380[0m
[0mGET /api/auth/seller/profile-details [36m304[0m 25.682 ms - -[0m
[0mOPTIONS /api/salon/category-update [32m204[0m 8.335 ms - 0[0m
[0mPOST /api/salon/category-update [32m200[0m 33.860 ms - 27[0m
[0mOPTIONS /api/auth/seller/profile-details [32m204[0m 10.287 ms - 0[0m
[0mOPTIONS /api/salon/category-list [32m204[0m 0.883 ms - 0[0m
[0mOPTIONS /api/salon/category-list?limit=20&page=1 [32m204[0m 0.251 ms - 0[0m
[0mGET /api/salon/category-list [32m200[0m 35.624 ms - 3647[0m
[0mGET /api/salon/category-list?limit=20&page=1 [32m200[0m 35.620 ms - 7380[0m
[0mGET /api/auth/seller/profile-details [36m304[0m 47.042 ms - -[0m
[0mOPTIONS /api/salon/category-update [32m204[0m 4.961 ms - 0[0m
[0mPOST /api/salon/category-update [32m200[0m 42.751 ms - 27[0m
[0mOPTIONS /api/auth/seller/profile-details [32m204[0m 0.272 ms - 0[0m
[0mGET /api/auth/seller/profile-details [32m200[0m 6.967 ms - 165[0m
[0mOPTIONS /api/salon/category-list [32m204[0m 0.380 ms - 0[0m
[0mOPTIONS /api/salon/category-list?limit=20&page=1 [32m204[0m 0.732 ms - 0[0m
[0mGET /api/salon/category-list [32m200[0m 6.061 ms - 3647[0m
[0mGET /api/salon/category-list?limit=20&page=1 [32m200[0m 6.953 ms - 7380[0m
[0mOPTIONS /api/salon/category-update [32m204[0m 2.534 ms - 0[0m
[0mPOST /api/salon/category-update [32m200[0m 63.418 ms - 27[0m
[0mOPTIONS /api/auth/seller/profile-details [32m204[0m 11.774 ms - 0[0m
[0mOPTIONS /api/salon/category-list [32m204[0m 0.651 ms - 0[0m
[0mOPTIONS /api/salon/category-list?limit=20&page=1 [32m204[0m 0.422 ms - 0[0m
[0mGET /api/salon/category-list [32m200[0m 41.372 ms - 3647[0m
[0mGET /api/auth/seller/profile-details [36m304[0m 58.039 ms - -[0m
[0mGET /api/salon/category-list?limit=20&page=1 [32m200[0m 34.625 ms - 7380[0m
[0mOPTIONS /api/salon/category-update [32m204[0m 4.642 ms - 0[0m
[0mPOST /api/salon/category-update [32m200[0m 43.251 ms - 27[0m
[0mOPTIONS /api/auth/seller/profile-details [32m204[0m 1.543 ms - 0[0m
[0mOPTIONS /api/salon/category-list [32m204[0m 1.058 ms - 0[0m
[0mOPTIONS /api/salon/category-list?limit=20&page=1 [32m204[0m 0.273 ms - 0[0m
[0mGET /api/salon/category-list [32m200[0m 37.146 ms - 3647[0m
[0mGET /api/salon/category-list?limit=20&page=1 [32m200[0m 37.289 ms - 7380[0m
[0mGET /api/auth/seller/profile-details [36m304[0m 50.050 ms - -[0m
[0mOPTIONS /api/auth/seller/profile-details [32m204[0m 1.982 ms - 0[0m
[0mOPTIONS /api/salon/category-list [32m204[0m 0.348 ms - 0[0m
[0mOPTIONS /api/salon/category-list?limit=20&page=1 [32m204[0m 0.334 ms - 0[0m
[0mGET /api/salon/category-list [36m304[0m 51.924 ms - -[0m
[0mGET /api/salon/category-list?limit=20&page=1 [36m304[0m 53.130 ms - -[0m
[0mGET /api/auth/seller/profile-details [36m304[0m 61.961 ms - -[0m
[0mOPTIONS /api/salon/category-update [32m204[0m 0.334 ms - 0[0m
[0mPOST /api/salon/category-update [31m500[0m 119.044 ms - 3161[0m
[0mOPTIONS /api/auth/seller/profile-details [32m204[0m 20.504 ms - 0[0m
[0mOPTIONS /api/salon/category-list [32m204[0m 0.322 ms - 0[0m
[0mOPTIONS /api/salon/category-list?limit=20&page=1 [32m204[0m 1.009 ms - 0[0m
[0mGET /api/salon/category-list?limit=20&page=1 [36m304[0m 34.492 ms - -[0m
[0mGET /api/salon/category-list [36m304[0m 36.749 ms - -[0m
[0mGET /api/auth/seller/profile-details [36m304[0m 54.278 ms - -[0m
[0mOPTIONS /api/salon/category-update [32m204[0m 0.749 ms - 0[0m
[0mPOST /api/salon/category-update [31m500[0m 76.057 ms - 3161[0m
[0mOPTIONS /api/auth/seller/profile-details [32m204[0m 1.265 ms - 0[0m
[0mOPTIONS /api/salon/category-list [32m204[0m 0.373 ms - 0[0m
[0mOPTIONS /api/salon/category-list?limit=20&page=1 [32m204[0m 0.252 ms - 0[0m
[0mGET /api/salon/category-list [36m304[0m 65.486 ms - -[0m
[0mGET /api/salon/category-list?limit=20&page=1 [36m304[0m 63.498 ms - -[0m
[0mGET /api/auth/seller/profile-details [36m304[0m 70.988 ms - -[0m
[0mOPTIONS /api/auth/seller/profile-details [32m204[0m 14.143 ms - 0[0m
[0mOPTIONS /api/salon/category-list [32m204[0m 0.265 ms - 0[0m
[0mOPTIONS /api/salon/category-list?limit=20&page=1 [32m204[0m 0.155 ms - 0[0m
[0mGET /api/salon/category-list?limit=20&page=1 [36m304[0m 16.613 ms - -[0m
[0mGET /api/salon/category-list [36m304[0m 18.955 ms - -[0m
[0mGET /api/auth/seller/profile-details [36m304[0m 25.878 ms - -[0m
[0mOPTIONS /api/salon/category-update [32m204[0m 0.943 ms - 0[0m
[0mPOST /api/salon/category-update [32m200[0m 42.715 ms - 27[0m
[0mGET /api/salon/category-list?limit=20&page=1 [32m200[0m 18.753 ms - 7381[0m
[0mGET /api/salon/category-list [32m200[0m 30.952 ms - 3648[0m
[0mGET /api/auth/seller/profile-details [36m304[0m 73.557 ms - -[0m
[0mOPTIONS /api/auth/seller/profile-details [32m204[0m 19.796 ms - 0[0m
[0mOPTIONS /api/salon/category-list [32m204[0m 0.221 ms - 0[0m
[0mOPTIONS /api/salon/category-list?limit=20&page=1 [32m204[0m 0.211 ms - 0[0m
[0mGET /api/salon/category-list?limit=20&page=1 [36m304[0m 15.216 ms - -[0m
[0mGET /api/salon/category-list [36m304[0m 19.904 ms - -[0m
[0mGET /api/auth/seller/profile-details [36m304[0m 36.935 ms - -[0m
[0mOPTIONS /api/salon/category-list?limit=20&page=1&searchString=f [32m204[0m 4.697 ms - 0[0m
[0mGET /api/salon/category-list?limit=20&page=1&searchString=f [32m200[0m 28.729 ms - 857[0m
[0mOPTIONS /api/salon/category-list?limit=20&page=1&searchString=fe [32m204[0m 0.412 ms - 0[0m
[0mGET /api/salon/category-list?limit=20&page=1&searchString=fe [32m200[0m 3.736 ms - 88[0m
[0mOPTIONS /api/salon/category-list?limit=20&page=1&searchString=f [32m204[0m 0.329 ms - 0[0m
[0mGET /api/salon/category-list?limit=20&page=1&searchString=f [36m304[0m 6.789 ms - -[0m
[0mOPTIONS /api/salon/category-list?limit=20&page=1 [32m204[0m 0.338 ms - 0[0m
[0mGET /api/salon/category-list?limit=20&page=1 [36m304[0m 3.366 ms - -[0m
[0mOPTIONS /api/salon/category-list?limit=20&page=1&searchString=m [32m204[0m 0.265 ms - 0[0m
[0mGET /api/salon/category-list?limit=20&page=1&searchString=m [32m200[0m 2.845 ms - 3475[0m
[0mOPTIONS /api/salon/category-list?limit=20&page=1&searchString=ma [32m204[0m 0.351 ms - 0[0m
[0mGET /api/salon/category-list?limit=20&page=1&searchString=ma [32m200[0m 3.485 ms - 2635[0m
[0mOPTIONS /api/salon/category-list?limit=20&page=1&searchString=mal [32m204[0m 0.300 ms - 0[0m
[0mGET /api/salon/category-list?limit=20&page=1&searchString=mal [32m200[0m 3.522 ms - 88[0m
[0mGET /api/salon/category-list?limit=20&page=1&searchString=ma [36m304[0m 3.546 ms - -[0m
[0mGET /api/salon/category-list?limit=20&page=1&searchString=mal [36m304[0m 2.329 ms - -[0m
[0mOPTIONS /api/salon/category-list?limit=20&page=1&searchString=male [32m204[0m 0.431 ms - 0[0m
[0mGET /api/salon/category-list?limit=20&page=1&searchString=male [32m200[0m 4.053 ms - 88[0m
[0mGET /api/salon/category-list?limit=20&page=1&searchString=mal [36m304[0m 2.749 ms - -[0m
[0mOPTIONS /api/salon/category-list?limit=20&page=1&searchString=ma [32m204[0m 0.431 ms - 0[0m
[0mGET /api/salon/category-list?limit=20&page=1&searchString=ma [36m304[0m 4.073 ms - -[0m
[0mOPTIONS /api/salon/category-list?limit=20&page=1&searchString=m [32m204[0m 0.317 ms - 0[0m
[0mGET /api/salon/category-list?limit=20&page=1&searchString=m [36m304[0m 3.743 ms - -[0m
[0mOPTIONS /api/salon/category-list?limit=20&page=1 [32m204[0m 0.445 ms - 0[0m
[0mGET /api/salon/category-list?limit=20&page=1 [36m304[0m 4.104 ms - -[0m
[0mGET /api/salon/category-list?limit=20&page=1&searchString=m [36m304[0m 4.364 ms - -[0m
[0mOPTIONS /api/salon/category-list?limit=20&page=1&searchString=me [32m204[0m 0.816 ms - 0[0m
[0mGET /api/salon/category-list?limit=20&page=1&searchString=me [32m200[0m 2.230 ms - 575[0m
[0mOPTIONS /api/salon/category-list?limit=20&page=1&searchString=meh [32m204[0m 0.965 ms - 0[0m
[0mGET /api/salon/category-list?limit=20&page=1&searchString=meh [32m200[0m 2.674 ms - 575[0m
[0mOPTIONS /api/salon/category-list?limit=20&page=1&searchString=meha [32m204[0m 0.331 ms - 0[0m
[0mGET /api/salon/category-list?limit=20&page=1&searchString=meha [32m200[0m 2.510 ms - 88[0m
[0mOPTIONS /api/salon/category-list?limit=20&page=1&searchString=mehan [32m204[0m 1.413 ms - 0[0m
[0mGET /api/salon/category-list?limit=20&page=1&searchString=mehan [32m200[0m 2.103 ms - 88[0m
[0mGET /api/salon/category-list?limit=20&page=1&searchString=meha [36m304[0m 2.326 ms - -[0m
[0mGET /api/salon/category-list?limit=20&page=1&searchString=meh [36m304[0m 4.442 ms - -[0m
[0mOPTIONS /api/salon/category-list?limit=20&page=1&searchString=mehn [32m204[0m 0.301 ms - 0[0m
[0mGET /api/salon/category-list?limit=20&page=1&searchString=mehn [32m200[0m 1.948 ms - 575[0m
[0mOPTIONS /api/salon/category-list?limit=20&page=1&searchString=mehnd [32m204[0m 0.300 ms - 0[0m
[0mGET /api/salon/category-list?limit=20&page=1&searchString=mehnd [32m200[0m 2.588 ms - 575[0m
[0mOPTIONS /api/salon/category-list?limit=20&page=1&searchString=mehndi [32m204[0m 0.274 ms - 0[0m
[0mGET /api/salon/category-list?limit=20&page=1&searchString=mehndi [32m200[0m 2.104 ms - 575[0m
[0mGET /api/salon/category-list?limit=20&page=1&searchString=mehnd [36m304[0m 3.920 ms - -[0m
[0mGET /api/salon/category-list?limit=20&page=1&searchString=mehn [36m304[0m 1.922 ms - -[0m
[0mGET /api/salon/category-list?limit=20&page=1&searchString=meh [36m304[0m 2.210 ms - -[0m
[0mGET /api/salon/category-list?limit=20&page=1&searchString=me [36m304[0m 3.164 ms - -[0m
[0mOPTIONS /api/salon/category-list?limit=20&page=1&searchString=m [32m204[0m 0.355 ms - 0[0m
[0mGET /api/salon/category-list?limit=20&page=1&searchString=m [36m304[0m 2.431 ms - -[0m
[0mOPTIONS /api/salon/category-list?limit=20&page=1 [32m204[0m 0.275 ms - 0[0m
[0mGET /api/salon/category-list?limit=20&page=1 [36m304[0m 3.447 ms - -[0m
[0mOPTIONS /api/salon/category-list?limit=20&page=1&gender=F [32m204[0m 0.421 ms - 0[0m
[0mGET /api/salon/category-list?limit=20&page=1&gender=F [32m200[0m 7.297 ms - 6919[0m
[0mOPTIONS /api/salon/category-list?limit=20&page=1&gender=M [32m204[0m 0.529 ms - 0[0m
[0mGET /api/salon/category-list?limit=20&page=1&gender=M [36m304[0m 2.653 ms - -[0m
[0mOPTIONS /api/auth/seller/profile-details [32m204[0m 10.914 ms - 0[0m
[0mOPTIONS /api/salon/category-list [32m204[0m 0.277 ms - 0[0m
[0mOPTIONS /api/salon/category-list?limit=20&page=1 [32m204[0m 0.753 ms - 0[0m
[0mGET /api/salon/category-list?limit=20&page=1 [36m304[0m 34.307 ms - -[0m
[0mGET /api/auth/seller/profile-details [36m304[0m 52.454 ms - -[0m
[0mGET /api/salon/category-list [36m304[0m 36.236 ms - -[0m
[0mOPTIONS /api/auth/seller/profile-details [32m204[0m 0.415 ms - 0[0m
[0mOPTIONS /api/salon/service-list [32m204[0m 0.269 ms - 0[0m
[0mGET /api/auth/seller/profile-details [36m304[0m 46.459 ms - -[0m
[0mGET /api/salon/service-list [32m200[0m 147.874 ms - 142516[0m
[0mOPTIONS /api/auth/seller/profile-details [32m204[0m 5.100 ms - 0[0m
[0mOPTIONS /api/salon/service-list [32m204[0m 0.316 ms - 0[0m
[0mGET /api/auth/seller/profile-details [36m304[0m 16.662 ms - -[0m
[0mGET /api/salon/service-list [36m304[0m 43.363 ms - -[0m
[0mOPTIONS /api/auth/seller/profile-details [32m204[0m 1.070 ms - 0[0m
[0mOPTIONS /api/salon/service-list [32m204[0m 0.181 ms - 0[0m
[0mGET /api/auth/seller/profile-details [36m304[0m 20.464 ms - -[0m
[0mGET /api/salon/service-list [36m304[0m 46.675 ms - -[0m
[0mOPTIONS /api/auth/seller/profile-details [32m204[0m 0.447 ms - 0[0m
[0mOPTIONS /api/salon/service-list [32m204[0m 0.171 ms - 0[0m
[0mGET /api/auth/seller/profile-details [32m200[0m 6.163 ms - 165[0m
[0mGET /api/salon/service-list [32m200[0m 20.558 ms - 142516[0m
[0mOPTIONS /api/auth/seller/profile-details [32m204[0m 1.137 ms - 0[0m
[0mOPTIONS /api/salon/service-list [32m204[0m 0.166 ms - 0[0m
[0mGET /api/auth/seller/profile-details [36m304[0m 18.568 ms - -[0m
[0mGET /api/salon/service-list [36m304[0m 52.520 ms - -[0m
[0mOPTIONS /api/auth/seller/profile-details [32m204[0m 8.441 ms - 0[0m
[0mOPTIONS /api/salon/service-list [32m204[0m 0.610 ms - 0[0m
[0mGET /api/auth/seller/profile-details [36m304[0m 34.496 ms - -[0m
[0mGET /api/salon/service-list [36m304[0m 74.495 ms - -[0m
[0mOPTIONS /api/auth/seller/profile-details [32m204[0m 8.267 ms - 0[0m
[0mOPTIONS /api/salon/service-list [32m204[0m 1.459 ms - 0[0m
[0mGET /api/auth/seller/profile-details [36m304[0m 47.056 ms - -[0m
[0mGET /api/salon/service-list [36m304[0m 104.253 ms - -[0m
[0mOPTIONS /api/auth/seller/profile-details [32m204[0m 4.563 ms - 0[0m
[0mOPTIONS /api/salon/service-list [32m204[0m 0.309 ms - 0[0m
[0mGET /api/auth/seller/profile-details [36m304[0m 27.679 ms - -[0m
[0mGET /api/salon/service-list [36m304[0m 71.368 ms - -[0m
[0mOPTIONS /api/auth/seller/profile-details [32m204[0m 4.956 ms - 0[0m
[0mOPTIONS /api/salon/service-list [32m204[0m 0.466 ms - 0[0m
[0mGET /api/auth/seller/profile-details [32m200[0m 64.094 ms - 165[0m
[0mGET /api/salon/service-list [32m200[0m 51.749 ms - 5412[0m
[0mOPTIONS /api/auth/seller/profile-details [32m204[0m 12.941 ms - 0[0m
[0mOPTIONS /api/salon/service-list [32m204[0m 1.745 ms - 0[0m
[0mGET /api/auth/seller/profile-details [36m304[0m 57.332 ms - -[0m
[0mGET /api/salon/service-list [36m304[0m 47.364 ms - -[0m
[0mOPTIONS /api/auth/seller/profile-details [32m204[0m 6.568 ms - 0[0m
[0mOPTIONS /api/salon/service-list [32m204[0m 1.072 ms - 0[0m
[0mGET /api/salon/service-list [36m304[0m 50.472 ms - -[0m
[0mGET /api/auth/seller/profile-details [36m304[0m 48.082 ms - -[0m
[0mOPTIONS /api/auth/seller/profile-details [32m204[0m 3.598 ms - 0[0m
[0mOPTIONS /api/salon/service-list [32m204[0m 0.904 ms - 0[0m
[0mGET /api/auth/seller/profile-details [36m304[0m 16.695 ms - -[0m
[0mGET /api/salon/service-list [36m304[0m 23.073 ms - -[0m
[0mOPTIONS /api/auth/seller/profile-details [32m204[0m 1.720 ms - 0[0m
[0mOPTIONS /api/salon/service-list [32m204[0m 0.462 ms - 0[0m
[0mGET /api/auth/seller/profile-details [36m304[0m 20.938 ms - -[0m
[0mGET /api/salon/service-list [36m304[0m 26.703 ms - -[0m
[0mOPTIONS /api/auth/seller/profile-details [32m204[0m 2.820 ms - 0[0m
[0mOPTIONS /api/salon/service-list [32m204[0m 1.416 ms - 0[0m
[0mGET /api/auth/seller/profile-details [36m304[0m 24.360 ms - -[0m
[0mGET /api/salon/service-list [36m304[0m 24.807 ms - -[0m
[0mOPTIONS /api/auth/seller/profile-details [32m204[0m 5.658 ms - 0[0m
[0mOPTIONS /api/salon/service-list [32m204[0m 0.770 ms - 0[0m
[0mGET /api/auth/seller/profile-details [36m304[0m 31.056 ms - -[0m
[0mGET /api/salon/service-list [36m304[0m 36.136 ms - -[0m
[0mOPTIONS /api/auth/seller/profile-details [32m204[0m 1.587 ms - 0[0m
[0mOPTIONS /api/salon/service-list [32m204[0m 0.784 ms - 0[0m
[0mGET /api/auth/seller/profile-details [36m304[0m 14.078 ms - -[0m
[0mGET /api/salon/service-list [36m304[0m 26.125 ms - -[0m
[0mOPTIONS /api/auth/seller/profile-details [32m204[0m 3.009 ms - 0[0m
[0mOPTIONS /api/salon/service-list [32m204[0m 2.067 ms - 0[0m
[0mGET /api/auth/seller/profile-details [36m304[0m 21.521 ms - -[0m
[0mGET /api/salon/service-list [36m304[0m 20.508 ms - -[0m
[0mGET /api/salon/service-list [36m304[0m 18.162 ms - -[0m
[0mOPTIONS /api/salon/service-list [32m204[0m 0.381 ms - 0[0m
[0mGET /api/salon/service-list [36m304[0m 9.284 ms - -[0m
[0mGET /api/salon/service-list [36m304[0m 11.198 ms - -[0m
[0mGET /api/salon/service-list [36m304[0m 11.575 ms - -[0m
[0mGET /api/salon/service-list [36m304[0m 6.053 ms - -[0m
[0mGET /api/salon/service-list [36m304[0m 6.405 ms - -[0m
[0mOPTIONS /api/auth/seller/profile-details [32m204[0m 0.351 ms - 0[0m
[0mGET /api/auth/seller/profile-details [36m304[0m 7.560 ms - -[0m
[0mGET /api/salon/service-list [36m304[0m 9.075 ms - -[0m
[0mOPTIONS /api/salon/service-list [32m204[0m 0.631 ms - 0[0m
[0mGET /api/salon/service-list [36m304[0m 6.207 ms - -[0m
[0mGET /api/salon/service-list [36m304[0m 6.280 ms - -[0m
[0mOPTIONS /api/auth/seller/profile-details [32m204[0m 0.549 ms - 0[0m
[0mGET /api/auth/seller/profile-details [36m304[0m 3.085 ms - -[0m
[0mGET /api/salon/service-list [36m304[0m 6.229 ms - -[0m
[0mOPTIONS /api/salon/service-list [32m204[0m 2.720 ms - 0[0m
[0mGET /api/salon/service-list [36m304[0m 19.650 ms - -[0m
[0mOPTIONS /api/salon/service-list [32m204[0m 0.439 ms - 0[0m
[0mGET /api/salon/service-list [36m304[0m 20.893 ms - -[0m
[0mOPTIONS /api/auth/seller/profile-details [32m204[0m 4.340 ms - 0[0m
[0mOPTIONS /api/salon/service-list?limit=20&page=3 [32m204[0m 8.828 ms - 0[0m
[0mGET /api/auth/seller/profile-details [36m304[0m 31.180 ms - -[0m
[0mGET /api/salon/service-list?limit=20&page=3 [32m200[0m 33.401 ms - 11759[0m
[0mOPTIONS /api/salon/service-list?limit=20&page=1 [32m204[0m 0.332 ms - 0[0m
[0mGET /api/salon/service-list?limit=20&page=1 [32m200[0m 7.306 ms - 11875[0m
[0mOPTIONS /api/salon/service-list?limit=20&page=2 [32m204[0m 0.400 ms - 0[0m
[0mGET /api/salon/service-list?limit=20&page=2 [32m200[0m 9.252 ms - 11787[0m
[0mOPTIONS /api/salon/service-list?limit=20&page=12 [32m204[0m 0.658 ms - 0[0m
[0mGET /api/salon/service-list?limit=20&page=12 [32m200[0m 18.632 ms - 7664[0m
[0mOPTIONS /api/salon/service-list?limit=20&page=11 [32m204[0m 0.881 ms - 0[0m
[0mGET /api/salon/service-list?limit=20&page=11 [32m200[0m 17.808 ms - 13307[0m
[0mOPTIONS /api/salon/service-list?limit=20&page=10 [32m204[0m 0.406 ms - 0[0m
[0mGET /api/salon/service-list?limit=20&page=10 [32m200[0m 16.782 ms - 11107[0m
[0mOPTIONS /api/salon/service-list?limit=20&page=9 [32m204[0m 0.412 ms - 0[0m
[0mGET /api/salon/service-list?limit=20&page=9 [32m200[0m 13.945 ms - 12708[0m
[0mOPTIONS /api/salon/service-list?limit=20&page=12 [32m204[0m 1.994 ms - 0[0m
[0mGET /api/salon/service-list?limit=20&page=12 [36m304[0m 18.479 ms - -[0m
[0mOPTIONS /api/auth/seller/profile-details [32m204[0m 16.509 ms - 0[0m
[0mOPTIONS /api/salon/service-list?limit=20&page=12 [32m204[0m 0.557 ms - 0[0m
[0mGET /api/auth/seller/profile-details [36m304[0m 62.520 ms - -[0m
[0mGET /api/salon/service-list?limit=20&page=12 [36m304[0m 38.004 ms - -[0m
[0mOPTIONS /api/salon/service-list?limit=20&page=12&searchString=s [32m204[0m 0.492 ms - 0[0m
[0mGET /api/salon/service-list?limit=20&page=12&searchString=s [32m200[0m 24.768 ms - 91[0m
[0mOPTIONS /api/salon/service-list?limit=20&page=12&searchString=sh [32m204[0m 0.916 ms - 0[0m
[0mGET /api/salon/service-list?limit=20&page=12&searchString=sh [32m200[0m 11.407 ms - 90[0m
[0mOPTIONS /api/salon/service-list?limit=20&page=12&searchString=sha [32m204[0m 1.218 ms - 0[0m
[0mGET /api/salon/service-list?limit=20&page=12&searchString=sha [32m200[0m 16.451 ms - 89[0m
[0mOPTIONS /api/salon/service-list?limit=20&page=12&searchString=sham [32m204[0m 0.539 ms - 0[0m
[0mGET /api/salon/service-list?limit=20&page=12&searchString=sham [32m200[0m 7.991 ms - 89[0m
[0mOPTIONS /api/salon/service-list?limit=20&page=12&searchString=shamp [32m204[0m 0.671 ms - 0[0m
[0mGET /api/salon/service-list?limit=20&page=12&searchString=shamp [32m200[0m 9.395 ms - 89[0m
[0mOPTIONS /api/salon/service-list?limit=20&page=12&searchString=shampo [32m204[0m 0.473 ms - 0[0m
[0mGET /api/salon/service-list?limit=20&page=12&searchString=shampo [32m200[0m 11.549 ms - 89[0m
[0mOPTIONS /api/salon/service-list?limit=20&page=12&searchString=shampoo [32m204[0m 0.357 ms - 0[0m
[0mGET /api/salon/service-list?limit=20&page=12&searchString=shampoo [32m200[0m 7.822 ms - 89[0m
[0mOPTIONS /api/auth/seller/profile-details [32m204[0m 1.157 ms - 0[0m
[0mOPTIONS /api/salon/service-list?limit=20&page=12 [32m204[0m 0.368 ms - 0[0m
[0mGET /api/auth/seller/profile-details [36m304[0m 14.846 ms - -[0m
[0mGET /api/salon/service-list?limit=20&page=12 [36m304[0m 16.188 ms - -[0m
[0mOPTIONS /api/salon/service-list?limit=20&page=12&searchString=Straightening [32m204[0m 0.579 ms - 0[0m
[0mGET /api/salon/service-list?limit=20&page=12&searchString=Straightening [32m200[0m 31.680 ms - 89[0m
[0mOPTIONS /api/salon/service-list?limit=20&page=12&searchString=Straightenin [32m204[0m 2.523 ms - 0[0m
[0mGET /api/salon/service-list?limit=20&page=12&searchString=Straightenin [32m200[0m 21.029 ms - 89[0m
[0mOPTIONS /api/salon/service-list?limit=20&page=12&searchString=Straightening [32m204[0m 2.843 ms - 0[0m
[0mGET /api/salon/service-list?limit=20&page=12&searchString=Straightening [36m304[0m 40.845 ms - -[0m
[0mOPTIONS /api/auth/seller/profile-details [32m204[0m 3.196 ms - 0[0m
[0mOPTIONS /api/salon/service-list?limit=20&page=12 [32m204[0m 0.430 ms - 0[0m
[0mGET /api/auth/seller/profile-details [36m304[0m 42.854 ms - -[0m
[0mGET /api/salon/service-list?limit=20&page=12 [36m304[0m 59.005 ms - -[0m
[0mOPTIONS /api/salon/service-list?limit=20&page=12&searchString=n [32m204[0m 0.564 ms - 0[0m
[0mGET /api/salon/service-list?limit=20&page=12&searchString=n [32m200[0m 14.437 ms - 91[0m
[0mOPTIONS /api/auth/seller/profile-details [32m204[0m 2.541 ms - 0[0m
[0mOPTIONS /api/salon/service-list?limit=20&page=12 [32m204[0m 0.400 ms - 0[0m
[0mGET /api/auth/seller/profile-details [32m200[0m 30.114 ms - 165[0m
[0mGET /api/salon/service-list?limit=20&page=12 [32m200[0m 39.567 ms - 4462[0m
[0mOPTIONS /api/salon/service-list?limit=20&page=12&gender=M [32m204[0m 0.577 ms - 0[0m
[0mGET /api/salon/service-list?limit=20&page=12&gender=M [31m500[0m 48.930 ms - 3161[0m
[0mOPTIONS /api/auth/seller/profile-details [32m204[0m 3.035 ms - 0[0m
[0mOPTIONS /api/salon/service-list?limit=20&page=12 [32m204[0m 0.374 ms - 0[0m
[0mGET /api/auth/seller/profile-details [32m200[0m 25.792 ms - 165[0m
[0mGET /api/salon/service-list?limit=20&page=12 [32m200[0m 37.619 ms - 4462[0m
[0mOPTIONS /api/salon/service-list?limit=20&page=12&gender=M [32m204[0m 0.888 ms - 0[0m
[0mGET /api/salon/service-list?limit=20&page=12&gender=M [32m200[0m 28.874 ms - 90[0m
[0mOPTIONS /api/auth/seller/profile-details [32m204[0m 5.628 ms - 0[0m
[0mOPTIONS /api/salon/service-list?limit=20&page=12 [32m204[0m 0.525 ms - 0[0m
[0mGET /api/auth/seller/profile-details [32m200[0m 50.300 ms - 165[0m
[0mGET /api/salon/service-list?limit=20&page=12 [32m200[0m 41.361 ms - 7664[0m
[0mOPTIONS /api/salon/service-list?limit=20&page=12&searchString=h [32m204[0m 0.778 ms - 0[0m
[0mGET /api/salon/service-list?limit=20&page=12&searchString=h [32m200[0m 15.914 ms - 7664[0m
[0mOPTIONS /api/salon/service-list?limit=20&page=12&searchString=ha [32m204[0m 0.567 ms - 0[0m
[0mGET /api/salon/service-list?limit=20&page=12&searchString=ha [32m200[0m 10.159 ms - 7664[0m
[0mOPTIONS /api/salon/service-list?limit=20&page=12&searchString=hai [32m204[0m 0.485 ms - 0[0m
[0mGET /api/salon/service-list?limit=20&page=12&searchString=hai [32m200[0m 8.211 ms - 7664[0m
[0mOPTIONS /api/salon/service-list?limit=20&page=12&searchString=hair [32m204[0m 0.435 ms - 0[0m
[0mGET /api/salon/service-list?limit=20&page=12&searchString=hair [32m200[0m 8.766 ms - 7664[0m
[0mOPTIONS /api/auth/seller/profile-details [32m204[0m 1.090 ms - 0[0m
[0mOPTIONS /api/salon/service-list?limit=20&page=12 [32m204[0m 0.465 ms - 0[0m
[0mGET /api/auth/seller/profile-details [36m304[0m 12.160 ms - -[0m
[0mGET /api/salon/service-list?limit=20&page=12 [36m304[0m 12.594 ms - -[0m
[0mOPTIONS /api/salon/service-list?limit=20&page=1 [32m204[0m 0.421 ms - 0[0m
[0mGET /api/auth/seller/profile-details [36m304[0m 11.864 ms - -[0m
[0mGET /api/salon/service-list?limit=20&page=1 [36m304[0m 14.268 ms - -[0m
[0mOPTIONS /api/salon/service-list?limit=20&page=1&searchString=f [32m204[0m 0.480 ms - 0[0m
[0mGET /api/salon/service-list?limit=20&page=1&searchString=f [32m200[0m 17.469 ms - 11875[0m
[0mOPTIONS /api/salon/service-list?limit=20&page=1&searchString=fa [32m204[0m 1.637 ms - 0[0m
[0mGET /api/salon/service-list?limit=20&page=1&searchString=fa [32m200[0m 16.897 ms - 11875[0m
[0mOPTIONS /api/salon/service-list?limit=20&page=1&searchString=fac [32m204[0m 0.382 ms - 0[0m
[0mGET /api/salon/service-list?limit=20&page=1&searchString=fac [32m200[0m 10.446 ms - 11875[0m
[0mOPTIONS /api/salon/service-list?limit=20&page=1&searchString=faci [32m204[0m 0.437 ms - 0[0m
[0mGET /api/salon/service-list?limit=20&page=1&searchString=faci [32m200[0m 9.599 ms - 11875[0m
[0mOPTIONS /api/salon/service-list?limit=20&page=1&searchString=facia [32m204[0m 0.291 ms - 0[0m
[0mGET /api/salon/service-list?limit=20&page=1&searchString=facia [32m200[0m 5.380 ms - 11875[0m
[0mOPTIONS /api/salon/service-list?limit=20&page=1&searchString=facial [32m204[0m 0.352 ms - 0[0m
[0mGET /api/salon/service-list?limit=20&page=1&searchString=facial [32m200[0m 7.544 ms - 11875[0m
[0mOPTIONS /api/auth/seller/profile-details [32m204[0m 1.883 ms - 0[0m
[0mOPTIONS /api/salon/service-list?limit=20&page=1 [32m204[0m 0.397 ms - 0[0m
[0mGET /api/auth/seller/profile-details [32m200[0m 30.339 ms - 165[0m
[0mGET /api/salon/service-list?limit=20&page=1 [32m200[0m 34.971 ms - 11875[0m
[0mOPTIONS /api/salon/service-list?limit=20&page=1&searchString=f [32m204[0m 0.696 ms - 0[0m
[0mGET /api/salon/service-list?limit=20&page=1&searchString=f [32m200[0m 18.995 ms - 12743[0m
[0mOPTIONS /api/salon/service-list?limit=20&page=1&searchString=fa [32m204[0m 0.764 ms - 0[0m
[0mGET /api/salon/service-list?limit=20&page=1&searchString=fa [32m200[0m 13.057 ms - 12743[0m
[0mOPTIONS /api/salon/service-list?limit=20&page=1&searchString=fac [32m204[0m 1.473 ms - 0[0m
[0mGET /api/salon/service-list?limit=20&page=1&searchString=fac [32m200[0m 13.933 ms - 12743[0m
[0mOPTIONS /api/salon/service-list?limit=20&page=1&searchString=faci [32m204[0m 0.401 ms - 0[0m
[0mGET /api/salon/service-list?limit=20&page=1&searchString=faci [32m200[0m 8.003 ms - 12743[0m
[0mOPTIONS /api/salon/service-list?limit=20&page=1&searchString=facia [32m204[0m 0.313 ms - 0[0m
[0mGET /api/salon/service-list?limit=20&page=1&searchString=facia [32m200[0m 7.117 ms - 12743[0m
[0mOPTIONS /api/salon/service-list?limit=20&page=1&searchString=facial [32m204[0m 0.401 ms - 0[0m
[0mGET /api/salon/service-list?limit=20&page=1&searchString=facial [32m200[0m 8.170 ms - 12743[0m
[0mOPTIONS /api/salon/service-list?limit=20&page=1&gender=F [32m204[0m 0.610 ms - 0[0m
[0mGET /api/salon/service-list?limit=20&page=1&gender=F [32m200[0m 15.895 ms - 12674[0m
[0mOPTIONS /api/auth/seller/profile-details [32m204[0m 0.810 ms - 0[0m
[0mOPTIONS /api/salon/service-list?limit=20&page=1 [32m204[0m 2.010 ms - 0[0m
[0mGET /api/auth/seller/profile-details [36m304[0m 9.792 ms - -[0m
[0mGET /api/salon/service-list?limit=20&page=1 [36m304[0m 8.569 ms - -[0m
[0mOPTIONS /api/auth/seller/profile-details [32m204[0m 1.060 ms - 0[0m
[0mOPTIONS /api/salon/service-list?limit=20&page=1 [32m204[0m 0.157 ms - 0[0m
[0mGET /api/auth/seller/profile-details [36m304[0m 6.201 ms - -[0m
[0mGET /api/salon/service-list?limit=20&page=1 [36m304[0m 9.977 ms - -[0m
[0mOPTIONS /api/auth/seller/profile-details [32m204[0m 1.874 ms - 0[0m
[0mOPTIONS /api/salon/service-list?limit=20&page=1 [32m204[0m 0.407 ms - 0[0m
[0mGET /api/auth/seller/profile-details [36m304[0m 31.985 ms - -[0m
[0mGET /api/salon/service-list?limit=20&page=1 [36m304[0m 32.316 ms - -[0m
[0mOPTIONS /api/auth/seller/profile-details [32m204[0m 2.411 ms - 0[0m
[0mOPTIONS /api/salon/service-list?limit=20&page=1 [32m204[0m 0.200 ms - 0[0m
[0mGET /api/auth/seller/profile-details [36m304[0m 12.368 ms - -[0m
[0mGET /api/salon/service-list?limit=20&page=1 [36m304[0m 73.721 ms - -[0m
[0mOPTIONS /api/salon/service-update [32m204[0m 0.391 ms - 0[0m
[0mPOST /api/salon/service-update [32m200[0m 61.292 ms - 44[0m
[0mOPTIONS /api/auth/seller/profile-details [32m204[0m 0.471 ms - 0[0m
[0mOPTIONS /api/salon/service-list?limit=20&page=1 [32m204[0m 0.294 ms - 0[0m
[0mGET /api/auth/seller/profile-details [36m304[0m 9.599 ms - -[0m
[0mGET /api/salon/service-list?limit=20&page=1 [32m200[0m 36.896 ms - 11891[0m
[0mOPTIONS /api/auth/seller/profile-details [32m204[0m 1.142 ms - 0[0m
[0mOPTIONS /api/salon/service-list?limit=20&page=1 [32m204[0m 0.709 ms - 0[0m
[0mGET /api/auth/seller/profile-details [36m304[0m 13.094 ms - -[0m
[0mGET /api/salon/service-list?limit=20&page=1 [36m304[0m 23.402 ms - -[0m
[0mOPTIONS /api/auth/seller/profile-details [32m204[0m 0.321 ms - 0[0m
[0mOPTIONS /api/salon/service-list?limit=20&page=1 [32m204[0m 0.239 ms - 0[0m
[0mGET /api/auth/seller/profile-details [32m200[0m 8.480 ms - 165[0m
[0mGET /api/salon/service-list?limit=20&page=1 [32m200[0m 16.514 ms - 11891[0m
[0mOPTIONS /api/salon/service-update [32m204[0m 0.469 ms - 0[0m
[0mPOST /api/salon/service-update [32m200[0m 16.119 ms - 44[0m
[0mOPTIONS /api/salon/service-update [32m204[0m 1.372 ms - 0[0m
[0mPOST /api/salon/service-update [32m200[0m 26.638 ms - 44[0m
[0mOPTIONS /api/auth/seller/profile-details [32m204[0m 33.341 ms - 0[0m
[0mOPTIONS /api/salon/service-list?limit=20&page=1 [32m204[0m 65.282 ms - 0[0m
[0mGET /api/salon/service-list?limit=20&page=1 [32m200[0m 68.080 ms - 11890[0m
[0mGET /api/auth/seller/profile-details [36m304[0m 62.921 ms - -[0m
[0mOPTIONS /api/salon/service-update [32m204[0m 0.669 ms - 0[0m
[0mPOST /api/salon/service-update [32m200[0m 11.584 ms - 44[0m
[0mOPTIONS /api/auth/seller/profile-details [32m204[0m 4.924 ms - 0[0m
[0mOPTIONS /api/salon/service-list?limit=20&page=1 [32m204[0m 3.550 ms - 0[0m
[0mGET /api/auth/seller/profile-details [36m304[0m 48.320 ms - -[0m
[0mGET /api/salon/service-list?limit=20&page=1 [32m200[0m 46.677 ms - 11891[0m
[0mOPTIONS /api/salon/service-update [32m204[0m 0.457 ms - 0[0m
[0mPOST /api/salon/service-update [32m200[0m 17.210 ms - 44[0m
[0mGET /api/auth/seller/profile-details [36m304[0m 12.636 ms - -[0m
[0mGET /api/salon/service-list?limit=20&page=1 [32m200[0m 28.225 ms - 11891[0m
[0mOPTIONS /api/salon/service-list?limit=20&page=5 [32m204[0m 1.373 ms - 0[0m
[0mGET /api/salon/service-list?limit=20&page=5 [32m200[0m 20.143 ms - 12709[0m
[0mOPTIONS /api/auth/seller/profile-details [32m204[0m 9.434 ms - 0[0m
[0mOPTIONS /api/seller/dasbhoard/list [32m204[0m 1.038 ms - 0[0m
[0mGET /api/auth/seller/profile-details [36m304[0m 184.307 ms - -[0m
[0mGET /api/seller/dasbhoard/list [36m304[0m 184.820 ms - -[0m
[0mOPTIONS /api/auth/seller/profile-details [32m204[0m 0.320 ms - 0[0m
[0mOPTIONS /api/salon/service-list?limit=20&page=1 [32m204[0m 0.202 ms - 0[0m
[0mGET /api/auth/seller/profile-details [36m304[0m 7.900 ms - -[0m
[0mGET /api/salon/service-list?limit=20&page=1 [36m304[0m 20.030 ms - -[0m
[0mOPTIONS /api/auth/seller/profile-details [32m204[0m 14.094 ms - 0[0m
[0mOPTIONS /api/salon/service-list?limit=20&page=1 [32m204[0m 1.879 ms - 0[0m
[0mGET /api/auth/seller/profile-details [36m304[0m 81.705 ms - -[0m
[0mGET /api/salon/service-list?limit=20&page=1 [36m304[0m 115.741 ms - -[0m
[0mOPTIONS /api/auth/seller/profile-details [32m204[0m 12.229 ms - 0[0m
[0mOPTIONS /api/salon/service-list?limit=20&page=1 [32m204[0m 3.595 ms - 0[0m
[0mGET /api/auth/seller/profile-details [36m304[0m 72.285 ms - -[0m
[0mGET /api/salon/service-list?limit=20&page=1 [36m304[0m 60.900 ms - -[0m
[0mOPTIONS /api/seller/dasbhoard/list [32m204[0m 0.328 ms - 0[0m
[0mGET /api/auth/seller/profile-details [36m304[0m 26.897 ms - -[0m
[0mGET /api/seller/dasbhoard/list [36m304[0m 45.651 ms - -[0m
[0mOPTIONS /api/auth/seller/profile-details [32m204[0m 0.288 ms - 0[0m
[0mOPTIONS /api/salon/service-list?limit=20&page=1 [32m204[0m 0.145 ms - 0[0m
[0mGET /api/auth/seller/profile-details [36m304[0m 11.177 ms - -[0m
[0mGET /api/salon/service-list?limit=20&page=1 [36m304[0m 16.309 ms - -[0m
[0mOPTIONS /api/seller/dasbhoard/list [32m204[0m 0.237 ms - 0[0m
[0mGET /api/auth/seller/profile-details [36m304[0m 5.365 ms - -[0m
[0mGET /api/seller/dasbhoard/list [36m304[0m 11.215 ms - -[0m
[0mOPTIONS /api/auth/seller/profile-details [32m204[0m 5.971 ms - 0[0m
[0mOPTIONS /api/seller/dasbhoard/list [32m204[0m 2.332 ms - 0[0m
[0mGET /api/auth/seller/profile-details [36m304[0m 34.928 ms - -[0m
[0mGET /api/seller/dasbhoard/list [36m304[0m 75.560 ms - -[0m
[0mOPTIONS /api/salon/service-list?limit=20&page=1 [32m204[0m 0.681 ms - 0[0m
[0mGET /api/auth/seller/profile-details [36m304[0m 4.510 ms - -[0m
[0mGET /api/salon/service-list?limit=20&page=1 [36m304[0m 9.469 ms - -[0m
[0mGET /api/auth/seller/profile-details [36m304[0m 2.159 ms - -[0m
[0mOPTIONS /api/salon/service-list [32m204[0m 0.610 ms - 0[0m
[0mGET /api/salon/service-list [32m200[0m 2.590 ms - 5428[0m
[0mOPTIONS /api/auth/seller/profile-details [32m204[0m 2.937 ms - 0[0m
[0mOPTIONS /api/salon/service-list [32m204[0m 0.892 ms - 0[0m
[0mGET /api/auth/seller/profile-details [36m304[0m 37.716 ms - -[0m
[0mGET /api/salon/service-list [36m304[0m 48.093 ms - -[0m
[0mOPTIONS /api/auth/seller/profile-details [32m204[0m 2.840 ms - 0[0m
[0mOPTIONS /api/salon/service-list [32m204[0m 1.356 ms - 0[0m
[0mGET /api/auth/seller/profile-details [36m304[0m 14.214 ms - -[0m
[0mGET /api/salon/service-list [36m304[0m 10.661 ms - -[0m
[0mOPTIONS /api/auth/seller/profile-details [32m204[0m 3.793 ms - 0[0m
[0mOPTIONS /api/salon/service-list [32m204[0m 11.989 ms - 0[0m
[0mGET /api/auth/seller/profile-details [36m304[0m 27.974 ms - -[0m
[0mGET /api/salon/service-list [36m304[0m 31.313 ms - -[0m
[0mOPTIONS /api/auth/seller/profile-details [32m204[0m 2.577 ms - 0[0m
[0mOPTIONS /api/salon/service-list [32m204[0m 2.084 ms - 0[0m
[0mGET /api/auth/seller/profile-details [36m304[0m 19.101 ms - -[0m
[0mGET /api/salon/service-list [36m304[0m 29.068 ms - -[0m
[0mOPTIONS /api/auth/seller/profile-details [32m204[0m 5.964 ms - 0[0m
[0mOPTIONS /api/salon/service-list?limit=20&page=1 [32m204[0m 0.550 ms - 0[0m
[0mGET /api/auth/seller/profile-details [36m304[0m 84.616 ms - -[0m
[0mGET /api/salon/service-list?limit=20&page=1 [36m304[0m 64.782 ms - -[0m
[0mOPTIONS /api/salon/service-list?limit=20&page=2 [32m204[0m 0.400 ms - 0[0m
[0mGET /api/salon/service-list?limit=20&page=2 [32m200[0m 22.023 ms - 11787[0m
[0mOPTIONS /api/salon/service-list?limit=20&page=3 [32m204[0m 2.135 ms - 0[0m
[0mGET /api/salon/service-list?limit=20&page=3 [32m200[0m 18.702 ms - 12938[0m
[0mOPTIONS /api/salon/service-list?limit=20&page=4 [32m204[0m 0.393 ms - 0[0m
[0mGET /api/salon/service-list?limit=20&page=4 [32m200[0m 7.333 ms - 13064[0m
[0mOPTIONS /api/salon/service-list?limit=20&page=5 [32m204[0m 0.585 ms - 0[0m
[0mGET /api/salon/service-list?limit=20&page=5 [36m304[0m 7.270 ms - -[0m
[0mOPTIONS /api/salon/service-list?limit=20&page=6 [32m204[0m 0.537 ms - 0[0m
[0mGET /api/salon/service-list?limit=20&page=6 [32m200[0m 6.013 ms - 12727[0m
[0mOPTIONS /api/salon/service-list?limit=20&page=7 [32m204[0m 0.482 ms - 0[0m
[0mGET /api/salon/service-list?limit=20&page=7 [32m200[0m 18.630 ms - 13161[0m
[0mOPTIONS /api/salon/service-list?limit=20&page=8 [32m204[0m 0.300 ms - 0[0m
[0mGET /api/salon/service-list?limit=20&page=8 [32m200[0m 5.430 ms - 11828[0m
[0mOPTIONS /api/salon/service-list?limit=20&page=9 [32m204[0m 0.375 ms - 0[0m
[0mGET /api/salon/service-list?limit=20&page=9 [32m200[0m 25.824 ms - 12679[0m
[0mOPTIONS /api/salon/service-list?limit=20&page=10 [32m204[0m 1.034 ms - 0[0m
[0mGET /api/salon/service-list?limit=20&page=10 [32m200[0m 24.769 ms - 11258[0m
[0mOPTIONS /api/salon/service-list?limit=20&page=11 [32m204[0m 0.361 ms - 0[0m
[0mGET /api/salon/service-list?limit=20&page=11 [32m200[0m 7.245 ms - 14131[0m
[0mOPTIONS /api/salon/service-list?limit=20&page=12 [32m204[0m 0.464 ms - 0[0m
[0mGET /api/salon/service-list?limit=20&page=12 [32m200[0m 7.689 ms - 4462[0m
[0mOPTIONS /api/salon/filter/category-gender [32m204[0m 1.304 ms - 0[0m
[0mPOST /api/salon/filter/category-gender [32m200[0m 21.289 ms - 4781[0m
[0mOPTIONS /api/salon/filter/category-gender [32m204[0m 0.403 ms - 0[0m
[0mPOST /api/salon/filter/category-gender [32m200[0m 26.505 ms - 6856[0m
[0mOPTIONS /api/auth/seller/profile-details [32m204[0m 0.361 ms - 0[0m
[0mOPTIONS /api/salon/service-list?limit=20&page=12 [32m204[0m 0.130 ms - 0[0m
[0mGET /api/auth/seller/profile-details [36m304[0m 11.267 ms - -[0m
[0mGET /api/salon/service-list?limit=20&page=12 [36m304[0m 18.028 ms - -[0m
[0mOPTIONS /api/auth/seller/profile-details [32m204[0m 0.993 ms - 0[0m
[0mOPTIONS /api/salon/service-list?limit=20&page=1 [32m204[0m 0.262 ms - 0[0m
[0mGET /api/salon/service-list?limit=20&page=1 [36m304[0m 7.308 ms - -[0m
[0mGET /api/auth/seller/profile-details [36m304[0m 7.845 ms - -[0m
[0mOPTIONS /api/auth/seller/profile-details [32m204[0m 2.620 ms - 0[0m
[0mOPTIONS /api/auth/seller/profile-details [32m204[0m 0.199 ms - 0[0m
[0mGET /api/auth/seller/profile-details [36m304[0m 16.556 ms - -[0m
[0mGET /api/auth/seller/profile-details [36m304[0m 4.822 ms - -[0m
[0mOPTIONS /api/salon/service-list?limit=20&page=1 [32m204[0m 0.197 ms - 0[0m
[0mGET /api/auth/seller/profile-details [36m304[0m 3.348 ms - -[0m
[0mGET /api/salon/service-list?limit=20&page=1 [36m304[0m 13.725 ms - -[0m
[0mOPTIONS /api/auth/seller/profile-details [32m204[0m 0.454 ms - 0[0m
[0mOPTIONS /api/salon/category-list?limit=20&page=1 [32m204[0m 0.214 ms - 0[0m
[0mGET /api/auth/seller/profile-details [36m304[0m 10.590 ms - -[0m
[0mGET /api/salon/category-list?limit=20&page=1 [36m304[0m 14.670 ms - -[0m
[0mOPTIONS /api/seller/dasbhoard/list [32m204[0m 0.227 ms - 0[0m
[0mGET /api/auth/seller/profile-details [36m304[0m 2.264 ms - -[0m
[0mGET /api/seller/dasbhoard/list [36m304[0m 35.168 ms - -[0m
[0mOPTIONS /api/auth/seller/profile-details [32m204[0m 24.910 ms - 0[0m
[0mOPTIONS /api/seller/dasbhoard/list [32m204[0m 1.917 ms - 0[0m
[0mGET /api/auth/seller/profile-details [36m304[0m 182.988 ms - -[0m
[0mGET /api/seller/dasbhoard/list [36m304[0m 158.300 ms - -[0m
[0mOPTIONS /api/auth/seller/profile-details [32m204[0m 2.007 ms - 0[0m
[0mOPTIONS /api/auth/seller/profile-details [32m204[0m 0.266 ms - 0[0m
[0mGET /api/auth/seller/profile-details [36m304[0m 17.414 ms - -[0m
[0mGET /api/auth/seller/profile-details [36m304[0m 6.961 ms - -[0m
[0mOPTIONS /api/salon/category-list?limit=20&page=1 [32m204[0m 0.231 ms - 0[0m
[0mGET /api/auth/seller/profile-details [36m304[0m 6.580 ms - -[0m
[0mGET /api/salon/category-list?limit=20&page=1 [36m304[0m 9.587 ms - -[0m
[0mOPTIONS /api/auth/seller/profile-details [32m204[0m 0.768 ms - 0[0m
[0mOPTIONS /api/salon/service-list?limit=20&page=1 [32m204[0m 0.493 ms - 0[0m
[0mGET /api/auth/seller/profile-details [36m304[0m 13.430 ms - -[0m
[0mGET /api/salon/service-list?limit=20&page=1 [36m304[0m 34.448 ms - -[0m
[0mOPTIONS /api/salon/service-list?limit=20&page=1&gender=F [32m204[0m 1.175 ms - 0[0m
[0mGET /api/salon/service-list?limit=20&page=1&gender=F [36m304[0m 14.472 ms - -[0m
[0mOPTIONS /api/salon/service-list?limit=20&page=1&gender=M [32m204[0m 0.338 ms - 0[0m
[0mGET /api/salon/service-list?limit=20&page=1&gender=M [32m200[0m 9.546 ms - 11066[0m
