[0mGET /api/website/product/home-kitchen [32m200 [0m172.015 ms - 15230[0m
[0mGET /api/website/product/women-fashion [32m200 [0m175.074 ms - 16124[0m
[0mGET /api/website/category/list [32m200 [0m185.660 ms - 26708[0m
[0mGET /api/website/category/list [32m200 [0m204.270 ms - 26708[0m
[0mGET /api/website/category/list [32m200 [0m187.650 ms - 26708[0m
[0mGET /api/website/category/list [32m200 [0m193.031 ms - 26708[0m
[0mGET /api/website/product/men-fashion [32m200 [0m29.464 ms - 14958[0m
[0mGET /api/website/product/new-arrival [32m200 [0m23.624 ms - 7842[0m
[0mGET /api/website/popular/category-list [32m200 [0m4.478 ms - 8014[0m
[0mGET /api/website/category/list [36m304 [0m66.493 ms - -[0m
[0mGET /api/website/popular/category-list [36m304 [0m48.831 ms - -[0m
[0mGET /api/website/product/new-arrival [36m304 [0m88.716 ms - -[0m
[0mGET /api/website/product/home-kitchen [36m304 [0m92.149 ms - -[0m
[0mGET /api/website/product/women-fashion [36m304 [0m90.728 ms - -[0m
[0mGET /api/website/product/men-fashion [36m304 [0m91.560 ms - -[0m
[0mGET /api/website/category/list [36m304 [0m31.410 ms - -[0m
[0mGET /api/website/category/list [36m304 [0m17.562 ms - -[0m
[0mGET /api/website/category/list [36m304 [0m26.569 ms - -[0m
[0mGET /api/website/catalog/category/search?queryString=bangles-rings [32m200 [0m114.595 ms - 1853[0m
[0mGET /api/website/catalog/product/search?filter_category=bangles-rings [32m200 [0m157.221 ms - 12210[0m
[0mGET /api/website/popular/category-list [36m304 [0m38.712 ms - -[0m
[0mGET /api/website/product/new-arrival [36m304 [0m74.224 ms - -[0m
[0mGET /api/website/category/list [36m304 [0m83.530 ms - -[0m
[0mGET /api/website/product/men-fashion [36m304 [0m81.461 ms - -[0m
[0mGET /api/website/product/home-kitchen [36m304 [0m90.647 ms - -[0m
[0mGET /api/website/product/women-fashion [36m304 [0m76.101 ms - -[0m
[0mGET /api/website/catalog/category/search?queryString=Sherwanis [36m304 [0m26.854 ms - -[0m
[0mGET /api/website/catalog/product/search?filter_category=Sherwanis [32m200 [0m62.085 ms - 3597[0m
[0mGET /api/website/popular/category-list [36m304 [0m25.221 ms - -[0m
[0mGET /api/website/category/list [36m304 [0m31.519 ms - -[0m
[0mGET /api/website/product/new-arrival [36m304 [0m39.843 ms - -[0m
[0mGET /api/website/product/men-fashion [36m304 [0m52.882 ms - -[0m
[0mGET /api/website/product/home-kitchen [36m304 [0m54.425 ms - -[0m
[0mGET /api/website/product/women-fashion [36m304 [0m54.062 ms - -[0m
[0mGET /api/website/catalog/category/search?queryString=electronics-mobile-phones [32m200 [0m73.357 ms - 2361[0m
[0mGET /api/website/catalog/product/search?filter_category=electronics-mobile-phones [32m200 [0m102.951 ms - 14607[0m
[0mGET /api/website/catalog/product/search?filter_category=electronics-mobile-phones [36m304 [0m108.230 ms - -[0m
[0mGET /api/website/catalog/product/search?filter_category=electronics-mobile-phones [36m304 [0m105.313 ms - -[0m
[0mGET /api/customer/google?callbackURL=http://localhost:3000 [36m302 [0m6.329 ms - 0[0m
[0mGET /api/website/popular/category-list [36m304 [0m12.563 ms - -[0m
[0mGET /api/website/category/list [36m304 [0m45.085 ms - -[0m
[0mGET /api/website/product/home-kitchen [36m304 [0m81.119 ms - -[0m
[0mGET /api/website/product/men-fashion [36m304 [0m63.517 ms - -[0m
[0mGET /api/website/product/women-fashion [36m304 [0m80.870 ms - -[0m
[0mGET /api/website/product/new-arrival [36m304 [0m54.909 ms - -[0m
[0mGET /api/website/category/list [36m304 [0m45.305 ms - -[0m
[0mGET /api/website/category/list [36m304 [0m42.587 ms - -[0m
[0mGET /api/website/category/list [36m304 [0m17.416 ms - -[0m
[0mOPTIONS /api/customer/getUserByEmailId [32m204 [0m1.595 ms - 0[0m
[0mOPTIONS /api/customer/getUserByEmailId [32m204 [0m3.067 ms - 0[0m
[0mGET /api/website/popular/category-list [36m304 [0m24.432 ms - -[0m
[0mGET /api/website/category/list [36m304 [0m44.583 ms - -[0m
[0mGET /api/website/product/new-arrival [36m304 [0m37.805 ms - -[0m
[0mGET /api/website/product/home-kitchen [36m304 [0m65.626 ms - -[0m
[0mGET /api/website/product/women-fashion [36m304 [0m65.435 ms - -[0m
[0mGET /api/website/product/men-fashion [36m304 [0m65.199 ms - -[0m
[0mGET /api/customer/getUserByEmailId [32m200 [0m44.124 ms - 734[0m
[0mGET /api/website/category/list [36m304 [0m18.847 ms - -[0m
[0mGET /api/customer/getUserByEmailId [36m304 [0m5.870 ms - -[0m
[0mGET /api/website/category/list [36m304 [0m17.055 ms - -[0m
[0mGET /api/website/category/list [36m304 [0m21.298 ms - -[0m
[0mOPTIONS /api/location/list [32m204 [0m0.717 ms - 0[0m
[0mGET /api/location/list [32m200 [0m24.109 ms - 1949[0m
[0mGET /api/website/popular/category-list [36m304 [0m15.422 ms - -[0m
[0mGET /api/website/category/list [36m304 [0m55.492 ms - -[0m
[0mGET /api/website/product/new-arrival [36m304 [0m22.574 ms - -[0m
[0mGET /api/website/product/women-fashion [36m304 [0m87.549 ms - -[0m
[0mGET /api/website/product/home-kitchen [36m304 [0m87.693 ms - -[0m
[0mGET /api/website/product/men-fashion [36m304 [0m54.244 ms - -[0m
[0mOPTIONS /api/customer/getUserByEmailId [32m204 [0m5.924 ms - 0[0m
[0mOPTIONS /api/customer/getUserByEmailId [32m204 [0m9.619 ms - 0[0m
[0mGET /api/website/category/list [36m304 [0m54.903 ms - -[0m
[0mGET /api/website/popular/category-list [36m304 [0m31.726 ms - -[0m
[0mGET /api/website/product/new-arrival [36m304 [0m51.272 ms - -[0m
[0mGET /api/website/product/home-kitchen [36m304 [0m79.653 ms - -[0m
[0mGET /api/website/product/men-fashion [36m304 [0m69.922 ms - -[0m
[0mGET /api/website/product/women-fashion [36m304 [0m80.582 ms - -[0m
[0mGET /api/website/category/list [36m304 [0m65.684 ms - -[0m
[0mGET /api/customer/getUserByEmailId [36m304 [0m75.282 ms - -[0m
[0mGET /api/customer/getUserByEmailId [36m304 [0m23.519 ms - -[0m
[0mGET /api/website/category/list [36m304 [0m29.257 ms - -[0m
[0mGET /api/website/category/list [36m304 [0m14.498 ms - -[0m
[0mOPTIONS /api/customer/getUserByEmailId [32m204 [0m21.417 ms - 0[0m
[0mOPTIONS /api/customer/getUserByEmailId [32m204 [0m22.836 ms - 0[0m
[0mGET /api/website/popular/category-list [36m304 [0m78.565 ms - -[0m
[0mGET /api/website/product/new-arrival [32m200 [0m101.284 ms - 4627[0m
[0mGET /api/website/category/list [36m304 [0m144.071 ms - -[0m
[0mGET /api/website/product/home-kitchen [36m304 [0m173.412 ms - -[0m
[0mGET /api/website/product/women-fashion [36m304 [0m153.780 ms - -[0m
[0mGET /api/website/product/men-fashion [36m304 [0m181.927 ms - -[0m
[0mGET /api/customer/getUserByEmailId [36m304 [0m115.519 ms - -[0m
[0mGET /api/website/category/list [36m304 [0m74.740 ms - -[0m
[0mGET /api/customer/getUserByEmailId [36m304 [0m13.318 ms - -[0m
[0mGET /api/website/category/list [36m304 [0m17.488 ms - -[0m
[0mGET /api/website/category/list [36m304 [0m30.605 ms - -[0m
[0mGET /api/website/catalog/category/search?queryString=himalaya [32m200 [0m76.047 ms - 376[0m
[0mGET /api/website/catalog/product/search?filter_category=himalaya [32m200 [0m126.536 ms - 8762[0m
[0mOPTIONS /api/auth/rootLogin [32m204 [0m4.161 ms - 0[0m
[0mPOST /api/auth/rootLogin [32m200 [0m282.182 ms - 211[0m
[0mOPTIONS /api/order/notifications [32m204 [0m0.512 ms - 0[0m
[0mOPTIONS /api/order/list [32m204 [0m0.561 ms - 0[0m
[0mOPTIONS /api/order/count [32m204 [0m0.418 ms - 0[0m
[0mGET /api/order/count [32m200 [0m18.347 ms - 196[0m
[0mGET /api/order/notifications [32m200 [0m51.249 ms - 36[0m
[0mPOST /api/order/list [32m200 [0m52.154 ms - 8694[0m
[0mOPTIONS /api/order/list [32m204 [0m1.121 ms - 0[0m
[0mPOST /api/order/list [32m200 [0m18.615 ms - 8694[0m
[0mOPTIONS /api/order/notifications [32m204 [0m0.662 ms - 0[0m
[0mOPTIONS /api/seo/list [32m204 [0m0.507 ms - 0[0m
[0mPOST /api/seo/list [32m200 [0m14.389 ms - 5635[0m
[0mGET /api/order/notifications [36m304 [0m21.295 ms - -[0m
[0mOPTIONS /api/seo/search-by-productid [32m204 [0m2.097 ms - 0[0m
[0mPOST /api/seo/search-by-productid [32m200 [0m4.077 ms - 11[0m
[0mOPTIONS /api/seo/search-by-productid [32m204 [0m0.533 ms - 0[0m
[0mPOST /api/seo/search-by-productid [31m500 [0m2.674 ms - 34[0m
[0mOPTIONS /api/order/notifications [32m204 [0m0.375 ms - 0[0m
[0mOPTIONS /api/seo/list [32m204 [0m0.290 ms - 0[0m
[0mPOST /api/seo/list [32m200 [0m7.156 ms - 5635[0m
[0mGET /api/order/notifications [36m304 [0m19.220 ms - -[0m
[0mOPTIONS /api/order/notifications [32m204 [0m1.845 ms - 0[0m
[0mOPTIONS /api/seller/all-product-list?limit=20&page=1 [32m204 [0m0.618 ms - 0[0m
[0mGET /api/order/notifications [36m304 [0m31.214 ms - -[0m
[0mOPTIONS /api/auth/rootLogin [32m204 [0m3.755 ms - 0[0m
[0mPOST /api/auth/rootLogin [32m200 [0m244.457 ms - 211[0m
[0mOPTIONS /api/order/notifications [32m204 [0m0.535 ms - 0[0m
[0mOPTIONS /api/order/list [32m204 [0m0.541 ms - 0[0m
[0mOPTIONS /api/order/count [32m204 [0m0.383 ms - 0[0m
[0mGET /api/order/count [36m304 [0m14.006 ms - -[0m
[0mPOST /api/order/list [32m200 [0m28.049 ms - 8694[0m
[0mGET /api/order/notifications [36m304 [0m33.335 ms - -[0m
[0mOPTIONS /api/order/notifications [32m204 [0m1.431 ms - 0[0m
[0mOPTIONS /api/seller/all-product-list?limit=20&page=1 [32m204 [0m0.663 ms - 0[0m
[0mGET /api/order/notifications [36m304 [0m31.965 ms - -[0m
[0mGET /api/seller/all-product-list?limit=20&page=1 [32m200 [0m73.684 ms - 10140[0m
[0mOPTIONS /api/order/notifications [32m204 [0m0.522 ms - 0[0m
[0mOPTIONS /api/vendor/list [32m204 [0m0.545 ms - 0[0m
[0mGET /api/vendor/list [32m200 [0m16.634 ms - 13796[0m
[0mGET /api/order/notifications [36m304 [0m18.371 ms - -[0m
[0mOPTIONS /api/seller/history-product?limit=20&page=1 [32m204 [0m0.432 ms - 0[0m
[0mGET /api/order/notifications [36m304 [0m18.974 ms - -[0m
[0mGET /api/seller/history-product?limit=20&page=1 [32m200 [0m31.947 ms - 34301[0m
[0mOPTIONS /api/order/notifications [32m204 [0m1.559 ms - 0[0m
[0mOPTIONS /api/seller/history-product?limit=20&page=1 [32m204 [0m0.755 ms - 0[0m
[0mGET /api/seller/history-product?limit=20&page=1 [36m304 [0m55.816 ms - -[0m
[0mGET /api/order/notifications [36m304 [0m59.143 ms - -[0m
[0mOPTIONS /api/order/notifications [32m204 [0m0.973 ms - 0[0m
[0mOPTIONS /api/seller/history-product?limit=20&page=1 [32m204 [0m2.614 ms - 0[0m
[0mGET /api/seller/history-product?limit=20&page=1 [36m304 [0m31.328 ms - -[0m
[0mGET /api/order/notifications [36m304 [0m29.655 ms - -[0m
[0mOPTIONS /api/order/notifications [32m204 [0m1.834 ms - 0[0m
[0mOPTIONS /api/seller/history-product?limit=20&page=1 [32m204 [0m0.574 ms - 0[0m
[0mGET /api/order/notifications [36m304 [0m35.445 ms - -[0m
[0mGET /api/seller/history-product?limit=20&page=1 [36m304 [0m33.122 ms - -[0m
[0mOPTIONS /api/seller/common-name [32m204 [0m7.315 ms - 0[0m
[0mPUT /api/seller/common-name [32m200 [0m27.350 ms - 56[0m
[0mOPTIONS /api/order/notifications [32m204 [0m0.389 ms - 0[0m
[0mOPTIONS /api/seller/history-product?limit=20&page=1 [32m204 [0m0.589 ms - 0[0m
[0mGET /api/order/notifications [36m304 [0m22.224 ms - -[0m
[0mGET /api/seller/history-product?limit=20&page=1 [32m200 [0m42.329 ms - 34310[0m
[0mOPTIONS /api/order/notifications [32m204 [0m1.603 ms - 0[0m
[0mOPTIONS /api/seller/history-product?limit=20&page=1 [32m204 [0m0.749 ms - 0[0m
[0mGET /api/seller/history-product?limit=20&page=1 [36m304 [0m46.045 ms - -[0m
[0mGET /api/order/notifications [36m304 [0m49.338 ms - -[0m
[0mOPTIONS /api/seller/common-name [32m204 [0m0.621 ms - 0[0m
[0mPUT /api/seller/common-name [32m200 [0m5.782 ms - 56[0m
[0mOPTIONS /api/seller/common-name [32m204 [0m3.967 ms - 0[0m
[0mPUT /api/seller/common-name [32m200 [0m29.694 ms - 56[0m
[0mOPTIONS /api/seller/common-name [32m204 [0m3.712 ms - 0[0m
[0mPUT /api/seller/common-name [31m500 [0m41.847 ms - 34[0m
[0mOPTIONS /api/seller/common-name [32m204 [0m3.142 ms - 0[0m
[0mPUT /api/seller/common-name [31m500 [0m54.028 ms - 34[0m
[0mOPTIONS /api/seller/common-name [32m204 [0m2.528 ms - 0[0m
[0mPUT /api/seller/common-name [31m500 [0m51.912 ms - 34[0m
[0mOPTIONS /api/seller/common-name [32m204 [0m2.103 ms - 0[0m
[0mPUT /api/seller/common-name [32m200 [0m38.271 ms - 56[0m
[0mOPTIONS /api/order/notifications [32m204 [0m6.329 ms - 0[0m
[0mOPTIONS /api/seller/history-product?limit=20&page=1 [32m204 [0m4.424 ms - 0[0m
[0mGET /api/order/notifications [36m304 [0m75.008 ms - -[0m
[0mGET /api/seller/history-product?limit=20&page=1 [36m304 [0m65.583 ms - -[0m
[0mOPTIONS /api/order/notifications [32m204 [0m2.111 ms - 0[0m
[0mOPTIONS /api/seller/history-product?limit=20&page=1 [32m204 [0m0.624 ms - 0[0m
[0mGET /api/order/notifications [36m304 [0m62.989 ms - -[0m
[0mGET /api/seller/history-product?limit=20&page=1 [32m200 [0m60.665 ms - 34824[0m
[0mOPTIONS /api/order/notifications [32m204 [0m1.494 ms - 0[0m
[0mOPTIONS /api/seller/history-product?limit=20&page=1 [32m204 [0m0.770 ms - 0[0m
[0mGET /api/order/notifications [36m304 [0m56.548 ms - -[0m
[0mGET /api/seller/history-product?limit=20&page=1 [36m304 [0m64.373 ms - -[0m
[0mOPTIONS /api/order/notifications [32m204 [0m2.487 ms - 0[0m
[0mOPTIONS /api/seller/history-product?limit=20&page=1 [32m204 [0m1.567 ms - 0[0m
[0mGET /api/order/notifications [36m304 [0m44.080 ms - -[0m
[0mGET /api/seller/history-product?limit=20&page=1 [36m304 [0m51.789 ms - -[0m
[0mOPTIONS /api/order/notifications [32m204 [0m1.412 ms - 0[0m
[0mOPTIONS /api/seller/history-product?limit=20&page=1 [32m204 [0m1.272 ms - 0[0m
[0mGET /api/seller/history-product?limit=20&page=1 [36m304 [0m43.743 ms - -[0m
[0mGET /api/order/notifications [36m304 [0m47.232 ms - -[0m
[0mOPTIONS /api/order/notifications [32m204 [0m1.075 ms - 0[0m
[0mOPTIONS /api/seller/history-product?limit=20&page=1 [32m204 [0m0.923 ms - 0[0m
[0mGET /api/order/notifications [36m304 [0m46.116 ms - -[0m
[0mGET /api/seller/history-product?limit=20&page=1 [36m304 [0m42.754 ms - -[0m
[0mOPTIONS /api/seller/common-name [32m204 [0m0.770 ms - 0[0m
[0mPUT /api/seller/common-name [32m200 [0m12.333 ms - 56[0m
[0mOPTIONS /api/order/notifications [32m204 [0m0.534 ms - 0[0m
[0mOPTIONS /api/seller/history-product?limit=20&page=1 [32m204 [0m0.415 ms - 0[0m
[0mGET /api/order/notifications [36m304 [0m23.501 ms - -[0m
[0mGET /api/seller/history-product?limit=20&page=1 [32m200 [0m25.769 ms - 35045[0m
[0mOPTIONS /api/seller/common-name [32m204 [0m1.283 ms - 0[0m
[0mPUT /api/seller/common-name [32m200 [0m7.261 ms - 56[0m
[0mOPTIONS /api/order/notifications [32m204 [0m0.590 ms - 0[0m
[0mOPTIONS /api/seller/history-product?limit=20&page=1 [32m204 [0m0.292 ms - 0[0m
[0mGET /api/order/notifications [36m304 [0m28.258 ms - -[0m
[0mGET /api/seller/history-product?limit=20&page=1 [32m200 [0m43.015 ms - 34870[0m
[0mOPTIONS /api/seller/common-name [32m204 [0m1.332 ms - 0[0m
[0mPUT /api/seller/common-name [32m200 [0m8.248 ms - 56[0m
[0mOPTIONS /api/seller/common-name [32m204 [0m3.039 ms - 0[0m
[0mPUT /api/seller/common-name [32m200 [0m16.423 ms - 56[0m
[0mOPTIONS /api/order/notifications [32m204 [0m1.917 ms - 0[0m
[0mOPTIONS /api/seller/history-product?limit=20&page=1 [32m204 [0m0.709 ms - 0[0m
[0mGET /api/seller/history-product?limit=20&page=1 [32m200 [0m49.410 ms - 34650[0m
[0mGET /api/order/notifications [36m304 [0m46.725 ms - -[0m
[0mOPTIONS /api/seller/common-name [32m204 [0m1.213 ms - 0[0m
[0mPUT /api/seller/common-name [32m200 [0m7.870 ms - 56[0m
[0mOPTIONS /api/seller/common-name [32m204 [0m3.874 ms - 0[0m
[0mPUT /api/seller/common-name [32m200 [0m18.444 ms - 56[0m
[0mOPTIONS /api/seller/common-name [32m204 [0m3.352 ms - 0[0m
[0mPUT /api/seller/common-name [32m200 [0m18.985 ms - 56[0m
[0mOPTIONS /api/order/notifications [32m204 [0m4.239 ms - 0[0m
[0mOPTIONS /api/seller/history-product?limit=20&page=1 [32m204 [0m3.376 ms - 0[0m
[0mGET /api/order/notifications [36m304 [0m69.574 ms - -[0m
[0mGET /api/seller/history-product?limit=20&page=1 [32m200 [0m63.944 ms - 35022[0m
[0mOPTIONS /api/order/notifications [32m204 [0m1.313 ms - 0[0m
[0mOPTIONS /api/seller/history-product?limit=20&page=1 [32m204 [0m0.356 ms - 0[0m
[0mGET /api/seller/history-product?limit=20&page=1 [32m200 [0m52.721 ms - 34650[0m
[0mGET /api/order/notifications [36m304 [0m55.693 ms - -[0m
[0mOPTIONS /api/seller/common-name [32m204 [0m0.797 ms - 0[0m
[0mPUT /api/seller/common-name [32m200 [0m9.315 ms - 56[0m
[0mOPTIONS /api/seller/common-name [32m204 [0m1.219 ms - 0[0m
[0mPUT /api/seller/common-name [32m200 [0m7.793 ms - 56[0m
[0mOPTIONS /api/order/notifications [32m204 [0m1.306 ms - 0[0m
[0mOPTIONS /api/seo/list [32m204 [0m0.710 ms - 0[0m
[0mPOST /api/seo/list [32m200 [0m18.096 ms - 212[0m
[0mGET /api/order/notifications [36m304 [0m32.557 ms - -[0m
[0mOPTIONS /api/order/notifications [32m204 [0m1.323 ms - 0[0m
[0mOPTIONS /api/seller/history-product?limit=20&page=1 [32m204 [0m0.653 ms - 0[0m
[0mGET /api/seller/history-product?limit=20&page=1 [32m200 [0m69.225 ms - 34831[0m
[0mGET /api/order/notifications [36m304 [0m65.964 ms - -[0m
[0mOPTIONS /api/order/notifications [32m204 [0m2.408 ms - 0[0m
[0mOPTIONS /api/seo/list [32m204 [0m0.834 ms - 0[0m
[0mOPTIONS /api/order/notifications [32m204 [0m2.909 ms - 0[0m
[0mOPTIONS /api/seo/list [32m204 [0m2.147 ms - 0[0m
[0mPOST /api/seo/list [32m200 [0m41.176 ms - 1031[0m
[0mGET /api/order/notifications [32m200 [0m33.826 ms - 36[0m
[0mOPTIONS /api/order/notifications [32m204 [0m8.892 ms - 0[0m
[0mOPTIONS /api/seo/list [32m204 [0m1.063 ms - 0[0m
[0mPOST /api/seo/list [32m200 [0m28.993 ms - 1031[0m
[0mGET /api/order/notifications [36m304 [0m45.115 ms - -[0m
[0mOPTIONS /api/order/notifications [32m204 [0m1.862 ms - 0[0m
[0mOPTIONS /api/seo/list [32m204 [0m2.143 ms - 0[0m
[0mPOST /api/seo/list [32m200 [0m20.889 ms - 1031[0m
[0mGET /api/order/notifications [36m304 [0m39.003 ms - -[0m
[0mOPTIONS /api/order/notifications [32m204 [0m0.933 ms - 0[0m
[0mOPTIONS /api/seo/list [32m204 [0m0.474 ms - 0[0m
[0mPOST /api/seo/list [32m200 [0m25.607 ms - 1031[0m
[0mGET /api/order/notifications [36m304 [0m35.869 ms - -[0m
[0mPOST /api/seo/list [32m200 [0m14.325 ms - 1031[0m
[0mGET /api/order/notifications [36m304 [0m27.169 ms - -[0m
[0mOPTIONS /api/order/notifications [32m204 [0m1.022 ms - 0[0m
[0mOPTIONS /api/seo/list [32m204 [0m0.337 ms - 0[0m
[0mPOST /api/seo/list [32m200 [0m18.700 ms - 1031[0m
[0mGET /api/order/notifications [36m304 [0m38.133 ms - -[0m
[0mOPTIONS /api/order/notifications [32m204 [0m4.697 ms - 0[0m
[0mOPTIONS /api/seo/list [32m204 [0m0.803 ms - 0[0m
[0mPOST /api/seo/list [32m200 [0m20.147 ms - 1031[0m
[0mGET /api/order/notifications [36m304 [0m36.562 ms - -[0m
[0mOPTIONS /api/order/notifications [32m204 [0m1.354 ms - 0[0m
[0mOPTIONS /api/seo/list [32m204 [0m0.646 ms - 0[0m
[0mPOST /api/seo/list [32m200 [0m23.420 ms - 1031[0m
[0mGET /api/order/notifications [36m304 [0m34.661 ms - -[0m
[0mOPTIONS /api/seo/list [32m204 [0m0.313 ms - 0[0m
[0mPOST /api/seo/list [32m200 [0m17.416 ms - 1031[0m
[0mPOST /api/seo/list [32m200 [0m5.916 ms - 1031[0m
[0mPOST /api/seo/list [32m200 [0m7.646 ms - 1031[0m
[0mOPTIONS /api/order/notifications [32m204 [0m1.438 ms - 0[0m
[0mPOST /api/seo/list [32m200 [0m18.593 ms - 1031[0m
[0mGET /api/order/notifications [36m304 [0m35.974 ms - -[0m
[0mOPTIONS /api/order/notifications [32m204 [0m1.229 ms - 0[0m
[0mOPTIONS /api/seo/list [32m204 [0m0.232 ms - 0[0m
[0mPOST /api/seo/list [32m200 [0m24.272 ms - 1031[0m
[0mGET /api/order/notifications [36m304 [0m36.575 ms - -[0m
[0mOPTIONS /api/order/notifications [32m204 [0m1.088 ms - 0[0m
[0mOPTIONS /api/seo/list [32m204 [0m0.192 ms - 0[0m
[0mPOST /api/seo/list [32m200 [0m21.529 ms - 1031[0m
[0mGET /api/order/notifications [36m304 [0m41.390 ms - -[0m
[0mOPTIONS /api/order/notifications [32m204 [0m1.218 ms - 0[0m
[0mOPTIONS /api/seo/list [32m204 [0m0.718 ms - 0[0m
[0mPOST /api/seo/list [32m200 [0m28.612 ms - 1031[0m
[0mGET /api/order/notifications [36m304 [0m60.949 ms - -[0m
[0mOPTIONS /api/order/notifications [32m204 [0m1.370 ms - 0[0m
[0mOPTIONS /api/seo/list [32m204 [0m0.384 ms - 0[0m
[0mPOST /api/seo/list [32m200 [0m29.016 ms - 1031[0m
[0mGET /api/order/notifications [36m304 [0m76.821 ms - -[0m
[0mOPTIONS /api/order/notifications [32m204 [0m5.567 ms - 0[0m
[0mOPTIONS /api/seo/list [32m204 [0m4.618 ms - 0[0m
[0mPOST /api/seo/list [32m200 [0m29.274 ms - 1805[0m
[0mGET /api/order/notifications [32m200 [0m58.084 ms - 36[0m
[0mOPTIONS /api/seo/list [32m204 [0m0.849 ms - 0[0m
[0mPOST /api/seo/list [32m200 [0m16.565 ms - 1725[0m
[0mPOST /api/seo/list [32m200 [0m9.432 ms - 1874[0m
[0mOPTIONS /api/order/notifications [32m204 [0m0.575 ms - 0[0m
[0mPOST /api/seo/list [32m200 [0m9.955 ms - 1876[0m
[0mGET /api/order/notifications [36m304 [0m25.389 ms - -[0m
[0mPOST /api/seo/list [32m200 [0m9.257 ms - 1842[0m
[0mPOST /api/seo/list [32m200 [0m8.049 ms - 1316[0m
[0mOPTIONS /api/order/notifications [32m204 [0m0.668 ms - 0[0m
[0mOPTIONS /api/seo/list [32m204 [0m0.558 ms - 0[0m
[0mPOST /api/seo/list [32m200 [0m12.914 ms - 1318[0m
[0mGET /api/order/notifications [36m304 [0m25.081 ms - -[0m
[0mOPTIONS /api/seo/list [32m204 [0m6.611 ms - 0[0m
[0mPOST /api/seo/list [32m200 [0m31.525 ms - 1191[0m
[0mOPTIONS /api/order/notifications [32m204 [0m0.957 ms - 0[0m
[0mOPTIONS /api/seo/list [32m204 [0m1.474 ms - 0[0m
[0mPOST /api/seo/list [32m200 [0m10.402 ms - 1193[0m
[0mGET /api/order/notifications [36m304 [0m38.444 ms - -[0m
[0mPOST /api/seo/list [32m200 [0m14.815 ms - 1805[0m
[0mGET /api/order/notifications [36m304 [0m28.168 ms - -[0m
[0mOPTIONS /api/seo/search-by-productid [32m204 [0m0.745 ms - 0[0m
[0mPOST /api/seo/search-by-productid [32m200 [0m5.531 ms - 192[0m
[0mOPTIONS /api/order/notifications [32m204 [0m1.146 ms - 0[0m
[0mOPTIONS /api/seo/list [32m204 [0m0.735 ms - 0[0m
[0mPOST /api/seo/list [32m200 [0m24.633 ms - 1805[0m
[0mGET /api/order/notifications [36m304 [0m45.645 ms - -[0m
[0mOPTIONS /api/seo/update [32m204 [0m0.409 ms - 0[0m
[0mPOST /api/seo/update [31m500 [0m11.181 ms - 39[0m
[0mOPTIONS /api/seo/update [32m204 [0m1.018 ms - 0[0m
[0mPOST /api/seo/update [31m500 [0m8.361 ms - 39[0m
[0mOPTIONS /api/seo/update [32m204 [0m2.447 ms - 0[0m
[0mPOST /api/seo/update [32m200 [0m48.703 ms - 44[0m
[0mOPTIONS /api/order/notifications [32m204 [0m0.410 ms - 0[0m
[0mOPTIONS /api/seo/list [32m204 [0m0.204 ms - 0[0m
[0mPOST /api/seo/list [32m200 [0m32.564 ms - 1805[0m
[0mGET /api/order/notifications [36m304 [0m32.435 ms - -[0m
[0mOPTIONS /api/order/notifications [32m204 [0m1.292 ms - 0[0m
[0mOPTIONS /api/seo/list [32m204 [0m0.757 ms - 0[0m
[0mPOST /api/seo/list [32m200 [0m39.570 ms - 1805[0m
[0mGET /api/order/notifications [36m304 [0m55.397 ms - -[0m
[0mOPTIONS /api/order/notifications [32m204 [0m1.172 ms - 0[0m
[0mOPTIONS /api/seo/list [32m204 [0m0.303 ms - 0[0m
[0mPOST /api/seo/list [32m200 [0m17.858 ms - 1805[0m
[0mGET /api/order/notifications [36m304 [0m31.243 ms - -[0m
[0mOPTIONS /api/order/notifications [32m204 [0m9.490 ms - 0[0m
[0mOPTIONS /api/seo/list [32m204 [0m1.535 ms - 0[0m
[0mPOST /api/seo/list [32m200 [0m20.913 ms - 1805[0m
[0mGET /api/order/notifications [36m304 [0m36.756 ms - -[0m
[0mOPTIONS /api/seo/update [32m204 [0m0.515 ms - 0[0m
[0mPOST /api/seo/update [32m200 [0m13.477 ms - 44[0m
[0mOPTIONS /api/order/notifications [32m204 [0m1.529 ms - 0[0m
[0mOPTIONS /api/seo/list [32m204 [0m0.328 ms - 0[0m
[0mPOST /api/seo/list [32m200 [0m7.084 ms - 1805[0m
[0mGET /api/order/notifications [36m304 [0m16.288 ms - -[0m
[0mPOST /api/seo/list [32m200 [0m8.880 ms - 1805[0m
[0mGET /api/order/notifications [36m304 [0m30.649 ms - -[0m
[0mOPTIONS /api/order/notifications [32m204 [0m1.409 ms - 0[0m
[0mOPTIONS /api/seo/list [32m204 [0m0.744 ms - 0[0m
[0mPOST /api/seo/list [32m200 [0m20.877 ms - 1805[0m
[0mGET /api/order/notifications [36m304 [0m34.553 ms - -[0m
[0mOPTIONS /api/seo/update [32m204 [0m0.629 ms - 0[0m
[0mPOST /api/seo/update [32m200 [0m10.282 ms - 44[0m
[0mOPTIONS /api/order/notifications [32m204 [0m0.411 ms - 0[0m
[0mOPTIONS /api/seo/list [32m204 [0m0.149 ms - 0[0m
[0mPOST /api/seo/list [32m200 [0m5.354 ms - 1799[0m
[0mGET /api/order/notifications [36m304 [0m13.734 ms - -[0m
[0mOPTIONS /api/order/notifications [32m204 [0m1.522 ms - 0[0m
[0mOPTIONS /api/seo/list [32m204 [0m0.943 ms - 0[0m
[0mPOST /api/seo/list [32m200 [0m23.848 ms - 1799[0m
[0mGET /api/order/notifications [36m304 [0m23.339 ms - -[0m
[0mOPTIONS /api/order/notifications [32m204 [0m1.452 ms - 0[0m
[0mOPTIONS /api/seo/list [32m204 [0m1.432 ms - 0[0m
[0mPOST /api/seo/list [32m200 [0m22.159 ms - 1799[0m
[0mGET /api/order/notifications [36m304 [0m44.833 ms - -[0m
[0mOPTIONS /api/order/notifications [32m204 [0m1.152 ms - 0[0m
[0mOPTIONS /api/seo/list [32m204 [0m4.959 ms - 0[0m
[0mPOST /api/seo/list [32m200 [0m14.277 ms - 1799[0m
[0mGET /api/order/notifications [36m304 [0m29.457 ms - -[0m
[0mOPTIONS /api/order/notifications [32m204 [0m0.964 ms - 0[0m
[0mOPTIONS /api/seo/list [32m204 [0m0.226 ms - 0[0m
[0mPOST /api/seo/list [32m200 [0m43.303 ms - 1799[0m
[0mGET /api/order/notifications [36m304 [0m54.628 ms - -[0m
[0mOPTIONS /api/order/notifications [32m204 [0m1.207 ms - 0[0m
[0mOPTIONS /api/seo/list [32m204 [0m0.679 ms - 0[0m
[0mPOST /api/seo/list [32m200 [0m30.282 ms - 1799[0m
[0mGET /api/order/notifications [36m304 [0m37.004 ms - -[0m
[0mPOST /api/seo/list [32m200 [0m5.598 ms - 1958[0m
[0mOPTIONS /api/seo/list [32m204 [0m3.920 ms - 0[0m
[0mPOST /api/seo/list [32m200 [0m8.934 ms - 576[0m
[0mPOST /api/seo/list [32m200 [0m8.167 ms - 2065[0m
[0mPOST /api/seo/list [32m200 [0m8.166 ms - 2009[0m
[0mOPTIONS /api/seo/list [32m204 [0m0.388 ms - 0[0m
[0mPOST /api/seo/list [32m200 [0m5.242 ms - 1953[0m
[0mPOST /api/seo/list [32m200 [0m4.522 ms - 1799[0m
[0mOPTIONS /api/seo/search-by-productid [32m204 [0m0.332 ms - 0[0m
[0mPOST /api/seo/search-by-productid [32m200 [0m2.142 ms - 11[0m
[0mOPTIONS /api/order/notifications [32m204 [0m2.094 ms - 0[0m
[0mOPTIONS /api/seo/list [32m204 [0m0.840 ms - 0[0m
[0mPOST /api/seo/list [32m200 [0m22.556 ms - 1801[0m
[0mGET /api/order/notifications [36m304 [0m37.717 ms - -[0m
[0mOPTIONS /api/seo/search-by-productid [32m204 [0m0.418 ms - 0[0m
[0mPOST /api/seo/search-by-productid [32m200 [0m2.246 ms - 11[0m
[0mOPTIONS /api/order/notifications [32m204 [0m3.117 ms - 0[0m
[0mOPTIONS /api/seo/list [32m204 [0m2.954 ms - 0[0m
[0mPOST /api/seo/list [32m200 [0m27.086 ms - 1801[0m
[0mGET /api/order/notifications [36m304 [0m43.189 ms - -[0m
[0mOPTIONS /api/seo/search-by-productid [32m204 [0m0.950 ms - 0[0m
[0mPOST /api/seo/search-by-productid [32m200 [0m5.415 ms - 224[0m
[0mOPTIONS /api/order/notifications [32m204 [0m0.740 ms - 0[0m
[0mOPTIONS /api/seo/list [32m204 [0m0.609 ms - 0[0m
[0mPOST /api/seo/list [32m200 [0m8.089 ms - 1801[0m
[0mGET /api/order/notifications [36m304 [0m22.421 ms - -[0m
[0mOPTIONS /api/seo/search-by-productid [32m204 [0m4.281 ms - 0[0m
[0mPOST /api/seo/search-by-productid [31m500 [0m13.642 ms - 34[0m
[0mOPTIONS /api/seo/search-by-productid [32m204 [0m2.848 ms - 0[0m
[0mPOST /api/seo/search-by-productid [32m200 [0m11.390 ms - 608[0m
[0mOPTIONS /api/order/notifications [32m204 [0m6.760 ms - 0[0m
[0mOPTIONS /api/seo/list [32m204 [0m4.263 ms - 0[0m
[0mPOST /api/seo/list [32m200 [0m41.599 ms - 1801[0m
[0mGET /api/order/notifications [36m304 [0m77.408 ms - -[0m
[0mOPTIONS /api/seo/search-by-productid [32m204 [0m0.669 ms - 0[0m
[0mOPTIONS /api/seo/search-by-productid [32m204 [0m2.842 ms - 0[0m
[0mPOST /api/seo/search-by-productid [32m200 [0m56.639 ms - 646827[0m
[0mOPTIONS /api/order/notifications [32m204 [0m2.707 ms - 0[0m
[0mOPTIONS /api/seo/list [32m204 [0m1.344 ms - 0[0m
[0mPOST /api/seo/list [32m200 [0m79.486 ms - 1801[0m
[0mGET /api/order/notifications [36m304 [0m70.850 ms - -[0m
[0mPOST /api/seo/list [32m200 [0m6.244 ms - 1802[0m
[0mPOST /api/seo/list [32m200 [0m7.188 ms - 1802[0m
[0mOPTIONS /api/seo/list [32m204 [0m0.658 ms - 0[0m
[0mPOST /api/seo/list [32m200 [0m10.292 ms - 1802[0m
[0mPOST /api/seo/list [32m200 [0m6.676 ms - 1802[0m
[0mPOST /api/seo/list [32m200 [0m6.600 ms - 1802[0m
[0mOPTIONS /api/seo/list [32m204 [0m2.607 ms - 0[0m
[0mPOST /api/seo/list [32m200 [0m22.774 ms - 1802[0m
[0mOPTIONS /api/order/notifications [32m204 [0m1.132 ms - 0[0m
[0mOPTIONS /api/seo/list [32m204 [0m0.988 ms - 0[0m
[0mPOST /api/seo/list [32m200 [0m30.878 ms - 1801[0m
[0mGET /api/order/notifications [36m304 [0m60.842 ms - -[0m
[0mOPTIONS /api/order/notifications [32m204 [0m1.118 ms - 0[0m
[0mOPTIONS /api/seo/list [32m204 [0m3.929 ms - 0[0m
[0mPOST /api/seo/list [32m200 [0m14.909 ms - 1801[0m
[0mGET /api/order/notifications [36m304 [0m30.312 ms - -[0m
[0mOPTIONS /api/order/notifications [32m204 [0m1.539 ms - 0[0m
[0mOPTIONS /api/seo/list [32m204 [0m0.841 ms - 0[0m
[0mPOST /api/seo/list [32m200 [0m24.578 ms - 1801[0m
[0mGET /api/order/notifications [36m304 [0m46.275 ms - -[0m
[0mOPTIONS /api/seo/list [32m204 [0m0.516 ms - 0[0m
[0mPOST /api/seo/list [32m200 [0m7.656 ms - 1802[0m
[0mOPTIONS /api/seo/list [32m204 [0m2.803 ms - 0[0m
[0mPOST /api/seo/list [32m200 [0m38.433 ms - 270[0m
[0mOPTIONS /api/order/notifications [32m204 [0m2.692 ms - 0[0m
[0mOPTIONS /api/seo/list [32m204 [0m3.065 ms - 0[0m
[0mPOST /api/seo/list [32m200 [0m27.436 ms - 1801[0m
[0mGET /api/order/notifications [36m304 [0m41.338 ms - -[0m
[0mPOST /api/seo/list [32m200 [0m10.573 ms - 1889[0m
[0mPOST /api/seo/list [32m200 [0m12.052 ms - 2015[0m
[0mPOST /api/seo/list [32m200 [0m11.910 ms - 2113[0m
[0mPOST /api/seo/list [32m200 [0m11.494 ms - 2125[0m
[0mPOST /api/seo/list [32m200 [0m12.275 ms - 2125[0m
[0mPOST /api/seo/list [32m200 [0m15.685 ms - 2125[0m
[0mPOST /api/seo/list [32m200 [0m13.331 ms - 950[0m
[0mPOST /api/seo/list [32m200 [0m12.547 ms - 839[0m
[0mOPTIONS /api/seo/list [32m204 [0m0.492 ms - 0[0m
[0mPOST /api/seo/list [32m200 [0m12.566 ms - 329[0m
[0mPOST /api/seo/list [32m200 [0m12.761 ms - 329[0m
[0mPOST /api/seo/list [32m200 [0m16.754 ms - 329[0m
[0mPOST /api/seo/list [32m200 [0m14.978 ms - 839[0m
[0mPOST /api/seo/list [32m200 [0m18.703 ms - 950[0m
[0mPOST /api/seo/list [32m200 [0m11.230 ms - 2125[0m
[0mPOST /api/seo/list [32m200 [0m12.025 ms - 2125[0m
[0mPOST /api/seo/list [32m200 [0m10.437 ms - 2125[0m
[0mPOST /api/seo/list [32m200 [0m11.465 ms - 2113[0m
[0mPOST /api/seo/list [32m200 [0m10.322 ms - 2015[0m
[0mPOST /api/seo/list [32m200 [0m9.662 ms - 1889[0m
[0mPOST /api/seo/list [31m500 [0m1.596 ms - 34[0m
[0mOPTIONS /api/order/notifications [32m204 [0m2.358 ms - 0[0m
[0mOPTIONS /api/seo/list [32m204 [0m0.893 ms - 0[0m
[0mPOST /api/seo/list [32m200 [0m27.904 ms - 1801[0m
[0mGET /api/order/notifications [36m304 [0m39.825 ms - -[0m
[0mPOST /api/seo/list [32m200 [0m9.653 ms - 1889[0m
[0mPOST /api/seo/list [32m200 [0m10.847 ms - 2015[0m
[0mPOST /api/seo/list [32m200 [0m12.208 ms - 2113[0m
[0mPOST /api/seo/list [32m200 [0m10.634 ms - 2125[0m
[0mPOST /api/seo/list [32m200 [0m12.740 ms - 2125[0m
[0mPOST /api/seo/list [32m200 [0m12.150 ms - 2125[0m
[0mPOST /api/seo/list [32m200 [0m11.025 ms - 2113[0m
[0mPOST /api/seo/list [32m200 [0m10.246 ms - 2015[0m
[0mPOST /api/seo/list [32m200 [0m10.497 ms - 1889[0m
[0mPOST /api/seo/list [32m200 [0m5.324 ms - 1802[0m
[0mOPTIONS /api/seo/list [32m204 [0m0.337 ms - 0[0m
[0mPOST /api/seo/list [32m200 [0m5.609 ms - 1316[0m
[0mOPTIONS /api/order/notifications [32m204 [0m0.573 ms - 0[0m
[0mPOST /api/seo/list [32m200 [0m5.769 ms - 1318[0m
[0mGET /api/order/notifications [36m304 [0m15.282 ms - -[0m
[0mOPTIONS /api/order/notifications [32m204 [0m3.232 ms - 0[0m
[0mOPTIONS /api/seo/list [32m204 [0m2.502 ms - 0[0m
[0mPOST /api/seo/list [32m200 [0m33.126 ms - 1318[0m
[0mGET /api/order/notifications [36m304 [0m51.373 ms - -[0m
