[0mGET /api/website/popular/category-list [32m200[0m 116.846 ms - 8100[0m
[0mGET /api/website/product/new-arrival [32m200[0m 121.229 ms - 37821[0m
[0mGET /api/website/category/list [32m200[0m 150.019 ms - 24763[0m
[0mGET /api/website/product/women-fashion [32m200[0m 167.044 ms - 16106[0m
[0mGET /api/website/product/men-fashion [32m200[0m 167.379 ms - 14958[0m
[0mGET /api/website/product/home-kitchen [32m200[0m 176.278 ms - 15246[0m
[0mGET /api/website/category/list [36m304[0m 62.478 ms - -[0m
[0mGET /api/website/category/list [36m304[0m 18.515 ms - -[0m
[0mGET /api/website/category/list [36m304[0m 13.497 ms - -[0m
[0mOPTIONS /api/product/banner-list [32m204[0m 4.641 ms - 0[0m
[0mOPTIONS /api/salon/website/getAllSalonList [32m204[0m 0.843 ms - 0[0m
[0mGET /api/product/banner-list [32m200[0m 44.991 ms - 858[0m
[0mPOST /api/salon/website/getAllSalonList [32m200[0m 190.092 ms - 254800[0m
[0mOPTIONS /api/product/banner-list [32m204[0m 2.492 ms - 0[0m
[0mOPTIONS /api/salon/website/getAllSalonList [32m204[0m 0.702 ms - 0[0m
[0mGET /api/product/banner-list [36m304[0m 13.921 ms - -[0m
[0mPOST /api/salon/website/getAllSalonList [32m200[0m 130.643 ms - 254800[0m
[0mOPTIONS /api/product/banner-list [32m204[0m 8.087 ms - 0[0m
[0mOPTIONS /api/salon/website/getAllSalonList [32m204[0m 0.677 ms - 0[0m
[0mGET /api/product/banner-list [32m200[0m 8.241 ms - 216[0m
[0mPOST /api/salon/website/getAllSalonList [32m200[0m 122.962 ms - 269336[0m
[0mOPTIONS /api/salon/website/search-list [32m204[0m 6.336 ms - 0[0m
[0mPOST /api/salon/website/search-list [32m200[0m 36.410 ms - 150[0m
[0mPOST /api/salon/website/search-list [32m200[0m 8.287 ms - 26[0m
[0mPOST /api/salon/website/search-list [32m200[0m 3.757 ms - 26[0m
[0mPOST /api/salon/website/search-list [32m200[0m 8.391 ms - 26[0m
[0mOPTIONS /api/product/banner-list [32m204[0m 0.881 ms - 0[0m
[0mOPTIONS /api/salon/website/getAllSalonList [32m204[0m 0.539 ms - 0[0m
[0mGET /api/product/banner-list [36m304[0m 7.858 ms - -[0m
[0mPOST /api/salon/website/getAllSalonList [32m200[0m 103.579 ms - 269336[0m
[0mOPTIONS /api/product/banner-list [32m204[0m 8.260 ms - 0[0m
[0mOPTIONS /api/salon/website/getAllSalonList [32m204[0m 1.113 ms - 0[0m
[0mGET /api/product/banner-list [32m200[0m 54.417 ms - 216[0m
[0mPOST /api/salon/website/getAllSalonList [32m200[0m 46.642 ms - 3163[0m
[0mOPTIONS /api/product/banner-list [32m204[0m 9.816 ms - 0[0m
[0mOPTIONS /api/salon/website/getAllSalonList [32m204[0m 0.790 ms - 0[0m
[0mGET /api/product/banner-list [32m200[0m 36.225 ms - 216[0m
[0mPOST /api/salon/website/getAllSalonList [32m200[0m 23.715 ms - 392[0m
[0mOPTIONS /api/product/banner-list [32m204[0m 7.649 ms - 0[0m
[0mOPTIONS /api/salon/website/getAllSalonList [32m204[0m 0.449 ms - 0[0m
[0mGET /api/product/banner-list [36m304[0m 30.466 ms - -[0m
[0mPOST /api/salon/website/getAllSalonList [32m200[0m 18.982 ms - 467[0m
[0mOPTIONS /api/product/banner-list [32m204[0m 8.637 ms - 0[0m
[0mOPTIONS /api/salon/website/getAllSalonList [32m204[0m 1.150 ms - 0[0m
[0mGET /api/product/banner-list [36m304[0m 35.058 ms - -[0m
[0mOPTIONS /api/product/banner-list [32m204[0m 7.350 ms - 0[0m
[0mOPTIONS /api/salon/website/getAllSalonList [32m204[0m 0.965 ms - 0[0m
[0mGET /api/product/banner-list [32m200[0m 29.992 ms - 216[0m
[0mOPTIONS /api/product/banner-list [32m204[0m 6.355 ms - 0[0m
[0mOPTIONS /api/salon/website/getAllSalonList [32m204[0m 1.669 ms - 0[0m
[0mGET /api/product/banner-list [32m200[0m 27.142 ms - 216[0m
[0mPOST /api/salon/website/getAllSalonList [32m200[0m 22.856 ms - 9131[0m
[0mOPTIONS /api/product/banner-list [32m204[0m 6.839 ms - 0[0m
[0mOPTIONS /api/salon/website/getAllSalonList [32m204[0m 0.650 ms - 0[0m
[0mOPTIONS /api/product/banner-list [32m204[0m 11.034 ms - 0[0m
[0mOPTIONS /api/salon/website/getAllSalonList [32m204[0m 1.766 ms - 0[0m
[0mGET /api/product/banner-list [36m304[0m 38.786 ms - -[0m
[0mPOST /api/salon/website/getAllSalonList [32m200[0m 35.911 ms - 10502[0m
[0mOPTIONS /api/product/banner-list [32m204[0m 4.637 ms - 0[0m
[0mOPTIONS /api/salon/website/getAllSalonList [32m204[0m 0.859 ms - 0[0m
[0mGET /api/product/banner-list [36m304[0m 33.268 ms - -[0m
[0mPOST /api/salon/website/getAllSalonList [32m200[0m 33.797 ms - 10502[0m
[0mOPTIONS /api/product/banner-list [32m204[0m 8.503 ms - 0[0m
[0mOPTIONS /api/salon/website/getAllSalonList [32m204[0m 1.383 ms - 0[0m
[0mGET /api/product/banner-list [32m200[0m 52.729 ms - 216[0m
[0mPOST /api/salon/website/getAllSalonList [32m200[0m 50.251 ms - 10502[0m
[0mOPTIONS /api/product/banner-list [32m204[0m 6.067 ms - 0[0m
[0mOPTIONS /api/salon/website/getAllSalonList [32m204[0m 1.025 ms - 0[0m
[0mGET /api/product/banner-list [36m304[0m 39.097 ms - -[0m
[0mOPTIONS /api/product/banner-list [32m204[0m 9.728 ms - 0[0m
[0mOPTIONS /api/salon/website/getAllSalonList [32m204[0m 0.526 ms - 0[0m
[0mGET /api/product/banner-list [36m304[0m 29.107 ms - -[0m
[0mPOST /api/salon/website/getAllSalonList [32m200[0m 23.756 ms - 467[0m
[0mOPTIONS /api/product/banner-list [32m204[0m 5.639 ms - 0[0m
[0mOPTIONS /api/salon/website/getAllSalonList [32m204[0m 0.799 ms - 0[0m
[0mGET /api/product/banner-list [36m304[0m 28.716 ms - -[0m
[0mPOST /api/salon/website/getAllSalonList [32m200[0m 22.940 ms - 56[0m
[0mOPTIONS /api/product/banner-list [32m204[0m 8.270 ms - 0[0m
[0mOPTIONS /api/salon/website/getAllSalonList [32m204[0m 0.514 ms - 0[0m
[0mGET /api/product/banner-list [32m200[0m 30.128 ms - 216[0m
[0mPOST /api/salon/website/getAllSalonList [32m200[0m 22.171 ms - 56[0m
[0mOPTIONS /api/product/banner-list [32m204[0m 9.495 ms - 0[0m
[0mOPTIONS /api/salon/website/getAllSalonList [32m204[0m 1.590 ms - 0[0m
[0mGET /api/product/banner-list [36m304[0m 47.319 ms - -[0m
[0mPOST /api/salon/website/getAllSalonList [32m200[0m 32.341 ms - 56[0m
