[0mOPTIONS /api/customer/rootLogin [32m204[0m 15.620 ms - 0[0m
[0mPOST /api/customer/rootLogin [32m200[0m 373.221 ms - 232[0m
[0mOPTIONS /api/customer/rootLogin [32m204[0m 8.769 ms - 0[0m
[0mPOST /api/customer/rootLogin [32m200[0m 316.141 ms - 232[0m
[0mOPTIONS /api/customer/rootLogin [32m204[0m 10.612 ms - 0[0m
[0mPOST /api/customer/rootLogin [32m200[0m 260.758 ms - 232[0m
[0mOPTIONS /api/customer/rootLogin [32m204[0m 20.636 ms - 0[0m
[0mPOST /api/customer/rootLogin [32m200[0m 256.950 ms - 232[0m
[0mOPTIONS /api/customer/rootLogin [32m204[0m 5.367 ms - 0[0m
[0mPOST /api/customer/rootLogin [32m200[0m 256.100 ms - 232[0m
[0mOPTIONS /api/customer/rootLogin [32m204[0m 9.060 ms - 0[0m
[0mPOST /api/customer/rootLogin [32m200[0m 265.783 ms - 232[0m
[0mOPTIONS /api/customer/getUserByEmailId [32m204[0m 1.134 ms - 0[0m
[0mGET /api/customer/getUserByEmailId [33m401[0m 6.348 ms - 36[0m
[0mOPTIONS /api/customer/getUserByEmailId [32m204[0m 1.676 ms - 0[0m
[0mOPTIONS /api/customer/getUserByEmailId [32m204[0m 0.298 ms - 0[0m
[0mGET /api/customer/getUserByEmailId [32m200[0m 94.296 ms - 488[0m
[0mGET /api/customer/getUserByEmailId [33m401[0m 0.401 ms - 36[0m
[0mOPTIONS /api/customer/getUserByEmailId [32m204[0m 1.991 ms - 0[0m
[0mOPTIONS /api/customer/getUserByEmailId [32m204[0m 0.641 ms - 0[0m
[0mGET /api/customer/getUserByEmailId [36m304[0m 15.622 ms - -[0m
[0mGET /api/customer/getUserByEmailId [33m401[0m 0.423 ms - 36[0m
[0mOPTIONS /api/customer/getUserByEmailId [32m204[0m 4.810 ms - 0[0m
[0mOPTIONS /api/customer/getUserByEmailId [32m204[0m 0.285 ms - 0[0m
[0mGET /api/customer/getUserByEmailId [32m200[0m 30.100 ms - 488[0m
[0mGET /api/customer/getUserByEmailId [32m200[0m 24.101 ms - 488[0m
[0mOPTIONS /api/customer/getUserByEmailId [32m204[0m 1.848 ms - 0[0m
[0mOPTIONS /api/customer/getUserByEmailId [32m204[0m 0.262 ms - 0[0m
[0mGET /api/customer/getUserByEmailId [32m200[0m 14.671 ms - 488[0m
[0mGET /api/customer/getUserByEmailId [32m200[0m 12.038 ms - 488[0m
[0mOPTIONS /api/customer/rootLogin [32m204[0m 4.118 ms - 0[0m
[0mPOST /api/customer/rootLogin [32m200[0m 269.178 ms - 232[0m
[0mOPTIONS /api/customer/getUserByEmailId [32m204[0m 0.694 ms - 0[0m
[0mGET /api/customer/getUserByEmailId [33m401[0m 0.585 ms - 36[0m
[0mGET /api/customer/getUserByEmailId [36m304[0m 10.821 ms - -[0m
[0mGET /api/customer/getUserByEmailId [36m304[0m 12.646 ms - -[0m
[0mOPTIONS /api/customer/rootLogin [32m204[0m 6.639 ms - 0[0m
[0mPOST /api/customer/rootLogin [32m200[0m 265.548 ms - 232[0m
[0mOPTIONS /api/customer/getUserByEmailId [32m204[0m 1.406 ms - 0[0m
[0mGET /api/customer/getUserByEmailId [33m401[0m 0.536 ms - 36[0m
[0mGET /api/customer/getUserByEmailId [36m304[0m 11.450 ms - -[0m
[0mGET /api/customer/getUserByEmailId [36m304[0m 13.244 ms - -[0m
[0mOPTIONS /api/customer/getUserByEmailId [32m204[0m 3.248 ms - 0[0m
[0mOPTIONS /api/customer/getUserByEmailId [32m204[0m 0.479 ms - 0[0m
[0mGET /api/customer/getUserByEmailId [32m200[0m 20.314 ms - 488[0m
[0mGET /api/customer/getUserByEmailId [32m200[0m 19.248 ms - 488[0m
[0mOPTIONS /api/customer/getUserByEmailId [32m204[0m 1.896 ms - 0[0m
[0mOPTIONS /api/customer/getUserByEmailId [32m204[0m 0.789 ms - 0[0m
[0mGET /api/customer/getUserByEmailId [36m304[0m 10.838 ms - -[0m
[0mGET /api/customer/getUserByEmailId [36m304[0m 9.230 ms - -[0m
[0mGET /api/customer/google?callbackURL=http://localhost:3000 [36m302[0m 14.165 ms - 0[0m
[0mOPTIONS /api/customer/rootLogin [32m204[0m 17.257 ms - 0[0m
[0mPOST /api/customer/rootLogin [32m200[0m 325.937 ms - 232[0m
[0mOPTIONS /api/customer/getUserByEmailId [32m204[0m 0.951 ms - 0[0m
[0mOPTIONS /api/customer/getUserByEmailId [32m204[0m 0.430 ms - 0[0m
[0mGET /api/customer/getUserByEmailId [36m304[0m 37.690 ms - -[0m
[0mGET /api/customer/getUserByEmailId [36m304[0m 7.627 ms - -[0m
[0mOPTIONS /api/customer/getUserByEmailId [32m204[0m 4.533 ms - 0[0m
[0mOPTIONS /api/customer/getUserByEmailId [32m204[0m 0.666 ms - 0[0m
[0mGET /api/customer/getUserByEmailId [36m304[0m 16.864 ms - -[0m
[0mGET /api/customer/getUserByEmailId [36m304[0m 6.963 ms - -[0m
[0mOPTIONS /api/customer/getUserByEmailId [32m204[0m 11.000 ms - 0[0m
[0mOPTIONS /api/customer/getUserByEmailId [32m204[0m 0.908 ms - 0[0m
[0mGET /api/customer/getUserByEmailId [32m200[0m 29.990 ms - 488[0m
[0mGET /api/customer/getUserByEmailId [32m200[0m 31.478 ms - 488[0m
[0mOPTIONS /api/customer/getUserByEmailId [32m204[0m 2.771 ms - 0[0m
[0mOPTIONS /api/customer/getUserByEmailId [32m204[0m 0.358 ms - 0[0m
[0mGET /api/customer/getUserByEmailId [32m200[0m 36.681 ms - 488[0m
[0mGET /api/customer/getUserByEmailId [32m200[0m 45.574 ms - 488[0m
[0mOPTIONS /api/customer/getUserByEmailId [32m204[0m 11.136 ms - 0[0m
[0mOPTIONS /api/customer/getUserByEmailId [32m204[0m 7.354 ms - 0[0m
[0mGET /api/customer/getUserByEmailId [36m304[0m 61.455 ms - -[0m
[0mGET /api/customer/getUserByEmailId [36m304[0m 7.776 ms - -[0m
[0mOPTIONS /api/customer/getUserByEmailId [32m204[0m 0.329 ms - 0[0m
[0mOPTIONS /api/customer/getUserByEmailId [32m204[0m 1.099 ms - 0[0m
[0mGET /api/customer/getUserByEmailId [32m200[0m 16.541 ms - 488[0m
[0mGET /api/customer/getUserByEmailId [32m200[0m 19.118 ms - 488[0m
[0mOPTIONS /api/customer/getUserByEmailId [32m204[0m 5.593 ms - 0[0m
[0mOPTIONS /api/customer/getUserByEmailId [32m204[0m 0.605 ms - 0[0m
[0mGET /api/customer/getUserByEmailId [36m304[0m 27.753 ms - -[0m
[0mGET /api/customer/getUserByEmailId [36m304[0m 5.057 ms - -[0m
[0mOPTIONS /api/customer/getUserByEmailId [32m204[0m 7.405 ms - 0[0m
[0mOPTIONS /api/customer/getUserByEmailId [32m204[0m 0.265 ms - 0[0m
[0mGET /api/customer/getUserByEmailId [32m200[0m 26.892 ms - 488[0m
[0mGET /api/customer/getUserByEmailId [32m200[0m 23.340 ms - 488[0m
[0mOPTIONS /api/customer/getUserByEmailId [32m204[0m 36.040 ms - 0[0m
[0mOPTIONS /api/customer/getUserByEmailId [32m204[0m 0.443 ms - 0[0m
[0mGET /api/customer/getUserByEmailId [32m200[0m 83.454 ms - 488[0m
[0mGET /api/customer/getUserByEmailId [32m200[0m 43.300 ms - 488[0m
[0mOPTIONS /api/customer/getUserByEmailId [32m204[0m 2.751 ms - 0[0m
[0mOPTIONS /api/customer/getUserByEmailId [32m204[0m 1.560 ms - 0[0m
[0mGET /api/customer/getUserByEmailId [32m200[0m 25.963 ms - 488[0m
[0mGET /api/customer/getUserByEmailId [32m200[0m 25.666 ms - 488[0m
[0mOPTIONS /api/customer/getUserByEmailId [32m204[0m 97.799 ms - 0[0m
[0mGET /api/customer/getUserByEmailId [36m304[0m 84.371 ms - -[0m
[0mOPTIONS /api/customer/getUserByEmailId [32m204[0m 2.738 ms - 0[0m
[0mGET /api/customer/getUserByEmailId [36m304[0m 17.320 ms - -[0m
[0mOPTIONS /api/customer/getUserByEmailId [32m204[0m 6.009 ms - 0[0m
[0mGET /api/customer/getUserByEmailId [36m304[0m 21.197 ms - -[0m
[0mOPTIONS /api/customer/getUserByEmailId [32m204[0m 1.121 ms - 0[0m
[0mOPTIONS /api/customer/getUserByEmailId [32m204[0m 1.765 ms - 0[0m
[0mOPTIONS /api/customer/getUserByEmailId [32m204[0m 0.948 ms - 0[0m
[0mGET /api/customer/getUserByEmailId [32m200[0m 38.168 ms - 488[0m
[0mGET /api/customer/getUserByEmailId [32m200[0m 36.191 ms - 488[0m
[0mGET /api/customer/getUserByEmailId [32m200[0m 34.546 ms - 488[0m
[0mOPTIONS /api/customer/getUserByEmailId [32m204[0m 5.060 ms - 0[0m
[0mGET /api/customer/getUserByEmailId [36m304[0m 25.839 ms - -[0m
[0mOPTIONS /api/customer/getUserByEmailId [32m204[0m 7.155 ms - 0[0m
[0mOPTIONS /api/customer/getUserByEmailId [32m204[0m 0.686 ms - 0[0m
[0mOPTIONS /api/customer/getUserByEmailId [32m204[0m 15.806 ms - 0[0m
[0mGET /api/customer/getUserByEmailId [32m200[0m 45.396 ms - 488[0m
[0mGET /api/customer/getUserByEmailId [32m200[0m 40.978 ms - 488[0m
[0mGET /api/customer/getUserByEmailId [32m200[0m 42.381 ms - 488[0m
[0mOPTIONS /api/customer/getUserByEmailId [32m204[0m 5.340 ms - 0[0m
[0mGET /api/customer/getUserByEmailId [36m304[0m 22.252 ms - -[0m
[0mOPTIONS /api/customer/getUserByEmailId [32m204[0m 1.514 ms - 0[0m
[0mOPTIONS /api/customer/getUserByEmailId [32m204[0m 0.351 ms - 0[0m
[0mOPTIONS /api/customer/getUserByEmailId [32m204[0m 0.614 ms - 0[0m
[0mGET /api/customer/getUserByEmailId [32m200[0m 26.259 ms - 488[0m
[0mGET /api/customer/getUserByEmailId [32m200[0m 23.145 ms - 488[0m
[0mGET /api/customer/getUserByEmailId [32m200[0m 24.325 ms - 488[0m
[0mOPTIONS /api/customer/getUserByEmailId [32m204[0m 1.149 ms - 0[0m
[0mGET /api/customer/getUserByEmailId [36m304[0m 27.918 ms - -[0m
[0mOPTIONS /api/customer/getUserByEmailId [32m204[0m 1.500 ms - 0[0m
[0mGET /api/customer/getUserByEmailId [36m304[0m 25.087 ms - -[0m
[0mOPTIONS /api/customer/getUserByEmailId [32m204[0m 1.372 ms - 0[0m
[0mGET /api/customer/getUserByEmailId [36m304[0m 27.710 ms - -[0m
[0mOPTIONS /api/customer/getUserByEmailId [32m204[0m 1.192 ms - 0[0m
[0mGET /api/customer/getUserByEmailId [36m304[0m 7.411 ms - -[0m
[0mGET /api/customer/getUserByEmailId [36m304[0m 12.712 ms - -[0m
[0mOPTIONS /api/customer/getUserByEmailId [32m204[0m 6.607 ms - 0[0m
[0mOPTIONS /api/customer/getUserByEmailId [32m204[0m 0.577 ms - 0[0m
[0mOPTIONS /api/customer/getUserByEmailId [32m204[0m 1.311 ms - 0[0m
[0mGET /api/customer/getUserByEmailId [32m200[0m 38.096 ms - 488[0m
[0mGET /api/customer/getUserByEmailId [32m200[0m 27.426 ms - 488[0m
[0mGET /api/customer/getUserByEmailId [32m200[0m 22.203 ms - 488[0m
[0mOPTIONS /api/customer/rootLogin [32m204[0m 2.914 ms - 0[0m
[0mPOST /api/customer/rootLogin [32m200[0m 270.195 ms - 232[0m
[0mOPTIONS /api/customer/getUserByEmailId [32m204[0m 0.311 ms - 0[0m
[0mGET /api/customer/getUserByEmailId [36m304[0m 6.010 ms - -[0m
[0mGET /api/customer/getUserByEmailId [36m304[0m 5.276 ms - -[0m
[0mGET /api/customer/getUserByEmailId [36m304[0m 7.262 ms - -[0m
[0mOPTIONS /api/customer/getUserByEmailId [32m204[0m 0.723 ms - 0[0m
[0mOPTIONS /api/customer/getUserByEmailId [32m204[0m 0.546 ms - 0[0m
[0mGET /api/customer/getUserByEmailId [32m200[0m 10.255 ms - 488[0m
[0mGET /api/customer/getUserByEmailId [32m200[0m 10.858 ms - 488[0m
[0mOPTIONS /api/customer/getUserByEmailId [32m204[0m 1.352 ms - 0[0m
[0mGET /api/customer/getUserByEmailId [36m304[0m 10.994 ms - -[0m
[0mOPTIONS /api/customer/getUserByEmailId [32m204[0m 1.366 ms - 0[0m
[0mOPTIONS /api/customer/getUserByEmailId [32m204[0m 0.799 ms - 0[0m
[0mGET /api/customer/getUserByEmailId [32m200[0m 23.429 ms - 488[0m
[0mGET /api/customer/getUserByEmailId [32m200[0m 16.260 ms - 488[0m
[0mOPTIONS /api/customer/getUserByEmailId [32m204[0m 7.901 ms - 0[0m
[0mGET /api/customer/getUserByEmailId [36m304[0m 17.495 ms - -[0m
[0mOPTIONS /api/customer/getUserByEmailId [32m204[0m 5.312 ms - 0[0m
[0mOPTIONS /api/customer/getUserByEmailId [32m204[0m 0.328 ms - 0[0m
[0mGET /api/customer/getUserByEmailId [32m200[0m 21.794 ms - 488[0m
[0mGET /api/customer/getUserByEmailId [32m200[0m 26.205 ms - 488[0m
[0mOPTIONS /api/customer/rootLogin [32m204[0m 2.126 ms - 0[0m
[0mPOST /api/customer/rootLogin [32m200[0m 275.206 ms - 232[0m
[0mOPTIONS /api/customer/getUserByEmailId [32m204[0m 1.667 ms - 0[0m
[0mGET /api/customer/getUserByEmailId [36m304[0m 6.917 ms - -[0m
[0mGET /api/customer/getUserByEmailId [36m304[0m 9.368 ms - -[0m
[0mGET /api/customer/getUserByEmailId [36m304[0m 7.599 ms - -[0m
[0mOPTIONS /api/customer/getUserByEmailId [32m204[0m 5.238 ms - 0[0m
[0mOPTIONS /api/customer/getUserByEmailId [32m204[0m 1.530 ms - 0[0m
[0mGET /api/customer/getUserByEmailId [36m304[0m 18.557 ms - -[0m
[0mGET /api/customer/getUserByEmailId [36m304[0m 6.005 ms - -[0m
[0mOPTIONS /api/customer/getUserByEmailId [32m204[0m 2.399 ms - 0[0m
[0mOPTIONS /api/customer/getUserByEmailId [32m204[0m 0.848 ms - 0[0m
[0mGET /api/customer/getUserByEmailId [32m200[0m 16.438 ms - 488[0m
[0mGET /api/customer/getUserByEmailId [32m200[0m 17.316 ms - 488[0m
[0mOPTIONS /api/customer/rootLogin [32m204[0m 3.378 ms - 0[0m
[0mPOST /api/customer/rootLogin [32m200[0m 264.950 ms - 232[0m
[0mOPTIONS /api/customer/getUserByEmailId [32m204[0m 0.476 ms - 0[0m
[0mGET /api/customer/getUserByEmailId [36m304[0m 17.280 ms - -[0m
[0mOPTIONS /api/customer/getUserByEmailId [32m204[0m 2.600 ms - 0[0m
[0mOPTIONS /api/customer/getUserByEmailId [32m204[0m 0.559 ms - 0[0m
[0mGET /api/customer/getUserByEmailId [36m304[0m 19.108 ms - -[0m
[0mGET /api/customer/getUserByEmailId [36m304[0m 13.031 ms - -[0m
[0mOPTIONS /api/customer/getUserByEmailId [32m204[0m 0.569 ms - 0[0m
[0mOPTIONS /api/customer/getUserByEmailId [32m204[0m 1.798 ms - 0[0m
[0mGET /api/customer/getUserByEmailId [32m200[0m 44.329 ms - 488[0m
[0mGET /api/customer/getUserByEmailId [32m200[0m 55.185 ms - 488[0m
[0mOPTIONS /api/customer/rootLogin [32m204[0m 2.070 ms - 0[0m
[0mPOST /api/customer/rootLogin [32m200[0m 266.908 ms - 232[0m
[0mOPTIONS /api/customer/getUserByEmailId [32m204[0m 0.268 ms - 0[0m
[0mGET /api/customer/getUserByEmailId [36m304[0m 6.457 ms - -[0m
[0mOPTIONS /api/customer/getUserByEmailId [32m204[0m 1.273 ms - 0[0m
[0mOPTIONS /api/customer/getUserByEmailId [32m204[0m 0.429 ms - 0[0m
[0mGET /api/customer/getUserByEmailId [36m304[0m 4.773 ms - -[0m
[0mGET /api/customer/getUserByEmailId [36m304[0m 5.379 ms - -[0m
[0mOPTIONS /api/customer/rootLogin [32m204[0m 8.717 ms - 0[0m
[0mPOST /api/customer/rootLogin [33m400[0m 24.765 ms - 737[0m
[0mOPTIONS / [32m204[0m 9.890 ms - 0[0m
[0mPOST / [33m404[0m 22.071 ms - 28[0m
[0mOPTIONS /api/customer/register [32m204[0m 49.533 ms - 0[0m
[0mPOST /api/customer/register [31m500[0m 275.100 ms - 34[0m
[0mOPTIONS /api/customer/register [32m204[0m 5.480 ms - 0[0m
[0mPOST /api/customer/register [31m500[0m 284.698 ms - 34[0m
[0mOPTIONS /api/customer/register [32m204[0m 6.411 ms - 0[0m
[0mPOST /api/customer/register [31m500[0m 290.454 ms - 34[0m
[0mOPTIONS /api/customer/register [32m204[0m 10.056 ms - 0[0m
[0mPOST /api/customer/register [31m500[0m 342.129 ms - 34[0m
[0mOPTIONS /api/customer/register [32m204[0m 9.888 ms - 0[0m
[0mPOST /api/customer/register [31m500[0m 274.216 ms - 34[0m
[0mOPTIONS /api/customer/register [32m204[0m 14.827 ms - 0[0m
[0mPOST /api/customer/register [33m409[0m 311.296 ms - 59[0m
[0mPOST /api/customer/register [33m409[0m 311.782 ms - 59[0m
[0mPOST /api/customer/register [31m500[0m 284.153 ms - 34[0m
[0mPOST /api/customer/register [31m500[0m 287.589 ms - 34[0m
[0mPOST /api/customer/register [31m500[0m 274.802 ms - 34[0m
[0mPOST /api/customer/register [31m500[0m 279.752 ms - 34[0m
[0mPOST /api/customer/register [31m500[0m 279.966 ms - 34[0m
[0mPOST /api/customer/register [31m500[0m 274.009 ms - 34[0m
[0mPOST /api/customer/register [32m200[0m 5135.556 ms - 56[0m
[0mPOST /api/customer/register [32m200[0m 4232.704 ms - 56[0m
[0mPOST /api/customer/register [32m200[0m 4607.991 ms - 56[0m
[0mPOST /api/customer/register [32m200[0m 4246.509 ms - 56[0m
[0mPOST /api/customer/register [32m200[0m 4053.581 ms - 56[0m
[0mPOST /api/customer/register [33m409[0m 289.698 ms - 59[0m
[0mPOST /api/customer/register [32m200[0m 4329.249 ms - 56[0m
[0mPOST /api/customer/register [32m200[0m 4275.094 ms - 56[0m
[0mPOST /api/customer/register [32m200[0m 4335.247 ms - 56[0m
[0mOPTIONS /api/customer/register [32m204[0m 18.441 ms - 0[0m
[0mPOST /api/customer/register [31m500[0m 281.442 ms - 34[0m
[0mOPTIONS /api/customer/register [32m204[0m 4.011 ms - 0[0m
[0mPOST /api/customer/register [31m500[0m 261.961 ms - 34[0m
[0mOPTIONS /api/customer/register [32m204[0m 1.999 ms - 0[0m
[0mPOST /api/customer/register [33m409[0m 299.984 ms - 59[0m
[0mOPTIONS /api/customer/register [32m204[0m 2.050 ms - 0[0m
[0mPOST /api/customer/register [32m200[0m 4697.975 ms - 56[0m
[0mOPTIONS /api/customer/register [32m204[0m 10.857 ms - 0[0m
[0mPOST /api/customer/register [33m409[0m 242.629 ms - 59[0m
[0mOPTIONS /api/customer/register [32m204[0m 1.713 ms - 0[0m
[0mPOST /api/customer/register [32m200[0m 4363.977 ms - 56[0m
[0mOPTIONS /api/customer/register [32m204[0m 3.951 ms - 0[0m
[0mPOST /api/customer/register [32m200[0m 4658.177 ms - 56[0m
[0mOPTIONS /api/customer/register [32m204[0m 11.236 ms - 0[0m
[0mPOST /api/customer/register [32m200[0m 4127.672 ms - 56[0m
[0mOPTIONS /api/customer/register [32m204[0m 23.510 ms - 0[0m
[0mPOST /api/customer/register [32m200[0m 4084.785 ms - 56[0m
[0mOPTIONS /api/customer/register [32m204[0m 3.446 ms - 0[0m
[0mPOST /api/customer/register [32m200[0m 3920.856 ms - 56[0m
[0mOPTIONS /api/customer/register [32m204[0m 19.409 ms - 0[0m
[0mPOST /api/customer/register [32m200[0m 4626.400 ms - 56[0m
[0mOPTIONS /api/customer/email-verify [32m204[0m 10.914 ms - 0[0m
[0mPOST /api/customer/email-verify [33m400[0m 33.636 ms - 220[0m
[0mOPTIONS /api/customer/email-verify [32m204[0m 11.611 ms - 0[0m
[0mPOST /api/customer/email-verify [33m400[0m 8.249 ms - 220[0m
[0mOPTIONS /api/customer/email-verify [32m204[0m 3.591 ms - 0[0m
[0mPOST /api/customer/email-verify [31m500[0m 142.555 ms - 37[0m
[0mOPTIONS /api/customer/register [32m204[0m 3.127 ms - 0[0m
[0mPOST /api/customer/register [32m200[0m 4746.758 ms - 56[0m
[0mOPTIONS /api/customer/email-verify [32m204[0m 2.629 ms - 0[0m
[0mPOST /api/customer/email-verify [32m200[0m 10.396 ms - 16[0m
[0mOPTIONS /api/customer/email-verify [32m204[0m 14.632 ms - 0[0m
[0mPOST /api/customer/email-verify [32m200[0m 37.098 ms - 56[0m
[0mOPTIONS /api/customer/email-verify [32m204[0m 5.509 ms - 0[0m
[0mPOST /api/customer/email-verify [32m200[0m 15.505 ms - 56[0m
[0mOPTIONS /api/customer/email-verify [32m204[0m 8.686 ms - 0[0m
[0mPOST /api/customer/email-verify [32m200[0m 26.617 ms - 56[0m
[0mOPTIONS /api/customer/email-verify [32m204[0m 8.891 ms - 0[0m
[0mPOST /api/customer/email-verify [31m500[0m 27.627 ms - 37[0m
[0mOPTIONS /api/customer/email-verify [32m204[0m 5.031 ms - 0[0m
[0mPOST /api/customer/email-verify [31m500[0m 27.413 ms - 26[0m
[0mOPTIONS /api/customer/email-verify [32m204[0m 1.015 ms - 0[0m
[0mPOST /api/customer/email-verify [32m200[0m 11.671 ms - 56[0m
[0mOPTIONS /api/customer/rootLogin [32m204[0m 1.766 ms - 0[0m
[0mPOST /api/customer/rootLogin [31m500[0m 15.273 ms - 34[0m
[0mOPTIONS /api/customer/register [32m204[0m 10.629 ms - 0[0m
[0mPOST /api/customer/register [32m200[0m 4042.716 ms - 56[0m
[0mOPTIONS /api/customer/email-verify [32m204[0m 4.003 ms - 0[0m
[0mPOST /api/customer/email-verify [32m200[0m 22.926 ms - 56[0m
[0mOPTIONS /api/customer/rootLogin [32m204[0m 0.630 ms - 0[0m
[0mPOST /api/customer/rootLogin [31m500[0m 13.015 ms - 34[0m
[0mOPTIONS /api/customer/rootLogin [32m204[0m 19.900 ms - 0[0m
[0mPOST /api/customer/rootLogin [31m500[0m 28.447 ms - 34[0m
[0mOPTIONS /api/customer/rootLogin [32m204[0m 8.796 ms - 0[0m
[0mOPTIONS /api/customer/rootLogin [32m204[0m 5.235 ms - 0[0m
[0mOPTIONS /api/customer/rootLogin [32m204[0m 8.490 ms - 0[0m
[0mPOST /api/customer/rootLogin [32m200[0m 281.669 ms - 232[0m
[0mOPTIONS /api/customer/rootLogin [32m204[0m 8.836 ms - 0[0m
[0mPOST /api/customer/rootLogin [32m200[0m 277.172 ms - 232[0m
[0mOPTIONS /api/customer/rootLogin [32m204[0m 6.305 ms - 0[0m
[0mPOST /api/customer/rootLogin [32m200[0m 272.608 ms - 232[0m
[0mOPTIONS /api/customer/rootLogin [32m204[0m 5.027 ms - 0[0m
[0mPOST /api/customer/rootLogin [32m200[0m 270.548 ms - 232[0m
[0mOPTIONS /api/customer/rootLogin [32m204[0m 8.657 ms - 0[0m
[0mPOST /api/customer/rootLogin [32m200[0m 271.452 ms - 232[0m
[0mOPTIONS /api/customer/rootLogin [32m204[0m 32.695 ms - 0[0m
[0mPOST /api/customer/rootLogin [32m200[0m 277.960 ms - 232[0m
[0mOPTIONS /api/customer/rootLogin [32m204[0m 9.674 ms - 0[0m
[0mPOST /api/customer/rootLogin [32m200[0m 258.836 ms - 232[0m
[0mOPTIONS /api/customer/getUserByEmailId [32m204[0m 0.481 ms - 0[0m
[0mGET /api/customer/getUserByEmailId [32m200[0m 46.819 ms - 199[0m
[0mGET /api/customer/getUserByEmailId [36m304[0m 17.620 ms - -[0m
[0mGET /api/customer/getUserByEmailId [36m304[0m 12.639 ms - -[0m
[0mOPTIONS /api/customer/getUserByEmailId [32m204[0m 4.046 ms - 0[0m
[0mOPTIONS /api/customer/getUserByEmailId [32m204[0m 0.384 ms - 0[0m
[0mGET /api/customer/getUserByEmailId [36m304[0m 19.560 ms - -[0m
[0mGET /api/customer/getUserByEmailId [36m304[0m 11.428 ms - -[0m
[0mOPTIONS /api/customer/getUserByEmailId [32m204[0m 3.233 ms - 0[0m
[0mOPTIONS /api/customer/getUserByEmailId [32m204[0m 0.842 ms - 0[0m
[0mGET /api/customer/getUserByEmailId [32m200[0m 19.103 ms - 199[0m
[0mGET /api/customer/getUserByEmailId [32m200[0m 18.869 ms - 199[0m
[0mOPTIONS /api/customer/rootLogin [32m204[0m 1.867 ms - 0[0m
[0mPOST /api/customer/rootLogin [32m200[0m 256.555 ms - 232[0m
[0mOPTIONS /api/customer/getUserByEmailId [32m204[0m 0.620 ms - 0[0m
[0mGET /api/customer/getUserByEmailId [36m304[0m 22.982 ms - -[0m
[0mOPTIONS /api/customer/getUserByEmailId [32m204[0m 2.156 ms - 0[0m
[0mOPTIONS /api/customer/getUserByEmailId [32m204[0m 3.020 ms - 0[0m
[0mGET /api/customer/getUserByEmailId [36m304[0m 15.741 ms - -[0m
[0mGET /api/customer/getUserByEmailId [36m304[0m 5.760 ms - -[0m
[0mOPTIONS /api/customer/getUserByEmailId [32m204[0m 1.650 ms - 0[0m
[0mGET /api/customer/getUserByEmailId [36m304[0m 13.674 ms - -[0m
[0mOPTIONS /api/customer/getUserByEmailId [32m204[0m 11.306 ms - 0[0m
[0mOPTIONS /api/customer/getUserByEmailId [32m204[0m 0.680 ms - 0[0m
[0mGET /api/customer/getUserByEmailId [32m200[0m 115.544 ms - 199[0m
[0mGET /api/customer/getUserByEmailId [32m200[0m 105.984 ms - 199[0m
[0mOPTIONS /api/customer/getUserByEmailId [32m204[0m 18.464 ms - 0[0m
[0mOPTIONS /api/customer/getUserByEmailId [32m204[0m 1.555 ms - 0[0m
[0mGET /api/customer/getUserByEmailId [32m200[0m 45.931 ms - 199[0m
[0mGET /api/customer/getUserByEmailId [32m200[0m 37.610 ms - 199[0m
[0mOPTIONS /api/customer/getUserByEmailId [32m204[0m 9.884 ms - 0[0m
[0mOPTIONS /api/customer/getUserByEmailId [32m204[0m 3.243 ms - 0[0m
[0mGET /api/customer/getUserByEmailId [32m200[0m 42.385 ms - 199[0m
[0mGET /api/customer/getUserByEmailId [32m200[0m 36.113 ms - 199[0m
[0mOPTIONS /api/customer/getUserByEmailId [32m204[0m 5.892 ms - 0[0m
[0mOPTIONS /api/customer/getUserByEmailId [32m204[0m 7.072 ms - 0[0m
[0mGET /api/customer/getUserByEmailId [32m200[0m 44.575 ms - 199[0m
[0mGET /api/customer/getUserByEmailId [32m200[0m 28.082 ms - 199[0m
[0mGET /api/customer/getUserByEmailId [36m304[0m 55.338 ms - -[0m
[0mGET /api/customer/getUserByEmailId [36m304[0m 10.987 ms - -[0m
[0mOPTIONS /api/customer/getUserByEmailId [32m204[0m 1.071 ms - 0[0m
[0mOPTIONS /api/customer/getUserByEmailId [32m204[0m 0.685 ms - 0[0m
[0mGET /api/customer/getUserByEmailId [36m304[0m 13.179 ms - -[0m
[0mGET /api/customer/getUserByEmailId [36m304[0m 10.671 ms - -[0m
[0mOPTIONS /api/customer/getUserByEmailId [32m204[0m 10.202 ms - 0[0m
[0mOPTIONS /api/customer/getUserByEmailId [32m204[0m 1.162 ms - 0[0m
[0mGET /api/customer/getUserByEmailId [32m200[0m 31.007 ms - 199[0m
[0mGET /api/customer/getUserByEmailId [32m200[0m 22.700 ms - 199[0m
[0mOPTIONS /api/customer/getUserByEmailId [32m204[0m 1.800 ms - 0[0m
[0mOPTIONS /api/customer/getUserByEmailId [32m204[0m 0.442 ms - 0[0m
[0mGET /api/customer/getUserByEmailId [32m200[0m 18.706 ms - 199[0m
[0mGET /api/customer/getUserByEmailId [32m200[0m 18.529 ms - 199[0m
[0mOPTIONS /api/customer/sendReset [32m204[0m 14.330 ms - 0[0m
[0mGET /api/customer/sendReset [33m404[0m 93.689 ms - 3141[0m
[0mOPTIONS /api/customer/sendReset [32m204[0m 77.570 ms - 0[0m
[0mPOST /api/customer/sendReset [33m404[0m 187.403 ms - 33[0m
[0mOPTIONS /api/customer/sendReset [32m204[0m 27.424 ms - 0[0m
[0mPOST /api/customer/sendReset [31m500[0m 147.093 ms - 34[0m
[0mOPTIONS /api/customer/sendReset [32m204[0m 5.784 ms - 0[0m
[0mPOST /api/customer/sendReset [31m500[0m 25.230 ms - 34[0m
[0mOPTIONS /api/customer/sendReset [32m204[0m 8.857 ms - 0[0m
[0mOPTIONS /api/customer/forget-password [32m204[0m 7.790 ms - 0[0m
[0mPOST /api/customer/forget-password [32m200[0m 50.024 ms - 71[0m
[0mOPTIONS /api/customer/forget-password [32m204[0m 5.168 ms - 0[0m
[0mPOST /api/customer/forget-password [32m200[0m 50.736 ms - 104[0m
[0mOPTIONS /api/customer/forget-password [32m204[0m 9.160 ms - 0[0m
[0mPOST /api/customer/forget-password [32m200[0m 18.425 ms - 104[0m
[0mOPTIONS /api/customer/forget-password [32m204[0m 4.656 ms - 0[0m
[0mPOST /api/customer/forget-password [32m200[0m 13.667 ms - 104[0m
[0mOPTIONS /api/customer/reset [32m204[0m 7.827 ms - 0[0m
[0mPOST /api/customer/reset [33m400[0m 27.915 ms - 213[0m
[0mOPTIONS /api/customer/reset [32m204[0m 12.319 ms - 0[0m
[0mPOST /api/customer/reset [33m400[0m 18.792 ms - 238[0m
[0mOPTIONS /api/customer/reset-password [32m204[0m 18.652 ms - 0[0m
[0mPOST /api/customer/reset-password [32m200[0m 282.556 ms - 16[0m
[0mOPTIONS /api/customer/reset-password [32m204[0m 3.015 ms - 0[0m
[0mPOST /api/customer/reset-password [32m200[0m 235.586 ms - 16[0m
[0mOPTIONS /api/customer/reset-password [32m204[0m 2.159 ms - 0[0m
[0mPOST /api/customer/reset-password [32m200[0m 238.905 ms - 56[0m
[0mOPTIONS /api/customer/forget-password [32m204[0m 7.289 ms - 0[0m
[0mPOST /api/customer/forget-password [32m200[0m 38.487 ms - 104[0m
[0mOPTIONS /api/customer/reset-password [32m204[0m 2.180 ms - 0[0m
[0mPOST /api/customer/reset-password [32m200[0m 260.701 ms - 56[0m
[0mOPTIONS /api/customer/rootLogin [32m204[0m 0.708 ms - 0[0m
[0mPOST /api/customer/rootLogin [32m200[0m 279.063 ms - 232[0m
[0mOPTIONS /api/customer/getUserByEmailId [32m204[0m 0.435 ms - 0[0m
[0mGET /api/customer/getUserByEmailId [36m304[0m 18.970 ms - -[0m
[0mGET /api/customer/google?callbackURL=http://localhost:3000 [36m302[0m 6.492 ms - 0[0m
[0mOPTIONS /api/customer/getUserByEmailId [32m204[0m 1.515 ms - 0[0m
[0mOPTIONS /api/customer/getUserByEmailId [32m204[0m 1.645 ms - 0[0m
[0mGET /api/customer/getUserByEmailId [33m403[0m 14.069 ms - 36[0m
[0mGET /api/customer/getUserByEmailId [33m403[0m 6.402 ms - 36[0m
[0mGET /api/customer/google?callbackURL=http://localhost:3000 [36m302[0m 3.114 ms - 0[0m
[0mOPTIONS /api/customer/getUserByEmailId [32m204[0m 1.900 ms - 0[0m
[0mOPTIONS /api/customer/getUserByEmailId [32m204[0m 0.532 ms - 0[0m
[0mGET /api/customer/getUserByEmailId [33m403[0m 8.855 ms - 36[0m
[0mGET /api/customer/getUserByEmailId [33m403[0m 5.754 ms - 36[0m
[0mGET /api/customer/google?callbackURL=http://localhost:3000 [36m302[0m 24.530 ms - 0[0m
[0mOPTIONS /api/customer/getUserByEmailId [32m204[0m 3.666 ms - 0[0m
[0mOPTIONS /api/customer/getUserByEmailId [32m204[0m 0.586 ms - 0[0m
[0mGET /api/customer/getUserByEmailId [33m403[0m 22.159 ms - 36[0m
[0mGET /api/customer/getUserByEmailId [33m403[0m 9.743 ms - 36[0m
[0mOPTIONS /api/customer/rootLogin [32m204[0m 23.634 ms - 0[0m
[0mOPTIONS /api/customer/rootLogin [32m204[0m 9.627 ms - 0[0m
[0mPOST /api/customer/rootLogin [32m200[0m 284.215 ms - 232[0m
[0mOPTIONS /api/customer/rootLogin [32m204[0m 17.168 ms - 0[0m
[0mPOST /api/customer/rootLogin [32m200[0m 274.636 ms - 232[0m
[0mOPTIONS /api/customer/getUserByEmailId [32m204[0m 0.575 ms - 0[0m
[0mGET /api/customer/getUserByEmailId [32m200[0m 25.527 ms - 199[0m
[0mOPTIONS /api/location/list [32m204[0m 9.136 ms - 0[0m
[0mGET /api/location/list [32m200[0m 59.257 ms - 1949[0m
[0mOPTIONS /api/customer/getUserByEmailId [32m204[0m 3.558 ms - 0[0m
[0mOPTIONS /api/customer/getUserByEmailId [32m204[0m 1.193 ms - 0[0m
[0mGET /api/customer/getUserByEmailId [32m200[0m 68.947 ms - 199[0m
[0mGET /api/customer/getUserByEmailId [32m200[0m 30.298 ms - 199[0m
[0mOPTIONS /api/customer/rootLogin [32m204[0m 2.754 ms - 0[0m
[0mPOST /api/customer/rootLogin [32m200[0m 260.325 ms - 232[0m
[0mOPTIONS /api/location/list [32m204[0m 13.270 ms - 0[0m
[0mGET /api/location/list [36m304[0m 11.770 ms - -[0m
[0mOPTIONS /api/customer/getUserByEmailId [32m204[0m 2.201 ms - 0[0m
[0mOPTIONS /api/customer/getUserByEmailId [32m204[0m 0.603 ms - 0[0m
[0mGET /api/customer/getUserByEmailId [32m200[0m 30.694 ms - 199[0m
[0mGET /api/customer/getUserByEmailId [32m200[0m 21.122 ms - 199[0m
[0mOPTIONS /api/customer/getUserByEmailId [32m204[0m 2.575 ms - 0[0m
[0mGET /api/customer/getUserByEmailId [36m304[0m 20.805 ms - -[0m
[0mOPTIONS /api/customer/getUserByEmailId [32m204[0m 2.709 ms - 0[0m
[0mGET /api/customer/getUserByEmailId [36m304[0m 27.582 ms - -[0m
[0mOPTIONS /api/customer/getUserByEmailId [32m204[0m 14.785 ms - 0[0m
[0mOPTIONS /api/customer/getUserByEmailId [32m204[0m 0.890 ms - 0[0m
[0mGET /api/customer/getUserByEmailId [32m200[0m 36.927 ms - 199[0m
[0mGET /api/customer/getUserByEmailId [32m200[0m 26.295 ms - 199[0m
[0mOPTIONS /api/customer/getUserByEmailId [32m204[0m 4.539 ms - 0[0m
[0mGET /api/customer/getUserByEmailId [36m304[0m 15.306 ms - -[0m
[0mGET /api/customer/getUserByEmailId [36m304[0m 18.666 ms - -[0m
[0mOPTIONS /api/customer/getUserByEmailId [32m204[0m 1.727 ms - 0[0m
[0mGET /api/customer/getUserByEmailId [36m304[0m 9.869 ms - -[0m
[0mOPTIONS /api/customer/getUserByEmailId [32m204[0m 3.165 ms - 0[0m
[0mOPTIONS /api/customer/getUserByEmailId [32m204[0m 1.024 ms - 0[0m
[0mGET /api/customer/getUserByEmailId [32m200[0m 20.964 ms - 199[0m
[0mGET /api/customer/getUserByEmailId [32m200[0m 18.446 ms - 199[0m
[0mOPTIONS /api/customer/getUserByEmailId [32m204[0m 1.278 ms - 0[0m
[0mGET /api/customer/getUserByEmailId [36m304[0m 12.924 ms - -[0m
[0mOPTIONS /api/customer/getUserByEmailId [32m204[0m 1.397 ms - 0[0m
[0mGET /api/customer/getUserByEmailId [36m304[0m 12.738 ms - -[0m
[0mOPTIONS /api/customer/getUserByEmailId [32m204[0m 1.043 ms - 0[0m
[0mOPTIONS /api/customer/getUserByEmailId [32m204[0m 0.614 ms - 0[0m
[0mGET /api/customer/getUserByEmailId [32m200[0m 14.403 ms - 199[0m
[0mGET /api/customer/getUserByEmailId [32m200[0m 24.335 ms - 199[0m
[0mOPTIONS /api/website/order/history [32m204[0m 3.670 ms - 0[0m
[0mGET /api/website/order/history [32m200[0m 217.566 ms - 79[0m
[0mOPTIONS /api/customer/getUserByEmailId [32m204[0m 1.821 ms - 0[0m
[0mOPTIONS /api/customer/getUserByEmailId [32m204[0m 0.753 ms - 0[0m
[0mOPTIONS /api/website/order/history [32m204[0m 0.441 ms - 0[0m
[0mGET /api/customer/getUserByEmailId [32m200[0m 25.139 ms - 199[0m
[0mGET /api/customer/getUserByEmailId [32m200[0m 22.574 ms - 199[0m
[0mGET /api/website/order/history [32m200[0m 23.745 ms - 79[0m
[0mOPTIONS /api/location/list [32m204[0m 1.439 ms - 0[0m
[0mGET /api/location/list [36m304[0m 7.831 ms - -[0m
[0mOPTIONS /api/location/list [32m204[0m 0.889 ms - 0[0m
[0mOPTIONS /api/customer/getUserByEmailId [32m204[0m 1.161 ms - 0[0m
[0mOPTIONS /api/customer/getUserByEmailId [32m204[0m 0.460 ms - 0[0m
[0mGET /api/location/list [32m200[0m 12.788 ms - 1949[0m
[0mGET /api/customer/getUserByEmailId [32m200[0m 14.372 ms - 199[0m
[0mGET /api/customer/getUserByEmailId [32m200[0m 13.655 ms - 199[0m
[0mOPTIONS /api/customer/getUserByEmailId [32m204[0m 1.818 ms - 0[0m
[0mOPTIONS /api/customer/getUserByEmailId [32m204[0m 0.378 ms - 0[0m
[0mGET /api/customer/getUserByEmailId [32m200[0m 18.081 ms - 199[0m
[0mGET /api/customer/getUserByEmailId [32m200[0m 14.505 ms - 199[0m
[0mOPTIONS /api/website/order/history [32m204[0m 0.427 ms - 0[0m
[0mGET /api/customer/getUserByEmailId [36m304[0m 17.719 ms - -[0m
[0mGET /api/website/order/history [36m304[0m 15.764 ms - -[0m
[0mGET /api/customer/getUserByEmailId [36m304[0m 20.354 ms - -[0m
[0mOPTIONS /api/customer/getUserByEmailId [32m204[0m 1.117 ms - 0[0m
[0mOPTIONS /api/customer/getUserByEmailId [32m204[0m 0.308 ms - 0[0m
[0mGET /api/customer/getUserByEmailId [36m304[0m 13.256 ms - -[0m
[0mGET /api/customer/getUserByEmailId [36m304[0m 7.107 ms - -[0m
[0mOPTIONS /api/customer/getUserByEmailId [32m204[0m 5.838 ms - 0[0m
[0mOPTIONS /api/customer/getUserByEmailId [32m204[0m 0.662 ms - 0[0m
[0mGET /api/customer/getUserByEmailId [32m200[0m 28.642 ms - 199[0m
[0mGET /api/customer/getUserByEmailId [32m200[0m 37.824 ms - 199[0m
[0mOPTIONS /api/customer/getUserByEmailId [32m204[0m 6.007 ms - 0[0m
[0mOPTIONS /api/customer/getUserByEmailId [32m204[0m 0.237 ms - 0[0m
[0mGET /api/customer/getUserByEmailId [32m200[0m 169.002 ms - 199[0m
[0mGET /api/customer/getUserByEmailId [32m200[0m 165.177 ms - 199[0m
[0mOPTIONS /api/customer/getUserByEmailId [32m204[0m 9.401 ms - 0[0m
[0mOPTIONS /api/customer/getUserByEmailId [32m204[0m 0.646 ms - 0[0m
[0mGET /api/customer/getUserByEmailId [32m200[0m 24.274 ms - 199[0m
[0mGET /api/customer/getUserByEmailId [32m200[0m 25.107 ms - 199[0m
[0mOPTIONS /api/customer/getUserByEmailId [32m204[0m 11.523 ms - 0[0m
[0mOPTIONS /api/customer/getUserByEmailId [32m204[0m 7.317 ms - 0[0m
[0mGET /api/customer/getUserByEmailId [32m200[0m 99.419 ms - 199[0m
[0mGET /api/customer/getUserByEmailId [32m200[0m 91.810 ms - 199[0m
[0mOPTIONS /api/customer/getUserByEmailId [32m204[0m 4.204 ms - 0[0m
[0mOPTIONS /api/customer/getUserByEmailId [32m204[0m 0.370 ms - 0[0m
[0mGET /api/customer/getUserByEmailId [32m200[0m 43.906 ms - 199[0m
[0mGET /api/customer/getUserByEmailId [32m200[0m 36.626 ms - 199[0m
[0mOPTIONS /api/customer/getUserByEmailId [32m204[0m 6.701 ms - 0[0m
[0mOPTIONS /api/customer/getUserByEmailId [32m204[0m 2.192 ms - 0[0m
[0mGET /api/customer/getUserByEmailId [36m304[0m 18.337 ms - -[0m
[0mGET /api/customer/getUserByEmailId [36m304[0m 9.412 ms - -[0m
[0mOPTIONS /api/customer/getUserByEmailId [32m204[0m 5.040 ms - 0[0m
[0mOPTIONS /api/customer/getUserByEmailId [32m204[0m 0.276 ms - 0[0m
[0mGET /api/customer/getUserByEmailId [32m200[0m 87.606 ms - 199[0m
[0mGET /api/customer/getUserByEmailId [32m200[0m 65.839 ms - 199[0m
[0mOPTIONS /api/customer/getUserByEmailId [32m204[0m 2.669 ms - 0[0m
[0mOPTIONS /api/customer/getUserByEmailId [32m204[0m 0.773 ms - 0[0m
[0mGET /api/customer/getUserByEmailId [32m200[0m 23.568 ms - 199[0m
[0mGET /api/customer/getUserByEmailId [32m200[0m 16.179 ms - 199[0m
[0mOPTIONS /api/customer/getUserByEmailId [32m204[0m 13.127 ms - 0[0m
[0mOPTIONS /api/customer/getUserByEmailId [32m204[0m 2.239 ms - 0[0m
[0mGET /api/customer/getUserByEmailId [32m200[0m 54.894 ms - 199[0m
[0mGET /api/customer/getUserByEmailId [32m200[0m 27.636 ms - 199[0m
[0mOPTIONS /api/customer/getUserByEmailId [32m204[0m 9.988 ms - 0[0m
[0mOPTIONS /api/customer/getUserByEmailId [32m204[0m 1.589 ms - 0[0m
[0mGET /api/customer/getUserByEmailId [32m200[0m 114.511 ms - 199[0m
[0mGET /api/customer/getUserByEmailId [32m200[0m 137.149 ms - 199[0m
[0mOPTIONS /api/customer/getUserByEmailId [32m204[0m 3.166 ms - 0[0m
[0mOPTIONS /api/customer/getUserByEmailId [32m204[0m 1.024 ms - 0[0m
[0mGET /api/customer/getUserByEmailId [36m304[0m 56.743 ms - -[0m
[0mGET /api/customer/getUserByEmailId [36m304[0m 5.089 ms - -[0m
[0mOPTIONS /api/customer/getUserByEmailId [32m204[0m 3.322 ms - 0[0m
[0mOPTIONS /api/customer/getUserByEmailId [32m204[0m 0.945 ms - 0[0m
[0mGET /api/customer/getUserByEmailId [32m200[0m 57.020 ms - 199[0m
[0mGET /api/customer/getUserByEmailId [32m200[0m 46.500 ms - 199[0m
[0mOPTIONS /api/customer/getUserByEmailId [32m204[0m 18.815 ms - 0[0m
[0mOPTIONS /api/customer/getUserByEmailId [32m204[0m 0.248 ms - 0[0m
[0mGET /api/customer/getUserByEmailId [32m200[0m 57.598 ms - 199[0m
[0mGET /api/customer/getUserByEmailId [32m200[0m 48.360 ms - 199[0m
[0mOPTIONS /api/customer/getUserByEmailId [32m204[0m 7.650 ms - 0[0m
[0mOPTIONS /api/customer/getUserByEmailId [32m204[0m 1.279 ms - 0[0m
[0mGET /api/customer/getUserByEmailId [32m200[0m 37.797 ms - 199[0m
[0mGET /api/customer/getUserByEmailId [32m200[0m 25.673 ms - 199[0m
[0mOPTIONS /api/customer/getUserByEmailId [32m204[0m 3.389 ms - 0[0m
[0mOPTIONS /api/customer/getUserByEmailId [32m204[0m 1.057 ms - 0[0m
[0mGET /api/customer/getUserByEmailId [32m200[0m 37.328 ms - 199[0m
[0mGET /api/customer/getUserByEmailId [32m200[0m 42.358 ms - 199[0m
[0mOPTIONS /api/customer/getUserByEmailId [32m204[0m 6.280 ms - 0[0m
[0mOPTIONS /api/customer/getUserByEmailId [32m204[0m 0.305 ms - 0[0m
[0mGET /api/customer/getUserByEmailId [32m200[0m 78.674 ms - 199[0m
[0mGET /api/customer/getUserByEmailId [32m200[0m 68.572 ms - 199[0m
[0mOPTIONS /api/customer/getUserByEmailId [32m204[0m 6.855 ms - 0[0m
[0mOPTIONS /api/customer/getUserByEmailId [32m204[0m 1.851 ms - 0[0m
[0mGET /api/customer/getUserByEmailId [32m200[0m 46.493 ms - 199[0m
[0mGET /api/customer/getUserByEmailId [32m200[0m 31.279 ms - 199[0m
[0mOPTIONS /api/customer/getUserByEmailId [32m204[0m 10.269 ms - 0[0m
[0mGET /api/customer/getUserByEmailId [36m304[0m 23.950 ms - -[0m
[0mOPTIONS /api/customer/getUserByEmailId [32m204[0m 22.590 ms - 0[0m
[0mGET /api/customer/getUserByEmailId [36m304[0m 20.267 ms - -[0m
[0mGET /api/customer/getUserByEmailId [36m304[0m 23.695 ms - -[0m
[0mOPTIONS /api/customer/getUserByEmailId [32m204[0m 9.843 ms - 0[0m
[0mOPTIONS /api/customer/getUserByEmailId [32m204[0m 0.285 ms - 0[0m
[0mGET /api/customer/getUserByEmailId [32m200[0m 67.629 ms - 199[0m
[0mGET /api/customer/getUserByEmailId [32m200[0m 69.228 ms - 199[0m
[0mOPTIONS /api/customer/getUserByEmailId [32m204[0m 17.165 ms - 0[0m
[0mOPTIONS /api/customer/getUserByEmailId [32m204[0m 0.877 ms - 0[0m
[0mGET /api/customer/getUserByEmailId [32m200[0m 105.697 ms - 199[0m
[0mGET /api/customer/getUserByEmailId [32m200[0m 118.355 ms - 199[0m
[0mOPTIONS /api/customer/getUserByEmailId [32m204[0m 8.077 ms - 0[0m
[0mOPTIONS /api/customer/getUserByEmailId [32m204[0m 0.270 ms - 0[0m
[0mGET /api/customer/getUserByEmailId [32m200[0m 117.769 ms - 199[0m
[0mGET /api/customer/getUserByEmailId [32m200[0m 137.845 ms - 199[0m
