[0mOPTIONS /api/order/notifications [32m204[0m 8.368 ms - 0[0m
[0mOPTIONS /api/salon/parlour/getAllParlourList [32m204[0m 0.306 ms - 0[0m
[0mGET /api/salon/parlour/getAllParlourList [36m304[0m 24.125 ms - -[0m
[0mGET /api/order/notifications [36m304[0m 52.209 ms - -[0m
[0mOPTIONS /api/order/notifications [32m204[0m 1.708 ms - 0[0m
[0mOPTIONS /api/salon/parlour/getAllParlourList [32m204[0m 0.441 ms - 0[0m
[0mGET /api/salon/parlour/getAllParlourList [36m304[0m 27.821 ms - -[0m
[0mGET /api/order/notifications [36m304[0m 38.800 ms - -[0m
[0mOPTIONS /api/order/notifications [32m204[0m 1.258 ms - 0[0m
[0mGET /api/order/notifications [36m304[0m 36.412 ms - -[0m
[0mOPTIONS /api/salon/parlour/getAllParlourList [32m204[0m 0.389 ms - 0[0m
[0mGET /api/salon/parlour/getAllParlourList [36m304[0m 8.529 ms - -[0m
[0mOPTIONS /api/order/notifications [32m204[0m 0.300 ms - 0[0m
[0mGET /api/salon/parlour/getAllParlourList [36m304[0m 10.086 ms - -[0m
[0mGET /api/order/notifications [36m304[0m 37.087 ms - -[0m
[0mOPTIONS /api/salon/parlour-status-update [32m204[0m 0.390 ms - 0[0m
[0mPOST /api/salon/parlour-status-update [32m200[0m 34.954 ms - 49[0m
[0mOPTIONS /api/salon/parlour/getAllParlourList [32m204[0m 0.295 ms - 0[0m
[0mGET /api/salon/parlour/getAllParlourList [32m200[0m 4.479 ms - 3013[0m
[0mOPTIONS /api/order/notifications [32m204[0m 0.280 ms - 0[0m
[0mGET /api/salon/parlour/getAllParlourList [36m304[0m 9.675 ms - -[0m
[0mGET /api/order/notifications [36m304[0m 20.891 ms - -[0m
[0mOPTIONS /api/order/notifications [32m204[0m 0.365 ms - 0[0m
[0mOPTIONS /api/salon/order/list [32m204[0m 0.121 ms - 0[0m
[0mGET /api/order/notifications [36m304[0m 20.715 ms - -[0m
[0mPOST /api/salon/order/list [32m200[0m 37.162 ms - 7597[0m
[0mOPTIONS /api/order/notifications [32m204[0m 0.253 ms - 0[0m
[0mOPTIONS /api/order/list [32m204[0m 0.127 ms - 0[0m
[0mOPTIONS /api/order/count [32m204[0m 0.178 ms - 0[0m
[0mGET /api/order/count [36m304[0m 7.196 ms - -[0m
[0mPOST /api/order/list [32m200[0m 19.424 ms - 8546[0m
[0mGET /api/order/notifications [36m304[0m 41.950 ms - -[0m
[0mOPTIONS /api/order/list [32m204[0m 0.413 ms - 0[0m
[0mOPTIONS /api/order/count [32m204[0m 0.230 ms - 0[0m
[0mGET /api/order/count [36m304[0m 5.518 ms - -[0m
[0mPOST /api/order/list [32m200[0m 19.268 ms - 8546[0m
[0mGET /api/website/image/banner [32m200[0m 112.363 ms - 147[0m
[0mGET /api/website/product/home-kitchen [32m200[0m 129.268 ms - 15246[0m
[0mGET /api/website/product/women-fashion [32m200[0m 129.096 ms - 16106[0m
[0mGET /api/website/category/list [32m200[0m 148.900 ms - 24391[0m
[0mGET /api/website/category/list [32m200[0m 152.006 ms - 24391[0m
[0mGET /api/website/category/list [32m200[0m 160.859 ms - 24391[0m
[0mGET /api/website/popular/category-list [32m200[0m 39.811 ms - 8097[0m
[0mGET /api/website/product/new-arrival [32m200[0m 60.444 ms - 875[0m
[0mGET /api/website/product/men-fashion [32m200[0m 73.761 ms - 14958[0m
[0mGET /api/website/image/banner [36m304[0m 9.466 ms - -[0m
[0mGET /api/website/image/banner [36m304[0m 10.726 ms - -[0m
[0mGET /api/website/category/list [36m304[0m 51.680 ms - -[0m
[0mGET /api/website/popular/category-list [36m304[0m 43.776 ms - -[0m
[0mGET /api/website/product/new-arrival [36m304[0m 103.564 ms - -[0m
[0mGET /api/website/product/home-kitchen [36m304[0m 129.720 ms - -[0m
[0mGET /api/website/product/men-fashion [36m304[0m 125.447 ms - -[0m
[0mGET /api/website/product/women-fashion [36m304[0m 127.226 ms - -[0m
[0mGET /api/website/category/list [36m304[0m 85.847 ms - -[0m
[0mGET /api/website/category/list [36m304[0m 39.014 ms - -[0m
[0mGET /api/website/image/banner [36m304[0m 6.755 ms - -[0m
[0mGET /api/website/category/list [36m304[0m 39.233 ms - -[0m
[0mGET /api/website/popular/category-list [36m304[0m 17.296 ms - -[0m
[0mGET /api/website/product/new-arrival [36m304[0m 49.699 ms - -[0m
[0mGET /api/website/product/men-fashion [36m304[0m 75.618 ms - -[0m
[0mGET /api/website/product/home-kitchen [36m304[0m 91.966 ms - -[0m
[0mGET /api/website/product/women-fashion [36m304[0m 89.525 ms - -[0m
[0mGET /api/website/category/list [36m304[0m 58.756 ms - -[0m
[0mGET /api/website/category/list [36m304[0m 29.880 ms - -[0m
[0mGET /api/website/image/banner [32m200[0m 17.510 ms - 147[0m
[0mGET /api/website/category/list [32m200[0m 58.954 ms - 24281[0m
[0mGET /api/website/category/list [32m200[0m 102.932 ms - 24281[0m
[0mGET /api/website/category/list [32m200[0m 112.932 ms - 24281[0m
[0mGET /api/website/product/new-arrival [32m200[0m 35.081 ms - 875[0m
[0mGET /api/website/product/home-kitchen [32m200[0m 160.351 ms - 15246[0m
[0mGET /api/website/product/women-fashion [32m200[0m 175.046 ms - 16106[0m
[0mGET /api/website/popular/category-list [32m200[0m 60.049 ms - 8097[0m
[0mGET /api/website/product/men-fashion [32m200[0m 171.484 ms - 14958[0m
[0mGET /api/website/category/list [36m304[0m 41.901 ms - -[0m
[0mGET /api/website/category/list [36m304[0m 23.966 ms - -[0m
[0mGET /api/website/category/list [36m304[0m 103.046 ms - -[0m
[0mGET /api/website/category/list [36m304[0m 26.085 ms - -[0m
[0mGET /api/website/image/banner [32m200[0m 3.262 ms - 147[0m
[0mGET /api/website/category/list [32m200[0m 27.240 ms - 24281[0m
[0mGET /api/website/category/list [32m200[0m 74.635 ms - 24281[0m
[0mGET /api/website/category/list [32m200[0m 85.946 ms - 24281[0m
[0mGET /api/website/popular/category-list [32m200[0m 149.743 ms - 8097[0m
[0mGET /api/website/product/new-arrival [32m200[0m 188.851 ms - 875[0m
[0mGET /api/website/product/home-kitchen [32m200[0m 228.569 ms - 15246[0m
[0mGET /api/website/product/women-fashion [32m200[0m 229.127 ms - 16106[0m
[0mGET /api/website/product/men-fashion [32m200[0m 229.052 ms - 14958[0m
[0mGET /api/website/image/banner [36m304[0m 15.067 ms - -[0m
[0mGET /api/website/category/list [36m304[0m 54.619 ms - -[0m
[0mGET /api/website/popular/category-list [36m304[0m 28.517 ms - -[0m
[0mGET /api/website/product/new-arrival [36m304[0m 48.965 ms - -[0m
[0mGET /api/website/category/list [36m304[0m 57.430 ms - -[0m
[0mGET /api/website/product/home-kitchen [36m304[0m 108.378 ms - -[0m
[0mGET /api/website/product/women-fashion [36m304[0m 107.969 ms - -[0m
[0mGET /api/website/product/men-fashion [36m304[0m 107.798 ms - -[0m
[0mGET /api/website/category/list [36m304[0m 22.278 ms - -[0m
[0mGET /api/website/image/banner [32m200[0m 15.568 ms - 147[0m
[0mGET /api/website/category/list [32m200[0m 46.466 ms - 24281[0m
[0mGET /api/website/category/list [32m200[0m 75.527 ms - 24281[0m
[0mGET /api/website/category/list [32m200[0m 73.561 ms - 24281[0m
[0mGET /api/website/popular/category-list [32m200[0m 8.606 ms - 8097[0m
[0mGET /api/website/product/men-fashion [32m200[0m 138.708 ms - 14958[0m
[0mGET /api/website/product/women-fashion [32m200[0m 143.426 ms - 16106[0m
[0mGET /api/website/product/new-arrival [32m200[0m 105.597 ms - 875[0m
[0mGET /api/website/product/home-kitchen [32m200[0m 157.974 ms - 15246[0m
[0mGET /api/website/image/banner [32m200[0m 13.564 ms - 147[0m
[0mGET /api/website/category/list [32m200[0m 47.392 ms - 24281[0m
[0mGET /api/website/category/list [32m200[0m 95.714 ms - 24281[0m
[0mGET /api/website/category/list [32m200[0m 97.812 ms - 24281[0m
[0mGET /api/website/popular/category-list [32m200[0m 12.771 ms - 8097[0m
[0mGET /api/website/product/new-arrival [32m200[0m 39.184 ms - 875[0m
[0mGET /api/website/product/men-fashion [32m200[0m 116.480 ms - 14958[0m
[0mGET /api/website/product/home-kitchen [32m200[0m 148.706 ms - 15246[0m
[0mGET /api/website/product/women-fashion [32m200[0m 149.101 ms - 16106[0m
[0mGET /api/website/image/banner [32m200[0m 5.362 ms - 147[0m
[0mGET /api/website/category/list [32m200[0m 36.873 ms - 24281[0m
[0mGET /api/website/category/list [32m200[0m 53.432 ms - 24281[0m
[0mGET /api/website/category/list [32m200[0m 69.798 ms - 24281[0m
[0mGET /api/website/popular/category-list [32m200[0m 11.719 ms - 8097[0m
[0mGET /api/website/product/new-arrival [32m200[0m 32.693 ms - 875[0m
[0mGET /api/website/product/men-fashion [32m200[0m 140.904 ms - 14958[0m
[0mGET /api/website/product/home-kitchen [32m200[0m 146.477 ms - 15246[0m
[0mGET /api/website/product/women-fashion [32m200[0m 142.419 ms - 16106[0m
[0mGET /api/website/image/banner [32m200[0m 10.395 ms - 147[0m
[0mGET /api/website/category/list [32m200[0m 80.220 ms - 24281[0m
[0mGET /api/website/category/list [32m200[0m 81.789 ms - 24281[0m
[0mGET /api/website/category/list [32m200[0m 84.434 ms - 24281[0m
[0mGET /api/website/popular/category-list [32m200[0m 11.129 ms - 8097[0m
[0mGET /api/website/product/new-arrival [32m200[0m 87.448 ms - 875[0m
[0mGET /api/website/product/home-kitchen [32m200[0m 133.649 ms - 15246[0m
[0mGET /api/website/product/men-fashion [32m200[0m 133.675 ms - 14958[0m
[0mGET /api/website/product/women-fashion [32m200[0m 56.935 ms - 16106[0m
[0mGET /api/website/image/banner [32m200[0m 9.854 ms - 147[0m
[0mGET /api/website/category/list [32m200[0m 53.376 ms - 24281[0m
[0mGET /api/website/category/list [32m200[0m 59.088 ms - 24281[0m
[0mGET /api/website/category/list [32m200[0m 76.550 ms - 24281[0m
[0mGET /api/website/popular/category-list [32m200[0m 25.008 ms - 8097[0m
[0mGET /api/website/product/new-arrival [32m200[0m 26.048 ms - 875[0m
[0mGET /api/website/product/men-fashion [32m200[0m 139.400 ms - 14958[0m
[0mGET /api/website/product/women-fashion [32m200[0m 160.565 ms - 16106[0m
[0mGET /api/website/product/home-kitchen [32m200[0m 168.970 ms - 15246[0m
[0mGET /api/website/image/banner [32m200[0m 16.090 ms - 147[0m
[0mGET /api/website/category/list [32m200[0m 45.539 ms - 24281[0m
[0mGET /api/website/category/list [32m200[0m 68.707 ms - 24281[0m
[0mGET /api/website/category/list [32m200[0m 69.512 ms - 24281[0m
[0mGET /api/website/product/home-kitchen [32m200[0m 107.589 ms - 15246[0m
[0mGET /api/website/popular/category-list [32m200[0m 46.730 ms - 8097[0m
[0mGET /api/website/product/men-fashion [32m200[0m 104.146 ms - 14958[0m
[0mGET /api/website/product/new-arrival [32m200[0m 54.511 ms - 875[0m
[0mGET /api/website/product/women-fashion [32m200[0m 110.738 ms - 16106[0m
[0mGET /api/website/image/banner [32m200[0m 19.061 ms - 147[0m
[0mGET /api/website/category/list [32m200[0m 105.039 ms - 24281[0m
[0mGET /api/website/category/list [32m200[0m 140.038 ms - 24281[0m
[0mGET /api/website/category/list [32m200[0m 149.302 ms - 24281[0m
[0mGET /api/website/product/new-arrival [32m200[0m 36.170 ms - 875[0m
[0mGET /api/website/popular/category-list [32m200[0m 101.975 ms - 8097[0m
[0mGET /api/website/product/women-fashion [32m200[0m 250.867 ms - 16106[0m
[0mGET /api/website/product/home-kitchen [32m200[0m 251.929 ms - 15246[0m
[0mGET /api/website/product/men-fashion [32m200[0m 175.348 ms - 14958[0m
[0mGET /api/website/category/list [36m304[0m 58.383 ms - -[0m
[0mGET /api/website/category/list [36m304[0m 24.695 ms - -[0m
[0mGET /api/website/image/banner [32m200[0m 13.670 ms - 147[0m
[0mGET /api/website/category/list [32m200[0m 31.776 ms - 24281[0m
[0mGET /api/website/category/list [32m200[0m 55.713 ms - 24281[0m
[0mGET /api/website/category/list [32m200[0m 58.912 ms - 24281[0m
[0mGET /api/website/popular/category-list [32m200[0m 7.133 ms - 8097[0m
[0mGET /api/website/product/new-arrival [32m200[0m 84.806 ms - 875[0m
[0mGET /api/website/product/home-kitchen [32m200[0m 120.735 ms - 15246[0m
[0mGET /api/website/product/men-fashion [32m200[0m 123.347 ms - 14958[0m
[0mGET /api/website/product/women-fashion [32m200[0m 123.847 ms - 16106[0m
[0mGET /api/website/catalog/category/search?queryString=naqab-for-women [32m200[0m 68.671 ms - 1093[0m
[0mGET /api/website/catalog/product/search?filter_category=naqab-for-women [32m200[0m 137.754 ms - 4778[0m
[0mGET /api/website/category/list [36m304[0m 32.481 ms - -[0m
[0mGET /api/website/category/list [36m304[0m 22.310 ms - -[0m
[0mGET /api/website/category/list [36m304[0m 18.608 ms - -[0m
[0mGET /api/website/catalog/category/search?queryString=naqab-for-women [36m304[0m 83.098 ms - -[0m
[0mGET /api/website/catalog/product/search?filter_category=naqab-for-women [36m304[0m 135.881 ms - -[0m
[0mGET /api/website/image/banner [36m304[0m 2.844 ms - -[0m
[0mGET /api/website/popular/category-list [36m304[0m 27.612 ms - -[0m
[0mGET /api/website/product/new-arrival [36m304[0m 29.590 ms - -[0m
[0mGET /api/website/product/home-kitchen [36m304[0m 76.400 ms - -[0m
[0mGET /api/website/product/women-fashion [36m304[0m 74.965 ms - -[0m
[0mGET /api/website/product/men-fashion [36m304[0m 76.258 ms - -[0m
[0mGET /api/website/image/banner [32m200[0m 139.852 ms - 147[0m
[0mGET /api/website/category/list [32m200[0m 155.387 ms - 24281[0m
[0mGET /api/website/category/list [32m200[0m 163.681 ms - 24281[0m
[0mGET /api/website/category/list [32m200[0m 173.384 ms - 24281[0m
[0mGET /api/website/product/home-kitchen [32m200[0m 273.369 ms - 15246[0m
[0mGET /api/website/product/women-fashion [32m200[0m 272.841 ms - 16106[0m
[0mGET /api/website/popular/category-list [32m200[0m 107.338 ms - 8097[0m
[0mGET /api/website/product/new-arrival [32m200[0m 111.351 ms - 875[0m
[0mGET /api/website/product/men-fashion [32m200[0m 133.822 ms - 14958[0m
[0mGET /api/website/catalog/category/search?queryString=electronics-mobile-phones [32m200[0m 171.031 ms - 2361[0m
[0mGET /api/website/catalog/product/search?filter_category=electronics-mobile-phones [32m200[0m 191.963 ms - 14607[0m
[0mGET /api/website/image/banner [36m304[0m 3.155 ms - -[0m
[0mGET /api/website/popular/category-list [36m304[0m 25.312 ms - -[0m
[0mGET /api/website/product/new-arrival [36m304[0m 39.884 ms - -[0m
[0mGET /api/website/product/home-kitchen [36m304[0m 76.836 ms - -[0m
[0mGET /api/website/product/men-fashion [36m304[0m 74.754 ms - -[0m
[0mGET /api/website/product/women-fashion [36m304[0m 75.569 ms - -[0m
[0mGET /api/website/catalog/category/search?queryString=tv-appliances [32m200[0m 148.957 ms - 3007[0m
[0mGET /api/website/catalog/product/search?filter_category=tv-appliances [32m200[0m 198.855 ms - 18687[0m
[0mOPTIONS /api/product/banner-list [32m204[0m 10.974 ms - 0[0m
[0mOPTIONS /api/salon/website/getAllSalonList [32m204[0m 0.259 ms - 0[0m
[0mGET /api/product/banner-list [32m200[0m 30.173 ms - 415[0m
[0mPOST /api/salon/website/getAllSalonList [32m200[0m 55.666 ms - 3227[0m
[0mOPTIONS /api/product/banner-list [32m204[0m 1.287 ms - 0[0m
[0mOPTIONS /api/salon/website/getAllSalonList [32m204[0m 0.412 ms - 0[0m
[0mGET /api/product/banner-list [36m304[0m 23.029 ms - -[0m
[0mPOST /api/salon/website/getAllSalonList [32m200[0m 33.850 ms - 3227[0m
[0mOPTIONS /api/product/banner-list [32m204[0m 6.482 ms - 0[0m
[0mOPTIONS /api/salon/website/getAllSalonList [32m204[0m 1.139 ms - 0[0m
[0mGET /api/product/banner-list [32m200[0m 46.507 ms - 415[0m
[0mPOST /api/salon/website/getAllSalonList [32m200[0m 34.034 ms - 3027[0m
[0mOPTIONS /api/product/banner-list [32m204[0m 2.227 ms - 0[0m
[0mOPTIONS /api/salon/website/getAllSalonList [32m204[0m 0.482 ms - 0[0m
[0mGET /api/product/banner-list [36m304[0m 17.782 ms - -[0m
[0mPOST /api/salon/website/getAllSalonList [32m200[0m 23.950 ms - 3027[0m
[0mOPTIONS /api/auth/rootLogin [32m204[0m 0.396 ms - 0[0m
[0mPOST /api/auth/rootLogin [32m200[0m 247.171 ms - 211[0m
[0mOPTIONS /api/order/notifications [32m204[0m 0.707 ms - 0[0m
[0mOPTIONS /api/order/list [32m204[0m 0.226 ms - 0[0m
[0mOPTIONS /api/order/count [32m204[0m 0.208 ms - 0[0m
[0mGET /api/order/count [36m304[0m 18.644 ms - -[0m
[0mGET /api/order/notifications [36m304[0m 39.006 ms - -[0m
[0mPOST /api/order/list [32m200[0m 47.825 ms - 8546[0m
[0mOPTIONS /api/order/notifications [32m204[0m 0.661 ms - 0[0m
[0mOPTIONS /api/salon/parlour/getAllParlourList [32m204[0m 0.142 ms - 0[0m
[0mGET /api/salon/parlour/getAllParlourList [32m200[0m 5.184 ms - 3434[0m
[0mGET /api/order/notifications [36m304[0m 23.247 ms - -[0m
[0mOPTIONS /api/salon/parlour-status-update [32m204[0m 0.489 ms - 0[0m
[0mPOST /api/salon/parlour-status-update [32m200[0m 20.167 ms - 49[0m
[0mOPTIONS /api/salon/parlour/getAllParlourList [32m204[0m 0.344 ms - 0[0m
[0mGET /api/salon/parlour/getAllParlourList [32m200[0m 6.084 ms - 3434[0m
[0mOPTIONS /api/product/banner-list [32m204[0m 0.319 ms - 0[0m
[0mOPTIONS /api/salon/website/getAllSalonList [32m204[0m 0.237 ms - 0[0m
[0mGET /api/product/banner-list [36m304[0m 16.175 ms - -[0m
[0mPOST /api/salon/website/getAllSalonList [32m200[0m 19.723 ms - 2748[0m
[0mOPTIONS /api/salon/website/parlour-detail [32m204[0m 1.061 ms - 0[0m
[0mOPTIONS /api/salon/website/getAllServiceList [32m204[0m 0.153 ms - 0[0m
[0mPOST /api/salon/website/parlour-detail [32m200[0m 9.601 ms - 383[0m
[0mPOST /api/salon/website/getAllServiceList [32m200[0m 30.365 ms - 17798[0m
[0mPOST /api/salon/website/parlour-detail [32m200[0m 3.803 ms - 353[0m
[0mPOST /api/salon/website/getAllServiceList [32m200[0m 20.480 ms - 8402[0m
[0mOPTIONS /api/order/notifications [32m204[0m 0.251 ms - 0[0m
[0mOPTIONS /api/salon/parlour/getAllParlourList [32m204[0m 0.135 ms - 0[0m
[0mGET /api/salon/parlour/getAllParlourList [36m304[0m 7.949 ms - -[0m
[0mGET /api/order/notifications [36m304[0m 20.487 ms - -[0m
[0mOPTIONS /api/product/banner-list [32m204[0m 0.420 ms - 0[0m
[0mOPTIONS /api/salon/website/getAllSalonList [32m204[0m 0.473 ms - 0[0m
[0mGET /api/product/banner-list [36m304[0m 13.487 ms - -[0m
[0mPOST /api/salon/website/getAllSalonList [32m200[0m 19.719 ms - 2748[0m
[0mOPTIONS /api/product/banner-list [32m204[0m 2.841 ms - 0[0m
[0mOPTIONS /api/salon/website/getAllSalonList [32m204[0m 0.603 ms - 0[0m
[0mGET /api/product/banner-list [32m200[0m 24.222 ms - 415[0m
[0mPOST /api/salon/website/getAllSalonList [32m200[0m 31.062 ms - 5849[0m
[0mOPTIONS /api/product/banner-list [32m204[0m 4.941 ms - 0[0m
[0mOPTIONS /api/salon/website/getAllSalonList [32m204[0m 0.456 ms - 0[0m
[0mOPTIONS /api/product/banner-list [32m204[0m 3.782 ms - 0[0m
[0mOPTIONS /api/salon/website/getAllSalonList [32m204[0m 0.418 ms - 0[0m
[0mGET /api/product/banner-list [32m200[0m 40.947 ms - 415[0m
[0mPOST /api/salon/website/getAllSalonList [32m200[0m 47.727 ms - 5849[0m
[0mOPTIONS /api/product/banner-list [32m204[0m 4.008 ms - 0[0m
[0mOPTIONS /api/salon/website/getAllSalonList [32m204[0m 0.529 ms - 0[0m
[0mGET /api/product/banner-list [32m200[0m 44.492 ms - 415[0m
[0mPOST /api/salon/website/getAllSalonList [32m200[0m 55.774 ms - 1719[0m
[0mOPTIONS /api/salon/website/getAllSalonList [32m204[0m 1.377 ms - 0[0m
[0mPOST /api/salon/website/getAllSalonList [32m200[0m 21.688 ms - 2599[0m
[0mPOST /api/salon/website/getAllSalonList [32m200[0m 9.319 ms - 771[0m
[0mPOST /api/salon/website/getAllSalonList [32m200[0m 4.755 ms - 374[0m
[0mOPTIONS /api/salon/website/getAllSalonList [32m204[0m 0.627 ms - 0[0m
[0mPOST /api/salon/website/getAllSalonList [32m200[0m 5.244 ms - 1671[0m
[0mPOST /api/salon/website/getAllSalonList [32m200[0m 4.373 ms - 1671[0m
[0mPOST /api/salon/website/getAllSalonList [32m200[0m 6.142 ms - 1353[0m
[0mPOST /api/salon/website/getAllSalonList [32m200[0m 4.012 ms - 769[0m
[0mPOST /api/salon/website/getAllSalonList [32m200[0m 5.834 ms - 769[0m
[0mOPTIONS /api/salon/website/getAllSalonList [32m204[0m 0.689 ms - 0[0m
[0mPOST /api/salon/website/getAllSalonList [32m200[0m 5.148 ms - 650[0m
[0mPOST /api/salon/website/getAllSalonList [32m200[0m 3.325 ms - 56[0m
[0mOPTIONS /api/salon/website/getAllSalonList [32m204[0m 0.500 ms - 0[0m
[0mPOST /api/salon/website/getAllSalonList [32m200[0m 5.104 ms - 1719[0m
[0mGET /api/customer/google?callbackURL=http://localhost:3001 [36m302[0m 9.296 ms - 0[0m
[0mOPTIONS /api/customer/getUserByEmailId [32m204[0m 1.023 ms - 0[0m
[0mOPTIONS /api/product/banner-list [32m204[0m 0.346 ms - 0[0m
[0mOPTIONS /api/salon/website/getAllSalonList [32m204[0m 0.462 ms - 0[0m
[0mPOST /api/salon/website/getAllSalonList [32m200[0m 16.556 ms - 1719[0m
[0mGET /api/product/banner-list [36m304[0m 16.640 ms - -[0m
[0mGET /api/customer/getUserByEmailId [32m200[0m 25.293 ms - 734[0m
[0mOPTIONS /api/salon/website/parlour-detail [32m204[0m 1.213 ms - 0[0m
[0mOPTIONS /api/salon/website/getAllServiceList [32m204[0m 0.407 ms - 0[0m
[0mPOST /api/salon/website/parlour-detail [32m200[0m 18.129 ms - 56[0m
[0mPOST /api/salon/website/getAllServiceList [32m200[0m 13.587 ms - 28[0m
[0mOPTIONS /api/product/banner-list [32m204[0m 1.098 ms - 0[0m
[0mOPTIONS /api/salon/website/getAllSalonList [32m204[0m 0.129 ms - 0[0m
[0mGET /api/product/banner-list [36m304[0m 1.903 ms - -[0m
[0mPOST /api/salon/website/getAllSalonList [32m200[0m 3.796 ms - 1719[0m
[0mGET /api/website/image/banner [32m200[0m 122.961 ms - 254[0m
[0mGET /api/website/category/list [32m200[0m 170.220 ms - 24355[0m
[0mGET /api/website/product/new-arrival [32m200[0m 159.716 ms - 62[0m
[0mGET /api/website/popular/category-list [32m200[0m 54.202 ms - 8117[0m
[0mGET /api/website/product/home-kitchen [32m200[0m 203.746 ms - 15246[0m
[0mGET /api/website/product/men-fashion [32m200[0m 199.843 ms - 14958[0m
[0mGET /api/website/product/women-fashion [32m200[0m 202.442 ms - 16106[0m
[0mGET /api/website/category/list [36m304[0m 41.519 ms - -[0m
[0mGET /api/website/category/list [36m304[0m 34.619 ms - -[0m
[0mGET /api/website/image/banner [32m200[0m 23.681 ms - 254[0m
[0mGET /api/website/category/list [32m200[0m 48.161 ms - 24355[0m
[0mGET /api/website/category/list [32m200[0m 85.566 ms - 24355[0m
[0mGET /api/website/category/list [32m200[0m 87.670 ms - 24355[0m
[0mGET /api/website/popular/category-list [32m200[0m 7.768 ms - 8117[0m
[0mGET /api/website/product/home-kitchen [32m200[0m 209.472 ms - 15246[0m
[0mGET /api/website/product/men-fashion [32m200[0m 196.363 ms - 14958[0m
[0mGET /api/website/product/women-fashion [32m200[0m 210.203 ms - 16106[0m
[0mGET /api/website/product/new-arrival [32m200[0m 143.703 ms - 54587[0m
[0mGET /api/website/image/banner [32m200[0m 29.007 ms - 254[0m
[0mGET /api/website/category/list [32m200[0m 47.109 ms - 24355[0m
[0mGET /api/website/category/list [32m200[0m 83.141 ms - 24355[0m
[0mGET /api/website/category/list [32m200[0m 83.740 ms - 24355[0m
[0mGET /api/website/product/new-arrival [32m200[0m 81.932 ms - 54587[0m
[0mGET /api/website/product/women-fashion [32m200[0m 147.557 ms - 16106[0m
[0mGET /api/website/product/home-kitchen [32m200[0m 157.549 ms - 15246[0m
[0mGET /api/website/product/men-fashion [32m200[0m 142.316 ms - 14958[0m
[0mGET /api/website/popular/category-list [32m200[0m 35.944 ms - 8117[0m
[0mGET /api/mobile/category/list [32m200[0m 63.289 ms - 10328[0m
[0mGET /api/website/image/banner [32m200[0m 18.147 ms - 254[0m
[0mGET /api/website/category/list [32m200[0m 54.641 ms - 24355[0m
[0mGET /api/mobile/banner-list [33m404[0m 13.409 ms - 3141[0m
[0mGET /api/website/category/list [36m304[0m 32.874 ms - -[0m
[0mGET /api/mobile/banner-list [33m404[0m 1.459 ms - 3141[0m
[0mGET /api/mobile/category/list [32m200[0m 4.958 ms - 10328[0m
[0mGET /api/mobile/banner-list [33m404[0m 5.448 ms - 3141[0m
[0mGET /api/mobile/category/list [36m304[0m 15.684 ms - -[0m
[0mGET /api/mobile/banner-list [33m404[0m 4.853 ms - 3141[0m
[0mGET /api/mobile/banner-list [33m404[0m 6.108 ms - 3141[0m
[0mGET /api/mobile/banner-list [33m404[0m 15.358 ms - 3141[0m
[0mGET /api/mobile/banner-list [33m404[0m 3.771 ms - 3141[0m
[0mGET /api/mobile/banner-list [33m404[0m 2.138 ms - 3141[0m
[0mGET /api/mobile/banner-list [33m404[0m 2.170 ms - 3141[0m
[0mGET /api/mobile/banner-list [33m404[0m 2.043 ms - 3141[0m
[0mGET /api/mobile/banner-list [33m404[0m 3.636 ms - 3141[0m
[0mGET /api/mobile/banner-list [32m200[0m 31.569 ms - 254[0m
[0mGET /api/mobile/banner-list [32m200[0m 4.848 ms - 254[0m
[0mGET /api/mobile/category/list [36m304[0m 7.394 ms - -[0m
[0mGET /api/mobile/banner-list [36m304[0m 13.507 ms - -[0m
[0mGET /api/mobile/category/list [36m304[0m 15.191 ms - -[0m
[0mGET /api/mobile/category/list [36m304[0m 17.628 ms - -[0m
[0mGET /api/mobile/banner-list [36m304[0m 4.943 ms - -[0m
[0mGET /api/mobile/category/list [36m304[0m 5.809 ms - -[0m
[0mGET /api/mobile/category/list [36m304[0m 24.303 ms - -[0m
[0mGET /api/mobile/category/list [32m200[0m 28.787 ms - 552[0m
[0mGET /api/mobile/category/list [32m200[0m 66.314 ms - 552[0m
[0mGET /api/mobile/category/list [32m200[0m 28.734 ms - 552[0m
[0mGET /api/mobile/category/list [32m200[0m 33.347 ms - 1563[0m
[0mGET /api/mobile/category/list [32m200[0m 27.954 ms - 1899[0m
[0mGET /api/mobile/category/list [32m200[0m 17.021 ms - 1899[0m
[0mGET /api/mobile/banner-list [36m304[0m 7.715 ms - -[0m
[0mGET /api/mobile/category/list [36m304[0m 5.783 ms - -[0m
[0mGET /api/mobile/category/list [36m304[0m 8.174 ms - -[0m
[0mGET /api/mobile/category/list [36m304[0m 6.274 ms - -[0m
[0mGET /api/mobile/banner-list [36m304[0m 13.118 ms - -[0m
[0mGET /api/mobile/category/list [36m304[0m 15.409 ms - -[0m
[0mGET /api/mobile/banner-list [36m304[0m 6.332 ms - -[0m
[0mGET /api/mobile/category/list [36m304[0m 7.008 ms - -[0m
[0mGET /api/mobile/banner-list [36m304[0m 3.106 ms - -[0m
[0mGET /api/mobile/category/list [36m304[0m 4.496 ms - -[0m
[0mGET /api/mobile/banner-list [36m304[0m 4.165 ms - -[0m
[0mGET /api/mobile/category/list [36m304[0m 6.162 ms - -[0m
[0mGET /api/mobile/banner-list [36m304[0m 10.333 ms - -[0m
[0mGET /api/mobile/category/list [36m304[0m 10.796 ms - -[0m
[0mGET /api/mobile/category/list [32m200[0m 16.589 ms - 1884[0m
[0mGET /api/mobile/category/list [32m200[0m 9.482 ms - 1884[0m
[0mGET /api/mobile/category/list [32m200[0m 13.256 ms - 1884[0m
[0mGET /api/mobile/category/list [32m200[0m 5.774 ms - 1884[0m
[0mGET /api/mobile/banner-list [36m304[0m 8.273 ms - -[0m
[0mGET /api/mobile/category/list [32m200[0m 7.135 ms - 1884[0m
[0mGET /api/mobile/category/list [36m304[0m 3.769 ms - -[0m
[0mGET /api/mobile/category/list [32m200[0m 26.742 ms - 1345[0m
[0mGET /api/mobile/banner-list [36m304[0m 9.924 ms - -[0m
[0mGET /api/mobile/category/list [32m200[0m 10.652 ms - 1345[0m
[0mGET /api/mobile/category/list [36m304[0m 15.812 ms - -[0m
[0mGET /api/mobile/category/list [36m304[0m 5.516 ms - -[0m
[0mGET /api/mobile/category/list [36m304[0m 10.687 ms - -[0m
[0mGET /api/mobile/category/list [36m304[0m 7.861 ms - -[0m
[0mGET /api/mobile/category/list [36m304[0m 11.362 ms - -[0m
[0mGET /api/mobile/category/list [36m304[0m 4.473 ms - -[0m
[0mGET /api/mobile/banner-list [36m304[0m 4.411 ms - -[0m
[0mGET /api/mobile/category/list [36m304[0m 5.359 ms - -[0m
[0mGET /api/mobile/category/list [36m304[0m 6.044 ms - -[0m
[0mGET /api/mobile/category/list [36m304[0m 7.881 ms - -[0m
[0mGET /api/mobile/category/list [36m304[0m 8.390 ms - -[0m
[0mGET /api/mobile/category/list [36m304[0m 2.518 ms - -[0m
[0mGET /api/mobile/category/list [36m304[0m 6.155 ms - -[0m
[0mGET /api/mobile/category/list [36m304[0m 3.169 ms - -[0m
[0mGET /api/mobile/category/list [36m304[0m 288.077 ms - -[0m
[0mGET /api/mobile/category/list [36m304[0m 11.478 ms - -[0m
[0mGET /api/mobile/category/list [36m304[0m 11.757 ms - -[0m
[0mGET /api/mobile/banner-list [36m304[0m 11.008 ms - -[0m
[0mGET /api/mobile/banner-list [36m304[0m 3.002 ms - -[0m
[0mGET /api/mobile/banner-list [36m304[0m 8.183 ms - -[0m
[0mGET /api/mobile/category/list [36m304[0m 11.859 ms - -[0m
[0mGET /api/mobile/banner-list [36m304[0m 16.438 ms - -[0m
[0mGET /api/mobile/category/list [36m304[0m 12.276 ms - -[0m
[0mGET /api/mobile/category/list [36m304[0m 15.188 ms - -[0m
[0mGET /api/mobile/category/list [36m304[0m 33.307 ms - -[0m
[0mGET /api/mobile/banner-list [36m304[0m 17.965 ms - -[0m
[0mGET /api/mobile/category/list [36m304[0m 16.555 ms - -[0m
[0mGET /api/mobile/banner-list [36m304[0m 81.889 ms - -[0m
[0mGET /api/mobile/category/list [36m304[0m 89.415 ms - -[0m
[0mGET /api/mobile/category/list [36m304[0m 64.498 ms - -[0m
[0mGET /api/mobile/category/list [36m304[0m 3.407 ms - -[0m
[0mGET /api/mobile/banner-list [36m304[0m 80.752 ms - -[0m
[0mGET /api/mobile/category/list [36m304[0m 65.307 ms - -[0m
[0mGET /api/mobile/banner-list [36m304[0m 78.519 ms - -[0m
[0mGET /api/mobile/category/list [36m304[0m 78.370 ms - -[0m
[0mGET /api/mobile/banner-list [36m304[0m 17.652 ms - -[0m
[0mGET /api/mobile/category/list [36m304[0m 14.637 ms - -[0m
[0mGET /api/mobile/banner-list [36m304[0m 23.905 ms - -[0m
[0mGET /api/mobile/category/list [36m304[0m 16.931 ms - -[0m
