[0mOPTIONS /api/customer/getUserByEmailId [32m204[0m 2.392 ms - 0[0m
[0mOPTIONS /api/customer/getUserByEmailId [32m204[0m 0.450 ms - 0[0m
[0mGET /api/customer/getUserByEmailId [32m200[0m 18.784 ms - 471[0m
[0mGET /api/customer/getUserByEmailId [32m200[0m 14.871 ms - 471[0m
[0mOPTIONS /api/customer/getUserByEmailId [32m204[0m 2.550 ms - 0[0m
[0mOPTIONS /api/customer/getUserByEmailId [32m204[0m 0.537 ms - 0[0m
[0mGET /api/customer/getUserByEmailId [32m200[0m 18.132 ms - 471[0m
[0mGET /api/customer/getUserByEmailId [32m200[0m 16.029 ms - 471[0m
[0mOPTIONS /api/location/list [32m204[0m 1.971 ms - 0[0m
[0mOPTIONS /api/customer/getUserByEmailId [32m204[0m 0.472 ms - 0[0m
[0mOPTIONS /api/customer/getUserByEmailId [32m204[0m 0.527 ms - 0[0m
[0mOPTIONS /api/customer/getUserByEmailId [32m204[0m 2.374 ms - 0[0m
[0mGET /api/location/list [36m304[0m 17.976 ms - -[0m
[0mGET /api/customer/getUserByEmailId [36m304[0m 14.674 ms - -[0m
[0mGET /api/customer/getUserByEmailId [36m304[0m 6.697 ms - -[0m
[0mGET /api/customer/getUserByEmailId [36m304[0m 5.770 ms - -[0m
[0mOPTIONS /api/location/list [32m204[0m 2.204 ms - 0[0m
[0mOPTIONS /api/customer/getUserByEmailId [32m204[0m 0.556 ms - 0[0m
[0mGET /api/location/list [32m200[0m 15.878 ms - 1949[0m
[0mGET /api/customer/getUserByEmailId [32m200[0m 22.735 ms - 471[0m
[0mOPTIONS /api/customer/getUserByEmailId [32m204[0m 0.627 ms - 0[0m
[0mOPTIONS /api/customer/getUserByEmailId [32m204[0m 0.531 ms - 0[0m
[0mGET /api/customer/getUserByEmailId [32m200[0m 10.070 ms - 471[0m
[0mGET /api/customer/getUserByEmailId [32m200[0m 12.361 ms - 471[0m
[0mOPTIONS /api/location/list [32m204[0m 1.429 ms - 0[0m
[0mOPTIONS /api/customer/getUserByEmailId [32m204[0m 0.260 ms - 0[0m
[0mGET /api/location/list [36m304[0m 37.653 ms - -[0m
[0mGET /api/customer/getUserByEmailId [36m304[0m 77.395 ms - -[0m
[0mOPTIONS /api/location/list [32m204[0m 1.221 ms - 0[0m
[0mOPTIONS /api/customer/getUserByEmailId [32m204[0m 0.645 ms - 0[0m
[0mOPTIONS /api/customer/getUserByEmailId [32m204[0m 0.444 ms - 0[0m
[0mOPTIONS /api/customer/getUserByEmailId [32m204[0m 0.347 ms - 0[0m
[0mGET /api/location/list [32m200[0m 11.528 ms - 1949[0m
[0mGET /api/customer/getUserByEmailId [32m200[0m 16.473 ms - 471[0m
[0mGET /api/customer/getUserByEmailId [32m200[0m 16.288 ms - 471[0m
[0mGET /api/customer/getUserByEmailId [32m200[0m 13.333 ms - 471[0m
[0mOPTIONS /api/location/list [32m204[0m 5.055 ms - 0[0m
[0mOPTIONS /api/customer/getUserByEmailId [32m204[0m 0.283 ms - 0[0m
[0mGET /api/location/list [36m304[0m 7.323 ms - -[0m
[0mGET /api/customer/getUserByEmailId [36m304[0m 11.266 ms - -[0m
[0mOPTIONS /api/location/list [32m204[0m 12.532 ms - 0[0m
[0mOPTIONS /api/customer/getUserByEmailId [32m204[0m 0.877 ms - 0[0m
[0mGET /api/location/list [36m304[0m 37.331 ms - -[0m
[0mGET /api/customer/getUserByEmailId [36m304[0m 46.803 ms - -[0m
[0mGET /api/location/list [36m304[0m 11.005 ms - -[0m
[0mGET /api/customer/getUserByEmailId [36m304[0m 17.720 ms - -[0m
[0mOPTIONS /api/location/list [32m204[0m 2.344 ms - 0[0m
[0mOPTIONS /api/customer/getUserByEmailId [32m204[0m 1.017 ms - 0[0m
[0mGET /api/location/list [36m304[0m 24.779 ms - -[0m
[0mGET /api/customer/getUserByEmailId [36m304[0m 21.056 ms - -[0m
[0mOPTIONS /api/location/list [32m204[0m 5.830 ms - 0[0m
[0mOPTIONS /api/customer/getUserByEmailId [32m204[0m 0.567 ms - 0[0m
[0mOPTIONS /api/customer/getUserByEmailId [32m204[0m 1.035 ms - 0[0m
[0mOPTIONS /api/customer/getUserByEmailId [32m204[0m 1.018 ms - 0[0m
[0mGET /api/location/list [32m200[0m 31.305 ms - 1949[0m
[0mGET /api/customer/getUserByEmailId [32m200[0m 29.977 ms - 471[0m
[0mGET /api/customer/getUserByEmailId [32m200[0m 36.122 ms - 471[0m
[0mGET /api/customer/getUserByEmailId [32m200[0m 35.064 ms - 471[0m
[0mOPTIONS /api/location/list [32m204[0m 14.494 ms - 0[0m
[0mOPTIONS /api/customer/getUserByEmailId [32m204[0m 1.461 ms - 0[0m
[0mOPTIONS /api/customer/getUserByEmailId [32m204[0m 4.081 ms - 0[0m
[0mOPTIONS /api/customer/getUserByEmailId [32m204[0m 2.081 ms - 0[0m
[0mGET /api/location/list [32m200[0m 44.499 ms - 1949[0m
[0mGET /api/customer/getUserByEmailId [32m200[0m 66.409 ms - 471[0m
[0mGET /api/customer/getUserByEmailId [32m200[0m 56.322 ms - 471[0m
[0mGET /api/customer/getUserByEmailId [32m200[0m 57.784 ms - 471[0m
[0mOPTIONS /api/location/list [32m204[0m 2.494 ms - 0[0m
[0mOPTIONS /api/customer/getUserByEmailId [32m204[0m 0.907 ms - 0[0m
[0mGET /api/location/list [36m304[0m 34.842 ms - -[0m
[0mGET /api/customer/getUserByEmailId [36m304[0m 46.091 ms - -[0m
[0mOPTIONS /api/location/list [32m204[0m 2.860 ms - 0[0m
[0mOPTIONS /api/customer/getUserByEmailId [32m204[0m 0.465 ms - 0[0m
[0mOPTIONS /api/customer/getUserByEmailId [32m204[0m 0.490 ms - 0[0m
[0mOPTIONS /api/customer/getUserByEmailId [32m204[0m 18.557 ms - 0[0m
[0mGET /api/location/list [32m200[0m 30.880 ms - 1949[0m
[0mGET /api/customer/getUserByEmailId [32m200[0m 24.338 ms - 471[0m
[0mGET /api/customer/getUserByEmailId [32m200[0m 22.163 ms - 471[0m
[0mGET /api/customer/getUserByEmailId [32m200[0m 21.997 ms - 471[0m
[0mOPTIONS /api/location/list [32m204[0m 2.480 ms - 0[0m
[0mOPTIONS /api/customer/getUserByEmailId [32m204[0m 0.246 ms - 0[0m
[0mOPTIONS /api/customer/getUserByEmailId [32m204[0m 0.127 ms - 0[0m
[0mOPTIONS /api/customer/getUserByEmailId [32m204[0m 0.841 ms - 0[0m
[0mGET /api/location/list [36m304[0m 7.605 ms - -[0m
[0mGET /api/customer/getUserByEmailId [36m304[0m 15.841 ms - -[0m
[0mGET /api/customer/getUserByEmailId [36m304[0m 6.034 ms - -[0m
[0mGET /api/customer/getUserByEmailId [36m304[0m 8.715 ms - -[0m
[0mOPTIONS /api/customer/getUserByEmailId [32m204[0m 2.527 ms - 0[0m
[0mOPTIONS /api/customer/getUserByEmailId [32m204[0m 0.605 ms - 0[0m
[0mGET /api/customer/getUserByEmailId [36m304[0m 16.109 ms - -[0m
[0mGET /api/customer/getUserByEmailId [36m304[0m 4.869 ms - -[0m
[0mOPTIONS /api/customer/getUserByEmailId [32m204[0m 0.438 ms - 0[0m
[0mGET /api/customer/getUserByEmailId [36m304[0m 4.617 ms - -[0m
[0mOPTIONS /api/customer/update [32m204[0m 0.702 ms - 0[0m
[0mPOST /api/customer/update [32m200[0m 38.344 ms - 49[0m
[0mOPTIONS /api/website/order/history [32m204[0m 0.485 ms - 0[0m
[0mGET /api/website/order/history [36m304[0m 17.386 ms - -[0m
[0mOPTIONS /api/location/list [32m204[0m 0.557 ms - 0[0m
[0mGET /api/location/list [36m304[0m 3.358 ms - -[0m
[0mOPTIONS /api/customer/getUserByEmailId [32m204[0m 0.364 ms - 0[0m
[0mGET /api/customer/getUserByEmailId [32m200[0m 11.046 ms - 468[0m
[0mOPTIONS /api/location/list [32m204[0m 0.462 ms - 0[0m
[0mOPTIONS /api/customer/getUserByEmailId [32m204[0m 0.366 ms - 0[0m
[0mOPTIONS /api/customer/getUserByEmailId [32m204[0m 0.371 ms - 0[0m
[0mOPTIONS /api/customer/getUserByEmailId [32m204[0m 0.327 ms - 0[0m
[0mGET /api/location/list [32m200[0m 6.925 ms - 1949[0m
[0mGET /api/customer/getUserByEmailId [32m200[0m 15.867 ms - 468[0m
[0mGET /api/customer/getUserByEmailId [32m200[0m 13.112 ms - 468[0m
[0mGET /api/customer/getUserByEmailId [32m200[0m 15.914 ms - 468[0m
[0mOPTIONS /api/customer/getUserByEmailId [32m204[0m 1.081 ms - 0[0m
[0mGET /api/customer/getUserByEmailId [36m304[0m 12.505 ms - -[0m
[0mOPTIONS /api/location/list [32m204[0m 0.521 ms - 0[0m
[0mOPTIONS /api/customer/getUserByEmailId [32m204[0m 0.437 ms - 0[0m
[0mOPTIONS /api/customer/getUserByEmailId [32m204[0m 0.751 ms - 0[0m
[0mOPTIONS /api/customer/getUserByEmailId [32m204[0m 0.361 ms - 0[0m
[0mGET /api/location/list [32m200[0m 10.111 ms - 1949[0m
[0mGET /api/customer/getUserByEmailId [32m200[0m 19.240 ms - 468[0m
[0mGET /api/customer/getUserByEmailId [32m200[0m 17.553 ms - 468[0m
[0mGET /api/customer/getUserByEmailId [32m200[0m 15.761 ms - 468[0m
[0mGET /api/customer/getUserByEmailId [36m304[0m 23.524 ms - -[0m
[0mOPTIONS /api/location/list [32m204[0m 2.661 ms - 0[0m
[0mOPTIONS /api/customer/getUserByEmailId [32m204[0m 0.404 ms - 0[0m
[0mOPTIONS /api/customer/getUserByEmailId [32m204[0m 0.294 ms - 0[0m
[0mOPTIONS /api/customer/getUserByEmailId [32m204[0m 0.209 ms - 0[0m
[0mGET /api/location/list [36m304[0m 10.490 ms - -[0m
[0mGET /api/customer/getUserByEmailId [36m304[0m 12.681 ms - -[0m
[0mGET /api/customer/getUserByEmailId [36m304[0m 2.741 ms - -[0m
[0mGET /api/customer/getUserByEmailId [36m304[0m 9.005 ms - -[0m
[0mOPTIONS /api/location/list [32m204[0m 4.843 ms - 0[0m
[0mOPTIONS /api/customer/getUserByEmailId [32m204[0m 0.499 ms - 0[0m
[0mGET /api/location/list [36m304[0m 10.829 ms - -[0m
[0mGET /api/customer/getUserByEmailId [36m304[0m 15.872 ms - -[0m
[0mOPTIONS /api/location/list [32m204[0m 9.800 ms - 0[0m
[0mGET /api/location/list [36m304[0m 16.508 ms - -[0m
[0mOPTIONS /api/customer/getUserByEmailId [32m204[0m 0.692 ms - 0[0m
[0mGET /api/customer/getUserByEmailId [36m304[0m 8.238 ms - -[0m
[0mOPTIONS /api/customer/getUserByEmailId [32m204[0m 1.429 ms - 0[0m
[0mGET /api/customer/getUserByEmailId [36m304[0m 18.077 ms - -[0m
[0mOPTIONS /api/customer/getUserByEmailId [32m204[0m 1.243 ms - 0[0m
[0mGET /api/customer/getUserByEmailId [36m304[0m 7.701 ms - -[0m
[0mOPTIONS /api/location/list [32m204[0m 6.538 ms - 0[0m
[0mOPTIONS /api/customer/getUserByEmailId [32m204[0m 0.509 ms - 0[0m
[0mOPTIONS /api/customer/getUserByEmailId [32m204[0m 0.297 ms - 0[0m
[0mOPTIONS /api/customer/getUserByEmailId [32m204[0m 0.266 ms - 0[0m
[0mGET /api/location/list [36m304[0m 16.234 ms - -[0m
[0mGET /api/customer/getUserByEmailId [36m304[0m 14.759 ms - -[0m
[0mGET /api/customer/getUserByEmailId [36m304[0m 8.832 ms - -[0m
[0mGET /api/customer/getUserByEmailId [36m304[0m 8.972 ms - -[0m
[0mOPTIONS /api/location/list [32m204[0m 0.458 ms - 0[0m
[0mOPTIONS /api/customer/getUserByEmailId [32m204[0m 0.368 ms - 0[0m
[0mOPTIONS /api/customer/getUserByEmailId [32m204[0m 0.355 ms - 0[0m
[0mOPTIONS /api/customer/getUserByEmailId [32m204[0m 0.346 ms - 0[0m
[0mGET /api/location/list [32m200[0m 5.220 ms - 1949[0m
[0mGET /api/customer/getUserByEmailId [32m200[0m 12.141 ms - 468[0m
[0mGET /api/customer/getUserByEmailId [32m200[0m 12.105 ms - 468[0m
[0mGET /api/customer/getUserByEmailId [32m200[0m 13.193 ms - 468[0m
[0mOPTIONS /api/customer/getUserByEmailId [32m204[0m 3.378 ms - 0[0m
[0mGET /api/customer/getUserByEmailId [36m304[0m 11.370 ms - -[0m
[0mOPTIONS /api/location/list [32m204[0m 4.486 ms - 0[0m
[0mOPTIONS /api/customer/getUserByEmailId [32m204[0m 0.375 ms - 0[0m
[0mOPTIONS /api/customer/getUserByEmailId [32m204[0m 0.266 ms - 0[0m
[0mOPTIONS /api/customer/getUserByEmailId [32m204[0m 0.278 ms - 0[0m
[0mGET /api/location/list [32m200[0m 17.811 ms - 1949[0m
[0mGET /api/customer/getUserByEmailId [32m200[0m 28.436 ms - 468[0m
[0mGET /api/customer/getUserByEmailId [32m200[0m 22.028 ms - 468[0m
[0mGET /api/customer/getUserByEmailId [32m200[0m 22.112 ms - 468[0m
[0mOPTIONS /api/customer/getUserByEmailId [32m204[0m 1.245 ms - 0[0m
[0mGET /api/customer/getUserByEmailId [36m304[0m 6.751 ms - -[0m
[0mOPTIONS /api/customer/getUserByEmailId [32m204[0m 1.365 ms - 0[0m
[0mGET /api/customer/getUserByEmailId [36m304[0m 7.057 ms - -[0m
[0mOPTIONS /api/location/list [32m204[0m 1.351 ms - 0[0m
[0mOPTIONS /api/customer/getUserByEmailId [32m204[0m 0.291 ms - 0[0m
[0mGET /api/location/list [36m304[0m 4.357 ms - -[0m
[0mGET /api/customer/getUserByEmailId [36m304[0m 8.689 ms - -[0m
[0mOPTIONS /api/location/list [32m204[0m 1.506 ms - 0[0m
[0mOPTIONS /api/customer/getUserByEmailId [32m204[0m 0.377 ms - 0[0m
[0mGET /api/location/list [36m304[0m 5.506 ms - -[0m
[0mGET /api/customer/getUserByEmailId [36m304[0m 13.069 ms - -[0m
[0mOPTIONS /api/customer/getUserByEmailId [32m204[0m 1.182 ms - 0[0m
[0mGET /api/customer/getUserByEmailId [36m304[0m 15.375 ms - -[0m
[0mOPTIONS /api/location/list [32m204[0m 0.546 ms - 0[0m
[0mOPTIONS /api/customer/getUserByEmailId [32m204[0m 0.386 ms - 0[0m
[0mOPTIONS /api/customer/getUserByEmailId [32m204[0m 0.310 ms - 0[0m
[0mOPTIONS /api/customer/getUserByEmailId [32m204[0m 0.270 ms - 0[0m
[0mGET /api/location/list [32m200[0m 7.532 ms - 1949[0m
[0mGET /api/customer/getUserByEmailId [32m200[0m 17.703 ms - 468[0m
[0mGET /api/customer/getUserByEmailId [32m200[0m 19.606 ms - 468[0m
[0mGET /api/customer/getUserByEmailId [32m200[0m 18.708 ms - 468[0m
[0mOPTIONS /api/customer/getUserByEmailId [32m204[0m 1.352 ms - 0[0m
[0mGET /api/customer/getUserByEmailId [36m304[0m 7.456 ms - -[0m
[0mOPTIONS /api/location/list [32m204[0m 2.333 ms - 0[0m
[0mOPTIONS /api/customer/getUserByEmailId [32m204[0m 0.476 ms - 0[0m
[0mOPTIONS /api/customer/getUserByEmailId [32m204[0m 1.323 ms - 0[0m
[0mOPTIONS /api/customer/getUserByEmailId [32m204[0m 0.349 ms - 0[0m
[0mGET /api/location/list [32m200[0m 7.231 ms - 1949[0m
[0mGET /api/customer/getUserByEmailId [32m200[0m 12.681 ms - 468[0m
[0mGET /api/customer/getUserByEmailId [32m200[0m 12.797 ms - 468[0m
[0mGET /api/customer/getUserByEmailId [32m200[0m 13.188 ms - 468[0m
[0mOPTIONS /api/website/address/create [32m204[0m 0.471 ms - 0[0m
[0mPOST /api/website/address/create [32m200[0m 22.501 ms - 56[0m
[0mOPTIONS /api/location/list [32m204[0m 0.967 ms - 0[0m
[0mOPTIONS /api/customer/getUserByEmailId [32m204[0m 0.415 ms - 0[0m
[0mOPTIONS /api/customer/getUserByEmailId [32m204[0m 0.313 ms - 0[0m
[0mOPTIONS /api/customer/getUserByEmailId [32m204[0m 0.288 ms - 0[0m
[0mGET /api/location/list [36m304[0m 4.417 ms - -[0m
[0mGET /api/customer/getUserByEmailId [32m200[0m 9.045 ms - 746[0m
[0mGET /api/customer/getUserByEmailId [36m304[0m 6.361 ms - -[0m
[0mGET /api/customer/getUserByEmailId [36m304[0m 6.057 ms - -[0m
[0mOPTIONS /api/customer/getUserByEmailId [32m204[0m 1.427 ms - 0[0m
[0mGET /api/customer/getUserByEmailId [36m304[0m 14.620 ms - -[0m
[0mOPTIONS /api/customer/getUserByEmailId [32m204[0m 0.794 ms - 0[0m
[0mOPTIONS /api/customer/getUserByEmailId [32m204[0m 0.472 ms - 0[0m
[0mOPTIONS /api/customer/getUserByEmailId [32m204[0m 0.297 ms - 0[0m
[0mGET /api/customer/getUserByEmailId [32m200[0m 14.813 ms - 746[0m
[0mGET /api/customer/getUserByEmailId [32m200[0m 17.265 ms - 746[0m
[0mGET /api/customer/getUserByEmailId [32m200[0m 16.997 ms - 746[0m
[0mOPTIONS /api/location/list [32m204[0m 1.248 ms - 0[0m
[0mOPTIONS /api/customer/getUserByEmailId [32m204[0m 0.459 ms - 0[0m
[0mGET /api/location/list [36m304[0m 15.451 ms - -[0m
[0mGET /api/customer/getUserByEmailId [36m304[0m 5.546 ms - -[0m
[0mOPTIONS /api/location/list [32m204[0m 1.153 ms - 0[0m
[0mOPTIONS /api/customer/getUserByEmailId [32m204[0m 0.199 ms - 0[0m
[0mGET /api/location/list [36m304[0m 8.308 ms - -[0m
[0mGET /api/customer/getUserByEmailId [36m304[0m 12.174 ms - -[0m
[0mOPTIONS /api/customer/getUserByEmailId [32m204[0m 1.585 ms - 0[0m
[0mGET /api/customer/getUserByEmailId [36m304[0m 11.849 ms - -[0m
[0mOPTIONS /api/location/list [32m204[0m 1.940 ms - 0[0m
[0mOPTIONS /api/customer/getUserByEmailId [32m204[0m 0.527 ms - 0[0m
[0mOPTIONS /api/customer/getUserByEmailId [32m204[0m 0.325 ms - 0[0m
[0mOPTIONS /api/customer/getUserByEmailId [32m204[0m 0.453 ms - 0[0m
[0mGET /api/location/list [32m200[0m 15.413 ms - 1949[0m
[0mGET /api/customer/getUserByEmailId [32m200[0m 18.412 ms - 746[0m
[0mGET /api/customer/getUserByEmailId [32m200[0m 17.069 ms - 746[0m
[0mGET /api/customer/getUserByEmailId [32m200[0m 19.077 ms - 746[0m
[0mOPTIONS /api/location/list [32m204[0m 2.000 ms - 0[0m
[0mOPTIONS /api/customer/getUserByEmailId [32m204[0m 0.663 ms - 0[0m
[0mOPTIONS /api/customer/getUserByEmailId [32m204[0m 0.531 ms - 0[0m
[0mOPTIONS /api/customer/getUserByEmailId [32m204[0m 0.483 ms - 0[0m
[0mGET /api/location/list [32m200[0m 21.215 ms - 1949[0m
[0mGET /api/customer/getUserByEmailId [32m200[0m 15.491 ms - 746[0m
[0mGET /api/customer/getUserByEmailId [32m200[0m 20.643 ms - 746[0m
[0mGET /api/customer/getUserByEmailId [32m200[0m 12.019 ms - 746[0m
[0mOPTIONS /api/customer/getUserByEmailId [32m204[0m 4.155 ms - 0[0m
[0mGET /api/customer/getUserByEmailId [36m304[0m 15.114 ms - -[0m
[0mOPTIONS /api/customer/getUserByEmailId [32m204[0m 2.472 ms - 0[0m
[0mGET /api/customer/getUserByEmailId [36m304[0m 10.339 ms - -[0m
[0mOPTIONS /api/customer/getUserByEmailId [32m204[0m 1.216 ms - 0[0m
[0mGET /api/customer/getUserByEmailId [36m304[0m 14.237 ms - -[0m
[0mOPTIONS /api/customer/getUserByEmailId [32m204[0m 3.154 ms - 0[0m
[0mGET /api/customer/getUserByEmailId [36m304[0m 16.840 ms - -[0m
[0mOPTIONS /api/customer/getUserByEmailId [32m204[0m 2.435 ms - 0[0m
[0mGET /api/customer/getUserByEmailId [36m304[0m 9.442 ms - -[0m
[0mOPTIONS /api/customer/getUserByEmailId [32m204[0m 0.935 ms - 0[0m
[0mOPTIONS /api/customer/getUserByEmailId [32m204[0m 0.571 ms - 0[0m
[0mOPTIONS /api/customer/getUserByEmailId [32m204[0m 1.856 ms - 0[0m
[0mGET /api/customer/getUserByEmailId [32m200[0m 10.471 ms - 746[0m
[0mGET /api/customer/getUserByEmailId [32m200[0m 13.977 ms - 746[0m
[0mGET /api/customer/getUserByEmailId [32m200[0m 14.069 ms - 746[0m
[0mOPTIONS /api/customer/getUserByEmailId [32m204[0m 1.486 ms - 0[0m
[0mGET /api/customer/getUserByEmailId [36m304[0m 15.701 ms - -[0m
[0mOPTIONS /api/customer/getUserByEmailId [32m204[0m 5.266 ms - 0[0m
[0mGET /api/customer/getUserByEmailId [36m304[0m 12.606 ms - -[0m
[0mOPTIONS /api/customer/getUserByEmailId [32m204[0m 4.207 ms - 0[0m
[0mOPTIONS /api/customer/getUserByEmailId [32m204[0m 0.438 ms - 0[0m
[0mOPTIONS /api/customer/getUserByEmailId [32m204[0m 0.387 ms - 0[0m
[0mGET /api/customer/getUserByEmailId [32m200[0m 25.255 ms - 746[0m
[0mGET /api/customer/getUserByEmailId [32m200[0m 21.785 ms - 746[0m
[0mGET /api/customer/getUserByEmailId [32m200[0m 21.206 ms - 746[0m
[0mOPTIONS /api/customer/getUserByEmailId [32m204[0m 1.063 ms - 0[0m
[0mGET /api/customer/getUserByEmailId [36m304[0m 14.204 ms - -[0m
[0mOPTIONS /api/customer/getUserByEmailId [32m204[0m 1.271 ms - 0[0m
[0mOPTIONS /api/customer/getUserByEmailId [32m204[0m 0.666 ms - 0[0m
[0mOPTIONS /api/customer/getUserByEmailId [32m204[0m 0.627 ms - 0[0m
[0mGET /api/customer/getUserByEmailId [32m200[0m 22.566 ms - 746[0m
[0mGET /api/customer/getUserByEmailId [32m200[0m 16.965 ms - 746[0m
[0mGET /api/customer/getUserByEmailId [32m200[0m 18.344 ms - 746[0m
[0mOPTIONS /api/customer/getUserByEmailId [32m204[0m 1.435 ms - 0[0m
[0mGET /api/customer/getUserByEmailId [36m304[0m 10.753 ms - -[0m
[0mOPTIONS /api/customer/getUserByEmailId [32m204[0m 2.345 ms - 0[0m
[0mGET /api/customer/getUserByEmailId [36m304[0m 34.392 ms - -[0m
[0mOPTIONS /api/location/list [32m204[0m 1.463 ms - 0[0m
[0mOPTIONS /api/customer/getUserByEmailId [32m204[0m 0.502 ms - 0[0m
[0mOPTIONS /api/customer/getUserByEmailId [32m204[0m 0.347 ms - 0[0m
[0mGET /api/location/list [36m304[0m 13.724 ms - -[0m
[0mGET /api/customer/getUserByEmailId [36m304[0m 19.921 ms - -[0m
[0mGET /api/customer/getUserByEmailId [36m304[0m 15.490 ms - -[0m
[0mOPTIONS /api/location/list [32m204[0m 2.784 ms - 0[0m
[0mOPTIONS /api/customer/getUserByEmailId [32m204[0m 0.497 ms - 0[0m
[0mOPTIONS /api/customer/getUserByEmailId [32m204[0m 0.289 ms - 0[0m
[0mGET /api/location/list [32m200[0m 15.282 ms - 1949[0m
[0mGET /api/customer/getUserByEmailId [32m200[0m 24.382 ms - 746[0m
[0mGET /api/customer/getUserByEmailId [32m200[0m 24.261 ms - 746[0m
[0mOPTIONS /api/customer/getUserByEmailId [32m204[0m 1.080 ms - 0[0m
[0mGET /api/customer/getUserByEmailId [36m304[0m 11.908 ms - -[0m
[0mOPTIONS /api/location/list [32m204[0m 2.478 ms - 0[0m
[0mOPTIONS /api/customer/getUserByEmailId [32m204[0m 0.516 ms - 0[0m
[0mOPTIONS /api/customer/getUserByEmailId [32m204[0m 0.320 ms - 0[0m
[0mOPTIONS /api/customer/getUserByEmailId [32m204[0m 0.481 ms - 0[0m
[0mGET /api/location/list [32m200[0m 19.653 ms - 1949[0m
[0mGET /api/customer/getUserByEmailId [32m200[0m 45.911 ms - 746[0m
[0mGET /api/customer/getUserByEmailId [32m200[0m 51.693 ms - 746[0m
[0mGET /api/customer/getUserByEmailId [32m200[0m 50.981 ms - 746[0m
[0mOPTIONS /api/customer/getUserByEmailId [32m204[0m 1.916 ms - 0[0m
[0mGET /api/customer/getUserByEmailId [36m304[0m 11.732 ms - -[0m
[0mOPTIONS /api/customer/getUserByEmailId [32m204[0m 1.286 ms - 0[0m
[0mGET /api/customer/getUserByEmailId [36m304[0m 10.522 ms - -[0m
[0mOPTIONS /api/customer/getUserByEmailId [32m204[0m 1.977 ms - 0[0m
[0mGET /api/customer/getUserByEmailId [36m304[0m 10.090 ms - -[0m
[0mOPTIONS /api/location/list [32m204[0m 0.866 ms - 0[0m
[0mOPTIONS /api/customer/getUserByEmailId [32m204[0m 0.583 ms - 0[0m
[0mOPTIONS /api/customer/getUserByEmailId [32m204[0m 0.599 ms - 0[0m
[0mOPTIONS /api/customer/getUserByEmailId [32m204[0m 0.423 ms - 0[0m
[0mGET /api/location/list [32m200[0m 12.068 ms - 1949[0m
[0mGET /api/customer/getUserByEmailId [32m200[0m 22.394 ms - 746[0m
[0mGET /api/customer/getUserByEmailId [32m200[0m 19.702 ms - 746[0m
[0mGET /api/customer/getUserByEmailId [32m200[0m 18.305 ms - 746[0m
[0mOPTIONS /api/location/list [32m204[0m 5.254 ms - 0[0m
[0mOPTIONS /api/customer/getUserByEmailId [32m204[0m 0.425 ms - 0[0m
[0mOPTIONS /api/customer/getUserByEmailId [32m204[0m 0.187 ms - 0[0m
[0mOPTIONS /api/customer/getUserByEmailId [32m204[0m 0.169 ms - 0[0m
[0mGET /api/location/list [36m304[0m 12.822 ms - -[0m
[0mGET /api/customer/getUserByEmailId [36m304[0m 15.385 ms - -[0m
[0mGET /api/customer/getUserByEmailId [36m304[0m 8.761 ms - -[0m
[0mGET /api/customer/getUserByEmailId [36m304[0m 7.216 ms - -[0m
[0mOPTIONS /api/customer/getUserByEmailId [32m204[0m 1.303 ms - 0[0m
[0mGET /api/customer/getUserByEmailId [36m304[0m 14.807 ms - -[0m
[0mOPTIONS /api/location/list [32m204[0m 5.229 ms - 0[0m
[0mOPTIONS /api/customer/getUserByEmailId [32m204[0m 1.001 ms - 0[0m
[0mOPTIONS /api/customer/getUserByEmailId [32m204[0m 1.154 ms - 0[0m
[0mOPTIONS /api/customer/getUserByEmailId [32m204[0m 0.613 ms - 0[0m
[0mGET /api/location/list [36m304[0m 25.890 ms - -[0m
[0mGET /api/customer/getUserByEmailId [36m304[0m 20.162 ms - -[0m
[0mGET /api/customer/getUserByEmailId [36m304[0m 26.104 ms - -[0m
[0mGET /api/customer/getUserByEmailId [36m304[0m 3.440 ms - -[0m
[0mOPTIONS /api/location/list [32m204[0m 1.284 ms - 0[0m
[0mOPTIONS /api/customer/getUserByEmailId [32m204[0m 0.315 ms - 0[0m
[0mOPTIONS /api/customer/getUserByEmailId [32m204[0m 0.213 ms - 0[0m
[0mOPTIONS /api/customer/getUserByEmailId [32m204[0m 0.662 ms - 0[0m
[0mGET /api/location/list [36m304[0m 16.497 ms - -[0m
[0mGET /api/customer/getUserByEmailId [36m304[0m 4.837 ms - -[0m
[0mGET /api/customer/getUserByEmailId [36m304[0m 7.129 ms - -[0m
[0mGET /api/customer/getUserByEmailId [36m304[0m 5.198 ms - -[0m
[0mOPTIONS /api/customer/getUserByEmailId [32m204[0m 1.690 ms - 0[0m
[0mGET /api/customer/getUserByEmailId [36m304[0m 17.636 ms - -[0m
[0mOPTIONS /api/customer/getUserByEmailId [32m204[0m 1.052 ms - 0[0m
[0mGET /api/customer/getUserByEmailId [36m304[0m 11.495 ms - -[0m
[0mOPTIONS /api/location/list [32m204[0m 0.532 ms - 0[0m
[0mOPTIONS /api/customer/getUserByEmailId [32m204[0m 0.537 ms - 0[0m
[0mOPTIONS /api/customer/getUserByEmailId [32m204[0m 0.661 ms - 0[0m
[0mOPTIONS /api/customer/getUserByEmailId [32m204[0m 4.598 ms - 0[0m
[0mGET /api/location/list [32m200[0m 16.657 ms - 1949[0m
[0mGET /api/customer/getUserByEmailId [32m200[0m 26.916 ms - 746[0m
[0mGET /api/customer/getUserByEmailId [32m200[0m 18.172 ms - 746[0m
[0mGET /api/customer/getUserByEmailId [32m200[0m 16.478 ms - 746[0m
[0mOPTIONS /api/customer/getUserByEmailId [32m204[0m 1.194 ms - 0[0m
[0mGET /api/customer/getUserByEmailId [36m304[0m 10.557 ms - -[0m
[0mOPTIONS /api/customer/getUserByEmailId [32m204[0m 5.018 ms - 0[0m
[0mGET /api/customer/getUserByEmailId [36m304[0m 11.882 ms - -[0m
[0mOPTIONS /api/customer/getUserByEmailId [32m204[0m 1.958 ms - 0[0m
[0mGET /api/customer/getUserByEmailId [36m304[0m 18.860 ms - -[0m
[0mGET /api/customer/getUserByEmailId [36m304[0m 10.950 ms - -[0m
[0mOPTIONS /api/location/list [32m204[0m 0.833 ms - 0[0m
[0mOPTIONS /api/customer/getUserByEmailId [32m204[0m 0.546 ms - 0[0m
[0mOPTIONS /api/customer/getUserByEmailId [32m204[0m 0.474 ms - 0[0m
[0mOPTIONS /api/customer/getUserByEmailId [32m204[0m 0.426 ms - 0[0m
[0mGET /api/location/list [32m200[0m 16.240 ms - 1949[0m
[0mGET /api/customer/getUserByEmailId [32m200[0m 22.438 ms - 746[0m
[0mGET /api/customer/getUserByEmailId [32m200[0m 20.084 ms - 746[0m
[0mGET /api/customer/getUserByEmailId [32m200[0m 19.702 ms - 746[0m
[0mOPTIONS /api/location/list [32m204[0m 1.355 ms - 0[0m
[0mOPTIONS /api/customer/getUserByEmailId [32m204[0m 0.426 ms - 0[0m
[0mGET /api/location/list [36m304[0m 16.896 ms - -[0m
[0mGET /api/customer/getUserByEmailId [36m304[0m 16.954 ms - -[0m
[0mGET /api/customer/getUserByEmailId [36m304[0m 31.170 ms - -[0m
[0mOPTIONS /api/location/list [32m204[0m 2.509 ms - 0[0m
[0mOPTIONS /api/customer/getUserByEmailId [32m204[0m 0.555 ms - 0[0m
[0mOPTIONS /api/customer/getUserByEmailId [32m204[0m 0.133 ms - 0[0m
[0mOPTIONS /api/customer/getUserByEmailId [32m204[0m 2.203 ms - 0[0m
[0mGET /api/location/list [36m304[0m 8.191 ms - -[0m
[0mGET /api/customer/getUserByEmailId [36m304[0m 10.646 ms - -[0m
[0mGET /api/customer/getUserByEmailId [36m304[0m 6.072 ms - -[0m
[0mGET /api/customer/getUserByEmailId [36m304[0m 2.077 ms - -[0m
[0mOPTIONS /api/location/list [32m204[0m 0.857 ms - 0[0m
[0mOPTIONS /api/customer/getUserByEmailId [32m204[0m 0.431 ms - 0[0m
[0mOPTIONS /api/customer/getUserByEmailId [32m204[0m 0.372 ms - 0[0m
[0mOPTIONS /api/customer/getUserByEmailId [32m204[0m 0.395 ms - 0[0m
[0mGET /api/location/list [32m200[0m 12.003 ms - 1949[0m
[0mGET /api/customer/getUserByEmailId [32m200[0m 23.047 ms - 746[0m
[0mGET /api/customer/getUserByEmailId [32m200[0m 41.893 ms - 746[0m
[0mGET /api/customer/getUserByEmailId [32m200[0m 46.045 ms - 746[0m
[0mOPTIONS /api/customer/getUserByEmailId [32m204[0m 4.330 ms - 0[0m
[0mGET /api/customer/getUserByEmailId [36m304[0m 9.993 ms - -[0m
[0mOPTIONS /api/location/list [32m204[0m 2.262 ms - 0[0m
[0mOPTIONS /api/customer/getUserByEmailId [32m204[0m 0.579 ms - 0[0m
[0mOPTIONS /api/customer/getUserByEmailId [32m204[0m 0.589 ms - 0[0m
[0mOPTIONS /api/customer/getUserByEmailId [32m204[0m 0.386 ms - 0[0m
[0mGET /api/location/list [36m304[0m 48.556 ms - -[0m
[0mGET /api/customer/getUserByEmailId [36m304[0m 33.447 ms - -[0m
[0mGET /api/customer/getUserByEmailId [36m304[0m 4.077 ms - -[0m
[0mGET /api/customer/getUserByEmailId [36m304[0m 2.506 ms - -[0m
[0mOPTIONS /api/customer/getUserByEmailId [32m204[0m 1.348 ms - 0[0m
[0mGET /api/customer/getUserByEmailId [36m304[0m 22.037 ms - -[0m
[0mOPTIONS /api/customer/getUserByEmailId [32m204[0m 1.118 ms - 0[0m
[0mGET /api/customer/getUserByEmailId [36m304[0m 7.632 ms - -[0m
[0mOPTIONS /api/location/list [32m204[0m 0.625 ms - 0[0m
[0mOPTIONS /api/customer/getUserByEmailId [32m204[0m 0.510 ms - 0[0m
[0mOPTIONS /api/customer/getUserByEmailId [32m204[0m 0.336 ms - 0[0m
[0mOPTIONS /api/customer/getUserByEmailId [32m204[0m 0.338 ms - 0[0m
[0mGET /api/location/list [32m200[0m 10.169 ms - 1949[0m
[0mGET /api/customer/getUserByEmailId [32m200[0m 17.154 ms - 746[0m
[0mGET /api/customer/getUserByEmailId [32m200[0m 15.675 ms - 746[0m
[0mGET /api/customer/getUserByEmailId [32m200[0m 14.599 ms - 746[0m
[0mOPTIONS /api/website/address/create [32m204[0m 5.030 ms - 0[0m
[0mPOST /api/website/address/create [32m200[0m 30.626 ms - 56[0m
[0mOPTIONS /api/location/list [32m204[0m 0.484 ms - 0[0m
[0mOPTIONS /api/customer/getUserByEmailId [32m204[0m 0.333 ms - 0[0m
[0mOPTIONS /api/customer/getUserByEmailId [32m204[0m 0.321 ms - 0[0m
[0mOPTIONS /api/customer/getUserByEmailId [32m204[0m 0.284 ms - 0[0m
[0mGET /api/location/list [36m304[0m 5.754 ms - -[0m
[0mGET /api/customer/getUserByEmailId [32m200[0m 9.546 ms - 1015[0m
[0mGET /api/customer/getUserByEmailId [36m304[0m 7.707 ms - -[0m
[0mGET /api/customer/getUserByEmailId [36m304[0m 6.631 ms - -[0m
[0mOPTIONS /api/customer/delete-address [32m204[0m 3.055 ms - 0[0m
[0mPOST /api/customer/delete-address [32m200[0m 16.435 ms - 30[0m
[0mOPTIONS /api/location/list [32m204[0m 0.534 ms - 0[0m
[0mOPTIONS /api/customer/getUserByEmailId [32m204[0m 0.551 ms - 0[0m
[0mOPTIONS /api/customer/getUserByEmailId [32m204[0m 0.357 ms - 0[0m
[0mOPTIONS /api/customer/getUserByEmailId [32m204[0m 0.273 ms - 0[0m
[0mGET /api/location/list [36m304[0m 6.150 ms - -[0m
[0mGET /api/customer/getUserByEmailId [32m200[0m 9.474 ms - 746[0m
[0mGET /api/customer/getUserByEmailId [36m304[0m 6.245 ms - -[0m
[0mGET /api/customer/getUserByEmailId [36m304[0m 6.221 ms - -[0m
[0mOPTIONS /api/customer/getUserByEmailId [32m204[0m 6.684 ms - 0[0m
[0mGET /api/customer/getUserByEmailId [36m304[0m 16.603 ms - -[0m
[0mOPTIONS /api/location/list [32m204[0m 2.600 ms - 0[0m
[0mOPTIONS /api/customer/getUserByEmailId [32m204[0m 0.504 ms - 0[0m
[0mOPTIONS /api/customer/getUserByEmailId [32m204[0m 0.340 ms - 0[0m
[0mOPTIONS /api/customer/getUserByEmailId [32m204[0m 0.368 ms - 0[0m
[0mGET /api/location/list [32m200[0m 18.349 ms - 1949[0m
[0mGET /api/customer/getUserByEmailId [32m200[0m 26.038 ms - 746[0m
[0mGET /api/customer/getUserByEmailId [32m200[0m 25.001 ms - 746[0m
[0mGET /api/customer/getUserByEmailId [32m200[0m 26.734 ms - 746[0m
[0mOPTIONS /api/customer/getUserByEmailId [32m204[0m 0.695 ms - 0[0m
[0mGET /api/customer/getUserByEmailId [32m200[0m 7.075 ms - 746[0m
[0mOPTIONS /api/website/order/history [32m204[0m 0.597 ms - 0[0m
[0mGET /api/website/order/history [36m304[0m 10.799 ms - -[0m
[0mOPTIONS /api/location/list [32m204[0m 0.625 ms - 0[0m
[0mGET /api/location/list [36m304[0m 4.957 ms - -[0m
[0mGET /api/customer/getUserByEmailId [36m304[0m 6.293 ms - -[0m
[0mOPTIONS /api/customer/getUserByEmailId [32m204[0m 2.381 ms - 0[0m
[0mGET /api/customer/getUserByEmailId [36m304[0m 15.432 ms - -[0m
[0mGET /api/customer/getUserByEmailId [36m304[0m 4.283 ms - -[0m
[0mOPTIONS /api/customer/getUserByEmailId [32m204[0m 0.513 ms - 0[0m
[0mOPTIONS /api/customer/getUserByEmailId [32m204[0m 0.396 ms - 0[0m
[0mGET /api/customer/getUserByEmailId [36m304[0m 4.272 ms - -[0m
[0mGET /api/customer/getUserByEmailId [36m304[0m 6.270 ms - -[0m
[0mOPTIONS /api/customer/getUserByEmailId [32m204[0m 1.921 ms - 0[0m
[0mOPTIONS /api/customer/getUserByEmailId [32m204[0m 0.533 ms - 0[0m
[0mGET /api/customer/getUserByEmailId [36m304[0m 12.428 ms - -[0m
[0mGET /api/customer/getUserByEmailId [36m304[0m 9.338 ms - -[0m
[0mOPTIONS /api/customer/getUserByEmailId [32m204[0m 0.588 ms - 0[0m
[0mOPTIONS /api/customer/getUserByEmailId [32m204[0m 0.484 ms - 0[0m
[0mGET /api/customer/getUserByEmailId [36m304[0m 6.437 ms - -[0m
[0mGET /api/customer/getUserByEmailId [36m304[0m 5.790 ms - -[0m
[0mOPTIONS /api/customer/getUserByEmailId [32m204[0m 2.033 ms - 0[0m
[0mOPTIONS /api/customer/getUserByEmailId [32m204[0m 0.406 ms - 0[0m
[0mGET /api/customer/getUserByEmailId [36m304[0m 14.653 ms - -[0m
[0mGET /api/customer/getUserByEmailId [36m304[0m 6.918 ms - -[0m
[0mOPTIONS /api/customer/getUserByEmailId [32m204[0m 2.476 ms - 0[0m
[0mOPTIONS /api/customer/getUserByEmailId [32m204[0m 0.451 ms - 0[0m
[0mGET /api/customer/getUserByEmailId [36m304[0m 15.260 ms - -[0m
[0mGET /api/customer/getUserByEmailId [36m304[0m 3.969 ms - -[0m
[0mGET /api/customer/getUserByEmailId [36m304[0m 14.618 ms - -[0m
[0mGET /api/customer/getUserByEmailId [36m304[0m 4.240 ms - -[0m
[0mOPTIONS /api/customer/getUserByEmailId [32m204[0m 2.359 ms - 0[0m
[0mOPTIONS /api/customer/getUserByEmailId [32m204[0m 0.619 ms - 0[0m
[0mGET /api/customer/getUserByEmailId [36m304[0m 12.607 ms - -[0m
[0mGET /api/customer/getUserByEmailId [36m304[0m 9.232 ms - -[0m
[0mGET /api/customer/getUserByEmailId [36m304[0m 15.055 ms - -[0m
[0mGET /api/customer/getUserByEmailId [36m304[0m 8.770 ms - -[0m
[0mOPTIONS /api/customer/getUserByEmailId [32m204[0m 3.439 ms - 0[0m
[0mOPTIONS /api/customer/getUserByEmailId [32m204[0m 0.547 ms - 0[0m
[0mGET /api/customer/getUserByEmailId [32m200[0m 15.960 ms - 746[0m
[0mGET /api/customer/getUserByEmailId [32m200[0m 14.750 ms - 746[0m
[0mOPTIONS /api/customer/getUserByEmailId [32m204[0m 23.424 ms - 0[0m
[0mOPTIONS /api/customer/getUserByEmailId [32m204[0m 1.307 ms - 0[0m
[0mGET /api/customer/getUserByEmailId [32m200[0m 64.550 ms - 746[0m
[0mGET /api/customer/getUserByEmailId [32m200[0m 48.123 ms - 746[0m
[0mOPTIONS /api/customer/getUserByEmailId [32m204[0m 1.903 ms - 0[0m
[0mOPTIONS /api/customer/getUserByEmailId [32m204[0m 0.453 ms - 0[0m
[0mGET /api/customer/getUserByEmailId [32m200[0m 32.206 ms - 746[0m
[0mGET /api/customer/getUserByEmailId [32m200[0m 30.144 ms - 746[0m
[0mOPTIONS /api/customer/getUserByEmailId [32m204[0m 1.085 ms - 0[0m
[0mOPTIONS /api/customer/getUserByEmailId [32m204[0m 0.304 ms - 0[0m
[0mGET /api/customer/getUserByEmailId [32m200[0m 32.274 ms - 746[0m
[0mGET /api/customer/getUserByEmailId [32m200[0m 30.910 ms - 746[0m
[0mOPTIONS /api/customer/getUserByEmailId [32m204[0m 1.757 ms - 0[0m
[0mOPTIONS /api/customer/getUserByEmailId [32m204[0m 1.812 ms - 0[0m
[0mGET /api/customer/getUserByEmailId [32m200[0m 21.822 ms - 746[0m
[0mGET /api/customer/getUserByEmailId [32m200[0m 19.381 ms - 746[0m
[0mOPTIONS /api/customer/getUserByEmailId [32m204[0m 4.771 ms - 0[0m
[0mOPTIONS /api/customer/getUserByEmailId [32m204[0m 0.480 ms - 0[0m
[0mGET /api/customer/getUserByEmailId [36m304[0m 53.698 ms - -[0m
[0mGET /api/customer/getUserByEmailId [36m304[0m 4.677 ms - -[0m
[0mOPTIONS /api/location/list [32m204[0m 1.688 ms - 0[0m
[0mOPTIONS /api/customer/getUserByEmailId [32m204[0m 0.535 ms - 0[0m
[0mOPTIONS /api/customer/getUserByEmailId [32m204[0m 0.570 ms - 0[0m
[0mOPTIONS /api/customer/getUserByEmailId [32m204[0m 0.384 ms - 0[0m
[0mGET /api/location/list [36m304[0m 23.256 ms - -[0m
[0mGET /api/customer/getUserByEmailId [36m304[0m 23.722 ms - -[0m
[0mGET /api/customer/getUserByEmailId [36m304[0m 4.429 ms - -[0m
[0mGET /api/customer/getUserByEmailId [36m304[0m 4.016 ms - -[0m
[0mOPTIONS /api/customer/rootLogin [32m204[0m 2.809 ms - 0[0m
[0mPOST /api/customer/rootLogin [32m200[0m 280.713 ms - 232[0m
[0mOPTIONS /api/location/list [32m204[0m 0.472 ms - 0[0m
[0mOPTIONS /api/customer/getUserByEmailId [32m204[0m 0.219 ms - 0[0m
[0mGET /api/location/list [36m304[0m 7.093 ms - -[0m
[0mGET /api/customer/getUserByEmailId [36m304[0m 10.142 ms - -[0m
[0mOPTIONS /api/customer/getUserByEmailId [32m204[0m 1.791 ms - 0[0m
[0mOPTIONS /api/customer/getUserByEmailId [32m204[0m 0.509 ms - 0[0m
[0mGET /api/customer/getUserByEmailId [32m200[0m 9.741 ms - 746[0m
[0mGET /api/customer/getUserByEmailId [32m200[0m 8.406 ms - 746[0m
[0mOPTIONS /api/customer/rootLogin [32m204[0m 0.539 ms - 0[0m
[0mPOST /api/customer/rootLogin [32m200[0m 254.960 ms - 232[0m
[0mOPTIONS /api/location/list [32m204[0m 0.560 ms - 0[0m
[0mOPTIONS /api/customer/getUserByEmailId [32m204[0m 0.499 ms - 0[0m
[0mGET /api/location/list [36m304[0m 3.525 ms - -[0m
[0mGET /api/customer/getUserByEmailId [36m304[0m 8.017 ms - -[0m
