[0mOPTIONS /api/product/banner-list [32m204[0m 12.259 ms - 0[0m
[0mOPTIONS /api/salon/website/getAllSalonList [32m204[0m 1.638 ms - 0[0m
[0mGET /api/product/banner-list [36m304[0m 33.880 ms - -[0m
[0mPOST /api/salon/website/getAllSalonList [32m200[0m 26.154 ms - 1719[0m
[0mGET /api/customer/google?callbackURL=http://localhost:3000 [36m302[0m 6.498 ms - 0[0m
[0mOPTIONS /api/customer/getUserByEmailId [32m204[0m 1.788 ms - 0[0m
[0mOPTIONS /api/product/banner-list [32m204[0m 3.341 ms - 0[0m
[0mOPTIONS /api/salon/website/getAllSalonList [32m204[0m 3.195 ms - 0[0m
[0mPOST /api/salon/website/getAllSalonList [32m200[0m 77.556 ms - 1719[0m
[0mGET /api/product/banner-list [36m304[0m 74.530 ms - -[0m
[0mGET /api/customer/getUserByEmailId [36m304[0m 136.830 ms - -[0m
[0mOPTIONS /api/customer/getUserByEmailId [32m204[0m 4.065 ms - 0[0m
[0mOPTIONS /api/product/banner-list [32m204[0m 0.987 ms - 0[0m
[0mOPTIONS /api/salon/website/getAllSalonList [32m204[0m 0.173 ms - 0[0m
[0mPOST /api/salon/website/getAllSalonList [32m200[0m 14.066 ms - 1719[0m
[0mGET /api/product/banner-list [36m304[0m 18.240 ms - -[0m
[0mGET /api/customer/getUserByEmailId [36m304[0m 28.959 ms - -[0m
[0mOPTIONS /api/product/banner-list [32m204[0m 0.258 ms - 0[0m
[0mOPTIONS /api/salon/website/getAllSalonList [32m204[0m 0.124 ms - 0[0m
[0mGET /api/product/banner-list [36m304[0m 2.831 ms - -[0m
[0mPOST /api/salon/website/getAllSalonList [32m200[0m 6.794 ms - 1719[0m
[0mOPTIONS /api/product/banner-list [32m204[0m 2.877 ms - 0[0m
[0mOPTIONS /api/salon/website/getAllSalonList [32m204[0m 0.344 ms - 0[0m
[0mGET /api/product/banner-list [36m304[0m 7.371 ms - -[0m
[0mPOST /api/salon/website/getAllSalonList [32m200[0m 10.301 ms - 1719[0m
[0mOPTIONS /api/product/banner-list [32m204[0m 1.529 ms - 0[0m
[0mOPTIONS /api/salon/website/getAllSalonList [32m204[0m 0.790 ms - 0[0m
[0mPOST /api/salon/website/getAllSalonList [32m200[0m 17.619 ms - 1719[0m
[0mGET /api/product/banner-list [36m304[0m 13.086 ms - -[0m
[0mGET /api/customer/google?callbackURL=http://localhost:3000 [36m302[0m 4.443 ms - 0[0m
[0mOPTIONS /api/customer/getUserByEmailId [32m204[0m 0.575 ms - 0[0m
[0mOPTIONS /api/product/banner-list [32m204[0m 0.556 ms - 0[0m
[0mOPTIONS /api/salon/website/getAllSalonList [32m204[0m 0.617 ms - 0[0m
[0mPOST /api/salon/website/getAllSalonList [32m200[0m 8.175 ms - 1719[0m
[0mGET /api/product/banner-list [36m304[0m 5.127 ms - -[0m
[0mGET /api/customer/getUserByEmailId [36m304[0m 24.834 ms - -[0m
[0mOPTIONS /api/customer/getUserByEmailId [32m204[0m 2.141 ms - 0[0m
[0mOPTIONS /api/product/banner-list [32m204[0m 6.559 ms - 0[0m
[0mOPTIONS /api/salon/website/getAllSalonList [32m204[0m 0.930 ms - 0[0m
[0mPOST /api/salon/website/getAllSalonList [32m200[0m 18.850 ms - 1719[0m
[0mGET /api/product/banner-list [36m304[0m 17.239 ms - -[0m
[0mGET /api/customer/getUserByEmailId [36m304[0m 19.790 ms - -[0m
[0mPOST /api/salon/website/getAllSalonList [32m200[0m 6.918 ms - 1719[0m
[0mGET /api/product/banner-list [36m304[0m 5.604 ms - -[0m
[0mGET /api/customer/getUserByEmailId [36m304[0m 11.272 ms - -[0m
[0mGET /api/product/banner-list [36m304[0m 1.281 ms - -[0m
[0mPOST /api/salon/website/getAllSalonList [32m200[0m 4.386 ms - 1719[0m
[0mGET /api/customer/getUserByEmailId [36m304[0m 7.436 ms - -[0m
[0mGET /api/product/banner-list [36m304[0m 11.882 ms - -[0m
[0mPOST /api/salon/website/getAllSalonList [32m200[0m 26.300 ms - 1719[0m
[0mGET /api/customer/getUserByEmailId [36m304[0m 15.750 ms - -[0m
[0mOPTIONS /api/customer/getUserByEmailId [32m204[0m 0.898 ms - 0[0m
[0mOPTIONS /api/product/banner-list [32m204[0m 0.557 ms - 0[0m
[0mOPTIONS /api/salon/website/getAllSalonList [32m204[0m 0.253 ms - 0[0m
[0mGET /api/product/banner-list [36m304[0m 4.064 ms - -[0m
[0mPOST /api/salon/website/getAllSalonList [32m200[0m 5.513 ms - 1719[0m
[0mGET /api/customer/getUserByEmailId [36m304[0m 13.078 ms - -[0m
[0mGET /api/product/banner-list [36m304[0m 11.482 ms - -[0m
[0mPOST /api/salon/website/getAllSalonList [32m200[0m 25.405 ms - 1719[0m
[0mGET /api/customer/getUserByEmailId [36m304[0m 23.102 ms - -[0m
[0mGET /api/product/banner-list [36m304[0m 2.670 ms - -[0m
[0mPOST /api/salon/website/getAllSalonList [32m200[0m 5.037 ms - 1719[0m
[0mGET /api/customer/getUserByEmailId [36m304[0m 6.927 ms - -[0m
[0mPOST /api/salon/website/getAllSalonList [32m200[0m 13.795 ms - 1719[0m
[0mGET /api/product/banner-list [36m304[0m 12.968 ms - -[0m
[0mGET /api/customer/getUserByEmailId [36m304[0m 14.104 ms - -[0m
[0mOPTIONS /api/customer/getUserByEmailId [32m204[0m 0.268 ms - 0[0m
[0mOPTIONS /api/product/banner-list [32m204[0m 1.100 ms - 0[0m
[0mOPTIONS /api/salon/website/getAllSalonList [32m204[0m 0.168 ms - 0[0m
[0mGET /api/product/banner-list [36m304[0m 2.086 ms - -[0m
[0mPOST /api/salon/website/getAllSalonList [32m200[0m 3.749 ms - 1719[0m
[0mGET /api/customer/getUserByEmailId [36m304[0m 5.796 ms - -[0m
[0mGET /api/product/banner-list [36m304[0m 2.827 ms - -[0m
[0mPOST /api/salon/website/getAllSalonList [32m200[0m 8.137 ms - 1719[0m
[0mGET /api/customer/getUserByEmailId [36m304[0m 8.181 ms - -[0m
[0mGET /api/product/banner-list [36m304[0m 5.726 ms - -[0m
[0mPOST /api/salon/website/getAllSalonList [32m200[0m 4.773 ms - 1719[0m
[0mGET /api/customer/getUserByEmailId [36m304[0m 12.478 ms - -[0m
[0mOPTIONS /api/customer/getUserByEmailId [32m204[0m 2.749 ms - 0[0m
[0mOPTIONS /api/product/banner-list [32m204[0m 7.107 ms - 0[0m
[0mOPTIONS /api/salon/website/getAllSalonList [32m204[0m 0.588 ms - 0[0m
[0mGET /api/product/banner-list [36m304[0m 7.883 ms - -[0m
[0mPOST /api/salon/website/getAllSalonList [32m200[0m 12.724 ms - 1719[0m
[0mGET /api/customer/getUserByEmailId [36m304[0m 29.741 ms - -[0m
[0mGET /api/product/banner-list [36m304[0m 6.313 ms - -[0m
[0mPOST /api/salon/website/getAllSalonList [32m200[0m 12.632 ms - 1719[0m
[0mGET /api/customer/getUserByEmailId [36m304[0m 13.314 ms - -[0m
[0mPOST /api/salon/website/getAllSalonList [32m200[0m 6.291 ms - 1719[0m
[0mGET /api/product/banner-list [36m304[0m 4.722 ms - -[0m
[0mGET /api/customer/getUserByEmailId [36m304[0m 7.950 ms - -[0m
[0mOPTIONS /api/customer/getUserByEmailId [32m204[0m 0.520 ms - 0[0m
[0mOPTIONS /api/product/banner-list [32m204[0m 0.512 ms - 0[0m
[0mOPTIONS /api/salon/website/getAllSalonList [32m204[0m 0.428 ms - 0[0m
[0mGET /api/product/banner-list [36m304[0m 3.145 ms - -[0m
[0mPOST /api/salon/website/getAllSalonList [32m200[0m 5.240 ms - 1719[0m
[0mGET /api/customer/getUserByEmailId [36m304[0m 7.216 ms - -[0m
[0mPOST /api/salon/website/getAllSalonList [32m200[0m 8.298 ms - 1719[0m
[0mGET /api/product/banner-list [36m304[0m 3.457 ms - -[0m
[0mGET /api/customer/getUserByEmailId [36m304[0m 9.268 ms - -[0m
[0mGET /api/product/banner-list [36m304[0m 2.216 ms - -[0m
[0mPOST /api/salon/website/getAllSalonList [32m200[0m 6.352 ms - 1719[0m
[0mGET /api/customer/getUserByEmailId [36m304[0m 5.839 ms - -[0m
[0mOPTIONS /api/customer/getUserByEmailId [32m204[0m 0.940 ms - 0[0m
[0mOPTIONS /api/product/banner-list [32m204[0m 0.602 ms - 0[0m
[0mOPTIONS /api/salon/website/getAllSalonList [32m204[0m 0.800 ms - 0[0m
[0mGET /api/product/banner-list [36m304[0m 2.094 ms - -[0m
[0mPOST /api/salon/website/getAllSalonList [32m200[0m 3.323 ms - 1719[0m
[0mGET /api/customer/getUserByEmailId [36m304[0m 8.357 ms - -[0m
[0mPOST /api/salon/website/getAllSalonList [32m200[0m 5.388 ms - 1719[0m
[0mGET /api/product/banner-list [36m304[0m 3.961 ms - -[0m
[0mGET /api/customer/getUserByEmailId [36m304[0m 9.088 ms - -[0m
[0mGET /api/product/banner-list [36m304[0m 2.845 ms - -[0m
[0mPOST /api/salon/website/getAllSalonList [32m200[0m 5.687 ms - 1719[0m
[0mGET /api/customer/getUserByEmailId [36m304[0m 8.757 ms - -[0m
[0mOPTIONS /api/customer/getUserByEmailId [32m204[0m 0.577 ms - 0[0m
[0mOPTIONS /api/product/banner-list [32m204[0m 0.335 ms - 0[0m
[0mOPTIONS /api/salon/website/getAllSalonList [32m204[0m 0.138 ms - 0[0m
[0mGET /api/product/banner-list [36m304[0m 5.953 ms - -[0m
[0mPOST /api/salon/website/getAllSalonList [32m200[0m 8.017 ms - 1719[0m
[0mGET /api/customer/getUserByEmailId [36m304[0m 10.920 ms - -[0m
[0mPOST /api/salon/website/getAllSalonList [32m200[0m 12.398 ms - 1719[0m
[0mGET /api/product/banner-list [36m304[0m 9.356 ms - -[0m
[0mGET /api/customer/getUserByEmailId [36m304[0m 17.896 ms - -[0m
[0mGET /api/product/banner-list [36m304[0m 10.579 ms - -[0m
[0mPOST /api/salon/website/getAllSalonList [32m200[0m 25.990 ms - 1719[0m
[0mGET /api/customer/getUserByEmailId [36m304[0m 20.985 ms - -[0m
[0mOPTIONS /api/customer/getUserByEmailId [32m204[0m 1.352 ms - 0[0m
[0mOPTIONS /api/product/banner-list [32m204[0m 0.194 ms - 0[0m
[0mOPTIONS /api/salon/website/getAllSalonList [32m204[0m 0.533 ms - 0[0m
[0mGET /api/product/banner-list [36m304[0m 9.912 ms - -[0m
[0mPOST /api/salon/website/getAllSalonList [32m200[0m 6.952 ms - 1719[0m
[0mGET /api/customer/getUserByEmailId [36m304[0m 16.970 ms - -[0m
[0mOPTIONS /api/customer/getUserByEmailId [32m204[0m 11.990 ms - 0[0m
[0mOPTIONS /api/product/banner-list [32m204[0m 1.221 ms - 0[0m
[0mOPTIONS /api/salon/website/getAllSalonList [32m204[0m 0.433 ms - 0[0m
[0mGET /api/product/banner-list [36m304[0m 29.753 ms - -[0m
[0mPOST /api/salon/website/getAllSalonList [32m200[0m 46.795 ms - 1719[0m
[0mGET /api/customer/getUserByEmailId [36m304[0m 59.936 ms - -[0m
[0mPOST /api/salon/website/getAllSalonList [32m200[0m 12.240 ms - 1719[0m
[0mGET /api/product/banner-list [36m304[0m 5.173 ms - -[0m
[0mGET /api/customer/google?callbackURL=http://localhost:3000 [36m302[0m 2.400 ms - 0[0m
[0mOPTIONS /api/customer/getUserByEmailId [32m204[0m 2.946 ms - 0[0m
[0mOPTIONS /api/product/banner-list [32m204[0m 0.479 ms - 0[0m
[0mOPTIONS /api/salon/website/getAllSalonList [32m204[0m 0.288 ms - 0[0m
[0mGET /api/product/banner-list [36m304[0m 8.136 ms - -[0m
[0mPOST /api/salon/website/getAllSalonList [32m200[0m 13.457 ms - 1719[0m
[0mGET /api/customer/getUserByEmailId [36m304[0m 31.356 ms - -[0m
[0mGET /api/product/banner-list [36m304[0m 1.533 ms - -[0m
[0mPOST /api/salon/website/getAllSalonList [32m200[0m 4.597 ms - 1719[0m
[0mGET /api/customer/getUserByEmailId [36m304[0m 6.885 ms - -[0m
[0mGET /api/customer/google?callbackURL=http://localhost:45678 [36m302[0m 7.516 ms - 0[0m
[0mOPTIONS /api/customer/getUserByEmailId [32m204[0m 5.833 ms - 0[0m
[0mOPTIONS /api/product/banner-list [32m204[0m 0.657 ms - 0[0m
[0mOPTIONS /api/salon/website/getAllSalonList [32m204[0m 0.366 ms - 0[0m
[0mGET /api/customer/getUserByEmailId [36m304[0m 22.837 ms - -[0m
[0mPOST /api/salon/website/getAllSalonList [32m200[0m 16.311 ms - 1719[0m
[0mGET /api/product/banner-list [36m304[0m 15.957 ms - -[0m
[0mOPTIONS /api/customer/getUserByEmailId [32m204[0m 1.976 ms - 0[0m
[0mOPTIONS /api/product/banner-list [32m204[0m 1.411 ms - 0[0m
[0mOPTIONS /api/salon/website/getAllSalonList [32m204[0m 0.887 ms - 0[0m
[0mGET /api/product/banner-list [36m304[0m 10.286 ms - -[0m
[0mGET /api/customer/getUserByEmailId [36m304[0m 17.865 ms - -[0m
[0mPOST /api/salon/website/getAllSalonList [32m200[0m 18.116 ms - 1719[0m
[0mOPTIONS /api/customer/getUserByEmailId [32m204[0m 2.938 ms - 0[0m
[0mOPTIONS /api/product/banner-list [32m204[0m 0.433 ms - 0[0m
[0mOPTIONS /api/salon/website/getAllSalonList [32m204[0m 1.744 ms - 0[0m
[0mGET /api/product/banner-list [32m200[0m 9.197 ms - 415[0m
[0mPOST /api/salon/website/getAllSalonList [32m200[0m 12.597 ms - 1719[0m
[0mGET /api/customer/getUserByEmailId [32m200[0m 23.539 ms - 734[0m
[0mOPTIONS /api/product/banner-list [32m204[0m 0.224 ms - 0[0m
[0mOPTIONS /api/salon/website/getAllSalonList [32m204[0m 0.114 ms - 0[0m
[0mGET /api/product/banner-list [36m304[0m 1.993 ms - -[0m
[0mPOST /api/salon/website/getAllSalonList [32m200[0m 5.921 ms - 1719[0m
[0mGET /api/customer/google?callbackURL=http://localhost:3000 [36m302[0m 1.392 ms - 0[0m
[0mOPTIONS /api/customer/getUserByEmailId [32m204[0m 2.523 ms - 0[0m
[0mOPTIONS /api/product/banner-list [32m204[0m 0.478 ms - 0[0m
[0mOPTIONS /api/salon/website/getAllSalonList [32m204[0m 0.814 ms - 0[0m
[0mGET /api/product/banner-list [36m304[0m 9.786 ms - -[0m
[0mPOST /api/salon/website/getAllSalonList [32m200[0m 14.374 ms - 1719[0m
[0mGET /api/customer/getUserByEmailId [36m304[0m 31.091 ms - -[0m
[0mGET /api/product/banner-list [36m304[0m 3.029 ms - -[0m
[0mPOST /api/salon/website/getAllSalonList [32m200[0m 3.904 ms - 1719[0m
[0mGET /api/customer/getUserByEmailId [36m304[0m 4.494 ms - -[0m
[0mGET /api/product/banner-list [36m304[0m 4.626 ms - -[0m
[0mPOST /api/salon/website/getAllSalonList [32m200[0m 4.546 ms - 1719[0m
[0mGET /api/customer/getUserByEmailId [36m304[0m 10.943 ms - -[0m
[0mOPTIONS /api/customer/getUserByEmailId [32m204[0m 0.366 ms - 0[0m
[0mOPTIONS /api/product/banner-list [32m204[0m 0.232 ms - 0[0m
[0mOPTIONS /api/salon/website/getAllSalonList [32m204[0m 0.144 ms - 0[0m
[0mGET /api/product/banner-list [36m304[0m 1.928 ms - -[0m
[0mPOST /api/salon/website/getAllSalonList [32m200[0m 6.280 ms - 1719[0m
[0mGET /api/customer/getUserByEmailId [36m304[0m 7.941 ms - -[0m
[0mGET /api/product/banner-list [36m304[0m 4.994 ms - -[0m
[0mPOST /api/salon/website/getAllSalonList [32m200[0m 5.790 ms - 1719[0m
[0mGET /api/customer/getUserByEmailId [36m304[0m 9.048 ms - -[0m
[0mGET /api/product/banner-list [36m304[0m 4.888 ms - -[0m
[0mPOST /api/salon/website/getAllSalonList [32m200[0m 11.796 ms - 1719[0m
[0mGET /api/customer/getUserByEmailId [36m304[0m 27.121 ms - -[0m
[0mOPTIONS /api/customer/getUserByEmailId [32m204[0m 0.342 ms - 0[0m
[0mOPTIONS /api/product/banner-list [32m204[0m 0.117 ms - 0[0m
[0mOPTIONS /api/salon/website/getAllSalonList [32m204[0m 0.104 ms - 0[0m
[0mGET /api/product/banner-list [36m304[0m 1.827 ms - -[0m
[0mPOST /api/salon/website/getAllSalonList [32m200[0m 5.080 ms - 1719[0m
[0mGET /api/customer/getUserByEmailId [36m304[0m 6.298 ms - -[0m
[0mGET /api/product/banner-list [36m304[0m 3.878 ms - -[0m
[0mPOST /api/salon/website/getAllSalonList [32m200[0m 6.297 ms - 1719[0m
[0mGET /api/customer/getUserByEmailId [36m304[0m 9.087 ms - -[0m
[0mGET /api/product/banner-list [36m304[0m 3.387 ms - -[0m
[0mPOST /api/salon/website/getAllSalonList [32m200[0m 3.805 ms - 1719[0m
[0mGET /api/customer/getUserByEmailId [36m304[0m 6.776 ms - -[0m
[0mOPTIONS /api/customer/getUserByEmailId [32m204[0m 0.636 ms - 0[0m
[0mOPTIONS /api/product/banner-list [32m204[0m 0.265 ms - 0[0m
[0mOPTIONS /api/salon/website/getAllSalonList [32m204[0m 0.275 ms - 0[0m
[0mGET /api/product/banner-list [36m304[0m 3.118 ms - -[0m
[0mPOST /api/salon/website/getAllSalonList [32m200[0m 4.787 ms - 1719[0m
[0mGET /api/customer/getUserByEmailId [36m304[0m 9.146 ms - -[0m
[0mGET /api/product/banner-list [36m304[0m 3.880 ms - -[0m
[0mPOST /api/salon/website/getAllSalonList [32m200[0m 4.447 ms - 1719[0m
[0mGET /api/customer/getUserByEmailId [36m304[0m 5.494 ms - -[0m
[0mGET /api/product/banner-list [36m304[0m 3.181 ms - -[0m
[0mPOST /api/salon/website/getAllSalonList [32m200[0m 4.856 ms - 1719[0m
[0mGET /api/customer/getUserByEmailId [36m304[0m 7.126 ms - -[0m
[0mOPTIONS /api/customer/getUserByEmailId [32m204[0m 0.242 ms - 0[0m
[0mOPTIONS /api/product/banner-list [32m204[0m 0.115 ms - 0[0m
[0mOPTIONS /api/salon/website/getAllSalonList [32m204[0m 0.815 ms - 0[0m
[0mPOST /api/salon/website/getAllSalonList [32m200[0m 3.508 ms - 1719[0m
[0mGET /api/product/banner-list [36m304[0m 2.815 ms - -[0m
[0mGET /api/customer/getUserByEmailId [36m304[0m 7.728 ms - -[0m
[0mGET /api/product/banner-list [36m304[0m 2.427 ms - -[0m
[0mPOST /api/salon/website/getAllSalonList [32m200[0m 4.129 ms - 1719[0m
[0mGET /api/customer/getUserByEmailId [36m304[0m 6.547 ms - -[0m
[0mGET /api/product/banner-list [36m304[0m 2.608 ms - -[0m
[0mPOST /api/salon/website/getAllSalonList [32m200[0m 5.232 ms - 1719[0m
[0mGET /api/customer/getUserByEmailId [36m304[0m 6.739 ms - -[0m
[0mOPTIONS /api/customer/getUserByEmailId [32m204[0m 4.070 ms - 0[0m
[0mOPTIONS /api/product/banner-list [32m204[0m 0.300 ms - 0[0m
[0mOPTIONS /api/salon/website/getAllSalonList [32m204[0m 0.164 ms - 0[0m
[0mGET /api/product/banner-list [36m304[0m 7.621 ms - -[0m
[0mPOST /api/salon/website/getAllSalonList [32m200[0m 8.347 ms - 1719[0m
[0mGET /api/customer/getUserByEmailId [36m304[0m 14.053 ms - -[0m
[0mPOST /api/salon/website/getAllSalonList [32m200[0m 6.823 ms - 1719[0m
[0mGET /api/product/banner-list [36m304[0m 4.992 ms - -[0m
[0mGET /api/customer/getUserByEmailId [36m304[0m 8.244 ms - -[0m
[0mOPTIONS /api/customer/getUserByEmailId [32m204[0m 3.281 ms - 0[0m
[0mOPTIONS /api/product/banner-list [32m204[0m 0.572 ms - 0[0m
[0mOPTIONS /api/salon/website/getAllSalonList [32m204[0m 0.258 ms - 0[0m
[0mGET /api/product/banner-list [36m304[0m 3.316 ms - -[0m
[0mPOST /api/salon/website/getAllSalonList [32m200[0m 7.289 ms - 1719[0m
[0mGET /api/customer/getUserByEmailId [36m304[0m 12.493 ms - -[0m
[0mGET /api/product/banner-list [36m304[0m 2.095 ms - -[0m
[0mPOST /api/salon/website/getAllSalonList [32m200[0m 5.819 ms - 1719[0m
[0mGET /api/customer/getUserByEmailId [36m304[0m 6.443 ms - -[0m
[0mGET /api/product/banner-list [36m304[0m 6.134 ms - -[0m
[0mPOST /api/salon/website/getAllSalonList [32m200[0m 8.454 ms - 1719[0m
[0mGET /api/customer/getUserByEmailId [36m304[0m 10.705 ms - -[0m
[0mOPTIONS /api/customer/getUserByEmailId [32m204[0m 0.541 ms - 0[0m
[0mOPTIONS /api/product/banner-list [32m204[0m 0.478 ms - 0[0m
[0mOPTIONS /api/salon/website/getAllSalonList [32m204[0m 0.402 ms - 0[0m
[0mGET /api/product/banner-list [36m304[0m 5.638 ms - -[0m
[0mPOST /api/salon/website/getAllSalonList [32m200[0m 5.523 ms - 1719[0m
[0mGET /api/customer/getUserByEmailId [36m304[0m 10.727 ms - -[0m
[0mPOST /api/salon/website/getAllSalonList [32m200[0m 8.353 ms - 1719[0m
[0mGET /api/product/banner-list [36m304[0m 5.681 ms - -[0m
[0mGET /api/customer/getUserByEmailId [36m304[0m 9.164 ms - -[0m
[0mPOST /api/salon/website/getAllSalonList [32m200[0m 7.251 ms - 1719[0m
[0mGET /api/product/banner-list [36m304[0m 5.912 ms - -[0m
[0mGET /api/customer/getUserByEmailId [36m304[0m 8.222 ms - -[0m
[0mOPTIONS /api/customer/getUserByEmailId [32m204[0m 0.269 ms - 0[0m
[0mOPTIONS /api/product/banner-list [32m204[0m 0.116 ms - 0[0m
[0mOPTIONS /api/salon/website/getAllSalonList [32m204[0m 0.107 ms - 0[0m
[0mGET /api/product/banner-list [36m304[0m 3.181 ms - -[0m
[0mPOST /api/salon/website/getAllSalonList [32m200[0m 7.080 ms - 1719[0m
[0mGET /api/customer/getUserByEmailId [36m304[0m 7.342 ms - -[0m
[0mPOST /api/salon/website/getAllSalonList [32m200[0m 12.727 ms - 1719[0m
[0mGET /api/product/banner-list [36m304[0m 4.367 ms - -[0m
[0mGET /api/customer/getUserByEmailId [36m304[0m 8.000 ms - -[0m
[0mPOST /api/salon/website/getAllSalonList [32m200[0m 11.923 ms - 1719[0m
[0mGET /api/product/banner-list [36m304[0m 6.394 ms - -[0m
[0mGET /api/customer/getUserByEmailId [36m304[0m 10.750 ms - -[0m
[0mOPTIONS /api/customer/getUserByEmailId [32m204[0m 0.349 ms - 0[0m
[0mOPTIONS /api/product/banner-list [32m204[0m 0.708 ms - 0[0m
[0mOPTIONS /api/salon/website/getAllSalonList [32m204[0m 4.092 ms - 0[0m
[0mPOST /api/salon/website/getAllSalonList [32m200[0m 5.855 ms - 1719[0m
[0mGET /api/product/banner-list [36m304[0m 3.526 ms - -[0m
[0mGET /api/customer/getUserByEmailId [36m304[0m 13.467 ms - -[0m
[0mPOST /api/salon/website/getAllSalonList [32m200[0m 7.060 ms - 1719[0m
[0mGET /api/product/banner-list [36m304[0m 5.313 ms - -[0m
[0mGET /api/customer/getUserByEmailId [36m304[0m 7.894 ms - -[0m
[0mGET /api/product/banner-list [36m304[0m 3.083 ms - -[0m
[0mPOST /api/salon/website/getAllSalonList [32m200[0m 14.206 ms - 1719[0m
[0mGET /api/customer/getUserByEmailId [36m304[0m 8.948 ms - -[0m
[0mOPTIONS /api/customer/getUserByEmailId [32m204[0m 0.558 ms - 0[0m
[0mOPTIONS /api/product/banner-list [32m204[0m 0.474 ms - 0[0m
[0mOPTIONS /api/salon/website/getAllSalonList [32m204[0m 0.376 ms - 0[0m
[0mGET /api/product/banner-list [36m304[0m 3.747 ms - -[0m
[0mPOST /api/salon/website/getAllSalonList [32m200[0m 5.710 ms - 1719[0m
[0mGET /api/customer/getUserByEmailId [36m304[0m 9.162 ms - -[0m
[0mPOST /api/salon/website/getAllSalonList [32m200[0m 8.482 ms - 1719[0m
[0mGET /api/product/banner-list [36m304[0m 3.770 ms - -[0m
[0mGET /api/customer/getUserByEmailId [36m304[0m 9.638 ms - -[0m
[0mPOST /api/salon/website/getAllSalonList [32m200[0m 7.865 ms - 1719[0m
[0mGET /api/product/banner-list [36m304[0m 4.593 ms - -[0m
[0mGET /api/customer/getUserByEmailId [36m304[0m 8.592 ms - -[0m
[0mOPTIONS /api/customer/getUserByEmailId [32m204[0m 0.509 ms - 0[0m
[0mOPTIONS /api/product/banner-list [32m204[0m 0.413 ms - 0[0m
[0mOPTIONS /api/salon/website/getAllSalonList [32m204[0m 0.375 ms - 0[0m
[0mGET /api/product/banner-list [36m304[0m 3.837 ms - -[0m
[0mPOST /api/salon/website/getAllSalonList [32m200[0m 6.458 ms - 1719[0m
[0mGET /api/customer/getUserByEmailId [36m304[0m 8.694 ms - -[0m
[0mPOST /api/salon/website/getAllSalonList [32m200[0m 8.452 ms - 1719[0m
[0mGET /api/product/banner-list [36m304[0m 5.514 ms - -[0m
[0mGET /api/customer/getUserByEmailId [36m304[0m 10.561 ms - -[0m
[0mPOST /api/salon/website/getAllSalonList [32m200[0m 6.762 ms - 1719[0m
[0mGET /api/product/banner-list [36m304[0m 4.334 ms - -[0m
[0mGET /api/customer/getUserByEmailId [36m304[0m 8.487 ms - -[0m
[0mOPTIONS /api/customer/getUserByEmailId [32m204[0m 0.556 ms - 0[0m
[0mOPTIONS /api/product/banner-list [32m204[0m 0.334 ms - 0[0m
[0mOPTIONS /api/salon/website/getAllSalonList [32m204[0m 0.318 ms - 0[0m
[0mGET /api/product/banner-list [36m304[0m 4.938 ms - -[0m
[0mPOST /api/salon/website/getAllSalonList [32m200[0m 8.044 ms - 1719[0m
[0mGET /api/customer/getUserByEmailId [36m304[0m 9.973 ms - -[0m
[0mPOST /api/salon/website/getAllSalonList [32m200[0m 8.862 ms - 1719[0m
[0mGET /api/product/banner-list [36m304[0m 4.722 ms - -[0m
[0mGET /api/customer/getUserByEmailId [36m304[0m 8.552 ms - -[0m
[0mPOST /api/salon/website/getAllSalonList [32m200[0m 5.960 ms - 1719[0m
[0mGET /api/product/banner-list [36m304[0m 3.725 ms - -[0m
[0mGET /api/customer/getUserByEmailId [36m304[0m 7.702 ms - -[0m
[0mOPTIONS /api/customer/getUserByEmailId [32m204[0m 0.544 ms - 0[0m
[0mOPTIONS /api/product/banner-list [32m204[0m 0.358 ms - 0[0m
[0mOPTIONS /api/salon/website/getAllSalonList [32m204[0m 0.333 ms - 0[0m
[0mGET /api/product/banner-list [36m304[0m 2.919 ms - -[0m
[0mPOST /api/salon/website/getAllSalonList [32m200[0m 5.917 ms - 1719[0m
[0mGET /api/customer/getUserByEmailId [36m304[0m 9.430 ms - -[0m
[0mPOST /api/salon/website/getAllSalonList [32m200[0m 8.602 ms - 1719[0m
[0mGET /api/product/banner-list [36m304[0m 4.014 ms - -[0m
[0mGET /api/customer/getUserByEmailId [36m304[0m 7.804 ms - -[0m
[0mPOST /api/salon/website/getAllSalonList [32m200[0m 7.135 ms - 1719[0m
[0mGET /api/product/banner-list [36m304[0m 4.988 ms - -[0m
[0mGET /api/customer/getUserByEmailId [36m304[0m 7.248 ms - -[0m
[0mOPTIONS /api/customer/getUserByEmailId [32m204[0m 0.501 ms - 0[0m
[0mOPTIONS /api/product/banner-list [32m204[0m 0.581 ms - 0[0m
[0mOPTIONS /api/salon/website/getAllSalonList [32m204[0m 0.385 ms - 0[0m
[0mGET /api/product/banner-list [36m304[0m 2.088 ms - -[0m
[0mPOST /api/salon/website/getAllSalonList [32m200[0m 6.616 ms - 1719[0m
[0mGET /api/customer/getUserByEmailId [36m304[0m 9.752 ms - -[0m
[0mPOST /api/salon/website/getAllSalonList [32m200[0m 3.487 ms - 1719[0m
[0mGET /api/product/banner-list [36m304[0m 1.862 ms - -[0m
[0mGET /api/customer/getUserByEmailId [36m304[0m 6.096 ms - -[0m
[0mGET /api/product/banner-list [36m304[0m 5.340 ms - -[0m
[0mPOST /api/salon/website/getAllSalonList [32m200[0m 7.737 ms - 1719[0m
[0mGET /api/customer/getUserByEmailId [36m304[0m 11.457 ms - -[0m
[0mOPTIONS /api/customer/getUserByEmailId [32m204[0m 0.538 ms - 0[0m
[0mOPTIONS /api/product/banner-list [32m204[0m 0.449 ms - 0[0m
[0mOPTIONS /api/salon/website/getAllSalonList [32m204[0m 0.414 ms - 0[0m
[0mGET /api/product/banner-list [36m304[0m 6.688 ms - -[0m
[0mPOST /api/salon/website/getAllSalonList [32m200[0m 6.813 ms - 1719[0m
[0mGET /api/customer/getUserByEmailId [36m304[0m 9.793 ms - -[0m
[0mPOST /api/salon/website/getAllSalonList [32m200[0m 10.088 ms - 1719[0m
[0mGET /api/product/banner-list [36m304[0m 5.972 ms - -[0m
[0mGET /api/customer/getUserByEmailId [36m304[0m 11.104 ms - -[0m
[0mGET /api/product/banner-list [36m304[0m 4.693 ms - -[0m
[0mPOST /api/salon/website/getAllSalonList [32m200[0m 9.553 ms - 1719[0m
[0mGET /api/customer/getUserByEmailId [36m304[0m 9.030 ms - -[0m
[0mOPTIONS /api/customer/getUserByEmailId [32m204[0m 0.516 ms - 0[0m
[0mOPTIONS /api/product/banner-list [32m204[0m 0.413 ms - 0[0m
[0mOPTIONS /api/salon/website/getAllSalonList [32m204[0m 0.478 ms - 0[0m
[0mGET /api/product/banner-list [36m304[0m 2.687 ms - -[0m
[0mPOST /api/salon/website/getAllSalonList [32m200[0m 3.907 ms - 1719[0m
[0mGET /api/customer/getUserByEmailId [36m304[0m 7.100 ms - -[0m
[0mPOST /api/salon/website/getAllSalonList [32m200[0m 6.927 ms - 1719[0m
[0mGET /api/product/banner-list [36m304[0m 4.527 ms - -[0m
[0mGET /api/customer/getUserByEmailId [36m304[0m 8.017 ms - -[0m
[0mGET /api/product/banner-list [36m304[0m 5.241 ms - -[0m
[0mPOST /api/salon/website/getAllSalonList [32m200[0m 7.837 ms - 1719[0m
[0mGET /api/customer/getUserByEmailId [36m304[0m 12.229 ms - -[0m
[0mOPTIONS /api/customer/getUserByEmailId [32m204[0m 0.518 ms - 0[0m
[0mOPTIONS /api/product/banner-list [32m204[0m 0.397 ms - 0[0m
[0mOPTIONS /api/salon/website/getAllSalonList [32m204[0m 0.328 ms - 0[0m
[0mGET /api/product/banner-list [36m304[0m 3.529 ms - -[0m
[0mPOST /api/salon/website/getAllSalonList [32m200[0m 5.238 ms - 1719[0m
[0mGET /api/customer/getUserByEmailId [36m304[0m 9.860 ms - -[0m
[0mGET /api/product/banner-list [36m304[0m 4.167 ms - -[0m
[0mPOST /api/salon/website/getAllSalonList [32m200[0m 7.709 ms - 1719[0m
[0mGET /api/customer/getUserByEmailId [36m304[0m 8.586 ms - -[0m
[0mPOST /api/salon/website/getAllSalonList [32m200[0m 8.211 ms - 1719[0m
[0mGET /api/product/banner-list [36m304[0m 7.149 ms - -[0m
[0mGET /api/customer/getUserByEmailId [36m304[0m 9.840 ms - -[0m
[0mOPTIONS /api/customer/getUserByEmailId [32m204[0m 1.082 ms - 0[0m
[0mOPTIONS /api/product/banner-list [32m204[0m 0.328 ms - 0[0m
[0mOPTIONS /api/salon/website/getAllSalonList [32m204[0m 0.301 ms - 0[0m
[0mPOST /api/salon/website/getAllSalonList [32m200[0m 33.709 ms - 1719[0m
[0mGET /api/customer/getUserByEmailId [36m304[0m 44.687 ms - -[0m
[0mGET /api/product/banner-list [36m304[0m 38.605 ms - -[0m
[0mGET /api/product/banner-list [36m304[0m 4.855 ms - -[0m
[0mPOST /api/salon/website/getAllSalonList [32m200[0m 11.864 ms - 1719[0m
[0mGET /api/customer/getUserByEmailId [36m304[0m 15.758 ms - -[0m
[0mGET /api/product/banner-list [36m304[0m 5.622 ms - -[0m
[0mPOST /api/salon/website/getAllSalonList [32m200[0m 7.820 ms - 1719[0m
[0mGET /api/customer/getUserByEmailId [36m304[0m 11.472 ms - -[0m
[0mOPTIONS /api/customer/getUserByEmailId [32m204[0m 0.523 ms - 0[0m
[0mOPTIONS /api/product/banner-list [32m204[0m 0.410 ms - 0[0m
[0mOPTIONS /api/salon/website/getAllSalonList [32m204[0m 0.352 ms - 0[0m
[0mGET /api/product/banner-list [36m304[0m 4.983 ms - -[0m
[0mPOST /api/salon/website/getAllSalonList [32m200[0m 6.773 ms - 1719[0m
[0mGET /api/customer/getUserByEmailId [36m304[0m 9.583 ms - -[0m
[0mPOST /api/salon/website/getAllSalonList [32m200[0m 7.929 ms - 1719[0m
[0mGET /api/product/banner-list [36m304[0m 5.200 ms - -[0m
[0mGET /api/customer/getUserByEmailId [36m304[0m 9.104 ms - -[0m
[0mOPTIONS /api/customer/getUserByEmailId [32m204[0m 5.253 ms - 0[0m
[0mOPTIONS /api/product/banner-list [32m204[0m 0.227 ms - 0[0m
[0mOPTIONS /api/salon/website/getAllSalonList [32m204[0m 0.469 ms - 0[0m
[0mGET /api/product/banner-list [36m304[0m 10.509 ms - -[0m
[0mPOST /api/salon/website/getAllSalonList [32m200[0m 10.789 ms - 1719[0m
[0mGET /api/customer/getUserByEmailId [36m304[0m 16.410 ms - -[0m
[0mPOST /api/salon/website/getAllSalonList [32m200[0m 7.911 ms - 1719[0m
[0mGET /api/product/banner-list [36m304[0m 4.395 ms - -[0m
[0mGET /api/customer/getUserByEmailId [36m304[0m 8.718 ms - -[0m
[0mPOST /api/salon/website/getAllSalonList [32m200[0m 7.792 ms - 1719[0m
[0mGET /api/product/banner-list [36m304[0m 4.165 ms - -[0m
[0mGET /api/customer/getUserByEmailId [36m304[0m 8.435 ms - -[0m
[0mOPTIONS /api/customer/getUserByEmailId [32m204[0m 0.830 ms - 0[0m
[0mOPTIONS /api/product/banner-list [32m204[0m 0.500 ms - 0[0m
[0mOPTIONS /api/salon/website/getAllSalonList [32m204[0m 0.284 ms - 0[0m
[0mGET /api/product/banner-list [36m304[0m 2.420 ms - -[0m
[0mPOST /api/salon/website/getAllSalonList [32m200[0m 4.377 ms - 1719[0m
[0mGET /api/customer/getUserByEmailId [36m304[0m 8.454 ms - -[0m
[0mPOST /api/salon/website/getAllSalonList [32m200[0m 6.901 ms - 1719[0m
[0mGET /api/product/banner-list [36m304[0m 4.960 ms - -[0m
[0mGET /api/customer/getUserByEmailId [36m304[0m 10.503 ms - -[0m
[0mPOST /api/salon/website/getAllSalonList [32m200[0m 5.760 ms - 1719[0m
[0mGET /api/product/banner-list [36m304[0m 4.692 ms - -[0m
[0mGET /api/customer/getUserByEmailId [36m304[0m 7.900 ms - -[0m
[0mOPTIONS /api/customer/getUserByEmailId [32m204[0m 0.699 ms - 0[0m
[0mOPTIONS /api/product/banner-list [32m204[0m 0.570 ms - 0[0m
[0mOPTIONS /api/salon/website/getAllSalonList [32m204[0m 0.464 ms - 0[0m
[0mGET /api/product/banner-list [36m304[0m 4.040 ms - -[0m
[0mPOST /api/salon/website/getAllSalonList [32m200[0m 3.997 ms - 1719[0m
[0mGET /api/customer/getUserByEmailId [36m304[0m 7.771 ms - -[0m
[0mGET /api/product/banner-list [36m304[0m 2.612 ms - -[0m
[0mPOST /api/salon/website/getAllSalonList [32m200[0m 11.366 ms - 1719[0m
[0mGET /api/customer/getUserByEmailId [36m304[0m 6.461 ms - -[0m
[0mOPTIONS /api/customer/getUserByEmailId [32m204[0m 3.130 ms - 0[0m
[0mOPTIONS /api/product/banner-list [32m204[0m 0.801 ms - 0[0m
[0mOPTIONS /api/salon/website/getAllSalonList [32m204[0m 0.502 ms - 0[0m
[0mGET /api/product/banner-list [36m304[0m 6.082 ms - -[0m
[0mPOST /api/salon/website/getAllSalonList [32m200[0m 8.140 ms - 1719[0m
[0mGET /api/customer/getUserByEmailId [36m304[0m 17.422 ms - -[0m
[0mGET /api/product/banner-list [36m304[0m 6.369 ms - -[0m
[0mPOST /api/salon/website/getAllSalonList [32m200[0m 5.773 ms - 1719[0m
[0mGET /api/customer/getUserByEmailId [36m304[0m 11.087 ms - -[0m
[0mPOST /api/salon/website/getAllSalonList [32m200[0m 6.686 ms - 1719[0m
[0mGET /api/product/banner-list [36m304[0m 4.360 ms - -[0m
[0mGET /api/customer/getUserByEmailId [36m304[0m 8.524 ms - -[0m
[0mOPTIONS /api/customer/getUserByEmailId [32m204[0m 0.670 ms - 0[0m
[0mOPTIONS /api/product/banner-list [32m204[0m 0.695 ms - 0[0m
[0mOPTIONS /api/salon/website/getAllSalonList [32m204[0m 0.412 ms - 0[0m
[0mGET /api/product/banner-list [36m304[0m 2.587 ms - -[0m
[0mPOST /api/salon/website/getAllSalonList [32m200[0m 6.316 ms - 1719[0m
[0mGET /api/customer/getUserByEmailId [36m304[0m 8.467 ms - -[0m
[0mGET /api/product/banner-list [36m304[0m 4.989 ms - -[0m
[0mPOST /api/salon/website/getAllSalonList [32m200[0m 6.266 ms - 1719[0m
[0mGET /api/customer/getUserByEmailId [36m304[0m 10.386 ms - -[0m
[0mPOST /api/salon/website/getAllSalonList [32m200[0m 10.870 ms - 1719[0m
[0mGET /api/product/banner-list [36m304[0m 5.841 ms - -[0m
[0mGET /api/customer/getUserByEmailId [36m304[0m 12.414 ms - -[0m
[0mOPTIONS /api/customer/getUserByEmailId [32m204[0m 0.537 ms - 0[0m
[0mOPTIONS /api/product/banner-list [32m204[0m 0.409 ms - 0[0m
[0mOPTIONS /api/salon/website/getAllSalonList [32m204[0m 0.318 ms - 0[0m
[0mGET /api/product/banner-list [36m304[0m 3.897 ms - -[0m
[0mPOST /api/salon/website/getAllSalonList [32m200[0m 5.763 ms - 1719[0m
[0mGET /api/customer/getUserByEmailId [36m304[0m 7.930 ms - -[0m
[0mGET /api/product/banner-list [36m304[0m 4.542 ms - -[0m
[0mPOST /api/salon/website/getAllSalonList [32m200[0m 7.778 ms - 1719[0m
[0mGET /api/customer/getUserByEmailId [36m304[0m 9.739 ms - -[0m
[0mPOST /api/salon/website/getAllSalonList [32m200[0m 8.149 ms - 1719[0m
[0mGET /api/product/banner-list [36m304[0m 4.456 ms - -[0m
[0mGET /api/customer/getUserByEmailId [36m304[0m 8.173 ms - -[0m
[0mOPTIONS /api/customer/getUserByEmailId [32m204[0m 0.930 ms - 0[0m
[0mOPTIONS /api/product/banner-list [32m204[0m 0.745 ms - 0[0m
[0mOPTIONS /api/salon/website/getAllSalonList [32m204[0m 1.054 ms - 0[0m
[0mGET /api/product/banner-list [36m304[0m 2.483 ms - -[0m
[0mPOST /api/salon/website/getAllSalonList [32m200[0m 4.585 ms - 1719[0m
[0mGET /api/customer/getUserByEmailId [36m304[0m 7.485 ms - -[0m
[0mGET /api/product/banner-list [36m304[0m 3.835 ms - -[0m
[0mPOST /api/salon/website/getAllSalonList [32m200[0m 7.540 ms - 1719[0m
[0mGET /api/customer/getUserByEmailId [36m304[0m 8.732 ms - -[0m
[0mGET /api/product/banner-list [36m304[0m 5.198 ms - -[0m
[0mPOST /api/salon/website/getAllSalonList [32m200[0m 7.282 ms - 1719[0m
[0mGET /api/customer/getUserByEmailId [36m304[0m 10.831 ms - -[0m
[0mOPTIONS /api/customer/getUserByEmailId [32m204[0m 0.614 ms - 0[0m
[0mOPTIONS /api/product/banner-list [32m204[0m 0.377 ms - 0[0m
[0mOPTIONS /api/salon/website/getAllSalonList [32m204[0m 0.434 ms - 0[0m
[0mGET /api/product/banner-list [36m304[0m 2.825 ms - -[0m
[0mPOST /api/salon/website/getAllSalonList [32m200[0m 4.384 ms - 1719[0m
[0mGET /api/customer/getUserByEmailId [36m304[0m 7.527 ms - -[0m
[0mPOST /api/salon/website/getAllSalonList [32m200[0m 8.074 ms - 1719[0m
[0mGET /api/product/banner-list [36m304[0m 4.435 ms - -[0m
[0mGET /api/customer/getUserByEmailId [36m304[0m 7.702 ms - -[0m
[0mPOST /api/salon/website/getAllSalonList [32m200[0m 12.408 ms - 1719[0m
[0mGET /api/product/banner-list [36m304[0m 4.782 ms - -[0m
[0mGET /api/customer/getUserByEmailId [36m304[0m 9.115 ms - -[0m
[0mOPTIONS /api/customer/getUserByEmailId [32m204[0m 0.569 ms - 0[0m
[0mOPTIONS /api/product/banner-list [32m204[0m 0.404 ms - 0[0m
[0mOPTIONS /api/salon/website/getAllSalonList [32m204[0m 0.361 ms - 0[0m
[0mGET /api/product/banner-list [36m304[0m 4.355 ms - -[0m
[0mPOST /api/salon/website/getAllSalonList [32m200[0m 6.603 ms - 1719[0m
[0mGET /api/customer/getUserByEmailId [36m304[0m 8.614 ms - -[0m
[0mGET /api/product/banner-list [36m304[0m 3.651 ms - -[0m
[0mPOST /api/salon/website/getAllSalonList [32m200[0m 10.527 ms - 1719[0m
[0mGET /api/customer/getUserByEmailId [36m304[0m 6.875 ms - -[0m
[0mGET /api/product/banner-list [36m304[0m 7.787 ms - -[0m
[0mPOST /api/salon/website/getAllSalonList [32m200[0m 10.241 ms - 1719[0m
[0mGET /api/customer/getUserByEmailId [36m304[0m 12.603 ms - -[0m
[0mOPTIONS /api/customer/getUserByEmailId [32m204[0m 4.014 ms - 0[0m
[0mOPTIONS /api/product/banner-list [32m204[0m 0.319 ms - 0[0m
[0mOPTIONS /api/salon/website/getAllSalonList [32m204[0m 0.566 ms - 0[0m
[0mGET /api/product/banner-list [36m304[0m 4.866 ms - -[0m
[0mPOST /api/salon/website/getAllSalonList [32m200[0m 6.379 ms - 1719[0m
[0mGET /api/customer/getUserByEmailId [36m304[0m 9.979 ms - -[0m
[0mPOST /api/salon/website/getAllSalonList [32m200[0m 16.398 ms - 1719[0m
[0mGET /api/product/banner-list [36m304[0m 9.132 ms - -[0m
[0mGET /api/customer/getUserByEmailId [36m304[0m 13.302 ms - -[0m
[0mPOST /api/salon/website/getAllSalonList [32m200[0m 8.386 ms - 1719[0m
[0mGET /api/product/banner-list [36m304[0m 4.383 ms - -[0m
[0mGET /api/customer/getUserByEmailId [36m304[0m 11.232 ms - -[0m
[0mOPTIONS /api/customer/getUserByEmailId [32m204[0m 1.268 ms - 0[0m
[0mOPTIONS /api/product/banner-list [32m204[0m 0.461 ms - 0[0m
[0mOPTIONS /api/salon/website/getAllSalonList [32m204[0m 4.993 ms - 0[0m
[0mGET /api/product/banner-list [36m304[0m 3.401 ms - -[0m
[0mPOST /api/salon/website/getAllSalonList [32m200[0m 5.409 ms - 1719[0m
[0mGET /api/customer/getUserByEmailId [36m304[0m 8.813 ms - -[0m
[0mGET /api/product/banner-list [36m304[0m 17.514 ms - -[0m
[0mPOST /api/salon/website/getAllSalonList [32m200[0m 22.772 ms - 1719[0m
[0mGET /api/customer/getUserByEmailId [36m304[0m 36.401 ms - -[0m
[0mGET /api/product/banner-list [36m304[0m 8.194 ms - -[0m
[0mPOST /api/salon/website/getAllSalonList [32m200[0m 20.709 ms - 1719[0m
[0mGET /api/customer/getUserByEmailId [36m304[0m 11.684 ms - -[0m
[0mOPTIONS /api/customer/getUserByEmailId [32m204[0m 0.624 ms - 0[0m
[0mOPTIONS /api/product/banner-list [32m204[0m 1.169 ms - 0[0m
[0mOPTIONS /api/salon/website/getAllSalonList [32m204[0m 0.474 ms - 0[0m
[0mGET /api/product/banner-list [36m304[0m 8.325 ms - -[0m
[0mPOST /api/salon/website/getAllSalonList [32m200[0m 9.671 ms - 1719[0m
[0mGET /api/customer/getUserByEmailId [36m304[0m 12.321 ms - -[0m
[0mOPTIONS /api/customer/getUserByEmailId [32m204[0m 7.466 ms - 0[0m
[0mOPTIONS /api/product/banner-list [32m204[0m 3.318 ms - 0[0m
[0mOPTIONS /api/salon/website/getAllSalonList [32m204[0m 0.167 ms - 0[0m
[0mPOST /api/salon/website/getAllSalonList [32m200[0m 12.116 ms - 1719[0m
[0mGET /api/product/banner-list [36m304[0m 13.413 ms - -[0m
[0mGET /api/customer/getUserByEmailId [36m304[0m 20.289 ms - -[0m
[0mGET /api/product/banner-list [36m304[0m 6.410 ms - -[0m
[0mPOST /api/salon/website/getAllSalonList [32m200[0m 21.792 ms - 1719[0m
[0mGET /api/customer/getUserByEmailId [36m304[0m 17.015 ms - -[0m
[0mGET /api/product/banner-list [36m304[0m 18.155 ms - -[0m
[0mPOST /api/salon/website/getAllSalonList [32m200[0m 16.095 ms - 1719[0m
[0mGET /api/customer/getUserByEmailId [36m304[0m 23.637 ms - -[0m
[0mOPTIONS /api/customer/getUserByEmailId [32m204[0m 3.420 ms - 0[0m
[0mOPTIONS /api/product/banner-list [32m204[0m 0.714 ms - 0[0m
[0mOPTIONS /api/salon/website/getAllSalonList [32m204[0m 0.268 ms - 0[0m
[0mPOST /api/salon/website/getAllSalonList [32m200[0m 19.049 ms - 1719[0m
[0mGET /api/product/banner-list [36m304[0m 10.437 ms - -[0m
[0mGET /api/customer/getUserByEmailId [36m304[0m 16.913 ms - -[0m
[0mGET /api/product/banner-list [36m304[0m 9.567 ms - -[0m
[0mPOST /api/salon/website/getAllSalonList [32m200[0m 9.582 ms - 1719[0m
[0mGET /api/customer/getUserByEmailId [36m304[0m 5.948 ms - -[0m
[0mOPTIONS /api/customer/getUserByEmailId [32m204[0m 5.386 ms - 0[0m
[0mOPTIONS /api/product/banner-list [32m204[0m 0.287 ms - 0[0m
[0mOPTIONS /api/salon/website/getAllSalonList [32m204[0m 0.118 ms - 0[0m
[0mGET /api/product/banner-list [36m304[0m 5.727 ms - -[0m
[0mPOST /api/salon/website/getAllSalonList [32m200[0m 13.860 ms - 1719[0m
[0mGET /api/customer/getUserByEmailId [36m304[0m 8.527 ms - -[0m
[0mPOST /api/salon/website/getAllSalonList [32m200[0m 5.903 ms - 1719[0m
[0mGET /api/product/banner-list [36m304[0m 3.595 ms - -[0m
[0mGET /api/customer/getUserByEmailId [36m304[0m 9.139 ms - -[0m
[0mGET /api/product/banner-list [36m304[0m 7.815 ms - -[0m
[0mPOST /api/salon/website/getAllSalonList [32m200[0m 7.891 ms - 1719[0m
[0mGET /api/customer/getUserByEmailId [36m304[0m 15.607 ms - -[0m
[0mOPTIONS /api/customer/getUserByEmailId [32m204[0m 6.762 ms - 0[0m
[0mOPTIONS /api/product/banner-list [32m204[0m 0.533 ms - 0[0m
[0mOPTIONS /api/salon/website/getAllSalonList [32m204[0m 1.040 ms - 0[0m
[0mGET /api/product/banner-list [36m304[0m 10.221 ms - -[0m
[0mPOST /api/salon/website/getAllSalonList [32m200[0m 11.946 ms - 1719[0m
[0mGET /api/customer/getUserByEmailId [36m304[0m 20.296 ms - -[0m
[0mPOST /api/salon/website/getAllSalonList [32m200[0m 9.040 ms - 1719[0m
[0mGET /api/product/banner-list [36m304[0m 5.050 ms - -[0m
[0mGET /api/customer/getUserByEmailId [36m304[0m 9.005 ms - -[0m
[0mGET /api/product/banner-list [36m304[0m 21.955 ms - -[0m
[0mPOST /api/salon/website/getAllSalonList [32m200[0m 24.527 ms - 1719[0m
[0mGET /api/customer/getUserByEmailId [36m304[0m 49.164 ms - -[0m
[0mOPTIONS /api/customer/getUserByEmailId [32m204[0m 0.736 ms - 0[0m
[0mOPTIONS /api/product/banner-list [32m204[0m 0.433 ms - 0[0m
[0mOPTIONS /api/salon/website/getAllSalonList [32m204[0m 0.311 ms - 0[0m
[0mGET /api/product/banner-list [36m304[0m 4.747 ms - -[0m
[0mPOST /api/salon/website/getAllSalonList [32m200[0m 6.168 ms - 1719[0m
[0mGET /api/customer/getUserByEmailId [36m304[0m 12.739 ms - -[0m
[0mOPTIONS /api/customer/getUserByEmailId [32m204[0m 7.653 ms - 0[0m
[0mOPTIONS /api/product/banner-list [32m204[0m 1.275 ms - 0[0m
[0mOPTIONS /api/salon/website/getAllSalonList [32m204[0m 0.495 ms - 0[0m
[0mPOST /api/salon/website/getAllSalonList [32m200[0m 27.059 ms - 1719[0m
[0mGET /api/product/banner-list [36m304[0m 16.922 ms - -[0m
[0mGET /api/customer/getUserByEmailId [36m304[0m 45.579 ms - -[0m
[0mGET /api/product/banner-list [36m304[0m 6.029 ms - -[0m
[0mPOST /api/salon/website/getAllSalonList [32m200[0m 10.854 ms - 1719[0m
[0mGET /api/customer/getUserByEmailId [36m304[0m 11.864 ms - -[0m
[0mGET /api/product/banner-list [36m304[0m 8.068 ms - -[0m
[0mPOST /api/salon/website/getAllSalonList [32m200[0m 12.306 ms - 1719[0m
[0mGET /api/customer/getUserByEmailId [36m304[0m 40.419 ms - -[0m
[0mOPTIONS /api/customer/getUserByEmailId [32m204[0m 37.886 ms - 0[0m
[0mOPTIONS /api/product/banner-list [32m204[0m 0.240 ms - 0[0m
[0mOPTIONS /api/salon/website/getAllSalonList [32m204[0m 0.164 ms - 0[0m
[0mGET /api/product/banner-list [36m304[0m 1.820 ms - -[0m
[0mPOST /api/salon/website/getAllSalonList [32m200[0m 8.265 ms - 1719[0m
[0mGET /api/customer/getUserByEmailId [36m304[0m 37.818 ms - -[0m
[0mGET /api/product/banner-list [36m304[0m 7.515 ms - -[0m
[0mPOST /api/salon/website/getAllSalonList [32m200[0m 8.296 ms - 1719[0m
[0mGET /api/customer/getUserByEmailId [36m304[0m 13.417 ms - -[0m
[0mGET /api/product/banner-list [36m304[0m 5.610 ms - -[0m
[0mPOST /api/salon/website/getAllSalonList [32m200[0m 7.654 ms - 1719[0m
[0mGET /api/customer/getUserByEmailId [36m304[0m 8.877 ms - -[0m
[0mOPTIONS /api/customer/getUserByEmailId [32m204[0m 0.915 ms - 0[0m
[0mOPTIONS /api/product/banner-list [32m204[0m 0.357 ms - 0[0m
[0mOPTIONS /api/salon/website/getAllSalonList [32m204[0m 0.427 ms - 0[0m
[0mGET /api/product/banner-list [36m304[0m 2.253 ms - -[0m
[0mPOST /api/salon/website/getAllSalonList [32m200[0m 3.835 ms - 1719[0m
[0mGET /api/customer/getUserByEmailId [36m304[0m 11.551 ms - -[0m
[0mGET /api/product/banner-list [36m304[0m 5.646 ms - -[0m
[0mPOST /api/salon/website/getAllSalonList [32m200[0m 11.182 ms - 1719[0m
[0mGET /api/customer/getUserByEmailId [36m304[0m 11.103 ms - -[0m
[0mPOST /api/salon/website/getAllSalonList [32m200[0m 8.125 ms - 1719[0m
[0mGET /api/product/banner-list [36m304[0m 5.275 ms - -[0m
[0mGET /api/customer/getUserByEmailId [36m304[0m 17.568 ms - -[0m
[0mOPTIONS /api/customer/getUserByEmailId [32m204[0m 2.991 ms - 0[0m
[0mOPTIONS /api/product/banner-list [32m204[0m 0.231 ms - 0[0m
[0mOPTIONS /api/salon/website/getAllSalonList [32m204[0m 0.184 ms - 0[0m
[0mPOST /api/salon/website/getAllSalonList [32m200[0m 19.150 ms - 1719[0m
[0mGET /api/product/banner-list [36m304[0m 16.686 ms - -[0m
[0mGET /api/customer/getUserByEmailId [36m304[0m 30.241 ms - -[0m
[0mGET /api/product/banner-list [36m304[0m 15.704 ms - -[0m
[0mPOST /api/salon/website/getAllSalonList [32m200[0m 36.001 ms - 1719[0m
[0mGET /api/customer/getUserByEmailId [36m304[0m 31.845 ms - -[0m
[0mOPTIONS /api/customer/getUserByEmailId [32m204[0m 1.561 ms - 0[0m
[0mOPTIONS /api/product/banner-list [32m204[0m 0.647 ms - 0[0m
[0mOPTIONS /api/salon/website/getAllSalonList [32m204[0m 2.346 ms - 0[0m
[0mPOST /api/salon/website/getAllSalonList [32m200[0m 9.017 ms - 1719[0m
[0mGET /api/product/banner-list [36m304[0m 10.557 ms - -[0m
[0mGET /api/customer/getUserByEmailId [36m304[0m 19.331 ms - -[0m
[0mOPTIONS /api/customer/getUserByEmailId [32m204[0m 6.905 ms - 0[0m
[0mOPTIONS /api/product/banner-list [32m204[0m 0.756 ms - 0[0m
[0mOPTIONS /api/salon/website/getAllSalonList [32m204[0m 0.646 ms - 0[0m
[0mGET /api/product/banner-list [36m304[0m 26.528 ms - -[0m
[0mPOST /api/salon/website/getAllSalonList [32m200[0m 18.307 ms - 1719[0m
[0mGET /api/customer/getUserByEmailId [36m304[0m 36.352 ms - -[0m
[0mGET /api/product/banner-list [36m304[0m 3.613 ms - -[0m
[0mPOST /api/salon/website/getAllSalonList [32m200[0m 3.449 ms - 1719[0m
[0mGET /api/customer/getUserByEmailId [36m304[0m 6.168 ms - -[0m
[0mGET /api/product/banner-list [36m304[0m 3.062 ms - -[0m
[0mPOST /api/salon/website/getAllSalonList [32m200[0m 5.700 ms - 1719[0m
[0mGET /api/customer/getUserByEmailId [36m304[0m 7.814 ms - -[0m
[0mOPTIONS /api/customer/getUserByEmailId [32m204[0m 0.273 ms - 0[0m
[0mOPTIONS /api/product/banner-list [32m204[0m 0.169 ms - 0[0m
[0mOPTIONS /api/salon/website/getAllSalonList [32m204[0m 0.123 ms - 0[0m
[0mGET /api/product/banner-list [36m304[0m 2.648 ms - -[0m
[0mPOST /api/salon/website/getAllSalonList [32m200[0m 6.819 ms - 1719[0m
[0mGET /api/customer/getUserByEmailId [36m304[0m 10.053 ms - -[0m
[0mGET /api/product/banner-list [36m304[0m 6.850 ms - -[0m
[0mPOST /api/salon/website/getAllSalonList [32m200[0m 20.177 ms - 1719[0m
[0mGET /api/customer/getUserByEmailId [36m304[0m 9.639 ms - -[0m
[0mGET /api/product/banner-list [36m304[0m 8.389 ms - -[0m
[0mPOST /api/salon/website/getAllSalonList [32m200[0m 13.128 ms - 1719[0m
[0mGET /api/customer/getUserByEmailId [36m304[0m 13.541 ms - -[0m
[0mOPTIONS /api/customer/getUserByEmailId [32m204[0m 0.508 ms - 0[0m
[0mOPTIONS /api/product/banner-list [32m204[0m 0.405 ms - 0[0m
[0mOPTIONS /api/salon/website/getAllSalonList [32m204[0m 0.342 ms - 0[0m
[0mGET /api/product/banner-list [36m304[0m 4.399 ms - -[0m
[0mPOST /api/salon/website/getAllSalonList [32m200[0m 4.274 ms - 1719[0m
[0mGET /api/customer/getUserByEmailId [36m304[0m 9.591 ms - -[0m
[0mPOST /api/salon/website/getAllSalonList [32m200[0m 10.353 ms - 1719[0m
[0mGET /api/product/banner-list [36m304[0m 7.024 ms - -[0m
[0mGET /api/customer/getUserByEmailId [36m304[0m 11.224 ms - -[0m
[0mPOST /api/salon/website/getAllSalonList [32m200[0m 9.041 ms - 1719[0m
[0mGET /api/product/banner-list [36m304[0m 6.206 ms - -[0m
[0mGET /api/customer/getUserByEmailId [36m304[0m 11.518 ms - -[0m
[0mOPTIONS /api/customer/getUserByEmailId [32m204[0m 0.526 ms - 0[0m
[0mOPTIONS /api/product/banner-list [32m204[0m 0.454 ms - 0[0m
[0mOPTIONS /api/salon/website/getAllSalonList [32m204[0m 0.364 ms - 0[0m
[0mGET /api/product/banner-list [36m304[0m 5.821 ms - -[0m
[0mPOST /api/salon/website/getAllSalonList [32m200[0m 7.336 ms - 1719[0m
[0mGET /api/customer/getUserByEmailId [36m304[0m 10.808 ms - -[0m
[0mPOST /api/salon/website/getAllSalonList [32m200[0m 7.194 ms - 1719[0m
[0mGET /api/product/banner-list [36m304[0m 4.837 ms - -[0m
[0mGET /api/customer/getUserByEmailId [36m304[0m 8.740 ms - -[0m
[0mGET /api/product/banner-list [36m304[0m 7.290 ms - -[0m
[0mPOST /api/salon/website/getAllSalonList [32m200[0m 11.037 ms - 1719[0m
[0mGET /api/customer/getUserByEmailId [36m304[0m 11.785 ms - -[0m
[0mOPTIONS /api/customer/getUserByEmailId [32m204[0m 0.253 ms - 0[0m
[0mOPTIONS /api/product/banner-list [32m204[0m 0.120 ms - 0[0m
[0mOPTIONS /api/salon/website/getAllSalonList [32m204[0m 0.239 ms - 0[0m
[0mPOST /api/salon/website/getAllSalonList [32m200[0m 6.584 ms - 1719[0m
[0mGET /api/product/banner-list [36m304[0m 3.265 ms - -[0m
[0mGET /api/customer/getUserByEmailId [36m304[0m 6.775 ms - -[0m
[0mGET /api/product/banner-list [36m304[0m 4.986 ms - -[0m
[0mPOST /api/salon/website/getAllSalonList [32m200[0m 22.859 ms - 1719[0m
[0mGET /api/customer/getUserByEmailId [36m304[0m 14.879 ms - -[0m
[0mGET /api/product/banner-list [36m304[0m 4.868 ms - -[0m
[0mPOST /api/salon/website/getAllSalonList [32m200[0m 7.053 ms - 1719[0m
[0mGET /api/customer/getUserByEmailId [36m304[0m 10.327 ms - -[0m
[0mOPTIONS /api/customer/getUserByEmailId [32m204[0m 2.291 ms - 0[0m
[0mOPTIONS /api/product/banner-list [32m204[0m 0.230 ms - 0[0m
[0mOPTIONS /api/salon/website/getAllSalonList [32m204[0m 0.123 ms - 0[0m
[0mGET /api/product/banner-list [36m304[0m 2.364 ms - -[0m
[0mPOST /api/salon/website/getAllSalonList [32m200[0m 4.035 ms - 1719[0m
[0mGET /api/customer/getUserByEmailId [36m304[0m 6.690 ms - -[0m
[0mGET /api/product/banner-list [36m304[0m 4.575 ms - -[0m
[0mPOST /api/salon/website/getAllSalonList [32m200[0m 8.632 ms - 1719[0m
[0mGET /api/customer/getUserByEmailId [36m304[0m 9.119 ms - -[0m
[0mGET /api/product/banner-list [36m304[0m 7.255 ms - -[0m
[0mPOST /api/salon/website/getAllSalonList [32m200[0m 9.167 ms - 1719[0m
[0mGET /api/customer/getUserByEmailId [36m304[0m 14.077 ms - -[0m
[0mOPTIONS /api/customer/getUserByEmailId [32m204[0m 3.665 ms - 0[0m
[0mOPTIONS /api/product/banner-list [32m204[0m 0.550 ms - 0[0m
[0mOPTIONS /api/salon/website/getAllSalonList [32m204[0m 0.181 ms - 0[0m
[0mGET /api/product/banner-list [36m304[0m 5.113 ms - -[0m
[0mPOST /api/salon/website/getAllSalonList [32m200[0m 13.923 ms - 1719[0m
[0mGET /api/customer/getUserByEmailId [36m304[0m 13.242 ms - -[0m
[0mGET /api/product/banner-list [36m304[0m 6.154 ms - -[0m
[0mPOST /api/salon/website/getAllSalonList [32m200[0m 23.340 ms - 1719[0m
[0mGET /api/customer/getUserByEmailId [36m304[0m 12.814 ms - -[0m
[0mGET /api/product/banner-list [36m304[0m 6.704 ms - -[0m
[0mPOST /api/salon/website/getAllSalonList [32m200[0m 8.393 ms - 1719[0m
[0mGET /api/customer/getUserByEmailId [36m304[0m 19.458 ms - -[0m
[0mOPTIONS /api/customer/getUserByEmailId [32m204[0m 3.390 ms - 0[0m
[0mOPTIONS /api/product/banner-list [32m204[0m 0.392 ms - 0[0m
[0mOPTIONS /api/salon/website/getAllSalonList [32m204[0m 0.149 ms - 0[0m
[0mGET /api/product/banner-list [36m304[0m 5.184 ms - -[0m
[0mPOST /api/salon/website/getAllSalonList [32m200[0m 9.162 ms - 1719[0m
[0mGET /api/customer/getUserByEmailId [36m304[0m 18.195 ms - -[0m
[0mPOST /api/salon/website/getAllSalonList [32m200[0m 3.450 ms - 1719[0m
[0mGET /api/product/banner-list [36m304[0m 5.899 ms - -[0m
[0mGET /api/customer/getUserByEmailId [36m304[0m 10.840 ms - -[0m
[0mGET /api/product/banner-list [36m304[0m 2.327 ms - -[0m
[0mPOST /api/salon/website/getAllSalonList [32m200[0m 4.479 ms - 1719[0m
[0mGET /api/customer/getUserByEmailId [36m304[0m 6.938 ms - -[0m
[0mOPTIONS /api/customer/getUserByEmailId [32m204[0m 4.774 ms - 0[0m
[0mOPTIONS /api/product/banner-list [32m204[0m 0.450 ms - 0[0m
[0mOPTIONS /api/salon/website/getAllSalonList [32m204[0m 0.153 ms - 0[0m
[0mPOST /api/salon/website/getAllSalonList [32m200[0m 14.769 ms - 1719[0m
[0mGET /api/product/banner-list [36m304[0m 7.300 ms - -[0m
[0mGET /api/customer/getUserByEmailId [36m304[0m 11.098 ms - -[0m
[0mGET /api/product/banner-list [36m304[0m 4.909 ms - -[0m
[0mPOST /api/salon/website/getAllSalonList [32m200[0m 6.740 ms - 1719[0m
[0mGET /api/customer/getUserByEmailId [36m304[0m 12.385 ms - -[0m
[0mGET /api/product/banner-list [36m304[0m 9.034 ms - -[0m
[0mPOST /api/salon/website/getAllSalonList [32m200[0m 15.575 ms - 1719[0m
[0mGET /api/customer/getUserByEmailId [36m304[0m 23.200 ms - -[0m
[0mOPTIONS /api/customer/getUserByEmailId [32m204[0m 0.760 ms - 0[0m
[0mOPTIONS /api/product/banner-list [32m204[0m 0.739 ms - 0[0m
[0mOPTIONS /api/salon/website/getAllSalonList [32m204[0m 1.601 ms - 0[0m
[0mGET /api/product/banner-list [36m304[0m 3.954 ms - -[0m
[0mPOST /api/salon/website/getAllSalonList [32m200[0m 4.027 ms - 1719[0m
[0mGET /api/customer/getUserByEmailId [36m304[0m 8.450 ms - -[0m
[0mGET /api/product/banner-list [36m304[0m 5.661 ms - -[0m
[0mPOST /api/salon/website/getAllSalonList [32m200[0m 5.983 ms - 1719[0m
[0mGET /api/customer/getUserByEmailId [36m304[0m 17.068 ms - -[0m
[0mPOST /api/salon/website/getAllSalonList [32m200[0m 8.780 ms - 1719[0m
[0mGET /api/product/banner-list [36m304[0m 6.680 ms - -[0m
[0mGET /api/customer/getUserByEmailId [36m304[0m 12.219 ms - -[0m
[0mOPTIONS /api/customer/getUserByEmailId [32m204[0m 6.879 ms - 0[0m
[0mOPTIONS /api/product/banner-list [32m204[0m 0.490 ms - 0[0m
[0mOPTIONS /api/salon/website/getAllSalonList [32m204[0m 0.200 ms - 0[0m
[0mGET /api/product/banner-list [36m304[0m 10.338 ms - -[0m
[0mPOST /api/salon/website/getAllSalonList [32m200[0m 30.759 ms - 1719[0m
[0mGET /api/customer/getUserByEmailId [36m304[0m 43.046 ms - -[0m
[0mGET /api/product/banner-list [36m304[0m 2.401 ms - -[0m
[0mPOST /api/salon/website/getAllSalonList [32m200[0m 3.804 ms - 1719[0m
[0mGET /api/customer/getUserByEmailId [36m304[0m 8.864 ms - -[0m
[0mPOST /api/salon/website/getAllSalonList [32m200[0m 10.417 ms - 1719[0m
[0mGET /api/product/banner-list [36m304[0m 8.123 ms - -[0m
[0mGET /api/customer/getUserByEmailId [36m304[0m 12.032 ms - -[0m
[0mOPTIONS /api/customer/getUserByEmailId [32m204[0m 0.558 ms - 0[0m
[0mOPTIONS /api/product/banner-list [32m204[0m 0.140 ms - 0[0m
[0mOPTIONS /api/salon/website/getAllSalonList [32m204[0m 0.099 ms - 0[0m
[0mGET /api/product/banner-list [36m304[0m 3.549 ms - -[0m
[0mPOST /api/salon/website/getAllSalonList [32m200[0m 8.283 ms - 1719[0m
[0mGET /api/customer/getUserByEmailId [36m304[0m 7.909 ms - -[0m
[0mPOST /api/salon/website/getAllSalonList [32m200[0m 9.313 ms - 1719[0m
[0mGET /api/product/banner-list [36m304[0m 6.756 ms - -[0m
[0mGET /api/customer/getUserByEmailId [36m304[0m 9.084 ms - -[0m
[0mGET /api/product/banner-list [36m304[0m 4.495 ms - -[0m
[0mPOST /api/salon/website/getAllSalonList [32m200[0m 11.675 ms - 1719[0m
[0mGET /api/customer/getUserByEmailId [36m304[0m 7.821 ms - -[0m
[0mOPTIONS /api/customer/getUserByEmailId [32m204[0m 0.313 ms - 0[0m
[0mOPTIONS /api/product/banner-list [32m204[0m 0.147 ms - 0[0m
[0mOPTIONS /api/salon/website/getAllSalonList [32m204[0m 0.120 ms - 0[0m
[0mPOST /api/salon/website/getAllSalonList [32m200[0m 4.260 ms - 1719[0m
[0mGET /api/product/banner-list [36m304[0m 2.952 ms - -[0m
[0mGET /api/customer/getUserByEmailId [36m304[0m 7.093 ms - -[0m
[0mGET /api/product/banner-list [36m304[0m 4.207 ms - -[0m
[0mPOST /api/salon/website/getAllSalonList [32m200[0m 5.700 ms - 1719[0m
[0mGET /api/customer/getUserByEmailId [36m304[0m 15.201 ms - -[0m
[0mGET /api/product/banner-list [36m304[0m 3.698 ms - -[0m
[0mPOST /api/salon/website/getAllSalonList [32m200[0m 9.504 ms - 1719[0m
[0mGET /api/customer/getUserByEmailId [36m304[0m 28.721 ms - -[0m
[0mOPTIONS /api/customer/getUserByEmailId [32m204[0m 7.964 ms - 0[0m
[0mOPTIONS /api/product/banner-list [32m204[0m 2.742 ms - 0[0m
[0mOPTIONS /api/salon/website/getAllSalonList [32m204[0m 1.475 ms - 0[0m
[0mGET /api/product/banner-list [36m304[0m 4.474 ms - -[0m
[0mPOST /api/salon/website/getAllSalonList [32m200[0m 10.926 ms - 1719[0m
[0mGET /api/customer/getUserByEmailId [36m304[0m 17.751 ms - -[0m
[0mPOST /api/salon/website/getAllSalonList [32m200[0m 7.523 ms - 1719[0m
[0mGET /api/product/banner-list [36m304[0m 4.801 ms - -[0m
[0mGET /api/customer/getUserByEmailId [36m304[0m 12.147 ms - -[0m
[0mPOST /api/salon/website/getAllSalonList [32m200[0m 13.479 ms - 1719[0m
[0mGET /api/product/banner-list [36m304[0m 11.758 ms - -[0m
[0mGET /api/customer/getUserByEmailId [36m304[0m 13.215 ms - -[0m
[0mOPTIONS /api/customer/getUserByEmailId [32m204[0m 3.287 ms - 0[0m
[0mOPTIONS /api/product/banner-list [32m204[0m 0.648 ms - 0[0m
[0mOPTIONS /api/salon/website/getAllSalonList [32m204[0m 0.502 ms - 0[0m
[0mGET /api/product/banner-list [36m304[0m 4.631 ms - -[0m
[0mPOST /api/salon/website/getAllSalonList [32m200[0m 9.167 ms - 1719[0m
[0mGET /api/customer/getUserByEmailId [36m304[0m 15.444 ms - -[0m
[0mPOST /api/salon/website/getAllSalonList [32m200[0m 14.463 ms - 1719[0m
[0mGET /api/product/banner-list [36m304[0m 3.011 ms - -[0m
[0mGET /api/customer/getUserByEmailId [36m304[0m 6.558 ms - -[0m
[0mGET /api/product/banner-list [36m304[0m 6.064 ms - -[0m
[0mPOST /api/salon/website/getAllSalonList [32m200[0m 22.913 ms - 1719[0m
[0mGET /api/customer/getUserByEmailId [36m304[0m 11.013 ms - -[0m
[0mOPTIONS /api/customer/getUserByEmailId [32m204[0m 13.660 ms - 0[0m
[0mOPTIONS /api/product/banner-list [32m204[0m 1.253 ms - 0[0m
[0mOPTIONS /api/salon/website/getAllSalonList [32m204[0m 0.496 ms - 0[0m
[0mGET /api/product/banner-list [36m304[0m 7.445 ms - -[0m
[0mPOST /api/salon/website/getAllSalonList [32m200[0m 11.691 ms - 1719[0m
[0mGET /api/customer/getUserByEmailId [36m304[0m 17.715 ms - -[0m
[0mPOST /api/salon/website/getAllSalonList [32m200[0m 22.675 ms - 1719[0m
[0mGET /api/product/banner-list [36m304[0m 19.689 ms - -[0m
[0mGET /api/customer/getUserByEmailId [36m304[0m 27.275 ms - -[0m
[0mGET /api/product/banner-list [36m304[0m 9.596 ms - -[0m
[0mPOST /api/salon/website/getAllSalonList [32m200[0m 29.147 ms - 1719[0m
[0mGET /api/customer/getUserByEmailId [36m304[0m 18.289 ms - -[0m
[0mOPTIONS /api/customer/getUserByEmailId [32m204[0m 7.578 ms - 0[0m
[0mOPTIONS /api/product/banner-list [32m204[0m 0.306 ms - 0[0m
[0mOPTIONS /api/salon/website/getAllSalonList [32m204[0m 0.168 ms - 0[0m
[0mGET /api/product/banner-list [36m304[0m 13.430 ms - -[0m
[0mPOST /api/salon/website/getAllSalonList [32m200[0m 16.077 ms - 1719[0m
[0mGET /api/customer/getUserByEmailId [36m304[0m 30.858 ms - -[0m
[0mGET /api/product/banner-list [36m304[0m 4.731 ms - -[0m
[0mPOST /api/salon/website/getAllSalonList [32m200[0m 53.943 ms - 1719[0m
[0mGET /api/customer/getUserByEmailId [36m304[0m 11.868 ms - -[0m
[0mOPTIONS /api/customer/getUserByEmailId [32m204[0m 0.348 ms - 0[0m
[0mOPTIONS /api/product/banner-list [32m204[0m 1.784 ms - 0[0m
[0mOPTIONS /api/salon/website/getAllSalonList [32m204[0m 0.660 ms - 0[0m
[0mGET /api/product/banner-list [36m304[0m 1.861 ms - -[0m
[0mPOST /api/salon/website/getAllSalonList [32m200[0m 2.675 ms - 1719[0m
[0mGET /api/customer/getUserByEmailId [36m304[0m 6.711 ms - -[0m
[0mOPTIONS /api/customer/getUserByEmailId [32m204[0m 10.052 ms - 0[0m
[0mOPTIONS /api/product/banner-list [32m204[0m 0.635 ms - 0[0m
[0mOPTIONS /api/salon/website/getAllSalonList [32m204[0m 0.184 ms - 0[0m
[0mGET /api/product/banner-list [36m304[0m 28.326 ms - -[0m
[0mPOST /api/salon/website/getAllSalonList [32m200[0m 35.502 ms - 1719[0m
[0mGET /api/customer/getUserByEmailId [36m304[0m 41.110 ms - -[0m
[0mOPTIONS /api/customer/getUserByEmailId [32m204[0m 10.925 ms - 0[0m
[0mOPTIONS /api/product/banner-list [32m204[0m 0.819 ms - 0[0m
[0mOPTIONS /api/salon/website/getAllSalonList [32m204[0m 0.212 ms - 0[0m
[0mGET /api/customer/getUserByEmailId [33m401[0m 8.782 ms - 36[0m
[0mGET /api/product/banner-list [36m304[0m 8.210 ms - -[0m
[0mPOST /api/salon/website/getAllSalonList [32m200[0m 23.645 ms - 1719[0m
[0mOPTIONS /api/customer/getUserByEmailId [32m204[0m 1.318 ms - 0[0m
[0mOPTIONS /api/product/banner-list [32m204[0m 0.199 ms - 0[0m
[0mOPTIONS /api/salon/website/getAllSalonList [32m204[0m 0.579 ms - 0[0m
[0mPOST /api/salon/website/getAllSalonList [32m200[0m 16.041 ms - 1719[0m
[0mGET /api/product/banner-list [36m304[0m 8.184 ms - -[0m
[0mGET /api/customer/getUserByEmailId [36m304[0m 20.712 ms - -[0m
[0mOPTIONS /api/product/banner-list [32m204[0m 1.355 ms - 0[0m
[0mOPTIONS /api/salon/website/getAllSalonList [32m204[0m 0.153 ms - 0[0m
[0mGET /api/product/banner-list [36m304[0m 17.029 ms - -[0m
[0mPOST /api/salon/website/getAllSalonList [32m200[0m 29.440 ms - 1719[0m
[0mOPTIONS /api/product/banner-list [32m204[0m 0.289 ms - 0[0m
[0mOPTIONS /api/salon/website/getAllSalonList [32m204[0m 0.144 ms - 0[0m
[0mGET /api/product/banner-list [36m304[0m 1.981 ms - -[0m
[0mPOST /api/salon/website/getAllSalonList [32m200[0m 3.672 ms - 1719[0m
[0mGET /api/customer/google?callbackURL=http://localhost:3000 [36m302[0m 5.303 ms - 0[0m
[0mOPTIONS /api/product/banner-list [32m204[0m 0.606 ms - 0[0m
[0mOPTIONS /api/salon/website/getAllSalonList [32m204[0m 1.530 ms - 0[0m
[0mGET /api/product/banner-list [36m304[0m 10.410 ms - -[0m
[0mPOST /api/salon/website/getAllSalonList [32m200[0m 10.496 ms - 1719[0m
[0mPOST /api/salon/website/getAllSalonList [32m200[0m 10.966 ms - 1719[0m
[0mGET /api/product/banner-list [36m304[0m 5.986 ms - -[0m
[0mGET /api/product/banner-list [36m304[0m 3.760 ms - -[0m
[0mPOST /api/salon/website/getAllSalonList [32m200[0m 3.724 ms - 1719[0m
[0mOPTIONS /api/product/banner-list [32m204[0m 0.252 ms - 0[0m
[0mOPTIONS /api/salon/website/getAllSalonList [32m204[0m 0.151 ms - 0[0m
[0mGET /api/product/banner-list [36m304[0m 3.540 ms - -[0m
[0mPOST /api/salon/website/getAllSalonList [32m200[0m 4.549 ms - 1719[0m
[0mGET /api/product/banner-list [36m304[0m 1.388 ms - -[0m
[0mPOST /api/salon/website/getAllSalonList [32m200[0m 2.875 ms - 1719[0m
[0mGET /api/product/banner-list [36m304[0m 6.146 ms - -[0m
[0mPOST /api/salon/website/getAllSalonList [32m200[0m 13.033 ms - 1719[0m
[0mOPTIONS /api/product/banner-list [32m204[0m 0.300 ms - 0[0m
[0mOPTIONS /api/salon/website/getAllSalonList [32m204[0m 0.220 ms - 0[0m
[0mGET /api/product/banner-list [36m304[0m 3.475 ms - -[0m
[0mPOST /api/salon/website/getAllSalonList [32m200[0m 5.356 ms - 1719[0m
[0mGET /api/product/banner-list [36m304[0m 3.042 ms - -[0m
[0mPOST /api/salon/website/getAllSalonList [32m200[0m 3.408 ms - 1719[0m
[0mGET /api/product/banner-list [36m304[0m 5.297 ms - -[0m
[0mPOST /api/salon/website/getAllSalonList [32m200[0m 10.487 ms - 1719[0m
[0mOPTIONS /api/product/banner-list [32m204[0m 0.340 ms - 0[0m
[0mOPTIONS /api/salon/website/getAllSalonList [32m204[0m 0.215 ms - 0[0m
[0mGET /api/product/banner-list [36m304[0m 4.749 ms - -[0m
[0mPOST /api/salon/website/getAllSalonList [32m200[0m 10.005 ms - 1719[0m
[0mGET /api/product/banner-list [36m304[0m 1.256 ms - -[0m
[0mPOST /api/salon/website/getAllSalonList [32m200[0m 2.885 ms - 1719[0m
[0mGET /api/product/banner-list [36m304[0m 2.687 ms - -[0m
[0mPOST /api/salon/website/getAllSalonList [32m200[0m 11.007 ms - 1719[0m
[0mOPTIONS /api/product/banner-list [32m204[0m 0.389 ms - 0[0m
[0mOPTIONS /api/salon/website/getAllSalonList [32m204[0m 0.261 ms - 0[0m
[0mPOST /api/salon/website/getAllSalonList [32m200[0m 10.212 ms - 1719[0m
[0mGET /api/product/banner-list [36m304[0m 8.938 ms - -[0m
[0mGET /api/product/banner-list [36m304[0m 3.024 ms - -[0m
[0mPOST /api/salon/website/getAllSalonList [32m200[0m 4.519 ms - 1719[0m
[0mGET /api/product/banner-list [36m304[0m 1.956 ms - -[0m
[0mPOST /api/salon/website/getAllSalonList [32m200[0m 4.224 ms - 1719[0m
[0mOPTIONS /api/product/banner-list [32m204[0m 0.318 ms - 0[0m
[0mOPTIONS /api/salon/website/getAllSalonList [32m204[0m 0.172 ms - 0[0m
[0mGET /api/product/banner-list [36m304[0m 5.265 ms - -[0m
[0mPOST /api/salon/website/getAllSalonList [32m200[0m 5.601 ms - 1719[0m
[0mGET /api/product/banner-list [36m304[0m 2.465 ms - -[0m
[0mPOST /api/salon/website/getAllSalonList [32m200[0m 4.482 ms - 1719[0m
[0mGET /api/product/banner-list [36m304[0m 8.252 ms - -[0m
[0mPOST /api/salon/website/getAllSalonList [32m200[0m 14.129 ms - 1719[0m
[0mOPTIONS /api/product/banner-list [32m204[0m 0.384 ms - 0[0m
[0mOPTIONS /api/salon/website/getAllSalonList [32m204[0m 0.156 ms - 0[0m
[0mGET /api/product/banner-list [36m304[0m 6.610 ms - -[0m
[0mPOST /api/salon/website/getAllSalonList [32m200[0m 9.052 ms - 1719[0m
[0mGET /api/product/banner-list [36m304[0m 1.685 ms - -[0m
[0mPOST /api/salon/website/getAllSalonList [32m200[0m 3.072 ms - 1719[0m
[0mGET /api/product/banner-list [36m304[0m 3.497 ms - -[0m
[0mPOST /api/salon/website/getAllSalonList [32m200[0m 7.799 ms - 1719[0m
[0mOPTIONS /api/product/banner-list [32m204[0m 0.302 ms - 0[0m
[0mOPTIONS /api/salon/website/getAllSalonList [32m204[0m 0.196 ms - 0[0m
[0mGET /api/product/banner-list [36m304[0m 3.614 ms - -[0m
[0mPOST /api/salon/website/getAllSalonList [32m200[0m 11.295 ms - 1719[0m
[0mGET /api/product/banner-list [36m304[0m 5.710 ms - -[0m
[0mPOST /api/salon/website/getAllSalonList [32m200[0m 14.047 ms - 1719[0m
[0mGET /api/product/banner-list [36m304[0m 5.516 ms - -[0m
[0mPOST /api/salon/website/getAllSalonList [32m200[0m 9.464 ms - 1719[0m
[0mOPTIONS /api/product/banner-list [32m204[0m 2.595 ms - 0[0m
[0mOPTIONS /api/salon/website/getAllSalonList [32m204[0m 0.531 ms - 0[0m
[0mGET /api/product/banner-list [36m304[0m 12.678 ms - -[0m
[0mPOST /api/salon/website/getAllSalonList [32m200[0m 11.327 ms - 1719[0m
[0mGET /api/product/banner-list [36m304[0m 6.288 ms - -[0m
[0mPOST /api/salon/website/getAllSalonList [32m200[0m 9.982 ms - 1719[0m
[0mGET /api/product/banner-list [36m304[0m 5.734 ms - -[0m
[0mPOST /api/salon/website/getAllSalonList [32m200[0m 25.718 ms - 1719[0m
[0mOPTIONS /api/product/banner-list [32m204[0m 1.154 ms - 0[0m
[0mOPTIONS /api/salon/website/getAllSalonList [32m204[0m 0.269 ms - 0[0m
[0mGET /api/product/banner-list [36m304[0m 4.150 ms - -[0m
[0mPOST /api/salon/website/getAllSalonList [32m200[0m 2.931 ms - 1719[0m
[0mGET /api/product/banner-list [36m304[0m 4.938 ms - -[0m
[0mPOST /api/salon/website/getAllSalonList [32m200[0m 19.575 ms - 1719[0m
[0mGET /api/product/banner-list [36m304[0m 1.734 ms - -[0m
[0mPOST /api/salon/website/getAllSalonList [32m200[0m 4.022 ms - 1719[0m
[0mOPTIONS /api/product/banner-list [32m204[0m 0.338 ms - 0[0m
[0mOPTIONS /api/salon/website/getAllSalonList [32m204[0m 0.151 ms - 0[0m
[0mGET /api/product/banner-list [36m304[0m 7.476 ms - -[0m
[0mPOST /api/salon/website/getAllSalonList [32m200[0m 3.059 ms - 1719[0m
[0mGET /api/product/banner-list [36m304[0m 6.733 ms - -[0m
[0mPOST /api/salon/website/getAllSalonList [32m200[0m 12.146 ms - 1719[0m
[0mGET /api/product/banner-list [36m304[0m 2.689 ms - -[0m
[0mPOST /api/salon/website/getAllSalonList [32m200[0m 4.943 ms - 1719[0m
[0mOPTIONS /api/product/banner-list [32m204[0m 0.623 ms - 0[0m
[0mOPTIONS /api/salon/website/getAllSalonList [32m204[0m 0.645 ms - 0[0m
[0mGET /api/product/banner-list [36m304[0m 17.571 ms - -[0m
[0mPOST /api/salon/website/getAllSalonList [32m200[0m 24.756 ms - 1719[0m
[0mGET /api/product/banner-list [36m304[0m 2.734 ms - -[0m
[0mPOST /api/salon/website/getAllSalonList [32m200[0m 5.421 ms - 1719[0m
[0mGET /api/product/banner-list [36m304[0m 10.328 ms - -[0m
[0mPOST /api/salon/website/getAllSalonList [32m200[0m 16.773 ms - 1719[0m
[0mOPTIONS /api/product/banner-list [32m204[0m 0.474 ms - 0[0m
[0mOPTIONS /api/salon/website/getAllSalonList [32m204[0m 0.268 ms - 0[0m
[0mPOST /api/salon/website/getAllSalonList [32m200[0m 6.407 ms - 1719[0m
[0mGET /api/product/banner-list [36m304[0m 5.832 ms - -[0m
[0mGET /api/product/banner-list [36m304[0m 3.263 ms - -[0m
[0mPOST /api/salon/website/getAllSalonList [32m200[0m 17.008 ms - 1719[0m
[0mOPTIONS /api/product/banner-list [32m204[0m 3.325 ms - 0[0m
[0mOPTIONS /api/salon/website/getAllSalonList [32m204[0m 0.288 ms - 0[0m
[0mGET /api/product/banner-list [36m304[0m 10.646 ms - -[0m
[0mPOST /api/salon/website/getAllSalonList [32m200[0m 20.534 ms - 1719[0m
[0mGET /api/product/banner-list [36m304[0m 1.597 ms - -[0m
[0mPOST /api/salon/website/getAllSalonList [32m200[0m 4.699 ms - 1719[0m
[0mGET /api/product/banner-list [36m304[0m 6.021 ms - -[0m
[0mPOST /api/salon/website/getAllSalonList [32m200[0m 15.034 ms - 1719[0m
[0mOPTIONS /api/product/banner-list [32m204[0m 4.822 ms - 0[0m
[0mOPTIONS /api/salon/website/getAllSalonList [32m204[0m 0.330 ms - 0[0m
[0mGET /api/product/banner-list [36m304[0m 7.018 ms - -[0m
[0mPOST /api/salon/website/getAllSalonList [32m200[0m 22.448 ms - 1719[0m
[0mGET /api/product/banner-list [36m304[0m 21.318 ms - -[0m
[0mPOST /api/salon/website/getAllSalonList [32m200[0m 13.715 ms - 1719[0m
[0mOPTIONS /api/product/banner-list [32m204[0m 3.617 ms - 0[0m
[0mOPTIONS /api/salon/website/getAllSalonList [32m204[0m 0.475 ms - 0[0m
[0mGET /api/product/banner-list [36m304[0m 20.464 ms - -[0m
[0mPOST /api/salon/website/getAllSalonList [32m200[0m 19.390 ms - 1719[0m
[0mOPTIONS /api/product/banner-list [32m204[0m 4.872 ms - 0[0m
[0mOPTIONS /api/salon/website/getAllSalonList [32m204[0m 0.836 ms - 0[0m
[0mGET /api/product/banner-list [36m304[0m 14.100 ms - -[0m
[0mPOST /api/salon/website/getAllSalonList [32m200[0m 23.145 ms - 1719[0m
[0mGET /api/product/banner-list [36m304[0m 10.105 ms - -[0m
[0mPOST /api/salon/website/getAllSalonList [32m200[0m 19.675 ms - 1719[0m
[0mOPTIONS /api/product/banner-list [32m204[0m 1.540 ms - 0[0m
[0mOPTIONS /api/salon/website/getAllSalonList [32m204[0m 0.623 ms - 0[0m
[0mGET /api/product/banner-list [36m304[0m 5.661 ms - -[0m
[0mPOST /api/salon/website/getAllSalonList [32m200[0m 17.239 ms - 1719[0m
[0mOPTIONS /api/salon/website/parlour-detail [32m204[0m 0.280 ms - 0[0m
[0mOPTIONS /api/salon/website/getAllServiceList [32m204[0m 0.610 ms - 0[0m
[0mPOST /api/salon/website/parlour-detail [32m200[0m 30.761 ms - 353[0m
[0mPOST /api/salon/website/getAllServiceList [32m200[0m 57.542 ms - 8402[0m
[0mGET /api/customer/google?callbackURL=http://localhost:3000 [36m302[0m 3.396 ms - 0[0m
[0mOPTIONS /api/product/banner-list [32m204[0m 0.582 ms - 0[0m
[0mOPTIONS /api/salon/website/getAllSalonList [32m204[0m 0.409 ms - 0[0m
[0mGET /api/product/banner-list [36m304[0m 4.770 ms - -[0m
[0mPOST /api/salon/website/getAllSalonList [32m200[0m 5.465 ms - 1719[0m
[0mGET /api/product/banner-list [36m304[0m 7.681 ms - -[0m
[0mPOST /api/salon/website/getAllSalonList [32m200[0m 19.833 ms - 1719[0m
[0mOPTIONS /api/product/banner-list [32m204[0m 2.199 ms - 0[0m
[0mOPTIONS /api/salon/website/getAllSalonList [32m204[0m 0.688 ms - 0[0m
[0mPOST /api/salon/website/getAllSalonList [32m200[0m 26.306 ms - 1719[0m
[0mGET /api/product/banner-list [36m304[0m 5.788 ms - -[0m
[0mOPTIONS /api/product/banner-list [32m204[0m 3.398 ms - 0[0m
[0mOPTIONS /api/salon/website/getAllSalonList [32m204[0m 0.686 ms - 0[0m
[0mPOST /api/salon/website/getAllSalonList [32m200[0m 16.841 ms - 1719[0m
[0mGET /api/product/banner-list [36m304[0m 11.016 ms - -[0m
[0mOPTIONS /api/product/banner-list [32m204[0m 2.757 ms - 0[0m
[0mOPTIONS /api/salon/website/getAllSalonList [32m204[0m 0.591 ms - 0[0m
[0mPOST /api/salon/website/getAllSalonList [32m200[0m 30.203 ms - 1719[0m
[0mGET /api/product/banner-list [36m304[0m 22.056 ms - -[0m
[0mGET /api/customer/google?callbackURL=http://localhost:3000 [36m302[0m 6.347 ms - 0[0m
[0mOPTIONS /api/customer/getUserByEmailId [32m204[0m 4.400 ms - 0[0m
[0mOPTIONS /api/product/banner-list [32m204[0m 0.511 ms - 0[0m
[0mOPTIONS /api/salon/website/getAllSalonList [32m204[0m 0.607 ms - 0[0m
[0mPOST /api/salon/website/getAllSalonList [32m200[0m 11.460 ms - 1719[0m
[0mGET /api/product/banner-list [36m304[0m 24.766 ms - -[0m
[0mGET /api/customer/getUserByEmailId [36m304[0m 36.941 ms - -[0m
[0mPOST /api/salon/website/getAllSalonList [32m200[0m 3.953 ms - 1719[0m
[0mGET /api/product/banner-list [36m304[0m 3.285 ms - -[0m
[0mGET /api/customer/getUserByEmailId [36m304[0m 9.043 ms - -[0m
[0mOPTIONS /api/customer/getUserByEmailId [32m204[0m 2.879 ms - 0[0m
[0mOPTIONS /api/product/banner-list [32m204[0m 0.777 ms - 0[0m
[0mOPTIONS /api/salon/website/getAllSalonList [32m204[0m 0.326 ms - 0[0m
[0mPOST /api/salon/website/getAllSalonList [32m200[0m 9.398 ms - 1719[0m
[0mGET /api/product/banner-list [36m304[0m 7.292 ms - -[0m
[0mGET /api/customer/getUserByEmailId [36m304[0m 17.686 ms - -[0m
[0mOPTIONS /api/product/banner-list [32m204[0m 2.148 ms - 0[0m
[0mOPTIONS /api/salon/website/getAllSalonList [32m204[0m 0.364 ms - 0[0m
[0mPOST /api/salon/website/getAllSalonList [32m200[0m 9.101 ms - 1719[0m
[0mGET /api/product/banner-list [36m304[0m 6.442 ms - -[0m
[0mGET /api/customer/google?callbackURL=http://localhost:3000 [36m302[0m 2.491 ms - 0[0m
[0mOPTIONS /api/customer/getUserByEmailId [32m204[0m 0.606 ms - 0[0m
[0mOPTIONS /api/product/banner-list [32m204[0m 0.335 ms - 0[0m
[0mOPTIONS /api/salon/website/getAllSalonList [32m204[0m 0.368 ms - 0[0m
[0mGET /api/product/banner-list [36m304[0m 10.335 ms - -[0m
[0mPOST /api/salon/website/getAllSalonList [32m200[0m 11.596 ms - 1719[0m
[0mGET /api/customer/getUserByEmailId [36m304[0m 17.283 ms - -[0m
[0mGET /api/product/banner-list [36m304[0m 4.049 ms - -[0m
[0mGET /api/customer/getUserByEmailId [36m304[0m 30.230 ms - -[0m
[0mPOST /api/salon/website/getAllSalonList [32m200[0m 13.637 ms - 1719[0m
[0mOPTIONS /api/customer/getUserByEmailId [32m204[0m 1.966 ms - 0[0m
[0mOPTIONS /api/product/banner-list [32m204[0m 0.405 ms - 0[0m
[0mOPTIONS /api/salon/website/getAllSalonList [32m204[0m 0.841 ms - 0[0m
[0mPOST /api/salon/website/getAllSalonList [32m200[0m 15.751 ms - 1719[0m
[0mGET /api/product/banner-list [36m304[0m 8.739 ms - -[0m
[0mGET /api/customer/getUserByEmailId [36m304[0m 14.055 ms - -[0m
[0mOPTIONS /api/product/banner-list [32m204[0m 6.687 ms - 0[0m
[0mOPTIONS /api/salon/website/getAllSalonList [32m204[0m 0.215 ms - 0[0m
[0mGET /api/product/banner-list [36m304[0m 12.189 ms - -[0m
[0mPOST /api/salon/website/getAllSalonList [32m200[0m 24.386 ms - 1719[0m
[0mOPTIONS /api/product/banner-list [32m204[0m 0.325 ms - 0[0m
[0mOPTIONS /api/salon/website/getAllSalonList [32m204[0m 0.707 ms - 0[0m
[0mGET /api/product/banner-list [36m304[0m 1.979 ms - -[0m
[0mPOST /api/salon/website/getAllSalonList [32m200[0m 5.552 ms - 1719[0m
[0mOPTIONS /api/product/banner-list [32m204[0m 2.203 ms - 0[0m
[0mOPTIONS /api/salon/website/getAllSalonList [32m204[0m 0.391 ms - 0[0m
[0mPOST /api/salon/website/getAllSalonList [32m200[0m 9.576 ms - 1719[0m
[0mOPTIONS /api/product/banner-list [32m204[0m 7.345 ms - 0[0m
[0mOPTIONS /api/salon/website/getAllSalonList [32m204[0m 1.037 ms - 0[0m
[0mGET /api/product/banner-list [36m304[0m 38.272 ms - -[0m
[0mPOST /api/salon/website/getAllSalonList [32m200[0m 15.948 ms - 1719[0m
[0mGET /api/customer/google?callbackURL=http://localhost:3000 [36m302[0m 8.668 ms - 0[0m
[0mOPTIONS /api/customer/getUserByEmailId [32m204[0m 2.194 ms - 0[0m
[0mOPTIONS /api/product/banner-list [32m204[0m 1.759 ms - 0[0m
[0mOPTIONS /api/salon/website/getAllSalonList [32m204[0m 0.439 ms - 0[0m
[0mPOST /api/salon/website/getAllSalonList [32m200[0m 7.195 ms - 1719[0m
[0mGET /api/product/banner-list [36m304[0m 8.752 ms - -[0m
[0mGET /api/customer/getUserByEmailId [36m304[0m 42.505 ms - -[0m
[0mGET /api/product/banner-list [36m304[0m 2.849 ms - -[0m
[0mPOST /api/salon/website/getAllSalonList [32m200[0m 14.736 ms - 1719[0m
[0mGET /api/customer/getUserByEmailId [36m304[0m 15.917 ms - -[0m
[0mOPTIONS /api/customer/getUserByEmailId [32m204[0m 9.495 ms - 0[0m
[0mOPTIONS /api/product/banner-list [32m204[0m 0.380 ms - 0[0m
[0mOPTIONS /api/salon/website/getAllSalonList [32m204[0m 0.723 ms - 0[0m
[0mGET /api/product/banner-list [36m304[0m 50.208 ms - -[0m
[0mPOST /api/salon/website/getAllSalonList [32m200[0m 53.134 ms - 1719[0m
[0mGET /api/customer/getUserByEmailId [36m304[0m 71.447 ms - -[0m
[0mOPTIONS /api/product/banner-list [32m204[0m 5.217 ms - 0[0m
[0mOPTIONS /api/salon/website/getAllSalonList [32m204[0m 0.453 ms - 0[0m
[0mGET /api/product/banner-list [32m200[0m 11.546 ms - 415[0m
[0mPOST /api/salon/website/getAllSalonList [32m200[0m 14.127 ms - 1719[0m
[0mGET /api/customer/google?callbackURL=http://localhost:3000 [36m302[0m 2.533 ms - 0[0m
[0mOPTIONS /api/customer/getUserByEmailId [32m204[0m 0.466 ms - 0[0m
[0mOPTIONS /api/product/banner-list [32m204[0m 1.495 ms - 0[0m
[0mOPTIONS /api/salon/website/getAllSalonList [32m204[0m 0.379 ms - 0[0m
[0mGET /api/product/banner-list [36m304[0m 12.137 ms - -[0m
[0mPOST /api/salon/website/getAllSalonList [32m200[0m 18.298 ms - 1719[0m
[0mGET /api/customer/getUserByEmailId [32m200[0m 30.308 ms - 473[0m
[0mPOST /api/salon/website/getAllSalonList [32m200[0m 10.111 ms - 1719[0m
[0mGET /api/product/banner-list [36m304[0m 11.329 ms - -[0m
[0mGET /api/customer/getUserByEmailId [36m304[0m 14.616 ms - -[0m
[0mOPTIONS /api/salon/website/parlour-detail [32m204[0m 0.478 ms - 0[0m
[0mOPTIONS /api/salon/website/getAllServiceList [32m204[0m 0.253 ms - 0[0m
[0mPOST /api/salon/website/parlour-detail [32m200[0m 12.952 ms - 353[0m
[0mPOST /api/salon/website/getAllServiceList [32m200[0m 39.665 ms - 8402[0m
[0mOPTIONS /api/customer/getUserByEmailId [32m204[0m 0.780 ms - 0[0m
[0mOPTIONS /api/product/banner-list [32m204[0m 0.853 ms - 0[0m
[0mOPTIONS /api/salon/website/getAllSalonList [32m204[0m 0.579 ms - 0[0m
[0mGET /api/product/banner-list [36m304[0m 9.204 ms - -[0m
[0mPOST /api/salon/website/getAllSalonList [32m200[0m 9.842 ms - 1719[0m
[0mGET /api/customer/getUserByEmailId [36m304[0m 13.782 ms - -[0m
[0mOPTIONS /api/product/banner-list [32m204[0m 1.998 ms - 0[0m
[0mOPTIONS /api/salon/website/getAllSalonList [32m204[0m 0.811 ms - 0[0m
[0mGET /api/product/banner-list [32m200[0m 6.583 ms - 415[0m
[0mPOST /api/salon/website/getAllSalonList [32m200[0m 6.056 ms - 1719[0m
[0mGET /api/customer/google?callbackURL=http://localhost:45678 [36m302[0m 4.507 ms - 0[0m
[0mOPTIONS /api/customer/getUserByEmailId [32m204[0m 14.316 ms - 0[0m
[0mOPTIONS /api/product/banner-list [32m204[0m 0.790 ms - 0[0m
[0mOPTIONS /api/salon/website/getAllSalonList [32m204[0m 0.649 ms - 0[0m
[0mPOST /api/salon/website/getAllSalonList [32m200[0m 42.839 ms - 1719[0m
[0mGET /api/product/banner-list [36m304[0m 39.921 ms - -[0m
[0mGET /api/customer/getUserByEmailId [36m304[0m 59.963 ms - -[0m
[0mGET /api/customer/google?callbackURL=http://localhost:3000 [36m302[0m 1.911 ms - 0[0m
[0mOPTIONS /api/customer/getUserByEmailId [32m204[0m 0.554 ms - 0[0m
[0mOPTIONS /api/product/banner-list [32m204[0m 1.018 ms - 0[0m
[0mOPTIONS /api/salon/website/getAllSalonList [32m204[0m 0.900 ms - 0[0m
[0mGET /api/product/banner-list [36m304[0m 3.373 ms - -[0m
[0mPOST /api/salon/website/getAllSalonList [32m200[0m 6.047 ms - 1719[0m
[0mGET /api/customer/getUserByEmailId [36m304[0m 11.051 ms - -[0m
[0mGET /api/product/banner-list [36m304[0m 1.842 ms - -[0m
[0mPOST /api/salon/website/getAllSalonList [32m200[0m 4.844 ms - 1719[0m
[0mGET /api/customer/getUserByEmailId [36m304[0m 4.314 ms - -[0m
[0mOPTIONS /api/product/banner-list [32m204[0m 1.981 ms - 0[0m
[0mOPTIONS /api/salon/website/getAllSalonList [32m204[0m 0.203 ms - 0[0m
[0mPOST /api/salon/website/getAllSalonList [32m200[0m 9.784 ms - 1719[0m
[0mGET /api/product/banner-list [36m304[0m 7.655 ms - -[0m
[0mGET /api/customer/google?callbackURL=http://localhost:3000 [36m302[0m 2.252 ms - 0[0m
[0mOPTIONS /api/customer/getUserByEmailId [32m204[0m 1.470 ms - 0[0m
[0mOPTIONS /api/product/banner-list [32m204[0m 1.505 ms - 0[0m
[0mOPTIONS /api/salon/website/getAllSalonList [32m204[0m 0.466 ms - 0[0m
[0mGET /api/product/banner-list [36m304[0m 22.384 ms - -[0m
[0mPOST /api/salon/website/getAllSalonList [32m200[0m 30.831 ms - 1719[0m
[0mGET /api/customer/getUserByEmailId [36m304[0m 53.002 ms - -[0m
[0mGET /api/product/banner-list [36m304[0m 1.417 ms - -[0m
[0mPOST /api/salon/website/getAllSalonList [32m200[0m 4.594 ms - 1719[0m
[0mGET /api/customer/getUserByEmailId [36m304[0m 4.512 ms - -[0m
[0mOPTIONS /api/customer/getUserByEmailId [32m204[0m 1.682 ms - 0[0m
[0mOPTIONS /api/product/banner-list [32m204[0m 0.242 ms - 0[0m
[0mOPTIONS /api/salon/website/getAllSalonList [32m204[0m 0.203 ms - 0[0m
[0mPOST /api/salon/website/getAllSalonList [32m200[0m 8.096 ms - 1719[0m
[0mGET /api/product/banner-list [36m304[0m 8.242 ms - -[0m
[0mGET /api/customer/getUserByEmailId [36m304[0m 18.652 ms - -[0m
[0mOPTIONS /api/product/banner-list [32m204[0m 1.920 ms - 0[0m
[0mOPTIONS /api/salon/website/getAllSalonList [32m204[0m 0.204 ms - 0[0m
[0mGET /api/product/banner-list [36m304[0m 4.583 ms - -[0m
[0mPOST /api/salon/website/getAllSalonList [32m200[0m 16.173 ms - 1719[0m
[0mGET /api/customer/google?callbackURL=http://localhost:3000 [36m302[0m 1.694 ms - 0[0m
[0mOPTIONS /api/customer/getUserByEmailId [32m204[0m 0.576 ms - 0[0m
[0mOPTIONS /api/product/banner-list [32m204[0m 0.436 ms - 0[0m
[0mOPTIONS /api/salon/website/getAllSalonList [32m204[0m 0.559 ms - 0[0m
[0mGET /api/product/banner-list [36m304[0m 6.104 ms - -[0m
[0mPOST /api/salon/website/getAllSalonList [32m200[0m 7.643 ms - 1719[0m
[0mGET /api/customer/getUserByEmailId [36m304[0m 14.009 ms - -[0m
[0mGET /api/customer/getUserByEmailId [36m304[0m 7.803 ms - -[0m
[0mGET /api/product/banner-list [36m304[0m 1.041 ms - -[0m
[0mPOST /api/salon/website/getAllSalonList [32m200[0m 4.314 ms - 1719[0m
[0mGET /api/customer/getUserByEmailId [36m304[0m 5.052 ms - -[0m
[0mOPTIONS /api/customer/getUserByEmailId [32m204[0m 3.289 ms - 0[0m
[0mOPTIONS /api/product/banner-list [32m204[0m 0.280 ms - 0[0m
[0mOPTIONS /api/salon/website/getAllSalonList [32m204[0m 0.607 ms - 0[0m
[0mGET /api/product/banner-list [36m304[0m 13.097 ms - -[0m
[0mPOST /api/salon/website/getAllSalonList [32m200[0m 11.856 ms - 1719[0m
[0mGET /api/customer/getUserByEmailId [36m304[0m 23.613 ms - -[0m
[0mGET /api/product/banner-list [36m304[0m 1.108 ms - -[0m
[0mPOST /api/salon/website/getAllSalonList [32m200[0m 3.876 ms - 1719[0m
[0mOPTIONS /api/product/banner-list [32m204[0m 2.296 ms - 0[0m
[0mOPTIONS /api/salon/website/getAllSalonList [32m204[0m 0.479 ms - 0[0m
[0mGET /api/product/banner-list [36m304[0m 7.059 ms - -[0m
[0mPOST /api/salon/website/getAllSalonList [32m200[0m 21.206 ms - 1719[0m
[0mGET /api/customer/google?callbackURL=http://localhost:3000 [36m302[0m 1.160 ms - 0[0m
[0mOPTIONS /api/customer/getUserByEmailId [32m204[0m 0.483 ms - 0[0m
[0mOPTIONS /api/product/banner-list [32m204[0m 0.551 ms - 0[0m
[0mOPTIONS /api/salon/website/getAllSalonList [32m204[0m 0.570 ms - 0[0m
[0mGET /api/product/banner-list [36m304[0m 6.063 ms - -[0m
[0mPOST /api/salon/website/getAllSalonList [32m200[0m 7.475 ms - 1719[0m
[0mGET /api/customer/getUserByEmailId [36m304[0m 13.351 ms - -[0m
[0mGET /api/customer/getUserByEmailId [36m304[0m 6.084 ms - -[0m
[0mGET /api/product/banner-list [36m304[0m 4.151 ms - -[0m
[0mPOST /api/salon/website/getAllSalonList [32m200[0m 6.972 ms - 1719[0m
[0mGET /api/customer/getUserByEmailId [36m304[0m 4.439 ms - -[0m
[0mOPTIONS /api/customer/getUserByEmailId [32m204[0m 1.273 ms - 0[0m
[0mOPTIONS /api/product/banner-list [32m204[0m 0.188 ms - 0[0m
[0mOPTIONS /api/salon/website/getAllSalonList [32m204[0m 0.114 ms - 0[0m
[0mPOST /api/salon/website/getAllSalonList [32m200[0m 11.750 ms - 1719[0m
[0mGET /api/product/banner-list [36m304[0m 9.613 ms - -[0m
[0mGET /api/customer/getUserByEmailId [36m304[0m 11.967 ms - -[0m
[0mGET /api/mobile/banner-list [33m404[0m 26.890 ms - 3147[0m
[0mGET /api/mobile/category/list [33m404[0m 7.671 ms - 3147[0m
