[0mOPTIONS /api/auth/rootLogin [32m204[0m 11.365 ms - 0[0m
[0mPOST /api/auth/rootLogin [32m200[0m 343.492 ms - 211[0m
[0mOPTIONS /api/order/notifications [32m204[0m 0.549 ms - 0[0m
[0mOPTIONS /api/order/list [32m204[0m 0.240 ms - 0[0m
[0mOPTIONS /api/order/count [32m204[0m 0.409 ms - 0[0m
[0mGET /api/order/count [32m200[0m 48.894 ms - 196[0m
[0mGET /api/order/notifications [32m200[0m 78.933 ms - 36[0m
[0mPOST /api/order/list [32m200[0m 132.880 ms - 10815[0m
[0mOPTIONS /api/order/notifications [32m204[0m 1.225 ms - 0[0m
[0mOPTIONS /api/auth/user/getAllUserList?limit=20&page=1 [32m204[0m 3.684 ms - 0[0m
[0mGET /api/auth/user/getAllUserList?limit=20&page=1 [32m200[0m 24.398 ms - 7049[0m
[0mGET /api/order/notifications [36m304[0m 51.632 ms - -[0m
[0mOPTIONS /api/auth/seller/login [32m204[0m 0.722 ms - 0[0m
[0mPOST /api/auth/seller/login [32m200[0m 237.101 ms - 215[0m
[0mOPTIONS /api/auth/seller/profile-details [32m204[0m 0.576 ms - 0[0m
[0mOPTIONS /api/seller/dasbhoard/list [32m204[0m 0.184 ms - 0[0m
[0mGET /api/auth/seller/profile-details [32m200[0m 10.727 ms - 168[0m
[0mGET /api/seller/dasbhoard/list [32m200[0m 39.857 ms - 59[0m
[0mOPTIONS /api/seller/product/list [32m204[0m 0.417 ms - 0[0m
[0mGET /api/auth/seller/profile-details [36m304[0m 15.306 ms - -[0m
[0mPOST /api/seller/product/list [32m200[0m 33.377 ms - 88[0m
[0mOPTIONS /api/auth/seller/profile-details [32m204[0m 0.647 ms - 0[0m
[0mOPTIONS /api/seller/brand/list [32m204[0m 0.245 ms - 0[0m
[0mOPTIONS /api/product/color/list [32m204[0m 0.344 ms - 0[0m
[0mGET /api/auth/seller/profile-details [36m304[0m 9.765 ms - -[0m
[0mGET /api/seller/brand/list [32m200[0m 61.514 ms - 81948[0m
[0mGET /api/product/color/list [32m200[0m 66.308 ms - 74085[0m
[0mOPTIONS /api/category/search/allcombine [32m204[0m 0.341 ms - 0[0m
[0mPOST /api/category/search/allcombine [32m200[0m 10.497 ms - 4181[0m
[0mGET /api/website/collection/list [32m200[0m 329.512 ms - 299[0m
[0mGET /api/website/collection/list [32m200[0m 59.518 ms - 299[0m
[0mGET /api/website/image/banner?type=0 [32m200[0m 378.256 ms - 152[0m
[0mGET /api/website/popular/category-list [32m200[0m 463.256 ms - 8117[0m
[0mGET /api/website/category/list [32m200[0m 890.492 ms - 24410[0m
[0mGET /api/website/product/women-fashion [32m200[0m 848.386 ms - 17554[0m
[0mGET /api/website/product/men-fashion [32m200[0m 847.689 ms - 15254[0m
[0mGET /api/website/product/home-kitchen [32m200[0m 896.252 ms - 15246[0m
[0mGET /api/website/product/new-arrival [32m200[0m 38.949 ms - 62[0m
[0mGET /api/website/image/banner?type=0 [32m200[0m 211.492 ms - 152[0m
[0mGET /api/website/popular/category-list [32m200[0m 166.500 ms - 8117[0m
[0mGET /api/website/category/list [32m200[0m 283.885 ms - 24410[0m
[0mGET /api/website/product/men-fashion [32m200[0m 306.163 ms - 15254[0m
[0mGET /api/website/product/women-fashion [32m200[0m 383.368 ms - 17554[0m
[0mGET /api/website/product/home-kitchen [32m200[0m 387.295 ms - 15246[0m
[0mGET /api/website/product/new-arrival [32m200[0m 213.396 ms - 62[0m
[0mGET /api/website/image/banner?type=1 [32m200[0m 23.180 ms - 240[0m
[0mGET /api/website/category/list [36m304[0m 63.100 ms - -[0m
[0mGET /api/website/popular/category-list [36m304[0m 71.221 ms - -[0m
[0mGET /api/website/product/new-arrival [36m304[0m 69.198 ms - -[0m
[0mGET /api/website/category/list [36m304[0m 380.937 ms - -[0m
[0mGET /api/website/product/home-kitchen [36m304[0m 452.122 ms - -[0m
[0mGET /api/website/product/women-fashion [36m304[0m 451.089 ms - -[0m
[0mGET /api/website/product/men-fashion [36m304[0m 450.903 ms - -[0m
[0mGET /api/website/image/banner?type=0 [32m200[0m 150.742 ms - 152[0m
[0mGET /api/website/popular/category-list [32m200[0m 114.495 ms - 8117[0m
[0mGET /api/website/category/list [32m200[0m 153.961 ms - 24410[0m
[0mGET /api/website/product/home-kitchen [32m200[0m 237.987 ms - 15246[0m
[0mGET /api/website/product/men-fashion [32m200[0m 237.986 ms - 15254[0m
[0mGET /api/website/product/women-fashion [32m200[0m 238.562 ms - 17554[0m
[0mGET /api/website/product/new-arrival [32m200[0m 108.796 ms - 62[0m
[0mGET /api/website/image/banner?type=1 [32m200[0m 12.901 ms - 240[0m
[0mGET /api/website/popular/category-list [36m304[0m 94.159 ms - -[0m
[0mGET /api/website/category/list [36m304[0m 104.143 ms - -[0m
[0mGET /api/website/product/new-arrival [36m304[0m 104.480 ms - -[0m
[0mGET /api/website/product/home-kitchen [36m304[0m 173.343 ms - -[0m
[0mGET /api/website/product/women-fashion [36m304[0m 173.748 ms - -[0m
[0mGET /api/website/product/men-fashion [36m304[0m 227.179 ms - -[0m
[0mGET /api/website/category/list [36m304[0m 123.116 ms - -[0m
[0mGET /api/website/image/banner?type=1 [32m200[0m 21.810 ms - 240[0m
[0mGET /api/website/category/list [32m200[0m 100.825 ms - 24410[0m
[0mGET /api/website/popular/category-list [32m200[0m 110.464 ms - 8117[0m
[0mGET /api/website/category/list [36m304[0m 37.719 ms - -[0m
[0mGET /api/website/product/new-arrival [32m200[0m 119.455 ms - 62[0m
[0mGET /api/website/product/women-fashion [32m200[0m 271.736 ms - 17554[0m
[0mGET /api/website/product/men-fashion [32m200[0m 271.717 ms - 15254[0m
[0mGET /api/website/product/home-kitchen [32m200[0m 273.167 ms - 15246[0m
[0mGET /api/website/image/banner?type=1 [36m304[0m 12.456 ms - -[0m
[0mGET /api/website/popular/category-list [36m304[0m 80.853 ms - -[0m
[0mGET /api/website/category/list [36m304[0m 110.372 ms - -[0m
[0mGET /api/website/product/new-arrival [36m304[0m 74.500 ms - -[0m
[0mGET /api/website/product/women-fashion [36m304[0m 150.773 ms - -[0m
[0mGET /api/website/product/men-fashion [36m304[0m 156.302 ms - -[0m
[0mGET /api/website/product/home-kitchen [36m304[0m 158.375 ms - -[0m
[0mGET /api/website/category/list [36m304[0m 121.812 ms - -[0m
[0mGET /api/mobile/banner-list [33m404[0m 677.673 ms - 3147[0m
[0mGET /api/mobile/category/list [33m404[0m 210.820 ms - 3147[0m
[0mOPTIONS /api/order/notifications [32m204[0m 5.485 ms - 0[0m
[0mOPTIONS /api/order/list [32m204[0m 0.353 ms - 0[0m
[0mOPTIONS /api/order/count [32m204[0m 0.244 ms - 0[0m
[0mGET /api/order/count [32m200[0m 40.890 ms - 196[0m
[0mGET /api/order/notifications [32m200[0m 98.643 ms - 36[0m
[0mPOST /api/order/list [32m200[0m 85.907 ms - 10815[0m
[0mOPTIONS /api/order/notifications [32m204[0m 1.773 ms - 0[0m
[0mOPTIONS /api/order/list [32m204[0m 0.342 ms - 0[0m
[0mOPTIONS /api/order/count [32m204[0m 0.681 ms - 0[0m
[0mGET /api/order/count [36m304[0m 20.972 ms - -[0m
[0mPOST /api/order/list [32m200[0m 40.297 ms - 10815[0m
[0mGET /api/order/notifications [36m304[0m 49.198 ms - -[0m
[0mOPTIONS /api/order/notifications [32m204[0m 2.561 ms - 0[0m
[0mOPTIONS /api/order/list [32m204[0m 1.002 ms - 0[0m
[0mOPTIONS /api/order/count [32m204[0m 0.205 ms - 0[0m
[0mGET /api/order/count [36m304[0m 35.731 ms - -[0m
[0mPOST /api/order/list [32m200[0m 58.574 ms - 10815[0m
[0mGET /api/order/notifications [36m304[0m 70.900 ms - -[0m
[0mOPTIONS /api/order/notifications [32m204[0m 3.514 ms - 0[0m
[0mOPTIONS /api/order/list [32m204[0m 0.278 ms - 0[0m
[0mOPTIONS /api/order/count [32m204[0m 3.035 ms - 0[0m
[0mGET /api/order/count [36m304[0m 43.764 ms - -[0m
[0mPOST /api/order/list [32m200[0m 73.956 ms - 10815[0m
[0mGET /api/order/notifications [36m304[0m 57.204 ms - -[0m
[0mOPTIONS /api/order/notifications [32m204[0m 1.592 ms - 0[0m
[0mOPTIONS /api/order/list [32m204[0m 0.378 ms - 0[0m
[0mOPTIONS /api/order/count [32m204[0m 0.278 ms - 0[0m
[0mGET /api/order/count [36m304[0m 61.988 ms - -[0m
[0mGET /api/order/notifications [36m304[0m 78.654 ms - -[0m
[0mPOST /api/order/list [32m200[0m 89.551 ms - 10815[0m
[0mOPTIONS /api/order/notifications [32m204[0m 1.306 ms - 0[0m
[0mOPTIONS /api/order/list [32m204[0m 0.178 ms - 0[0m
[0mOPTIONS /api/order/count [32m204[0m 0.401 ms - 0[0m
[0mGET /api/order/count [36m304[0m 17.902 ms - -[0m
[0mPOST /api/order/list [32m200[0m 36.689 ms - 10815[0m
[0mGET /api/order/notifications [36m304[0m 31.709 ms - -[0m
[0mOPTIONS /api/order/notifications [32m204[0m 1.139 ms - 0[0m
[0mOPTIONS /api/order/list [32m204[0m 0.198 ms - 0[0m
[0mOPTIONS /api/order/count [32m204[0m 0.187 ms - 0[0m
[0mGET /api/order/count [36m304[0m 16.272 ms - -[0m
[0mPOST /api/order/list [32m200[0m 37.407 ms - 10815[0m
[0mGET /api/order/notifications [36m304[0m 45.852 ms - -[0m
[0mOPTIONS /api/order/notifications [32m204[0m 1.030 ms - 0[0m
[0mOPTIONS /api/order/list [32m204[0m 0.358 ms - 0[0m
[0mOPTIONS /api/order/count [32m204[0m 0.175 ms - 0[0m
[0mGET /api/order/count [36m304[0m 12.976 ms - -[0m
[0mPOST /api/order/list [32m200[0m 34.205 ms - 10815[0m
[0mGET /api/order/notifications [36m304[0m 40.119 ms - -[0m
[0mOPTIONS /api/order/notifications [32m204[0m 1.521 ms - 0[0m
[0mOPTIONS /api/order/list [32m204[0m 0.240 ms - 0[0m
[0mOPTIONS /api/order/count [32m204[0m 0.147 ms - 0[0m
[0mGET /api/order/count [36m304[0m 23.094 ms - -[0m
[0mPOST /api/order/list [32m200[0m 31.927 ms - 10815[0m
[0mGET /api/order/notifications [36m304[0m 38.029 ms - -[0m
[0mOPTIONS /api/order/notifications [32m204[0m 0.907 ms - 0[0m
[0mOPTIONS /api/order/list [32m204[0m 0.201 ms - 0[0m
[0mOPTIONS /api/order/count [32m204[0m 0.173 ms - 0[0m
[0mGET /api/order/count [36m304[0m 16.062 ms - -[0m
[0mPOST /api/order/list [32m200[0m 33.031 ms - 10815[0m
[0mGET /api/order/notifications [36m304[0m 37.173 ms - -[0m
[0mOPTIONS /api/order/notifications [32m204[0m 5.219 ms - 0[0m
[0mOPTIONS /api/order/list [32m204[0m 0.266 ms - 0[0m
[0mOPTIONS /api/order/count [32m204[0m 0.148 ms - 0[0m
[0mGET /api/order/count [36m304[0m 39.344 ms - -[0m
[0mPOST /api/order/list [32m200[0m 69.195 ms - 10815[0m
[0mGET /api/order/notifications [36m304[0m 64.464 ms - -[0m
[0mOPTIONS /api/order/notifications [32m204[0m 4.521 ms - 0[0m
[0mOPTIONS /api/location/list [32m204[0m 0.229 ms - 0[0m
[0mGET /api/order/notifications [36m304[0m 39.317 ms - -[0m
[0mGET /api/location/list [32m200[0m 46.284 ms - 1949[0m
[0mOPTIONS /api/order/notifications [32m204[0m 0.280 ms - 0[0m
[0mGET /api/order/notifications [36m304[0m 16.492 ms - -[0m
[0mOPTIONS /api/product/banner-list [32m204[0m 8.638 ms - 0[0m
[0mOPTIONS /api/salon/website/getAllSalonList [32m204[0m 0.569 ms - 0[0m
[0mGET /api/product/banner-list [32m200[0m 108.868 ms - 836[0m
[0mPOST /api/salon/website/getAllSalonList [32m200[0m 94.440 ms - 2919[0m
[0mOPTIONS /api/product/banner-list [32m204[0m 0.638 ms - 0[0m
[0mOPTIONS /api/salon/website/getAllSalonList [32m204[0m 0.631 ms - 0[0m
[0mGET /api/product/banner-list [32m200[0m 11.755 ms - 836[0m
[0mPOST /api/salon/website/getAllSalonList [32m200[0m 5.229 ms - 2919[0m
[0mOPTIONS /api/product/banner-list [32m204[0m 7.968 ms - 0[0m
[0mOPTIONS /api/salon/website/getAllSalonList [32m204[0m 0.671 ms - 0[0m
[0mPOST /api/salon/website/getAllSalonList [32m200[0m 27.865 ms - 2919[0m
[0mGET /api/product/banner-list [36m304[0m 23.057 ms - -[0m
[0mOPTIONS /api/salon/website/parlour-detail [32m204[0m 1.043 ms - 0[0m
[0mOPTIONS /api/salon/website/getAllServiceList [32m204[0m 0.934 ms - 0[0m
[0mPOST /api/salon/website/parlour-detail [32m200[0m 35.136 ms - 332[0m
[0mPOST /api/salon/website/getAllServiceList [32m200[0m 62.926 ms - 16179[0m
[0mOPTIONS /api/salon/website/parlour-detail [32m204[0m 1.128 ms - 0[0m
[0mOPTIONS /api/salon/website/getAllServiceList [32m204[0m 0.294 ms - 0[0m
[0mPOST /api/salon/website/parlour-detail [32m200[0m 33.204 ms - 332[0m
[0mPOST /api/salon/website/getAllServiceList [32m200[0m 78.173 ms - 16179[0m
[0mOPTIONS /api/salon/website/parlour-detail [32m204[0m 2.961 ms - 0[0m
[0mOPTIONS /api/salon/website/getAllServiceList [32m204[0m 0.311 ms - 0[0m
[0mPOST /api/salon/website/parlour-detail [32m200[0m 24.207 ms - 332[0m
[0mPOST /api/salon/website/getAllServiceList [32m200[0m 49.361 ms - 16179[0m
[0mOPTIONS /api/product/banner-list [32m204[0m 1.208 ms - 0[0m
[0mOPTIONS /api/salon/website/getAllSalonList [32m204[0m 1.056 ms - 0[0m
[0mPOST /api/salon/website/getAllSalonList [32m200[0m 20.252 ms - 2919[0m
[0mGET /api/product/banner-list [36m304[0m 19.255 ms - -[0m
[0mOPTIONS /api/salon/website/parlour-detail [32m204[0m 2.029 ms - 0[0m
[0mOPTIONS /api/salon/website/getAllServiceList [32m204[0m 0.183 ms - 0[0m
[0mPOST /api/salon/website/parlour-detail [32m200[0m 3.366 ms - 288[0m
[0mPOST /api/salon/website/getAllServiceList [32m200[0m 24.231 ms - 17556[0m
[0mOPTIONS /api/customer/rootLogin [32m204[0m 0.653 ms - 0[0m
[0mPOST /api/customer/rootLogin [31m500[0m 36.458 ms - 34[0m
[0mOPTIONS /api/customer/sendReset [32m204[0m 2.830 ms - 0[0m
[0mPOST /api/customer/sendReset [33m404[0m 78.853 ms - 33[0m
[0mOPTIONS /api/customer/register [32m204[0m 5.139 ms - 0[0m
[0mPOST /api/customer/register [0m-[0m - ms - -[0m
[0mOPTIONS /api/customer/rootLogin [32m204[0m 18.273 ms - 0[0m
[0mPOST /api/customer/rootLogin [31m500[0m 39.728 ms - 27[0m
[0mOPTIONS /api/customer/rootLogin [32m204[0m 4.954 ms - 0[0m
[0mPOST /api/customer/rootLogin [32m200[0m 248.132 ms - 232[0m
[0mOPTIONS /api/customer/getUserByEmailId [32m204[0m 0.391 ms - 0[0m
[0mGET /api/customer/getUserByEmailId [32m200[0m 36.330 ms - 195[0m
[0mOPTIONS /api/product/banner-list [32m204[0m 0.467 ms - 0[0m
[0mOPTIONS /api/salon/website/getAllSalonList [32m204[0m 0.155 ms - 0[0m
[0mGET /api/customer/getUserByEmailId [36m304[0m 30.408 ms - -[0m
[0mPOST /api/salon/website/getAllSalonList [32m200[0m 22.444 ms - 2919[0m
[0mGET /api/product/banner-list [36m304[0m 9.599 ms - -[0m
[0mOPTIONS /api/salon/website/parlour-detail [32m204[0m 1.342 ms - 0[0m
[0mOPTIONS /api/salon/website/getAllServiceList [32m204[0m 0.676 ms - 0[0m
[0mOPTIONS /api/customer/getUserByEmailId [32m204[0m 0.152 ms - 0[0m
[0mPOST /api/salon/website/parlour-detail [32m200[0m 7.591 ms - 288[0m
[0mGET /api/customer/getUserByEmailId [36m304[0m 5.365 ms - -[0m
[0mPOST /api/salon/website/getAllServiceList [32m200[0m 25.816 ms - 17556[0m
[0mOPTIONS /api/auth/rootLogin [32m204[0m 2.104 ms - 0[0m
[0mPOST /api/auth/rootLogin [32m200[0m 254.681 ms - 211[0m
[0mOPTIONS /api/order/notifications [32m204[0m 0.257 ms - 0[0m
[0mOPTIONS /api/order/list [32m204[0m 0.201 ms - 0[0m
[0mOPTIONS /api/order/count [32m204[0m 0.144 ms - 0[0m
[0mGET /api/order/count [36m304[0m 14.660 ms - -[0m
[0mPOST /api/order/list [32m200[0m 44.506 ms - 10815[0m
[0mGET /api/order/notifications [36m304[0m 52.633 ms - -[0m
[0mOPTIONS /api/location/list [32m204[0m 0.516 ms - 0[0m
[0mGET /api/location/list [36m304[0m 2.281 ms - -[0m
[0mGET /api/order/notifications [36m304[0m 15.184 ms - -[0m
[0mOPTIONS /api/order/notifications [32m204[0m 0.244 ms - 0[0m
[0mGET /api/order/notifications [36m304[0m 15.128 ms - -[0m
[0mOPTIONS /api/order/notifications [32m204[0m 1.710 ms - 0[0m
[0mGET /api/order/notifications [36m304[0m 39.787 ms - -[0m
[0mGET /api/order/notifications [36m304[0m 24.790 ms - -[0m
[0mOPTIONS /api/order/notifications [32m204[0m 1.195 ms - 0[0m
[0mGET /api/order/notifications [36m304[0m 51.908 ms - -[0m
[0mOPTIONS /api/order/notifications [32m204[0m 1.504 ms - 0[0m
[0mGET /api/order/notifications [36m304[0m 36.959 ms - -[0m
[0mOPTIONS /api/order/notifications [32m204[0m 0.335 ms - 0[0m
[0mGET /api/order/notifications [32m200[0m 24.213 ms - 36[0m
[0mOPTIONS /api/order/notifications [32m204[0m 1.528 ms - 0[0m
[0mGET /api/order/notifications [36m304[0m 50.410 ms - -[0m
[0mOPTIONS /api/order/notifications [32m204[0m 1.215 ms - 0[0m
[0mGET /api/order/notifications [36m304[0m 29.006 ms - -[0m
[0mOPTIONS /api/order/notifications [32m204[0m 1.063 ms - 0[0m
[0mGET /api/order/notifications [36m304[0m 42.833 ms - -[0m
[0mOPTIONS /api/order/notifications [32m204[0m 4.833 ms - 0[0m
[0mGET /api/order/notifications [36m304[0m 30.448 ms - -[0m
[0mOPTIONS /api/order/notifications [32m204[0m 27.351 ms - 0[0m
[0mGET /api/order/notifications [36m304[0m 26.192 ms - -[0m
[0mOPTIONS /api/order/notifications [32m204[0m 2.164 ms - 0[0m
[0mGET /api/order/notifications [36m304[0m 34.258 ms - -[0m
[0mGET /api/order/notifications [36m304[0m 27.872 ms - -[0m
[0mOPTIONS /api/order/notifications [32m204[0m 4.595 ms - 0[0m
[0mOPTIONS /api/business/getAllProductProfit [32m204[0m 0.719 ms - 0[0m
[0mGET /api/order/notifications [36m304[0m 39.845 ms - -[0m
[0mGET /api/business/getAllProductProfit [31m500[0m 112.298 ms - 26[0m
[0mOPTIONS /api/seo/list [32m204[0m 0.392 ms - 0[0m
[0mGET /api/order/notifications [36m304[0m 29.398 ms - -[0m
[0mPOST /api/seo/list [32m200[0m 52.754 ms - 5490[0m
[0mOPTIONS /api/order/notifications [32m204[0m 1.112 ms - 0[0m
[0mOPTIONS /api/seller/history-product?limit=20&page=1 [32m204[0m 0.984 ms - 0[0m
[0mGET /api/order/notifications [36m304[0m 43.908 ms - -[0m
[0mGET /api/seller/history-product?limit=20&page=1 [32m200[0m 80.971 ms - 43427[0m
[0mOPTIONS /api/seller/admin/product/search?id=6401 [32m204[0m 0.289 ms - 0[0m
[0mGET /api/seller/admin/product/search?id=6401 [32m200[0m 56.575 ms - 248[0m
[0mOPTIONS /api/order/notifications [32m204[0m 3.716 ms - 0[0m
[0mOPTIONS /api/location/list [32m204[0m 3.912 ms - 0[0m
[0mGET /api/location/list [36m304[0m 38.323 ms - -[0m
[0mGET /api/order/notifications [36m304[0m 69.805 ms - -[0m
[0mOPTIONS /api/order/notifications [32m204[0m 1.339 ms - 0[0m
[0mGET /api/order/notifications [36m304[0m 39.130 ms - -[0m
[0mOPTIONS /api/order/notifications [32m204[0m 6.327 ms - 0[0m
[0mOPTIONS /api/order/list [32m204[0m 1.097 ms - 0[0m
[0mOPTIONS /api/order/count [32m204[0m 0.720 ms - 0[0m
[0mGET /api/order/count [36m304[0m 79.488 ms - -[0m
[0mPOST /api/order/list [32m200[0m 125.428 ms - 10815[0m
[0mGET /api/order/notifications [36m304[0m 163.908 ms - -[0m
[0mOPTIONS /api/location/list [32m204[0m 0.227 ms - 0[0m
[0mGET /api/location/list [36m304[0m 2.781 ms - -[0m
[0mGET /api/order/notifications [36m304[0m 26.360 ms - -[0m
[0mOPTIONS /api/order/notifications [32m204[0m 5.537 ms - 0[0m
[0mGET /api/order/notifications [36m304[0m 65.832 ms - -[0m
[0mOPTIONS /api/order/notifications [32m204[0m 14.192 ms - 0[0m
[0mGET /api/order/notifications [36m304[0m 109.153 ms - -[0m
[0mOPTIONS /api/order/notifications [32m204[0m 17.305 ms - 0[0m
[0mGET /api/order/notifications [36m304[0m 79.382 ms - -[0m
[0mOPTIONS /api/order/notifications [32m204[0m 1.077 ms - 0[0m
[0mGET /api/order/notifications [36m304[0m 41.252 ms - -[0m
[0mOPTIONS /api/order/notifications [32m204[0m 1.343 ms - 0[0m
[0mGET /api/order/notifications [36m304[0m 72.682 ms - -[0m
[0mOPTIONS /api/order/notifications [32m204[0m 2.420 ms - 0[0m
[0mGET /api/order/notifications [36m304[0m 46.091 ms - -[0m
[0mOPTIONS /api/order/notifications [32m204[0m 6.601 ms - 0[0m
[0mGET /api/order/notifications [36m304[0m 76.024 ms - -[0m
[0mOPTIONS /api/order/notifications [32m204[0m 4.069 ms - 0[0m
[0mGET /api/order/notifications [36m304[0m 52.919 ms - -[0m
[0mOPTIONS /api/order/notifications [32m204[0m 20.643 ms - 0[0m
[0mGET /api/order/notifications [36m304[0m 165.951 ms - -[0m
[0mOPTIONS /api/order/notifications [32m204[0m 7.766 ms - 0[0m
[0mGET /api/order/notifications [36m304[0m 91.437 ms - -[0m
[0mOPTIONS /api/order/notifications [32m204[0m 5.472 ms - 0[0m
[0mGET /api/order/notifications [36m304[0m 53.089 ms - -[0m
[0mOPTIONS /api/order/notifications [32m204[0m 22.027 ms - 0[0m
[0mGET /api/order/notifications [36m304[0m 108.532 ms - -[0m
[0mOPTIONS /api/order/notifications [32m204[0m 2.687 ms - 0[0m
[0mOPTIONS / [32m204[0m 0.449 ms - 0[0m
[0mGET / [33m404[0m 30.481 ms - 3098[0m
[0mGET /api/order/notifications [36m304[0m 80.634 ms - -[0m
[0mOPTIONS /api/order/notifications [32m204[0m 9.097 ms - 0[0m
[0mOPTIONS /api/product/getAllList [32m204[0m 0.933 ms - 0[0m
[0mGET /api/order/notifications [36m304[0m 50.193 ms - -[0m
[0mGET /api/product/getAllList [32m200[0m 71.170 ms - 49[0m
[0mOPTIONS /api/order/notifications [32m204[0m 7.228 ms - 0[0m
[0mOPTIONS /api/product/getAllList [32m204[0m 2.981 ms - 0[0m
[0mGET /api/product/getAllList [36m304[0m 67.498 ms - -[0m
[0mGET /api/order/notifications [36m304[0m 90.069 ms - -[0m
[0mOPTIONS /api/order/notifications [32m204[0m 4.169 ms - 0[0m
[0mOPTIONS /api/product/getAllList [32m204[0m 0.375 ms - 0[0m
[0mGET /api/product/getAllList [36m304[0m 54.100 ms - -[0m
[0mGET /api/order/notifications [36m304[0m 78.915 ms - -[0m
[0mOPTIONS /api/order/notifications [32m204[0m 14.917 ms - 0[0m
[0mOPTIONS /api/product/getAllList [32m204[0m 0.778 ms - 0[0m
[0mGET /api/product/getAllList [32m200[0m 213.739 ms - 94948[0m
[0mGET /api/order/notifications [36m304[0m 242.606 ms - -[0m
[0mOPTIONS /api/order/notifications [32m204[0m 16.377 ms - 0[0m
[0mOPTIONS /api/product/getAllList [32m204[0m 0.610 ms - 0[0m
[0mGET /api/product/getAllList [32m200[0m 46.998 ms - 49[0m
[0mGET /api/order/notifications [32m200[0m 60.001 ms - 36[0m
[0mOPTIONS /api/order/notifications [32m204[0m 6.239 ms - 0[0m
[0mOPTIONS /api/product/getAllList [32m204[0m 0.315 ms - 0[0m
[0mGET /api/product/getAllList [32m200[0m 74.000 ms - 84638[0m
[0mGET /api/order/notifications [36m304[0m 89.440 ms - -[0m
[0mOPTIONS /api/order/notifications [32m204[0m 3.611 ms - 0[0m
[0mOPTIONS /api/product/getAllList [32m204[0m 0.611 ms - 0[0m
[0mGET /api/product/getAllList [32m200[0m 152.526 ms - 787892[0m
[0mGET /api/order/notifications [32m200[0m 162.095 ms - 36[0m
[0mOPTIONS /api/order/notifications [32m204[0m 11.023 ms - 0[0m
[0mOPTIONS /api/product/getAllList [32m204[0m 0.416 ms - 0[0m
[0mGET /api/order/notifications [36m304[0m 74.039 ms - -[0m
[0mGET /api/product/getAllList [32m200[0m 260.304 ms - 315360[0m
[0mOPTIONS /api/order/notifications [32m204[0m 16.432 ms - 0[0m
[0mOPTIONS /api/product/getAllList [32m204[0m 0.813 ms - 0[0m
[0mGET /api/order/notifications [36m304[0m 390.123 ms - -[0m
[0mGET /api/product/getAllList [32m200[0m 382.010 ms - 305851[0m
[0mOPTIONS /api/order/notifications [32m204[0m 6.503 ms - 0[0m
[0mOPTIONS /api/product/getAllList [32m204[0m 0.638 ms - 0[0m
[0mGET /api/product/getAllList [36m304[0m 275.041 ms - -[0m
[0mGET /api/order/notifications [36m304[0m 285.904 ms - -[0m
[0mOPTIONS /api/order/notifications [32m204[0m 2.267 ms - 0[0m
[0mOPTIONS /api/product/getAllList [32m204[0m 2.319 ms - 0[0m
[0mGET /api/product/getAllList [32m200[0m 328.658 ms - 305851[0m
[0mGET /api/order/notifications [32m200[0m 323.447 ms - 36[0m
[0mOPTIONS /api/order/notifications [32m204[0m 17.277 ms - 0[0m
[0mOPTIONS /api/product/getAllList [32m204[0m 1.676 ms - 0[0m
[0mGET /api/product/getAllList [36m304[0m 382.052 ms - -[0m
[0mGET /api/order/notifications [36m304[0m 396.433 ms - -[0m
[0mOPTIONS /api/order/notifications [32m204[0m 14.256 ms - 0[0m
[0mOPTIONS /api/product/getAllList [32m204[0m 1.244 ms - 0[0m
[0mGET /api/order/notifications [36m304[0m 376.360 ms - -[0m
[0mGET /api/product/getAllList [36m304[0m 366.114 ms - -[0m
[0mOPTIONS /api/order/notifications [32m204[0m 1.527 ms - 0[0m
[0mOPTIONS /api/product/getAllList [32m204[0m 0.964 ms - 0[0m
[0mGET /api/order/notifications [36m304[0m 332.554 ms - -[0m
[0mGET /api/product/getAllList [36m304[0m 332.785 ms - -[0m
[0mOPTIONS /api/order/notifications [32m204[0m 3.424 ms - 0[0m
[0mOPTIONS /api/product/getAllList [32m204[0m 0.512 ms - 0[0m
[0mGET /api/order/notifications [36m304[0m 311.098 ms - -[0m
[0mGET /api/product/getAllList [36m304[0m 320.269 ms - -[0m
[0mOPTIONS /api/order/notifications [32m204[0m 7.403 ms - 0[0m
[0mOPTIONS /api/product/getAllList [32m204[0m 0.580 ms - 0[0m
[0mGET /api/product/getAllList [36m304[0m 272.844 ms - -[0m
[0mGET /api/order/notifications [36m304[0m 283.199 ms - -[0m
[0mOPTIONS /api/order/notifications [32m204[0m 8.190 ms - 0[0m
[0mOPTIONS /api/product/getAllList [32m204[0m 3.717 ms - 0[0m
[0mGET /api/product/getAllList [32m200[0m 250.133 ms - 297549[0m
[0mGET /api/order/notifications [32m200[0m 263.147 ms - 36[0m
[0mOPTIONS /api/order/notifications [32m204[0m 1.180 ms - 0[0m
[0mOPTIONS /api/product/getAllList [32m204[0m 0.300 ms - 0[0m
[0mGET /api/product/getAllList [36m304[0m 240.422 ms - -[0m
[0mGET /api/order/notifications [36m304[0m 226.363 ms - -[0m
[0mOPTIONS /api/order/notifications [32m204[0m 6.233 ms - 0[0m
[0mOPTIONS /api/product/getAllList [32m204[0m 0.517 ms - 0[0m
[0mGET /api/order/notifications [36m304[0m 268.823 ms - -[0m
[0mGET /api/product/getAllList [36m304[0m 268.282 ms - -[0m
[0mOPTIONS /api/order/notifications [32m204[0m 10.574 ms - 0[0m
[0mOPTIONS /api/product/getAllList [32m204[0m 6.664 ms - 0[0m
[0mGET /api/product/getAllList [36m304[0m 267.632 ms - -[0m
[0mGET /api/order/notifications [36m304[0m 277.059 ms - -[0m
