[0mOPTIONS /api/auth/seller/login [32m204[0m 4.882 ms - 0[0m
[0mPOST /api/auth/seller/login [31m500[0m 52.057 ms - 34[0m
[0mOPTIONS /api/auth/seller/login [32m204[0m 0.667 ms - 0[0m
[0mPOST /api/auth/seller/login [32m200[0m 242.133 ms - 214[0m
[0mOPTIONS /api/auth/seller/profile-details [32m204[0m 0.350 ms - 0[0m
[0mOPTIONS /api/seller/dasbhoard/list [32m204[0m 0.174 ms - 0[0m
[0mGET /api/auth/seller/profile-details [32m200[0m 16.161 ms - 166[0m
[0mGET /api/seller/dasbhoard/list [32m200[0m 39.417 ms - 59[0m
[0mOPTIONS /api/auth/seller/profile-details [32m204[0m 6.077 ms - 0[0m
[0mOPTIONS /api/seller/dasbhoard/list [32m204[0m 0.429 ms - 0[0m
[0mGET /api/auth/seller/profile-details [36m304[0m 46.239 ms - -[0m
[0mGET /api/seller/dasbhoard/list [36m304[0m 39.745 ms - -[0m
[0mOPTIONS /api/auth/seller/profile-details [32m204[0m 0.904 ms - 0[0m
[0mOPTIONS /api/seller/dasbhoard/list [32m204[0m 0.255 ms - 0[0m
[0mGET /api/auth/seller/profile-details [36m304[0m 10.034 ms - -[0m
[0mGET /api/seller/dasbhoard/list [36m304[0m 15.948 ms - -[0m
[0mOPTIONS /api/auth/seller/profile-details [32m204[0m 0.277 ms - 0[0m
[0mOPTIONS /api/seller/dasbhoard/list [32m204[0m 0.150 ms - 0[0m
[0mGET /api/auth/seller/profile-details [36m304[0m 8.060 ms - -[0m
[0mGET /api/seller/dasbhoard/list [36m304[0m 14.139 ms - -[0m
[0mOPTIONS /api/auth/seller/profile-details [32m204[0m 0.887 ms - 0[0m
[0mOPTIONS /api/seller/dasbhoard/list [32m204[0m 0.296 ms - 0[0m
[0mGET /api/auth/seller/profile-details [36m304[0m 16.115 ms - -[0m
[0mGET /api/seller/dasbhoard/list [36m304[0m 26.041 ms - -[0m
[0mOPTIONS /api/auth/seller/profile-details [32m204[0m 0.247 ms - 0[0m
[0mOPTIONS /api/seller/dasbhoard/list [32m204[0m 0.163 ms - 0[0m
[0mGET /api/auth/seller/profile-details [36m304[0m 3.467 ms - -[0m
[0mGET /api/seller/dasbhoard/list [36m304[0m 8.541 ms - -[0m
[0mOPTIONS /api/auth/seller/profile-details [32m204[0m 1.232 ms - 0[0m
[0mOPTIONS /api/seller/dasbhoard/list [32m204[0m 0.273 ms - 0[0m
[0mGET /api/auth/seller/profile-details [36m304[0m 13.094 ms - -[0m
[0mGET /api/seller/dasbhoard/list [36m304[0m 18.576 ms - -[0m
[0mOPTIONS /api/auth/seller/profile-details [32m204[0m 0.909 ms - 0[0m
[0mOPTIONS /api/seller/dasbhoard/list [32m204[0m 0.287 ms - 0[0m
[0mGET /api/auth/seller/profile-details [36m304[0m 11.786 ms - -[0m
[0mGET /api/seller/dasbhoard/list [36m304[0m 15.654 ms - -[0m
[0mGET /api/auth/seller/profile-details [36m304[0m 7.030 ms - -[0m
[0mGET /api/seller/dasbhoard/list [36m304[0m 12.233 ms - -[0m
[0mOPTIONS /api/auth/seller/profile-details [32m204[0m 0.280 ms - 0[0m
[0mOPTIONS /api/seller/dasbhoard/list [32m204[0m 0.213 ms - 0[0m
[0mGET /api/auth/seller/profile-details [36m304[0m 6.249 ms - -[0m
[0mGET /api/seller/dasbhoard/list [36m304[0m 13.237 ms - -[0m
[0mOPTIONS /api/auth/seller/profile-details [32m204[0m 1.073 ms - 0[0m
[0mOPTIONS /api/seller/dasbhoard/list [32m204[0m 0.201 ms - 0[0m
[0mGET /api/auth/seller/profile-details [36m304[0m 12.661 ms - -[0m
[0mGET /api/seller/dasbhoard/list [36m304[0m 17.375 ms - -[0m
[0mOPTIONS /api/auth/seller/profile-details [32m204[0m 1.462 ms - 0[0m
[0mOPTIONS /api/seller/dasbhoard/list [32m204[0m 0.333 ms - 0[0m
[0mGET /api/auth/seller/profile-details [36m304[0m 11.281 ms - -[0m
[0mGET /api/seller/dasbhoard/list [36m304[0m 17.595 ms - -[0m
[0mOPTIONS /api/salon/order/list [32m204[0m 0.346 ms - 0[0m
[0mGET /api/auth/seller/profile-details [36m304[0m 6.116 ms - -[0m
[0mPOST /api/salon/order/list [32m200[0m 45.302 ms - 8193[0m
[0mOPTIONS /api/auth/seller/profile-details [32m204[0m 0.234 ms - 0[0m
[0mOPTIONS /api/seller/dasbhoard/list [32m204[0m 0.246 ms - 0[0m
[0mOPTIONS /api/salon/order/list [32m204[0m 0.287 ms - 0[0m
[0mGET /api/auth/seller/profile-details [36m304[0m 4.231 ms - -[0m
[0mPOST /api/salon/order/list [32m200[0m 7.811 ms - 8193[0m
[0mOPTIONS /api/auth/seller/profile-details [32m204[0m 0.964 ms - 0[0m
[0mOPTIONS /api/salon/order/list [32m204[0m 0.350 ms - 0[0m
[0mGET /api/auth/seller/profile-details [36m304[0m 17.728 ms - -[0m
[0mPOST /api/salon/order/list [32m200[0m 16.456 ms - 8193[0m
[0mOPTIONS /api/seller/dasbhoard/list [32m204[0m 0.396 ms - 0[0m
[0mGET /api/auth/seller/profile-details [36m304[0m 9.156 ms - -[0m
[0mGET /api/seller/dasbhoard/list [36m304[0m 16.641 ms - -[0m
[0mOPTIONS /api/auth/seller/profile-details [32m204[0m 0.426 ms - 0[0m
[0mOPTIONS /api/salon/order/list [32m204[0m 0.319 ms - 0[0m
[0mGET /api/auth/seller/profile-details [36m304[0m 8.148 ms - -[0m
[0mPOST /api/salon/order/list [32m200[0m 10.326 ms - 8193[0m
[0mOPTIONS /api/auth/seller/profile-details [32m204[0m 0.799 ms - 0[0m
[0mOPTIONS /api/salon/order/list [32m204[0m 0.150 ms - 0[0m
[0mGET /api/auth/seller/profile-details [36m304[0m 13.242 ms - -[0m
[0mPOST /api/salon/order/list [32m200[0m 16.920 ms - 8193[0m
[0mOPTIONS /api/auth/seller/profile-details [32m204[0m 0.508 ms - 0[0m
[0mGET /api/auth/seller/profile-details [36m304[0m 4.727 ms - -[0m
[0mOPTIONS /api/auth/seller/profile-details [32m204[0m 0.954 ms - 0[0m
[0mGET /api/auth/seller/profile-details [36m304[0m 14.460 ms - -[0m
[0mOPTIONS /api/auth/seller/profile-details [32m204[0m 0.918 ms - 0[0m
[0mGET /api/auth/seller/profile-details [36m304[0m 10.211 ms - -[0m
[0mOPTIONS /api/auth/seller/profile-details [32m204[0m 1.041 ms - 0[0m
[0mGET /api/auth/seller/profile-details [36m304[0m 10.526 ms - -[0m
[0mOPTIONS /api/auth/seller/profile-details [32m204[0m 0.249 ms - 0[0m
[0mOPTIONS /api/salon/order/list [32m204[0m 0.124 ms - 0[0m
[0mPOST /api/salon/order/list [32m200[0m 13.894 ms - 8193[0m
[0mGET /api/auth/seller/profile-details [36m304[0m 14.231 ms - -[0m
[0mPOST /api/salon/order/list [32m200[0m 9.297 ms - 8193[0m
[0mOPTIONS /api/auth/seller/profile-details [32m204[0m 0.828 ms - 0[0m
[0mOPTIONS /api/salon/order/list [32m204[0m 0.402 ms - 0[0m
[0mGET /api/auth/seller/profile-details [36m304[0m 10.274 ms - -[0m
[0mPOST /api/salon/order/list [32m200[0m 10.140 ms - 8193[0m
[0mOPTIONS /api/auth/seller/profile-details [32m204[0m 3.116 ms - 0[0m
[0mOPTIONS /api/seller/dasbhoard/list [32m204[0m 0.438 ms - 0[0m
[0mGET /api/auth/seller/profile-details [36m304[0m 57.102 ms - -[0m
[0mGET /api/seller/dasbhoard/list [36m304[0m 71.869 ms - -[0m
[0mOPTIONS /api/salon/order/list [32m204[0m 0.222 ms - 0[0m
[0mGET /api/auth/seller/profile-details [36m304[0m 11.819 ms - -[0m
[0mPOST /api/salon/order/list [32m200[0m 59.629 ms - 8193[0m
[0mOPTIONS /api/auth/seller/profile-details [32m204[0m 1.895 ms - 0[0m
[0mOPTIONS /api/salon/order/list [32m204[0m 0.751 ms - 0[0m
[0mGET /api/auth/seller/profile-details [36m304[0m 25.221 ms - -[0m
[0mPOST /api/salon/order/list [32m200[0m 23.041 ms - 8193[0m
[0mOPTIONS /api/auth/seller/profile-details [32m204[0m 2.039 ms - 0[0m
[0mOPTIONS /api/salon/order/list [32m204[0m 0.624 ms - 0[0m
[0mGET /api/auth/seller/profile-details [36m304[0m 24.221 ms - -[0m
[0mPOST /api/salon/order/list [32m200[0m 20.192 ms - 8193[0m
[0mOPTIONS /api/auth/seller/profile-details [32m204[0m 0.626 ms - 0[0m
[0mOPTIONS /api/salon/order/list [32m204[0m 0.411 ms - 0[0m
[0mGET /api/auth/seller/profile-details [36m304[0m 7.966 ms - -[0m
[0mPOST /api/salon/order/list [32m200[0m 15.508 ms - 8193[0m
[0mOPTIONS /api/auth/seller/profile-details [32m204[0m 4.096 ms - 0[0m
[0mOPTIONS /api/salon/seller/order [32m204[0m 0.742 ms - 0[0m
[0mPOST /api/salon/seller/order [33m404[0m 10.759 ms - 3141[0m
[0mGET /api/auth/seller/profile-details [36m304[0m 25.398 ms - -[0m
[0mOPTIONS /api/auth/seller/profile-details [32m204[0m 3.168 ms - 0[0m
[0mOPTIONS /api/salon/seller/order [32m204[0m 0.591 ms - 0[0m
[0mGET /api/auth/seller/profile-details [36m304[0m 20.901 ms - -[0m
[0mPOST /api/salon/seller/order [32m200[0m 24.262 ms - 8193[0m
[0mOPTIONS /api/product/banner-list [32m204[0m 5.001 ms - 0[0m
[0mOPTIONS /api/salon/website/getAllSalonList [32m204[0m 0.272 ms - 0[0m
[0mGET /api/product/banner-list [32m200[0m 37.157 ms - 415[0m
[0mPOST /api/salon/website/getAllSalonList [32m200[0m 37.937 ms - 1719[0m
[0mOPTIONS /api/salon/website/parlour-detail [32m204[0m 1.393 ms - 0[0m
[0mOPTIONS /api/salon/website/getAllServiceList [32m204[0m 0.214 ms - 0[0m
[0mPOST /api/salon/website/parlour-detail [32m200[0m 10.821 ms - 349[0m
[0mPOST /api/salon/website/getAllServiceList [32m200[0m 39.382 ms - 24575[0m
[0mOPTIONS /api/salon/website/book-service [32m204[0m 0.536 ms - 0[0m
[0mPOST /api/salon/website/book-service [33m401[0m 9.314 ms - 33[0m
[0mOPTIONS /api/salon/website/parlour-detail [32m204[0m 0.875 ms - 0[0m
[0mOPTIONS /api/salon/website/getAllServiceList [32m204[0m 0.339 ms - 0[0m
[0mPOST /api/salon/website/parlour-detail [32m200[0m 9.083 ms - 349[0m
[0mPOST /api/salon/website/getAllServiceList [32m200[0m 35.418 ms - 24575[0m
[0mOPTIONS /api/salon/website/parlour-detail [32m204[0m 1.359 ms - 0[0m
[0mOPTIONS /api/salon/website/getAllServiceList [32m204[0m 1.089 ms - 0[0m
[0mPOST /api/salon/website/parlour-detail [32m200[0m 28.710 ms - 349[0m
[0mPOST /api/salon/website/getAllServiceList [32m200[0m 49.963 ms - 24575[0m
[0mOPTIONS /api/salon/website/parlour-detail [32m204[0m 0.268 ms - 0[0m
[0mOPTIONS /api/salon/website/getAllServiceList [32m204[0m 0.144 ms - 0[0m
[0mPOST /api/salon/website/parlour-detail [32m200[0m 17.938 ms - 349[0m
[0mPOST /api/salon/website/getAllServiceList [32m200[0m 48.677 ms - 24575[0m
[0mOPTIONS /api/salon/website/parlour-detail [32m204[0m 1.051 ms - 0[0m
[0mOPTIONS /api/salon/website/getAllServiceList [32m204[0m 1.018 ms - 0[0m
[0mPOST /api/salon/website/parlour-detail [32m200[0m 19.861 ms - 349[0m
[0mPOST /api/salon/website/getAllServiceList [32m200[0m 47.711 ms - 24575[0m
[0mOPTIONS /api/salon/website/parlour-detail [32m204[0m 4.603 ms - 0[0m
[0mOPTIONS /api/salon/website/getAllServiceList [32m204[0m 0.370 ms - 0[0m
[0mPOST /api/salon/website/parlour-detail [32m200[0m 6.748 ms - 349[0m
[0mPOST /api/salon/website/getAllServiceList [32m200[0m 31.605 ms - 24575[0m
[0mOPTIONS /api/salon/website/parlour-detail [32m204[0m 2.513 ms - 0[0m
[0mOPTIONS /api/salon/website/getAllServiceList [32m204[0m 1.468 ms - 0[0m
[0mPOST /api/salon/website/parlour-detail [32m200[0m 10.568 ms - 349[0m
[0mPOST /api/salon/website/getAllServiceList [32m200[0m 23.385 ms - 24575[0m
[0mOPTIONS /api/salon/website/parlour-detail [32m204[0m 1.011 ms - 0[0m
[0mOPTIONS /api/salon/website/getAllServiceList [32m204[0m 0.173 ms - 0[0m
[0mPOST /api/salon/website/parlour-detail [32m200[0m 24.465 ms - 349[0m
[0mPOST /api/salon/website/getAllServiceList [32m200[0m 40.219 ms - 24575[0m
[0mOPTIONS /api/salon/website/parlour-detail [32m204[0m 0.998 ms - 0[0m
[0mOPTIONS /api/salon/website/getAllServiceList [32m204[0m 0.149 ms - 0[0m
[0mPOST /api/salon/website/parlour-detail [32m200[0m 13.346 ms - 349[0m
[0mPOST /api/salon/website/getAllServiceList [32m200[0m 27.556 ms - 24575[0m
[0mOPTIONS /api/salon/website/parlour-detail [32m204[0m 2.594 ms - 0[0m
[0mOPTIONS /api/salon/website/getAllServiceList [32m204[0m 0.234 ms - 0[0m
[0mPOST /api/salon/website/parlour-detail [32m200[0m 13.819 ms - 349[0m
[0mPOST /api/salon/website/getAllServiceList [32m200[0m 27.769 ms - 24575[0m
[0mOPTIONS /api/salon/website/parlour-detail [32m204[0m 0.921 ms - 0[0m
[0mOPTIONS /api/salon/website/getAllServiceList [32m204[0m 0.189 ms - 0[0m
[0mPOST /api/salon/website/parlour-detail [32m200[0m 13.821 ms - 349[0m
[0mPOST /api/salon/website/getAllServiceList [32m200[0m 24.427 ms - 24575[0m
[0mOPTIONS /api/salon/website/parlour-detail [32m204[0m 3.862 ms - 0[0m
[0mOPTIONS /api/salon/website/getAllServiceList [32m204[0m 0.543 ms - 0[0m
[0mPOST /api/salon/website/parlour-detail [32m200[0m 11.449 ms - 349[0m
[0mPOST /api/salon/website/getAllServiceList [32m200[0m 29.162 ms - 24575[0m
[0mOPTIONS /api/salon/website/parlour-detail [32m204[0m 1.473 ms - 0[0m
[0mOPTIONS /api/salon/website/getAllServiceList [32m204[0m 0.220 ms - 0[0m
[0mPOST /api/salon/website/parlour-detail [32m200[0m 11.639 ms - 349[0m
[0mPOST /api/salon/website/getAllServiceList [32m200[0m 22.834 ms - 24575[0m
[0mOPTIONS /api/salon/website/parlour-detail [32m204[0m 6.954 ms - 0[0m
[0mOPTIONS /api/salon/website/getAllServiceList [32m204[0m 0.263 ms - 0[0m
[0mPOST /api/salon/website/parlour-detail [32m200[0m 8.842 ms - 349[0m
[0mPOST /api/salon/website/getAllServiceList [32m200[0m 27.232 ms - 24575[0m
[0mOPTIONS /api/salon/website/parlour-detail [32m204[0m 1.414 ms - 0[0m
[0mOPTIONS /api/salon/website/getAllServiceList [32m204[0m 0.185 ms - 0[0m
[0mPOST /api/salon/website/parlour-detail [32m200[0m 20.271 ms - 349[0m
[0mPOST /api/salon/website/getAllServiceList [32m200[0m 43.698 ms - 24575[0m
[0mGET /api/customer/google?callbackURL=http://localhost:3001 [36m302[0m 3.260 ms - 0[0m
[0mOPTIONS /api/customer/getUserByEmailId [32m204[0m 0.234 ms - 0[0m
[0mOPTIONS /api/product/banner-list [32m204[0m 0.134 ms - 0[0m
[0mOPTIONS /api/salon/website/getAllSalonList [32m204[0m 0.494 ms - 0[0m
[0mGET /api/product/banner-list [36m304[0m 7.022 ms - -[0m
[0mPOST /api/salon/website/getAllSalonList [32m200[0m 10.644 ms - 1719[0m
[0mGET /api/customer/getUserByEmailId [32m200[0m 19.549 ms - 734[0m
[0mOPTIONS /api/salon/website/parlour-detail [32m204[0m 0.396 ms - 0[0m
[0mOPTIONS /api/salon/website/getAllServiceList [32m204[0m 0.502 ms - 0[0m
[0mPOST /api/salon/website/parlour-detail [32m200[0m 4.606 ms - 349[0m
[0mPOST /api/salon/website/getAllServiceList [32m200[0m 19.701 ms - 24575[0m
[0mOPTIONS /api/salon/website/parlour-detail [32m204[0m 4.547 ms - 0[0m
[0mOPTIONS /api/salon/website/getAllServiceList [32m204[0m 0.318 ms - 0[0m
[0mPOST /api/salon/website/parlour-detail [32m200[0m 14.010 ms - 349[0m
[0mPOST /api/salon/website/getAllServiceList [32m200[0m 27.814 ms - 24575[0m
[0mOPTIONS /api/salon/website/book-service [32m204[0m 0.311 ms - 0[0m
[0mPOST /api/salon/website/book-service [33m400[0m 18.082 ms - 416[0m
[0mOPTIONS /api/salon/website/book-service [32m204[0m 0.279 ms - 0[0m
[0mPOST /api/salon/website/book-service [32m200[0m 25.075 ms - 60[0m
[0mOPTIONS /api/product/banner-list [32m204[0m 2.592 ms - 0[0m
[0mOPTIONS /api/salon/website/getAllSalonList [32m204[0m 0.830 ms - 0[0m
[0mPOST /api/salon/website/getAllSalonList [32m200[0m 9.067 ms - 1719[0m
[0mGET /api/product/banner-list [36m304[0m 6.864 ms - -[0m
[0mPOST /api/salon/website/getAllSalonList [32m200[0m 3.395 ms - 1719[0m
[0mGET /api/product/banner-list [36m304[0m 2.753 ms - -[0m
[0mGET /api/customer/google?callbackURL=http://localhost:3001 [36m302[0m 1.282 ms - 0[0m
[0mOPTIONS /api/customer/getUserByEmailId [32m204[0m 0.731 ms - 0[0m
[0mOPTIONS /api/product/banner-list [32m204[0m 0.212 ms - 0[0m
[0mOPTIONS /api/salon/website/getAllSalonList [32m204[0m 0.210 ms - 0[0m
[0mPOST /api/salon/website/getAllSalonList [32m200[0m 5.779 ms - 1719[0m
[0mGET /api/product/banner-list [36m304[0m 5.398 ms - -[0m
[0mGET /api/customer/getUserByEmailId [36m304[0m 7.479 ms - -[0m
[0mOPTIONS /api/salon/website/parlour-detail [32m204[0m 0.296 ms - 0[0m
[0mOPTIONS /api/salon/website/getAllServiceList [32m204[0m 0.284 ms - 0[0m
[0mPOST /api/salon/website/parlour-detail [32m200[0m 2.640 ms - 353[0m
[0mPOST /api/salon/website/getAllServiceList [32m200[0m 18.554 ms - 8402[0m
[0mOPTIONS /api/salon/website/parlour-detail [32m204[0m 4.456 ms - 0[0m
[0mOPTIONS /api/salon/website/getAllServiceList [32m204[0m 0.248 ms - 0[0m
[0mPOST /api/salon/website/parlour-detail [32m200[0m 10.702 ms - 353[0m
[0mPOST /api/salon/website/getAllServiceList [32m200[0m 31.740 ms - 8402[0m
[0mOPTIONS /api/salon/website/parlour-detail [32m204[0m 7.224 ms - 0[0m
[0mOPTIONS /api/salon/website/getAllServiceList [32m204[0m 2.917 ms - 0[0m
[0mPOST /api/salon/website/parlour-detail [32m200[0m 36.460 ms - 353[0m
[0mPOST /api/salon/website/getAllServiceList [32m200[0m 53.055 ms - 8402[0m
[0mOPTIONS /api/salon/website/parlour-detail [32m204[0m 5.984 ms - 0[0m
[0mOPTIONS /api/salon/website/getAllServiceList [32m204[0m 0.343 ms - 0[0m
[0mPOST /api/salon/website/parlour-detail [32m200[0m 37.498 ms - 353[0m
[0mPOST /api/salon/website/getAllServiceList [32m200[0m 43.310 ms - 8402[0m
[0mOPTIONS /api/salon/website/parlour-detail [32m204[0m 3.181 ms - 0[0m
[0mOPTIONS /api/salon/website/getAllServiceList [32m204[0m 0.324 ms - 0[0m
[0mPOST /api/salon/website/parlour-detail [32m200[0m 52.721 ms - 353[0m
[0mPOST /api/salon/website/getAllServiceList [32m200[0m 42.957 ms - 8402[0m
[0mOPTIONS /api/salon/website/book-service [32m204[0m 0.518 ms - 0[0m
[0mPOST /api/salon/website/book-service [33m400[0m 13.852 ms - 434[0m
[0mOPTIONS /api/salon/website/book-service [32m204[0m 0.416 ms - 0[0m
[0mPOST /api/salon/website/book-service [33m400[0m 3.901 ms - 801[0m
[0mOPTIONS /api/salon/website/book-service [32m204[0m 3.580 ms - 0[0m
[0mPOST /api/salon/website/book-service [32m200[0m 36.735 ms - 60[0m
[0mOPTIONS /api/auth/seller/login [32m204[0m 5.552 ms - 0[0m
[0mPOST /api/auth/seller/login [32m200[0m 250.358 ms - 214[0m
[0mOPTIONS /api/auth/seller/profile-details [32m204[0m 0.490 ms - 0[0m
[0mOPTIONS /api/seller/dasbhoard/list [32m204[0m 0.408 ms - 0[0m
[0mGET /api/auth/seller/profile-details [32m200[0m 14.210 ms - 187[0m
[0mGET /api/seller/dasbhoard/list [36m304[0m 33.407 ms - -[0m
[0mGET /api/auth/seller/profile-details [36m304[0m 5.212 ms - -[0m
[0mOPTIONS /api/salon/seller/order [32m204[0m 0.567 ms - 0[0m
[0mPOST /api/salon/seller/order [32m200[0m 22.480 ms - 10182[0m
[0mOPTIONS /api/auth/seller/profile-details [32m204[0m 2.533 ms - 0[0m
[0mOPTIONS /api/salon/seller/order [32m204[0m 0.685 ms - 0[0m
[0mGET /api/auth/seller/profile-details [36m304[0m 20.556 ms - -[0m
[0mPOST /api/salon/seller/order [32m200[0m 31.701 ms - 955[0m
[0mOPTIONS /api/salon/seller/order [32m204[0m 0.747 ms - 0[0m
[0mPOST /api/salon/seller/order [32m200[0m 13.797 ms - 955[0m
[0mOPTIONS /api/auth/seller/profile-details [32m204[0m 1.755 ms - 0[0m
[0mOPTIONS /api/salon/seller/order [32m204[0m 2.640 ms - 0[0m
[0mGET /api/auth/seller/profile-details [36m304[0m 31.875 ms - -[0m
[0mPOST /api/salon/seller/order [32m200[0m 39.904 ms - 955[0m
[0mOPTIONS /api/product/banner-list [32m204[0m 3.124 ms - 0[0m
[0mOPTIONS /api/salon/website/getAllSalonList [32m204[0m 0.328 ms - 0[0m
[0mGET /api/product/banner-list [32m200[0m 28.459 ms - 415[0m
[0mPOST /api/salon/website/getAllSalonList [32m200[0m 27.917 ms - 1719[0m
[0mGET /api/customer/google?callbackURL=http://localhost:45678 [36m302[0m 16.661 ms - 0[0m
[0mOPTIONS /api/product/banner-list [32m204[0m 5.279 ms - 0[0m
[0mOPTIONS /api/salon/website/getAllSalonList [32m204[0m 0.502 ms - 0[0m
[0mGET /api/product/banner-list [36m304[0m 64.177 ms - -[0m
[0mPOST /api/salon/website/getAllSalonList [32m200[0m 59.977 ms - 1719[0m
[0mOPTIONS /api/product/banner-list [32m204[0m 5.797 ms - 0[0m
[0mOPTIONS /api/salon/website/getAllSalonList [32m204[0m 0.728 ms - 0[0m
[0mPOST /api/salon/website/getAllSalonList [32m200[0m 13.980 ms - 1719[0m
[0mGET /api/product/banner-list [36m304[0m 10.525 ms - -[0m
[0mOPTIONS /api/product/banner-list [32m204[0m 5.322 ms - 0[0m
[0mOPTIONS /api/salon/website/getAllSalonList [32m204[0m 0.981 ms - 0[0m
[0mGET /api/product/banner-list [36m304[0m 6.919 ms - -[0m
[0mPOST /api/salon/website/getAllSalonList [32m200[0m 13.370 ms - 1719[0m
[0mOPTIONS /api/product/banner-list [32m204[0m 1.756 ms - 0[0m
[0mOPTIONS /api/salon/website/getAllSalonList [32m204[0m 3.396 ms - 0[0m
[0mGET /api/product/banner-list [36m304[0m 13.283 ms - -[0m
[0mPOST /api/salon/website/getAllSalonList [32m200[0m 13.819 ms - 1719[0m
[0mOPTIONS /api/product/banner-list [32m204[0m 1.925 ms - 0[0m
[0mGET /api/product/banner-list [32m200[0m 8.700 ms - 415[0m
[0mOPTIONS /api/salon/website/getAllSalonList [32m204[0m 0.599 ms - 0[0m
[0mPOST /api/salon/website/getAllSalonList [32m200[0m 16.967 ms - 1719[0m
[0mOPTIONS /api/customer/getUserByEmailId [32m204[0m 0.862 ms - 0[0m
[0mOPTIONS /api/product/banner-list [32m204[0m 1.672 ms - 0[0m
[0mOPTIONS /api/salon/website/getAllSalonList [32m204[0m 0.668 ms - 0[0m
[0mPOST /api/salon/website/getAllSalonList [32m200[0m 44.914 ms - 1719[0m
[0mGET /api/product/banner-list [36m304[0m 27.495 ms - -[0m
[0mGET /api/customer/getUserByEmailId [36m304[0m 79.025 ms - -[0m
[0mOPTIONS /api/customer/getUserByEmailId [32m204[0m 16.360 ms - 0[0m
[0mOPTIONS /api/product/banner-list [32m204[0m 8.741 ms - 0[0m
[0mOPTIONS /api/salon/website/getAllSalonList [32m204[0m 0.290 ms - 0[0m
[0mPOST /api/salon/website/getAllSalonList [32m200[0m 41.305 ms - 1719[0m
[0mGET /api/product/banner-list [36m304[0m 18.062 ms - -[0m
[0mGET /api/customer/getUserByEmailId [36m304[0m 32.863 ms - -[0m
[0mOPTIONS /api/customer/getUserByEmailId [32m204[0m 6.646 ms - 0[0m
[0mOPTIONS /api/product/banner-list [32m204[0m 0.501 ms - 0[0m
[0mOPTIONS /api/salon/website/getAllSalonList [32m204[0m 0.288 ms - 0[0m
[0mGET /api/product/banner-list [36m304[0m 7.247 ms - -[0m
[0mPOST /api/salon/website/getAllSalonList [32m200[0m 10.548 ms - 1719[0m
[0mGET /api/customer/getUserByEmailId [36m304[0m 19.486 ms - -[0m
[0mGET /api/product/banner-list [36m304[0m 3.848 ms - -[0m
[0mPOST /api/salon/website/getAllSalonList [32m200[0m 10.521 ms - 1719[0m
[0mOPTIONS /api/product/banner-list [32m204[0m 2.899 ms - 0[0m
[0mOPTIONS /api/salon/website/getAllSalonList [32m204[0m 0.425 ms - 0[0m
[0mGET /api/product/banner-list [36m304[0m 13.948 ms - -[0m
[0mPOST /api/salon/website/getAllSalonList [32m200[0m 9.354 ms - 1719[0m
[0mOPTIONS /api/salon/website/parlour-detail [32m204[0m 0.560 ms - 0[0m
[0mOPTIONS /api/salon/website/getAllServiceList [32m204[0m 0.433 ms - 0[0m
[0mPOST /api/salon/website/parlour-detail [32m200[0m 14.512 ms - 56[0m
[0mPOST /api/salon/website/getAllServiceList [32m200[0m 8.586 ms - 28[0m
[0mPOST /api/salon/website/getAllSalonList [32m200[0m 9.366 ms - 1719[0m
[0mGET /api/product/banner-list [36m304[0m 10.223 ms - -[0m
[0mOPTIONS /api/customer/getUserByEmailId [32m204[0m 1.162 ms - 0[0m
[0mOPTIONS /api/product/banner-list [32m204[0m 0.409 ms - 0[0m
[0mOPTIONS /api/salon/website/getAllSalonList [32m204[0m 0.821 ms - 0[0m
[0mGET /api/product/banner-list [36m304[0m 5.356 ms - -[0m
[0mGET /api/customer/getUserByEmailId [36m304[0m 27.288 ms - -[0m
[0mPOST /api/salon/website/getAllSalonList [32m200[0m 6.953 ms - 1719[0m
[0mGET /api/product/banner-list [36m304[0m 2.904 ms - -[0m
[0mPOST /api/salon/website/getAllSalonList [32m200[0m 6.457 ms - 1719[0m
[0mOPTIONS /api/product/banner-list [32m204[0m 1.606 ms - 0[0m
[0mOPTIONS /api/salon/website/getAllSalonList [32m204[0m 0.533 ms - 0[0m
[0mPOST /api/salon/website/getAllSalonList [32m200[0m 11.891 ms - 1719[0m
[0mGET /api/product/banner-list [36m304[0m 9.028 ms - -[0m
[0mOPTIONS /api/product/banner-list [32m204[0m 1.909 ms - 0[0m
[0mOPTIONS /api/salon/website/getAllSalonList [32m204[0m 0.497 ms - 0[0m
[0mPOST /api/salon/website/getAllSalonList [32m200[0m 31.473 ms - 1719[0m
[0mGET /api/product/banner-list [36m304[0m 19.432 ms - -[0m
[0mGET /api/product/banner-list [36m304[0m 1.623 ms - -[0m
[0mPOST /api/salon/website/getAllSalonList [32m200[0m 4.783 ms - 1719[0m
[0mOPTIONS /api/customer/getUserByEmailId [32m204[0m 0.580 ms - 0[0m
[0mOPTIONS /api/product/banner-list [32m204[0m 0.431 ms - 0[0m
[0mOPTIONS /api/salon/website/getAllSalonList [32m204[0m 0.560 ms - 0[0m
[0mGET /api/product/banner-list [36m304[0m 7.486 ms - -[0m
[0mPOST /api/salon/website/getAllSalonList [32m200[0m 9.218 ms - 1719[0m
[0mGET /api/customer/getUserByEmailId [36m304[0m 14.245 ms - -[0m
[0mOPTIONS /api/customer/getUserByEmailId [32m204[0m 5.007 ms - 0[0m
[0mOPTIONS /api/product/banner-list [32m204[0m 0.327 ms - 0[0m
[0mOPTIONS /api/salon/website/getAllSalonList [32m204[0m 0.186 ms - 0[0m
[0mPOST /api/salon/website/getAllSalonList [32m200[0m 23.172 ms - 1719[0m
[0mGET /api/product/banner-list [36m304[0m 15.755 ms - -[0m
[0mGET /api/customer/getUserByEmailId [36m304[0m 27.703 ms - -[0m
[0mOPTIONS /api/salon/website/parlour-detail [32m204[0m 1.573 ms - 0[0m
[0mOPTIONS /api/salon/website/getAllServiceList [32m204[0m 0.326 ms - 0[0m
[0mPOST /api/salon/website/getAllServiceList [32m200[0m 8.476 ms - 28[0m
[0mPOST /api/salon/website/parlour-detail [32m200[0m 13.839 ms - 56[0m
[0mOPTIONS /api/salon/website/parlour-detail [32m204[0m 0.284 ms - 0[0m
[0mOPTIONS /api/salon/website/getAllServiceList [32m204[0m 0.166 ms - 0[0m
[0mPOST /api/salon/website/parlour-detail [32m200[0m 4.925 ms - 56[0m
[0mPOST /api/salon/website/getAllServiceList [32m200[0m 3.210 ms - 28[0m
[0mOPTIONS /api/product/banner-list [32m204[0m 0.415 ms - 0[0m
[0mOPTIONS /api/salon/website/getAllSalonList [32m204[0m 0.167 ms - 0[0m
[0mGET /api/product/banner-list [36m304[0m 5.871 ms - -[0m
[0mPOST /api/salon/website/getAllSalonList [32m200[0m 9.794 ms - 1719[0m
[0mOPTIONS /api/customer/getUserByEmailId [32m204[0m 0.951 ms - 0[0m
[0mOPTIONS /api/product/banner-list [32m204[0m 0.512 ms - 0[0m
[0mOPTIONS /api/salon/website/getAllSalonList [32m204[0m 1.552 ms - 0[0m
[0mGET /api/product/banner-list [36m304[0m 6.392 ms - -[0m
[0mPOST /api/salon/website/getAllSalonList [32m200[0m 10.187 ms - 1719[0m
[0mGET /api/customer/getUserByEmailId [36m304[0m 14.568 ms - -[0m
[0mOPTIONS /api/salon/website/parlour-detail [32m204[0m 0.521 ms - 0[0m
[0mOPTIONS /api/salon/website/getAllServiceList [32m204[0m 0.296 ms - 0[0m
[0mPOST /api/salon/website/parlour-detail [32m200[0m 5.165 ms - 56[0m
[0mPOST /api/salon/website/getAllServiceList [32m200[0m 2.760 ms - 28[0m
[0mOPTIONS /api/salon/website/parlour-detail [32m204[0m 2.921 ms - 0[0m
[0mOPTIONS /api/salon/website/getAllServiceList [32m204[0m 0.791 ms - 0[0m
[0mPOST /api/salon/website/parlour-detail [32m200[0m 10.356 ms - 56[0m
[0mPOST /api/salon/website/getAllServiceList [32m200[0m 4.319 ms - 28[0m
[0mOPTIONS /api/product/banner-list [32m204[0m 1.729 ms - 0[0m
[0mOPTIONS /api/salon/website/getAllSalonList [32m204[0m 0.385 ms - 0[0m
[0mGET /api/product/banner-list [36m304[0m 8.315 ms - -[0m
[0mPOST /api/salon/website/getAllSalonList [32m200[0m 16.583 ms - 1719[0m
[0mOPTIONS /api/product/banner-list [32m204[0m 2.429 ms - 0[0m
[0mOPTIONS /api/salon/website/getAllSalonList [32m204[0m 0.660 ms - 0[0m
[0mPOST /api/salon/website/getAllSalonList [32m200[0m 11.525 ms - 1719[0m
[0mGET /api/product/banner-list [36m304[0m 9.355 ms - -[0m
[0mOPTIONS /api/salon/website/parlour-detail [32m204[0m 0.301 ms - 0[0m
[0mOPTIONS /api/salon/website/getAllServiceList [32m204[0m 0.285 ms - 0[0m
[0mPOST /api/salon/website/parlour-detail [32m200[0m 3.012 ms - 56[0m
[0mPOST /api/salon/website/getAllServiceList [32m200[0m 3.125 ms - 28[0m
[0mOPTIONS /api/product/banner-list [32m204[0m 0.307 ms - 0[0m
[0mOPTIONS /api/salon/website/getAllSalonList [32m204[0m 0.273 ms - 0[0m
[0mGET /api/product/banner-list [36m304[0m 26.066 ms - -[0m
[0mPOST /api/salon/website/getAllSalonList [32m200[0m 38.529 ms - 1719[0m
[0mOPTIONS /api/product/banner-list [32m204[0m 2.930 ms - 0[0m
[0mOPTIONS /api/salon/website/getAllSalonList [32m204[0m 0.217 ms - 0[0m
[0mGET /api/product/banner-list [36m304[0m 5.905 ms - -[0m
[0mPOST /api/salon/website/getAllSalonList [32m200[0m 13.839 ms - 1719[0m
[0mOPTIONS /api/product/banner-list [32m204[0m 1.299 ms - 0[0m
[0mOPTIONS /api/salon/website/getAllSalonList [32m204[0m 0.201 ms - 0[0m
[0mGET /api/product/banner-list [32m200[0m 4.975 ms - 415[0m
[0mPOST /api/salon/website/getAllSalonList [32m200[0m 5.688 ms - 1719[0m
[0mOPTIONS /api/product/banner-list [32m204[0m 3.495 ms - 0[0m
[0mOPTIONS /api/salon/website/getAllSalonList [32m204[0m 0.404 ms - 0[0m
[0mGET /api/product/banner-list [36m304[0m 16.258 ms - -[0m
[0mPOST /api/salon/website/getAllSalonList [32m200[0m 27.063 ms - 1719[0m
[0mGET /api/product/banner-list [36m304[0m 2.308 ms - -[0m
[0mPOST /api/salon/website/getAllSalonList [32m200[0m 4.456 ms - 1719[0m
[0mOPTIONS /api/customer/getUserByEmailId [32m204[0m 2.476 ms - 0[0m
[0mOPTIONS /api/product/banner-list [32m204[0m 0.574 ms - 0[0m
[0mOPTIONS /api/salon/website/getAllSalonList [32m204[0m 0.498 ms - 0[0m
[0mPOST /api/salon/website/getAllSalonList [32m200[0m 22.016 ms - 1719[0m
[0mGET /api/product/banner-list [36m304[0m 24.656 ms - -[0m
[0mGET /api/customer/getUserByEmailId [36m304[0m 49.507 ms - -[0m
[0mOPTIONS /api/customer/getUserByEmailId [32m204[0m 1.914 ms - 0[0m
[0mOPTIONS /api/product/banner-list [32m204[0m 0.534 ms - 0[0m
[0mOPTIONS /api/salon/website/getAllSalonList [32m204[0m 0.142 ms - 0[0m
[0mPOST /api/salon/website/getAllSalonList [32m200[0m 6.688 ms - 1719[0m
[0mGET /api/product/banner-list [36m304[0m 6.695 ms - -[0m
[0mGET /api/customer/getUserByEmailId [36m304[0m 11.929 ms - -[0m
[0mGET /api/product/banner-list [36m304[0m 2.762 ms - -[0m
[0mPOST /api/salon/website/getAllSalonList [32m200[0m 6.693 ms - 1719[0m
[0mOPTIONS /api/product/banner-list [32m204[0m 1.267 ms - 0[0m
[0mOPTIONS /api/salon/website/getAllSalonList [32m204[0m 0.171 ms - 0[0m
[0mGET /api/product/banner-list [36m304[0m 4.668 ms - -[0m
[0mPOST /api/salon/website/getAllSalonList [32m200[0m 9.080 ms - 1719[0m
[0mOPTIONS /api/product/banner-list [32m204[0m 1.252 ms - 0[0m
[0mOPTIONS /api/salon/website/getAllSalonList [32m204[0m 0.209 ms - 0[0m
[0mPOST /api/salon/website/getAllSalonList [32m200[0m 9.489 ms - 1719[0m
[0mGET /api/product/banner-list [36m304[0m 8.106 ms - -[0m
[0mOPTIONS /api/product/banner-list [32m204[0m 1.144 ms - 0[0m
[0mOPTIONS /api/salon/website/getAllSalonList [32m204[0m 0.134 ms - 0[0m
[0mGET /api/product/banner-list [36m304[0m 9.463 ms - -[0m
[0mPOST /api/salon/website/getAllSalonList [32m200[0m 17.629 ms - 1719[0m
[0mOPTIONS /api/customer/getUserByEmailId [32m204[0m 0.818 ms - 0[0m
[0mOPTIONS /api/product/banner-list [32m204[0m 0.391 ms - 0[0m
[0mOPTIONS /api/salon/website/getAllSalonList [32m204[0m 0.356 ms - 0[0m
[0mGET /api/product/banner-list [36m304[0m 3.685 ms - -[0m
[0mPOST /api/salon/website/getAllSalonList [32m200[0m 4.553 ms - 1719[0m
[0mGET /api/customer/getUserByEmailId [36m304[0m 7.686 ms - -[0m
[0mGET /api/product/banner-list [36m304[0m 1.051 ms - -[0m
[0mPOST /api/salon/website/getAllSalonList [32m200[0m 3.825 ms - 1719[0m
[0mOPTIONS /api/product/banner-list [32m204[0m 1.309 ms - 0[0m
[0mOPTIONS /api/salon/website/getAllSalonList [32m204[0m 0.389 ms - 0[0m
[0mGET /api/product/banner-list [36m304[0m 15.595 ms - -[0m
[0mPOST /api/salon/website/getAllSalonList [32m200[0m 22.122 ms - 1719[0m
[0mGET /api/product/banner-list [36m304[0m 2.923 ms - -[0m
[0mPOST /api/salon/website/getAllSalonList [32m200[0m 10.064 ms - 1719[0m
[0mOPTIONS /api/product/banner-list [32m204[0m 1.293 ms - 0[0m
[0mOPTIONS /api/salon/website/getAllSalonList [32m204[0m 0.889 ms - 0[0m
[0mPOST /api/salon/website/getAllSalonList [32m200[0m 15.201 ms - 1719[0m
[0mGET /api/product/banner-list [36m304[0m 11.562 ms - -[0m
[0mGET /api/customer/google?callbackURL=http://localhost:3000 [36m302[0m 6.698 ms - 0[0m
[0mOPTIONS /api/customer/getUserByEmailId [32m204[0m 0.548 ms - 0[0m
[0mOPTIONS /api/product/banner-list [32m204[0m 0.510 ms - 0[0m
[0mOPTIONS /api/salon/website/getAllSalonList [32m204[0m 2.140 ms - 0[0m
[0mGET /api/product/banner-list [36m304[0m 6.918 ms - -[0m
[0mPOST /api/salon/website/getAllSalonList [32m200[0m 16.499 ms - 1719[0m
[0mGET /api/customer/getUserByEmailId [36m304[0m 21.633 ms - -[0m
[0mGET /api/product/banner-list [36m304[0m 1.826 ms - -[0m
[0mPOST /api/salon/website/getAllSalonList [32m200[0m 2.481 ms - 1719[0m
[0mOPTIONS /api/product/banner-list [32m204[0m 1.055 ms - 0[0m
[0mOPTIONS /api/salon/website/getAllSalonList [32m204[0m 0.157 ms - 0[0m
[0mPOST /api/salon/website/getAllSalonList [32m200[0m 10.534 ms - 1719[0m
[0mGET /api/product/banner-list [36m304[0m 6.969 ms - -[0m
[0mOPTIONS /api/product/banner-list [32m204[0m 2.069 ms - 0[0m
[0mOPTIONS /api/salon/website/getAllSalonList [32m204[0m 0.443 ms - 0[0m
[0mGET /api/product/banner-list [36m304[0m 6.399 ms - -[0m
[0mPOST /api/salon/website/getAllSalonList [32m200[0m 11.703 ms - 1719[0m
[0mOPTIONS /api/product/banner-list [32m204[0m 7.022 ms - 0[0m
[0mOPTIONS /api/salon/website/getAllSalonList [32m204[0m 2.311 ms - 0[0m
[0mPOST /api/salon/website/getAllSalonList [32m200[0m 14.065 ms - 1719[0m
[0mGET /api/product/banner-list [36m304[0m 14.470 ms - -[0m
[0mOPTIONS /api/product/banner-list [32m204[0m 3.385 ms - 0[0m
[0mOPTIONS /api/salon/website/getAllSalonList [32m204[0m 0.158 ms - 0[0m
[0mPOST /api/salon/website/getAllSalonList [32m200[0m 9.956 ms - 1719[0m
[0mGET /api/product/banner-list [36m304[0m 8.681 ms - -[0m
[0mOPTIONS /api/product/banner-list [32m204[0m 1.162 ms - 0[0m
[0mOPTIONS /api/salon/website/getAllSalonList [32m204[0m 0.137 ms - 0[0m
[0mPOST /api/salon/website/getAllSalonList [32m200[0m 5.996 ms - 1719[0m
[0mGET /api/product/banner-list [36m304[0m 4.280 ms - -[0m
[0mOPTIONS /api/product/banner-list [32m204[0m 1.178 ms - 0[0m
[0mOPTIONS /api/salon/website/getAllSalonList [32m204[0m 0.921 ms - 0[0m
[0mPOST /api/salon/website/getAllSalonList [32m200[0m 8.664 ms - 1719[0m
[0mGET /api/product/banner-list [36m304[0m 9.106 ms - -[0m
[0mGET /api/customer/google?callbackURL=http://localhost:3000 [36m302[0m 3.549 ms - 0[0m
[0mOPTIONS /api/customer/getUserByEmailId [32m204[0m 1.204 ms - 0[0m
[0mOPTIONS /api/product/banner-list [32m204[0m 0.600 ms - 0[0m
[0mOPTIONS /api/salon/website/getAllSalonList [32m204[0m 2.044 ms - 0[0m
[0mGET /api/product/banner-list [36m304[0m 3.808 ms - -[0m
[0mPOST /api/salon/website/getAllSalonList [32m200[0m 5.488 ms - 1719[0m
[0mGET /api/customer/getUserByEmailId [36m304[0m 17.323 ms - -[0m
[0mOPTIONS /api/customer/getUserByEmailId [32m204[0m 2.100 ms - 0[0m
[0mOPTIONS /api/product/banner-list [32m204[0m 3.726 ms - 0[0m
[0mOPTIONS /api/salon/website/getAllSalonList [32m204[0m 0.824 ms - 0[0m
[0mPOST /api/salon/website/getAllSalonList [32m200[0m 22.563 ms - 1719[0m
[0mGET /api/product/banner-list [36m304[0m 12.110 ms - -[0m
[0mGET /api/customer/getUserByEmailId [36m304[0m 26.205 ms - -[0m
[0mGET /api/product/banner-list [36m304[0m 1.834 ms - -[0m
[0mPOST /api/salon/website/getAllSalonList [32m200[0m 6.769 ms - 1719[0m
[0mOPTIONS /api/product/banner-list [32m204[0m 2.110 ms - 0[0m
[0mOPTIONS /api/salon/website/getAllSalonList [32m204[0m 0.321 ms - 0[0m
[0mPOST /api/salon/website/getAllSalonList [32m200[0m 19.680 ms - 1719[0m
[0mGET /api/product/banner-list [36m304[0m 13.394 ms - -[0m
[0mOPTIONS /api/product/banner-list [32m204[0m 3.274 ms - 0[0m
[0mOPTIONS /api/salon/website/getAllSalonList [32m204[0m 3.385 ms - 0[0m
[0mGET /api/product/banner-list [36m304[0m 24.066 ms - -[0m
[0mPOST /api/salon/website/getAllSalonList [32m200[0m 19.031 ms - 1719[0m
[0mOPTIONS /api/product/banner-list [32m204[0m 2.064 ms - 0[0m
[0mOPTIONS /api/salon/website/getAllSalonList [32m204[0m 0.320 ms - 0[0m
[0mPOST /api/salon/website/getAllSalonList [32m200[0m 8.691 ms - 1719[0m
[0mGET /api/product/banner-list [36m304[0m 7.410 ms - -[0m
[0mOPTIONS /api/product/banner-list [32m204[0m 5.738 ms - 0[0m
[0mOPTIONS /api/salon/website/getAllSalonList [32m204[0m 0.713 ms - 0[0m
[0mPOST /api/salon/website/getAllSalonList [32m200[0m 18.071 ms - 1719[0m
[0mGET /api/product/banner-list [36m304[0m 11.242 ms - -[0m
[0mOPTIONS /api/product/banner-list [32m204[0m 1.100 ms - 0[0m
[0mOPTIONS /api/salon/website/getAllSalonList [32m204[0m 0.150 ms - 0[0m
[0mPOST /api/salon/website/getAllSalonList [32m200[0m 13.693 ms - 1719[0m
[0mGET /api/product/banner-list [36m304[0m 9.778 ms - -[0m
[0mOPTIONS /api/product/banner-list [32m204[0m 1.357 ms - 0[0m
[0mOPTIONS /api/salon/website/getAllSalonList [32m204[0m 0.765 ms - 0[0m
[0mPOST /api/salon/website/getAllSalonList [32m200[0m 15.709 ms - 1719[0m
[0mGET /api/product/banner-list [36m304[0m 12.480 ms - -[0m
[0mOPTIONS /api/product/banner-list [32m204[0m 1.749 ms - 0[0m
[0mOPTIONS /api/salon/website/getAllSalonList [32m204[0m 0.569 ms - 0[0m
[0mPOST /api/salon/website/getAllSalonList [32m200[0m 16.999 ms - 1719[0m
[0mGET /api/product/banner-list [36m304[0m 13.659 ms - -[0m
[0mOPTIONS /api/product/banner-list [32m204[0m 1.394 ms - 0[0m
[0mOPTIONS /api/salon/website/getAllSalonList [32m204[0m 0.288 ms - 0[0m
[0mPOST /api/salon/website/getAllSalonList [32m200[0m 13.298 ms - 1719[0m
[0mGET /api/product/banner-list [36m304[0m 9.492 ms - -[0m
[0mOPTIONS /api/product/banner-list [32m204[0m 1.301 ms - 0[0m
[0mOPTIONS /api/salon/website/getAllSalonList [32m204[0m 0.285 ms - 0[0m
[0mGET /api/product/banner-list [36m304[0m 13.237 ms - -[0m
[0mPOST /api/salon/website/getAllSalonList [32m200[0m 10.806 ms - 1719[0m
[0mOPTIONS /api/product/banner-list [32m204[0m 1.859 ms - 0[0m
[0mOPTIONS /api/salon/website/getAllSalonList [32m204[0m 0.536 ms - 0[0m
[0mGET /api/product/banner-list [36m304[0m 12.996 ms - -[0m
[0mPOST /api/salon/website/getAllSalonList [32m200[0m 24.144 ms - 1719[0m
[0mGET /api/product/banner-list [36m304[0m 1.557 ms - -[0m
[0mPOST /api/salon/website/getAllSalonList [32m200[0m 10.808 ms - 1719[0m
[0mGET /api/customer/google?callbackURL=http://localhost:3000 [36m302[0m 3.119 ms - 0[0m
[0mOPTIONS /api/product/banner-list [32m204[0m 4.169 ms - 0[0m
[0mOPTIONS /api/salon/website/getAllSalonList [32m204[0m 0.597 ms - 0[0m
[0mGET /api/product/banner-list [36m304[0m 12.931 ms - -[0m
[0mPOST /api/salon/website/getAllSalonList [32m200[0m 20.441 ms - 1719[0m
[0mPOST /api/salon/website/getAllSalonList [32m200[0m 3.674 ms - 1719[0m
[0mGET /api/product/banner-list [36m304[0m 2.551 ms - -[0m
[0mOPTIONS /api/customer/getUserByEmailId [32m204[0m 2.206 ms - 0[0m
[0mOPTIONS /api/product/banner-list [32m204[0m 0.229 ms - 0[0m
[0mOPTIONS /api/salon/website/getAllSalonList [32m204[0m 0.128 ms - 0[0m
[0mGET /api/customer/getUserByEmailId [33m401[0m 6.750 ms - 36[0m
[0mPOST /api/salon/website/getAllSalonList [32m200[0m 21.653 ms - 1719[0m
[0mGET /api/product/banner-list [36m304[0m 11.886 ms - -[0m
[0mGET /api/customer/google?callbackURL=http://localhost:3000 [36m302[0m 1.412 ms - 0[0m
[0mOPTIONS /api/customer/getUserByEmailId [32m204[0m 0.628 ms - 0[0m
[0mOPTIONS /api/product/banner-list [32m204[0m 1.238 ms - 0[0m
[0mOPTIONS /api/salon/website/getAllSalonList [32m204[0m 1.165 ms - 0[0m
[0mPOST /api/salon/website/getAllSalonList [32m200[0m 6.978 ms - 1719[0m
[0mGET /api/product/banner-list [36m304[0m 9.410 ms - -[0m
[0mGET /api/customer/getUserByEmailId [36m304[0m 32.474 ms - -[0m
[0mGET /api/customer/getUserByEmailId [33m401[0m 0.353 ms - 36[0m
[0mGET /api/product/banner-list [36m304[0m 4.522 ms - -[0m
[0mPOST /api/salon/website/getAllSalonList [32m200[0m 8.363 ms - 1719[0m
[0mOPTIONS /api/customer/getUserByEmailId [32m204[0m 0.968 ms - 0[0m
[0mOPTIONS /api/product/banner-list [32m204[0m 0.208 ms - 0[0m
[0mOPTIONS /api/salon/website/getAllSalonList [32m204[0m 0.248 ms - 0[0m
[0mGET /api/customer/getUserByEmailId [33m401[0m 1.012 ms - 36[0m
[0mGET /api/product/banner-list [36m304[0m 6.369 ms - -[0m
[0mPOST /api/salon/website/getAllSalonList [32m200[0m 10.455 ms - 1719[0m
[0mOPTIONS /api/customer/getUserByEmailId [32m204[0m 1.078 ms - 0[0m
[0mOPTIONS /api/product/banner-list [32m204[0m 0.134 ms - 0[0m
[0mOPTIONS /api/salon/website/getAllSalonList [32m204[0m 0.153 ms - 0[0m
[0mGET /api/customer/getUserByEmailId [33m401[0m 0.735 ms - 36[0m
[0mPOST /api/salon/website/getAllSalonList [32m200[0m 9.877 ms - 1719[0m
[0mGET /api/product/banner-list [36m304[0m 4.603 ms - -[0m
[0mOPTIONS /api/product/banner-list [32m204[0m 1.384 ms - 0[0m
[0mOPTIONS /api/salon/website/getAllSalonList [32m204[0m 0.175 ms - 0[0m
[0mGET /api/product/banner-list [32m200[0m 5.842 ms - 415[0m
[0mPOST /api/salon/website/getAllSalonList [32m200[0m 7.251 ms - 1719[0m
[0mGET /api/customer/google?callbackURL=http://localhost:45678 [36m302[0m 12.471 ms - 0[0m
[0mOPTIONS /api/customer/getUserByEmailId [32m204[0m 11.254 ms - 0[0m
[0mOPTIONS /api/product/banner-list [32m204[0m 1.341 ms - 0[0m
[0mOPTIONS /api/salon/website/getAllSalonList [32m204[0m 0.282 ms - 0[0m
[0mGET /api/customer/getUserByEmailId [33m401[0m 0.739 ms - 36[0m
[0mGET /api/product/banner-list [36m304[0m 56.459 ms - -[0m
[0mPOST /api/salon/website/getAllSalonList [32m200[0m 57.838 ms - 1719[0m
[0mOPTIONS /api/customer/getUserByEmailId [32m204[0m 1.295 ms - 0[0m
[0mOPTIONS /api/product/banner-list [32m204[0m 0.263 ms - 0[0m
[0mOPTIONS /api/salon/website/getAllSalonList [32m204[0m 0.140 ms - 0[0m
[0mGET /api/customer/getUserByEmailId [33m401[0m 1.554 ms - 36[0m
[0mPOST /api/salon/website/getAllSalonList [32m200[0m 26.797 ms - 1719[0m
[0mGET /api/product/banner-list [36m304[0m 29.202 ms - -[0m
[0mOPTIONS /api/customer/getUserByEmailId [32m204[0m 1.525 ms - 0[0m
[0mOPTIONS /api/product/banner-list [32m204[0m 0.494 ms - 0[0m
[0mOPTIONS /api/salon/website/getAllSalonList [32m204[0m 0.779 ms - 0[0m
[0mGET /api/customer/getUserByEmailId [33m401[0m 2.039 ms - 36[0m
[0mPOST /api/salon/website/getAllSalonList [32m200[0m 17.826 ms - 1719[0m
[0mGET /api/product/banner-list [36m304[0m 9.714 ms - -[0m
[0mGET /api/customer/google?callbackURL=http://localhost:3000 [36m302[0m 1.907 ms - 0[0m
[0mOPTIONS /api/customer/getUserByEmailId [32m204[0m 2.631 ms - 0[0m
[0mOPTIONS /api/product/banner-list [32m204[0m 0.928 ms - 0[0m
[0mOPTIONS /api/salon/website/getAllSalonList [32m204[0m 0.829 ms - 0[0m
[0mPOST /api/salon/website/getAllSalonList [32m200[0m 25.755 ms - 1719[0m
[0mGET /api/product/banner-list [36m304[0m 23.484 ms - -[0m
[0mGET /api/customer/getUserByEmailId [36m304[0m 59.908 ms - -[0m
[0mGET /api/customer/getUserByEmailId [33m401[0m 0.274 ms - 36[0m
[0mGET /api/product/banner-list [36m304[0m 4.812 ms - -[0m
[0mPOST /api/salon/website/getAllSalonList [32m200[0m 8.339 ms - 1719[0m
[0mOPTIONS /api/customer/getUserByEmailId [32m204[0m 1.402 ms - 0[0m
[0mOPTIONS /api/product/banner-list [32m204[0m 0.571 ms - 0[0m
[0mOPTIONS /api/salon/website/getAllSalonList [32m204[0m 0.158 ms - 0[0m
[0mGET /api/customer/getUserByEmailId [33m401[0m 1.698 ms - 36[0m
[0mPOST /api/salon/website/getAllSalonList [32m200[0m 15.902 ms - 1719[0m
[0mGET /api/product/banner-list [36m304[0m 7.342 ms - -[0m
[0mGET /api/customer/google?callbackURL=http://localhost:3000 [36m302[0m 1.091 ms - 0[0m
[0mOPTIONS /api/customer/getUserByEmailId [32m204[0m 3.635 ms - 0[0m
[0mOPTIONS /api/product/banner-list [32m204[0m 0.441 ms - 0[0m
[0mOPTIONS /api/salon/website/getAllSalonList [32m204[0m 0.293 ms - 0[0m
[0mGET /api/product/banner-list [36m304[0m 11.574 ms - -[0m
[0mPOST /api/salon/website/getAllSalonList [32m200[0m 15.363 ms - 1719[0m
[0mGET /api/customer/getUserByEmailId [36m304[0m 21.850 ms - -[0m
[0mGET /api/customer/getUserByEmailId [33m401[0m 1.007 ms - 36[0m
[0mGET /api/product/banner-list [36m304[0m 10.045 ms - -[0m
[0mPOST /api/salon/website/getAllSalonList [32m200[0m 20.734 ms - 1719[0m
[0mOPTIONS /api/customer/getUserByEmailId [32m204[0m 2.990 ms - 0[0m
[0mOPTIONS /api/product/banner-list [32m204[0m 0.202 ms - 0[0m
[0mOPTIONS /api/salon/website/getAllSalonList [32m204[0m 0.138 ms - 0[0m
[0mGET /api/customer/getUserByEmailId [33m401[0m 0.506 ms - 36[0m
[0mGET /api/product/banner-list [36m304[0m 2.837 ms - -[0m
[0mPOST /api/salon/website/getAllSalonList [32m200[0m 7.250 ms - 1719[0m
[0mOPTIONS /api/customer/getUserByEmailId [32m204[0m 1.257 ms - 0[0m
[0mOPTIONS /api/product/banner-list [32m204[0m 0.144 ms - 0[0m
[0mOPTIONS /api/salon/website/getAllSalonList [32m204[0m 0.201 ms - 0[0m
[0mGET /api/customer/getUserByEmailId [33m401[0m 0.786 ms - 36[0m
[0mPOST /api/salon/website/getAllSalonList [32m200[0m 12.127 ms - 1719[0m
[0mGET /api/product/banner-list [36m304[0m 6.502 ms - -[0m
[0mOPTIONS /api/product/banner-list [32m204[0m 4.723 ms - 0[0m
[0mOPTIONS /api/salon/website/getAllSalonList [32m204[0m 0.279 ms - 0[0m
[0mGET /api/product/banner-list [36m304[0m 25.827 ms - -[0m
[0mPOST /api/salon/website/getAllSalonList [32m200[0m 24.335 ms - 1719[0m
[0mGET /api/customer/google?callbackURL=http://localhost:3000 [36m302[0m 3.295 ms - 0[0m
[0mOPTIONS /api/customer/getUserByEmailId [32m204[0m 1.162 ms - 0[0m
[0mOPTIONS /api/product/banner-list [32m204[0m 0.445 ms - 0[0m
[0mOPTIONS /api/salon/website/getAllSalonList [32m204[0m 0.382 ms - 0[0m
[0mGET /api/product/banner-list [36m304[0m 6.203 ms - -[0m
[0mPOST /api/salon/website/getAllSalonList [32m200[0m 9.434 ms - 1719[0m
[0mGET /api/customer/getUserByEmailId [36m304[0m 15.887 ms - -[0m
[0mGET /api/product/banner-list [36m304[0m 7.921 ms - -[0m
[0mPOST /api/salon/website/getAllSalonList [32m200[0m 14.724 ms - 1719[0m
[0mOPTIONS /api/product/banner-list [32m204[0m 1.638 ms - 0[0m
[0mOPTIONS /api/salon/website/getAllSalonList [32m204[0m 0.503 ms - 0[0m
[0mPOST /api/salon/website/getAllSalonList [32m200[0m 10.350 ms - 1719[0m
[0mGET /api/product/banner-list [36m304[0m 8.559 ms - -[0m
[0mOPTIONS /api/product/banner-list [32m204[0m 1.397 ms - 0[0m
[0mOPTIONS /api/salon/website/getAllSalonList [32m204[0m 1.179 ms - 0[0m
[0mPOST /api/salon/website/getAllSalonList [32m200[0m 13.194 ms - 1719[0m
[0mGET /api/product/banner-list [36m304[0m 14.354 ms - -[0m
[0mOPTIONS /api/product/banner-list [32m204[0m 4.639 ms - 0[0m
[0mOPTIONS /api/salon/website/getAllSalonList [32m204[0m 0.883 ms - 0[0m
[0mPOST /api/salon/website/getAllSalonList [32m200[0m 20.130 ms - 1719[0m
[0mGET /api/product/banner-list [36m304[0m 13.634 ms - -[0m
[0mGET /api/product/banner-list [36m304[0m 1.650 ms - -[0m
[0mPOST /api/salon/website/getAllSalonList [32m200[0m 10.502 ms - 1719[0m
[0mGET /api/customer/google?callbackURL=http://localhost:3000 [36m302[0m 12.557 ms - 0[0m
[0mOPTIONS /api/customer/getUserByEmailId [32m204[0m 0.713 ms - 0[0m
[0mOPTIONS /api/product/banner-list [32m204[0m 0.401 ms - 0[0m
[0mOPTIONS /api/salon/website/getAllSalonList [32m204[0m 0.504 ms - 0[0m
[0mPOST /api/salon/website/getAllSalonList [32m200[0m 17.066 ms - 1719[0m
[0mGET /api/product/banner-list [36m304[0m 13.207 ms - -[0m
[0mGET /api/customer/getUserByEmailId [36m304[0m 53.316 ms - -[0m
[0mOPTIONS /api/customer/getUserByEmailId [32m204[0m 2.564 ms - 0[0m
[0mOPTIONS /api/product/banner-list [32m204[0m 0.660 ms - 0[0m
[0mOPTIONS /api/salon/website/getAllSalonList [32m204[0m 0.448 ms - 0[0m
[0mPOST /api/salon/website/getAllSalonList [32m200[0m 13.229 ms - 1719[0m
[0mGET /api/product/banner-list [36m304[0m 10.127 ms - -[0m
[0mGET /api/customer/getUserByEmailId [36m304[0m 20.623 ms - -[0m
[0mPOST /api/salon/website/getAllSalonList [32m200[0m 8.354 ms - 1719[0m
[0mGET /api/product/banner-list [36m304[0m 5.948 ms - -[0m
[0mOPTIONS /api/product/banner-list [32m204[0m 1.374 ms - 0[0m
[0mOPTIONS /api/salon/website/getAllSalonList [32m204[0m 0.250 ms - 0[0m
[0mGET /api/product/banner-list [36m304[0m 7.798 ms - -[0m
[0mPOST /api/salon/website/getAllSalonList [32m200[0m 12.139 ms - 1719[0m
[0mGET /api/customer/google?callbackURL=http://localhost:3000 [36m302[0m 1.981 ms - 0[0m
[0mOPTIONS /api/customer/getUserByEmailId [32m204[0m 0.657 ms - 0[0m
[0mOPTIONS /api/product/banner-list [32m204[0m 0.545 ms - 0[0m
[0mOPTIONS /api/salon/website/getAllSalonList [32m204[0m 0.983 ms - 0[0m
[0mGET /api/product/banner-list [36m304[0m 9.702 ms - -[0m
[0mPOST /api/salon/website/getAllSalonList [32m200[0m 14.400 ms - 1719[0m
[0mGET /api/customer/getUserByEmailId [36m304[0m 23.173 ms - -[0m
[0mGET /api/product/banner-list [36m304[0m 1.483 ms - -[0m
[0mPOST /api/salon/website/getAllSalonList [32m200[0m 5.261 ms - 1719[0m
[0mOPTIONS /api/product/banner-list [32m204[0m 1.350 ms - 0[0m
[0mOPTIONS /api/salon/website/getAllSalonList [32m204[0m 0.152 ms - 0[0m
[0mGET /api/product/banner-list [32m200[0m 4.609 ms - 415[0m
[0mPOST /api/salon/website/getAllSalonList [32m200[0m 7.270 ms - 1719[0m
[0mOPTIONS /api/product/banner-list [32m204[0m 5.515 ms - 0[0m
[0mOPTIONS /api/salon/website/getAllSalonList [32m204[0m 4.031 ms - 0[0m
[0mGET /api/product/banner-list [36m304[0m 30.742 ms - -[0m
[0mPOST /api/salon/website/getAllSalonList [32m200[0m 41.199 ms - 1719[0m
[0mOPTIONS /api/product/banner-list [32m204[0m 2.436 ms - 0[0m
[0mOPTIONS /api/salon/website/getAllSalonList [32m204[0m 0.894 ms - 0[0m
[0mGET /api/product/banner-list [36m304[0m 14.099 ms - -[0m
[0mPOST /api/salon/website/getAllSalonList [32m200[0m 9.802 ms - 1719[0m
[0mOPTIONS /api/product/banner-list [32m204[0m 1.158 ms - 0[0m
[0mOPTIONS /api/salon/website/getAllSalonList [32m204[0m 0.715 ms - 0[0m
[0mGET /api/product/banner-list [36m304[0m 8.976 ms - -[0m
[0mPOST /api/salon/website/getAllSalonList [32m200[0m 6.201 ms - 1719[0m
[0mGET /api/product/banner-list [36m304[0m 6.600 ms - -[0m
[0mPOST /api/salon/website/getAllSalonList [32m200[0m 33.408 ms - 1719[0m
[0mOPTIONS /api/product/banner-list [32m204[0m 0.712 ms - 0[0m
[0mOPTIONS /api/salon/website/getAllSalonList [32m204[0m 0.286 ms - 0[0m
[0mGET /api/product/banner-list [36m304[0m 4.106 ms - -[0m
[0mPOST /api/salon/website/getAllSalonList [32m200[0m 10.387 ms - 1719[0m
[0mGET /api/product/banner-list [36m304[0m 4.786 ms - -[0m
[0mPOST /api/salon/website/getAllSalonList [32m200[0m 6.589 ms - 1719[0m
[0mGET /api/customer/google?callbackURL=http://localhost:3000 [36m302[0m 2.507 ms - 0[0m
[0mOPTIONS /api/customer/getUserByEmailId [32m204[0m 0.561 ms - 0[0m
[0mOPTIONS /api/product/banner-list [32m204[0m 0.456 ms - 0[0m
[0mOPTIONS /api/salon/website/getAllSalonList [32m204[0m 0.345 ms - 0[0m
[0mGET /api/product/banner-list [36m304[0m 6.702 ms - -[0m
[0mPOST /api/salon/website/getAllSalonList [32m200[0m 14.137 ms - 1719[0m
[0mGET /api/customer/getUserByEmailId [36m304[0m 22.259 ms - -[0m
[0mOPTIONS /api/customer/getUserByEmailId [32m204[0m 1.717 ms - 0[0m
[0mOPTIONS /api/product/banner-list [32m204[0m 0.849 ms - 0[0m
[0mOPTIONS /api/salon/website/getAllSalonList [32m204[0m 0.329 ms - 0[0m
[0mPOST /api/salon/website/getAllSalonList [32m200[0m 10.460 ms - 1719[0m
[0mGET /api/product/banner-list [36m304[0m 9.725 ms - -[0m
[0mGET /api/customer/getUserByEmailId [36m304[0m 17.887 ms - -[0m
[0mOPTIONS /api/customer/getUserByEmailId [32m204[0m 1.041 ms - 0[0m
[0mOPTIONS /api/product/banner-list [32m204[0m 0.171 ms - 0[0m
[0mOPTIONS /api/salon/website/getAllSalonList [32m204[0m 0.382 ms - 0[0m
[0mGET /api/product/banner-list [36m304[0m 2.968 ms - -[0m
[0mPOST /api/salon/website/getAllSalonList [32m200[0m 12.768 ms - 1719[0m
[0mGET /api/customer/getUserByEmailId [36m304[0m 11.361 ms - -[0m
[0mOPTIONS /api/customer/getUserByEmailId [32m204[0m 0.285 ms - 0[0m
[0mOPTIONS /api/product/banner-list [32m204[0m 0.551 ms - 0[0m
[0mOPTIONS /api/salon/website/getAllSalonList [32m204[0m 0.657 ms - 0[0m
[0mGET /api/product/banner-list [36m304[0m 2.708 ms - -[0m
[0mPOST /api/salon/website/getAllSalonList [32m200[0m 3.319 ms - 1719[0m
[0mGET /api/customer/getUserByEmailId [36m304[0m 7.212 ms - -[0m
[0mOPTIONS /api/product/banner-list [32m204[0m 0.979 ms - 0[0m
[0mOPTIONS /api/salon/website/getAllSalonList [32m204[0m 1.081 ms - 0[0m
[0mGET /api/product/banner-list [36m304[0m 11.264 ms - -[0m
[0mPOST /api/salon/website/getAllSalonList [32m200[0m 14.479 ms - 1719[0m
[0mGET /api/product/banner-list [36m304[0m 2.530 ms - -[0m
[0mPOST /api/salon/website/getAllSalonList [32m200[0m 4.731 ms - 1719[0m
[0mGET /api/customer/google?callbackURL=http://localhost:3000 [36m302[0m 1.308 ms - 0[0m
[0mOPTIONS /api/customer/getUserByEmailId [32m204[0m 0.571 ms - 0[0m
[0mOPTIONS /api/product/banner-list [32m204[0m 0.413 ms - 0[0m
[0mOPTIONS /api/salon/website/getAllSalonList [32m204[0m 0.316 ms - 0[0m
[0mGET /api/product/banner-list [36m304[0m 8.495 ms - -[0m
[0mPOST /api/salon/website/getAllSalonList [32m200[0m 12.164 ms - 1719[0m
[0mGET /api/customer/getUserByEmailId [36m304[0m 18.002 ms - -[0m
[0mOPTIONS /api/customer/getUserByEmailId [32m204[0m 1.685 ms - 0[0m
[0mOPTIONS /api/product/banner-list [32m204[0m 0.326 ms - 0[0m
[0mOPTIONS /api/salon/website/getAllSalonList [32m204[0m 0.135 ms - 0[0m
[0mGET /api/product/banner-list [36m304[0m 7.195 ms - -[0m
[0mPOST /api/salon/website/getAllSalonList [32m200[0m 9.303 ms - 1719[0m
[0mGET /api/customer/getUserByEmailId [36m304[0m 13.201 ms - -[0m
[0mOPTIONS /api/customer/getUserByEmailId [32m204[0m 12.308 ms - 0[0m
[0mOPTIONS /api/product/banner-list [32m204[0m 0.357 ms - 0[0m
[0mOPTIONS /api/salon/website/getAllSalonList [32m204[0m 0.166 ms - 0[0m
[0mPOST /api/salon/website/getAllSalonList [32m200[0m 20.616 ms - 1719[0m
[0mGET /api/product/banner-list [36m304[0m 15.238 ms - -[0m
[0mGET /api/customer/getUserByEmailId [36m304[0m 22.400 ms - -[0m
[0mOPTIONS /api/customer/getUserByEmailId [32m204[0m 1.427 ms - 0[0m
[0mOPTIONS /api/product/banner-list [32m204[0m 5.797 ms - 0[0m
[0mOPTIONS /api/salon/website/getAllSalonList [32m204[0m 0.960 ms - 0[0m
[0mGET /api/customer/getUserByEmailId [33m401[0m 8.606 ms - 36[0m
[0mGET /api/product/banner-list [36m304[0m 5.207 ms - -[0m
[0mPOST /api/salon/website/getAllSalonList [32m200[0m 13.267 ms - 1719[0m
[0mOPTIONS /api/customer/getUserByEmailId [32m204[0m 1.873 ms - 0[0m
[0mOPTIONS /api/product/banner-list [32m204[0m 0.286 ms - 0[0m
[0mOPTIONS /api/salon/website/getAllSalonList [32m204[0m 0.213 ms - 0[0m
[0mGET /api/customer/getUserByEmailId [33m401[0m 0.744 ms - 36[0m
[0mPOST /api/salon/website/getAllSalonList [32m200[0m 13.918 ms - 1719[0m
[0mGET /api/product/banner-list [36m304[0m 10.383 ms - -[0m
[0mPOST /api/salon/website/getAllSalonList [32m200[0m 4.282 ms - 1719[0m
[0mGET /api/product/banner-list [36m304[0m 3.434 ms - -[0m
[0mOPTIONS /api/product/banner-list [32m204[0m 2.673 ms - 0[0m
[0mOPTIONS /api/salon/website/getAllSalonList [32m204[0m 0.254 ms - 0[0m
[0mGET /api/product/banner-list [36m304[0m 4.608 ms - -[0m
[0mPOST /api/salon/website/getAllSalonList [32m200[0m 13.452 ms - 1719[0m
[0mGET /api/product/banner-list [36m304[0m 5.279 ms - -[0m
[0mPOST /api/salon/website/getAllSalonList [32m200[0m 17.040 ms - 1719[0m
[0mGET /api/customer/google?callbackURL=http://localhost:3000 [36m302[0m 7.838 ms - 0[0m
[0mOPTIONS /api/customer/getUserByEmailId [32m204[0m 0.598 ms - 0[0m
[0mOPTIONS /api/product/banner-list [32m204[0m 0.679 ms - 0[0m
[0mOPTIONS /api/salon/website/getAllSalonList [32m204[0m 0.716 ms - 0[0m
[0mGET /api/customer/getUserByEmailId [33m401[0m 1.305 ms - 36[0m
[0mGET /api/product/banner-list [36m304[0m 3.016 ms - -[0m
[0mPOST /api/salon/website/getAllSalonList [32m200[0m 8.666 ms - 1719[0m
[0mGET /api/product/banner-list [36m304[0m 3.172 ms - -[0m
[0mPOST /api/salon/website/getAllSalonList [32m200[0m 11.840 ms - 1719[0m
[0mOPTIONS /api/product/banner-list [32m204[0m 1.000 ms - 0[0m
[0mOPTIONS /api/salon/website/getAllSalonList [32m204[0m 0.641 ms - 0[0m
[0mPOST /api/salon/website/getAllSalonList [32m200[0m 10.212 ms - 1719[0m
[0mGET /api/product/banner-list [36m304[0m 8.868 ms - -[0m
[0mGET /api/customer/google?callbackURL=http://localhost:3000 [36m302[0m 1.356 ms - 0[0m
[0mOPTIONS /api/customer/getUserByEmailId [32m204[0m 1.186 ms - 0[0m
[0mOPTIONS /api/product/banner-list [32m204[0m 0.520 ms - 0[0m
[0mOPTIONS /api/salon/website/getAllSalonList [32m204[0m 0.569 ms - 0[0m
[0mGET /api/customer/getUserByEmailId [33m401[0m 1.827 ms - 36[0m
[0mGET /api/product/banner-list [36m304[0m 5.244 ms - -[0m
[0mPOST /api/salon/website/getAllSalonList [32m200[0m 8.563 ms - 1719[0m
[0mGET /api/product/banner-list [36m304[0m 2.847 ms - -[0m
[0mPOST /api/salon/website/getAllSalonList [32m200[0m 5.259 ms - 1719[0m
[0mOPTIONS /api/product/banner-list [32m204[0m 2.409 ms - 0[0m
[0mOPTIONS /api/salon/website/getAllSalonList [32m204[0m 0.467 ms - 0[0m
[0mGET /api/product/banner-list [36m304[0m 12.705 ms - -[0m
[0mPOST /api/salon/website/getAllSalonList [32m200[0m 7.343 ms - 1719[0m
[0mOPTIONS /api/product/banner-list [32m204[0m 2.670 ms - 0[0m
[0mOPTIONS /api/salon/website/getAllSalonList [32m204[0m 0.625 ms - 0[0m
[0mGET /api/product/banner-list [36m304[0m 13.615 ms - -[0m
[0mPOST /api/salon/website/getAllSalonList [32m200[0m 29.618 ms - 1719[0m
[0mOPTIONS /api/product/banner-list [32m204[0m 5.102 ms - 0[0m
[0mOPTIONS /api/salon/website/getAllSalonList [32m204[0m 0.649 ms - 0[0m
[0mGET /api/product/banner-list [36m304[0m 18.296 ms - -[0m
[0mPOST /api/salon/website/getAllSalonList [32m200[0m 13.582 ms - 1719[0m
[0mGET /api/product/banner-list [36m304[0m 5.296 ms - -[0m
[0mPOST /api/salon/website/getAllSalonList [32m200[0m 20.052 ms - 1719[0m
[0mOPTIONS /api/product/banner-list [32m204[0m 1.678 ms - 0[0m
[0mOPTIONS /api/salon/website/getAllSalonList [32m204[0m 0.690 ms - 0[0m
[0mPOST /api/salon/website/getAllSalonList [32m200[0m 15.289 ms - 1719[0m
[0mGET /api/product/banner-list [36m304[0m 9.066 ms - -[0m
[0mGET /api/customer/google?callbackURL=http://localhost:3000 [36m302[0m 10.910 ms - 0[0m
[0mOPTIONS /api/customer/getUserByEmailId [32m204[0m 0.781 ms - 0[0m
[0mOPTIONS /api/product/banner-list [32m204[0m 6.938 ms - 0[0m
[0mGET /api/customer/getUserByEmailId [33m401[0m 1.274 ms - 36[0m
[0mOPTIONS /api/salon/website/getAllSalonList [32m204[0m 0.503 ms - 0[0m
[0mGET /api/product/banner-list [36m304[0m 11.913 ms - -[0m
[0mPOST /api/salon/website/getAllSalonList [32m200[0m 12.100 ms - 1719[0m
[0mGET /api/product/banner-list [36m304[0m 3.896 ms - -[0m
[0mPOST /api/salon/website/getAllSalonList [32m200[0m 7.525 ms - 1719[0m
[0mOPTIONS /api/product/banner-list [32m204[0m 1.311 ms - 0[0m
[0mOPTIONS /api/salon/website/getAllSalonList [32m204[0m 0.665 ms - 0[0m
[0mPOST /api/salon/website/getAllSalonList [32m200[0m 11.444 ms - 1719[0m
[0mGET /api/product/banner-list [36m304[0m 7.420 ms - -[0m
[0mOPTIONS /api/product/banner-list [32m204[0m 1.215 ms - 0[0m
[0mOPTIONS /api/salon/website/getAllSalonList [32m204[0m 0.598 ms - 0[0m
[0mPOST /api/salon/website/getAllSalonList [32m200[0m 17.591 ms - 1719[0m
[0mGET /api/product/banner-list [36m304[0m 10.488 ms - -[0m
[0mOPTIONS /api/product/banner-list [32m204[0m 1.284 ms - 0[0m
[0mOPTIONS /api/salon/website/getAllSalonList [32m204[0m 1.060 ms - 0[0m
[0mGET /api/product/banner-list [36m304[0m 15.737 ms - -[0m
[0mPOST /api/salon/website/getAllSalonList [32m200[0m 12.839 ms - 1719[0m
[0mOPTIONS /api/product/banner-list [32m204[0m 2.124 ms - 0[0m
[0mOPTIONS /api/salon/website/getAllSalonList [32m204[0m 0.600 ms - 0[0m
[0mGET /api/product/banner-list [36m304[0m 10.356 ms - -[0m
[0mPOST /api/salon/website/getAllSalonList [32m200[0m 13.937 ms - 1719[0m
[0mOPTIONS /api/product/banner-list [32m204[0m 1.368 ms - 0[0m
[0mOPTIONS /api/salon/website/getAllSalonList [32m204[0m 0.305 ms - 0[0m
[0mPOST /api/salon/website/getAllSalonList [32m200[0m 13.657 ms - 1719[0m
[0mGET /api/product/banner-list [36m304[0m 10.260 ms - -[0m
[0mOPTIONS /api/product/banner-list [32m204[0m 3.615 ms - 0[0m
[0mOPTIONS /api/salon/website/getAllSalonList [32m204[0m 0.586 ms - 0[0m
[0mGET /api/product/banner-list [36m304[0m 12.342 ms - -[0m
[0mPOST /api/salon/website/getAllSalonList [32m200[0m 10.698 ms - 1719[0m
[0mOPTIONS /api/customer/getUserByEmailId [32m204[0m 10.060 ms - 0[0m
[0mOPTIONS /api/product/banner-list [32m204[0m 0.326 ms - 0[0m
[0mOPTIONS /api/salon/website/getAllSalonList [32m204[0m 0.487 ms - 0[0m
[0mGET /api/customer/getUserByEmailId [33m401[0m 3.970 ms - 36[0m
[0mPOST /api/salon/website/getAllSalonList [32m200[0m 23.370 ms - 1719[0m
[0mGET /api/product/banner-list [36m304[0m 8.374 ms - -[0m
[0mOPTIONS /api/customer/getUserByEmailId [32m204[0m 1.700 ms - 0[0m
[0mOPTIONS /api/product/banner-list [32m204[0m 0.206 ms - 0[0m
[0mOPTIONS /api/salon/website/getAllSalonList [32m204[0m 0.613 ms - 0[0m
[0mGET /api/customer/getUserByEmailId [33m401[0m 1.055 ms - 36[0m
[0mGET /api/product/banner-list [36m304[0m 8.496 ms - -[0m
[0mPOST /api/salon/website/getAllSalonList [32m200[0m 16.739 ms - 1719[0m
[0mOPTIONS /api/customer/getUserByEmailId [32m204[0m 1.920 ms - 0[0m
[0mOPTIONS /api/product/banner-list [32m204[0m 0.267 ms - 0[0m
[0mOPTIONS /api/salon/website/getAllSalonList [32m204[0m 0.155 ms - 0[0m
[0mGET /api/customer/getUserByEmailId [33m401[0m 0.791 ms - 36[0m
[0mPOST /api/salon/website/getAllSalonList [32m200[0m 26.227 ms - 1719[0m
[0mGET /api/product/banner-list [36m304[0m 23.172 ms - -[0m
[0mOPTIONS /api/customer/getUserByEmailId [32m204[0m 2.485 ms - 0[0m
[0mOPTIONS /api/product/banner-list [32m204[0m 0.720 ms - 0[0m
[0mOPTIONS /api/salon/website/getAllSalonList [32m204[0m 0.315 ms - 0[0m
[0mGET /api/customer/getUserByEmailId [33m401[0m 6.448 ms - 36[0m
[0mPOST /api/salon/website/getAllSalonList [32m200[0m 27.613 ms - 1719[0m
[0mGET /api/product/banner-list [36m304[0m 13.163 ms - -[0m
[0mGET /api/customer/google?callbackURL=http://localhost:3000 [36m302[0m 1.515 ms - 0[0m
[0mOPTIONS /api/customer/getUserByEmailId [32m204[0m 3.150 ms - 0[0m
[0mOPTIONS /api/product/banner-list [32m204[0m 1.290 ms - 0[0m
[0mOPTIONS /api/salon/website/getAllSalonList [32m204[0m 3.104 ms - 0[0m
[0mGET /api/customer/getUserByEmailId [33m401[0m 2.997 ms - 36[0m
[0mPOST /api/salon/website/getAllSalonList [32m200[0m 40.757 ms - 1719[0m
[0mGET /api/product/banner-list [36m304[0m 38.598 ms - -[0m
[0mOPTIONS /api/customer/getUserByEmailId [32m204[0m 7.176 ms - 0[0m
[0mOPTIONS /api/product/banner-list [32m204[0m 0.303 ms - 0[0m
[0mOPTIONS /api/salon/website/getAllSalonList [32m204[0m 0.504 ms - 0[0m
[0mPOST /api/salon/website/getAllSalonList [32m200[0m 10.815 ms - 1719[0m
[0mGET /api/product/banner-list [36m304[0m 10.355 ms - -[0m
[0mGET /api/customer/getUserByEmailId [36m304[0m 30.626 ms - -[0m
[0mOPTIONS /api/customer/getUserByEmailId [32m204[0m 1.805 ms - 0[0m
[0mOPTIONS /api/product/banner-list [32m204[0m 0.161 ms - 0[0m
[0mOPTIONS /api/salon/website/getAllSalonList [32m204[0m 0.114 ms - 0[0m
[0mGET /api/customer/getUserByEmailId [33m401[0m 0.523 ms - 36[0m
[0mGET /api/product/banner-list [36m304[0m 8.933 ms - -[0m
[0mPOST /api/salon/website/getAllSalonList [32m200[0m 18.664 ms - 1719[0m
[0mOPTIONS /api/customer/getUserByEmailId [32m204[0m 2.361 ms - 0[0m
[0mOPTIONS /api/product/banner-list [32m204[0m 0.617 ms - 0[0m
[0mOPTIONS /api/salon/website/getAllSalonList [32m204[0m 1.909 ms - 0[0m
[0mGET /api/customer/getUserByEmailId [33m401[0m 2.385 ms - 36[0m
[0mGET /api/product/banner-list [36m304[0m 21.953 ms - -[0m
[0mPOST /api/salon/website/getAllSalonList [32m200[0m 27.341 ms - 1719[0m
[0mOPTIONS /api/customer/getUserByEmailId [32m204[0m 5.744 ms - 0[0m
[0mOPTIONS /api/product/banner-list [32m204[0m 0.315 ms - 0[0m
[0mOPTIONS /api/salon/website/getAllSalonList [32m204[0m 0.139 ms - 0[0m
[0mGET /api/customer/getUserByEmailId [33m401[0m 1.685 ms - 36[0m
[0mGET /api/product/banner-list [36m304[0m 13.248 ms - -[0m
[0mPOST /api/salon/website/getAllSalonList [32m200[0m 16.957 ms - 1719[0m
[0mOPTIONS /api/product/banner-list [32m204[0m 2.030 ms - 0[0m
[0mOPTIONS /api/salon/website/getAllSalonList [32m204[0m 0.249 ms - 0[0m
[0mPOST /api/salon/website/getAllSalonList [32m200[0m 16.643 ms - 1719[0m
[0mGET /api/product/banner-list [36m304[0m 13.941 ms - -[0m
[0mOPTIONS /api/product/banner-list [32m204[0m 1.031 ms - 0[0m
[0mOPTIONS /api/salon/website/getAllSalonList [32m204[0m 0.514 ms - 0[0m
[0mGET /api/product/banner-list [36m304[0m 34.596 ms - -[0m
[0mPOST /api/salon/website/getAllSalonList [32m200[0m 43.514 ms - 1719[0m
[0mOPTIONS /api/product/banner-list [32m204[0m 3.955 ms - 0[0m
[0mOPTIONS /api/salon/website/getAllSalonList [32m204[0m 5.489 ms - 0[0m
[0mPOST /api/salon/website/getAllSalonList [32m200[0m 7.380 ms - 1719[0m
[0mGET /api/product/banner-list [36m304[0m 8.536 ms - -[0m
[0mGET /api/product/banner-list [36m304[0m 6.663 ms - -[0m
[0mPOST /api/salon/website/getAllSalonList [32m200[0m 14.750 ms - 1719[0m
[0mOPTIONS /api/product/banner-list [32m204[0m 1.242 ms - 0[0m
[0mOPTIONS /api/salon/website/getAllSalonList [32m204[0m 0.164 ms - 0[0m
[0mGET /api/product/banner-list [36m304[0m 10.330 ms - -[0m
[0mPOST /api/salon/website/getAllSalonList [32m200[0m 12.074 ms - 1719[0m
