[0mOPTIONS /api/customer/getUserByEmailId [32m204[0m 24.064 ms - 0[0m
[0mOPTIONS /api/customer/getUserByEmailId [32m204[0m 0.272 ms - 0[0m
[0mGET /api/customer/getUserByEmailId [32m200[0m 103.198 ms - 199[0m
[0mGET /api/customer/getUserByEmailId [32m200[0m 132.712 ms - 199[0m
[0mOPTIONS /api/customer/getUserByEmailId [32m204[0m 59.657 ms - 0[0m
[0mOPTIONS /api/customer/getUserByEmailId [32m204[0m 0.312 ms - 0[0m
[0mGET /api/customer/getUserByEmailId [32m200[0m 194.628 ms - 199[0m
[0mGET /api/customer/getUserByEmailId [32m200[0m 100.894 ms - 199[0m
[0mOPTIONS /api/customer/getUserByEmailId [32m204[0m 2.459 ms - 0[0m
[0mOPTIONS /api/customer/getUserByEmailId [32m204[0m 0.426 ms - 0[0m
[0mGET /api/customer/getUserByEmailId [36m304[0m 20.034 ms - -[0m
[0mGET /api/customer/getUserByEmailId [36m304[0m 4.031 ms - -[0m
[0mOPTIONS /api/customer/getUserByEmailId [32m204[0m 3.452 ms - 0[0m
[0mOPTIONS /api/customer/getUserByEmailId [32m204[0m 3.734 ms - 0[0m
[0mGET /api/customer/getUserByEmailId [32m200[0m 30.656 ms - 199[0m
[0mGET /api/customer/getUserByEmailId [32m200[0m 27.746 ms - 199[0m
[0mOPTIONS /api/customer/getUserByEmailId [32m204[0m 19.920 ms - 0[0m
[0mOPTIONS /api/customer/getUserByEmailId [32m204[0m 0.372 ms - 0[0m
[0mGET /api/customer/getUserByEmailId [32m200[0m 96.018 ms - 199[0m
[0mGET /api/customer/getUserByEmailId [32m200[0m 103.499 ms - 199[0m
[0mOPTIONS /api/customer/getUserByEmailId [32m204[0m 7.682 ms - 0[0m
[0mOPTIONS /api/customer/getUserByEmailId [32m204[0m 0.593 ms - 0[0m
[0mGET /api/customer/getUserByEmailId [32m200[0m 47.494 ms - 199[0m
[0mGET /api/customer/getUserByEmailId [32m200[0m 58.989 ms - 199[0m
[0mOPTIONS /api/customer/getUserByEmailId [32m204[0m 4.232 ms - 0[0m
[0mOPTIONS /api/customer/getUserByEmailId [32m204[0m 1.163 ms - 0[0m
[0mGET /api/customer/getUserByEmailId [32m200[0m 49.855 ms - 199[0m
[0mGET /api/customer/getUserByEmailId [32m200[0m 29.563 ms - 199[0m
[0mOPTIONS /api/customer/getUserByEmailId [32m204[0m 3.314 ms - 0[0m
[0mOPTIONS /api/customer/getUserByEmailId [32m204[0m 2.031 ms - 0[0m
[0mGET /api/customer/getUserByEmailId [32m200[0m 22.599 ms - 199[0m
[0mGET /api/customer/getUserByEmailId [32m200[0m 19.977 ms - 199[0m
[0mOPTIONS /api/customer/getUserByEmailId [32m204[0m 3.667 ms - 0[0m
[0mOPTIONS /api/customer/getUserByEmailId [32m204[0m 0.658 ms - 0[0m
[0mGET /api/customer/getUserByEmailId [32m200[0m 53.632 ms - 199[0m
[0mGET /api/customer/getUserByEmailId [32m200[0m 48.824 ms - 199[0m
[0mOPTIONS /api/customer/rootLogin [32m204[0m 11.021 ms - 0[0m
[0mPOST /api/customer/rootLogin [32m200[0m 316.075 ms - 232[0m
[0mOPTIONS /api/customer/getUserByEmailId [32m204[0m 0.405 ms - 0[0m
[0mGET /api/customer/getUserByEmailId [36m304[0m 14.126 ms - -[0m
[0mOPTIONS /api/location/list [32m204[0m 0.711 ms - 0[0m
[0mOPTIONS /api/customer/getUserByEmailId [32m204[0m 0.418 ms - 0[0m
[0mOPTIONS /api/customer/getUserByEmailId [32m204[0m 0.456 ms - 0[0m
[0mGET /api/location/list [36m304[0m 10.852 ms - -[0m
[0mGET /api/customer/getUserByEmailId [36m304[0m 18.666 ms - -[0m
[0mGET /api/customer/getUserByEmailId [36m304[0m 9.394 ms - -[0m
[0mOPTIONS /api/website/address/create [32m204[0m 0.568 ms - 0[0m
[0mPOST /api/website/address/create [32m200[0m 24.301 ms - 56[0m
[0mOPTIONS /api/location/list [32m204[0m 0.612 ms - 0[0m
[0mOPTIONS /api/customer/getUserByEmailId [32m204[0m 0.752 ms - 0[0m
[0mOPTIONS /api/customer/getUserByEmailId [32m204[0m 0.366 ms - 0[0m
[0mGET /api/location/list [36m304[0m 8.188 ms - -[0m
[0mGET /api/customer/getUserByEmailId [32m200[0m 12.796 ms - 479[0m
[0mGET /api/customer/getUserByEmailId [36m304[0m 6.854 ms - -[0m
[0mOPTIONS /api/location/list [32m204[0m 5.459 ms - 0[0m
[0mGET /api/location/list [36m304[0m 18.212 ms - -[0m
[0mOPTIONS /api/location/list [32m204[0m 2.796 ms - 0[0m
[0mOPTIONS /api/customer/getUserByEmailId [32m204[0m 0.483 ms - 0[0m
[0mOPTIONS /api/customer/getUserByEmailId [32m204[0m 0.326 ms - 0[0m
[0mGET /api/location/list [32m200[0m 8.192 ms - 1949[0m
[0mGET /api/customer/getUserByEmailId [32m200[0m 19.515 ms - 479[0m
[0mGET /api/customer/getUserByEmailId [32m200[0m 18.912 ms - 479[0m
[0mOPTIONS /api/website/address/create [32m204[0m 0.549 ms - 0[0m
[0mPOST /api/website/address/create [32m200[0m 13.272 ms - 56[0m
[0mOPTIONS /api/website/address/create [32m204[0m 5.838 ms - 0[0m
[0mPOST /api/website/address/create [32m200[0m 46.511 ms - 56[0m
[0mOPTIONS /api/website/address/create [32m204[0m 6.106 ms - 0[0m
[0mPOST /api/website/address/create [32m200[0m 38.925 ms - 56[0m
[0mOPTIONS /api/location/list [32m204[0m 7.660 ms - 0[0m
[0mGET /api/location/list [36m304[0m 19.538 ms - -[0m
[0mOPTIONS /api/location/list [32m204[0m 0.937 ms - 0[0m
[0mOPTIONS /api/customer/getUserByEmailId [32m204[0m 0.804 ms - 0[0m
[0mOPTIONS /api/customer/getUserByEmailId [32m204[0m 1.531 ms - 0[0m
[0mGET /api/location/list [32m200[0m 25.963 ms - 1949[0m
[0mGET /api/customer/getUserByEmailId [32m200[0m 33.513 ms - 1331[0m
[0mGET /api/customer/getUserByEmailId [32m200[0m 26.411 ms - 1331[0m
[0mOPTIONS /api/location/list [32m204[0m 1.644 ms - 0[0m
[0mGET /api/location/list [36m304[0m 7.173 ms - -[0m
[0mOPTIONS /api/location/list [32m204[0m 2.326 ms - 0[0m
[0mOPTIONS /api/customer/getUserByEmailId [32m204[0m 0.681 ms - 0[0m
[0mOPTIONS /api/customer/getUserByEmailId [32m204[0m 2.458 ms - 0[0m
[0mGET /api/location/list [32m200[0m 20.920 ms - 1949[0m
[0mGET /api/customer/getUserByEmailId [32m200[0m 23.958 ms - 1331[0m
[0mGET /api/customer/getUserByEmailId [32m200[0m 18.700 ms - 1331[0m
[0mOPTIONS /api/location/list [32m204[0m 2.404 ms - 0[0m
[0mOPTIONS /api/customer/getUserByEmailId [32m204[0m 0.591 ms - 0[0m
[0mOPTIONS /api/customer/getUserByEmailId [32m204[0m 0.532 ms - 0[0m
[0mGET /api/location/list [32m200[0m 18.545 ms - 1949[0m
[0mGET /api/customer/getUserByEmailId [32m200[0m 18.001 ms - 1331[0m
[0mGET /api/customer/getUserByEmailId [32m200[0m 9.465 ms - 1331[0m
[0mOPTIONS /api/location/list [32m204[0m 2.419 ms - 0[0m
[0mOPTIONS /api/customer/getUserByEmailId [32m204[0m 0.617 ms - 0[0m
[0mOPTIONS /api/customer/getUserByEmailId [32m204[0m 0.339 ms - 0[0m
[0mGET /api/location/list [32m200[0m 14.620 ms - 1949[0m
[0mGET /api/customer/getUserByEmailId [32m200[0m 22.918 ms - 1331[0m
[0mGET /api/customer/getUserByEmailId [32m200[0m 22.123 ms - 1331[0m
[0mOPTIONS /api/location/list [32m204[0m 2.184 ms - 0[0m
[0mOPTIONS /api/customer/getUserByEmailId [32m204[0m 0.441 ms - 0[0m
[0mOPTIONS /api/customer/getUserByEmailId [32m204[0m 0.314 ms - 0[0m
[0mGET /api/location/list [32m200[0m 17.462 ms - 1949[0m
[0mGET /api/customer/getUserByEmailId [32m200[0m 22.968 ms - 1331[0m
[0mGET /api/customer/getUserByEmailId [32m200[0m 17.150 ms - 1331[0m
[0mOPTIONS /api/location/list [32m204[0m 3.056 ms - 0[0m
[0mOPTIONS /api/customer/getUserByEmailId [32m204[0m 0.465 ms - 0[0m
[0mOPTIONS /api/customer/getUserByEmailId [32m204[0m 0.374 ms - 0[0m
[0mGET /api/location/list [32m200[0m 35.811 ms - 1949[0m
[0mGET /api/customer/getUserByEmailId [32m200[0m 35.606 ms - 1331[0m
[0mGET /api/customer/getUserByEmailId [32m200[0m 36.629 ms - 1331[0m
[0mOPTIONS /api/location/list [32m204[0m 8.698 ms - 0[0m
[0mGET /api/location/list [36m304[0m 17.762 ms - -[0m
[0mOPTIONS /api/location/list [32m204[0m 0.637 ms - 0[0m
[0mOPTIONS /api/customer/getUserByEmailId [32m204[0m 0.854 ms - 0[0m
[0mOPTIONS /api/customer/getUserByEmailId [32m204[0m 0.377 ms - 0[0m
[0mGET /api/location/list [32m200[0m 9.959 ms - 1949[0m
[0mGET /api/customer/getUserByEmailId [32m200[0m 20.630 ms - 1331[0m
[0mGET /api/customer/getUserByEmailId [32m200[0m 21.606 ms - 1331[0m
[0mOPTIONS /api/location/list [32m204[0m 1.374 ms - 0[0m
[0mOPTIONS /api/customer/getUserByEmailId [32m204[0m 0.285 ms - 0[0m
[0mOPTIONS /api/customer/getUserByEmailId [32m204[0m 0.144 ms - 0[0m
[0mGET /api/location/list [32m200[0m 12.125 ms - 1949[0m
[0mGET /api/customer/getUserByEmailId [32m200[0m 16.816 ms - 1331[0m
[0mGET /api/customer/getUserByEmailId [32m200[0m 24.209 ms - 1331[0m
[0mOPTIONS /api/location/list [32m204[0m 2.176 ms - 0[0m
[0mOPTIONS /api/customer/getUserByEmailId [32m204[0m 0.625 ms - 0[0m
[0mOPTIONS /api/customer/getUserByEmailId [32m204[0m 0.240 ms - 0[0m
[0mGET /api/location/list [36m304[0m 6.123 ms - -[0m
[0mGET /api/customer/getUserByEmailId [36m304[0m 7.675 ms - -[0m
[0mGET /api/customer/getUserByEmailId [36m304[0m 3.727 ms - -[0m
[0mOPTIONS /api/location/list [32m204[0m 8.135 ms - 0[0m
[0mGET /api/location/list [36m304[0m 6.341 ms - -[0m
[0mOPTIONS /api/location/list [32m204[0m 7.601 ms - 0[0m
[0mGET /api/location/list [36m304[0m 5.701 ms - -[0m
[0mOPTIONS /api/location/list [32m204[0m 2.024 ms - 0[0m
[0mGET /api/location/list [36m304[0m 5.734 ms - -[0m
[0mOPTIONS /api/location/list [32m204[0m 3.529 ms - 0[0m
[0mGET /api/location/list [36m304[0m 4.744 ms - -[0m
[0mOPTIONS /api/location/list [32m204[0m 0.555 ms - 0[0m
[0mOPTIONS /api/customer/getUserByEmailId [32m204[0m 0.415 ms - 0[0m
[0mOPTIONS /api/customer/getUserByEmailId [32m204[0m 0.335 ms - 0[0m
[0mGET /api/location/list [32m200[0m 3.645 ms - 1949[0m
[0mGET /api/customer/getUserByEmailId [32m200[0m 8.045 ms - 1331[0m
[0mGET /api/customer/getUserByEmailId [32m200[0m 8.322 ms - 1331[0m
[0mOPTIONS /api/location/list [32m204[0m 1.748 ms - 0[0m
[0mGET /api/location/list [36m304[0m 8.270 ms - -[0m
[0mOPTIONS /api/location/list [32m204[0m 2.408 ms - 0[0m
[0mOPTIONS /api/customer/getUserByEmailId [32m204[0m 0.548 ms - 0[0m
[0mOPTIONS /api/customer/getUserByEmailId [32m204[0m 0.493 ms - 0[0m
[0mGET /api/location/list [32m200[0m 16.547 ms - 1949[0m
[0mGET /api/customer/getUserByEmailId [32m200[0m 13.934 ms - 1331[0m
[0mGET /api/customer/getUserByEmailId [32m200[0m 10.301 ms - 1331[0m
[0mOPTIONS /api/location/list [32m204[0m 4.738 ms - 0[0m
[0mOPTIONS /api/customer/getUserByEmailId [32m204[0m 0.484 ms - 0[0m
[0mOPTIONS /api/customer/getUserByEmailId [32m204[0m 0.319 ms - 0[0m
[0mGET /api/location/list [32m200[0m 14.781 ms - 1949[0m
[0mGET /api/customer/getUserByEmailId [32m200[0m 18.857 ms - 1331[0m
[0mGET /api/customer/getUserByEmailId [32m200[0m 20.324 ms - 1331[0m
[0mOPTIONS /api/location/list [32m204[0m 5.026 ms - 0[0m
[0mGET /api/location/list [36m304[0m 4.388 ms - -[0m
[0mOPTIONS /api/customer/getUserByEmailId [32m204[0m 3.362 ms - 0[0m
[0mGET /api/customer/getUserByEmailId [36m304[0m 21.662 ms - -[0m
[0mOPTIONS /api/location/list [32m204[0m 0.510 ms - 0[0m
[0mOPTIONS /api/customer/getUserByEmailId [32m204[0m 0.520 ms - 0[0m
[0mOPTIONS /api/customer/getUserByEmailId [32m204[0m 0.389 ms - 0[0m
[0mGET /api/location/list [32m200[0m 9.304 ms - 1949[0m
[0mGET /api/customer/getUserByEmailId [32m200[0m 22.679 ms - 1331[0m
[0mGET /api/customer/getUserByEmailId [32m200[0m 24.042 ms - 1331[0m
[0mOPTIONS /api/customer/getUserByEmailId [32m204[0m 1.312 ms - 0[0m
[0mGET /api/customer/getUserByEmailId [36m304[0m 8.836 ms - -[0m
[0mOPTIONS /api/location/list [32m204[0m 2.485 ms - 0[0m
[0mOPTIONS /api/customer/getUserByEmailId [32m204[0m 0.569 ms - 0[0m
[0mOPTIONS /api/customer/getUserByEmailId [32m204[0m 0.554 ms - 0[0m
[0mGET /api/location/list [32m200[0m 39.686 ms - 1949[0m
[0mGET /api/customer/getUserByEmailId [32m200[0m 38.005 ms - 1331[0m
[0mGET /api/customer/getUserByEmailId [32m200[0m 37.914 ms - 1331[0m
[0mOPTIONS /api/location/list [32m204[0m 1.254 ms - 0[0m
[0mOPTIONS /api/customer/getUserByEmailId [32m204[0m 0.578 ms - 0[0m
[0mGET /api/customer/getUserByEmailId [33m401[0m 2.452 ms - 36[0m
[0mGET /api/location/list [36m304[0m 14.246 ms - -[0m
[0mOPTIONS /api/location/list [32m204[0m 1.126 ms - 0[0m
[0mOPTIONS /api/customer/getUserByEmailId [32m204[0m 0.334 ms - 0[0m
[0mOPTIONS /api/customer/getUserByEmailId [32m204[0m 0.419 ms - 0[0m
[0mOPTIONS /api/customer/getUserByEmailId [32m204[0m 0.364 ms - 0[0m
[0mGET /api/customer/getUserByEmailId [33m401[0m 0.755 ms - 36[0m
[0mGET /api/location/list [32m200[0m 15.093 ms - 1949[0m
[0mGET /api/customer/getUserByEmailId [32m200[0m 20.384 ms - 1331[0m
[0mGET /api/customer/getUserByEmailId [32m200[0m 16.630 ms - 1331[0m
[0mOPTIONS /api/location/list [32m204[0m 2.597 ms - 0[0m
[0mGET /api/location/list [36m304[0m 5.539 ms - -[0m
[0mOPTIONS /api/location/list [32m204[0m 1.030 ms - 0[0m
[0mOPTIONS /api/customer/getUserByEmailId [32m204[0m 4.438 ms - 0[0m
[0mOPTIONS /api/customer/getUserByEmailId [32m204[0m 0.194 ms - 0[0m
[0mGET /api/location/list [32m200[0m 6.538 ms - 1949[0m
[0mGET /api/customer/getUserByEmailId [32m200[0m 16.864 ms - 1331[0m
[0mGET /api/customer/getUserByEmailId [32m200[0m 15.183 ms - 1331[0m
[0mOPTIONS /api/customer/rootLogin [32m204[0m 2.396 ms - 0[0m
[0mPOST /api/customer/rootLogin [32m200[0m 277.130 ms - 232[0m
[0mOPTIONS /api/location/list [32m204[0m 0.286 ms - 0[0m
[0mGET /api/location/list [36m304[0m 2.445 ms - -[0m
[0mOPTIONS /api/location/list [32m204[0m 2.521 ms - 0[0m
[0mOPTIONS /api/customer/getUserByEmailId [32m204[0m 0.501 ms - 0[0m
[0mOPTIONS /api/customer/getUserByEmailId [32m204[0m 0.629 ms - 0[0m
[0mGET /api/location/list [32m200[0m 9.740 ms - 1949[0m
[0mGET /api/customer/getUserByEmailId [32m200[0m 9.363 ms - 1331[0m
[0mGET /api/customer/getUserByEmailId [32m200[0m 8.938 ms - 1331[0m
[0mOPTIONS /api/location/list [32m204[0m 1.145 ms - 0[0m
[0mOPTIONS /api/customer/getUserByEmailId [32m204[0m 0.349 ms - 0[0m
[0mGET /api/location/list [36m304[0m 8.169 ms - -[0m
[0mGET /api/customer/getUserByEmailId [36m304[0m 15.747 ms - -[0m
[0mOPTIONS /api/location/list [32m204[0m 1.252 ms - 0[0m
[0mOPTIONS /api/customer/getUserByEmailId [32m204[0m 0.927 ms - 0[0m
[0mGET /api/location/list [36m304[0m 8.493 ms - -[0m
[0mGET /api/customer/getUserByEmailId [36m304[0m 10.203 ms - -[0m
[0mOPTIONS /api/location/list [32m204[0m 3.137 ms - 0[0m
[0mOPTIONS /api/customer/getUserByEmailId [32m204[0m 0.468 ms - 0[0m
[0mOPTIONS /api/customer/getUserByEmailId [32m204[0m 0.750 ms - 0[0m
[0mOPTIONS /api/customer/getUserByEmailId [32m204[0m 0.493 ms - 0[0m
[0mGET /api/location/list [36m304[0m 18.642 ms - -[0m
[0mGET /api/customer/getUserByEmailId [36m304[0m 22.198 ms - -[0m
[0mGET /api/customer/getUserByEmailId [36m304[0m 8.250 ms - -[0m
[0mGET /api/customer/getUserByEmailId [36m304[0m 4.589 ms - -[0m
[0mOPTIONS /api/location/list [32m204[0m 0.550 ms - 0[0m
[0mOPTIONS /api/customer/getUserByEmailId [32m204[0m 0.542 ms - 0[0m
[0mGET /api/location/list [32m200[0m 2.514 ms - 1949[0m
[0mOPTIONS /api/customer/getUserByEmailId [32m204[0m 0.281 ms - 0[0m
[0mGET /api/customer/getUserByEmailId [32m200[0m 7.096 ms - 1331[0m
[0mOPTIONS /api/customer/getUserByEmailId [32m204[0m 0.220 ms - 0[0m
[0mGET /api/customer/getUserByEmailId [32m200[0m 5.316 ms - 1331[0m
[0mGET /api/customer/getUserByEmailId [32m200[0m 6.091 ms - 1331[0m
[0mOPTIONS /api/location/list [32m204[0m 1.513 ms - 0[0m
[0mOPTIONS /api/customer/getUserByEmailId [32m204[0m 0.994 ms - 0[0m
[0mGET /api/location/list [36m304[0m 6.773 ms - -[0m
[0mGET /api/customer/getUserByEmailId [36m304[0m 13.586 ms - -[0m
[0mOPTIONS /api/location/list [32m204[0m 2.341 ms - 0[0m
[0mOPTIONS /api/customer/getUserByEmailId [32m204[0m 3.943 ms - 0[0m
[0mGET /api/location/list [36m304[0m 17.776 ms - -[0m
[0mGET /api/customer/getUserByEmailId [36m304[0m 10.357 ms - -[0m
[0mOPTIONS /api/location/list [32m204[0m 0.263 ms - 0[0m
[0mOPTIONS /api/customer/getUserByEmailId [32m204[0m 0.274 ms - 0[0m
[0mOPTIONS /api/customer/getUserByEmailId [32m204[0m 0.195 ms - 0[0m
[0mOPTIONS /api/customer/getUserByEmailId [32m204[0m 0.274 ms - 0[0m
[0mGET /api/location/list [32m200[0m 1.849 ms - 1949[0m
[0mGET /api/customer/getUserByEmailId [32m200[0m 10.682 ms - 1331[0m
[0mGET /api/customer/getUserByEmailId [32m200[0m 11.710 ms - 1331[0m
[0mGET /api/customer/getUserByEmailId [32m200[0m 11.175 ms - 1331[0m
[0mOPTIONS /api/location/list [32m204[0m 2.210 ms - 0[0m
[0mOPTIONS /api/customer/getUserByEmailId [32m204[0m 1.140 ms - 0[0m
[0mOPTIONS /api/customer/getUserByEmailId [32m204[0m 5.013 ms - 0[0m
[0mOPTIONS /api/customer/getUserByEmailId [32m204[0m 0.616 ms - 0[0m
[0mGET /api/location/list [36m304[0m 32.209 ms - -[0m
[0mGET /api/customer/getUserByEmailId [36m304[0m 28.228 ms - -[0m
[0mGET /api/customer/getUserByEmailId [36m304[0m 6.991 ms - -[0m
[0mGET /api/customer/getUserByEmailId [36m304[0m 13.331 ms - -[0m
[0mOPTIONS /api/location/list [32m204[0m 0.269 ms - 0[0m
[0mOPTIONS /api/customer/getUserByEmailId [32m204[0m 0.209 ms - 0[0m
[0mGET /api/location/list [32m200[0m 2.085 ms - 1949[0m
[0mOPTIONS /api/customer/getUserByEmailId [32m204[0m 0.339 ms - 0[0m
[0mOPTIONS /api/customer/getUserByEmailId [32m204[0m 0.230 ms - 0[0m
[0mGET /api/customer/getUserByEmailId [32m200[0m 9.385 ms - 1331[0m
[0mGET /api/customer/getUserByEmailId [32m200[0m 10.466 ms - 1331[0m
[0mGET /api/customer/getUserByEmailId [32m200[0m 9.274 ms - 1331[0m
[0mOPTIONS /api/location/list [32m204[0m 4.654 ms - 0[0m
[0mOPTIONS /api/customer/getUserByEmailId [32m204[0m 0.714 ms - 0[0m
[0mGET /api/location/list [36m304[0m 11.134 ms - -[0m
[0mGET /api/customer/getUserByEmailId [36m304[0m 15.587 ms - -[0m
[0mOPTIONS /api/location/list [32m204[0m 0.638 ms - 0[0m
[0mOPTIONS /api/customer/getUserByEmailId [32m204[0m 0.437 ms - 0[0m
[0mOPTIONS /api/customer/getUserByEmailId [32m204[0m 0.517 ms - 0[0m
[0mOPTIONS /api/customer/getUserByEmailId [32m204[0m 0.554 ms - 0[0m
[0mGET /api/location/list [32m200[0m 9.882 ms - 1949[0m
[0mGET /api/customer/getUserByEmailId [32m200[0m 13.556 ms - 1331[0m
[0mGET /api/customer/getUserByEmailId [32m200[0m 9.988 ms - 1331[0m
[0mGET /api/customer/getUserByEmailId [32m200[0m 7.360 ms - 1331[0m
[0mOPTIONS /api/location/list [32m204[0m 1.316 ms - 0[0m
[0mOPTIONS /api/customer/getUserByEmailId [32m204[0m 0.261 ms - 0[0m
[0mGET /api/location/list [36m304[0m 11.182 ms - -[0m
[0mGET /api/customer/getUserByEmailId [36m304[0m 12.780 ms - -[0m
[0mOPTIONS /api/location/list [32m204[0m 2.077 ms - 0[0m
[0mOPTIONS /api/customer/getUserByEmailId [32m204[0m 2.883 ms - 0[0m
[0mOPTIONS /api/customer/getUserByEmailId [32m204[0m 0.551 ms - 0[0m
[0mGET /api/location/list [36m304[0m 10.800 ms - -[0m
[0mGET /api/customer/getUserByEmailId [36m304[0m 8.948 ms - -[0m
[0mGET /api/customer/getUserByEmailId [36m304[0m 8.884 ms - -[0m
[0mGET /api/customer/getUserByEmailId [36m304[0m 9.764 ms - -[0m
[0mOPTIONS /api/location/list [32m204[0m 2.925 ms - 0[0m
[0mOPTIONS /api/customer/getUserByEmailId [32m204[0m 0.460 ms - 0[0m
[0mGET /api/location/list [36m304[0m 17.534 ms - -[0m
[0mGET /api/customer/getUserByEmailId [36m304[0m 13.592 ms - -[0m
[0mOPTIONS /api/location/list [32m204[0m 1.685 ms - 0[0m
[0mOPTIONS /api/customer/getUserByEmailId [32m204[0m 0.272 ms - 0[0m
[0mGET /api/location/list [36m304[0m 9.585 ms - -[0m
[0mGET /api/customer/getUserByEmailId [36m304[0m 17.339 ms - -[0m
[0mOPTIONS /api/location/list [32m204[0m 0.630 ms - 0[0m
[0mOPTIONS /api/customer/getUserByEmailId [32m204[0m 0.595 ms - 0[0m
[0mOPTIONS /api/customer/getUserByEmailId [32m204[0m 0.636 ms - 0[0m
[0mOPTIONS /api/customer/getUserByEmailId [32m204[0m 0.277 ms - 0[0m
[0mGET /api/location/list [32m200[0m 14.044 ms - 1949[0m
[0mGET /api/customer/getUserByEmailId [32m200[0m 20.274 ms - 1331[0m
[0mGET /api/customer/getUserByEmailId [32m200[0m 8.062 ms - 1331[0m
[0mGET /api/customer/getUserByEmailId [32m200[0m 7.771 ms - 1331[0m
[0mOPTIONS /api/location/list [32m204[0m 3.941 ms - 0[0m
[0mOPTIONS /api/customer/getUserByEmailId [32m204[0m 0.237 ms - 0[0m
[0mGET /api/location/list [36m304[0m 7.943 ms - -[0m
[0mGET /api/customer/getUserByEmailId [36m304[0m 16.027 ms - -[0m
[0mOPTIONS /api/location/list [32m204[0m 1.533 ms - 0[0m
[0mOPTIONS /api/customer/getUserByEmailId [32m204[0m 0.526 ms - 0[0m
[0mGET /api/location/list [36m304[0m 16.224 ms - -[0m
[0mGET /api/customer/getUserByEmailId [36m304[0m 11.398 ms - -[0m
[0mOPTIONS /api/location/list [32m204[0m 1.264 ms - 0[0m
[0mOPTIONS /api/customer/getUserByEmailId [32m204[0m 0.541 ms - 0[0m
[0mGET /api/location/list [36m304[0m 4.881 ms - -[0m
[0mGET /api/customer/getUserByEmailId [36m304[0m 11.876 ms - -[0m
[0mOPTIONS /api/location/list [32m204[0m 1.765 ms - 0[0m
[0mOPTIONS /api/customer/getUserByEmailId [32m204[0m 0.286 ms - 0[0m
[0mGET /api/location/list [36m304[0m 6.792 ms - -[0m
[0mGET /api/customer/getUserByEmailId [36m304[0m 13.856 ms - -[0m
[0mOPTIONS /api/customer/getUserByEmailId [32m204[0m 1.378 ms - 0[0m
[0mGET /api/customer/getUserByEmailId [36m304[0m 14.593 ms - -[0m
[0mOPTIONS /api/location/list [32m204[0m 1.183 ms - 0[0m
[0mOPTIONS /api/customer/getUserByEmailId [32m204[0m 0.254 ms - 0[0m
[0mOPTIONS /api/customer/getUserByEmailId [32m204[0m 0.269 ms - 0[0m
[0mOPTIONS /api/customer/getUserByEmailId [32m204[0m 0.667 ms - 0[0m
[0mGET /api/location/list [32m200[0m 13.249 ms - 1949[0m
[0mGET /api/customer/getUserByEmailId [32m200[0m 19.981 ms - 1331[0m
[0mGET /api/customer/getUserByEmailId [32m200[0m 14.788 ms - 1331[0m
[0mGET /api/customer/getUserByEmailId [32m200[0m 18.526 ms - 1331[0m
[0mOPTIONS /api/location/list [32m204[0m 1.873 ms - 0[0m
[0mOPTIONS /api/customer/getUserByEmailId [32m204[0m 0.415 ms - 0[0m
[0mGET /api/location/list [36m304[0m 9.347 ms - -[0m
[0mGET /api/customer/getUserByEmailId [36m304[0m 8.379 ms - -[0m
[0mGET /api/customer/getUserByEmailId [36m304[0m 2.947 ms - -[0m
[0mGET /api/customer/getUserByEmailId [36m304[0m 3.515 ms - -[0m
[0mOPTIONS /api/customer/getUserByEmailId [32m204[0m 6.640 ms - 0[0m
[0mGET /api/customer/getUserByEmailId [36m304[0m 11.071 ms - -[0m
[0mOPTIONS /api/location/list [32m204[0m 8.032 ms - 0[0m
[0mOPTIONS /api/customer/getUserByEmailId [32m204[0m 1.073 ms - 0[0m
[0mOPTIONS /api/customer/getUserByEmailId [32m204[0m 6.006 ms - 0[0m
[0mOPTIONS /api/customer/getUserByEmailId [32m204[0m 0.380 ms - 0[0m
[0mGET /api/location/list [36m304[0m 15.489 ms - -[0m
[0mGET /api/customer/getUserByEmailId [36m304[0m 21.914 ms - -[0m
[0mGET /api/customer/getUserByEmailId [36m304[0m 5.889 ms - -[0m
[0mGET /api/customer/getUserByEmailId [36m304[0m 5.694 ms - -[0m
[0mOPTIONS /api/location/list [32m204[0m 1.027 ms - 0[0m
[0mOPTIONS /api/customer/getUserByEmailId [32m204[0m 0.723 ms - 0[0m
[0mOPTIONS /api/customer/getUserByEmailId [32m204[0m 1.456 ms - 0[0m
[0mOPTIONS /api/customer/getUserByEmailId [32m204[0m 0.451 ms - 0[0m
[0mGET /api/location/list [32m200[0m 12.838 ms - 1949[0m
[0mGET /api/customer/getUserByEmailId [32m200[0m 12.807 ms - 1331[0m
[0mGET /api/customer/getUserByEmailId [32m200[0m 21.297 ms - 1331[0m
[0mGET /api/customer/getUserByEmailId [32m200[0m 15.178 ms - 1331[0m
[0mOPTIONS /api/customer/getUserByEmailId [32m204[0m 2.390 ms - 0[0m
[0mGET /api/customer/getUserByEmailId [36m304[0m 12.263 ms - -[0m
[0mOPTIONS /api/location/list [32m204[0m 5.082 ms - 0[0m
[0mOPTIONS /api/customer/getUserByEmailId [32m204[0m 1.655 ms - 0[0m
[0mOPTIONS /api/customer/getUserByEmailId [32m204[0m 0.791 ms - 0[0m
[0mOPTIONS /api/customer/getUserByEmailId [32m204[0m 1.013 ms - 0[0m
[0mGET /api/location/list [36m304[0m 33.868 ms - -[0m
[0mGET /api/customer/getUserByEmailId [36m304[0m 65.745 ms - -[0m
[0mGET /api/customer/getUserByEmailId [36m304[0m 6.145 ms - -[0m
[0mGET /api/customer/getUserByEmailId [36m304[0m 4.396 ms - -[0m
[0mOPTIONS /api/location/list [32m204[0m 3.054 ms - 0[0m
[0mOPTIONS /api/customer/getUserByEmailId [32m204[0m 0.802 ms - 0[0m
[0mOPTIONS /api/customer/getUserByEmailId [32m204[0m 0.598 ms - 0[0m
[0mOPTIONS /api/customer/getUserByEmailId [32m204[0m 0.392 ms - 0[0m
[0mGET /api/location/list [36m304[0m 10.399 ms - -[0m
[0mGET /api/customer/getUserByEmailId [36m304[0m 28.553 ms - -[0m
[0mGET /api/customer/getUserByEmailId [36m304[0m 6.398 ms - -[0m
[0mGET /api/customer/getUserByEmailId [36m304[0m 12.183 ms - -[0m
[0mOPTIONS /api/location/list [32m204[0m 1.927 ms - 0[0m
[0mOPTIONS /api/customer/getUserByEmailId [32m204[0m 0.937 ms - 0[0m
[0mGET /api/location/list [36m304[0m 12.854 ms - -[0m
[0mGET /api/customer/getUserByEmailId [36m304[0m 17.120 ms - -[0m
[0mOPTIONS /api/location/list [32m204[0m 1.447 ms - 0[0m
[0mOPTIONS /api/customer/getUserByEmailId [32m204[0m 0.634 ms - 0[0m
[0mGET /api/location/list [36m304[0m 10.747 ms - -[0m
[0mGET /api/customer/getUserByEmailId [36m304[0m 12.990 ms - -[0m
[0mGET /api/customer/getUserByEmailId [36m304[0m 5.275 ms - -[0m
[0mGET /api/customer/getUserByEmailId [36m304[0m 11.717 ms - -[0m
[0mOPTIONS /api/location/list [32m204[0m 3.415 ms - 0[0m
[0mOPTIONS /api/customer/getUserByEmailId [32m204[0m 0.269 ms - 0[0m
[0mOPTIONS /api/customer/getUserByEmailId [32m204[0m 5.392 ms - 0[0m
[0mOPTIONS /api/customer/getUserByEmailId [32m204[0m 0.578 ms - 0[0m
[0mGET /api/location/list [36m304[0m 13.721 ms - -[0m
[0mGET /api/customer/getUserByEmailId [36m304[0m 16.877 ms - -[0m
[0mGET /api/customer/getUserByEmailId [36m304[0m 4.022 ms - -[0m
[0mGET /api/customer/getUserByEmailId [36m304[0m 4.674 ms - -[0m
[0mOPTIONS /api/location/list [32m204[0m 1.250 ms - 0[0m
[0mOPTIONS /api/customer/getUserByEmailId [32m204[0m 0.654 ms - 0[0m
[0mOPTIONS /api/customer/getUserByEmailId [32m204[0m 1.565 ms - 0[0m
[0mOPTIONS /api/customer/getUserByEmailId [32m204[0m 0.149 ms - 0[0m
[0mGET /api/location/list [32m200[0m 10.562 ms - 1949[0m
[0mGET /api/customer/getUserByEmailId [32m200[0m 24.608 ms - 1331[0m
[0mGET /api/customer/getUserByEmailId [32m200[0m 25.748 ms - 1331[0m
[0mGET /api/customer/getUserByEmailId [32m200[0m 26.382 ms - 1331[0m
[0mOPTIONS /api/location/list [32m204[0m 2.605 ms - 0[0m
[0mOPTIONS /api/customer/getUserByEmailId [32m204[0m 0.972 ms - 0[0m
[0mOPTIONS /api/customer/getUserByEmailId [32m204[0m 1.709 ms - 0[0m
[0mOPTIONS /api/customer/getUserByEmailId [32m204[0m 0.241 ms - 0[0m
[0mGET /api/location/list [36m304[0m 10.226 ms - -[0m
[0mGET /api/customer/getUserByEmailId [36m304[0m 9.463 ms - -[0m
[0mGET /api/customer/getUserByEmailId [36m304[0m 5.231 ms - -[0m
[0mGET /api/customer/getUserByEmailId [36m304[0m 5.059 ms - -[0m
[0mOPTIONS /api/location/list [32m204[0m 2.313 ms - 0[0m
[0mOPTIONS /api/customer/getUserByEmailId [32m204[0m 0.576 ms - 0[0m
[0mOPTIONS /api/customer/getUserByEmailId [32m204[0m 1.850 ms - 0[0m
[0mOPTIONS /api/customer/getUserByEmailId [32m204[0m 0.189 ms - 0[0m
[0mGET /api/location/list [36m304[0m 8.787 ms - -[0m
[0mGET /api/customer/getUserByEmailId [36m304[0m 10.036 ms - -[0m
[0mGET /api/customer/getUserByEmailId [36m304[0m 7.602 ms - -[0m
[0mGET /api/customer/getUserByEmailId [36m304[0m 9.867 ms - -[0m
[0mOPTIONS /api/location/list [32m204[0m 3.675 ms - 0[0m
[0mOPTIONS /api/customer/getUserByEmailId [32m204[0m 0.914 ms - 0[0m
[0mOPTIONS /api/customer/getUserByEmailId [32m204[0m 0.372 ms - 0[0m
[0mOPTIONS /api/customer/getUserByEmailId [32m204[0m 0.266 ms - 0[0m
[0mGET /api/location/list [32m200[0m 6.021 ms - 1949[0m
[0mGET /api/customer/getUserByEmailId [32m200[0m 25.451 ms - 199[0m
[0mGET /api/customer/getUserByEmailId [32m200[0m 26.178 ms - 199[0m
[0mGET /api/customer/getUserByEmailId [32m200[0m 26.706 ms - 199[0m
[0mOPTIONS /api/website/address/create [32m204[0m 0.560 ms - 0[0m
[0mPOST /api/website/address/create [32m200[0m 34.791 ms - 56[0m
[0mOPTIONS /api/location/list [32m204[0m 1.910 ms - 0[0m
[0mOPTIONS /api/customer/getUserByEmailId [32m204[0m 0.394 ms - 0[0m
[0mOPTIONS /api/customer/getUserByEmailId [32m204[0m 0.294 ms - 0[0m
[0mOPTIONS /api/customer/getUserByEmailId [32m204[0m 0.332 ms - 0[0m
[0mGET /api/location/list [36m304[0m 12.910 ms - -[0m
[0mGET /api/customer/getUserByEmailId [32m200[0m 19.371 ms - 479[0m
[0mGET /api/customer/getUserByEmailId [36m304[0m 3.608 ms - -[0m
[0mGET /api/customer/getUserByEmailId [36m304[0m 3.864 ms - -[0m
[0mOPTIONS /api/location/list [32m204[0m 11.556 ms - 0[0m
[0mGET /api/location/list [36m304[0m 8.988 ms - -[0m
[0mOPTIONS /api/location/list [32m204[0m 0.548 ms - 0[0m
[0mOPTIONS /api/customer/getUserByEmailId [32m204[0m 0.453 ms - 0[0m
[0mOPTIONS /api/customer/getUserByEmailId [32m204[0m 0.349 ms - 0[0m
[0mOPTIONS /api/customer/getUserByEmailId [32m204[0m 2.375 ms - 0[0m
[0mGET /api/location/list [32m200[0m 6.011 ms - 1949[0m
[0mGET /api/customer/getUserByEmailId [32m200[0m 18.000 ms - 479[0m
[0mGET /api/customer/getUserByEmailId [32m200[0m 16.862 ms - 479[0m
[0mGET /api/customer/getUserByEmailId [32m200[0m 16.538 ms - 479[0m
[0mOPTIONS /api/website/address/create [32m204[0m 0.533 ms - 0[0m
[0mPOST /api/website/address/create [32m200[0m 15.509 ms - 56[0m
[0mOPTIONS /api/location/list [32m204[0m 0.508 ms - 0[0m
[0mOPTIONS /api/customer/getUserByEmailId [32m204[0m 0.315 ms - 0[0m
[0mOPTIONS /api/customer/getUserByEmailId [32m204[0m 0.292 ms - 0[0m
[0mGET /api/location/list [36m304[0m 3.353 ms - -[0m
[0mGET /api/customer/getUserByEmailId [32m200[0m 6.887 ms - 760[0m
[0mGET /api/customer/getUserByEmailId [36m304[0m 4.580 ms - -[0m
[0mGET /api/customer/getUserByEmailId [36m304[0m 7.392 ms - -[0m
[0mOPTIONS /api/website/order/create [32m204[0m 1.499 ms - 0[0m
[0mPOST /api/website/order/create [32m200[0m 4501.732 ms - 95[0m
[0mOPTIONS /api/customer/getUserByEmailId [32m204[0m 0.487 ms - 0[0m
[0mOPTIONS /api/customer/getUserByEmailId [32m204[0m 0.276 ms - 0[0m
[0mGET /api/customer/getUserByEmailId [36m304[0m 5.358 ms - -[0m
[0mGET /api/customer/getUserByEmailId [36m304[0m 4.819 ms - -[0m
[0mOPTIONS /api/website/order/history [32m204[0m 0.341 ms - 0[0m
[0mGET /api/customer/getUserByEmailId [36m304[0m 15.168 ms - -[0m
[0mGET /api/website/order/history [32m200[0m 21.175 ms - 866[0m
[0mGET /api/customer/getUserByEmailId [36m304[0m 13.052 ms - -[0m
[0mOPTIONS /api/customer/getUserByEmailId [32m204[0m 0.509 ms - 0[0m
[0mOPTIONS /api/customer/getUserByEmailId [32m204[0m 0.283 ms - 0[0m
[0mOPTIONS /api/website/order/history [32m204[0m 0.285 ms - 0[0m
[0mGET /api/customer/getUserByEmailId [32m200[0m 13.601 ms - 760[0m
[0mGET /api/customer/getUserByEmailId [32m200[0m 15.013 ms - 760[0m
[0mGET /api/website/order/history [32m200[0m 14.999 ms - 866[0m
[0mOPTIONS /api/customer/getUserByEmailId [32m204[0m 8.862 ms - 0[0m
[0mOPTIONS /api/customer/getUserByEmailId [32m204[0m 0.478 ms - 0[0m
[0mGET /api/customer/getUserByEmailId [32m200[0m 67.217 ms - 760[0m
[0mGET /api/customer/getUserByEmailId [32m200[0m 88.858 ms - 760[0m
[0mOPTIONS /api/customer/getUserByEmailId [32m204[0m 2.587 ms - 0[0m
[0mOPTIONS /api/customer/getUserByEmailId [32m204[0m 1.282 ms - 0[0m
[0mGET /api/customer/getUserByEmailId [36m304[0m 19.488 ms - -[0m
[0mGET /api/customer/getUserByEmailId [36m304[0m 8.198 ms - -[0m
[0mOPTIONS /api/customer/getUserByEmailId [32m204[0m 2.712 ms - 0[0m
[0mOPTIONS /api/customer/getUserByEmailId [32m204[0m 0.594 ms - 0[0m
[0mGET /api/customer/getUserByEmailId [32m200[0m 19.120 ms - 760[0m
[0mGET /api/customer/getUserByEmailId [32m200[0m 12.824 ms - 760[0m
[0mOPTIONS /api/customer/getUserByEmailId [32m204[0m 2.502 ms - 0[0m
[0mOPTIONS /api/customer/getUserByEmailId [32m204[0m 0.939 ms - 0[0m
[0mGET /api/customer/getUserByEmailId [32m200[0m 17.074 ms - 760[0m
[0mGET /api/customer/getUserByEmailId [32m200[0m 12.060 ms - 760[0m
[0mOPTIONS /api/customer/getUserByEmailId [32m204[0m 1.747 ms - 0[0m
[0mOPTIONS /api/customer/getUserByEmailId [32m204[0m 0.553 ms - 0[0m
[0mGET /api/customer/getUserByEmailId [32m200[0m 28.514 ms - 760[0m
[0mGET /api/customer/getUserByEmailId [32m200[0m 29.079 ms - 760[0m
[0mOPTIONS /api/customer/getUserByEmailId [32m204[0m 4.444 ms - 0[0m
[0mOPTIONS /api/customer/getUserByEmailId [32m204[0m 1.347 ms - 0[0m
[0mGET /api/customer/getUserByEmailId [32m200[0m 11.698 ms - 760[0m
[0mGET /api/customer/getUserByEmailId [32m200[0m 7.039 ms - 760[0m
[0mOPTIONS /api/customer/getUserByEmailId [32m204[0m 2.015 ms - 0[0m
[0mOPTIONS /api/customer/getUserByEmailId [32m204[0m 0.566 ms - 0[0m
[0mGET /api/customer/getUserByEmailId [32m200[0m 27.982 ms - 760[0m
[0mGET /api/customer/getUserByEmailId [32m200[0m 26.424 ms - 760[0m
[0mGET /api/customer/getUserByEmailId [36m304[0m 20.721 ms - -[0m
[0mGET /api/customer/getUserByEmailId [36m304[0m 11.150 ms - -[0m
[0mOPTIONS /api/customer/getUserByEmailId [32m204[0m 1.857 ms - 0[0m
[0mOPTIONS /api/customer/getUserByEmailId [32m204[0m 0.539 ms - 0[0m
[0mGET /api/customer/getUserByEmailId [36m304[0m 7.977 ms - -[0m
[0mGET /api/customer/getUserByEmailId [36m304[0m 6.015 ms - -[0m
[0mOPTIONS /api/customer/getUserByEmailId [32m204[0m 5.600 ms - 0[0m
[0mOPTIONS /api/customer/getUserByEmailId [32m204[0m 0.249 ms - 0[0m
[0mGET /api/customer/getUserByEmailId [36m304[0m 63.415 ms - -[0m
[0mGET /api/customer/getUserByEmailId [36m304[0m 9.001 ms - -[0m
[0mOPTIONS /api/customer/getUserByEmailId [32m204[0m 2.372 ms - 0[0m
[0mOPTIONS /api/customer/getUserByEmailId [32m204[0m 0.444 ms - 0[0m
[0mGET /api/customer/getUserByEmailId [32m200[0m 22.537 ms - 760[0m
[0mGET /api/customer/getUserByEmailId [32m200[0m 19.707 ms - 760[0m
[0mOPTIONS /api/customer/getUserByEmailId [32m204[0m 2.576 ms - 0[0m
[0mOPTIONS /api/customer/getUserByEmailId [32m204[0m 2.434 ms - 0[0m
[0mGET /api/customer/getUserByEmailId [32m200[0m 21.713 ms - 760[0m
[0mGET /api/customer/getUserByEmailId [32m200[0m 19.611 ms - 760[0m
[0mOPTIONS /api/customer/getUserByEmailId [32m204[0m 2.327 ms - 0[0m
[0mOPTIONS /api/customer/getUserByEmailId [32m204[0m 0.577 ms - 0[0m
[0mGET /api/customer/getUserByEmailId [32m200[0m 19.360 ms - 760[0m
[0mGET /api/customer/getUserByEmailId [32m200[0m 26.669 ms - 760[0m
[0mOPTIONS /api/customer/getUserByEmailId [32m204[0m 3.268 ms - 0[0m
[0mOPTIONS /api/customer/getUserByEmailId [32m204[0m 1.421 ms - 0[0m
[0mGET /api/customer/getUserByEmailId [32m200[0m 18.684 ms - 760[0m
[0mGET /api/customer/getUserByEmailId [32m200[0m 15.745 ms - 760[0m
[0mOPTIONS /api/customer/getUserByEmailId [32m204[0m 1.180 ms - 0[0m
[0mOPTIONS /api/customer/getUserByEmailId [32m204[0m 0.407 ms - 0[0m
[0mGET /api/customer/getUserByEmailId [32m200[0m 12.822 ms - 760[0m
[0mGET /api/customer/getUserByEmailId [32m200[0m 11.146 ms - 760[0m
[0mOPTIONS /api/customer/getUserByEmailId [32m204[0m 1.955 ms - 0[0m
[0mOPTIONS /api/customer/getUserByEmailId [32m204[0m 0.509 ms - 0[0m
[0mGET /api/customer/getUserByEmailId [32m200[0m 32.685 ms - 760[0m
[0mGET /api/customer/getUserByEmailId [32m200[0m 28.920 ms - 760[0m
[0mOPTIONS /api/customer/getUserByEmailId [32m204[0m 2.181 ms - 0[0m
[0mOPTIONS /api/customer/getUserByEmailId [32m204[0m 0.461 ms - 0[0m
[0mGET /api/customer/getUserByEmailId [32m200[0m 23.763 ms - 760[0m
[0mGET /api/customer/getUserByEmailId [32m200[0m 19.503 ms - 760[0m
[0mOPTIONS /api/customer/getUserByEmailId [32m204[0m 2.598 ms - 0[0m
[0mOPTIONS /api/customer/getUserByEmailId [32m204[0m 3.156 ms - 0[0m
[0mGET /api/customer/getUserByEmailId [32m200[0m 24.538 ms - 760[0m
[0mGET /api/customer/getUserByEmailId [32m200[0m 30.708 ms - 760[0m
[0mOPTIONS /api/customer/getUserByEmailId [32m204[0m 2.386 ms - 0[0m
[0mOPTIONS /api/customer/getUserByEmailId [32m204[0m 0.609 ms - 0[0m
[0mGET /api/customer/getUserByEmailId [32m200[0m 22.105 ms - 760[0m
[0mGET /api/customer/getUserByEmailId [32m200[0m 21.505 ms - 760[0m
[0mOPTIONS /api/customer/getUserByEmailId [32m204[0m 1.396 ms - 0[0m
[0mOPTIONS /api/customer/getUserByEmailId [32m204[0m 0.407 ms - 0[0m
[0mGET /api/customer/getUserByEmailId [36m304[0m 20.080 ms - -[0m
[0mGET /api/customer/getUserByEmailId [36m304[0m 7.113 ms - -[0m
[0mOPTIONS /api/customer/getUserByEmailId [32m204[0m 1.883 ms - 0[0m
[0mOPTIONS /api/customer/getUserByEmailId [32m204[0m 1.205 ms - 0[0m
[0mGET /api/customer/getUserByEmailId [32m200[0m 25.959 ms - 760[0m
[0mGET /api/customer/getUserByEmailId [32m200[0m 16.456 ms - 760[0m
[0mOPTIONS /api/customer/getUserByEmailId [32m204[0m 1.819 ms - 0[0m
[0mOPTIONS /api/customer/getUserByEmailId [32m204[0m 1.080 ms - 0[0m
[0mGET /api/customer/getUserByEmailId [32m200[0m 20.271 ms - 760[0m
[0mGET /api/customer/getUserByEmailId [32m200[0m 21.751 ms - 760[0m
[0mOPTIONS /api/customer/getUserByEmailId [32m204[0m 2.818 ms - 0[0m
[0mOPTIONS /api/customer/getUserByEmailId [32m204[0m 0.542 ms - 0[0m
[0mGET /api/customer/getUserByEmailId [32m200[0m 21.464 ms - 760[0m
[0mGET /api/customer/getUserByEmailId [32m200[0m 24.627 ms - 760[0m
[0mOPTIONS /api/customer/getUserByEmailId [32m204[0m 1.848 ms - 0[0m
[0mOPTIONS /api/customer/getUserByEmailId [32m204[0m 0.354 ms - 0[0m
[0mGET /api/customer/getUserByEmailId [32m200[0m 13.581 ms - 760[0m
[0mGET /api/customer/getUserByEmailId [32m200[0m 11.923 ms - 760[0m
[0mOPTIONS /api/customer/getUserByEmailId [32m204[0m 2.548 ms - 0[0m
[0mOPTIONS /api/customer/getUserByEmailId [32m204[0m 0.819 ms - 0[0m
[0mGET /api/customer/getUserByEmailId [32m200[0m 32.253 ms - 760[0m
[0mGET /api/customer/getUserByEmailId [32m200[0m 24.350 ms - 760[0m
[0mOPTIONS /api/customer/getUserByEmailId [32m204[0m 2.599 ms - 0[0m
[0mOPTIONS /api/customer/getUserByEmailId [32m204[0m 0.650 ms - 0[0m
[0mGET /api/customer/getUserByEmailId [32m200[0m 19.564 ms - 760[0m
[0mGET /api/customer/getUserByEmailId [32m200[0m 20.103 ms - 760[0m
[0mOPTIONS /api/customer/getUserByEmailId [32m204[0m 2.037 ms - 0[0m
[0mOPTIONS /api/customer/getUserByEmailId [32m204[0m 0.503 ms - 0[0m
[0mGET /api/customer/getUserByEmailId [32m200[0m 25.118 ms - 760[0m
[0mGET /api/customer/getUserByEmailId [32m200[0m 19.210 ms - 760[0m
[0mOPTIONS /api/customer/getUserByEmailId [32m204[0m 3.057 ms - 0[0m
[0mOPTIONS /api/customer/getUserByEmailId [32m204[0m 1.129 ms - 0[0m
[0mGET /api/customer/getUserByEmailId [32m200[0m 54.739 ms - 760[0m
[0mGET /api/customer/getUserByEmailId [32m200[0m 35.776 ms - 760[0m
[0mOPTIONS /api/customer/getUserByEmailId [32m204[0m 3.942 ms - 0[0m
[0mOPTIONS /api/customer/getUserByEmailId [32m204[0m 0.519 ms - 0[0m
[0mGET /api/customer/getUserByEmailId [32m200[0m 19.147 ms - 760[0m
[0mGET /api/customer/getUserByEmailId [32m200[0m 13.673 ms - 760[0m
[0mGET /api/customer/getUserByEmailId [36m304[0m 4.957 ms - -[0m
[0mGET /api/customer/getUserByEmailId [36m304[0m 5.481 ms - -[0m
[0mOPTIONS /api/customer/getUserByEmailId [32m204[0m 1.736 ms - 0[0m
[0mOPTIONS /api/customer/getUserByEmailId [32m204[0m 0.397 ms - 0[0m
[0mGET /api/customer/getUserByEmailId [36m304[0m 15.036 ms - -[0m
[0mGET /api/customer/getUserByEmailId [36m304[0m 6.907 ms - -[0m
[0mOPTIONS /api/customer/getUserByEmailId [32m204[0m 1.841 ms - 0[0m
[0mOPTIONS /api/customer/getUserByEmailId [32m204[0m 0.686 ms - 0[0m
[0mGET /api/customer/getUserByEmailId [32m200[0m 17.022 ms - 760[0m
[0mGET /api/customer/getUserByEmailId [32m200[0m 17.634 ms - 760[0m
[0mOPTIONS /api/customer/getUserByEmailId [32m204[0m 1.453 ms - 0[0m
[0mOPTIONS /api/customer/getUserByEmailId [32m204[0m 0.411 ms - 0[0m
[0mGET /api/customer/getUserByEmailId [32m200[0m 14.983 ms - 760[0m
[0mGET /api/customer/getUserByEmailId [32m200[0m 13.774 ms - 760[0m
[0mOPTIONS /api/customer/getUserByEmailId [32m204[0m 0.636 ms - 0[0m
[0mGET /api/customer/getUserByEmailId [36m304[0m 5.034 ms - -[0m
[0mGET /api/customer/getUserByEmailId [36m304[0m 5.045 ms - -[0m
[0mOPTIONS /api/customer/getUserByEmailId [32m204[0m 0.476 ms - 0[0m
[0mOPTIONS /api/customer/getUserByEmailId [32m204[0m 0.309 ms - 0[0m
[0mGET /api/customer/getUserByEmailId [36m304[0m 6.595 ms - -[0m
[0mGET /api/customer/getUserByEmailId [36m304[0m 7.027 ms - -[0m
[0mOPTIONS /api/customer/getUserByEmailId [32m204[0m 2.213 ms - 0[0m
[0mOPTIONS /api/customer/getUserByEmailId [32m204[0m 0.558 ms - 0[0m
[0mGET /api/customer/getUserByEmailId [36m304[0m 14.935 ms - -[0m
[0mGET /api/customer/getUserByEmailId [36m304[0m 4.376 ms - -[0m
[0mOPTIONS /api/customer/getUserByEmailId [32m204[0m 2.763 ms - 0[0m
[0mOPTIONS /api/customer/getUserByEmailId [32m204[0m 0.605 ms - 0[0m
[0mGET /api/customer/getUserByEmailId [32m200[0m 27.238 ms - 760[0m
[0mGET /api/customer/getUserByEmailId [32m200[0m 21.699 ms - 760[0m
[0mOPTIONS /api/customer/getUserByEmailId [32m204[0m 2.214 ms - 0[0m
[0mOPTIONS /api/customer/getUserByEmailId [32m204[0m 1.258 ms - 0[0m
[0mGET /api/customer/getUserByEmailId [32m200[0m 14.194 ms - 760[0m
[0mGET /api/customer/getUserByEmailId [32m200[0m 11.534 ms - 760[0m
[0mOPTIONS /api/customer/getUserByEmailId [32m204[0m 2.025 ms - 0[0m
[0mOPTIONS /api/customer/getUserByEmailId [32m204[0m 0.534 ms - 0[0m
[0mGET /api/customer/getUserByEmailId [32m200[0m 17.452 ms - 760[0m
[0mGET /api/customer/getUserByEmailId [32m200[0m 17.067 ms - 760[0m
[0mOPTIONS /api/customer/getUserByEmailId [32m204[0m 5.454 ms - 0[0m
[0mOPTIONS /api/customer/getUserByEmailId [32m204[0m 0.289 ms - 0[0m
[0mGET /api/customer/getUserByEmailId [36m304[0m 15.900 ms - -[0m
[0mGET /api/customer/getUserByEmailId [36m304[0m 8.061 ms - -[0m
[0mOPTIONS /api/customer/getUserByEmailId [32m204[0m 0.672 ms - 0[0m
[0mOPTIONS /api/customer/getUserByEmailId [32m204[0m 1.098 ms - 0[0m
[0mGET /api/customer/getUserByEmailId [32m200[0m 12.358 ms - 760[0m
[0mGET /api/customer/getUserByEmailId [32m200[0m 9.653 ms - 760[0m
[0mOPTIONS /api/customer/getUserByEmailId [32m204[0m 3.358 ms - 0[0m
[0mOPTIONS /api/customer/getUserByEmailId [32m204[0m 0.585 ms - 0[0m
[0mGET /api/customer/getUserByEmailId [32m200[0m 26.694 ms - 760[0m
[0mGET /api/customer/getUserByEmailId [32m200[0m 21.974 ms - 760[0m
[0mOPTIONS /api/customer/getUserByEmailId [32m204[0m 2.313 ms - 0[0m
[0mOPTIONS /api/customer/getUserByEmailId [32m204[0m 0.669 ms - 0[0m
[0mGET /api/customer/getUserByEmailId [32m200[0m 17.180 ms - 760[0m
[0mGET /api/customer/getUserByEmailId [32m200[0m 15.091 ms - 760[0m
[0mOPTIONS /api/customer/getUserByEmailId [32m204[0m 3.063 ms - 0[0m
[0mOPTIONS /api/customer/getUserByEmailId [32m204[0m 2.375 ms - 0[0m
[0mGET /api/customer/getUserByEmailId [36m304[0m 16.542 ms - -[0m
[0mGET /api/customer/getUserByEmailId [36m304[0m 5.356 ms - -[0m
[0mOPTIONS /api/customer/getUserByEmailId [32m204[0m 9.970 ms - 0[0m
[0mOPTIONS /api/customer/getUserByEmailId [32m204[0m 0.773 ms - 0[0m
[0mGET /api/customer/getUserByEmailId [32m200[0m 61.173 ms - 760[0m
[0mGET /api/customer/getUserByEmailId [32m200[0m 29.263 ms - 760[0m
[0mOPTIONS /api/customer/getUserByEmailId [32m204[0m 1.732 ms - 0[0m
[0mGET /api/customer/getUserByEmailId [36m304[0m 26.115 ms - -[0m
[0mOPTIONS /api/customer/getUserByEmailId [32m204[0m 2.858 ms - 0[0m
[0mOPTIONS /api/customer/getUserByEmailId [32m204[0m 0.645 ms - 0[0m
[0mGET /api/customer/getUserByEmailId [32m200[0m 25.778 ms - 760[0m
[0mGET /api/customer/getUserByEmailId [32m200[0m 19.994 ms - 760[0m
[0mOPTIONS /api/customer/getUserByEmailId [32m204[0m 6.315 ms - 0[0m
[0mOPTIONS /api/customer/getUserByEmailId [32m204[0m 4.291 ms - 0[0m
[0mGET /api/customer/getUserByEmailId [36m304[0m 23.922 ms - -[0m
[0mGET /api/customer/getUserByEmailId [36m304[0m 2.609 ms - -[0m
[0mOPTIONS /api/customer/getUserByEmailId [32m204[0m 10.735 ms - 0[0m
[0mOPTIONS /api/customer/getUserByEmailId [32m204[0m 0.918 ms - 0[0m
[0mGET /api/customer/getUserByEmailId [32m200[0m 52.742 ms - 760[0m
[0mGET /api/customer/getUserByEmailId [32m200[0m 40.416 ms - 760[0m
[0mOPTIONS /api/customer/getUserByEmailId [32m204[0m 5.683 ms - 0[0m
[0mOPTIONS /api/customer/getUserByEmailId [32m204[0m 2.008 ms - 0[0m
[0mGET /api/customer/getUserByEmailId [36m304[0m 22.195 ms - -[0m
[0mGET /api/customer/getUserByEmailId [36m304[0m 3.494 ms - -[0m
[0mOPTIONS /api/customer/getUserByEmailId [32m204[0m 32.408 ms - 0[0m
[0mOPTIONS /api/customer/getUserByEmailId [32m204[0m 0.239 ms - 0[0m
[0mGET /api/customer/getUserByEmailId [32m200[0m 60.772 ms - 760[0m
[0mGET /api/customer/getUserByEmailId [32m200[0m 38.074 ms - 760[0m
[0mOPTIONS /api/customer/getUserByEmailId [32m204[0m 2.470 ms - 0[0m
[0mGET /api/customer/getUserByEmailId [36m304[0m 14.734 ms - -[0m
[0mOPTIONS /api/customer/getUserByEmailId [32m204[0m 5.693 ms - 0[0m
[0mOPTIONS /api/customer/getUserByEmailId [32m204[0m 1.216 ms - 0[0m
[0mGET /api/customer/getUserByEmailId [32m200[0m 18.092 ms - 760[0m
[0mGET /api/customer/getUserByEmailId [32m200[0m 17.529 ms - 760[0m
[0mOPTIONS /api/customer/getUserByEmailId [32m204[0m 3.187 ms - 0[0m
[0mOPTIONS /api/customer/getUserByEmailId [32m204[0m 0.478 ms - 0[0m
[0mGET /api/customer/getUserByEmailId [32m200[0m 13.666 ms - 760[0m
[0mGET /api/customer/getUserByEmailId [32m200[0m 24.573 ms - 760[0m
[0mOPTIONS /api/customer/getUserByEmailId [32m204[0m 5.452 ms - 0[0m
[0mGET /api/customer/getUserByEmailId [36m304[0m 27.485 ms - -[0m
[0mOPTIONS /api/customer/getUserByEmailId [32m204[0m 0.590 ms - 0[0m
[0mOPTIONS /api/customer/getUserByEmailId [32m204[0m 5.396 ms - 0[0m
[0mGET /api/customer/getUserByEmailId [32m200[0m 16.304 ms - 760[0m
[0mGET /api/customer/getUserByEmailId [32m200[0m 15.371 ms - 760[0m
[0mOPTIONS /api/customer/getUserByEmailId [32m204[0m 2.056 ms - 0[0m
[0mGET /api/customer/getUserByEmailId [36m304[0m 21.185 ms - -[0m
[0mOPTIONS /api/customer/getUserByEmailId [32m204[0m 0.518 ms - 0[0m
[0mOPTIONS /api/customer/getUserByEmailId [32m204[0m 0.412 ms - 0[0m
[0mGET /api/customer/getUserByEmailId [32m200[0m 13.112 ms - 760[0m
[0mGET /api/customer/getUserByEmailId [32m200[0m 13.703 ms - 760[0m
[0mOPTIONS /api/customer/getUserByEmailId [32m204[0m 1.030 ms - 0[0m
[0mGET /api/customer/getUserByEmailId [36m304[0m 15.699 ms - -[0m
[0mOPTIONS /api/customer/getUserByEmailId [32m204[0m 1.673 ms - 0[0m
[0mGET /api/customer/getUserByEmailId [36m304[0m 18.318 ms - -[0m
[0mOPTIONS /api/customer/getUserByEmailId [32m204[0m 1.603 ms - 0[0m
[0mGET /api/customer/getUserByEmailId [36m304[0m 17.580 ms - -[0m
[0mOPTIONS /api/customer/getUserByEmailId [32m204[0m 3.653 ms - 0[0m
[0mOPTIONS /api/customer/getUserByEmailId [32m204[0m 0.652 ms - 0[0m
[0mGET /api/customer/getUserByEmailId [32m200[0m 13.882 ms - 760[0m
[0mGET /api/customer/getUserByEmailId [32m200[0m 15.738 ms - 760[0m
[0mOPTIONS /api/customer/getUserByEmailId [32m204[0m 1.799 ms - 0[0m
[0mGET /api/customer/getUserByEmailId [36m304[0m 21.323 ms - -[0m
[0mOPTIONS /api/customer/getUserByEmailId [32m204[0m 0.722 ms - 0[0m
[0mOPTIONS /api/customer/getUserByEmailId [32m204[0m 0.656 ms - 0[0m
[0mGET /api/customer/getUserByEmailId [32m200[0m 15.270 ms - 760[0m
[0mGET /api/customer/getUserByEmailId [32m200[0m 11.534 ms - 760[0m
[0mOPTIONS /api/customer/getUserByEmailId [32m204[0m 0.934 ms - 0[0m
[0mGET /api/customer/getUserByEmailId [36m304[0m 15.385 ms - -[0m
[0mOPTIONS /api/customer/getUserByEmailId [32m204[0m 0.575 ms - 0[0m
[0mOPTIONS /api/customer/getUserByEmailId [32m204[0m 0.822 ms - 0[0m
[0mGET /api/customer/getUserByEmailId [32m200[0m 12.223 ms - 760[0m
[0mGET /api/customer/getUserByEmailId [32m200[0m 17.083 ms - 760[0m
[0mOPTIONS /api/customer/getUserByEmailId [32m204[0m 1.056 ms - 0[0m
[0mGET /api/customer/getUserByEmailId [36m304[0m 12.112 ms - -[0m
[0mOPTIONS /api/customer/getUserByEmailId [32m204[0m 0.638 ms - 0[0m
[0mOPTIONS /api/customer/getUserByEmailId [32m204[0m 0.588 ms - 0[0m
[0mGET /api/customer/getUserByEmailId [32m200[0m 12.411 ms - 760[0m
[0mGET /api/customer/getUserByEmailId [32m200[0m 13.075 ms - 760[0m
[0mOPTIONS /api/customer/getUserByEmailId [32m204[0m 5.985 ms - 0[0m
[0mGET /api/customer/getUserByEmailId [36m304[0m 13.697 ms - -[0m
[0mGET /api/customer/getUserByEmailId [36m304[0m 26.399 ms - -[0m
[0mGET /api/customer/getUserByEmailId [36m304[0m 7.141 ms - -[0m
[0mOPTIONS /api/customer/getUserByEmailId [32m204[0m 4.563 ms - 0[0m
[0mOPTIONS /api/customer/getUserByEmailId [32m204[0m 0.634 ms - 0[0m
[0mGET /api/customer/getUserByEmailId [32m200[0m 20.474 ms - 760[0m
[0mGET /api/customer/getUserByEmailId [32m200[0m 19.727 ms - 760[0m
[0mOPTIONS /api/order/notifications [32m204[0m 3.723 ms - 0[0m
[0mOPTIONS /api/order/list [32m204[0m 0.427 ms - 0[0m
[0mOPTIONS /api/order/count [32m204[0m 0.170 ms - 0[0m
[0mPOST /api/order/list [31m500[0m 49.445 ms - 36[0m
[0mGET /api/order/count [32m200[0m 37.757 ms - 196[0m
[0mGET /api/order/notifications [36m302[0m 63.364 ms - 61[0m
[0mOPTIONS /api/auth/rootLogin [32m204[0m 0.437 ms - 0[0m
[0mPOST /api/auth/rootLogin [32m200[0m 249.558 ms - 211[0m
[0mOPTIONS /api/order/notifications [32m204[0m 0.405 ms - 0[0m
[0mOPTIONS /api/order/list [32m204[0m 0.396 ms - 0[0m
[0mOPTIONS /api/order/count [32m204[0m 0.174 ms - 0[0m
[0mGET /api/order/count [36m304[0m 14.558 ms - -[0m
[0mGET /api/order/notifications [32m200[0m 50.180 ms - 36[0m
[0mPOST /api/order/list [32m200[0m 53.147 ms - 8787[0m
[0mOPTIONS /api/product/admin/banner-list [32m204[0m 0.324 ms - 0[0m
[0mGET /api/product/admin/banner-list [32m200[0m 10.749 ms - 415[0m
[0mGET /api/order/notifications [36m304[0m 19.803 ms - -[0m
[0mOPTIONS /api/order/notifications [32m204[0m 0.244 ms - 0[0m
[0mOPTIONS /api/seller/history-product?limit=20&page=1 [32m204[0m 0.213 ms - 0[0m
[0mGET /api/order/notifications [36m304[0m 32.935 ms - -[0m
[0mGET /api/seller/history-product?limit=20&page=1 [32m200[0m 75.453 ms - 41756[0m
[0mOPTIONS /api/product/status/update [32m204[0m 0.772 ms - 0[0m
[0mPOST /api/product/status/update [32m200[0m 22.965 ms - 56[0m
[0mOPTIONS /api/order/notifications [32m204[0m 1.361 ms - 0[0m
[0mOPTIONS /api/seller/history-product?limit=20&page=1 [32m204[0m 0.223 ms - 0[0m
[0mGET /api/seller/history-product?limit=20&page=1 [36m304[0m 43.446 ms - -[0m
[0mGET /api/order/notifications [36m304[0m 46.167 ms - -[0m
[0mOPTIONS /api/product/status/update [32m204[0m 0.479 ms - 0[0m
[0mPOST /api/product/status/update [32m200[0m 10.069 ms - 56[0m
[0mOPTIONS /api/order/notifications [32m204[0m 1.536 ms - 0[0m
[0mOPTIONS /api/seller/history-product?limit=20&page=1 [32m204[0m 0.301 ms - 0[0m
[0mGET /api/seller/history-product?limit=20&page=1 [36m304[0m 66.327 ms - -[0m
[0mGET /api/order/notifications [36m304[0m 92.426 ms - -[0m
[0mOPTIONS /api/product/status/update [32m204[0m 0.872 ms - 0[0m
[0mPOST /api/product/status/update [32m200[0m 9.261 ms - 56[0m
[0mOPTIONS /api/order/notifications [32m204[0m 1.201 ms - 0[0m
[0mOPTIONS /api/seller/history-product?limit=20&page=1 [32m204[0m 0.171 ms - 0[0m
[0mGET /api/order/notifications [36m304[0m 35.161 ms - -[0m
[0mGET /api/seller/history-product?limit=20&page=1 [36m304[0m 51.517 ms - -[0m
[0mOPTIONS /api/order/notifications [32m204[0m 0.754 ms - 0[0m
[0mOPTIONS /api/seller/history-product?limit=20&page=1 [32m204[0m 0.172 ms - 0[0m
[0mGET /api/order/notifications [36m304[0m 32.111 ms - -[0m
[0mGET /api/seller/history-product?limit=20&page=1 [36m304[0m 34.628 ms - -[0m
[0mOPTIONS /api/product/status/update [32m204[0m 1.567 ms - 0[0m
[0mPOST /api/product/status/update [32m200[0m 19.534 ms - 56[0m
[0mOPTIONS /api/order/notifications [32m204[0m 1.999 ms - 0[0m
[0mOPTIONS /api/seller/history-product?limit=20&page=1 [32m204[0m 0.574 ms - 0[0m
[0mGET /api/order/notifications [32m200[0m 65.633 ms - 36[0m
[0mGET /api/seller/history-product?limit=20&page=1 [32m200[0m 63.887 ms - 41756[0m
[0mOPTIONS /api/product/status/update [32m204[0m 1.212 ms - 0[0m
[0mPOST /api/product/status/update [31m500[0m 34.029 ms - 34[0m
[0mOPTIONS /api/order/notifications [32m204[0m 2.537 ms - 0[0m
[0mOPTIONS /api/seller/history-product?limit=20&page=1 [32m204[0m 0.297 ms - 0[0m
[0mGET /api/order/notifications [36m304[0m 48.936 ms - -[0m
[0mGET /api/seller/history-product?limit=20&page=1 [36m304[0m 59.827 ms - -[0m
[0mOPTIONS /api/order/notifications [32m204[0m 2.423 ms - 0[0m
[0mOPTIONS /api/seller/history-product?limit=20&page=1 [32m204[0m 0.428 ms - 0[0m
[0mGET /api/order/notifications [32m200[0m 66.243 ms - 36[0m
[0mGET /api/seller/history-product?limit=20&page=1 [32m200[0m 59.087 ms - 41756[0m
[0mOPTIONS /api/product/status/update [32m204[0m 0.773 ms - 0[0m
[0mPOST /api/product/status/update [32m200[0m 28.580 ms - 56[0m
[0mOPTIONS /api/order/notifications [32m204[0m 1.230 ms - 0[0m
[0mOPTIONS /api/seller/history-product?limit=20&page=1 [32m204[0m 0.277 ms - 0[0m
[0mGET /api/order/notifications [36m304[0m 39.260 ms - -[0m
[0mGET /api/seller/history-product?limit=20&page=1 [32m200[0m 40.344 ms - 41759[0m
[0mOPTIONS /api/product/status/update [32m204[0m 0.733 ms - 0[0m
[0mPOST /api/product/status/update [32m200[0m 9.512 ms - 56[0m
[0mGET /api/seller/history-product?limit=20&page=1 [32m200[0m 41.007 ms - 41760[0m
[0mGET /api/order/notifications [36m304[0m 53.840 ms - -[0m
[0mOPTIONS /api/order/notifications [32m204[0m 1.498 ms - 0[0m
[0mOPTIONS /api/product/admin/banner-list [32m204[0m 0.215 ms - 0[0m
[0mGET /api/product/admin/banner-list [36m304[0m 41.063 ms - -[0m
[0mGET /api/order/notifications [36m304[0m 76.941 ms - -[0m
[0mOPTIONS /api/product/banner-upload [32m204[0m 3.670 ms - 0[0m
[0mPOST /api/product/banner-upload [32m200[0m 2538.084 ms - 53[0m
[0mOPTIONS /api/order/notifications [32m204[0m 0.322 ms - 0[0m
[0mOPTIONS /api/product/admin/banner-list [32m204[0m 0.269 ms - 0[0m
[0mGET /api/product/admin/banner-list [32m200[0m 7.781 ms - 610[0m
[0mGET /api/order/notifications [36m304[0m 33.025 ms - -[0m
[0mOPTIONS /api/order/notifications [32m204[0m 1.186 ms - 0[0m
[0mOPTIONS /api/product/admin/banner-list [32m204[0m 0.418 ms - 0[0m
[0mGET /api/product/admin/banner-list [36m304[0m 15.730 ms - -[0m
[0mGET /api/order/notifications [36m304[0m 30.805 ms - -[0m
[0mOPTIONS /api/order/notifications [32m204[0m 4.702 ms - 0[0m
[0mOPTIONS /api/product/admin/banner-list [32m204[0m 0.315 ms - 0[0m
[0mGET /api/product/admin/banner-list [36m304[0m 20.061 ms - -[0m
[0mGET /api/order/notifications [36m304[0m 38.997 ms - -[0m
[0mOPTIONS /api/order/notifications [32m204[0m 1.127 ms - 0[0m
[0mOPTIONS /api/product/admin/banner-list [32m204[0m 5.357 ms - 0[0m
[0mGET /api/product/admin/banner-list [36m304[0m 8.165 ms - -[0m
[0mGET /api/order/notifications [36m304[0m 26.657 ms - -[0m
[0mOPTIONS /api/order/notifications [32m204[0m 2.581 ms - 0[0m
[0mOPTIONS /api/product/admin/banner-list [32m204[0m 0.347 ms - 0[0m
[0mGET /api/product/admin/banner-list [32m200[0m 27.827 ms - 610[0m
[0mGET /api/order/notifications [32m200[0m 44.603 ms - 36[0m
[0mOPTIONS /api/product/banner-delete [32m204[0m 0.607 ms - 0[0m
[0mPOST /api/product/banner-delete [32m200[0m 47.419 ms - 65[0m
[0mOPTIONS /api/order/notifications [32m204[0m 0.264 ms - 0[0m
[0mOPTIONS /api/product/admin/banner-list [32m204[0m 0.227 ms - 0[0m
[0mGET /api/product/admin/banner-list [32m200[0m 3.266 ms - 415[0m
[0mGET /api/order/notifications [36m304[0m 22.024 ms - -[0m
[0mOPTIONS /api/product/banner-upload [32m204[0m 11.311 ms - 0[0m
[0mPOST /api/product/banner-upload [31m500[0m 132.132 ms - 3166[0m
[0mOPTIONS /api/product/banner-upload [32m204[0m 4.223 ms - 0[0m
[0mPOST /api/product/banner-upload [0m-[0m - ms - -[0m
[0mOPTIONS /api/order/notifications [32m204[0m 3.279 ms - 0[0m
[0mOPTIONS /api/product/admin/banner-list [32m204[0m 0.461 ms - 0[0m
[0mGET /api/product/admin/banner-list [36m304[0m 25.666 ms - -[0m
[0mGET /api/order/notifications [36m304[0m 50.945 ms - -[0m
[0mOPTIONS /api/order/notifications [32m204[0m 1.552 ms - 0[0m
[0mOPTIONS /api/product/admin/banner-list [32m204[0m 0.785 ms - 0[0m
[0mGET /api/product/admin/banner-list [36m304[0m 9.892 ms - -[0m
[0mGET /api/order/notifications [36m304[0m 33.351 ms - -[0m
[0mOPTIONS /api/order/notifications [32m204[0m 2.792 ms - 0[0m
[0mOPTIONS /api/product/admin/banner-list [32m204[0m 0.335 ms - 0[0m
[0mGET /api/product/admin/banner-list [36m304[0m 50.061 ms - -[0m
[0mGET /api/order/notifications [36m304[0m 65.046 ms - -[0m
[0mOPTIONS /api/order/notifications [32m204[0m 3.290 ms - 0[0m
[0mOPTIONS /api/product/admin/banner-list [32m204[0m 18.708 ms - 0[0m
[0mGET /api/product/admin/banner-list [36m304[0m 157.983 ms - -[0m
[0mGET /api/order/notifications [36m304[0m 190.445 ms - -[0m
[0mOPTIONS /api/order/notifications [32m204[0m 8.584 ms - 0[0m
[0mOPTIONS /api/product/admin/banner-list [32m204[0m 1.146 ms - 0[0m
[0mGET /api/product/admin/banner-list [36m304[0m 15.160 ms - -[0m
[0mGET /api/order/notifications [36m304[0m 29.410 ms - -[0m
[0mOPTIONS /api/order/notifications [32m204[0m 1.767 ms - 0[0m
[0mOPTIONS /api/product/admin/banner-list [32m204[0m 1.158 ms - 0[0m
[0mGET /api/product/admin/banner-list [36m304[0m 15.150 ms - -[0m
[0mGET /api/order/notifications [36m304[0m 32.033 ms - -[0m
[0mOPTIONS /api/order/notifications [32m204[0m 1.079 ms - 0[0m
[0mOPTIONS /api/product/admin/banner-list [32m204[0m 0.952 ms - 0[0m
[0mGET /api/product/admin/banner-list [36m304[0m 13.524 ms - -[0m
[0mGET /api/order/notifications [36m304[0m 35.226 ms - -[0m
[0mOPTIONS /api/product/banner-upload [32m204[0m 15.930 ms - 0[0m
[0mOPTIONS /api/order/notifications [32m204[0m 3.995 ms - 0[0m
[0mOPTIONS /api/product/admin/banner-list [32m204[0m 0.807 ms - 0[0m
[0mGET /api/product/admin/banner-list [32m200[0m 22.820 ms - 415[0m
[0mGET /api/order/notifications [32m200[0m 62.309 ms - 36[0m
[0mOPTIONS /api/order/notifications [32m204[0m 4.173 ms - 0[0m
[0mOPTIONS /api/product/admin/banner-list [32m204[0m 0.707 ms - 0[0m
[0mGET /api/product/admin/banner-list [32m200[0m 50.537 ms - 415[0m
[0mGET /api/order/notifications [32m200[0m 96.159 ms - 36[0m
[0mOPTIONS /api/product/banner-upload [32m204[0m 1.427 ms - 0[0m
[0mPOST /api/product/banner-upload [32m200[0m 3216.568 ms - 53[0m
[0mOPTIONS /api/order/notifications [32m204[0m 0.467 ms - 0[0m
[0mOPTIONS /api/product/admin/banner-list [32m204[0m 2.213 ms - 0[0m
[0mGET /api/product/admin/banner-list [32m200[0m 4.749 ms - 613[0m
[0mGET /api/order/notifications [36m304[0m 24.849 ms - -[0m
[0mOPTIONS /api/product/banner-status [32m204[0m 0.591 ms - 0[0m
[0mPOST /api/product/banner-status [32m200[0m 22.045 ms - 53[0m
[0mOPTIONS /api/order/notifications [32m204[0m 0.536 ms - 0[0m
[0mOPTIONS /api/product/admin/banner-list [32m204[0m 0.751 ms - 0[0m
[0mGET /api/product/admin/banner-list [32m200[0m 6.275 ms - 612[0m
[0mGET /api/order/notifications [36m304[0m 22.276 ms - -[0m
[0mOPTIONS /api/product/banner-delete [32m204[0m 0.497 ms - 0[0m
[0mPOST /api/product/banner-delete [32m200[0m 13.927 ms - 65[0m
[0mGET /api/product/admin/banner-list [32m200[0m 8.564 ms - 415[0m
[0mGET /api/order/notifications [36m304[0m 28.395 ms - -[0m
[0mOPTIONS /api/customer/getUserByEmailId [32m204[0m 26.921 ms - 0[0m
[0mOPTIONS /api/customer/getUserByEmailId [32m204[0m 0.744 ms - 0[0m
[0mGET /api/customer/getUserByEmailId [33m403[0m 191.207 ms - 36[0m
[0mGET /api/customer/getUserByEmailId [33m403[0m 24.550 ms - 36[0m
[0mOPTIONS /api/website/order/history [32m204[0m 2.135 ms - 0[0m
[0mGET /api/website/order/history [33m401[0m 4.889 ms - 36[0m
