[0mGET /api/website/image/banner?type=0 [32m200[0m 92.742 ms - 152[0m
[0mGET /api/website/popular/category-list [32m200[0m 90.810 ms - 8117[0m
[0mGET /api/website/collection/list [32m200[0m 94.216 ms - 299[0m
[0mGET /api/website/category/list [32m200[0m 110.098 ms - 24410[0m
[0mGET /api/website/product/new-arrival [32m200[0m 68.997 ms - 62[0m
[0mGET /api/website/product/women-fashion [32m200[0m 160.366 ms - 17554[0m
[0mGET /api/website/product/men-fashion [32m200[0m 83.688 ms - 15254[0m
[0mGET /api/website/product/home-kitchen [32m200[0m 162.329 ms - 15246[0m
[0mGET /api/website/image/banner?type=0 [36m304[0m 50.348 ms - -[0m
[0mGET /api/website/category/list [36m304[0m 63.561 ms - -[0m
[0mGET /api/website/collection/list [36m304[0m 61.705 ms - -[0m
[0mGET /api/website/popular/category-list [36m304[0m 67.648 ms - -[0m
[0mGET /api/website/product/home-kitchen [36m304[0m 96.411 ms - -[0m
[0mGET /api/website/product/new-arrival [36m304[0m 46.889 ms - -[0m
[0mGET /api/website/product/women-fashion [36m304[0m 95.521 ms - -[0m
[0mGET /api/website/product/men-fashion [36m304[0m 66.107 ms - -[0m
[0mOPTIONS /api/customer/rootLogin [32m204[0m 1.295 ms - 0[0m
[0mPOST /api/customer/rootLogin [31m500[0m 33.618 ms - 34[0m
[0mGET /api/website/image/banner?type=0 [36m304[0m 49.235 ms - -[0m
[0mGET /api/website/category/list [36m304[0m 106.189 ms - -[0m
[0mGET /api/website/popular/category-list [36m304[0m 104.649 ms - -[0m
[0mGET /api/website/collection/list [36m304[0m 101.746 ms - -[0m
[0mGET /api/website/product/new-arrival [36m304[0m 107.371 ms - -[0m
[0mGET /api/website/product/home-kitchen [36m304[0m 151.027 ms - -[0m
[0mGET /api/website/product/men-fashion [36m304[0m 58.143 ms - -[0m
[0mGET /api/website/product/women-fashion [36m304[0m 74.019 ms - -[0m
[0mOPTIONS /api/customer/rootLogin [32m204[0m 1.703 ms - 0[0m
[0mPOST /api/customer/rootLogin [31m500[0m 24.327 ms - 34[0m
[0mGET /api/website/image/banner?type=0 [36m304[0m 44.040 ms - -[0m
[0mGET /api/website/category/list [36m304[0m 81.531 ms - -[0m
[0mGET /api/website/popular/category-list [36m304[0m 84.071 ms - -[0m
[0mGET /api/website/collection/list [36m304[0m 82.666 ms - -[0m
[0mGET /api/website/product/new-arrival [36m304[0m 28.333 ms - -[0m
[0mGET /api/website/product/women-fashion [36m304[0m 158.694 ms - -[0m
[0mGET /api/website/product/men-fashion [36m304[0m 146.768 ms - -[0m
[0mGET /api/website/product/home-kitchen [36m304[0m 164.919 ms - -[0m
[0mOPTIONS /api/customer/rootLogin [32m204[0m 1.016 ms - 0[0m
[0mPOST /api/customer/rootLogin [31m500[0m 27.539 ms - 34[0m
[0mGET /api/website/image/banner?type=0 [36m304[0m 45.181 ms - -[0m
[0mGET /api/website/category/list [36m304[0m 91.532 ms - -[0m
[0mGET /api/website/popular/category-list [36m304[0m 85.528 ms - -[0m
[0mGET /api/website/collection/list [36m304[0m 107.578 ms - -[0m
[0mGET /api/website/product/new-arrival [36m304[0m 65.398 ms - -[0m
[0mGET /api/website/product/home-kitchen [36m304[0m 170.824 ms - -[0m
[0mGET /api/website/product/men-fashion [36m304[0m 110.714 ms - -[0m
[0mGET /api/website/product/women-fashion [36m304[0m 170.917 ms - -[0m
[0mOPTIONS /api/customer/register [32m204[0m 2.727 ms - 0[0m
[0mPOST /api/customer/register [31m500[0m 2429.586 ms - 34[0m
[0mOPTIONS /api/customer/register [32m204[0m 2.082 ms - 0[0m
[0mPOST /api/customer/register [33m409[0m 277.901 ms - 59[0m
[0mOPTIONS /api/customer/register [32m204[0m 0.736 ms - 0[0m
[0mPOST /api/customer/register [31m500[0m 2123.784 ms - 34[0m
[0mOPTIONS /api/customer/register [32m204[0m 7.686 ms - 0[0m
[0mPOST /api/customer/register [31m500[0m 32179.689 ms - 34[0m
[0mOPTIONS /api/customer/register [32m204[0m 5.872 ms - 0[0m
[0mPOST /api/customer/register [31m500[0m 2046.739 ms - 34[0m
[0mOPTIONS /api/customer/register [32m204[0m 2.401 ms - 0[0m
[0mPOST /api/customer/register [31m500[0m 2068.949 ms - 34[0m
[0mOPTIONS /api/customer/register [32m204[0m 5.805 ms - 0[0m
[0mPOST /api/customer/register [32m200[0m 4711.120 ms - 56[0m
[0mOPTIONS /api/customer/email-verify [32m204[0m 11.071 ms - 0[0m
[0mPOST /api/customer/email-verify [32m200[0m 73.755 ms - 56[0m
[0mGET /api/website/image/banner?type=0 [36m304[0m 16.800 ms - -[0m
[0mGET /api/website/popular/category-list [36m304[0m 41.517 ms - -[0m
[0mGET /api/website/collection/list [36m304[0m 46.522 ms - -[0m
[0mGET /api/website/product/new-arrival [36m304[0m 91.452 ms - -[0m
[0mGET /api/website/product/home-kitchen [36m304[0m 97.451 ms - -[0m
[0mGET /api/website/product/women-fashion [36m304[0m 102.738 ms - -[0m
[0mGET /api/website/product/men-fashion [36m304[0m 101.240 ms - -[0m
[0mGET /api/website/image/banner?type=1 [32m200[0m 11.526 ms - 240[0m
[0mGET /api/website/category/list [32m200[0m 37.214 ms - 24410[0m
[0mGET /api/website/collection/list [32m200[0m 37.605 ms - 299[0m
[0mGET /api/website/popular/category-list [32m200[0m 41.264 ms - 8117[0m
[0mGET /api/website/product/home-kitchen [32m200[0m 82.542 ms - 15246[0m
[0mGET /api/website/product/women-fashion [32m200[0m 82.435 ms - 17554[0m
[0mGET /api/website/product/men-fashion [32m200[0m 80.498 ms - 15254[0m
[0mGET /api/website/category/list [36m304[0m 21.734 ms - -[0m
[0mGET /api/website/product/new-arrival [32m200[0m 22.948 ms - 62[0m
[0mGET /api/website/category/list [36m304[0m 31.861 ms - -[0m
[0mGET /api/website/category/list [36m304[0m 16.157 ms - -[0m
[0mGET /api/website/category/list [36m304[0m 16.817 ms - -[0m
[0mGET /api/website/category/list [36m304[0m 21.724 ms - -[0m
[0mGET /api/website/catalog/category/search?queryString=Cameras [32m200[0m 60.322 ms - 770[0m
[0mGET /api/website/catalog/product/search?filter_category=Cameras [32m200[0m 134.543 ms - 62[0m
[0mGET /api/website/category/list [36m304[0m 20.699 ms - -[0m
[0mGET /api/website/category/list [36m304[0m 17.491 ms - -[0m
[0mGET /api/website/catalog/category/search?queryString=Network%20Components [32m200[0m 51.538 ms - 639[0m
[0mGET /api/website/catalog/product/search?filter_category=Network%20Components [32m200[0m 98.335 ms - 62[0m
[0mGET /api/website/category/list [36m304[0m 17.189 ms - -[0m
[0mGET /api/website/category/list [36m304[0m 19.267 ms - -[0m
[0mGET /api/website/catalog/category/search?queryString=Speakers [32m200[0m 45.858 ms - 757[0m
[0mGET /api/website/catalog/product/search?filter_category=Speakers [32m200[0m 92.896 ms - 62[0m
[0mGET /api/website/category/list [36m304[0m 20.309 ms - -[0m
[0mGET /api/website/category/list [36m304[0m 20.111 ms - -[0m
[0mGET /api/website/catalog/category/search?queryString=Tablets [32m200[0m 54.461 ms - 604[0m
[0mGET /api/website/catalog/product/search?filter_category=Tablets [32m200[0m 94.713 ms - 62[0m
[0mGET /api/website/category/list [36m304[0m 16.562 ms - -[0m
[0mGET /api/website/category/list [36m304[0m 13.688 ms - -[0m
[0mGET /api/website/catalog/category/search?queryString=Computer%20Accessories [32m200[0m 39.079 ms - 844[0m
[0mGET /api/website/category/list [36m304[0m 19.710 ms - -[0m
[0mGET /api/website/catalog/product/search?filter_category=Computer%20Accessories [32m200[0m 95.410 ms - 62[0m
[0mGET /api/website/category/list [36m304[0m 21.246 ms - -[0m
[0mGET /api/website/catalog/category/search?queryString=Desktops [32m200[0m 60.918 ms - 705[0m
[0mGET /api/website/catalog/product/search?filter_category=Desktops [32m200[0m 104.191 ms - 501[0m
[0mGET /api/website/category/list [36m304[0m 13.679 ms - -[0m
[0mGET /api/website/category/list [36m304[0m 14.533 ms - -[0m
[0mGET /api/website/catalog/category/search?queryString=Laptops [32m200[0m 36.693 ms - 740[0m
[0mGET /api/website/catalog/product/search?filter_category=Laptops [32m200[0m 87.998 ms - 62[0m
[0mGET /api/website/category/list [36m304[0m 13.472 ms - -[0m
[0mGET /api/website/category/list [36m304[0m 11.785 ms - -[0m
[0mGET /api/website/catalog/category/search?queryString=health-care-appliances [32m200[0m 38.343 ms - 884[0m
[0mGET /api/website/catalog/product/search?filter_category=health-care-appliances [32m200[0m 79.554 ms - 62[0m
[0mGET /api/website/category/list [36m304[0m 14.028 ms - -[0m
[0mGET /api/website/category/list [36m304[0m 15.440 ms - -[0m
[0mGET /api/website/catalog/category/search?queryString=other-phone [32m200[0m 31.590 ms - 628[0m
[0mGET /api/website/catalog/product/search?filter_category=other-phone [32m200[0m 80.723 ms - 62[0m
[0mGET /api/website/category/list [36m304[0m 14.188 ms - -[0m
[0mGET /api/website/category/list [36m304[0m 11.672 ms - -[0m
[0mGET /api/website/catalog/category/search?queryString=mobile-phone-accessories [32m200[0m 37.288 ms - 1212[0m
[0mGET /api/website/catalog/product/search?filter_category=mobile-phone-accessories [32m200[0m 87.803 ms - 2272[0m
[0mGET /api/website/category/list [36m304[0m 13.479 ms - -[0m
[0mGET /api/website/category/list [36m304[0m 11.034 ms - -[0m
[0mGET /api/website/catalog/category/search?queryString=i-phone [32m200[0m 25.972 ms - 535[0m
[0mGET /api/website/catalog/product/search?filter_category=i-phone [32m200[0m 66.592 ms - 62[0m
[0mGET /api/website/category/list [36m304[0m 13.112 ms - -[0m
[0mGET /api/website/category/list [36m304[0m 14.455 ms - -[0m
[0mGET /api/website/catalog/category/search?queryString=android [32m200[0m 52.460 ms - 1954[0m
[0mGET /api/website/catalog/product/search?filter_category=android [32m200[0m 92.022 ms - 11811[0m
[0mGET /api/website/category/list [36m304[0m 13.998 ms - -[0m
[0mGET /api/website/category/list [36m304[0m 13.409 ms - -[0m
[0mGET /api/website/catalog/category/search?queryString=printer [32m200[0m 30.028 ms - 925[0m
[0mGET /api/website/catalog/product/search?filter_category=printer [32m200[0m 79.674 ms - 3211[0m
[0mGET /api/website/category/list [36m304[0m 15.649 ms - -[0m
[0mGET /api/website/category/list [36m304[0m 18.470 ms - -[0m
[0mGET /api/website/catalog/category/search?queryString=inverter [32m200[0m 34.084 ms - 1032[0m
[0mGET /api/website/catalog/product/search?filter_category=inverter [32m200[0m 76.348 ms - 16311[0m
[0mGET /api/website/category/list [36m304[0m 14.710 ms - -[0m
[0mGET /api/website/category/list [36m304[0m 13.436 ms - -[0m
[0mGET /api/website/catalog/category/search?queryString=washing-machine [32m200[0m 33.373 ms - 1200[0m
[0mGET /api/website/catalog/product/search?filter_category=washing-machine [32m200[0m 57.412 ms - 1638[0m
[0mGET /api/website/category/list [36m304[0m 12.925 ms - -[0m
[0mGET /api/website/category/list [36m304[0m 12.272 ms - -[0m
[0mGET /api/website/catalog/category/search?queryString=sound [32m200[0m 37.480 ms - 692[0m
[0mGET /api/website/catalog/product/search?filter_category=sound [32m200[0m 76.628 ms - 62[0m
[0mGET /api/website/category/list [36m304[0m 11.453 ms - -[0m
[0mGET /api/website/category/list [36m304[0m 14.893 ms - -[0m
[0mGET /api/website/catalog/category/search?queryString=cooler [32m200[0m 38.484 ms - 1410[0m
[0mGET /api/website/catalog/product/search?filter_category=cooler [32m200[0m 68.145 ms - 62[0m
[0mGET /api/website/category/list [36m304[0m 10.838 ms - -[0m
[0mGET /api/website/category/list [36m304[0m 16.392 ms - -[0m
[0mGET /api/website/catalog/category/search?queryString=battery [32m200[0m 36.847 ms - 1096[0m
[0mGET /api/website/catalog/product/search?filter_category=battery [32m200[0m 71.263 ms - 6367[0m
[0mGET /api/website/category/list [36m304[0m 14.238 ms - -[0m
[0mGET /api/website/category/list [36m304[0m 12.412 ms - -[0m
[0mGET /api/website/catalog/category/search?queryString=water-purifier-and-cooler [32m200[0m 36.524 ms - 953[0m
[0mGET /api/website/catalog/product/search?filter_category=water-purifier-and-cooler [32m200[0m 73.563 ms - 850[0m
[0mGET /api/website/category/list [36m304[0m 14.900 ms - -[0m
[0mGET /api/website/category/list [36m304[0m 12.731 ms - -[0m
[0mGET /api/website/catalog/category/search?queryString=freezer [32m200[0m 38.094 ms - 747[0m
[0mGET /api/website/catalog/product/search?filter_category=freezer [32m200[0m 75.063 ms - 62[0m
[0mGET /api/website/category/list [36m304[0m 12.709 ms - -[0m
[0mGET /api/website/category/list [36m304[0m 16.028 ms - -[0m
[0mGET /api/website/catalog/category/search?queryString=television [32m200[0m 44.083 ms - 727[0m
[0mGET /api/website/catalog/product/search?filter_category=television [32m200[0m 100.173 ms - 62[0m
[0mGET /api/website/category/list [36m304[0m 11.989 ms - -[0m
[0mGET /api/website/category/list [36m304[0m 10.884 ms - -[0m
[0mGET /api/website/catalog/category/search?queryString=refrigerators [32m200[0m 34.140 ms - 767[0m
[0mGET /api/website/catalog/product/search?filter_category=refrigerators [32m200[0m 63.548 ms - 2180[0m
[0mGET /api/website/category/list [36m304[0m 11.177 ms - -[0m
[0mGET /api/website/category/list [36m304[0m 11.430 ms - -[0m
[0mGET /api/website/catalog/category/search?queryString=air-conditioner [32m200[0m 33.274 ms - 910[0m
[0mGET /api/website/catalog/product/search?filter_category=air-conditioner [32m200[0m 67.043 ms - 62[0m
[0mGET /api/website/category/list [36m304[0m 12.321 ms - -[0m
[0mGET /api/website/category/list [36m304[0m 10.598 ms - -[0m
[0mGET /api/website/catalog/category/search?queryString=cleaner [32m200[0m 33.708 ms - 1038[0m
[0mGET /api/website/catalog/product/search?filter_category=cleaner [32m200[0m 63.869 ms - 1171[0m
[0mGET /api/website/category/list [36m304[0m 12.867 ms - -[0m
[0mGET /api/website/category/list [36m304[0m 19.489 ms - -[0m
[0mGET /api/website/catalog/category/search?queryString=fan [32m200[0m 32.731 ms - 1573[0m
[0mGET /api/website/catalog/product/search?filter_category=fan [32m200[0m 85.468 ms - 10563[0m
[0mGET /api/website/category/list [36m304[0m 10.134 ms - -[0m
[0mGET /api/website/category/list [36m304[0m 11.024 ms - -[0m
[0mGET /api/website/catalog/category/search?queryString=heater [32m200[0m 25.914 ms - 1626[0m
[0mGET /api/website/catalog/product/search?filter_category=heater [32m200[0m 69.572 ms - 12574[0m
[0mGET /api/website/category/list [36m304[0m 11.503 ms - -[0m
[0mGET /api/website/category/list [36m304[0m 11.230 ms - -[0m
[0mGET /api/website/catalog/category/search?queryString=purifier-and-dispenser [32m200[0m 35.694 ms - 1251[0m
[0mGET /api/website/catalog/product/search?filter_category=purifier-and-dispenser [32m200[0m 79.123 ms - 10466[0m
[0mGET /api/website/category/list [36m304[0m 11.827 ms - -[0m
[0mGET /api/website/category/list [36m304[0m 12.101 ms - -[0m
[0mGET /api/website/catalog/category/search?queryString=iron [32m200[0m 34.310 ms - 955[0m
[0mGET /api/website/catalog/product/search?filter_category=iron [32m200[0m 70.134 ms - 4847[0m
[0mGET /api/website/category/list [36m304[0m 13.276 ms - -[0m
[0mGET /api/website/category/list [36m304[0m 13.569 ms - -[0m
[0mGET /api/website/catalog/category/search?queryString=juicer-mixer-and-grinder [32m200[0m 45.893 ms - 958[0m
[0mGET /api/website/catalog/product/search?filter_category=juicer-mixer-and-grinder [32m200[0m 71.355 ms - 5284[0m
[0mGET /api/website/category/list [36m304[0m 10.126 ms - -[0m
[0mGET /api/website/category/list [36m304[0m 13.872 ms - -[0m
[0mGET /api/website/catalog/category/search?queryString=cooker [32m200[0m 24.562 ms - 1196[0m
[0mGET /api/website/catalog/product/search?filter_category=cooker [32m200[0m 55.821 ms - 5838[0m
[0mGET /api/website/category/list [36m304[0m 13.453 ms - -[0m
[0mGET /api/website/category/list [36m304[0m 11.406 ms - -[0m
[0mGET /api/website/catalog/category/search?queryString=naqab-for-women [32m200[0m 35.600 ms - 1093[0m
[0mGET /api/website/catalog/product/search?filter_category=naqab-for-women [32m200[0m 68.477 ms - 4778[0m
[0mGET /api/website/category/list [36m304[0m 12.839 ms - -[0m
[0mGET /api/website/category/list [36m304[0m 14.566 ms - -[0m
[0mGET /api/website/catalog/category/search?queryString=women-winter-wear [32m200[0m 40.961 ms - 1436[0m
[0mGET /api/website/catalog/product/search?filter_category=women-winter-wear [32m200[0m 79.232 ms - 4300[0m
[0mGET /api/website/category/list [36m304[0m 14.127 ms - -[0m
[0mGET /api/website/category/list [36m304[0m 18.301 ms - -[0m
[0mGET /api/website/catalog/category/search?queryString=accessories [32m200[0m 45.689 ms - 4060[0m
[0mGET /api/website/catalog/product/search?filter_category=accessories [32m200[0m 88.937 ms - 488[0m
[0mGET /api/website/category/list [36m304[0m 10.177 ms - -[0m
[0mGET /api/website/category/list [36m304[0m 10.964 ms - -[0m
[0mGET /api/website/catalog/category/search?queryString=Jewellery [32m200[0m 30.213 ms - 1059[0m
[0mGET /api/website/catalog/product/search?filter_category=Jewellery [32m200[0m 63.072 ms - 10090[0m
[0mGET /api/website/category/list [36m304[0m 15.631 ms - -[0m
[0mGET /api/website/category/list [36m304[0m 43.237 ms - -[0m
[0mGET /api/website/catalog/category/search?queryString=personal-care-appliances [32m200[0m 60.454 ms - 2542[0m
[0mGET /api/website/catalog/product/search?filter_category=personal-care-appliances [32m200[0m 127.104 ms - 13471[0m
[0mGET /api/website/category/list [36m304[0m 12.681 ms - -[0m
[0mGET /api/website/category/list [36m304[0m 18.868 ms - -[0m
[0mGET /api/website/catalog/category/search?queryString=watch [32m200[0m 43.386 ms - 1587[0m
[0mGET /api/website/catalog/product/search?filter_category=watch [32m200[0m 86.509 ms - 6498[0m
[0mGET /api/website/category/list [36m304[0m 11.765 ms - -[0m
[0mGET /api/website/category/list [36m304[0m 9.807 ms - -[0m
[0mGET /api/website/catalog/category/search?queryString=foot-wears [32m200[0m 24.631 ms - 809[0m
[0mGET /api/website/catalog/product/search?filter_category=foot-wears [32m200[0m 70.165 ms - 62[0m
[0mGET /api/website/category/list [36m304[0m 12.720 ms - -[0m
[0mGET /api/website/category/list [36m304[0m 9.704 ms - -[0m
[0mGET /api/website/catalog/category/search?queryString=ethnic-%20Bottom [32m200[0m 23.541 ms - 821[0m
[0mGET /api/website/catalog/product/search?filter_category=ethnic-%20Bottom [32m200[0m 66.290 ms - 62[0m
[0mGET /api/website/category/list [36m304[0m 11.853 ms - -[0m
[0mGET /api/website/category/list [36m304[0m 10.323 ms - -[0m
[0mGET /api/website/catalog/category/search?queryString=ethnic-wears [32m200[0m 23.465 ms - 990[0m
[0mGET /api/website/catalog/product/search?filter_category=ethnic-wears [32m200[0m 70.779 ms - 820[0m
[0mGET /api/website/category/list [36m304[0m 23.408 ms - -[0m
[0mGET /api/website/category/list [36m304[0m 14.330 ms - -[0m
[0mGET /api/website/catalog/category/search?queryString=sports-wears [32m200[0m 47.374 ms - 771[0m
[0mGET /api/website/catalog/product/search?filter_category=sports-wears [32m200[0m 92.660 ms - 62[0m
[0mGET /api/website/category/list [36m304[0m 13.115 ms - -[0m
[0mGET /api/website/category/list [36m304[0m 12.296 ms - -[0m
[0mGET /api/website/catalog/category/search?queryString=party-dress [32m200[0m 26.218 ms - 644[0m
[0mGET /api/website/catalog/product/search?filter_category=party-dress [32m200[0m 73.421 ms - 62[0m
[0mGET /api/website/category/list [36m304[0m 11.087 ms - -[0m
[0mGET /api/website/category/list [36m304[0m 10.389 ms - -[0m
[0mGET /api/website/catalog/category/search?queryString=under-garment-sleep-wears [32m200[0m 31.515 ms - 1245[0m
[0mGET /api/website/catalog/product/search?filter_category=under-garment-sleep-wears [32m200[0m 59.522 ms - 7474[0m
[0mGET /api/website/category/list [36m304[0m 12.056 ms - -[0m
[0mGET /api/website/category/list [36m304[0m 13.254 ms - -[0m
[0mGET /api/website/catalog/category/search?queryString=women-clothes [32m200[0m 39.320 ms - 1423[0m
[0mGET /api/website/catalog/product/search?filter_category=women-clothes [32m200[0m 78.675 ms - 5133[0m
[0mGET /api/website/category/list [36m304[0m 12.692 ms - -[0m
[0mGET /api/website/category/list [36m304[0m 50.759 ms - -[0m
[0mGET /api/website/catalog/category/search?queryString=bangles-and-rings [32m200[0m 64.259 ms - 1955[0m
[0mGET /api/website/catalog/product/search?filter_category=bangles-and-rings [32m200[0m 115.852 ms - 12330[0m
[0mGET /api/website/category/list [36m304[0m 12.990 ms - -[0m
[0mGET /api/website/category/list [36m304[0m 13.192 ms - -[0m
[0mGET /api/website/catalog/category/search?queryString=islamic-men-accessories [32m200[0m 41.624 ms - 1029[0m
[0mGET /api/website/catalog/product/search?filter_category=islamic-men-accessories [32m200[0m 89.434 ms - 11017[0m
[0mGET /api/website/category/list [36m304[0m 13.367 ms - -[0m
[0mGET /api/website/category/list [36m304[0m 11.578 ms - -[0m
[0mGET /api/website/catalog/category/search?queryString=bottom-wear-for-men [32m200[0m 36.031 ms - 1211[0m
[0mGET /api/website/catalog/product/search?filter_category=bottom-wear-for-men [32m200[0m 82.905 ms - 2744[0m
[0mGET /api/website/category/list [36m304[0m 15.462 ms - -[0m
[0mGET /api/website/category/list [36m304[0m 12.059 ms - -[0m
[0mGET /api/website/catalog/category/search?queryString=top-wear-for-men [32m200[0m 38.740 ms - 1525[0m
[0mGET /api/website/catalog/product/search?filter_category=top-wear-for-men [32m200[0m 88.266 ms - 4814[0m
[0mGET /api/website/category/list [36m304[0m 19.112 ms - -[0m
[0mGET /api/website/category/list [36m304[0m 162.463 ms - -[0m
[0mGET /api/website/catalog/category/search?queryString=personal-care [32m200[0m 195.450 ms - 5404[0m
[0mGET /api/website/category/list [36m304[0m 62.889 ms - -[0m
[0mGET /api/website/catalog/product/search?filter_category=personal-care [32m200[0m 267.101 ms - 15601[0m
[0mGET /api/website/category/list [36m304[0m 16.661 ms - -[0m
[0mGET /api/website/catalog/category/search?queryString=watches [32m200[0m 92.968 ms - 1119[0m
[0mGET /api/website/catalog/product/search?filter_category=watches [32m200[0m 125.026 ms - 2557[0m
[0mGET /api/website/category/list [36m304[0m 16.166 ms - -[0m
[0mGET /api/website/category/list [36m304[0m 15.044 ms - -[0m
[0mGET /api/website/catalog/category/search?queryString=Raincoats-windcheaters [32m200[0m 47.958 ms - 750[0m
[0mGET /api/website/catalog/product/search?filter_category=Raincoats-windcheaters [32m200[0m 99.342 ms - 62[0m
[0mGET /api/website/category/list [36m304[0m 12.498 ms - -[0m
[0mGET /api/website/category/list [36m304[0m 12.668 ms - -[0m
[0mGET /api/website/catalog/category/search?queryString=innerwear-and-loungewear [32m200[0m 33.623 ms - 942[0m
[0mGET /api/website/catalog/product/search?filter_category=innerwear-and-loungewear [32m200[0m 73.291 ms - 62[0m
[0mGET /api/website/category/list [36m304[0m 14.635 ms - -[0m
[0mGET /api/website/category/list [36m304[0m 15.098 ms - -[0m
[0mGET /api/website/catalog/category/search?queryString=ethnic-wear [32m200[0m 39.952 ms - 1624[0m
[0mGET /api/website/catalog/product/search?filter_category=ethnic-wear [32m200[0m 93.785 ms - 4236[0m
[0mGET /api/website/category/list [36m304[0m 12.423 ms - -[0m
[0mGET /api/website/category/list [36m304[0m 21.059 ms - -[0m
[0mGET /api/website/catalog/category/search?queryString=winter-wear [32m200[0m 36.245 ms - 2066[0m
[0mGET /api/website/catalog/product/search?filter_category=winter-wear [32m200[0m 83.628 ms - 6567[0m
[0mGET /api/website/category/list [36m304[0m 16.434 ms - -[0m
[0mGET /api/website/category/list [36m304[0m 12.174 ms - -[0m
[0mGET /api/website/catalog/category/search?queryString=ties-socks-caps-more [32m200[0m 38.235 ms - 710[0m
[0mGET /api/website/catalog/product/search?filter_category=ties-socks-caps-more [32m200[0m 77.690 ms - 62[0m
[0mGET /api/website/category/list [36m304[0m 11.649 ms - -[0m
[0mGET /api/website/category/list [36m304[0m 10.762 ms - -[0m
[0mGET /api/website/catalog/category/search?queryString=suits-blazers-waistcoats [32m200[0m 30.410 ms - 815[0m
[0mGET /api/website/catalog/product/search?filter_category=suits-blazers-waistcoats [32m200[0m 70.607 ms - 62[0m
[0mGET /api/website/category/list [36m304[0m 14.624 ms - -[0m
[0mGET /api/website/category/list [36m304[0m 13.305 ms - -[0m
[0mGET /api/website/catalog/category/search?queryString=Foot-wear [32m200[0m 31.086 ms - 1307[0m
[0mGET /api/website/catalog/product/search?filter_category=Foot-wear [32m200[0m 72.366 ms - 381[0m
[0mGET /api/website/category/list [36m304[0m 14.054 ms - -[0m
[0mGET /api/website/category/list [36m304[0m 12.846 ms - -[0m
[0mGET /api/website/catalog/category/search?queryString=medical-supply [32m200[0m 26.606 ms - 715[0m
[0mGET /api/website/catalog/product/search?filter_category=medical-supply [32m200[0m 73.021 ms - 62[0m
[0mGET /api/website/category/list [36m304[0m 10.586 ms - -[0m
[0mGET /api/website/category/list [36m304[0m 9.722 ms - -[0m
[0mGET /api/website/catalog/category/search?queryString=Industrial%20and%20Scientifics%20Tools [32m200[0m 20.809 ms - 896[0m
[0mGET /api/website/catalog/product/search?filter_category=Industrial%20and%20Scientifics%20Tools [32m200[0m 57.748 ms - 62[0m
[0mGET /api/website/category/list [36m304[0m 13.654 ms - -[0m
[0mGET /api/website/category/list [36m304[0m 11.654 ms - -[0m
[0mGET /api/website/catalog/category/search?queryString=stationery [32m200[0m 34.329 ms - 867[0m
[0mGET /api/website/catalog/product/search?filter_category=stationery [32m200[0m 72.142 ms - 62[0m
[0mGET /api/website/category/list [36m304[0m 11.932 ms - -[0m
[0mGET /api/website/category/list [36m304[0m 12.038 ms - -[0m
[0mGET /api/website/catalog/category/search?queryString=books [32m200[0m 33.739 ms - 1439[0m
[0mGET /api/website/catalog/product/search?filter_category=books [32m200[0m 77.912 ms - 12545[0m
[0mGET /api/website/category/list [36m304[0m 11.944 ms - -[0m
[0mGET /api/website/category/list [36m304[0m 11.643 ms - -[0m
[0mGET /api/website/catalog/category/search?queryString=health-and-nutrition [32m200[0m 34.235 ms - 1315[0m
[0mGET /api/website/catalog/product/search?filter_category=health-and-nutrition [32m200[0m 77.238 ms - 7202[0m
[0mGET /api/website/category/list [36m304[0m 10.671 ms - -[0m
[0mGET /api/website/category/list [36m304[0m 10.355 ms - -[0m
[0mGET /api/website/catalog/category/search?queryString=exercise-fitness [32m200[0m 23.098 ms - 920[0m
[0mGET /api/website/catalog/product/search?filter_category=exercise-fitness [32m200[0m 65.488 ms - 4957[0m
[0mGET /api/website/category/list [36m304[0m 11.769 ms - -[0m
[0mGET /api/website/category/list [36m304[0m 10.167 ms - -[0m
[0mGET /api/website/catalog/category/search?queryString=Sports [32m200[0m 26.624 ms - 1439[0m
[0mGET /api/website/catalog/product/search?filter_category=Sports [32m200[0m 65.868 ms - 12545[0m
[0mGET /api/website/category/list [36m304[0m 31.104 ms - -[0m
[0mGET /api/website/category/list [36m304[0m 17.806 ms - -[0m
[0mGET /api/website/catalog/category/search?queryString=measurement-scales [32m200[0m 63.957 ms - 1202[0m
[0mGET /api/website/catalog/product/search?filter_category=measurement-scales [32m200[0m 98.143 ms - 4034[0m
[0mGET /api/website/category/list [36m304[0m 27.335 ms - -[0m
[0mGET /api/website/category/list [36m304[0m 20.958 ms - -[0m
[0mGET /api/website/catalog/category/search?queryString=fabric-bag [32m200[0m 71.921 ms - 1098[0m
[0mGET /api/website/catalog/product/search?filter_category=fabric-bag [32m200[0m 125.079 ms - 6165[0m
[0mGET /api/website/category/list [36m304[0m 14.053 ms - -[0m
[0mGET /api/website/category/list [36m304[0m 12.687 ms - -[0m
[0mGET /api/website/catalog/category/search?queryString=mithila-art [32m200[0m 36.654 ms - 950[0m
[0mGET /api/website/catalog/product/search?filter_category=mithila-art [32m200[0m 70.956 ms - 6451[0m
[0mGET /api/website/category/list [36m304[0m 12.702 ms - -[0m
[0mGET /api/website/catalog/category/search?queryString=kids-furnishing-toys-and-more [32m200[0m 59.815 ms - 772[0m
[0mGET /api/website/category/list [36m304[0m 48.498 ms - -[0m
[0mGET /api/website/category/list [36m304[0m 23.270 ms - -[0m
[0mGET /api/website/catalog/product/search?filter_category=kids-furnishing-toys-and-more [32m200[0m 120.196 ms - 62[0m
[0mGET /api/website/category/list [36m304[0m 31.194 ms - -[0m
[0mGET /api/website/catalog/category/search?queryString=baby-accessories-and-more [32m200[0m 74.652 ms - 838[0m
[0mGET /api/website/catalog/product/search?filter_category=baby-accessories-and-more [32m200[0m 114.966 ms - 4078[0m
[0mGET /api/website/category/list [36m304[0m 12.430 ms - -[0m
[0mGET /api/website/category/list [36m304[0m 19.597 ms - -[0m
[0mGET /api/website/catalog/category/search?queryString=baby-skin-and-hair-care [32m200[0m 32.482 ms - 892[0m
[0mGET /api/website/catalog/product/search?filter_category=baby-skin-and-hair-care [32m200[0m 76.403 ms - 5987[0m
[0mGET /api/website/category/list [36m304[0m 13.532 ms - -[0m
[0mGET /api/website/category/list [36m304[0m 11.641 ms - -[0m
[0mGET /api/website/catalog/category/search?queryString=diapers-and-wipes [32m200[0m 39.488 ms - 991[0m
[0mGET /api/website/catalog/product/search?filter_category=diapers-and-wipes [32m200[0m 72.858 ms - 3199[0m
[0mGET /api/website/category/list [36m304[0m 14.579 ms - -[0m
[0mGET /api/website/category/list [36m304[0m 21.034 ms - -[0m
[0mGET /api/website/catalog/category/search?queryString=baby-food [32m200[0m 36.887 ms - 936[0m
[0mGET /api/website/catalog/product/search?filter_category=baby-food [32m200[0m 86.148 ms - 2711[0m
[0mGET /api/website/category/list [36m304[0m 14.522 ms - -[0m
[0mGET /api/website/category/list [36m304[0m 23.319 ms - -[0m
[0mGET /api/website/catalog/category/search?queryString=heajth-care [32m200[0m 38.092 ms - 964[0m
[0mGET /api/website/catalog/product/search?filter_category=heajth-care [32m200[0m 81.661 ms - 3562[0m
[0mGET /api/website/category/list [36m304[0m 13.182 ms - -[0m
[0mGET /api/website/category/list [36m304[0m 12.761 ms - -[0m
[0mGET /api/website/catalog/category/search?queryString=women%20grooming [32m200[0m 37.823 ms - 859[0m
[0mGET /api/website/catalog/product/search?filter_category=women%20grooming [32m200[0m 71.665 ms - 1508[0m
[0mGET /api/website/category/list [36m304[0m 13.908 ms - -[0m
[0mGET /api/website/category/list [36m304[0m 41.077 ms - -[0m
[0mGET /api/website/catalog/category/search?queryString=face-care [32m200[0m 56.232 ms - 1577[0m
[0mGET /api/website/catalog/product/search?filter_category=face-care [32m200[0m 120.211 ms - 20375[0m
[0mGET /api/website/category/list [36m304[0m 11.761 ms - -[0m
[0mGET /api/website/category/list [36m304[0m 16.840 ms - -[0m
[0mGET /api/website/catalog/category/search?queryString=makeup [32m200[0m 41.939 ms - 1147[0m
[0mGET /api/website/catalog/product/search?filter_category=makeup [32m200[0m 92.472 ms - 62[0m
[0mGET /api/website/category/list [36m304[0m 19.160 ms - -[0m
[0mGET /api/website/category/list [36m304[0m 18.693 ms - -[0m
[0mGET /api/website/catalog/category/search?queryString=mens-grooming [32m200[0m 54.405 ms - 1427[0m
[0mGET /api/website/catalog/product/search?filter_category=mens-grooming [32m200[0m 100.563 ms - 15200[0m
[0mGET /api/website/category/list [36m304[0m 10.935 ms - -[0m
[0mGET /api/website/category/list [36m304[0m 11.528 ms - -[0m
[0mGET /api/website/catalog/category/search?queryString=oral-care [32m200[0m 41.344 ms - 1173[0m
[0mGET /api/website/catalog/product/search?filter_category=oral-care [32m200[0m 87.999 ms - 6084[0m
[0mGET /api/website/category/list [36m304[0m 11.585 ms - -[0m
[0mGET /api/website/category/list [36m304[0m 25.011 ms - -[0m
[0mGET /api/website/catalog/category/search?queryString=skin-care [32m200[0m 36.470 ms - 1613[0m
[0mGET /api/website/catalog/product/search?filter_category=skin-care [32m200[0m 86.704 ms - 14311[0m
[0mGET /api/website/category/list [36m304[0m 13.295 ms - -[0m
[0mGET /api/website/category/list [36m304[0m 13.319 ms - -[0m
[0mGET /api/website/catalog/category/search?queryString=hair-care [32m200[0m 67.611 ms - 3268[0m
[0mGET /api/website/catalog/product/search?filter_category=hair-care [32m200[0m 104.901 ms - 15317[0m
[0mGET /api/website/category/list [36m304[0m 13.055 ms - -[0m
[0mGET /api/website/category/list [36m304[0m 24.366 ms - -[0m
[0mGET /api/website/catalog/category/search?queryString=fragrances-and-deos [32m200[0m 85.377 ms - 1047[0m
[0mGET /api/website/catalog/product/search?filter_category=fragrances-and-deos [32m200[0m 156.767 ms - 11384[0m
[0mGET /api/website/category/list [36m304[0m 15.630 ms - -[0m
[0mGET /api/website/category/list [36m304[0m 15.373 ms - -[0m
[0mGET /api/website/catalog/category/search?queryString=feminine-hygiene [32m200[0m 48.518 ms - 1161[0m
[0mGET /api/website/catalog/product/search?filter_category=feminine-hygiene [32m200[0m 99.565 ms - 9309[0m
[0mGET /api/website/category/list [36m304[0m 11.145 ms - -[0m
[0mGET /api/website/catalog/category/search?queryString=bath-and-hand-wash [32m200[0m 39.737 ms - 2013[0m
[0mGET /api/website/category/list [36m304[0m 29.530 ms - -[0m
[0mGET /api/website/catalog/product/search?filter_category=bath-and-hand-wash [32m200[0m 84.227 ms - 15917[0m
[0mGET /api/website/category/list [36m304[0m 13.340 ms - -[0m
[0mGET /api/website/category/list [36m304[0m 15.871 ms - -[0m
[0mGET /api/website/catalog/category/search?queryString=smart-home-automation [32m200[0m 40.462 ms - 939[0m
[0mGET /api/website/catalog/product/search?filter_category=smart-home-automation [32m200[0m 81.553 ms - 62[0m
[0mGET /api/website/category/list [36m304[0m 13.328 ms - -[0m
[0mGET /api/website/category/list [36m304[0m 12.844 ms - -[0m
[0mGET /api/website/catalog/category/search?queryString=home-light [32m200[0m 55.255 ms - 1311[0m
[0mGET /api/website/catalog/product/search?filter_category=home-light [32m200[0m 73.905 ms - 13065[0m
[0mGET /api/website/category/list [36m304[0m 15.012 ms - -[0m
[0mGET /api/website/category/list [36m304[0m 15.162 ms - -[0m
[0mGET /api/website/catalog/category/search?queryString=home-dcor [32m200[0m 41.664 ms - 1101[0m
[0mGET /api/website/catalog/product/search?filter_category=home-dcor [32m200[0m 90.498 ms - 1420[0m
[0mGET /api/website/category/list [36m304[0m 13.775 ms - -[0m
[0mGET /api/website/category/list [36m304[0m 16.818 ms - -[0m
[0mGET /api/website/catalog/category/search?queryString=furnishing [32m200[0m 31.647 ms - 1531[0m
[0mGET /api/website/catalog/product/search?filter_category=furnishing [32m200[0m 73.706 ms - 1801[0m
[0mGET /api/website/category/list [36m304[0m 11.773 ms - -[0m
[0mGET /api/website/category/list [36m304[0m 11.790 ms - -[0m
[0mGET /api/website/catalog/category/search?queryString=office-study-furniture [32m200[0m 35.381 ms - 818[0m
[0mGET /api/website/catalog/product/search?filter_category=office-study-furniture [32m200[0m 69.450 ms - 62[0m
[0mGET /api/website/category/list [36m304[0m 15.326 ms - -[0m
[0mGET /api/website/category/list [36m304[0m 12.735 ms - -[0m
[0mGET /api/website/catalog/category/search?queryString=bedroom-furniture [32m200[0m 40.713 ms - 732[0m
[0mGET /api/website/catalog/product/search?filter_category=bedroom-furniture [32m200[0m 64.352 ms - 703[0m
[0mGET /api/website/category/list [36m304[0m 10.418 ms - -[0m
[0mGET /api/website/category/list [36m304[0m 10.181 ms - -[0m
[0mGET /api/website/catalog/category/search?queryString=cleaning-storage [32m200[0m 27.970 ms - 662[0m
[0mGET /api/website/catalog/product/search?filter_category=cleaning-storage [32m200[0m 60.868 ms - 62[0m
[0mGET /api/website/category/list [36m304[0m 13.661 ms - -[0m
[0mGET /api/website/category/list [36m304[0m 14.706 ms - -[0m
[0mGET /api/website/catalog/category/search?queryString=kitchen-storage [32m200[0m 36.588 ms - 805[0m
[0mGET /api/website/catalog/product/search?filter_category=kitchen-storage [32m200[0m 84.375 ms - 62[0m
[0mGET /api/website/category/list [36m304[0m 12.452 ms - -[0m
[0mGET /api/website/category/list [36m304[0m 12.050 ms - -[0m
[0mGET /api/website/catalog/category/search?queryString=tableware-dinnerware [32m200[0m 26.204 ms - 763[0m
[0mGET /api/website/catalog/product/search?filter_category=tableware-dinnerware [32m200[0m 60.862 ms - 62[0m
[0mGET /api/website/category/list [36m304[0m 12.248 ms - -[0m
[0mGET /api/website/category/list [36m304[0m 12.685 ms - -[0m
[0mGET /api/website/catalog/category/search?queryString=kitchen-cookware-and-serve-ware [32m200[0m 38.242 ms - 1015[0m
[0mGET /api/website/catalog/product/search?filter_category=kitchen-cookware-and-serve-ware [32m200[0m 68.578 ms - 62[0m
[0mGET /api/website/category/list [36m304[0m 14.077 ms - -[0m
[0mGET /api/website/category/list [36m304[0m 13.562 ms - -[0m
[0mGET /api/website/category/list [36m304[0m 12.406 ms - -[0m
[0mGET /api/website/catalog/category/search?queryString=plastic-product [32m200[0m 31.135 ms - 628[0m
[0mGET /api/website/catalog/category/search?queryString=dishwasher [32m200[0m 42.488 ms - 828[0m
[0mGET /api/website/category/list [36m304[0m 14.700 ms - -[0m
[0mGET /api/website/catalog/product/search?filter_category=plastic-product [32m200[0m 83.798 ms - 62[0m
[0mGET /api/website/catalog/product/search?filter_category=dishwasher [32m200[0m 94.775 ms - 3290[0m
[0mGET /api/website/category/list [36m304[0m 11.887 ms - -[0m
[0mGET /api/website/category/list [36m304[0m 10.740 ms - -[0m
[0mGET /api/website/catalog/category/search?queryString=steel-furniture [32m200[0m 26.479 ms - 1088[0m
[0mGET /api/website/catalog/product/search?filter_category=steel-furniture [32m200[0m 59.453 ms - 5311[0m
[0mGET /api/website/category/list [36m304[0m 12.628 ms - -[0m
[0mGET /api/website/category/list [36m304[0m 22.309 ms - -[0m
[0mGET /api/website/catalog/category/search?queryString=kitchen-appliances [32m200[0m 93.516 ms - 1436[0m
[0mGET /api/website/catalog/product/search?filter_category=kitchen-appliances [32m200[0m 143.658 ms - 18178[0m
[0mGET /api/website/category/list [36m304[0m 13.076 ms - -[0m
[0mGET /api/website/category/list [36m304[0m 16.149 ms - -[0m
[0mGET /api/website/catalog/category/search?queryString=gas-stoves [32m200[0m 41.599 ms - 1264[0m
[0mGET /api/website/catalog/product/search?filter_category=gas-stoves [32m200[0m 79.825 ms - 10699[0m
[0mGET /api/website/category/list [36m304[0m 15.851 ms - -[0m
[0mGET /api/website/category/list [36m304[0m 11.624 ms - -[0m
[0mGET /api/website/catalog/category/search?queryString=dining-and-serving [32m200[0m 43.571 ms - 790[0m
[0mGET /api/website/catalog/product/search?filter_category=dining-and-serving [32m200[0m 75.536 ms - 62[0m
[0mGET /api/website/category/list [36m304[0m 12.065 ms - -[0m
[0mGET /api/website/category/list [36m304[0m 15.655 ms - -[0m
[0mGET /api/website/catalog/category/search?queryString=kitchen-tools-and-accessories [32m200[0m 30.252 ms - 1196[0m
[0mGET /api/website/catalog/product/search?filter_category=kitchen-tools-and-accessories [32m200[0m 73.384 ms - 1393[0m
[0mGET /api/website/category/list [36m304[0m 16.060 ms - -[0m
[0mGET /api/website/category/list [36m304[0m 14.597 ms - -[0m
[0mGET /api/website/catalog/category/search?queryString=storage-and-containers [32m200[0m 42.902 ms - 1200[0m
[0mGET /api/website/catalog/product/search?filter_category=storage-and-containers [32m200[0m 84.937 ms - 1584[0m
[0mGET /api/website/category/list [36m304[0m 15.504 ms - -[0m
[0mGET /api/website/category/list [36m304[0m 16.294 ms - -[0m
[0mGET /api/website/catalog/category/search?queryString=cookware [32m200[0m 60.658 ms - 1691[0m
[0mGET /api/website/catalog/product/search?filter_category=cookware [32m200[0m 92.113 ms - 4015[0m
[0mGET /api/website/category/list [36m304[0m 12.072 ms - -[0m
[0mGET /api/website/category/list [36m304[0m 10.052 ms - -[0m
[0mGET /api/website/catalog/category/search?queryString=ice-cream [32m200[0m 37.420 ms - 772[0m
[0mGET /api/website/catalog/product/search?filter_category=ice-cream [32m200[0m 71.089 ms - 1194[0m
[0mGET /api/website/category/list [36m304[0m 12.005 ms - -[0m
[0mGET /api/website/category/list [36m304[0m 11.470 ms - -[0m
[0mGET /api/website/catalog/category/search?queryString=pizza-burgers [32m200[0m 32.539 ms - 629[0m
[0mGET /api/website/catalog/product/search?filter_category=pizza-burgers [32m200[0m 70.613 ms - 62[0m
[0mGET /api/website/category/list [36m304[0m 13.884 ms - -[0m
[0mGET /api/website/category/list [36m304[0m 11.532 ms - -[0m
[0mGET /api/website/catalog/category/search?queryString=sweet [32m200[0m 35.175 ms - 959[0m
[0mGET /api/website/category/list [36m304[0m 11.563 ms - -[0m
[0mGET /api/website/catalog/product/search?filter_category=sweet [32m200[0m 75.813 ms - 62[0m
[0mGET /api/website/category/list [36m304[0m 21.262 ms - -[0m
[0mGET /api/website/catalog/category/search?queryString=cake [32m200[0m 33.985 ms - 1048[0m
[0mGET /api/website/catalog/product/search?filter_category=cake [32m200[0m 66.405 ms - 9142[0m
[0mGET /api/website/category/list [36m304[0m 11.558 ms - -[0m
[0mGET /api/website/category/list [36m304[0m 10.392 ms - -[0m
[0mGET /api/website/catalog/category/search?queryString=pulses [32m200[0m 25.122 ms - 1155[0m
[0mGET /api/website/catalog/product/search?filter_category=pulses [32m200[0m 70.310 ms - 3816[0m
[0mGET /api/website/category/list [36m304[0m 10.945 ms - -[0m
[0mGET /api/website/category/list [36m304[0m 14.562 ms - -[0m
[0mGET /api/website/catalog/category/search?queryString=dry-fruits-and-nuts [32m200[0m 33.258 ms - 1172[0m
[0mGET /api/website/catalog/product/search?filter_category=dry-fruits-and-nuts [32m200[0m 84.444 ms - 2541[0m
[0mGET /api/website/category/list [36m304[0m 10.449 ms - -[0m
[0mGET /api/website/catalog/category/search?queryString=masalas-and-spices [32m200[0m 46.927 ms - 1404[0m
[0mGET /api/website/category/list [36m304[0m 36.880 ms - -[0m
[0mGET /api/website/category/list [36m304[0m 14.598 ms - -[0m
[0mGET /api/website/catalog/category/search?queryString=ghee-and-vanaspati [32m200[0m 33.819 ms - 884[0m
[0mGET /api/website/catalog/product/search?filter_category=masalas-and-spices [32m200[0m 135.922 ms - 14814[0m
[0mGET /api/website/category/list [36m304[0m 55.338 ms - -[0m
[0mGET /api/website/catalog/product/search?filter_category=ghee-and-vanaspati [32m200[0m 111.795 ms - 2419[0m
[0mGET /api/website/category/list [36m304[0m 11.934 ms - -[0m
[0mGET /api/website/category/list [36m304[0m 13.831 ms - -[0m
[0mGET /api/website/catalog/category/search?queryString=salt-and-sugar [32m200[0m 28.509 ms - 923[0m
[0mGET /api/website/catalog/product/search?filter_category=salt-and-sugar [32m200[0m 71.733 ms - 2678[0m
[0mGET /api/website/category/list [36m304[0m 12.034 ms - -[0m
[0mGET /api/website/category/list [36m304[0m 17.419 ms - -[0m
[0mGET /api/website/catalog/category/search?queryString=rice-and-rice-products [32m200[0m 30.940 ms - 1653[0m
[0mGET /api/website/catalog/product/search?filter_category=rice-and-rice-products [32m200[0m 78.429 ms - 11480[0m
[0mGET /api/website/category/list [36m304[0m 13.423 ms - -[0m
[0mGET /api/website/category/list [36m304[0m 11.989 ms - -[0m
[0mGET /api/website/catalog/category/search?queryString=atta-flours-and-sooji [32m200[0m 43.137 ms - 1338[0m
[0mGET /api/website/catalog/product/search?filter_category=atta-flours-and-sooji [32m200[0m 96.998 ms - 8016[0m
[0mGET /api/website/category/list [36m304[0m 11.472 ms - -[0m
[0mGET /api/website/category/list [36m304[0m 12.672 ms - -[0m
[0mGET /api/website/category/list [36m304[0m 11.250 ms - -[0m
[0mGET /api/website/catalog/category/search?queryString=edible-oils [32m200[0m 37.059 ms - 1231[0m
[0mGET /api/website/category/list [36m304[0m 22.473 ms - -[0m
[0mGET /api/website/catalog/product/search?filter_category=edible-oils [32m200[0m 86.700 ms - 2042[0m
[0mGET /api/website/category/list [36m304[0m 10.870 ms - -[0m
[0mGET /api/website/category/list [36m304[0m 9.284 ms - -[0m
[0mGET /api/website/category/list [36m304[0m 13.219 ms - -[0m
[0mGET /api/website/category/list [36m304[0m 11.086 ms - -[0m
[0mGET /api/website/category/list [36m304[0m 12.319 ms - -[0m
[0mGET /api/website/category/list [36m304[0m 11.198 ms - -[0m
[0mGET /api/website/category/list [36m304[0m 11.268 ms - -[0m
[0mGET /api/website/category/list [36m304[0m 10.814 ms - -[0m
[0mGET /api/website/category/list [36m304[0m 11.440 ms - -[0m
[0mGET /api/website/catalog/category/search?queryString=undefined [32m200[0m 13.712 ms - 62[0m
[0mGET /api/website/category/list [36m304[0m 10.249 ms - -[0m
[0mGET /api/website/catalog/product/search?filter_category=undefined [32m200[0m 23.108 ms - 62[0m
[0mGET /api/website/category/list [36m304[0m 13.140 ms - -[0m
[0mGET /api/website/category/list [36m304[0m 14.370 ms - -[0m
[0mGET /api/website/category/list [36m304[0m 10.339 ms - -[0m
[0mGET /api/website/category/list [36m304[0m 9.010 ms - -[0m
[0mGET /api/website/category/list [36m304[0m 12.392 ms - -[0m
[0mGET /api/website/category/list [36m304[0m 9.750 ms - -[0m
[0mGET /api/website/category/list [36m304[0m 10.265 ms - -[0m
[0mGET /api/website/category/list [36m304[0m 29.988 ms - -[0m
[0mGET /api/website/catalog/category/search?queryString=household-items [32m200[0m 40.618 ms - 1913[0m
[0mGET /api/website/catalog/product/search?filter_category=household-items [32m200[0m 85.933 ms - 13006[0m
[0mGET /api/website/category/list [36m304[0m 11.772 ms - -[0m
[0mGET /api/website/category/list [36m304[0m 86.232 ms - -[0m
[0mGET /api/website/catalog/category/search?queryString=home-and-kitchen [32m200[0m 99.544 ms - 2002[0m
[0mGET /api/website/category/list [36m304[0m 40.895 ms - -[0m
[0mGET /api/website/catalog/product/search?filter_category=home-and-kitchen [32m200[0m 168.522 ms - 18586[0m
[0mGET /api/website/category/list [36m304[0m 94.173 ms - -[0m
[0mGET /api/website/catalog/category/search?queryString=tv-appliances [32m200[0m 138.079 ms - 3007[0m
[0mGET /api/website/catalog/product/search?filter_category=tv-appliances [32m200[0m 157.832 ms - 18687[0m
[0mGET /api/website/category/list [36m304[0m 14.955 ms - -[0m
[0mGET /api/website/category/list [36m304[0m 12.426 ms - -[0m
[0mGET /api/website/catalog/category/search?queryString=electronics-mobile-phones [32m200[0m 43.653 ms - 2404[0m
[0mGET /api/website/catalog/product/search?filter_category=electronics-mobile-phones [32m200[0m 103.873 ms - 14791[0m
[0mGET /api/website/category/list [36m304[0m 12.012 ms - -[0m
[0mGET /api/website/category/list [36m304[0m 58.414 ms - -[0m
[0mGET /api/website/catalog/category/search?queryString=women [32m200[0m 71.319 ms - 5673[0m
[0mGET /api/website/catalog/product/search?filter_category=women [32m200[0m 118.738 ms - 16072[0m
[0mGET /api/website/category/list [36m304[0m 21.126 ms - -[0m
[0mGET /api/website/category/list [36m304[0m 24.986 ms - -[0m
[0mGET /api/website/catalog/category/search?queryString=men-fashion [32m200[0m 86.717 ms - 2770[0m
[0mGET /api/website/catalog/product/search?filter_category=men-fashion [32m200[0m 83.468 ms - 12755[0m
[0mGET /api/website/category/list [36m304[0m 12.441 ms - -[0m
[0mGET /api/website/catalog/category/search?queryString=null [32m200[0m 14.570 ms - 62[0m
[0mGET /api/website/category/list [36m304[0m 13.199 ms - -[0m
[0mGET /api/website/catalog/product/search?filter_category=null [32m200[0m 27.348 ms - 62[0m
[0mGET /api/website/category/list [36m304[0m 17.127 ms - -[0m
[0mGET /api/website/category/list [36m304[0m 15.480 ms - -[0m
[0mGET /api/website/relatedProduct?productId=5832&slug=trendy-attractive-look-yellow-chura [32m200[0m 73.061 ms - 9185[0m
[0mGET /api/website/product/detail?productId=5832&slug=trendy-attractive-look-yellow-chura [32m200[0m 74.288 ms - 1779[0m
[0mGET /api/website/category/list [36m304[0m 12.320 ms - -[0m
[0mGET /api/website/category/list [36m304[0m 11.443 ms - -[0m
[0mGET /api/website/product/detail?productId=5831&slug=bangles-for-women-metal-red-chura [32m200[0m 58.942 ms - 1484[0m
[0mGET /api/website/relatedProduct?productId=5831&slug=bangles-for-women-metal-red-chura [32m200[0m 66.347 ms - 9185[0m
[0mGET /api/website/category/list [36m304[0m 39.705 ms - -[0m
[0mGET /api/website/category/list [36m304[0m 18.276 ms - -[0m
[0mGET /api/website/product/detail?productId=6381&slug=naviforce-nf5017-luxury-women-fashion-stainless-steel-waterproof-wrist-watch-for-women-with-rhinestone-relogio-feminino [32m200[0m 90.129 ms - 4098[0m
[0mGET /api/website/relatedProduct?productId=6381&slug=naviforce-nf5017-luxury-women-fashion-stainless-steel-waterproof-wrist-watch-for-women-with-rhinestone-relogio-feminino [32m200[0m 91.317 ms - 4588[0m
[0mGET /api/website/category/list [36m304[0m 15.627 ms - -[0m
[0mGET /api/website/category/list [36m304[0m 14.228 ms - -[0m
[0mGET /api/website/product/detail?productId=6379&slug=naviforce-nf5016-womens-shiny-star-stainless-steel-elegant-quartz-watch [32m200[0m 66.068 ms - 3811[0m
[0mGET /api/website/relatedProduct?productId=6379&slug=naviforce-nf5016-womens-shiny-star-stainless-steel-elegant-quartz-watch [32m200[0m 68.377 ms - 4588[0m
[0mGET /api/website/category/list [36m304[0m 16.062 ms - -[0m
[0mGET /api/website/category/list [36m304[0m 14.882 ms - -[0m
[0mGET /api/website/product/detail?productId=6378&slug=naviforce-nf5011-noble-series-elegant-ladies-watch-for-women-greyrosegold [32m200[0m 64.618 ms - 4027[0m
[0mGET /api/website/relatedProduct?productId=6378&slug=naviforce-nf5011-noble-series-elegant-ladies-watch-for-women-greyrosegold [32m200[0m 65.235 ms - 4588[0m
[0mGET /api/website/category/list [36m304[0m 18.562 ms - -[0m
[0mGET /api/website/product/detail?productId=6377&slug=naviforce-nf5013-luxury-brand-ladies-watch-fashion-creative-3d-rose-women-business-wrist-watch [32m200[0m 97.503 ms - 5813[0m
[0mGET /api/website/category/list [36m304[0m 74.347 ms - -[0m
[0mGET /api/website/relatedProduct?productId=6377&slug=naviforce-nf5013-luxury-brand-ladies-watch-fashion-creative-3d-rose-women-business-wrist-watch [32m200[0m 98.489 ms - 4588[0m
[0mGET /api/website/category/list [36m304[0m 17.064 ms - -[0m
[0mGET /api/website/category/list [36m304[0m 14.659 ms - -[0m
[0mGET /api/website/product/detail?productId=6376&slug=naviforce-nf3008sw-top-luxury-day-date-function-luxury-analog-couple-watch-black [32m200[0m 65.397 ms - 3574[0m
[0mGET /api/website/relatedProduct?productId=6376&slug=naviforce-nf3008sw-top-luxury-day-date-function-luxury-analog-couple-watch-black [32m200[0m 66.245 ms - 4588[0m
[0mGET /api/website/category/list [36m304[0m 10.853 ms - -[0m
[0mGET /api/website/category/list [36m304[0m 14.949 ms - -[0m
[0mGET /api/website/product/detail?productId=6375&slug=naviforce-nf3008sw-top-luxury-day-date-function-luxury-analog-couple-watch-white [32m200[0m 56.530 ms - 3569[0m
[0mGET /api/website/relatedProduct?productId=6375&slug=naviforce-nf3008sw-top-luxury-day-date-function-luxury-analog-couple-watch-white [32m200[0m 56.767 ms - 4588[0m
[0mGET /api/website/category/list [36m304[0m 11.235 ms - -[0m
[0mGET /api/website/category/list [36m304[0m 9.466 ms - -[0m
[0mGET /api/website/product/detail?productId=6374&slug=naviforce-nf3008g-top-luxury-day-date-function-luxury-analog-couple-watch-yellow [32m200[0m 51.261 ms - 3674[0m
[0mGET /api/website/relatedProduct?productId=6374&slug=naviforce-nf3008g-top-luxury-day-date-function-luxury-analog-couple-watch-yellow [32m200[0m 54.456 ms - 4588[0m
[0mGET /api/website/category/list [36m304[0m 11.984 ms - -[0m
[0mGET /api/website/category/list [36m304[0m 12.604 ms - -[0m
[0mGET /api/website/product/detail?productId=6373&slug=naviforce-nf3008-top-luxury-day-date-function-luxury-analog-couple-watch-coffee [32m200[0m 64.253 ms - 3997[0m
[0mGET /api/website/relatedProduct?productId=6373&slug=naviforce-nf3008-top-luxury-day-date-function-luxury-analog-couple-watch-coffee [32m200[0m 64.809 ms - 4588[0m
[0mGET /api/website/category/list [36m304[0m 14.010 ms - -[0m
[0mGET /api/website/category/list [36m304[0m 14.959 ms - -[0m
[0mGET /api/website/product/detail?productId=6368&slug=naviforce-nf5001s-stainless-steel-mesh-date-function-luxury-watch-for-women [32m200[0m 51.868 ms - 1985[0m
[0mGET /api/website/relatedProduct?productId=6368&slug=naviforce-nf5001s-stainless-steel-mesh-date-function-luxury-watch-for-women [32m200[0m 56.538 ms - 4588[0m
[0mGET /api/website/category/list [36m304[0m 31.179 ms - -[0m
[0mGET /api/website/category/list [36m304[0m 33.406 ms - -[0m
[0mGET /api/website/product/detail?productId=6270&slug=synthetic-designer-saree [32m200[0m 82.377 ms - 1703[0m
[0mGET /api/website/relatedProduct?productId=6270&slug=synthetic-designer-saree [32m200[0m 82.533 ms - 594[0m
[0mGET /api/website/category/list [36m304[0m 22.846 ms - -[0m
[0mGET /api/website/category/list [36m304[0m 14.197 ms - -[0m
[0mGET /api/website/product/detail?productId=6219&slug=designer-synthetic-saree [32m200[0m 62.702 ms - 1651[0m
[0mGET /api/website/relatedProduct?productId=6219&slug=designer-synthetic-saree [32m200[0m 65.423 ms - 594[0m
[0mGET /api/website/category/list [36m304[0m 18.838 ms - -[0m
[0mGET /api/website/category/list [36m304[0m 16.480 ms - -[0m
[0mGET /api/website/relatedProduct?productId=6114&slug=pamacare-inhaler-05ml [32m200[0m 66.065 ms - 925[0m
[0mGET /api/website/product/detail?productId=6114&slug=pamacare-inhaler-05ml [32m200[0m 68.298 ms - 1622[0m
[0mGET /api/website/category/list [36m304[0m 20.516 ms - -[0m
[0mGET /api/website/category/list [36m304[0m 16.737 ms - -[0m
[0mGET /api/website/product/detail?productId=6100&slug=w15-smart-watch [32m200[0m 129.946 ms - 5838[0m
[0mGET /api/website/relatedProduct?productId=6100&slug=w15-smart-watch [32m200[0m 131.222 ms - 4588[0m
[0mGET /api/website/category/list [36m304[0m 19.973 ms - -[0m
[0mGET /api/website/category/list [36m304[0m 22.215 ms - -[0m
[0mGET /api/website/product/detail?productId=5967&slug=black-abaya-with-dupata [32m200[0m 66.862 ms - 1809[0m
[0mGET /api/website/relatedProduct?productId=5967&slug=black-abaya-with-dupata [32m200[0m 69.086 ms - 3615[0m
[0mGET /api/website/category/list [36m304[0m 12.434 ms - -[0m
[0mGET /api/website/category/list [36m304[0m 14.023 ms - -[0m
[0mGET /api/website/product/detail?productId=5966&slug=black-color-burka-for-women-with-dupata [32m200[0m 45.824 ms - 2128[0m
[0mGET /api/website/relatedProduct?productId=5966&slug=black-color-burka-for-women-with-dupata [32m200[0m 48.507 ms - 3615[0m
[0mGET /api/website/category/list [36m304[0m 13.275 ms - -[0m
[0mGET /api/website/category/list [36m304[0m 15.941 ms - -[0m
[0mGET /api/website/product/detail?productId=5965&slug=turkish-design-abaya-for-women [32m200[0m 49.473 ms - 2228[0m
[0mGET /api/website/relatedProduct?productId=5965&slug=turkish-design-abaya-for-women [32m200[0m 54.366 ms - 3615[0m
[0mGET /api/website/category/list [36m304[0m 15.012 ms - -[0m
[0mGET /api/website/category/list [36m304[0m 12.290 ms - -[0m
[0mGET /api/website/product/detail?productId=5964&slug=chinese-design-brown-abaya-for-women [32m200[0m 61.271 ms - 2072[0m
[0mGET /api/website/relatedProduct?productId=5964&slug=chinese-design-brown-abaya-for-women [32m200[0m 63.650 ms - 3615[0m
[0mGET /api/website/category/list [36m304[0m 13.174 ms - -[0m
[0mGET /api/website/category/list [36m304[0m 19.239 ms - -[0m
[0mGET /api/website/product/detail?productId=5963&slug=new-modern-stylish-crystal-fabric-abaya-for-lady [32m200[0m 58.110 ms - 2365[0m
[0mGET /api/website/relatedProduct?productId=5963&slug=new-modern-stylish-crystal-fabric-abaya-for-lady [32m200[0m 57.390 ms - 3615[0m
[0mGET /api/website/category/list [36m304[0m 12.119 ms - -[0m
[0mGET /api/website/category/list [36m304[0m 11.315 ms - -[0m
[0mGET /api/website/product/detail?productId=5962&slug=stylish-crystal-black-fabric-abaya-for-lady [32m200[0m 57.121 ms - 2449[0m
[0mGET /api/website/relatedProduct?productId=5962&slug=stylish-crystal-black-fabric-abaya-for-lady [32m200[0m 57.575 ms - 3615[0m
[0mGET /api/website/category/list [36m304[0m 14.770 ms - -[0m
[0mGET /api/website/category/list [36m304[0m 15.059 ms - -[0m
[0mGET /api/website/product/detail?productId=5961&slug=stylish-crystal-fabric-abaya-for-lad [32m200[0m 67.129 ms - 2130[0m
[0mGET /api/website/relatedProduct?productId=5961&slug=stylish-crystal-fabric-abaya-for-lad [32m200[0m 67.474 ms - 3615[0m
[0mGET /api/website/category/list [36m304[0m 15.012 ms - -[0m
[0mGET /api/website/category/list [36m304[0m 23.256 ms - -[0m
[0mGET /api/website/product/detail?productId=5960&slug=modern-crystal-fabric-naqab-for-lady [32m200[0m 49.798 ms - 2204[0m
[0mGET /api/website/relatedProduct?productId=5960&slug=modern-crystal-fabric-naqab-for-lady [32m200[0m 58.187 ms - 3615[0m
[0mGET /api/website/category/list [36m304[0m 19.681 ms - -[0m
[0mGET /api/website/category/list [36m304[0m 17.298 ms - -[0m
[0mGET /api/website/product/detail?productId=5959&slug=stylish-crystal-fabric-naqab-for-lady [32m200[0m 68.854 ms - 1919[0m
[0mGET /api/website/relatedProduct?productId=5959&slug=stylish-crystal-fabric-naqab-for-lady [32m200[0m 68.829 ms - 3615[0m
[0mGET /api/website/category/list [36m304[0m 11.701 ms - -[0m
[0mGET /api/website/category/list [36m304[0m 9.474 ms - -[0m
[0mGET /api/website/product/detail?productId=5958&slug=crystal-fabric-naqab-for-kid [32m200[0m 46.936 ms - 2067[0m
[0mGET /api/website/relatedProduct?productId=5958&slug=crystal-fabric-naqab-for-kid [32m200[0m 52.996 ms - 3615[0m
[0mGET /api/website/category/list [36m304[0m 16.474 ms - -[0m
[0mGET /api/website/category/list [36m304[0m 14.002 ms - -[0m
[0mGET /api/website/relatedProduct?productId=5957&slug=golden-plate-neckless [32m200[0m 64.683 ms - 249[0m
[0mGET /api/website/product/detail?productId=5957&slug=golden-plate-neckless [32m200[0m 65.903 ms - 62[0m
[0mGET /api/website/category/list [36m304[0m 12.845 ms - -[0m
[0mGET /api/website/category/list [36m304[0m 11.333 ms - -[0m
[0mGET /api/website/product/detail?productId=5932&slug=abaya-dubai-design-white-naquab [32m200[0m 57.687 ms - 2289[0m
[0mGET /api/website/relatedProduct?productId=5932&slug=abaya-dubai-design-white-naquab [32m200[0m 57.584 ms - 3615[0m
[0mGET /api/website/category/list [36m304[0m 13.569 ms - -[0m
[0mGET /api/website/category/list [36m304[0m 22.139 ms - -[0m
[0mGET /api/website/product/detail?productId=5915&slug=pure-pashmina-kurta-surwal-shawl-unstitched-suit-sinduri-red [32m200[0m 47.526 ms - 1651[0m
[0mGET /api/website/relatedProduct?productId=5915&slug=pure-pashmina-kurta-surwal-shawl-unstitched-suit-sinduri-red [32m200[0m 60.160 ms - 3594[0m
