[0mGET /api/website/image/banner?type=0 [36m304[0m 68.338 ms - -[0m
[0mGET /api/website/popular/category-list [36m304[0m 47.583 ms - -[0m
[0mGET /api/website/product/new-arrival [36m304[0m 56.502 ms - -[0m
[0mGET /api/website/product/men-fashion [36m304[0m 80.404 ms - -[0m
[0mGET /api/website/product/women-fashion [36m304[0m 90.856 ms - -[0m
[0mGET /api/website/product/home-kitchen [36m304[0m 82.367 ms - -[0m
[0mGET /api/website/catalog/category/search?queryString=diamond [32m200[0m 66.114 ms - 788[0m
[0mGET /api/website/catalog/product/search?filter_category=diamond [32m200[0m 103.270 ms - 12706[0m
[0mGET /api/website/product/detail?productId=5803&slug=diamond-tv-indicator-blank-plate-1-module [32m200[0m 119.298 ms - 2853[0m
[0mGET /api/website/relatedProduct?productId=5803&slug=diamond-tv-indicator-blank-plate-1-module [32m200[0m 117.968 ms - 2095[0m
[0mGET /api/website/product/detail?productId=5789&slug=diamond-edge-10a20a-switches-1-module [32m200[0m 79.625 ms - 2788[0m
[0mGET /api/website/relatedProduct?productId=5789&slug=diamond-edge-10a20a-switches-1-module [32m200[0m 78.659 ms - 2095[0m
[0mGET /api/website/image/banner?type=0 [36m304[0m 11.441 ms - -[0m
[0mGET /api/website/popular/category-list [36m304[0m 21.342 ms - -[0m
[0mGET /api/website/product/women-fashion [36m304[0m 57.985 ms - -[0m
[0mGET /api/website/product/home-kitchen [36m304[0m 59.665 ms - -[0m
[0mGET /api/website/product/men-fashion [36m304[0m 58.046 ms - -[0m
[0mGET /api/website/product/new-arrival [36m304[0m 57.829 ms - -[0m
[0mGET /api/website/product/detail?productId=6378&slug=naviforce-nf5011-noble-series-elegant-ladies-watch-for-women-greyrosegold [32m200[0m 100.295 ms - 4027[0m
[0mGET /api/website/relatedProduct?productId=6378&slug=naviforce-nf5011-noble-series-elegant-ladies-watch-for-women-greyrosegold [32m200[0m 100.148 ms - 4588[0m
[0mGET /api/website/category/list [36m304[0m 33.230 ms - -[0m
[0mGET /api/website/catalog/category/search?queryString=Rain%20enterprises [32m200[0m 34.246 ms - 62[0m
[0mGET /api/website/catalog/product/search?filter_category=Rain%20enterprises [32m200[0m 88.779 ms - 16740[0m
[0mGET /api/website/catalog/product/search?filter_category=Rain%20enterprises [36m304[0m 90.766 ms - -[0m
[0mGET /api/website/catalog/product/search?filter_category=Rain%20enterprises [36m304[0m 61.860 ms - -[0m
[0mGET /api/website/catalog/product/search?filter_category=Rain%20enterprises&page=2 [32m200[0m 81.490 ms - 3559[0m
[0mGET /api/website/catalog/product/search?filter_category=Rain%20enterprises&page=2 [36m304[0m 45.590 ms - -[0m
[0mGET /api/website/catalog/product/search?filter_category=Rain%20enterprises&page=2 [36m304[0m 80.868 ms - -[0m
[0mGET /api/website/catalog/product/search?filter_category=Rain%20enterprises&page=2 [36m304[0m 50.219 ms - -[0m
[0mGET /api/website/product/detail?productId=6130&slug=original-viral-sunisa-cream [32m200[0m 82.750 ms - 1936[0m
[0mGET /api/website/relatedProduct?productId=6130&slug=original-viral-sunisa-cream [32m200[0m 82.396 ms - 11518[0m
[0mGET /api/website/image/banner?type=0 [36m304[0m 12.016 ms - -[0m
[0mGET /api/website/popular/category-list [36m304[0m 21.275 ms - -[0m
[0mGET /api/website/product/home-kitchen [36m304[0m 67.274 ms - -[0m
[0mGET /api/website/product/new-arrival [36m304[0m 67.226 ms - -[0m
[0mGET /api/website/product/women-fashion [36m304[0m 68.460 ms - -[0m
[0mGET /api/website/product/men-fashion [36m304[0m 68.359 ms - -[0m
[0mOPTIONS /api/customer/getUserByEmailId [32m204[0m 1.590 ms - 0[0m
[0mOPTIONS /api/customer/getUserByEmailId [32m204[0m 0.668 ms - 0[0m
[0mGET /api/website/image/banner?type=0 [36m304[0m 45.879 ms - -[0m
[0mGET /api/website/category/list [32m200[0m 72.653 ms - 24410[0m
[0mGET /api/website/popular/category-list [32m200[0m 63.345 ms - 8117[0m
[0mGET /api/customer/getUserByEmailId [33m403[0m 6.663 ms - 36[0m
[0mGET /api/website/product/home-kitchen [32m200[0m 125.633 ms - 15246[0m
[0mGET /api/website/product/men-fashion [32m200[0m 122.178 ms - 15254[0m
[0mGET /api/website/product/women-fashion [32m200[0m 135.500 ms - 17554[0m
[0mGET /api/website/product/new-arrival [32m200[0m 118.208 ms - 9475[0m
[0mGET /api/customer/getUserByEmailId [33m403[0m 37.309 ms - 36[0m
[0mGET /api/website/autosuggest/search?limit=5&query=b [32m200[0m 127.090 ms - 187345[0m
[0mGET /api/website/autosuggest/search?limit=5&query=br [32m200[0m 49.994 ms - 27571[0m
[0mGET /api/website/image/banner?type=0 [36m304[0m 21.612 ms - -[0m
[0mGET /api/website/category/list [36m304[0m 73.243 ms - -[0m
[0mGET /api/website/popular/category-list [36m304[0m 73.350 ms - -[0m
[0mGET /api/website/product/new-arrival [36m304[0m 72.849 ms - -[0m
[0mGET /api/website/product/home-kitchen [36m304[0m 121.299 ms - -[0m
[0mGET /api/website/product/women-fashion [36m304[0m 119.099 ms - -[0m
[0mGET /api/website/product/men-fashion [36m304[0m 122.088 ms - -[0m
[0mGET /api/website/autosuggest/search?limit=5&query=b [32m200[0m 43.482 ms - 33332[0m
[0mGET /api/website/autosuggest/search?limit=5&query=br [32m200[0m 27.133 ms - 1490[0m
[0mGET /api/website/autosuggest/search?limit=5&query=bra [32m200[0m 21.964 ms - 133[0m
[0mGET /api/website/autosuggest/search?limit=5&query=br [36m304[0m 20.466 ms - -[0m
[0mGET /api/website/autosuggest/search?limit=5&query=b [36m304[0m 53.554 ms - -[0m
[0mGET /api/website/autosuggest/search?limit=5&query=m [32m200[0m 38.318 ms - 18198[0m
[0mGET /api/website/autosuggest/search?limit=5&query=me [32m200[0m 32.138 ms - 4620[0m
[0mGET /api/website/autosuggest/search?limit=5&query=men [32m200[0m 21.808 ms - 1927[0m
[0mGET /api/website/catalog/category/search?queryString=men-fashion [32m200[0m 86.573 ms - 2770[0m
[0mGET /api/website/catalog/product/search?filter_category=men-fashion%20 [32m200[0m 144.200 ms - 12755[0m
[0mGET /api/website/image/banner?type=0 [36m304[0m 22.979 ms - -[0m
[0mGET /api/website/popular/category-list [36m304[0m 25.594 ms - -[0m
[0mGET /api/website/product/home-kitchen [36m304[0m 76.967 ms - -[0m
[0mGET /api/website/product/men-fashion [36m304[0m 76.402 ms - -[0m
[0mGET /api/website/product/new-arrival [36m304[0m 69.784 ms - -[0m
[0mGET /api/website/product/women-fashion [36m304[0m 77.946 ms - -[0m
[0mGET /api/website/image/banner?type=0 [36m304[0m 21.509 ms - -[0m
[0mGET /api/website/category/list [36m304[0m 61.738 ms - -[0m
[0mGET /api/website/popular/category-list [36m304[0m 58.346 ms - -[0m
[0mGET /api/website/product/new-arrival [36m304[0m 104.726 ms - -[0m
[0mGET /api/website/product/home-kitchen [36m304[0m 110.796 ms - -[0m
[0mGET /api/website/product/women-fashion [36m304[0m 109.294 ms - -[0m
[0mGET /api/website/product/men-fashion [36m304[0m 107.341 ms - -[0m
[0mGET /api/website/autosuggest/search?limit=5&query=b [36m304[0m 72.382 ms - -[0m
[0mGET /api/website/autosuggest/search?limit=5&query=br [36m304[0m 35.647 ms - -[0m
[0mGET /api/website/autosuggest/search?limit=5&query=bra [36m304[0m 18.353 ms - -[0m
[0mGET /api/website/catalog/category/search?queryString=bra [32m200[0m 42.459 ms - 1839[0m
[0mGET /api/website/catalog/product/search?filter_category=bra%20 [32m200[0m 92.298 ms - 2427[0m
[0mGET /api/website/image/banner?type=0 [36m304[0m 39.019 ms - -[0m
[0mGET /api/website/popular/category-list [36m304[0m 41.615 ms - -[0m
[0mGET /api/website/product/new-arrival [36m304[0m 58.298 ms - -[0m
[0mGET /api/website/product/home-kitchen [36m304[0m 86.409 ms - -[0m
[0mGET /api/website/product/men-fashion [36m304[0m 84.908 ms - -[0m
[0mGET /api/website/product/women-fashion [36m304[0m 87.675 ms - -[0m
[0mGET /api/website/image/banner?type=0 [32m200[0m 14.384 ms - 152[0m
[0mGET /api/website/category/list [32m200[0m 45.371 ms - 24410[0m
[0mGET /api/website/popular/category-list [32m200[0m 51.526 ms - 8117[0m
[0mGET /api/website/product/new-arrival [32m200[0m 64.003 ms - 9475[0m
[0mGET /api/website/product/men-fashion [32m200[0m 140.337 ms - 15254[0m
[0mGET /api/website/product/women-fashion [32m200[0m 141.024 ms - 17554[0m
[0mGET /api/website/product/home-kitchen [32m200[0m 141.616 ms - 15246[0m
[0mGET /api/website/image/banner?type=1 [36m304[0m 48.413 ms - -[0m
[0mGET /api/website/popular/category-list [36m304[0m 47.959 ms - -[0m
[0mGET /api/website/category/list [36m304[0m 65.412 ms - -[0m
[0mGET /api/website/product/new-arrival [36m304[0m 73.220 ms - -[0m
[0mGET /api/website/category/list [36m304[0m 57.981 ms - -[0m
[0mGET /api/website/product/men-fashion [36m304[0m 112.264 ms - -[0m
[0mGET /api/website/product/women-fashion [36m304[0m 110.558 ms - -[0m
[0mGET /api/website/product/home-kitchen [36m304[0m 62.643 ms - -[0m
[0mGET /api/website/image/banner?type=1 [32m200[0m 7.765 ms - 240[0m
[0mGET /api/website/category/list [32m200[0m 24.534 ms - 24410[0m
[0mGET /api/website/popular/category-list [32m200[0m 25.210 ms - 8117[0m
[0mGET /api/website/category/list [36m304[0m 43.005 ms - -[0m
[0mGET /api/website/product/women-fashion [32m200[0m 69.964 ms - 17554[0m
[0mGET /api/website/product/home-kitchen [32m200[0m 71.654 ms - 15246[0m
[0mGET /api/website/product/new-arrival [32m200[0m 66.545 ms - 9475[0m
[0mGET /api/website/product/men-fashion [32m200[0m 71.165 ms - 15254[0m
[0mGET /api/website/image/banner?type=0 [36m304[0m 72.227 ms - -[0m
[0mGET /api/website/popular/category-list [36m304[0m 57.198 ms - -[0m
[0mGET /api/website/category/list [36m304[0m 62.442 ms - -[0m
[0mGET /api/website/product/new-arrival [36m304[0m 58.601 ms - -[0m
[0mGET /api/website/product/home-kitchen [36m304[0m 94.256 ms - -[0m
[0mGET /api/website/product/men-fashion [36m304[0m 94.402 ms - -[0m
[0mGET /api/website/product/women-fashion [36m304[0m 35.165 ms - -[0m
[0mGET /api/website/category/list [36m304[0m 46.701 ms - -[0m
[0mGET /api/website/catalog/category/search?queryString=ice-cream [32m200[0m 65.410 ms - 772[0m
[0mGET /api/website/catalog/product/search?filter_category=ice-cream [32m200[0m 110.169 ms - 1194[0m
[0mGET /api/website/autosuggest/search?limit=5&query=b [36m304[0m 54.246 ms - -[0m
[0mGET /api/website/autosuggest/search?limit=5&query=s [32m200[0m 53.794 ms - 40328[0m
[0mGET /api/website/autosuggest/search?limit=5&query=sh [32m200[0m 29.845 ms - 2430[0m
[0mGET /api/website/autosuggest/search?limit=5&query=shi [32m200[0m 29.433 ms - 1371[0m
[0mGET /api/website/autosuggest/search?limit=5&query=shir [32m200[0m 29.364 ms - 49[0m
[0mGET /api/website/autosuggest/search?limit=5&query=shirt [32m200[0m 22.677 ms - 49[0m
[0mGET /api/website/autosuggest/search?limit=5&query=shir [36m304[0m 25.159 ms - -[0m
[0mGET /api/website/autosuggest/search?limit=5&query=shi [36m304[0m 23.666 ms - -[0m
[0mGET /api/website/autosuggest/search?limit=5&query=sh [36m304[0m 23.543 ms - -[0m
[0mGET /api/website/catalog/category/search?queryString=shampoo [32m200[0m 47.289 ms - 1709[0m
[0mGET /api/website/catalog/product/search?filter_category=shampoo%20 [32m200[0m 94.608 ms - 15771[0m
[0mGET /api/website/catalog/product/search?filter_category=shampoo%20 [36m304[0m 39.818 ms - -[0m
[0mGET /api/website/category/list [36m304[0m 30.266 ms - -[0m
[0mGET /api/website/catalog/category/search?queryString=shampoo [36m304[0m 58.974 ms - -[0m
[0mGET /api/website/catalog/product/search?filter_category=shampoo [32m200[0m 89.298 ms - 15771[0m
[0mGET /api/website/image/banner?type=0 [36m304[0m 12.001 ms - -[0m
[0mGET /api/website/popular/category-list [36m304[0m 18.836 ms - -[0m
[0mGET /api/website/product/home-kitchen [36m304[0m 52.501 ms - -[0m
[0mGET /api/website/product/men-fashion [36m304[0m 50.518 ms - -[0m
[0mGET /api/website/product/women-fashion [36m304[0m 51.911 ms - -[0m
[0mGET /api/website/product/new-arrival [36m304[0m 50.199 ms - -[0m
[0mGET /api/website/catalog/category/search?queryString=envy [36m304[0m 46.787 ms - -[0m
[0mGET /api/website/catalog/product/search?filter_category=envy [36m304[0m 92.978 ms - -[0m
[0mGET /api/website/relatedProduct?productId=5061&slug=envy-luv-perfume-deodorant-spray-women-120ml [32m200[0m 65.409 ms - 3699[0m
[0mGET /api/website/product/detail?productId=5061&slug=envy-luv-perfume-deodorant-spray-women-120ml [32m200[0m 85.806 ms - 1063[0m
[0mGET /api/website/image/banner?type=0 [36m304[0m 10.970 ms - -[0m
[0mGET /api/website/popular/category-list [36m304[0m 20.095 ms - -[0m
[0mGET /api/website/product/new-arrival [36m304[0m 58.012 ms - -[0m
[0mGET /api/website/product/home-kitchen [36m304[0m 60.431 ms - -[0m
[0mGET /api/website/product/men-fashion [36m304[0m 59.747 ms - -[0m
[0mGET /api/website/product/women-fashion [36m304[0m 61.397 ms - -[0m
[0mOPTIONS /api/auth/rootLogin [32m204[0m 1.659 ms - 0[0m
[0mPOST /api/auth/rootLogin [32m200[0m 269.076 ms - 211[0m
[0mOPTIONS /api/order/notifications [32m204[0m 0.526 ms - 0[0m
[0mOPTIONS /api/order/list [32m204[0m 0.258 ms - 0[0m
[0mOPTIONS /api/order/count [32m204[0m 0.137 ms - 0[0m
[0mGET /api/order/count [36m304[0m 13.561 ms - -[0m
[0mPOST /api/order/list [32m200[0m 26.058 ms - 10995[0m
[0mGET /api/order/notifications [36m304[0m 60.495 ms - -[0m
[0mOPTIONS /api/order/notifications [32m204[0m 2.740 ms - 0[0m
[0mOPTIONS /api/order/list [32m204[0m 0.546 ms - 0[0m
[0mOPTIONS /api/order/count [32m204[0m 0.177 ms - 0[0m
[0mGET /api/order/count [36m304[0m 29.368 ms - -[0m
[0mPOST /api/order/list [32m200[0m 39.572 ms - 10995[0m
[0mGET /api/order/notifications [36m304[0m 53.562 ms - -[0m
[0mOPTIONS /api/order/notifications [32m204[0m 3.995 ms - 0[0m
[0mOPTIONS /api/order/list [32m204[0m 0.530 ms - 0[0m
[0mOPTIONS /api/order/count [32m204[0m 0.254 ms - 0[0m
[0mGET /api/order/count [32m200[0m 27.357 ms - 196[0m
[0mPOST /api/order/list [32m200[0m 64.277 ms - 10995[0m
[0mGET /api/order/notifications [32m200[0m 76.712 ms - 36[0m
[0mOPTIONS /api/order/notifications [32m204[0m 4.187 ms - 0[0m
[0mOPTIONS /api/order/list [32m204[0m 0.263 ms - 0[0m
[0mOPTIONS /api/order/count [32m204[0m 0.337 ms - 0[0m
[0mGET /api/order/count [36m304[0m 17.576 ms - -[0m
[0mPOST /api/order/list [32m200[0m 38.065 ms - 10995[0m
[0mGET /api/order/notifications [36m304[0m 41.388 ms - -[0m
[0mOPTIONS /api/order/notifications [32m204[0m 0.315 ms - 0[0m
[0mOPTIONS /api/order/list [32m204[0m 0.229 ms - 0[0m
[0mOPTIONS /api/order/count [32m204[0m 0.147 ms - 0[0m
[0mGET /api/order/count [32m200[0m 7.337 ms - 196[0m
[0mPOST /api/order/list [32m200[0m 21.492 ms - 10995[0m
[0mGET /api/order/notifications [32m200[0m 31.630 ms - 36[0m
[0mOPTIONS /api/order/notifications [32m204[0m 1.282 ms - 0[0m
[0mOPTIONS /api/order/list [32m204[0m 0.237 ms - 0[0m
[0mOPTIONS /api/order/count [32m204[0m 0.644 ms - 0[0m
[0mGET /api/order/count [36m304[0m 18.534 ms - -[0m
[0mPOST /api/order/list [32m200[0m 34.130 ms - 10995[0m
[0mGET /api/order/notifications [36m304[0m 35.861 ms - -[0m
[0mGET /api/order/count [36m304[0m 10.712 ms - -[0m
[0mPOST /api/order/list [32m200[0m 38.037 ms - 10995[0m
[0mGET /api/order/notifications [36m304[0m 44.239 ms - -[0m
[0mOPTIONS /api/order/notifications [32m204[0m 0.224 ms - 0[0m
[0mOPTIONS /api/order/list [32m204[0m 0.121 ms - 0[0m
[0mOPTIONS /api/order/count [32m204[0m 0.534 ms - 0[0m
[0mGET /api/order/count [32m200[0m 7.016 ms - 196[0m
[0mPOST /api/order/list [32m200[0m 17.039 ms - 10995[0m
[0mGET /api/order/notifications [32m200[0m 21.825 ms - 36[0m
[0mOPTIONS /api/order/notifications [32m204[0m 1.343 ms - 0[0m
[0mOPTIONS /api/order/list [32m204[0m 0.188 ms - 0[0m
[0mOPTIONS /api/order/count [32m204[0m 0.156 ms - 0[0m
[0mGET /api/order/count [36m304[0m 14.313 ms - -[0m
[0mPOST /api/order/list [32m200[0m 35.310 ms - 10995[0m
[0mGET /api/order/notifications [36m304[0m 114.173 ms - -[0m
[0mOPTIONS /api/order/notifications [32m204[0m 0.371 ms - 0[0m
[0mOPTIONS /api/order/list [32m204[0m 0.132 ms - 0[0m
[0mOPTIONS /api/order/count [32m204[0m 0.162 ms - 0[0m
[0mGET /api/order/count [32m200[0m 4.691 ms - 196[0m
[0mPOST /api/order/list [32m200[0m 14.380 ms - 10995[0m
[0mGET /api/order/notifications [32m200[0m 19.122 ms - 36[0m
[0mOPTIONS /api/order/notifications [32m204[0m 0.976 ms - 0[0m
[0mOPTIONS /api/order/list [32m204[0m 0.258 ms - 0[0m
[0mOPTIONS /api/order/count [32m204[0m 0.219 ms - 0[0m
[0mGET /api/order/count [36m304[0m 21.041 ms - -[0m
[0mPOST /api/order/list [32m200[0m 33.205 ms - 10995[0m
[0mGET /api/order/notifications [36m304[0m 38.166 ms - -[0m
[0mOPTIONS /api/order/notifications [32m204[0m 1.002 ms - 0[0m
[0mOPTIONS /api/order/list [32m204[0m 0.183 ms - 0[0m
[0mOPTIONS /api/order/count [32m204[0m 0.197 ms - 0[0m
[0mGET /api/order/count [36m304[0m 10.042 ms - -[0m
[0mPOST /api/order/list [32m200[0m 24.034 ms - 10995[0m
[0mGET /api/order/notifications [36m304[0m 38.664 ms - -[0m
[0mOPTIONS /api/order/notifications [32m204[0m 0.264 ms - 0[0m
[0mOPTIONS /api/order/list [32m204[0m 0.153 ms - 0[0m
[0mOPTIONS /api/order/count [32m204[0m 0.163 ms - 0[0m
[0mGET /api/order/count [32m200[0m 4.678 ms - 196[0m
[0mPOST /api/order/list [32m200[0m 13.959 ms - 10995[0m
[0mGET /api/order/notifications [32m200[0m 17.593 ms - 36[0m
[0mOPTIONS /api/order/notifications [32m204[0m 2.381 ms - 0[0m
[0mOPTIONS /api/order/list [32m204[0m 0.140 ms - 0[0m
[0mOPTIONS /api/order/count [32m204[0m 0.151 ms - 0[0m
[0mGET /api/order/count [36m304[0m 21.276 ms - -[0m
[0mPOST /api/order/list [32m200[0m 40.451 ms - 10995[0m
[0mGET /api/order/notifications [36m304[0m 41.609 ms - -[0m
[0mOPTIONS /api/order/notifications [32m204[0m 0.282 ms - 0[0m
[0mGET /api/order/notifications [36m304[0m 12.420 ms - -[0m
[0mOPTIONS /api/order/notifications [32m204[0m 1.213 ms - 0[0m
[0mOPTIONS /api/product/color/list [32m204[0m 0.184 ms - 0[0m
[0mPOST /api/product/color/list [32m200[0m 20.969 ms - 2920[0m
[0mGET /api/order/notifications [36m304[0m 22.498 ms - -[0m
[0mGET /api/order/notifications [36m304[0m 20.665 ms - -[0m
[0mOPTIONS /api/order/notifications [32m204[0m 0.233 ms - 0[0m
[0mOPTIONS /api/product/color/list [32m204[0m 0.123 ms - 0[0m
[0mPOST /api/product/color/list [32m200[0m 7.285 ms - 2920[0m
[0mOPTIONS /api/product/color/list [32m204[0m 0.343 ms - 0[0m
[0mPOST /api/product/color/list [32m200[0m 6.899 ms - 2902[0m
[0mOPTIONS /api/order/notifications [32m204[0m 0.237 ms - 0[0m
[0mOPTIONS /api/location/city/list [32m204[0m 0.512 ms - 0[0m
[0mGET /api/order/notifications [36m304[0m 17.967 ms - -[0m
[0mGET /api/location/city/list [32m200[0m 26.071 ms - 302[0m
[0mOPTIONS /api/location/list [32m204[0m 0.348 ms - 0[0m
[0mGET /api/location/list [32m200[0m 4.551 ms - 1949[0m
[0mGET /api/order/notifications [36m304[0m 18.267 ms - -[0m
[0mOPTIONS /api/order/notifications [32m204[0m 0.257 ms - 0[0m
[0mOPTIONS /api/location/city/list [32m204[0m 0.115 ms - 0[0m
[0mOPTIONS /api/order/notifications [32m204[0m 1.131 ms - 0[0m
[0mOPTIONS /api/location/city/list [32m204[0m 0.159 ms - 0[0m
[0mGET /api/location/city/list [36m304[0m 13.778 ms - -[0m
[0mGET /api/order/notifications [36m304[0m 32.144 ms - -[0m
[0mGET /api/order/notifications [36m304[0m 14.435 ms - -[0m
[0mOPTIONS /api/order/notifications [32m204[0m 0.238 ms - 0[0m
[0mOPTIONS /api/product/admin/banner-list [32m204[0m 0.349 ms - 0[0m
[0mGET /api/product/admin/banner-list [36m304[0m 6.247 ms - -[0m
[0mGET /api/order/notifications [36m304[0m 18.057 ms - -[0m
[0mOPTIONS /api/location/city/list [32m204[0m 0.250 ms - 0[0m
[0mGET /api/location/city/list [36m304[0m 2.181 ms - -[0m
[0mGET /api/order/notifications [36m304[0m 17.213 ms - -[0m
[0mOPTIONS /api/order/notifications [32m204[0m 0.963 ms - 0[0m
[0mOPTIONS /api/location/city/list [32m204[0m 0.150 ms - 0[0m
[0mGET /api/location/city/list [36m304[0m 12.942 ms - -[0m
[0mGET /api/order/notifications [36m304[0m 35.132 ms - -[0m
[0mGET /api/location/city/list [36m304[0m 2.205 ms - -[0m
[0mGET /api/order/notifications [36m304[0m 19.600 ms - -[0m
[0mOPTIONS /api/order/notifications [32m204[0m 0.268 ms - 0[0m
[0mOPTIONS /api/location/city/list [32m204[0m 0.125 ms - 0[0m
[0mGET /api/location/city/list [36m304[0m 4.004 ms - -[0m
[0mGET /api/order/notifications [36m304[0m 17.547 ms - -[0m
[0mOPTIONS /api/order/notifications [32m204[0m 0.993 ms - 0[0m
[0mOPTIONS /api/location/city/list [32m204[0m 0.137 ms - 0[0m
[0mGET /api/location/city/list [36m304[0m 10.680 ms - -[0m
[0mGET /api/order/notifications [36m304[0m 24.752 ms - -[0m
[0mOPTIONS /api/order/notifications [32m204[0m 0.276 ms - 0[0m
[0mOPTIONS /api/auth/user/getAllUserList?limit=20&page=1 [32m204[0m 0.240 ms - 0[0m
[0mGET /api/auth/user/getAllUserList?limit=20&page=1 [32m200[0m 9.529 ms - 7049[0m
[0mGET /api/order/notifications [36m304[0m 18.517 ms - -[0m
[0mGET /api/auth/user/getAllUserList?limit=20&page=1 [36m304[0m 6.280 ms - -[0m
[0mOPTIONS /api/auth/user/getAllUserList?limit=20&page=1 [32m204[0m 0.472 ms - 0[0m
[0mGET /api/auth/user/getAllUserList?limit=20&page=1 [36m304[0m 4.671 ms - -[0m
[0mOPTIONS /api/order/notifications [32m204[0m 0.245 ms - 0[0m
[0mOPTIONS /api/customer/list [32m204[0m 0.147 ms - 0[0m
[0mPOST /api/customer/list [32m200[0m 5.492 ms - 3671[0m
[0mGET /api/order/notifications [36m304[0m 14.348 ms - -[0m
[0mOPTIONS /api/order/notifications [32m204[0m 0.238 ms - 0[0m
[0mOPTIONS /api/seo/list [32m204[0m 0.117 ms - 0[0m
[0mPOST /api/seo/list [32m200[0m 9.765 ms - 5921[0m
[0mGET /api/order/notifications [36m304[0m 18.973 ms - -[0m
[0mOPTIONS /api/order/notifications [32m204[0m 0.967 ms - 0[0m
[0mOPTIONS /api/seo/list [32m204[0m 0.137 ms - 0[0m
[0mPOST /api/seo/list [32m200[0m 17.716 ms - 5921[0m
[0mGET /api/order/notifications [36m304[0m 22.571 ms - -[0m
[0mOPTIONS /api/order/notifications [32m204[0m 1.127 ms - 0[0m
[0mOPTIONS /api/location/city/list [32m204[0m 0.301 ms - 0[0m
[0mGET /api/location/city/list [36m304[0m 17.401 ms - -[0m
[0mGET /api/order/notifications [36m304[0m 36.347 ms - -[0m
[0mOPTIONS /api/order/notifications [32m204[0m 1.237 ms - 0[0m
[0mOPTIONS /api/location/city/list [32m204[0m 0.205 ms - 0[0m
[0mGET /api/location/city/list [36m304[0m 15.448 ms - -[0m
[0mGET /api/order/notifications [36m304[0m 43.632 ms - -[0m
[0mOPTIONS /api/order/notifications [32m204[0m 1.583 ms - 0[0m
[0mOPTIONS /api/location/city/list [32m204[0m 0.255 ms - 0[0m
[0mGET /api/location/city/list [36m304[0m 9.986 ms - -[0m
[0mGET /api/order/notifications [36m304[0m 27.146 ms - -[0m
[0mOPTIONS /api/order/notifications [32m204[0m 1.098 ms - 0[0m
[0mOPTIONS /api/location/city/list [32m204[0m 0.233 ms - 0[0m
[0mGET /api/location/city/list [36m304[0m 6.533 ms - -[0m
[0mGET /api/order/notifications [36m304[0m 36.690 ms - -[0m
[0mGET /api/location/city/list [36m304[0m 18.066 ms - -[0m
[0mGET /api/order/notifications [36m304[0m 36.346 ms - -[0m
[0mOPTIONS /api/order/notifications [32m204[0m 1.303 ms - 0[0m
[0mOPTIONS /api/location/city/list [32m204[0m 0.214 ms - 0[0m
[0mGET /api/location/city/list [36m304[0m 12.915 ms - -[0m
[0mGET /api/order/notifications [36m304[0m 37.132 ms - -[0m
[0mOPTIONS /api/order/notifications [32m204[0m 2.755 ms - 0[0m
[0mOPTIONS /api/location/city/list [32m204[0m 0.246 ms - 0[0m
[0mGET /api/location/city/list [36m304[0m 3.271 ms - -[0m
[0mGET /api/order/notifications [36m304[0m 21.854 ms - -[0m
[0mOPTIONS /api/order/notifications [32m204[0m 1.214 ms - 0[0m
[0mOPTIONS /api/location/city/list [32m204[0m 0.165 ms - 0[0m
[0mGET /api/location/city/list [36m304[0m 5.652 ms - -[0m
[0mGET /api/order/notifications [36m304[0m 19.253 ms - -[0m
[0mOPTIONS /api/order/notifications [32m204[0m 1.136 ms - 0[0m
[0mOPTIONS /api/location/city/list [32m204[0m 0.360 ms - 0[0m
[0mGET /api/location/city/list [36m304[0m 5.239 ms - -[0m
[0mGET /api/order/notifications [36m304[0m 24.945 ms - -[0m
[0mOPTIONS /api/order/notifications [32m204[0m 2.679 ms - 0[0m
[0mOPTIONS /api/location/city/list [32m204[0m 0.292 ms - 0[0m
[0mGET /api/location/city/list [36m304[0m 5.260 ms - -[0m
[0mGET /api/order/notifications [36m304[0m 19.667 ms - -[0m
[0mOPTIONS /api/order/notifications [32m204[0m 3.481 ms - 0[0m
[0mOPTIONS /api/location/city/list [32m204[0m 0.554 ms - 0[0m
[0mGET /api/location/city/list [36m304[0m 4.192 ms - -[0m
[0mGET /api/order/notifications [36m304[0m 20.579 ms - -[0m
[0mOPTIONS /api/collection/create [32m204[0m 2.238 ms - 0[0m
[0mPOST /api/collection/create [33m404[0m 7.688 ms - 28[0m
[0mOPTIONS /api/collection/create [32m204[0m 4.608 ms - 0[0m
[0mPOST /api/collection/create [31m500[0m 28.762 ms - 35[0m
[0mOPTIONS /api/collection/create [32m204[0m 3.848 ms - 0[0m
[0mPOST /api/collection/create [31m500[0m 28.254 ms - 35[0m
[0mOPTIONS /api/collection/create [32m204[0m 3.277 ms - 0[0m
[0mPOST /api/collection/create [32m200[0m 32.485 ms - 69[0m
[0mOPTIONS /api/order/notifications [32m204[0m 0.565 ms - 0[0m
[0mOPTIONS /api/location/city/list [32m204[0m 0.195 ms - 0[0m
[0mGET /api/location/city/list [36m304[0m 9.398 ms - -[0m
[0mGET /api/order/notifications [36m304[0m 37.919 ms - -[0m
[0mOPTIONS /api/order/notifications [32m204[0m 4.258 ms - 0[0m
[0mOPTIONS /api/location/city/list [32m204[0m 0.686 ms - 0[0m
[0mGET /api/location/city/list [36m304[0m 22.424 ms - -[0m
[0mGET /api/order/notifications [36m304[0m 45.152 ms - -[0m
[0mOPTIONS /api/order/notifications [32m204[0m 2.063 ms - 0[0m
[0mOPTIONS /api/location/city/list [32m204[0m 0.858 ms - 0[0m
[0mGET /api/location/city/list [36m304[0m 14.981 ms - -[0m
[0mGET /api/order/notifications [36m304[0m 39.582 ms - -[0m
[0mOPTIONS /api/order/notifications [32m204[0m 3.218 ms - 0[0m
[0mOPTIONS /api/collection/list [32m204[0m 0.507 ms - 0[0m
[0mGET /api/collection/list [32m200[0m 19.958 ms - 254[0m
[0mGET /api/order/notifications [36m304[0m 34.762 ms - -[0m
[0mOPTIONS /api/order/notifications [32m204[0m 1.365 ms - 0[0m
[0mOPTIONS /api/collection/list [32m204[0m 0.331 ms - 0[0m
[0mGET /api/collection/list [36m304[0m 19.396 ms - -[0m
[0mGET /api/order/notifications [36m304[0m 38.830 ms - -[0m
[0mOPTIONS /api/order/notifications [32m204[0m 2.462 ms - 0[0m
[0mOPTIONS /api/collection/list [32m204[0m 0.332 ms - 0[0m
[0mGET /api/collection/list [36m304[0m 13.436 ms - -[0m
[0mGET /api/order/notifications [36m304[0m 32.481 ms - -[0m
[0mOPTIONS /api/order/notifications [32m204[0m 0.936 ms - 0[0m
[0mOPTIONS /api/collection/list [32m204[0m 0.264 ms - 0[0m
[0mGET /api/collection/list [36m304[0m 16.320 ms - -[0m
[0mGET /api/order/notifications [36m304[0m 39.321 ms - -[0m
[0mOPTIONS /api/order/notifications [32m204[0m 1.194 ms - 0[0m
[0mOPTIONS /api/collection/list [32m204[0m 0.511 ms - 0[0m
[0mGET /api/collection/list [36m304[0m 18.008 ms - -[0m
[0mGET /api/order/notifications [36m304[0m 33.317 ms - -[0m
[0mOPTIONS /api/order/notifications [32m204[0m 4.441 ms - 0[0m
[0mOPTIONS /api/collection/list [32m204[0m 0.517 ms - 0[0m
[0mGET /api/collection/list [32m200[0m 20.406 ms - 49[0m
[0mGET /api/order/notifications [36m304[0m 37.418 ms - -[0m
[0mOPTIONS /api/collection/create [32m204[0m 0.698 ms - 0[0m
[0mPOST /api/collection/create [32m200[0m 30.003 ms - 69[0m
[0mOPTIONS /api/order/notifications [32m204[0m 0.538 ms - 0[0m
[0mOPTIONS /api/collection/list [32m204[0m 0.608 ms - 0[0m
[0mGET /api/collection/list [32m200[0m 5.965 ms - 254[0m
[0mGET /api/order/notifications [36m304[0m 20.407 ms - -[0m
