[0mOPTIONS /api/customer/rootLogin [32m204[0m 14.653 ms - 0[0m
[0mPOST /api/customer/rootLogin [32m200[0m 352.351 ms - 232[0m
[0mOPTIONS /api/customer/getUserByEmailId [32m204[0m 0.473 ms - 0[0m
[0mGET /api/customer/getUserByEmailId [32m200[0m 16.851 ms - 760[0m
[0mOPTIONS /api/customer/getUserByEmailId [32m204[0m 0.654 ms - 0[0m
[0mOPTIONS /api/customer/getUserByEmailId [32m204[0m 0.984 ms - 0[0m
[0mGET /api/customer/getUserByEmailId [36m304[0m 7.925 ms - -[0m
[0mGET /api/customer/getUserByEmailId [36m304[0m 9.168 ms - -[0m
[0mOPTIONS /api/customer/getUserByEmailId [32m204[0m 2.409 ms - 0[0m
[0mOPTIONS /api/customer/getUserByEmailId [32m204[0m 0.636 ms - 0[0m
[0mGET /api/customer/getUserByEmailId [32m200[0m 25.792 ms - 760[0m
[0mGET /api/customer/getUserByEmailId [32m200[0m 22.850 ms - 760[0m
[0mOPTIONS /api/customer/getUserByEmailId [32m204[0m 2.297 ms - 0[0m
[0mOPTIONS /api/customer/getUserByEmailId [32m204[0m 0.875 ms - 0[0m
[0mGET /api/customer/getUserByEmailId [36m304[0m 20.267 ms - -[0m
[0mGET /api/customer/getUserByEmailId [36m304[0m 9.953 ms - -[0m
[0mOPTIONS /api/customer/getUserByEmailId [32m204[0m 1.373 ms - 0[0m
[0mOPTIONS /api/customer/getUserByEmailId [32m204[0m 0.401 ms - 0[0m
[0mGET /api/customer/getUserByEmailId [36m304[0m 15.991 ms - -[0m
[0mGET /api/customer/getUserByEmailId [36m304[0m 8.291 ms - -[0m
[0mOPTIONS /api/customer/getUserByEmailId [32m204[0m 0.909 ms - 0[0m
[0mOPTIONS /api/customer/getUserByEmailId [32m204[0m 0.353 ms - 0[0m
[0mOPTIONS /api/website/order/history [32m204[0m 0.453 ms - 0[0m
[0mGET /api/customer/getUserByEmailId [36m304[0m 23.876 ms - -[0m
[0mGET /api/customer/getUserByEmailId [36m304[0m 6.103 ms - -[0m
[0mGET /api/website/order/history [32m200[0m 51.668 ms - 866[0m
[0mOPTIONS /api/customer/getUserByEmailId [32m204[0m 0.656 ms - 0[0m
[0mOPTIONS /api/customer/getUserByEmailId [32m204[0m 0.331 ms - 0[0m
[0mOPTIONS /api/website/order/history [32m204[0m 0.301 ms - 0[0m
[0mGET /api/customer/getUserByEmailId [36m304[0m 15.415 ms - -[0m
[0mGET /api/website/order/history [36m304[0m 16.959 ms - -[0m
[0mGET /api/customer/getUserByEmailId [36m304[0m 7.358 ms - -[0m
[0mOPTIONS /api/website/order/history [32m204[0m 0.969 ms - 0[0m
[0mGET /api/website/order/history [36m304[0m 10.461 ms - -[0m
[0mOPTIONS /api/location/list [32m204[0m 0.560 ms - 0[0m
[0mGET /api/location/list [32m200[0m 10.328 ms - 1949[0m
[0mOPTIONS /api/customer/getUserByEmailId [32m204[0m 1.752 ms - 0[0m
[0mOPTIONS /api/customer/getUserByEmailId [32m204[0m 0.430 ms - 0[0m
[0mGET /api/customer/getUserByEmailId [32m200[0m 21.950 ms - 760[0m
[0mGET /api/customer/getUserByEmailId [32m200[0m 18.807 ms - 760[0m
[0mOPTIONS /api/customer/getUserByEmailId [32m204[0m 2.446 ms - 0[0m
[0mOPTIONS /api/customer/getUserByEmailId [32m204[0m 0.713 ms - 0[0m
[0mGET /api/customer/getUserByEmailId [32m200[0m 15.699 ms - 760[0m
[0mGET /api/customer/getUserByEmailId [32m200[0m 9.329 ms - 760[0m
[0mOPTIONS /api/customer/getUserByEmailId [32m204[0m 5.642 ms - 0[0m
[0mOPTIONS /api/customer/getUserByEmailId [32m204[0m 0.438 ms - 0[0m
[0mOPTIONS /api/website/order/history [32m204[0m 0.313 ms - 0[0m
[0mGET /api/customer/getUserByEmailId [36m304[0m 22.023 ms - -[0m
[0mGET /api/website/order/history [36m304[0m 18.724 ms - -[0m
[0mGET /api/customer/getUserByEmailId [36m304[0m 4.074 ms - -[0m
[0mOPTIONS /api/customer/getUserByEmailId [32m204[0m 1.756 ms - 0[0m
[0mOPTIONS /api/customer/getUserByEmailId [32m204[0m 0.532 ms - 0[0m
[0mOPTIONS /api/website/order/history [32m204[0m 0.324 ms - 0[0m
[0mGET /api/customer/getUserByEmailId [32m200[0m 13.627 ms - 760[0m
[0mGET /api/customer/getUserByEmailId [32m200[0m 17.272 ms - 760[0m
[0mGET /api/website/order/history [32m200[0m 16.029 ms - 866[0m
[0mOPTIONS /api/website/order/history [32m204[0m 2.219 ms - 0[0m
[0mGET /api/website/order/history [36m304[0m 28.017 ms - -[0m
[0mOPTIONS /api/customer/getUserByEmailId [32m204[0m 1.676 ms - 0[0m
[0mOPTIONS /api/customer/getUserByEmailId [32m204[0m 0.580 ms - 0[0m
[0mOPTIONS /api/website/order/history [32m204[0m 0.331 ms - 0[0m
[0mGET /api/customer/getUserByEmailId [32m200[0m 26.926 ms - 760[0m
[0mGET /api/customer/getUserByEmailId [32m200[0m 22.676 ms - 760[0m
[0mGET /api/website/order/history [32m200[0m 23.499 ms - 866[0m
[0mOPTIONS /api/customer/getUserByEmailId [32m204[0m 2.452 ms - 0[0m
[0mOPTIONS /api/customer/getUserByEmailId [32m204[0m 0.603 ms - 0[0m
[0mGET /api/customer/getUserByEmailId [32m200[0m 26.801 ms - 760[0m
[0mGET /api/customer/getUserByEmailId [32m200[0m 25.679 ms - 760[0m
[0mOPTIONS /api/website/order/history [32m204[0m 0.616 ms - 0[0m
[0mGET /api/website/order/history [36m304[0m 9.044 ms - -[0m
[0mOPTIONS /api/customer/getUserByEmailId [32m204[0m 1.400 ms - 0[0m
[0mOPTIONS /api/customer/getUserByEmailId [32m204[0m 0.563 ms - 0[0m
[0mGET /api/customer/getUserByEmailId [36m304[0m 15.994 ms - -[0m
[0mGET /api/customer/getUserByEmailId [36m304[0m 8.010 ms - -[0m
[0mOPTIONS /api/customer/getUserByEmailId [32m204[0m 1.483 ms - 0[0m
[0mOPTIONS /api/customer/getUserByEmailId [32m204[0m 0.588 ms - 0[0m
[0mGET /api/customer/getUserByEmailId [32m200[0m 14.906 ms - 760[0m
[0mGET /api/customer/getUserByEmailId [32m200[0m 13.318 ms - 760[0m
[0mOPTIONS /api/customer/getUserByEmailId [32m204[0m 4.727 ms - 0[0m
[0mOPTIONS /api/customer/getUserByEmailId [32m204[0m 0.440 ms - 0[0m
[0mGET /api/customer/getUserByEmailId [32m200[0m 20.609 ms - 760[0m
[0mGET /api/customer/getUserByEmailId [32m200[0m 30.722 ms - 760[0m
[0mOPTIONS /api/website/order/history [32m204[0m 0.779 ms - 0[0m
[0mGET /api/website/order/history [36m304[0m 19.979 ms - -[0m
[0mOPTIONS /api/location/list [32m204[0m 1.315 ms - 0[0m
[0mGET /api/location/list [36m304[0m 14.416 ms - -[0m
[0mOPTIONS /api/customer/getUserByEmailId [32m204[0m 3.941 ms - 0[0m
[0mOPTIONS /api/customer/getUserByEmailId [32m204[0m 0.225 ms - 0[0m
[0mGET /api/customer/getUserByEmailId [32m200[0m 29.773 ms - 760[0m
[0mGET /api/customer/getUserByEmailId [32m200[0m 28.603 ms - 760[0m
[0mOPTIONS /api/location/list [32m204[0m 0.911 ms - 0[0m
[0mGET /api/location/list [36m304[0m 16.168 ms - -[0m
[0mOPTIONS /api/location/list [32m204[0m 1.154 ms - 0[0m
[0mOPTIONS /api/customer/getUserByEmailId [32m204[0m 0.387 ms - 0[0m
[0mOPTIONS /api/customer/getUserByEmailId [32m204[0m 2.032 ms - 0[0m
[0mGET /api/location/list [36m304[0m 9.149 ms - -[0m
[0mGET /api/customer/getUserByEmailId [36m304[0m 13.732 ms - -[0m
[0mGET /api/customer/getUserByEmailId [36m304[0m 11.244 ms - -[0m
[0mOPTIONS /api/location/list [32m204[0m 1.844 ms - 0[0m
[0mOPTIONS /api/customer/getUserByEmailId [32m204[0m 1.767 ms - 0[0m
[0mOPTIONS /api/customer/getUserByEmailId [32m204[0m 1.383 ms - 0[0m
[0mGET /api/location/list [36m304[0m 14.790 ms - -[0m
[0mGET /api/customer/getUserByEmailId [36m304[0m 19.941 ms - -[0m
[0mGET /api/customer/getUserByEmailId [36m304[0m 5.772 ms - -[0m
[0mOPTIONS /api/location/list [32m204[0m 2.648 ms - 0[0m
[0mGET /api/location/list [36m304[0m 25.068 ms - -[0m
[0mOPTIONS /api/website/order/history [32m204[0m 0.848 ms - 0[0m
[0mGET /api/website/order/history [36m304[0m 40.710 ms - -[0m
[0mOPTIONS /api/customer/getUserByEmailId [32m204[0m 3.771 ms - 0[0m
[0mOPTIONS /api/customer/getUserByEmailId [32m204[0m 0.607 ms - 0[0m
[0mGET /api/website/order/history [36m304[0m 23.710 ms - -[0m
[0mGET /api/customer/getUserByEmailId [36m304[0m 22.352 ms - -[0m
[0mGET /api/customer/getUserByEmailId [36m304[0m 3.584 ms - -[0m
[0mOPTIONS /api/customer/getUserByEmailId [32m204[0m 2.369 ms - 0[0m
[0mOPTIONS /api/customer/getUserByEmailId [32m204[0m 0.527 ms - 0[0m
[0mOPTIONS /api/website/order/history [32m204[0m 0.383 ms - 0[0m
[0mGET /api/customer/getUserByEmailId [32m200[0m 19.300 ms - 760[0m
[0mGET /api/customer/getUserByEmailId [32m200[0m 18.338 ms - 760[0m
[0mGET /api/website/order/history [32m200[0m 16.532 ms - 866[0m
[0mOPTIONS /api/customer/getUserByEmailId [32m204[0m 2.300 ms - 0[0m
[0mOPTIONS /api/customer/getUserByEmailId [32m204[0m 1.612 ms - 0[0m
[0mGET /api/customer/getUserByEmailId [32m200[0m 26.700 ms - 760[0m
[0mGET /api/customer/getUserByEmailId [32m200[0m 23.888 ms - 760[0m
[0mOPTIONS /api/customer/getUserByEmailId [32m204[0m 5.440 ms - 0[0m
[0mOPTIONS /api/customer/getUserByEmailId [32m204[0m 0.565 ms - 0[0m
[0mGET /api/customer/getUserByEmailId [32m200[0m 25.810 ms - 760[0m
[0mGET /api/customer/getUserByEmailId [32m200[0m 28.329 ms - 760[0m
[0mOPTIONS /api/website/order/history [32m204[0m 4.134 ms - 0[0m
[0mGET /api/website/order/history [36m304[0m 31.453 ms - -[0m
[0mGET /api/website/order/history [36m304[0m 7.634 ms - -[0m
[0mOPTIONS /api/customer/getUserByEmailId [32m204[0m 1.184 ms - 0[0m
[0mOPTIONS /api/customer/getUserByEmailId [32m204[0m 0.570 ms - 0[0m
[0mGET /api/customer/getUserByEmailId [32m200[0m 16.966 ms - 760[0m
[0mGET /api/customer/getUserByEmailId [32m200[0m 15.596 ms - 760[0m
[0mOPTIONS /api/website/order/history [32m204[0m 2.306 ms - 0[0m
[0mOPTIONS /api/customer/getUserByEmailId [32m204[0m 2.233 ms - 0[0m
[0mOPTIONS /api/customer/getUserByEmailId [32m204[0m 0.450 ms - 0[0m
[0mOPTIONS /api/website/order/history [32m204[0m 0.311 ms - 0[0m
[0mGET /api/website/order/history [32m200[0m 32.254 ms - 866[0m
[0mGET /api/customer/getUserByEmailId [32m200[0m 26.371 ms - 760[0m
[0mGET /api/customer/getUserByEmailId [32m200[0m 17.302 ms - 760[0m
[0mOPTIONS /api/location/list [32m204[0m 6.609 ms - 0[0m
[0mGET /api/location/list [36m304[0m 6.657 ms - -[0m
[0mOPTIONS /api/location/list [32m204[0m 8.539 ms - 0[0m
[0mOPTIONS /api/customer/getUserByEmailId [32m204[0m 0.588 ms - 0[0m
[0mOPTIONS /api/customer/getUserByEmailId [32m204[0m 0.473 ms - 0[0m
[0mGET /api/location/list [32m200[0m 16.398 ms - 1949[0m
[0mGET /api/customer/getUserByEmailId [32m200[0m 20.611 ms - 760[0m
[0mGET /api/customer/getUserByEmailId [32m200[0m 22.466 ms - 760[0m
[0mOPTIONS /api/customer/getUserByEmailId [32m204[0m 2.192 ms - 0[0m
[0mOPTIONS /api/customer/getUserByEmailId [32m204[0m 1.374 ms - 0[0m
[0mGET /api/customer/getUserByEmailId [32m200[0m 24.309 ms - 760[0m
[0mGET /api/customer/getUserByEmailId [32m200[0m 19.587 ms - 760[0m
[0mOPTIONS /api/website/order/history [32m204[0m 0.668 ms - 0[0m
[0mGET /api/website/order/history [36m304[0m 12.259 ms - -[0m
[0mOPTIONS /api/customer/getUserByEmailId [32m204[0m 4.197 ms - 0[0m
[0mOPTIONS /api/customer/getUserByEmailId [32m204[0m 2.568 ms - 0[0m
[0mOPTIONS /api/customer/getUserByEmailId [32m204[0m 1.083 ms - 0[0m
[0mGET /api/customer/getUserByEmailId [36m304[0m 27.303 ms - -[0m
[0mGET /api/customer/getUserByEmailId [36m304[0m 8.118 ms - -[0m
[0mGET /api/customer/getUserByEmailId [36m304[0m 8.816 ms - -[0m
[0mOPTIONS /api/customer/getUserByEmailId [32m204[0m 5.011 ms - 0[0m
[0mGET /api/customer/getUserByEmailId [36m304[0m 12.381 ms - -[0m
[0mOPTIONS /api/customer/getUserByEmailId [32m204[0m 0.314 ms - 0[0m
[0mOPTIONS /api/customer/getUserByEmailId [32m204[0m 0.584 ms - 0[0m
[0mOPTIONS /api/customer/getUserByEmailId [32m204[0m 0.132 ms - 0[0m
[0mGET /api/customer/getUserByEmailId [32m200[0m 6.997 ms - 760[0m
[0mGET /api/customer/getUserByEmailId [32m200[0m 9.225 ms - 760[0m
[0mGET /api/customer/getUserByEmailId [32m200[0m 9.210 ms - 760[0m
[0mOPTIONS /api/customer/getUserByEmailId [32m204[0m 7.336 ms - 0[0m
[0mGET /api/customer/getUserByEmailId [36m304[0m 11.006 ms - -[0m
[0mOPTIONS /api/customer/getUserByEmailId [32m204[0m 4.076 ms - 0[0m
[0mGET /api/customer/getUserByEmailId [36m304[0m 18.405 ms - -[0m
[0mOPTIONS /api/customer/getUserByEmailId [32m204[0m 4.824 ms - 0[0m
[0mOPTIONS /api/customer/getUserByEmailId [32m204[0m 0.331 ms - 0[0m
[0mOPTIONS /api/customer/getUserByEmailId [32m204[0m 0.266 ms - 0[0m
[0mGET /api/customer/getUserByEmailId [32m200[0m 30.375 ms - 760[0m
[0mGET /api/customer/getUserByEmailId [32m200[0m 21.650 ms - 760[0m
[0mGET /api/customer/getUserByEmailId [32m200[0m 17.403 ms - 760[0m
[0mOPTIONS /api/customer/getUserByEmailId [32m204[0m 2.644 ms - 0[0m
[0mGET /api/customer/getUserByEmailId [36m304[0m 24.815 ms - -[0m
[0mOPTIONS /api/customer/getUserByEmailId [32m204[0m 0.554 ms - 0[0m
[0mOPTIONS /api/customer/getUserByEmailId [32m204[0m 0.514 ms - 0[0m
[0mOPTIONS /api/customer/getUserByEmailId [32m204[0m 0.486 ms - 0[0m
[0mGET /api/customer/getUserByEmailId [32m200[0m 20.173 ms - 760[0m
[0mGET /api/customer/getUserByEmailId [32m200[0m 19.724 ms - 760[0m
[0mGET /api/customer/getUserByEmailId [32m200[0m 19.126 ms - 760[0m
[0mOPTIONS /api/customer/getUserByEmailId [32m204[0m 1.731 ms - 0[0m
[0mGET /api/customer/getUserByEmailId [36m304[0m 15.918 ms - -[0m
[0mGET /api/customer/getUserByEmailId [36m304[0m 9.606 ms - -[0m
[0mGET /api/customer/getUserByEmailId [36m304[0m 6.036 ms - -[0m
[0mOPTIONS /api/customer/getUserByEmailId [32m204[0m 0.626 ms - 0[0m
[0mOPTIONS /api/customer/getUserByEmailId [32m204[0m 0.455 ms - 0[0m
[0mOPTIONS /api/customer/getUserByEmailId [32m204[0m 0.304 ms - 0[0m
[0mGET /api/customer/getUserByEmailId [32m200[0m 25.163 ms - 760[0m
[0mGET /api/customer/getUserByEmailId [32m200[0m 29.854 ms - 760[0m
[0mGET /api/customer/getUserByEmailId [32m200[0m 32.733 ms - 760[0m
[0mOPTIONS /api/customer/getUserByEmailId [32m204[0m 1.534 ms - 0[0m
[0mGET /api/customer/getUserByEmailId [36m304[0m 15.359 ms - -[0m
[0mOPTIONS /api/customer/getUserByEmailId [32m204[0m 1.042 ms - 0[0m
[0mOPTIONS /api/customer/getUserByEmailId [32m204[0m 0.414 ms - 0[0m
[0mOPTIONS /api/customer/getUserByEmailId [32m204[0m 0.295 ms - 0[0m
[0mGET /api/customer/getUserByEmailId [32m200[0m 14.082 ms - 760[0m
[0mGET /api/customer/getUserByEmailId [32m200[0m 15.583 ms - 760[0m
[0mGET /api/customer/getUserByEmailId [32m200[0m 16.783 ms - 760[0m
[0mOPTIONS /api/customer/getUserByEmailId [32m204[0m 7.182 ms - 0[0m
[0mGET /api/customer/getUserByEmailId [36m304[0m 22.943 ms - -[0m
[0mOPTIONS /api/customer/getUserByEmailId [32m204[0m 0.592 ms - 0[0m
[0mOPTIONS /api/customer/getUserByEmailId [32m204[0m 0.542 ms - 0[0m
[0mOPTIONS /api/customer/getUserByEmailId [32m204[0m 0.573 ms - 0[0m
[0mGET /api/customer/getUserByEmailId [32m200[0m 15.159 ms - 760[0m
[0mGET /api/customer/getUserByEmailId [32m200[0m 14.613 ms - 760[0m
[0mGET /api/customer/getUserByEmailId [32m200[0m 14.133 ms - 760[0m
[0mOPTIONS /api/customer/getUserByEmailId [32m204[0m 1.571 ms - 0[0m
[0mOPTIONS /api/customer/getUserByEmailId [32m204[0m 0.342 ms - 0[0m
[0mOPTIONS /api/customer/getUserByEmailId [32m204[0m 0.310 ms - 0[0m
[0mGET /api/customer/getUserByEmailId [36m304[0m 13.873 ms - -[0m
[0mGET /api/customer/getUserByEmailId [36m304[0m 4.311 ms - -[0m
[0mGET /api/customer/getUserByEmailId [36m304[0m 8.440 ms - -[0m
[0mOPTIONS /api/customer/getUserByEmailId [32m204[0m 1.634 ms - 0[0m
[0mGET /api/customer/getUserByEmailId [36m304[0m 10.031 ms - -[0m
[0mOPTIONS /api/customer/getUserByEmailId [32m204[0m 2.660 ms - 0[0m
[0mGET /api/customer/getUserByEmailId [36m304[0m 17.078 ms - -[0m
[0mOPTIONS /api/customer/getUserByEmailId [32m204[0m 1.417 ms - 0[0m
[0mGET /api/customer/getUserByEmailId [36m304[0m 14.530 ms - -[0m
[0mOPTIONS /api/customer/getUserByEmailId [32m204[0m 2.831 ms - 0[0m
[0mGET /api/customer/getUserByEmailId [36m304[0m 25.545 ms - -[0m
[0mOPTIONS /api/customer/getUserByEmailId [32m204[0m 1.165 ms - 0[0m
[0mOPTIONS /api/customer/getUserByEmailId [32m204[0m 0.567 ms - 0[0m
[0mOPTIONS /api/customer/getUserByEmailId [32m204[0m 0.184 ms - 0[0m
[0mGET /api/customer/getUserByEmailId [36m304[0m 10.916 ms - -[0m
[0mGET /api/customer/getUserByEmailId [36m304[0m 10.145 ms - -[0m
[0mGET /api/customer/getUserByEmailId [36m304[0m 13.733 ms - -[0m
[0mOPTIONS /api/customer/getUserByEmailId [32m204[0m 1.695 ms - 0[0m
[0mGET /api/customer/getUserByEmailId [36m304[0m 20.355 ms - -[0m
[0mOPTIONS /api/customer/getUserByEmailId [32m204[0m 1.158 ms - 0[0m
[0mOPTIONS /api/customer/getUserByEmailId [32m204[0m 0.752 ms - 0[0m
[0mOPTIONS /api/customer/getUserByEmailId [32m204[0m 0.273 ms - 0[0m
[0mGET /api/customer/getUserByEmailId [36m304[0m 13.164 ms - -[0m
[0mGET /api/customer/getUserByEmailId [36m304[0m 4.720 ms - -[0m
[0mGET /api/customer/getUserByEmailId [36m304[0m 10.055 ms - -[0m
[0mOPTIONS /api/customer/getUserByEmailId [32m204[0m 2.664 ms - 0[0m
[0mGET /api/customer/getUserByEmailId [36m304[0m 9.954 ms - -[0m
[0mOPTIONS /api/customer/getUserByEmailId [32m204[0m 1.168 ms - 0[0m
[0mOPTIONS /api/customer/getUserByEmailId [32m204[0m 0.443 ms - 0[0m
[0mOPTIONS /api/customer/getUserByEmailId [32m204[0m 0.159 ms - 0[0m
[0mGET /api/customer/getUserByEmailId [36m304[0m 12.784 ms - -[0m
[0mGET /api/customer/getUserByEmailId [36m304[0m 6.752 ms - -[0m
[0mGET /api/customer/getUserByEmailId [36m304[0m 7.669 ms - -[0m
[0mOPTIONS /api/customer/getUserByEmailId [32m204[0m 5.285 ms - 0[0m
[0mOPTIONS /api/customer/getUserByEmailId [32m204[0m 0.521 ms - 0[0m
[0mOPTIONS /api/customer/getUserByEmailId [32m204[0m 0.567 ms - 0[0m
[0mGET /api/customer/getUserByEmailId [32m200[0m 32.058 ms - 760[0m
[0mGET /api/customer/getUserByEmailId [32m200[0m 21.364 ms - 760[0m
[0mGET /api/customer/getUserByEmailId [32m200[0m 19.225 ms - 760[0m
[0mOPTIONS /api/customer/getUserByEmailId [32m204[0m 1.319 ms - 0[0m
[0mGET /api/customer/getUserByEmailId [36m304[0m 15.243 ms - -[0m
[0mOPTIONS /api/customer/getUserByEmailId [32m204[0m 2.377 ms - 0[0m
[0mOPTIONS /api/customer/getUserByEmailId [32m204[0m 0.526 ms - 0[0m
[0mOPTIONS /api/customer/getUserByEmailId [32m204[0m 0.349 ms - 0[0m
[0mGET /api/customer/getUserByEmailId [32m200[0m 16.342 ms - 760[0m
[0mGET /api/customer/getUserByEmailId [32m200[0m 12.000 ms - 760[0m
[0mGET /api/customer/getUserByEmailId [32m200[0m 11.868 ms - 760[0m
[0mOPTIONS /api/customer/getUserByEmailId [32m204[0m 0.923 ms - 0[0m
[0mOPTIONS /api/customer/getUserByEmailId [32m204[0m 0.484 ms - 0[0m
[0mOPTIONS /api/customer/getUserByEmailId [32m204[0m 0.475 ms - 0[0m
[0mGET /api/customer/getUserByEmailId [32m200[0m 13.700 ms - 760[0m
[0mGET /api/customer/getUserByEmailId [32m200[0m 10.990 ms - 760[0m
[0mGET /api/customer/getUserByEmailId [32m200[0m 12.199 ms - 760[0m
[0mOPTIONS /api/customer/getUserByEmailId [32m204[0m 4.541 ms - 0[0m
[0mOPTIONS /api/customer/getUserByEmailId [32m204[0m 0.432 ms - 0[0m
[0mOPTIONS /api/customer/getUserByEmailId [32m204[0m 0.326 ms - 0[0m
[0mGET /api/customer/getUserByEmailId [36m304[0m 18.291 ms - -[0m
[0mGET /api/customer/getUserByEmailId [36m304[0m 7.058 ms - -[0m
[0mGET /api/customer/getUserByEmailId [36m304[0m 4.889 ms - -[0m
[0mOPTIONS /api/customer/getUserByEmailId [32m204[0m 1.719 ms - 0[0m
[0mGET /api/customer/getUserByEmailId [36m304[0m 12.525 ms - -[0m
[0mOPTIONS /api/customer/getUserByEmailId [32m204[0m 2.716 ms - 0[0m
[0mOPTIONS /api/customer/getUserByEmailId [32m204[0m 0.490 ms - 0[0m
[0mOPTIONS /api/customer/getUserByEmailId [32m204[0m 0.307 ms - 0[0m
[0mGET /api/customer/getUserByEmailId [32m200[0m 23.087 ms - 760[0m
[0mGET /api/customer/getUserByEmailId [32m200[0m 16.550 ms - 760[0m
[0mGET /api/customer/getUserByEmailId [32m200[0m 14.593 ms - 760[0m
[0mOPTIONS /api/customer/getUserByEmailId [32m204[0m 1.211 ms - 0[0m
[0mGET /api/customer/getUserByEmailId [36m304[0m 18.261 ms - -[0m
[0mOPTIONS /api/customer/getUserByEmailId [32m204[0m 2.471 ms - 0[0m
[0mOPTIONS /api/customer/getUserByEmailId [32m204[0m 0.442 ms - 0[0m
[0mOPTIONS /api/customer/getUserByEmailId [32m204[0m 0.315 ms - 0[0m
[0mGET /api/customer/getUserByEmailId [32m200[0m 16.430 ms - 760[0m
[0mGET /api/customer/getUserByEmailId [32m200[0m 20.976 ms - 760[0m
[0mGET /api/customer/getUserByEmailId [32m200[0m 16.682 ms - 760[0m
[0mOPTIONS /api/customer/getUserByEmailId [32m204[0m 1.268 ms - 0[0m
[0mGET /api/customer/getUserByEmailId [36m304[0m 11.574 ms - -[0m
[0mOPTIONS /api/customer/getUserByEmailId [32m204[0m 2.439 ms - 0[0m
[0mGET /api/customer/getUserByEmailId [36m304[0m 23.582 ms - -[0m
[0mOPTIONS /api/customer/getUserByEmailId [32m204[0m 9.516 ms - 0[0m
[0mOPTIONS /api/customer/getUserByEmailId [32m204[0m 0.672 ms - 0[0m
[0mOPTIONS /api/customer/getUserByEmailId [32m204[0m 5.293 ms - 0[0m
[0mGET /api/customer/getUserByEmailId [36m304[0m 30.510 ms - -[0m
[0mGET /api/customer/getUserByEmailId [36m304[0m 9.809 ms - -[0m
[0mGET /api/customer/getUserByEmailId [36m304[0m 15.312 ms - -[0m
[0mOPTIONS /api/customer/getUserByEmailId [32m204[0m 7.121 ms - 0[0m
[0mGET /api/customer/getUserByEmailId [36m304[0m 18.585 ms - -[0m
[0mOPTIONS /api/customer/getUserByEmailId [32m204[0m 0.797 ms - 0[0m
[0mOPTIONS /api/customer/getUserByEmailId [32m204[0m 1.043 ms - 0[0m
[0mOPTIONS /api/customer/getUserByEmailId [32m204[0m 0.469 ms - 0[0m
[0mGET /api/customer/getUserByEmailId [32m200[0m 22.211 ms - 760[0m
[0mGET /api/customer/getUserByEmailId [32m200[0m 29.310 ms - 760[0m
[0mGET /api/customer/getUserByEmailId [32m200[0m 31.334 ms - 760[0m
[0mOPTIONS /api/customer/getUserByEmailId [32m204[0m 2.236 ms - 0[0m
[0mOPTIONS /api/customer/getUserByEmailId [32m204[0m 0.536 ms - 0[0m
[0mOPTIONS /api/customer/getUserByEmailId [32m204[0m 0.463 ms - 0[0m
[0mGET /api/customer/getUserByEmailId [32m200[0m 16.879 ms - 760[0m
[0mGET /api/customer/getUserByEmailId [32m200[0m 12.890 ms - 760[0m
[0mGET /api/customer/getUserByEmailId [32m200[0m 14.099 ms - 760[0m
[0mOPTIONS /api/customer/getUserByEmailId [32m204[0m 0.571 ms - 0[0m
[0mGET /api/customer/getUserByEmailId [36m304[0m 5.528 ms - -[0m
[0mOPTIONS /api/customer/getUserByEmailId [32m204[0m 2.320 ms - 0[0m
[0mGET /api/customer/getUserByEmailId [36m304[0m 7.272 ms - -[0m
[0mOPTIONS /api/customer/getUserByEmailId [32m204[0m 1.634 ms - 0[0m
[0mGET /api/customer/getUserByEmailId [36m304[0m 22.731 ms - -[0m
[0mOPTIONS /api/customer/getUserByEmailId [32m204[0m 3.541 ms - 0[0m
[0mOPTIONS /api/customer/getUserByEmailId [32m204[0m 0.523 ms - 0[0m
[0mOPTIONS /api/customer/getUserByEmailId [32m204[0m 0.357 ms - 0[0m
[0mGET /api/customer/getUserByEmailId [32m200[0m 20.972 ms - 760[0m
[0mGET /api/customer/getUserByEmailId [32m200[0m 13.253 ms - 760[0m
[0mGET /api/customer/getUserByEmailId [32m200[0m 13.993 ms - 760[0m
[0mOPTIONS /api/customer/getUserByEmailId [32m204[0m 4.289 ms - 0[0m
[0mGET /api/customer/getUserByEmailId [36m304[0m 9.339 ms - -[0m
[0mOPTIONS /api/customer/getUserByEmailId [32m204[0m 6.055 ms - 0[0m
[0mOPTIONS /api/customer/getUserByEmailId [32m204[0m 0.624 ms - 0[0m
[0mOPTIONS /api/customer/getUserByEmailId [32m204[0m 0.562 ms - 0[0m
[0mGET /api/customer/getUserByEmailId [32m200[0m 26.940 ms - 760[0m
[0mGET /api/customer/getUserByEmailId [32m200[0m 23.396 ms - 760[0m
[0mGET /api/customer/getUserByEmailId [32m200[0m 14.733 ms - 760[0m
[0mOPTIONS /api/customer/getUserByEmailId [32m204[0m 3.844 ms - 0[0m
[0mGET /api/customer/getUserByEmailId [36m304[0m 15.956 ms - -[0m
[0mOPTIONS /api/customer/getUserByEmailId [32m204[0m 1.248 ms - 0[0m
[0mGET /api/customer/getUserByEmailId [36m304[0m 11.594 ms - -[0m
[0mOPTIONS /api/customer/getUserByEmailId [32m204[0m 0.720 ms - 0[0m
[0mOPTIONS /api/customer/getUserByEmailId [32m204[0m 0.469 ms - 0[0m
[0mOPTIONS /api/customer/getUserByEmailId [32m204[0m 8.221 ms - 0[0m
[0mGET /api/customer/getUserByEmailId [32m200[0m 19.466 ms - 760[0m
[0mGET /api/customer/getUserByEmailId [32m200[0m 20.897 ms - 760[0m
[0mGET /api/customer/getUserByEmailId [32m200[0m 20.457 ms - 760[0m
[0mOPTIONS /api/customer/getUserByEmailId [32m204[0m 2.368 ms - 0[0m
[0mOPTIONS /api/customer/getUserByEmailId [32m204[0m 0.571 ms - 0[0m
[0mOPTIONS /api/customer/getUserByEmailId [32m204[0m 0.959 ms - 0[0m
[0mGET /api/customer/getUserByEmailId [32m200[0m 21.409 ms - 760[0m
[0mGET /api/customer/getUserByEmailId [32m200[0m 20.418 ms - 760[0m
[0mGET /api/customer/getUserByEmailId [32m200[0m 26.454 ms - 760[0m
[0mOPTIONS /api/customer/getUserByEmailId [32m204[0m 1.527 ms - 0[0m
[0mGET /api/customer/getUserByEmailId [36m304[0m 11.140 ms - -[0m
[0mOPTIONS /api/customer/getUserByEmailId [32m204[0m 3.872 ms - 0[0m
[0mGET /api/customer/getUserByEmailId [36m304[0m 10.815 ms - -[0m
[0mOPTIONS /api/customer/getUserByEmailId [32m204[0m 0.543 ms - 0[0m
[0mOPTIONS /api/customer/getUserByEmailId [32m204[0m 1.263 ms - 0[0m
[0mOPTIONS /api/customer/getUserByEmailId [32m204[0m 0.343 ms - 0[0m
[0mGET /api/customer/getUserByEmailId [32m200[0m 21.143 ms - 760[0m
[0mGET /api/customer/getUserByEmailId [32m200[0m 20.755 ms - 760[0m
[0mGET /api/customer/getUserByEmailId [32m200[0m 19.907 ms - 760[0m
[0mOPTIONS /api/customer/getUserByEmailId [32m204[0m 1.367 ms - 0[0m
[0mGET /api/customer/getUserByEmailId [36m304[0m 10.443 ms - -[0m
[0mOPTIONS /api/customer/getUserByEmailId [32m204[0m 3.158 ms - 0[0m
[0mOPTIONS /api/customer/getUserByEmailId [32m204[0m 0.607 ms - 0[0m
[0mOPTIONS /api/customer/getUserByEmailId [32m204[0m 0.452 ms - 0[0m
[0mGET /api/customer/getUserByEmailId [32m200[0m 25.116 ms - 760[0m
[0mGET /api/customer/getUserByEmailId [32m200[0m 14.856 ms - 760[0m
[0mGET /api/customer/getUserByEmailId [32m200[0m 13.631 ms - 760[0m
[0mOPTIONS /api/customer/getUserByEmailId [32m204[0m 3.070 ms - 0[0m
[0mOPTIONS /api/customer/getUserByEmailId [32m204[0m 0.562 ms - 0[0m
[0mOPTIONS /api/customer/getUserByEmailId [32m204[0m 1.526 ms - 0[0m
[0mGET /api/customer/getUserByEmailId [32m200[0m 18.283 ms - 760[0m
[0mGET /api/customer/getUserByEmailId [32m200[0m 17.346 ms - 760[0m
[0mGET /api/customer/getUserByEmailId [32m200[0m 16.413 ms - 760[0m
[0mOPTIONS /api/customer/getUserByEmailId [32m204[0m 1.227 ms - 0[0m
[0mGET /api/customer/getUserByEmailId [36m304[0m 9.328 ms - -[0m
[0mOPTIONS /api/customer/getUserByEmailId [32m204[0m 0.669 ms - 0[0m
[0mOPTIONS /api/customer/getUserByEmailId [32m204[0m 0.289 ms - 0[0m
[0mOPTIONS /api/customer/getUserByEmailId [32m204[0m 1.692 ms - 0[0m
[0mGET /api/customer/getUserByEmailId [32m200[0m 11.570 ms - 760[0m
[0mGET /api/customer/getUserByEmailId [32m200[0m 12.017 ms - 760[0m
[0mGET /api/customer/getUserByEmailId [32m200[0m 11.709 ms - 760[0m
[0mOPTIONS /api/customer/getUserByEmailId [32m204[0m 1.001 ms - 0[0m
[0mOPTIONS /api/customer/getUserByEmailId [32m204[0m 0.304 ms - 0[0m
[0mOPTIONS /api/customer/getUserByEmailId [32m204[0m 0.144 ms - 0[0m
[0mGET /api/customer/getUserByEmailId [32m200[0m 9.164 ms - 760[0m
[0mGET /api/customer/getUserByEmailId [32m200[0m 10.223 ms - 760[0m
[0mGET /api/customer/getUserByEmailId [32m200[0m 19.690 ms - 760[0m
[0mOPTIONS /api/customer/getUserByEmailId [32m204[0m 1.857 ms - 0[0m
[0mGET /api/customer/getUserByEmailId [36m304[0m 11.686 ms - -[0m
[0mOPTIONS /api/customer/getUserByEmailId [32m204[0m 1.270 ms - 0[0m
[0mGET /api/customer/getUserByEmailId [36m304[0m 10.061 ms - -[0m
[0mOPTIONS /api/customer/getUserByEmailId [32m204[0m 1.004 ms - 0[0m
[0mOPTIONS /api/customer/getUserByEmailId [32m204[0m 0.513 ms - 0[0m
[0mOPTIONS /api/customer/getUserByEmailId [32m204[0m 0.836 ms - 0[0m
[0mGET /api/customer/getUserByEmailId [32m200[0m 19.364 ms - 760[0m
[0mGET /api/customer/getUserByEmailId [32m200[0m 17.383 ms - 760[0m
[0mGET /api/customer/getUserByEmailId [32m200[0m 13.836 ms - 760[0m
[0mOPTIONS /api/customer/getUserByEmailId [32m204[0m 0.882 ms - 0[0m
[0mGET /api/customer/getUserByEmailId [36m304[0m 9.332 ms - -[0m
[0mOPTIONS /api/customer/getUserByEmailId [32m204[0m 1.917 ms - 0[0m
[0mOPTIONS /api/customer/getUserByEmailId [32m204[0m 0.551 ms - 0[0m
[0mOPTIONS /api/customer/getUserByEmailId [32m204[0m 0.321 ms - 0[0m
[0mGET /api/customer/getUserByEmailId [32m200[0m 17.717 ms - 760[0m
[0mGET /api/customer/getUserByEmailId [32m200[0m 20.967 ms - 760[0m
[0mGET /api/customer/getUserByEmailId [32m200[0m 19.178 ms - 760[0m
[0mOPTIONS /api/customer/getUserByEmailId [32m204[0m 6.778 ms - 0[0m
[0mOPTIONS /api/customer/getUserByEmailId [32m204[0m 0.553 ms - 0[0m
[0mOPTIONS /api/customer/getUserByEmailId [32m204[0m 0.417 ms - 0[0m
[0mGET /api/customer/getUserByEmailId [32m200[0m 24.622 ms - 760[0m
[0mGET /api/customer/getUserByEmailId [32m200[0m 21.828 ms - 760[0m
[0mGET /api/customer/getUserByEmailId [32m200[0m 18.013 ms - 760[0m
[0mOPTIONS /api/customer/getUserByEmailId [32m204[0m 15.293 ms - 0[0m
[0mGET /api/customer/getUserByEmailId [36m304[0m 16.098 ms - -[0m
[0mOPTIONS /api/customer/getUserByEmailId [32m204[0m 0.544 ms - 0[0m
[0mOPTIONS /api/customer/getUserByEmailId [32m204[0m 0.603 ms - 0[0m
[0mOPTIONS /api/customer/getUserByEmailId [32m204[0m 0.357 ms - 0[0m
[0mGET /api/customer/getUserByEmailId [32m200[0m 17.272 ms - 760[0m
[0mGET /api/customer/getUserByEmailId [32m200[0m 16.779 ms - 760[0m
[0mGET /api/customer/getUserByEmailId [32m200[0m 18.298 ms - 760[0m
[0mGET /api/customer/getUserByEmailId [36m304[0m 17.774 ms - -[0m
[0mOPTIONS /api/customer/getUserByEmailId [32m204[0m 1.464 ms - 0[0m
[0mGET /api/customer/getUserByEmailId [36m304[0m 10.559 ms - -[0m
[0mOPTIONS /api/customer/getUserByEmailId [32m204[0m 0.601 ms - 0[0m
[0mOPTIONS /api/customer/getUserByEmailId [32m204[0m 0.498 ms - 0[0m
[0mOPTIONS /api/customer/getUserByEmailId [32m204[0m 0.462 ms - 0[0m
[0mGET /api/customer/getUserByEmailId [32m200[0m 15.195 ms - 760[0m
[0mGET /api/customer/getUserByEmailId [32m200[0m 16.355 ms - 760[0m
[0mGET /api/customer/getUserByEmailId [32m200[0m 14.001 ms - 760[0m
[0mOPTIONS /api/customer/getUserByEmailId [32m204[0m 0.782 ms - 0[0m
[0mOPTIONS /api/customer/getUserByEmailId [32m204[0m 0.360 ms - 0[0m
[0mOPTIONS /api/customer/getUserByEmailId [32m204[0m 0.323 ms - 0[0m
[0mGET /api/customer/getUserByEmailId [32m200[0m 12.502 ms - 760[0m
[0mGET /api/customer/getUserByEmailId [32m200[0m 13.808 ms - 760[0m
[0mGET /api/customer/getUserByEmailId [32m200[0m 17.135 ms - 760[0m
[0mOPTIONS /api/customer/getUserByEmailId [32m204[0m 0.612 ms - 0[0m
[0mOPTIONS /api/customer/getUserByEmailId [32m204[0m 0.670 ms - 0[0m
[0mOPTIONS /api/customer/getUserByEmailId [32m204[0m 0.632 ms - 0[0m
[0mGET /api/customer/getUserByEmailId [32m200[0m 13.747 ms - 760[0m
[0mGET /api/customer/getUserByEmailId [32m200[0m 12.349 ms - 760[0m
[0mGET /api/customer/getUserByEmailId [32m200[0m 12.648 ms - 760[0m
[0mOPTIONS /api/customer/getUserByEmailId [32m204[0m 2.133 ms - 0[0m
[0mOPTIONS /api/customer/getUserByEmailId [32m204[0m 0.602 ms - 0[0m
[0mOPTIONS /api/customer/getUserByEmailId [32m204[0m 0.515 ms - 0[0m
[0mGET /api/customer/getUserByEmailId [32m200[0m 33.183 ms - 760[0m
[0mGET /api/customer/getUserByEmailId [32m200[0m 26.408 ms - 760[0m
[0mGET /api/customer/getUserByEmailId [32m200[0m 22.602 ms - 760[0m
[0mOPTIONS /api/customer/getUserByEmailId [32m204[0m 1.341 ms - 0[0m
[0mGET /api/customer/getUserByEmailId [36m304[0m 17.305 ms - -[0m
[0mOPTIONS /api/customer/getUserByEmailId [32m204[0m 2.967 ms - 0[0m
[0mGET /api/customer/getUserByEmailId [36m304[0m 17.569 ms - -[0m
[0mOPTIONS /api/customer/getUserByEmailId [32m204[0m 2.581 ms - 0[0m
[0mOPTIONS /api/customer/getUserByEmailId [32m204[0m 0.685 ms - 0[0m
[0mOPTIONS /api/customer/getUserByEmailId [32m204[0m 0.433 ms - 0[0m
[0mGET /api/customer/getUserByEmailId [32m200[0m 22.120 ms - 760[0m
[0mGET /api/customer/getUserByEmailId [32m200[0m 10.640 ms - 760[0m
[0mGET /api/customer/getUserByEmailId [32m200[0m 15.938 ms - 760[0m
[0mOPTIONS /api/customer/getUserByEmailId [32m204[0m 1.779 ms - 0[0m
[0mGET /api/customer/getUserByEmailId [36m304[0m 14.982 ms - -[0m
[0mOPTIONS /api/customer/getUserByEmailId [32m204[0m 2.039 ms - 0[0m
[0mOPTIONS /api/customer/getUserByEmailId [32m204[0m 0.402 ms - 0[0m
[0mOPTIONS /api/customer/getUserByEmailId [32m204[0m 0.300 ms - 0[0m
[0mGET /api/customer/getUserByEmailId [32m200[0m 27.892 ms - 760[0m
[0mGET /api/customer/getUserByEmailId [32m200[0m 21.251 ms - 760[0m
[0mGET /api/customer/getUserByEmailId [32m200[0m 20.161 ms - 760[0m
[0mOPTIONS /api/customer/getUserByEmailId [32m204[0m 3.839 ms - 0[0m
[0mGET /api/customer/getUserByEmailId [36m304[0m 11.507 ms - -[0m
[0mOPTIONS /api/customer/getUserByEmailId [32m204[0m 2.387 ms - 0[0m
[0mOPTIONS /api/customer/getUserByEmailId [32m204[0m 0.439 ms - 0[0m
[0mOPTIONS /api/customer/getUserByEmailId [32m204[0m 0.294 ms - 0[0m
[0mGET /api/customer/getUserByEmailId [32m200[0m 25.178 ms - 760[0m
[0mGET /api/customer/getUserByEmailId [32m200[0m 20.939 ms - 760[0m
[0mGET /api/customer/getUserByEmailId [32m200[0m 20.326 ms - 760[0m
[0mOPTIONS /api/customer/getUserByEmailId [32m204[0m 1.776 ms - 0[0m
[0mOPTIONS /api/customer/getUserByEmailId [32m204[0m 0.632 ms - 0[0m
[0mOPTIONS /api/customer/getUserByEmailId [32m204[0m 0.546 ms - 0[0m
[0mGET /api/customer/getUserByEmailId [32m200[0m 14.672 ms - 760[0m
[0mGET /api/customer/getUserByEmailId [32m200[0m 18.392 ms - 760[0m
[0mGET /api/customer/getUserByEmailId [32m200[0m 14.479 ms - 760[0m
[0mOPTIONS /api/customer/getUserByEmailId [32m204[0m 1.281 ms - 0[0m
[0mGET /api/customer/getUserByEmailId [36m304[0m 6.648 ms - -[0m
[0mOPTIONS /api/customer/getUserByEmailId [32m204[0m 0.845 ms - 0[0m
[0mOPTIONS /api/customer/getUserByEmailId [32m204[0m 0.403 ms - 0[0m
[0mOPTIONS /api/customer/getUserByEmailId [32m204[0m 0.307 ms - 0[0m
[0mGET /api/customer/getUserByEmailId [32m200[0m 17.211 ms - 760[0m
[0mGET /api/customer/getUserByEmailId [32m200[0m 16.284 ms - 760[0m
[0mGET /api/customer/getUserByEmailId [32m200[0m 16.018 ms - 760[0m
[0mOPTIONS /api/customer/getUserByEmailId [32m204[0m 1.294 ms - 0[0m
[0mGET /api/customer/getUserByEmailId [36m304[0m 13.548 ms - -[0m
[0mOPTIONS /api/customer/getUserByEmailId [32m204[0m 5.877 ms - 0[0m
[0mGET /api/customer/getUserByEmailId [36m304[0m 13.042 ms - -[0m
[0mOPTIONS /api/customer/getUserByEmailId [32m204[0m 1.552 ms - 0[0m
[0mOPTIONS /api/customer/getUserByEmailId [32m204[0m 0.269 ms - 0[0m
[0mOPTIONS /api/customer/getUserByEmailId [32m204[0m 0.164 ms - 0[0m
[0mGET /api/customer/getUserByEmailId [32m200[0m 36.021 ms - 760[0m
[0mGET /api/customer/getUserByEmailId [32m200[0m 32.254 ms - 760[0m
[0mGET /api/customer/getUserByEmailId [32m200[0m 34.427 ms - 760[0m
[0mOPTIONS /api/customer/getUserByEmailId [32m204[0m 1.066 ms - 0[0m
[0mGET /api/customer/getUserByEmailId [32m200[0m 10.948 ms - 760[0m
[0mOPTIONS /api/customer/getUserByEmailId [32m204[0m 0.698 ms - 0[0m
[0mOPTIONS /api/customer/getUserByEmailId [32m204[0m 0.443 ms - 0[0m
[0mOPTIONS /api/customer/getUserByEmailId [32m204[0m 0.940 ms - 0[0m
[0mGET /api/customer/getUserByEmailId [32m200[0m 11.324 ms - 760[0m
[0mGET /api/customer/getUserByEmailId [32m200[0m 11.179 ms - 760[0m
[0mGET /api/customer/getUserByEmailId [32m200[0m 7.046 ms - 760[0m
[0mOPTIONS /api/customer/getUserByEmailId [32m204[0m 2.015 ms - 0[0m
[0mOPTIONS /api/customer/getUserByEmailId [32m204[0m 0.506 ms - 0[0m
[0mOPTIONS /api/customer/getUserByEmailId [32m204[0m 0.291 ms - 0[0m
[0mGET /api/customer/getUserByEmailId [36m304[0m 10.378 ms - -[0m
[0mGET /api/customer/getUserByEmailId [36m304[0m 5.473 ms - -[0m
[0mGET /api/customer/getUserByEmailId [36m304[0m 4.446 ms - -[0m
[0mOPTIONS /api/customer/getUserByEmailId [32m204[0m 9.998 ms - 0[0m
[0mOPTIONS /api/customer/getUserByEmailId [32m204[0m 0.648 ms - 0[0m
[0mOPTIONS /api/customer/getUserByEmailId [32m204[0m 1.160 ms - 0[0m
[0mGET /api/customer/getUserByEmailId [32m200[0m 37.700 ms - 760[0m
[0mGET /api/customer/getUserByEmailId [32m200[0m 27.493 ms - 760[0m
[0mGET /api/customer/getUserByEmailId [32m200[0m 36.382 ms - 760[0m
[0mOPTIONS /api/customer/update [32m204[0m 2.164 ms - 0[0m
[0mPOST /api/customer/update [32m200[0m 71.589 ms - 49[0m
[0mOPTIONS /api/customer/getUserByEmailId [32m204[0m 2.848 ms - 0[0m
[0mGET /api/customer/getUserByEmailId [32m200[0m 28.080 ms - 744[0m
[0mOPTIONS /api/customer/getUserByEmailId [32m204[0m 2.281 ms - 0[0m
[0mGET /api/customer/getUserByEmailId [36m304[0m 18.480 ms - -[0m
[0mOPTIONS /api/customer/getUserByEmailId [32m204[0m 8.668 ms - 0[0m
[0mGET /api/customer/getUserByEmailId [36m304[0m 11.456 ms - -[0m
[0mOPTIONS /api/customer/getUserByEmailId [32m204[0m 2.312 ms - 0[0m
[0mOPTIONS /api/customer/getUserByEmailId [32m204[0m 0.936 ms - 0[0m
[0mOPTIONS /api/customer/getUserByEmailId [32m204[0m 1.188 ms - 0[0m
[0mGET /api/customer/getUserByEmailId [32m200[0m 17.428 ms - 744[0m
[0mGET /api/customer/getUserByEmailId [32m200[0m 10.964 ms - 744[0m
[0mGET /api/customer/getUserByEmailId [32m200[0m 9.521 ms - 744[0m
[0mOPTIONS /api/customer/update [32m204[0m 2.171 ms - 0[0m
[0mPOST /api/customer/update [32m200[0m 30.675 ms - 49[0m
[0mOPTIONS /api/website/order/history [32m204[0m 8.226 ms - 0[0m
[0mGET /api/website/order/history [36m304[0m 51.500 ms - -[0m
[0mOPTIONS /api/location/list [32m204[0m 2.832 ms - 0[0m
[0mGET /api/location/list [36m304[0m 3.912 ms - -[0m
[0mOPTIONS /api/location/list [32m204[0m 1.990 ms - 0[0m
[0mOPTIONS /api/customer/getUserByEmailId [32m204[0m 0.619 ms - 0[0m
[0mOPTIONS /api/customer/getUserByEmailId [32m204[0m 1.686 ms - 0[0m
[0mGET /api/location/list [36m304[0m 25.197 ms - -[0m
[0mGET /api/customer/getUserByEmailId [32m200[0m 44.360 ms - 752[0m
[0mGET /api/customer/getUserByEmailId [36m304[0m 10.456 ms - -[0m
[0mOPTIONS /api/location/list [32m204[0m 2.420 ms - 0[0m
[0mOPTIONS /api/customer/getUserByEmailId [32m204[0m 0.519 ms - 0[0m
[0mOPTIONS /api/customer/getUserByEmailId [32m204[0m 0.315 ms - 0[0m
[0mGET /api/location/list [32m200[0m 25.576 ms - 1949[0m
[0mGET /api/customer/getUserByEmailId [32m200[0m 19.744 ms - 752[0m
[0mGET /api/customer/getUserByEmailId [32m200[0m 18.987 ms - 752[0m
[0mOPTIONS /api/location/list [32m204[0m 2.101 ms - 0[0m
[0mOPTIONS /api/customer/getUserByEmailId [32m204[0m 1.694 ms - 0[0m
[0mOPTIONS /api/customer/getUserByEmailId [32m204[0m 0.474 ms - 0[0m
[0mGET /api/location/list [32m200[0m 25.594 ms - 1949[0m
[0mGET /api/customer/getUserByEmailId [32m200[0m 26.674 ms - 752[0m
[0mGET /api/customer/getUserByEmailId [32m200[0m 23.809 ms - 752[0m
[0mOPTIONS /api/customer/getUserByEmailId [32m204[0m 5.018 ms - 0[0m
[0mGET /api/customer/getUserByEmailId [36m304[0m 11.525 ms - -[0m
[0mOPTIONS /api/location/list [32m204[0m 1.136 ms - 0[0m
[0mOPTIONS /api/customer/getUserByEmailId [32m204[0m 0.300 ms - 0[0m
[0mOPTIONS /api/customer/getUserByEmailId [32m204[0m 0.194 ms - 0[0m
[0mOPTIONS /api/customer/getUserByEmailId [32m204[0m 0.250 ms - 0[0m
[0mGET /api/location/list [36m304[0m 12.084 ms - -[0m
[0mGET /api/customer/getUserByEmailId [36m304[0m 11.347 ms - -[0m
[0mGET /api/customer/getUserByEmailId [36m304[0m 10.383 ms - -[0m
[0mGET /api/customer/getUserByEmailId [36m304[0m 5.328 ms - -[0m
[0mOPTIONS /api/location/list [32m204[0m 4.959 ms - 0[0m
[0mOPTIONS /api/customer/getUserByEmailId [32m204[0m 0.514 ms - 0[0m
[0mOPTIONS /api/customer/getUserByEmailId [32m204[0m 0.398 ms - 0[0m
[0mOPTIONS /api/customer/getUserByEmailId [32m204[0m 0.212 ms - 0[0m
[0mGET /api/location/list [36m304[0m 6.205 ms - -[0m
[0mGET /api/customer/getUserByEmailId [36m304[0m 13.130 ms - -[0m
[0mGET /api/customer/getUserByEmailId [36m304[0m 10.244 ms - -[0m
[0mGET /api/customer/getUserByEmailId [36m304[0m 4.715 ms - -[0m
[0mOPTIONS /api/location/list [32m204[0m 1.963 ms - 0[0m
[0mOPTIONS /api/customer/getUserByEmailId [32m204[0m 0.738 ms - 0[0m
[0mOPTIONS /api/customer/getUserByEmailId [32m204[0m 3.380 ms - 0[0m
[0mOPTIONS /api/customer/getUserByEmailId [32m204[0m 1.574 ms - 0[0m
[0mGET /api/location/list [32m200[0m 27.466 ms - 1949[0m
[0mGET /api/customer/getUserByEmailId [32m200[0m 11.963 ms - 752[0m
[0mGET /api/customer/getUserByEmailId [32m200[0m 14.102 ms - 752[0m
[0mGET /api/customer/getUserByEmailId [32m200[0m 13.160 ms - 752[0m
[0mOPTIONS /api/customer/delete-address [32m204[0m 1.545 ms - 0[0m
[0mPOST /api/customer/delete-address [32m200[0m 23.035 ms - 30[0m
[0mGET /api/location/list [36m304[0m 7.183 ms - -[0m
[0mGET /api/customer/getUserByEmailId [32m200[0m 47.447 ms - 471[0m
[0mGET /api/customer/getUserByEmailId [36m304[0m 49.913 ms - -[0m
[0mGET /api/customer/getUserByEmailId [36m304[0m 5.533 ms - -[0m
[0mOPTIONS /api/website/order/history [32m204[0m 19.795 ms - 0[0m
[0mGET /api/website/order/history [36m304[0m 33.486 ms - -[0m
[0mOPTIONS /api/location/list [32m204[0m 1.784 ms - 0[0m
[0mOPTIONS /api/customer/getUserByEmailId [32m204[0m 5.683 ms - 0[0m
[0mGET /api/location/list [36m304[0m 5.509 ms - -[0m
[0mGET /api/customer/getUserByEmailId [36m304[0m 7.907 ms - -[0m
[0mOPTIONS /api/website/address/create [32m204[0m 0.889 ms - 0[0m
[0mPOST /api/website/address/create [32m200[0m 20.960 ms - 56[0m
[0mOPTIONS /api/location/list [32m204[0m 2.039 ms - 0[0m
[0mOPTIONS /api/customer/getUserByEmailId [32m204[0m 0.362 ms - 0[0m
[0mOPTIONS /api/customer/getUserByEmailId [32m204[0m 0.961 ms - 0[0m
[0mOPTIONS /api/customer/getUserByEmailId [32m204[0m 0.282 ms - 0[0m
[0mGET /api/location/list [36m304[0m 3.794 ms - -[0m
[0mGET /api/customer/getUserByEmailId [32m200[0m 6.747 ms - 752[0m
[0mGET /api/customer/getUserByEmailId [36m304[0m 6.520 ms - -[0m
[0mGET /api/customer/getUserByEmailId [36m304[0m 7.077 ms - -[0m
[0mOPTIONS /api/customer/delete-address [32m204[0m 0.626 ms - 0[0m
[0mPOST /api/customer/delete-address [32m200[0m 7.777 ms - 30[0m
[0mGET /api/location/list [36m304[0m 3.212 ms - -[0m
[0mGET /api/customer/getUserByEmailId [32m200[0m 5.600 ms - 471[0m
[0mGET /api/customer/getUserByEmailId [36m304[0m 4.192 ms - -[0m
[0mGET /api/customer/getUserByEmailId [36m304[0m 5.357 ms - -[0m
[0mOPTIONS /api/website/order/history [32m204[0m 0.628 ms - 0[0m
[0mGET /api/website/order/history [36m304[0m 7.656 ms - -[0m
[0mOPTIONS /api/website/order/product_list [32m204[0m 0.515 ms - 0[0m
[0mPOST /api/website/order/product_list [32m200[0m 50.052 ms - 728[0m
[0mOPTIONS /api/website/order/history [32m204[0m 0.450 ms - 0[0m
[0mGET /api/website/order/history [36m304[0m 6.634 ms - -[0m
[0mOPTIONS /api/customer/getUserByEmailId [32m204[0m 3.784 ms - 0[0m
[0mOPTIONS /api/customer/getUserByEmailId [32m204[0m 0.461 ms - 0[0m
[0mOPTIONS /api/website/order/history [32m204[0m 0.293 ms - 0[0m
[0mGET /api/customer/getUserByEmailId [32m200[0m 23.820 ms - 471[0m
[0mGET /api/customer/getUserByEmailId [32m200[0m 17.281 ms - 471[0m
[0mGET /api/website/order/history [32m200[0m 15.144 ms - 866[0m
[0mOPTIONS /api/website/order/product_list [32m204[0m 0.555 ms - 0[0m
[0mPOST /api/website/order/product_list [32m200[0m 8.030 ms - 728[0m
[0mOPTIONS /api/customer/getUserByEmailId [32m204[0m 0.831 ms - 0[0m
[0mGET /api/customer/getUserByEmailId [36m304[0m 8.786 ms - -[0m
[0mOPTIONS /api/customer/getUserByEmailId [32m204[0m 5.083 ms - 0[0m
[0mOPTIONS /api/customer/getUserByEmailId [32m204[0m 0.535 ms - 0[0m
[0mOPTIONS /api/customer/getUserByEmailId [32m204[0m 0.315 ms - 0[0m
[0mGET /api/customer/getUserByEmailId [32m200[0m 29.534 ms - 471[0m
[0mGET /api/customer/getUserByEmailId [32m200[0m 26.371 ms - 471[0m
[0mGET /api/customer/getUserByEmailId [32m200[0m 26.180 ms - 471[0m
[0mOPTIONS /api/website/order/history [32m204[0m 0.641 ms - 0[0m
[0mGET /api/website/order/history [36m304[0m 10.526 ms - -[0m
[0mOPTIONS /api/location/list [32m204[0m 0.426 ms - 0[0m
[0mOPTIONS /api/customer/getUserByEmailId [32m204[0m 0.189 ms - 0[0m
[0mGET /api/location/list [36m304[0m 2.775 ms - -[0m
[0mGET /api/customer/getUserByEmailId [36m304[0m 5.882 ms - -[0m
