[0mGET /api/website/flash-sale/list [32m200[0m 17.061 ms - 84[0m
[0mGET /api/website/flash-sale/list [32m200[0m 2.570 ms - 84[0m
[0mGET /api/website/flash-sale/list [32m200[0m 3.616 ms - 84[0m
[0mGET /api/website/flash-sale/list [32m200[0m 62.468 ms - 584[0m
[0mGET /api/website/flash-sale/list [32m200[0m 57.830 ms - 5970[0m
[0mGET /api/website/flash-sale/list [32m200[0m 90.884 ms - 49[0m
[0mGET /api/website/flash-sale/list [32m200[0m 104.319 ms - 49[0m
[0mGET /api/website/flash-sale/list [32m200[0m 18.904 ms - 49[0m
[0mGET /api/website/flash-sale/list [32m200[0m 38.372 ms - 5970[0m
[0mGET /api/website/flash-sale/list [32m200[0m 12.529 ms - 5970[0m
[0mGET /api/website/flash-sale/list [32m200[0m 60.126 ms - 49[0m
[0mGET /api/website/flash-sale/list [32m200[0m 17.750 ms - 49[0m
[0mGET /api/website/flash-sale/list [32m200[0m 43.224 ms - 5970[0m
[0mGET /api/website/flash-sale/list [32m200[0m 80.798 ms - 49[0m
[0mGET /api/website/flash-sale/list [32m200[0m 16.173 ms - 49[0m
[0mGET /api/website/flash-sale/list [32m200[0m 85.298 ms - 49[0m
[0mGET /api/website/flash-sale/list [32m200[0m 77.527 ms - 49[0m
[0mGET /api/website/flash-sale/list [32m200[0m 46.010 ms - 5970[0m
[0mGET /api/website/flash-sale/list [32m200[0m 63.984 ms - 49[0m
[0mGET /api/website/flash-sale/list [32m200[0m 72.962 ms - 49[0m
[0mGET /api/website/flash-sale/list [32m200[0m 12.934 ms - 49[0m
[0mGET /api/website/flash-sale/list [32m200[0m 54.267 ms - 49[0m
[0mGET /api/website/flash-sale/list [32m200[0m 12.568 ms - 49[0m
[0mGET /api/website/flash-sale/list [32m200[0m 89.025 ms - 49[0m
[0mGET /api/website/flash-sale/list [32m200[0m 86.275 ms - 49[0m
[0mGET /api/website/flash-sale/list [32m200[0m 91.074 ms - 49[0m
[0mGET /api/website/flash-sale/list [32m200[0m 69.233 ms - 49[0m
[0mGET /api/website/flash-sale/list [32m200[0m 85.654 ms - 49[0m
[0mGET /api/website/flash-sale/list [32m200[0m 68.879 ms - 49[0m
[0mGET /api/website/flash-sale/list [32m200[0m 87.111 ms - 49[0m
[0mGET /api/website/flash-sale/list [32m200[0m 112.091 ms - 49[0m
[0mGET /api/website/flash-sale/list [32m200[0m 21.838 ms - 49[0m
[0mGET /api/website/flash-sale/list [32m200[0m 65.824 ms - 49[0m
[0mGET /api/website/flash-sale/list [32m200[0m 54.244 ms - 49[0m
[0mGET /api/website/flash-sale/list [32m200[0m 55.377 ms - 49[0m
[0mGET /api/website/flash-sale/list [32m200[0m 63.059 ms - 49[0m
[0mGET /api/website/flash-sale/list [32m200[0m 66.969 ms - 49[0m
[0mGET /api/website/flash-sale/list [32m200[0m 65.869 ms - 49[0m
[0mGET /api/website/flash-sale/list [32m200[0m 76.632 ms - 49[0m
[0mGET /api/website/flash-sale/list [32m200[0m 82.759 ms - 49[0m
[0mGET /api/website/flash-sale/list [32m200[0m 32.266 ms - 726[0m
[0mGET /api/website/flash-sale/list [32m200[0m 20.335 ms - 726[0m
[0mGET /api/website/flash-sale/list [32m200[0m 28.465 ms - 726[0m
[0mGET /api/website/flash-sale/list [32m200[0m 40.854 ms - 877[0m
[0mGET /api/website/flash-sale/list [32m200[0m 31.597 ms - 877[0m
[0mGET /api/website/flash-sale/list [32m200[0m 18.317 ms - 877[0m
[0mGET /api/website/flash-sale/list [32m200[0m 47.299 ms - 847[0m
[0mGET /api/website/flash-sale/list [32m200[0m 41.220 ms - 873[0m
[0mGET /api/website/flash-sale/list [32m200[0m 37.681 ms - 859[0m
[0mGET /api/website/image/banner?type=0 [36m304[0m 124.343 ms - -[0m
[0mGET /api/website/popular/category-list [36m304[0m 105.473 ms - -[0m
[0mGET /api/website/collection/list [36m304[0m 105.950 ms - -[0m
[0mGET /api/website/category/list [36m304[0m 122.439 ms - -[0m
[0mGET /api/website/product/new-arrival [36m304[0m 121.932 ms - -[0m
[0mGET /api/website/product/home-kitchen [36m304[0m 188.567 ms - -[0m
[0mGET /api/website/product/men-fashion [36m304[0m 243.800 ms - -[0m
[0mGET /api/website/product/women-fashion [36m304[0m 252.958 ms - -[0m
[0mGET /api/website/image/banner?type=0 [32m200[0m 33.761 ms - 152[0m
[0mGET /api/website/collection/list [32m200[0m 56.698 ms - 299[0m
[0mGET /api/website/popular/category-list [32m200[0m 60.618 ms - 8117[0m
[0mGET /api/website/category/list [32m200[0m 145.752 ms - 24410[0m
[0mGET /api/website/product/home-kitchen [32m200[0m 136.057 ms - 15246[0m
[0mGET /api/website/product/women-fashion [32m200[0m 135.141 ms - 17554[0m
[0mGET /api/website/product/new-arrival [32m200[0m 129.178 ms - 62[0m
[0mGET /api/website/product/men-fashion [32m200[0m 45.809 ms - 15254[0m
[0mGET /api/website/image/banner?type=0 [36m304[0m 34.790 ms - -[0m
[0mGET /api/website/popular/category-list [36m304[0m 39.615 ms - -[0m
[0mGET /api/website/product/new-arrival [36m304[0m 38.431 ms - -[0m
[0mGET /api/website/collection/list [36m304[0m 14.850 ms - -[0m
[0mGET /api/website/product/men-fashion [36m304[0m 85.472 ms - -[0m
[0mGET /api/website/product/home-kitchen [36m304[0m 92.267 ms - -[0m
[0mGET /api/website/product/women-fashion [36m304[0m 88.980 ms - -[0m
[0mGET /api/website/image/banner?type=0 [36m304[0m 50.526 ms - -[0m
[0mGET /api/website/popular/category-list [36m304[0m 83.625 ms - -[0m
[0mGET /api/website/collection/list [36m304[0m 67.358 ms - -[0m
[0mGET /api/website/product/new-arrival [36m304[0m 54.246 ms - -[0m
[0mGET /api/website/product/men-fashion [36m304[0m 137.564 ms - -[0m
[0mGET /api/website/product/women-fashion [36m304[0m 139.418 ms - -[0m
[0mGET /api/website/product/home-kitchen [36m304[0m 141.844 ms - -[0m
[0mGET /api/website/product/new-arrival [36m304[0m 109.662 ms - -[0m
[0mGET /api/website/product/women-fashion [36m304[0m 119.475 ms - -[0m
[0mGET /api/website/product/home-kitchen [36m304[0m 111.687 ms - -[0m
[0mGET /api/website/product/men-fashion [36m304[0m 111.954 ms - -[0m
[0mGET /api/website/image/banner?type=0 [36m304[0m 38.665 ms - -[0m
[0mGET /api/website/collection/list [36m304[0m 46.185 ms - -[0m
[0mGET /api/website/popular/category-list [36m304[0m 56.008 ms - -[0m
[0mGET /api/website/product/new-arrival [36m304[0m 37.088 ms - -[0m
[0mGET /api/website/product/men-fashion [36m304[0m 204.547 ms - -[0m
[0mGET /api/website/product/home-kitchen [36m304[0m 207.746 ms - -[0m
[0mGET /api/website/product/women-fashion [36m304[0m 240.685 ms - -[0m
[0mGET /api/website/product/women-fashion [36m304[0m 79.111 ms - -[0m
[0mGET /api/website/image/banner?type=0 [32m200[0m 53.063 ms - 152[0m
[0mGET /api/website/popular/category-list [32m200[0m 113.508 ms - 8117[0m
[0mGET /api/website/collection/list [32m200[0m 107.645 ms - 299[0m
[0mGET /api/website/category/list [32m200[0m 137.431 ms - 24410[0m
[0mGET /api/website/product/women-fashion [32m200[0m 172.188 ms - 17554[0m
[0mGET /api/website/product/women-fashion [32m200[0m 178.004 ms - 17554[0m
[0mGET /api/website/product/men-fashion [32m200[0m 110.696 ms - 15254[0m
[0mGET /api/website/product/home-kitchen [32m200[0m 101.813 ms - 15246[0m
[0mGET /api/website/product/new-arrival [32m200[0m 33.254 ms - 62[0m
[0mGET /api/website/image/banner?type=0 [32m200[0m 21.651 ms - 152[0m
[0mGET /api/website/category/list [32m200[0m 52.958 ms - 24410[0m
[0mGET /api/website/popular/category-list [32m200[0m 66.548 ms - 8117[0m
[0mGET /api/website/collection/list [32m200[0m 77.251 ms - 299[0m
[0mGET /api/website/product/home-kitchen [32m200[0m 154.173 ms - 15246[0m
[0mGET /api/website/product/women-fashion [32m200[0m 152.642 ms - 17554[0m
[0mGET /api/website/product/men-fashion [32m200[0m 96.920 ms - 15254[0m
[0mGET /api/website/product/new-arrival [32m200[0m 78.886 ms - 62[0m
[0mGET /api/website/product/women-fashion [32m200[0m 154.081 ms - 17554[0m
[0mGET /api/website/image/banner?type=0 [32m200[0m 14.703 ms - 152[0m
[0mGET /api/website/category/list [32m200[0m 109.251 ms - 24410[0m
[0mGET /api/website/popular/category-list [32m200[0m 103.921 ms - 8117[0m
[0mGET /api/website/collection/list [32m200[0m 128.012 ms - 299[0m
[0mGET /api/website/product/new-arrival [32m200[0m 132.469 ms - 62[0m
[0mGET /api/website/product/men-fashion [32m200[0m 149.351 ms - 15254[0m
[0mGET /api/website/product/women-fashion [32m200[0m 242.242 ms - 17554[0m
[0mGET /api/website/product/home-kitchen [32m200[0m 245.746 ms - 15246[0m
[0mGET /api/website/product/women-fashion [32m200[0m 240.837 ms - 17554[0m
[0mGET /api/website/flash-sale [32m200[0m 67.773 ms - 859[0m
[0mGET /api/website/product/new-arrival [36m304[0m 84.491 ms - -[0m
[0mGET /api/website/product/home-kitchen [36m304[0m 98.826 ms - -[0m
[0mGET /api/website/product/women-fashion [36m304[0m 95.850 ms - -[0m
[0mGET /api/website/product/men-fashion [36m304[0m 110.219 ms - -[0m
[0mGET /api/website/flash-sale [36m304[0m 151.611 ms - -[0m
[0mGET /api/website/product/new-arrival [36m304[0m 175.058 ms - -[0m
[0mGET /api/website/product/men-fashion [36m304[0m 182.038 ms - -[0m
[0mGET /api/website/product/women-fashion [36m304[0m 187.041 ms - -[0m
[0mGET /api/website/product/home-kitchen [36m304[0m 181.122 ms - -[0m
[0mGET /api/website/image/banner?type=0 [36m304[0m 93.873 ms - -[0m
[0mGET /api/website/category/list [36m304[0m 145.781 ms - -[0m
[0mGET /api/website/collection/list [36m304[0m 237.356 ms - -[0m
[0mGET /api/website/product/new-arrival [36m304[0m 205.253 ms - -[0m
[0mGET /api/website/popular/category-list [36m304[0m 269.368 ms - -[0m
[0mGET /api/website/flash-sale [36m304[0m 211.725 ms - -[0m
[0mGET /api/website/product/men-fashion [36m304[0m 407.354 ms - -[0m
[0mGET /api/website/product/home-kitchen [36m304[0m 445.569 ms - -[0m
[0mGET /api/website/product/women-fashion [36m304[0m 136.769 ms - -[0m
[0mGET /api/website/image/banner?type=0 [32m200[0m 98.330 ms - 152[0m
[0mGET /api/website/popular/category-list [32m200[0m 83.665 ms - 8117[0m
[0mGET /api/website/collection/list [32m200[0m 160.551 ms - 299[0m
[0mGET /api/website/flash-sale [32m200[0m 184.386 ms - 859[0m
[0mGET /api/website/category/list [32m200[0m 219.373 ms - 24410[0m
[0mGET /api/website/product/new-arrival [32m200[0m 131.006 ms - 62[0m
[0mGET /api/website/product/home-kitchen [32m200[0m 214.641 ms - 15246[0m
[0mGET /api/website/product/women-fashion [32m200[0m 215.482 ms - 17554[0m
[0mGET /api/website/product/men-fashion [32m200[0m 53.790 ms - 15254[0m
[0mGET /api/website/image/banner?type=0 [32m200[0m 22.454 ms - 152[0m
[0mGET /api/website/collection/list [32m200[0m 63.407 ms - 299[0m
[0mGET /api/website/category/list [32m200[0m 91.183 ms - 24410[0m
[0mGET /api/website/popular/category-list [32m200[0m 94.804 ms - 8117[0m
[0mGET /api/website/flash-sale [32m200[0m 108.890 ms - 859[0m
[0mGET /api/website/product/women-fashion [32m200[0m 192.229 ms - 17554[0m
[0mGET /api/website/product/new-arrival [32m200[0m 145.863 ms - 62[0m
[0mGET /api/website/product/men-fashion [32m200[0m 179.323 ms - 15254[0m
[0mGET /api/website/product/home-kitchen [32m200[0m 249.180 ms - 15246[0m
[0mGET /api/website/image/banner?type=0 [32m200[0m 20.828 ms - 152[0m
[0mGET /api/website/category/list [32m200[0m 84.795 ms - 24410[0m
[0mGET /api/website/popular/category-list [32m200[0m 85.733 ms - 8117[0m
[0mGET /api/website/collection/list [32m200[0m 88.944 ms - 299[0m
[0mGET /api/website/flash-sale [32m200[0m 171.751 ms - 859[0m
[0mGET /api/website/product/new-arrival [32m200[0m 85.290 ms - 62[0m
[0mGET /api/website/product/men-fashion [32m200[0m 94.003 ms - 15254[0m
[0mGET /api/website/product/home-kitchen [32m200[0m 173.829 ms - 15246[0m
[0mGET /api/website/product/women-fashion [32m200[0m 173.788 ms - 17554[0m
[0mGET /api/website/image/banner?type=0 [36m304[0m 23.656 ms - -[0m
[0mGET /api/website/collection/list [36m304[0m 60.226 ms - -[0m
[0mGET /api/website/popular/category-list [36m304[0m 63.438 ms - -[0m
[0mGET /api/website/category/list [36m304[0m 79.343 ms - -[0m
[0mGET /api/website/flash-sale [36m304[0m 162.711 ms - -[0m
[0mGET /api/website/product/home-kitchen [36m304[0m 192.633 ms - -[0m
[0mGET /api/website/product/women-fashion [36m304[0m 192.236 ms - -[0m
[0mGET /api/website/product/new-arrival [36m304[0m 123.257 ms - -[0m
[0mGET /api/website/product/men-fashion [36m304[0m 230.020 ms - -[0m
[0mGET /api/website/image/banner?type=0 [32m200[0m 8.292 ms - 152[0m
[0mGET /api/website/collection/list [32m200[0m 51.386 ms - 299[0m
[0mGET /api/website/popular/category-list [32m200[0m 53.466 ms - 8117[0m
[0mGET /api/website/category/list [32m200[0m 62.325 ms - 24410[0m
[0mGET /api/website/flash-sale [32m200[0m 56.298 ms - 859[0m
[0mGET /api/website/product/women-fashion [32m200[0m 110.241 ms - 17554[0m
[0mGET /api/website/product/new-arrival [32m200[0m 49.826 ms - 62[0m
[0mGET /api/website/product/home-kitchen [32m200[0m 113.381 ms - 15246[0m
[0mGET /api/website/product/men-fashion [32m200[0m 58.139 ms - 15254[0m
[0mGET /api/website/image/banner?type=0 [32m200[0m 12.303 ms - 152[0m
[0mGET /api/website/category/list [32m200[0m 66.469 ms - 24410[0m
[0mGET /api/website/popular/category-list [32m200[0m 74.301 ms - 8117[0m
[0mGET /api/website/collection/list [32m200[0m 75.085 ms - 299[0m
[0mGET /api/website/flash-sale [32m200[0m 27.508 ms - 859[0m
[0mGET /api/website/product/women-fashion [32m200[0m 99.828 ms - 17554[0m
[0mGET /api/website/product/new-arrival [32m200[0m 56.341 ms - 62[0m
[0mGET /api/website/product/men-fashion [32m200[0m 104.111 ms - 15254[0m
[0mGET /api/website/product/home-kitchen [32m200[0m 102.819 ms - 15246[0m
[0mGET /api/website/image/banner?type=0 [36m304[0m 35.551 ms - -[0m
[0mGET /api/website/category/list [36m304[0m 62.561 ms - -[0m
[0mGET /api/website/collection/list [36m304[0m 58.051 ms - -[0m
[0mGET /api/website/product/new-arrival [36m304[0m 58.939 ms - -[0m
[0mGET /api/website/popular/category-list [36m304[0m 81.561 ms - -[0m
[0mGET /api/website/flash-sale [36m304[0m 198.495 ms - -[0m
[0mGET /api/website/product/women-fashion [36m304[0m 207.790 ms - -[0m
[0mGET /api/website/product/home-kitchen [36m304[0m 267.866 ms - -[0m
[0mGET /api/website/product/men-fashion [36m304[0m 274.254 ms - -[0m
[0mGET /api/website/image/banner?type=0 [32m200[0m 18.489 ms - 152[0m
[0mGET /api/website/popular/category-list [32m200[0m 40.851 ms - 8117[0m
[0mGET /api/website/category/list [32m200[0m 94.264 ms - 24410[0m
[0mGET /api/website/collection/list [32m200[0m 83.740 ms - 299[0m
[0mGET /api/website/flash-sale [32m200[0m 14.264 ms - 859[0m
[0mGET /api/website/product/new-arrival [32m200[0m 115.130 ms - 62[0m
[0mGET /api/website/product/men-fashion [32m200[0m 77.564 ms - 15254[0m
[0mGET /api/website/product/women-fashion [32m200[0m 153.976 ms - 17554[0m
[0mGET /api/website/product/home-kitchen [32m200[0m 156.665 ms - 15246[0m
[0mGET /api/website/flash-sale [36m304[0m 90.429 ms - -[0m
[0mGET /api/website/product/new-arrival [36m304[0m 133.968 ms - -[0m
[0mGET /api/website/product/home-kitchen [36m304[0m 166.238 ms - -[0m
[0mGET /api/website/product/women-fashion [36m304[0m 154.705 ms - -[0m
[0mGET /api/website/product/men-fashion [36m304[0m 177.653 ms - -[0m
[0mGET /api/website/image/banner?type=0 [36m304[0m 21.539 ms - -[0m
[0mGET /api/website/popular/category-list [36m304[0m 30.475 ms - -[0m
[0mGET /api/website/collection/list [36m304[0m 62.081 ms - -[0m
[0mGET /api/website/flash-sale [36m304[0m 65.642 ms - -[0m
[0mGET /api/website/category/list [36m304[0m 90.155 ms - -[0m
[0mGET /api/website/product/home-kitchen [36m304[0m 88.853 ms - -[0m
[0mGET /api/website/product/women-fashion [36m304[0m 97.562 ms - -[0m
[0mGET /api/website/product/men-fashion [36m304[0m 74.907 ms - -[0m
[0mGET /api/website/product/new-arrival [36m304[0m 38.843 ms - -[0m
[0mGET /api/website/image/banner?type=0 [36m304[0m 16.373 ms - -[0m
[0mGET /api/website/category/list [36m304[0m 38.844 ms - -[0m
[0mGET /api/website/popular/category-list [36m304[0m 42.511 ms - -[0m
[0mGET /api/website/collection/list [36m304[0m 47.880 ms - -[0m
[0mGET /api/website/flash-sale [36m304[0m 43.677 ms - -[0m
[0mGET /api/website/product/new-arrival [36m304[0m 35.801 ms - -[0m
[0mGET /api/website/product/men-fashion [36m304[0m 45.844 ms - -[0m
[0mGET /api/website/product/women-fashion [36m304[0m 85.693 ms - -[0m
[0mGET /api/website/product/home-kitchen [36m304[0m 88.093 ms - -[0m
[0mGET /api/website/image/banner?type=0 [36m304[0m 23.947 ms - -[0m
[0mGET /api/website/category/list [36m304[0m 47.479 ms - -[0m
[0mGET /api/website/popular/category-list [36m304[0m 63.766 ms - -[0m
[0mGET /api/website/flash-sale [36m304[0m 64.513 ms - -[0m
[0mGET /api/website/collection/list [36m304[0m 64.686 ms - -[0m
[0mGET /api/website/product/women-fashion [36m304[0m 121.505 ms - -[0m
[0mGET /api/website/product/home-kitchen [36m304[0m 111.091 ms - -[0m
[0mGET /api/website/product/new-arrival [36m304[0m 58.587 ms - -[0m
[0mGET /api/website/product/men-fashion [36m304[0m 68.451 ms - -[0m
[0mGET /api/website/image/banner?type=0 [32m200[0m 16.567 ms - 152[0m
[0mGET /api/website/popular/category-list [32m200[0m 71.131 ms - 8117[0m
[0mGET /api/website/category/list [32m200[0m 76.996 ms - 24410[0m
[0mGET /api/website/collection/list [32m200[0m 79.145 ms - 299[0m
[0mGET /api/website/flash-sale [32m200[0m 82.305 ms - 859[0m
[0mGET /api/website/product/women-fashion [32m200[0m 130.532 ms - 17554[0m
[0mGET /api/website/product/new-arrival [32m200[0m 63.798 ms - 62[0m
[0mGET /api/website/product/home-kitchen [32m200[0m 141.956 ms - 15246[0m
[0mGET /api/website/product/men-fashion [32m200[0m 67.611 ms - 15254[0m
[0mGET /api/website/image/banner?type=0 [36m304[0m 28.556 ms - -[0m
[0mGET /api/website/popular/category-list [36m304[0m 23.399 ms - -[0m
[0mGET /api/website/category/list [36m304[0m 54.517 ms - -[0m
[0mGET /api/website/collection/list [36m304[0m 60.169 ms - -[0m
[0mGET /api/website/flash-sale [36m304[0m 65.738 ms - -[0m
[0mGET /api/website/product/new-arrival [36m304[0m 26.696 ms - -[0m
[0mGET /api/website/product/women-fashion [36m304[0m 118.972 ms - -[0m
[0mGET /api/website/product/men-fashion [36m304[0m 90.896 ms - -[0m
[0mGET /api/website/product/home-kitchen [36m304[0m 135.271 ms - -[0m
[0mGET /api/website/image/banner?type=0 [36m304[0m 24.627 ms - -[0m
[0mGET /api/website/collection/list [36m304[0m 21.572 ms - -[0m
[0mGET /api/website/popular/category-list [36m304[0m 45.843 ms - -[0m
[0mGET /api/website/category/list [36m304[0m 49.394 ms - -[0m
[0mGET /api/website/flash-sale [36m304[0m 31.526 ms - -[0m
[0mGET /api/website/product/women-fashion [36m304[0m 86.249 ms - -[0m
[0mGET /api/website/product/home-kitchen [36m304[0m 86.756 ms - -[0m
[0mGET /api/website/product/new-arrival [36m304[0m 40.944 ms - -[0m
[0mGET /api/website/product/men-fashion [36m304[0m 45.718 ms - -[0m
[0mGET /api/website/image/banner?type=0 [32m200[0m 16.856 ms - 152[0m
[0mGET /api/website/category/list [32m200[0m 61.156 ms - 24410[0m
[0mGET /api/website/collection/list [32m200[0m 33.074 ms - 299[0m
[0mGET /api/website/flash-sale [32m200[0m 31.611 ms - 859[0m
[0mGET /api/website/popular/category-list [32m200[0m 16.349 ms - 8117[0m
[0mGET /api/website/product/women-fashion [32m200[0m 89.610 ms - 17554[0m
[0mGET /api/website/product/new-arrival [32m200[0m 65.561 ms - 62[0m
[0mGET /api/website/product/home-kitchen [32m200[0m 94.838 ms - 15246[0m
[0mGET /api/website/product/men-fashion [32m200[0m 88.796 ms - 15254[0m
[0mGET /api/website/image/banner?type=0 [36m304[0m 17.326 ms - -[0m
[0mGET /api/website/popular/category-list [36m304[0m 53.580 ms - -[0m
[0mGET /api/website/collection/list [36m304[0m 45.081 ms - -[0m
[0mGET /api/website/flash-sale [36m304[0m 39.576 ms - -[0m
[0mGET /api/website/category/list [36m304[0m 63.324 ms - -[0m
[0mGET /api/website/product/new-arrival [36m304[0m 24.565 ms - -[0m
[0mGET /api/website/product/men-fashion [36m304[0m 177.485 ms - -[0m
[0mGET /api/website/product/home-kitchen [36m304[0m 221.934 ms - -[0m
[0mGET /api/website/product/women-fashion [36m304[0m 206.247 ms - -[0m
[0mGET /api/website/image/banner?type=0 [32m200[0m 8.751 ms - 152[0m
[0mGET /api/website/collection/list [32m200[0m 62.640 ms - 299[0m
[0mGET /api/website/popular/category-list [32m200[0m 67.491 ms - 8117[0m
[0mGET /api/website/category/list [32m200[0m 76.260 ms - 24410[0m
[0mGET /api/website/flash-sale [32m200[0m 72.940 ms - 859[0m
[0mGET /api/website/product/women-fashion [32m200[0m 178.890 ms - 17554[0m
[0mGET /api/website/product/new-arrival [32m200[0m 118.661 ms - 62[0m
[0mGET /api/website/product/home-kitchen [32m200[0m 182.294 ms - 15246[0m
[0mGET /api/website/product/men-fashion [32m200[0m 121.175 ms - 15254[0m
[0mGET /api/website/image/banner?type=0 [36m304[0m 24.039 ms - -[0m
[0mGET /api/website/popular/category-list [36m304[0m 85.747 ms - -[0m
[0mGET /api/website/category/list [36m304[0m 128.868 ms - -[0m
[0mGET /api/website/collection/list [36m304[0m 128.591 ms - -[0m
[0mGET /api/website/flash-sale [36m304[0m 91.395 ms - -[0m
[0mGET /api/website/product/men-fashion [36m304[0m 95.081 ms - -[0m
[0mGET /api/website/product/women-fashion [36m304[0m 132.442 ms - -[0m
[0mGET /api/website/product/new-arrival [36m304[0m 45.475 ms - -[0m
[0mGET /api/website/product/home-kitchen [36m304[0m 135.299 ms - -[0m
[0mOPTIONS /api/auth/rootLogin [32m204[0m 3.222 ms - 0[0m
[0mPOST /api/auth/rootLogin [32m200[0m 303.357 ms - 211[0m
[0mOPTIONS /api/order/notifications [32m204[0m 0.330 ms - 0[0m
[0mOPTIONS /api/order/list [32m204[0m 0.167 ms - 0[0m
[0mOPTIONS /api/order/count [32m204[0m 0.613 ms - 0[0m
[0mGET /api/order/count [36m304[0m 24.750 ms - -[0m
[0mPOST /api/order/list [32m200[0m 75.036 ms - 10815[0m
[0mGET /api/order/notifications [36m304[0m 114.873 ms - -[0m
[0mOPTIONS /api/order/notifications [32m204[0m 8.279 ms - 0[0m
[0mOPTIONS /api/collection/flash-sale-list [32m204[0m 0.296 ms - 0[0m
[0mGET /api/collection/flash-sale-list [36m304[0m 32.722 ms - -[0m
[0mGET /api/order/notifications [36m304[0m 54.150 ms - -[0m
[0mOPTIONS /api/product/getAllList [32m204[0m 0.698 ms - 0[0m
[0mGET /api/product/getAllList [32m200[0m 301.283 ms - 297549[0m
[0mOPTIONS /api/collection/flash-sale-update [32m204[0m 1.819 ms - 0[0m
[0mPUT /api/collection/flash-sale-update [31m500[0m 72.161 ms - 35[0m
[0mOPTIONS /api/collection/flash-sale-update [32m204[0m 1.643 ms - 0[0m
[0mPUT /api/collection/flash-sale-update [31m500[0m 31.899 ms - 35[0m
[0mOPTIONS /api/collection/flash-sale-update [32m204[0m 5.400 ms - 0[0m
[0mPUT /api/collection/flash-sale-update [31m500[0m 98.070 ms - 35[0m
[0mOPTIONS /api/order/notifications [32m204[0m 22.511 ms - 0[0m
[0mOPTIONS /api/collection/flash-sale-list [32m204[0m 6.963 ms - 0[0m
[0mGET /api/collection/flash-sale-list [36m304[0m 105.315 ms - -[0m
[0mGET /api/order/notifications [36m304[0m 151.163 ms - -[0m
[0mOPTIONS /api/product/getAllList [32m204[0m 1.867 ms - 0[0m
[0mGET /api/product/getAllList [36m304[0m 300.416 ms - -[0m
[0mOPTIONS /api/collection/flash-sale-update [32m204[0m 1.425 ms - 0[0m
[0mPUT /api/collection/flash-sale-update [32m200[0m 78.406 ms - 69[0m
[0mOPTIONS /api/order/notifications [32m204[0m 0.696 ms - 0[0m
[0mOPTIONS /api/collection/flash-sale-list [32m204[0m 0.260 ms - 0[0m
[0mGET /api/collection/flash-sale-list [32m200[0m 20.885 ms - 729[0m
[0mGET /api/order/notifications [32m200[0m 49.752 ms - 36[0m
[0mOPTIONS /api/product/getAllList [32m204[0m 0.281 ms - 0[0m
[0mGET /api/product/getAllList [32m200[0m 270.684 ms - 297549[0m
[0mOPTIONS /api/customer/getUserByEmailId [32m204[0m 0.483 ms - 0[0m
[0mGET /api/website/image/banner?type=0 [32m200[0m 18.264 ms - 152[0m
[0mGET /api/customer/getUserByEmailId [33m403[0m 12.484 ms - 36[0m
[0mOPTIONS /api/customer/getUserByEmailId [32m204[0m 0.404 ms - 0[0m
[0mGET /api/website/category/list [32m200[0m 124.582 ms - 24410[0m
[0mGET /api/website/popular/category-list [32m200[0m 124.110 ms - 8117[0m
[0mGET /api/website/collection/list [32m200[0m 121.745 ms - 299[0m
[0mGET /api/customer/getUserByEmailId [33m403[0m 32.124 ms - 36[0m
[0mGET /api/website/flash-sale [32m200[0m 229.161 ms - 1448[0m
[0mGET /api/website/product/new-arrival [32m200[0m 220.551 ms - 62[0m
[0mGET /api/website/product/men-fashion [32m200[0m 351.506 ms - 15254[0m
[0mGET /api/website/product/home-kitchen [32m200[0m 353.866 ms - 15246[0m
[0mGET /api/website/product/women-fashion [32m200[0m 319.610 ms - 17554[0m
[0mGET /api/website/image/banner?type=0 [32m200[0m 38.483 ms - 152[0m
[0mGET /api/website/collection/list [32m200[0m 94.349 ms - 299[0m
[0mGET /api/website/popular/category-list [32m200[0m 98.892 ms - 8117[0m
[0mGET /api/website/category/list [32m200[0m 113.398 ms - 24410[0m
[0mGET /api/website/product/home-kitchen [32m200[0m 193.630 ms - 15246[0m
[0mGET /api/website/flash-sale [32m200[0m 85.451 ms - 1448[0m
[0mGET /api/website/product/new-arrival [32m200[0m 78.302 ms - 62[0m
[0mGET /api/website/product/men-fashion [32m200[0m 171.943 ms - 15254[0m
[0mGET /api/website/product/women-fashion [32m200[0m 195.149 ms - 17554[0m
[0mGET /api/website/image/banner?type=0 [32m200[0m 47.578 ms - 152[0m
[0mGET /api/website/category/list [32m200[0m 116.973 ms - 24410[0m
[0mGET /api/website/popular/category-list [32m200[0m 122.123 ms - 8117[0m
[0mGET /api/website/product/new-arrival [32m200[0m 101.928 ms - 62[0m
[0mGET /api/website/collection/list [32m200[0m 47.782 ms - 299[0m
[0mGET /api/website/product/men-fashion [32m200[0m 165.038 ms - 15254[0m
[0mGET /api/website/product/women-fashion [32m200[0m 184.463 ms - 17554[0m
[0mGET /api/website/product/home-kitchen [32m200[0m 175.670 ms - 15246[0m
[0mGET /api/website/flash-sale [32m200[0m 95.754 ms - 1448[0m
[0mGET /api/website/image/banner?type=0 [36m304[0m 24.385 ms - -[0m
[0mGET /api/website/popular/category-list [36m304[0m 34.081 ms - -[0m
[0mGET /api/website/collection/list [36m304[0m 43.751 ms - -[0m
[0mGET /api/website/flash-sale [36m304[0m 22.063 ms - -[0m
[0mGET /api/website/product/new-arrival [36m304[0m 79.078 ms - -[0m
[0mGET /api/website/product/home-kitchen [36m304[0m 88.343 ms - -[0m
[0mGET /api/website/product/women-fashion [36m304[0m 86.161 ms - -[0m
[0mGET /api/website/product/men-fashion [36m304[0m 86.771 ms - -[0m
[0mGET /api/website/flash-sale [36m304[0m 78.135 ms - -[0m
[0mGET /api/website/product/women-fashion [36m304[0m 83.910 ms - -[0m
[0mGET /api/website/product/new-arrival [36m304[0m 73.702 ms - -[0m
[0mGET /api/website/product/men-fashion [36m304[0m 75.485 ms - -[0m
[0mGET /api/website/product/home-kitchen [36m304[0m 78.449 ms - -[0m
[0mGET /api/website/flash-sale [36m304[0m 39.588 ms - -[0m
[0mGET /api/website/product/new-arrival [36m304[0m 126.661 ms - -[0m
[0mGET /api/website/product/home-kitchen [36m304[0m 139.084 ms - -[0m
[0mGET /api/website/product/men-fashion [36m304[0m 132.852 ms - -[0m
[0mGET /api/website/product/women-fashion [36m304[0m 145.179 ms - -[0m
[0mGET /api/website/image/banner?type=0 [32m200[0m 7.239 ms - 152[0m
[0mGET /api/website/popular/category-list [32m200[0m 42.661 ms - 8117[0m
[0mGET /api/website/collection/list [32m200[0m 37.686 ms - 299[0m
[0mGET /api/website/flash-sale [32m200[0m 70.895 ms - 1448[0m
[0mGET /api/website/category/list [32m200[0m 94.378 ms - 24410[0m
[0mGET /api/website/product/new-arrival [32m200[0m 68.016 ms - 62[0m
[0mGET /api/website/product/women-fashion [32m200[0m 132.832 ms - 17554[0m
[0mGET /api/website/product/men-fashion [32m200[0m 130.376 ms - 15254[0m
[0mGET /api/website/product/home-kitchen [32m200[0m 80.112 ms - 15246[0m
[0mGET /api/website/flash-sale [36m304[0m 36.579 ms - -[0m
[0mGET /api/website/product/new-arrival [36m304[0m 31.810 ms - -[0m
[0mGET /api/website/product/men-fashion [36m304[0m 75.757 ms - -[0m
[0mGET /api/website/product/home-kitchen [36m304[0m 77.838 ms - -[0m
[0mGET /api/website/product/women-fashion [36m304[0m 76.817 ms - -[0m
[0mGET /api/website/flash-sale [36m304[0m 28.840 ms - -[0m
[0mGET /api/website/product/new-arrival [36m304[0m 31.229 ms - -[0m
[0mGET /api/website/product/women-fashion [36m304[0m 71.109 ms - -[0m
[0mGET /api/website/product/home-kitchen [36m304[0m 61.126 ms - -[0m
[0mGET /api/website/product/men-fashion [36m304[0m 60.581 ms - -[0m
[0mGET /api/website/image/banner?type=0 [36m304[0m 35.855 ms - -[0m
[0mGET /api/website/popular/category-list [36m304[0m 38.084 ms - -[0m
[0mGET /api/website/category/list [36m304[0m 64.486 ms - -[0m
[0mGET /api/website/collection/list [36m304[0m 72.588 ms - -[0m
[0mGET /api/website/flash-sale [36m304[0m 59.479 ms - -[0m
[0mGET /api/website/product/new-arrival [36m304[0m 53.286 ms - -[0m
[0mGET /api/website/product/women-fashion [36m304[0m 60.995 ms - -[0m
[0mGET /api/website/product/men-fashion [36m304[0m 116.991 ms - -[0m
[0mGET /api/website/product/home-kitchen [36m304[0m 118.456 ms - -[0m
[0mGET /api/website/image/banner?type=0 [36m304[0m 41.695 ms - -[0m
[0mGET /api/website/popular/category-list [36m304[0m 81.042 ms - -[0m
[0mGET /api/website/collection/list [36m304[0m 68.490 ms - -[0m
[0mGET /api/website/category/list [36m304[0m 92.341 ms - -[0m
[0mGET /api/website/flash-sale [36m304[0m 36.219 ms - -[0m
[0mGET /api/website/product/women-fashion [36m304[0m 137.173 ms - -[0m
[0mGET /api/website/product/new-arrival [36m304[0m 62.575 ms - -[0m
[0mGET /api/website/product/men-fashion [36m304[0m 74.342 ms - -[0m
[0mGET /api/website/product/home-kitchen [36m304[0m 141.191 ms - -[0m
[0mGET /api/website/flash-sale [36m304[0m 32.419 ms - -[0m
[0mGET /api/website/product/men-fashion [36m304[0m 53.480 ms - -[0m
[0mGET /api/website/product/women-fashion [36m304[0m 61.650 ms - -[0m
[0mGET /api/website/product/new-arrival [36m304[0m 55.661 ms - -[0m
[0mGET /api/website/product/home-kitchen [36m304[0m 65.433 ms - -[0m
[0mGET /api/website/flash-sale [36m304[0m 41.425 ms - -[0m
[0mGET /api/website/product/new-arrival [36m304[0m 90.251 ms - -[0m
[0mGET /api/website/product/home-kitchen [36m304[0m 99.789 ms - -[0m
[0mGET /api/website/product/women-fashion [36m304[0m 94.967 ms - -[0m
[0mGET /api/website/product/men-fashion [36m304[0m 90.844 ms - -[0m
[0mGET /api/website/flash-sale [36m304[0m 43.352 ms - -[0m
[0mGET /api/website/product/home-kitchen [36m304[0m 110.157 ms - -[0m
[0mGET /api/website/product/new-arrival [36m304[0m 104.055 ms - -[0m
[0mGET /api/website/product/women-fashion [36m304[0m 113.448 ms - -[0m
[0mGET /api/website/product/men-fashion [36m304[0m 112.932 ms - -[0m
[0mGET /api/website/image/banner?type=0 [36m304[0m 34.972 ms - -[0m
[0mGET /api/website/popular/category-list [36m304[0m 41.380 ms - -[0m
[0mGET /api/website/collection/list [36m304[0m 43.909 ms - -[0m
[0mGET /api/website/flash-sale [36m304[0m 69.042 ms - -[0m
[0mGET /api/website/product/men-fashion [36m304[0m 106.148 ms - -[0m
[0mGET /api/website/product/women-fashion [36m304[0m 96.306 ms - -[0m
[0mGET /api/website/product/home-kitchen [36m304[0m 108.427 ms - -[0m
[0mGET /api/website/category/list [36m304[0m 116.822 ms - -[0m
[0mGET /api/website/product/new-arrival [36m304[0m 67.966 ms - -[0m
[0mGET /api/website/image/banner?type=0 [36m304[0m 37.626 ms - -[0m
[0mGET /api/website/popular/category-list [36m304[0m 36.798 ms - -[0m
[0mGET /api/website/collection/list [36m304[0m 43.802 ms - -[0m
[0mGET /api/website/flash-sale [36m304[0m 53.866 ms - -[0m
[0mGET /api/website/category/list [36m304[0m 94.886 ms - -[0m
[0mGET /api/website/product/men-fashion [36m304[0m 123.333 ms - -[0m
[0mGET /api/website/product/home-kitchen [36m304[0m 122.972 ms - -[0m
[0mGET /api/website/product/new-arrival [36m304[0m 89.577 ms - -[0m
[0mGET /api/website/product/women-fashion [36m304[0m 120.478 ms - -[0m
[0mGET /api/website/flash-sale [36m304[0m 59.592 ms - -[0m
[0mGET /api/website/product/new-arrival [36m304[0m 66.337 ms - -[0m
[0mGET /api/website/product/home-kitchen [36m304[0m 74.022 ms - -[0m
[0mGET /api/website/product/women-fashion [36m304[0m 70.196 ms - -[0m
[0mGET /api/website/product/men-fashion [36m304[0m 63.306 ms - -[0m
[0mGET /api/website/image/banner?type=0 [32m200[0m 10.487 ms - 152[0m
[0mGET /api/website/category/list [32m200[0m 70.385 ms - 24410[0m
[0mGET /api/website/collection/list [32m200[0m 59.776 ms - 299[0m
[0mGET /api/website/popular/category-list [32m200[0m 75.907 ms - 8117[0m
[0mGET /api/website/product/home-kitchen [32m200[0m 110.414 ms - 15246[0m
[0mGET /api/website/flash-sale [32m200[0m 51.775 ms - 1448[0m
[0mGET /api/website/product/new-arrival [32m200[0m 49.623 ms - 62[0m
[0mGET /api/website/product/women-fashion [32m200[0m 113.587 ms - 17554[0m
[0mGET /api/website/product/men-fashion [32m200[0m 108.299 ms - 15254[0m
[0mGET /api/website/image/banner?type=0 [36m304[0m 74.452 ms - -[0m
[0mGET /api/website/category/list [36m304[0m 127.270 ms - -[0m
[0mGET /api/website/popular/category-list [36m304[0m 121.573 ms - -[0m
[0mGET /api/website/collection/list [36m304[0m 107.328 ms - -[0m
[0mGET /api/website/product/new-arrival [36m304[0m 106.855 ms - -[0m
[0mGET /api/website/flash-sale [36m304[0m 44.752 ms - -[0m
[0mGET /api/website/product/women-fashion [36m304[0m 136.830 ms - -[0m
[0mGET /api/website/product/home-kitchen [36m304[0m 115.716 ms - -[0m
[0mGET /api/website/product/men-fashion [36m304[0m 54.327 ms - -[0m
[0mGET /api/website/image/banner?type=0 [32m200[0m 10.812 ms - 152[0m
[0mGET /api/website/category/list [32m200[0m 61.406 ms - 24410[0m
[0mGET /api/website/flash-sale [32m200[0m 29.555 ms - 1448[0m
[0mGET /api/website/popular/category-list [32m200[0m 63.737 ms - 8117[0m
[0mGET /api/website/collection/list [32m200[0m 5.398 ms - 299[0m
[0mGET /api/website/product/women-fashion [32m200[0m 104.021 ms - 17554[0m
[0mGET /api/website/product/men-fashion [32m200[0m 75.761 ms - 15254[0m
[0mGET /api/website/product/new-arrival [32m200[0m 53.145 ms - 62[0m
[0mGET /api/website/product/home-kitchen [32m200[0m 109.172 ms - 15246[0m
[0mGET /api/website/image/banner?type=0 [36m304[0m 128.413 ms - -[0m
[0mGET /api/website/popular/category-list [36m304[0m 158.502 ms - -[0m
[0mGET /api/website/collection/list [36m304[0m 160.078 ms - -[0m
[0mGET /api/website/category/list [36m304[0m 181.419 ms - -[0m
[0mGET /api/website/flash-sale [36m304[0m 130.710 ms - -[0m
[0mGET /api/website/product/home-kitchen [36m304[0m 252.683 ms - -[0m
[0mGET /api/website/product/men-fashion [36m304[0m 258.523 ms - -[0m
[0mGET /api/website/product/new-arrival [36m304[0m 104.424 ms - -[0m
[0mGET /api/website/product/women-fashion [36m304[0m 129.414 ms - -[0m
[0mGET /api/website/image/banner?type=0 [32m200[0m 42.643 ms - 152[0m
[0mGET /api/website/category/list [32m200[0m 81.982 ms - 24410[0m
[0mGET /api/website/popular/category-list [32m200[0m 93.774 ms - 8117[0m
[0mGET /api/website/product/new-arrival [32m200[0m 82.708 ms - 62[0m
[0mGET /api/website/collection/list [32m200[0m 141.472 ms - 299[0m
[0mGET /api/website/product/women-fashion [32m200[0m 151.941 ms - 17554[0m
[0mGET /api/website/product/men-fashion [32m200[0m 153.736 ms - 15254[0m
[0mGET /api/website/flash-sale [32m200[0m 67.293 ms - 1448[0m
[0mGET /api/website/product/home-kitchen [32m200[0m 74.007 ms - 15246[0m
[0mGET /api/website/image/banner?type=0 [36m304[0m 22.764 ms - -[0m
[0mGET /api/website/collection/list [36m304[0m 87.140 ms - -[0m
[0mGET /api/website/popular/category-list [36m304[0m 89.078 ms - -[0m
[0mGET /api/website/category/list [36m304[0m 108.669 ms - -[0m
[0mGET /api/website/flash-sale [36m304[0m 107.047 ms - -[0m
[0mGET /api/website/product/home-kitchen [36m304[0m 144.959 ms - -[0m
[0mGET /api/website/product/women-fashion [36m304[0m 147.289 ms - -[0m
[0mGET /api/website/product/new-arrival [36m304[0m 50.613 ms - -[0m
[0mGET /api/website/product/men-fashion [36m304[0m 138.877 ms - -[0m
[0mGET /api/website/image/banner?type=0 [32m200[0m 26.773 ms - 152[0m
[0mGET /api/website/category/list [32m200[0m 75.189 ms - 24410[0m
[0mGET /api/website/popular/category-list [32m200[0m 69.488 ms - 8117[0m
[0mGET /api/website/collection/list [32m200[0m 89.641 ms - 299[0m
[0mGET /api/website/flash-sale [32m200[0m 90.644 ms - 1448[0m
[0mGET /api/website/product/new-arrival [32m200[0m 68.142 ms - 62[0m
[0mGET /api/website/product/men-fashion [32m200[0m 172.477 ms - 15254[0m
[0mGET /api/website/product/home-kitchen [32m200[0m 160.931 ms - 15246[0m
[0mGET /api/website/product/women-fashion [32m200[0m 106.373 ms - 17554[0m
[0mGET /api/website/image/banner?type=0 [32m200[0m 70.459 ms - 152[0m
[0mGET /api/website/collection/list [32m200[0m 111.542 ms - 299[0m
[0mGET /api/website/category/list [32m200[0m 143.646 ms - 24410[0m
[0mGET /api/website/popular/category-list [32m200[0m 133.067 ms - 8117[0m
[0mGET /api/website/flash-sale [32m200[0m 131.300 ms - 1448[0m
[0mGET /api/website/product/women-fashion [32m200[0m 144.858 ms - 17554[0m
[0mGET /api/website/product/home-kitchen [32m200[0m 184.866 ms - 15246[0m
[0mGET /api/website/product/new-arrival [32m200[0m 43.557 ms - 62[0m
[0mGET /api/website/product/men-fashion [32m200[0m 184.811 ms - 15254[0m
[0mGET /api/website/image/banner?type=0 [32m200[0m 59.325 ms - 152[0m
[0mGET /api/website/popular/category-list [32m200[0m 75.196 ms - 8117[0m
[0mGET /api/website/collection/list [32m200[0m 119.360 ms - 299[0m
[0mGET /api/website/category/list [32m200[0m 123.766 ms - 24410[0m
[0mGET /api/website/flash-sale [32m200[0m 114.545 ms - 1448[0m
[0mGET /api/website/product/men-fashion [32m200[0m 134.967 ms - 15254[0m
[0mGET /api/website/product/women-fashion [32m200[0m 123.657 ms - 17554[0m
[0mGET /api/website/product/home-kitchen [32m200[0m 174.698 ms - 15246[0m
[0mGET /api/website/product/new-arrival [32m200[0m 66.041 ms - 62[0m
[0mGET /api/website/image/banner?type=0 [32m200[0m 29.398 ms - 152[0m
[0mGET /api/website/category/list [32m200[0m 142.477 ms - 24410[0m
[0mGET /api/website/popular/category-list [32m200[0m 134.532 ms - 8117[0m
[0mGET /api/website/collection/list [32m200[0m 35.065 ms - 299[0m
[0mGET /api/website/product/new-arrival [32m200[0m 62.670 ms - 62[0m
[0mGET /api/website/product/men-fashion [32m200[0m 133.641 ms - 15254[0m
[0mGET /api/website/product/women-fashion [32m200[0m 99.527 ms - 17554[0m
[0mGET /api/website/flash-sale [32m200[0m 102.977 ms - 1448[0m
[0mGET /api/website/product/home-kitchen [32m200[0m 154.550 ms - 15246[0m
[0mGET /api/website/image/banner?type=1 [32m200[0m 33.290 ms - 240[0m
[0mGET /api/website/collection/list [32m200[0m 81.853 ms - 299[0m
[0mGET /api/website/popular/category-list [32m200[0m 83.002 ms - 8117[0m
[0mGET /api/website/category/list [32m200[0m 90.599 ms - 24410[0m
[0mGET /api/website/category/list [32m200[0m 91.803 ms - 24410[0m
[0mGET /api/website/flash-sale [32m200[0m 6.927 ms - 1448[0m
[0mGET /api/website/product/home-kitchen [32m200[0m 137.375 ms - 15246[0m
[0mGET /api/website/product/women-fashion [32m200[0m 119.871 ms - 17554[0m
[0mGET /api/website/product/men-fashion [32m200[0m 62.078 ms - 15254[0m
[0mGET /api/website/product/new-arrival [32m200[0m 55.880 ms - 62[0m
[0mGET /api/website/image/banner?type=0 [32m200[0m 15.026 ms - 152[0m
[0mGET /api/website/category/list [32m200[0m 86.114 ms - 24410[0m
[0mGET /api/website/popular/category-list [32m200[0m 91.335 ms - 8117[0m
[0mGET /api/website/collection/list [32m200[0m 106.326 ms - 299[0m
[0mGET /api/website/flash-sale [32m200[0m 23.877 ms - 1448[0m
[0mGET /api/website/product/home-kitchen [32m200[0m 166.602 ms - 15246[0m
[0mGET /api/website/product/new-arrival [32m200[0m 261.962 ms - 62[0m
[0mGET /api/website/product/men-fashion [32m200[0m 341.901 ms - 15254[0m
[0mGET /api/website/product/women-fashion [32m200[0m 372.147 ms - 17554[0m
[0mGET /api/website/image/banner?type=0 [32m200[0m 385.561 ms - 152[0m
[0mGET /api/website/category/list [32m200[0m 442.983 ms - 24410[0m
[0mGET /api/website/popular/category-list [32m200[0m 395.350 ms - 8117[0m
[0mGET /api/website/collection/list [32m200[0m 398.726 ms - 299[0m
[0mGET /api/website/product/new-arrival [32m200[0m 306.396 ms - 62[0m
[0mGET /api/website/flash-sale [32m200[0m 64.686 ms - 1448[0m
[0mGET /api/website/product/men-fashion [32m200[0m 259.204 ms - 15254[0m
[0mGET /api/website/product/women-fashion [32m200[0m 623.768 ms - 17554[0m
[0mGET /api/website/product/home-kitchen [32m200[0m 636.430 ms - 15246[0m
[0mGET /api/website/image/banner?type=0 [32m200[0m 31.612 ms - 152[0m
[0mGET /api/website/category/list [32m200[0m 119.529 ms - 24410[0m
[0mGET /api/website/popular/category-list [32m200[0m 161.640 ms - 8117[0m
[0mGET /api/website/collection/list [32m200[0m 171.987 ms - 299[0m
[0mGET /api/website/flash-sale [32m200[0m 144.203 ms - 1448[0m
[0mGET /api/website/product/new-arrival [32m200[0m 182.014 ms - 62[0m
[0mGET /api/website/product/home-kitchen [32m200[0m 332.402 ms - 15246[0m
[0mGET /api/website/product/men-fashion [32m200[0m 315.051 ms - 15254[0m
[0mGET /api/website/product/women-fashion [32m200[0m 505.276 ms - 17554[0m
[0mGET /api/website/image/banner?type=0 [32m200[0m 16.860 ms - 152[0m
[0mGET /api/website/popular/category-list [32m200[0m 20.914 ms - 8117[0m
[0mGET /api/website/collection/list [32m200[0m 52.158 ms - 299[0m
[0mGET /api/website/flash-sale [32m200[0m 59.322 ms - 1448[0m
[0mGET /api/website/category/list [32m200[0m 72.581 ms - 24410[0m
[0mGET /api/website/product/new-arrival [32m200[0m 54.678 ms - 62[0m
[0mGET /api/website/product/home-kitchen [32m200[0m 111.992 ms - 15246[0m
[0mGET /api/website/product/women-fashion [32m200[0m 109.556 ms - 17554[0m
[0mGET /api/website/product/men-fashion [32m200[0m 59.812 ms - 15254[0m
[0mGET /api/website/image/banner?type=0 [32m200[0m 147.278 ms - 152[0m
[0mGET /api/website/popular/category-list [32m200[0m 143.529 ms - 8117[0m
[0mGET /api/website/collection/list [32m200[0m 190.455 ms - 299[0m
[0mGET /api/website/product/new-arrival [32m200[0m 183.516 ms - 62[0m
[0mGET /api/website/category/list [32m200[0m 259.221 ms - 24410[0m
[0mGET /api/website/product/home-kitchen [32m200[0m 249.909 ms - 15246[0m
[0mGET /api/website/product/women-fashion [32m200[0m 134.871 ms - 17554[0m
[0mGET /api/website/flash-sale [32m200[0m 104.639 ms - 1448[0m
[0mGET /api/website/product/men-fashion [32m200[0m 84.709 ms - 15254[0m
[0mGET /api/website/image/banner?type=0 [32m200[0m 38.412 ms - 152[0m
[0mGET /api/website/collection/list [32m200[0m 62.072 ms - 299[0m
[0mGET /api/website/popular/category-list [32m200[0m 67.912 ms - 8117[0m
[0mGET /api/website/flash-sale [32m200[0m 82.256 ms - 1448[0m
[0mGET /api/website/category/list [32m200[0m 103.287 ms - 24410[0m
[0mGET /api/website/product/women-fashion [32m200[0m 111.483 ms - 17554[0m
[0mGET /api/website/product/home-kitchen [32m200[0m 145.021 ms - 15246[0m
[0mGET /api/website/product/new-arrival [32m200[0m 50.802 ms - 62[0m
[0mGET /api/website/product/men-fashion [32m200[0m 103.826 ms - 15254[0m
[0mGET /api/website/image/banner?type=0 [32m200[0m 34.272 ms - 152[0m
[0mGET /api/website/category/list [32m200[0m 107.414 ms - 24410[0m
[0mGET /api/website/popular/category-list [32m200[0m 36.477 ms - 8117[0m
[0mGET /api/website/collection/list [32m200[0m 48.137 ms - 299[0m
[0mGET /api/website/flash-sale [32m200[0m 50.279 ms - 1448[0m
[0mGET /api/website/product/women-fashion [32m200[0m 97.464 ms - 17554[0m
[0mGET /api/website/product/home-kitchen [32m200[0m 99.846 ms - 15246[0m
[0mGET /api/website/product/men-fashion [32m200[0m 72.602 ms - 15254[0m
[0mGET /api/website/product/new-arrival [32m200[0m 61.949 ms - 62[0m
[0mGET /api/website/image/banner?type=0 [32m200[0m 29.020 ms - 152[0m
[0mGET /api/website/collection/list [32m200[0m 78.326 ms - 299[0m
[0mGET /api/website/popular/category-list [32m200[0m 81.908 ms - 8117[0m
[0mGET /api/website/category/list [32m200[0m 95.040 ms - 24410[0m
[0mGET /api/website/flash-sale [32m200[0m 18.482 ms - 1448[0m
[0mGET /api/website/product/women-fashion [32m200[0m 143.581 ms - 17554[0m
[0mGET /api/website/product/home-kitchen [32m200[0m 148.354 ms - 15246[0m
[0mGET /api/website/product/men-fashion [32m200[0m 138.075 ms - 15254[0m
[0mGET /api/website/product/new-arrival [32m200[0m 59.789 ms - 62[0m
[0mGET /api/website/image/banner?type=0 [32m200[0m 52.356 ms - 152[0m
[0mGET /api/website/category/list [32m200[0m 115.498 ms - 24410[0m
[0mGET /api/website/popular/category-list [32m200[0m 125.499 ms - 8117[0m
[0mGET /api/website/collection/list [32m200[0m 127.636 ms - 299[0m
[0mGET /api/website/flash-sale [32m200[0m 106.509 ms - 1448[0m
[0mGET /api/website/product/home-kitchen [32m200[0m 479.464 ms - 15246[0m
[0mGET /api/website/product/new-arrival [32m200[0m 360.024 ms - 62[0m
[0mGET /api/website/product/women-fashion [32m200[0m 493.487 ms - 17554[0m
[0mGET /api/website/product/men-fashion [32m200[0m 388.786 ms - 15254[0m
[0mGET /api/website/image/banner?type=0 [32m200[0m 14.541 ms - 152[0m
[0mGET /api/website/popular/category-list [32m200[0m 27.628 ms - 8117[0m
[0mGET /api/website/category/list [32m200[0m 86.693 ms - 24410[0m
[0mGET /api/website/collection/list [32m200[0m 94.622 ms - 299[0m
[0mGET /api/website/flash-sale [32m200[0m 79.723 ms - 1448[0m
[0mGET /api/website/product/men-fashion [32m200[0m 162.166 ms - 15254[0m
[0mGET /api/website/product/home-kitchen [32m200[0m 164.122 ms - 15246[0m
[0mGET /api/website/product/women-fashion [32m200[0m 164.172 ms - 17554[0m
[0mGET /api/website/product/new-arrival [32m200[0m 83.510 ms - 62[0m
[0mGET /api/website/image/banner?type=0 [32m200[0m 14.010 ms - 152[0m
[0mGET /api/website/popular/category-list [32m200[0m 35.905 ms - 8117[0m
[0mGET /api/website/collection/list [32m200[0m 88.704 ms - 299[0m
[0mGET /api/website/category/list [32m200[0m 95.160 ms - 24410[0m
[0mGET /api/website/flash-sale [32m200[0m 99.690 ms - 1448[0m
[0mGET /api/website/product/men-fashion [32m200[0m 91.913 ms - 15254[0m
[0mGET /api/website/product/women-fashion [32m200[0m 163.101 ms - 17554[0m
[0mGET /api/website/product/home-kitchen [32m200[0m 171.631 ms - 15246[0m
[0mGET /api/website/product/new-arrival [32m200[0m 63.553 ms - 62[0m
[0mGET /api/website/image/banner?type=0 [32m200[0m 34.837 ms - 152[0m
[0mGET /api/website/collection/list [32m200[0m 60.325 ms - 299[0m
[0mGET /api/website/popular/category-list [32m200[0m 64.636 ms - 8117[0m
[0mGET /api/website/category/list [32m200[0m 80.489 ms - 24410[0m
[0mGET /api/website/product/home-kitchen [32m200[0m 129.744 ms - 15246[0m
[0mGET /api/website/product/men-fashion [32m200[0m 129.817 ms - 15254[0m
[0mGET /api/website/flash-sale [32m200[0m 52.930 ms - 1448[0m
[0mGET /api/website/product/new-arrival [32m200[0m 59.199 ms - 62[0m
[0mGET /api/website/product/women-fashion [32m200[0m 133.487 ms - 17554[0m
[0mGET /api/website/image/banner?type=0 [36m304[0m 808.729 ms - -[0m
[0mGET /api/website/collection/list [36m304[0m 496.078 ms - -[0m
[0mGET /api/website/popular/category-list [36m304[0m 515.295 ms - -[0m
[0mGET /api/website/image/banner?type=0 [36m304[0m 560.913 ms - -[0m
[0mGET /api/website/collection/list [36m304[0m 555.654 ms - -[0m
[0mGET /api/website/popular/category-list [36m304[0m 570.686 ms - -[0m
[0mGET /api/website/category/list [36m304[0m 1115.569 ms - -[0m
[0mGET /api/website/flash-sale [36m304[0m 86.195 ms - -[0m
[0mGET /api/website/product/new-arrival [36m304[0m 70.057 ms - -[0m
[0mGET /api/website/product/men-fashion [36m304[0m 417.305 ms - -[0m
[0mGET /api/website/product/home-kitchen [36m304[0m 989.159 ms - -[0m
[0mGET /api/website/product/women-fashion [36m304[0m 971.994 ms - -[0m
[0mGET /api/website/image/banner?type=0 [36m304[0m 212.077 ms - -[0m
[0mGET /api/website/collection/list [36m304[0m 344.752 ms - -[0m
[0mGET /api/website/popular/category-list [36m304[0m 354.640 ms - -[0m
[0mGET /api/website/category/list [36m304[0m 376.798 ms - -[0m
[0mGET /api/website/flash-sale [36m304[0m 148.399 ms - -[0m
[0mGET /api/website/product/new-arrival [36m304[0m 57.242 ms - -[0m
[0mGET /api/website/product/men-fashion [36m304[0m 261.142 ms - -[0m
[0mGET /api/website/product/home-kitchen [36m304[0m 601.009 ms - -[0m
[0mGET /api/website/product/women-fashion [36m304[0m 608.504 ms - -[0m
[0mGET /api/website/image/banner?type=0 [32m200[0m 107.905 ms - 152[0m
[0mGET /api/website/collection/list [32m200[0m 94.965 ms - 299[0m
[0mGET /api/website/popular/category-list [32m200[0m 129.287 ms - 8117[0m
[0mGET /api/website/category/list [32m200[0m 117.195 ms - 24410[0m
[0mGET /api/website/flash-sale [32m200[0m 84.476 ms - 1448[0m
[0mGET /api/website/product/new-arrival [32m200[0m 79.542 ms - 62[0m
[0mGET /api/website/product/home-kitchen [32m200[0m 198.385 ms - 15246[0m
[0mGET /api/website/product/women-fashion [32m200[0m 197.273 ms - 17554[0m
[0mGET /api/website/product/men-fashion [32m200[0m 87.783 ms - 15254[0m
[0mGET /api/website/product/women-fashion [0m-[0m - ms - -[0m
[0mGET /api/website/image/banner?type=0 [0m-[0m - ms - -[0m
[0mGET /api/website/category/list [0m-[0m - ms - -[0m
[0mGET /api/website/popular/category-list [0m-[0m - ms - -[0m
[0mGET /api/website/collection/list [0m-[0m - ms - -[0m
[0mGET /api/website/product/home-kitchen [0m-[0m - ms - -[0m
[0mGET /api/website/product/men-fashion [0m-[0m - ms - -[0m
[0mGET /api/website/image/banner?type=0 [36m304[0m 46.671 ms - -[0m
[0mGET /api/website/category/list [36m304[0m 69.109 ms - -[0m
[0mGET /api/website/collection/list [36m304[0m 78.201 ms - -[0m
[0mGET /api/website/popular/category-list [36m304[0m 83.825 ms - -[0m
[0mGET /api/website/flash-sale [36m304[0m 84.395 ms - -[0m
[0mGET /api/website/product/women-fashion [36m304[0m 119.667 ms - -[0m
[0mGET /api/website/product/new-arrival [36m304[0m 56.631 ms - -[0m
[0mGET /api/website/product/home-kitchen [36m304[0m 97.387 ms - -[0m
[0mGET /api/website/product/men-fashion [36m304[0m 42.637 ms - -[0m
[0mGET /api/website/image/banner?type=0 [32m200[0m 1.913 ms - 152[0m
[0mGET /api/website/popular/category-list [32m200[0m 27.663 ms - 8117[0m
[0mGET /api/website/category/list [32m200[0m 31.616 ms - 24410[0m
[0mGET /api/website/collection/list [32m200[0m 30.891 ms - 299[0m
[0mGET /api/website/flash-sale [32m200[0m 35.504 ms - 1448[0m
[0mGET /api/website/product/home-kitchen [32m200[0m 51.915 ms - 15246[0m
[0mGET /api/website/product/women-fashion [32m200[0m 88.401 ms - 17554[0m
[0mGET /api/website/product/new-arrival [32m200[0m 59.712 ms - 62[0m
[0mGET /api/website/product/men-fashion [32m200[0m 65.934 ms - 15254[0m
[0mGET /api/website/popular/category-list [36m304[0m 70.207 ms - -[0m
[0mGET /api/website/image/banner?type=0 [36m304[0m 84.633 ms - -[0m
[0mGET /api/website/collection/list [36m304[0m 71.455 ms - -[0m
[0mGET /api/website/category/list [36m304[0m 82.049 ms - -[0m
[0mGET /api/website/flash-sale [36m304[0m 12.377 ms - -[0m
[0mGET /api/website/product/home-kitchen [36m304[0m 117.125 ms - -[0m
[0mGET /api/website/product/men-fashion [36m304[0m 115.947 ms - -[0m
[0mGET /api/website/product/new-arrival [36m304[0m 40.659 ms - -[0m
[0mGET /api/website/product/women-fashion [36m304[0m 47.462 ms - -[0m
[0mGET /api/website/product/detail?productId=6340&slug=asta-berry-protect-300ml [32m200[0m 132.921 ms - 1772[0m
[0mGET /api/website/relatedProduct?productId=6340&slug=asta-berry-protect-300ml [32m200[0m 131.122 ms - 8114[0m
[0mGET /api/website/product/detail?productId=6338&slug=asta-berry-honey-and-vitamin [32m200[0m 90.085 ms - 2269[0m
[0mGET /api/website/relatedProduct?productId=6338&slug=asta-berry-honey-and-vitamin [32m200[0m 91.641 ms - 8114[0m
[0mGET /api/website/category/list [32m200[0m 66.279 ms - 24410[0m
[0mGET /api/website/product/detail?productId=6338&slug=asta-berry-honey-and-vitamin [32m200[0m 114.380 ms - 2269[0m
[0mGET /api/website/relatedProduct?productId=6338&slug=asta-berry-honey-and-vitamin [32m200[0m 119.215 ms - 8114[0m
[0mGET /api/website/product/detail?productId=6361&slug=asta-berry-skin-brightening-300ml [0m-[0m - ms - -[0m
[0mGET /api/website/relatedProduct?productId=6361&slug=asta-berry-skin-brightening-300ml [0m-[0m - ms - -[0m
[0mGET /api/website/category/list [36m304[0m 42.993 ms - -[0m
[0mGET /api/website/product/detail?productId=6361&slug=asta-berry-skin-brightening-300ml [32m200[0m 133.293 ms - 2271[0m
[0mGET /api/website/relatedProduct?productId=6361&slug=asta-berry-skin-brightening-300ml [32m200[0m 135.309 ms - 7723[0m
[0mGET /api/website/image/banner?type=0 [36m304[0m 25.883 ms - -[0m
[0mGET /api/website/popular/category-list [36m304[0m 26.895 ms - -[0m
[0mGET /api/website/collection/list [36m304[0m 27.778 ms - -[0m
[0mGET /api/website/flash-sale [36m304[0m 36.426 ms - -[0m
[0mGET /api/website/product/men-fashion [36m304[0m 76.394 ms - -[0m
[0mGET /api/website/product/home-kitchen [36m304[0m 98.237 ms - -[0m
[0mGET /api/website/product/women-fashion [36m304[0m 97.504 ms - -[0m
[0mGET /api/website/product/new-arrival [36m304[0m 71.481 ms - -[0m
[0mGET /api/website/image/banner?type=0 [32m200[0m 6.516 ms - 152[0m
[0mGET /api/website/category/list [32m200[0m 30.764 ms - 24410[0m
[0mGET /api/website/popular/category-list [32m200[0m 32.346 ms - 8117[0m
[0mGET /api/website/collection/list [32m200[0m 33.210 ms - 299[0m
[0mGET /api/website/flash-sale [32m200[0m 43.816 ms - 1448[0m
[0mGET /api/website/product/new-arrival [32m200[0m 37.235 ms - 62[0m
[0mGET /api/website/product/home-kitchen [32m200[0m 112.142 ms - 15246[0m
[0mGET /api/website/product/women-fashion [32m200[0m 118.578 ms - 17554[0m
[0mGET /api/website/product/men-fashion [32m200[0m 92.213 ms - 15254[0m
[0mGET /api/website/image/banner?type=0 [32m200[0m 11.080 ms - 152[0m
[0mGET /api/website/category/list [32m200[0m 55.425 ms - 24410[0m
[0mGET /api/website/popular/category-list [32m200[0m 55.591 ms - 8117[0m
[0mGET /api/website/collection/list [32m200[0m 60.493 ms - 299[0m
[0mGET /api/website/flash-sale [32m200[0m 12.281 ms - 1448[0m
[0mGET /api/website/product/new-arrival [32m200[0m 45.516 ms - 62[0m
[0mGET /api/website/product/home-kitchen [32m200[0m 102.654 ms - 15246[0m
[0mGET /api/website/product/men-fashion [32m200[0m 102.422 ms - 15254[0m
[0mGET /api/website/product/women-fashion [32m200[0m 103.719 ms - 17554[0m
[0mGET /api/website/category/list [36m304[0m 32.796 ms - -[0m
[0mGET /api/website/catalog/category/search?queryString=beauty-care [32m200[0m 41.725 ms - 62[0m
[0mGET /api/website/catalog/product/search?filter_category=beauty-care [32m200[0m 61.588 ms - 62[0m
[0mGET /api/website/image/banner?type=0 [36m304[0m 2.464 ms - -[0m
[0mGET /api/website/popular/category-list [36m304[0m 15.680 ms - -[0m
[0mGET /api/website/collection/list [36m304[0m 15.324 ms - -[0m
[0mGET /api/website/flash-sale [36m304[0m 17.319 ms - -[0m
[0mGET /api/website/product/men-fashion [36m304[0m 82.145 ms - -[0m
[0mGET /api/website/product/new-arrival [36m304[0m 79.429 ms - -[0m
[0mGET /api/website/product/women-fashion [36m304[0m 91.731 ms - -[0m
[0mGET /api/website/product/home-kitchen [36m304[0m 96.449 ms - -[0m
[0mGET /api/website/image/banner?type=0 [32m200[0m 7.826 ms - 152[0m
[0mGET /api/website/popular/category-list [32m200[0m 41.591 ms - 8117[0m
[0mGET /api/website/collection/list [32m200[0m 41.803 ms - 299[0m
[0mGET /api/website/flash-sale [32m200[0m 40.367 ms - 1448[0m
[0mGET /api/website/category/list [32m200[0m 49.962 ms - 24410[0m
[0mGET /api/website/product/home-kitchen [32m200[0m 93.912 ms - 15246[0m
[0mGET /api/website/product/new-arrival [32m200[0m 49.522 ms - 62[0m
[0mGET /api/website/product/women-fashion [32m200[0m 95.001 ms - 17554[0m
[0mGET /api/website/product/men-fashion [32m200[0m 56.040 ms - 15254[0m
[0mGET /api/website/image/banner?type=0 [36m304[0m 8.172 ms - -[0m
[0mGET /api/website/popular/category-list [36m304[0m 54.546 ms - -[0m
[0mGET /api/website/collection/list [36m304[0m 56.039 ms - -[0m
[0mGET /api/website/flash-sale [36m304[0m 59.847 ms - -[0m
[0mGET /api/website/category/list [36m304[0m 67.276 ms - -[0m
[0mGET /api/website/product/home-kitchen [36m304[0m 96.449 ms - -[0m
[0mGET /api/website/product/new-arrival [36m304[0m 35.848 ms - -[0m
[0mGET /api/website/product/women-fashion [36m304[0m 97.781 ms - -[0m
[0mGET /api/website/product/men-fashion [36m304[0m 40.981 ms - -[0m
[0mGET /api/website/category/list [36m304[0m 58.266 ms - -[0m
[0mGET /api/website/catalog/category/search?queryString=electronics-mobile-phones [32m200[0m 106.680 ms - 2404[0m
[0mGET /api/website/catalog/product/search?filter_category=electronics-mobile-phones [32m200[0m 166.985 ms - 14791[0m
[0mGET /api/website/catalog/product/search?filter_category=electronics-mobile-phones [36m304[0m 108.068 ms - -[0m
[0mGET /api/website/catalog/product/search?filter_category=electronics-mobile-phones [36m304[0m 78.253 ms - -[0m
[0mGET /api/website/catalog/product/search?filter_category=electronics-mobile-phones [36m304[0m 69.459 ms - -[0m
[0mGET /api/website/product/detail?productId=6085&slug=realme-narzo-50a [32m200[0m 141.864 ms - 5605[0m
[0mGET /api/website/relatedProduct?productId=6085&slug=realme-narzo-50a [32m200[0m 139.909 ms - 1839[0m
[0mGET /api/website/catalog/product/search?filter_category=electronics-mobile-phones [36m304[0m 127.949 ms - -[0m
[0mGET /api/website/image/banner?type=0 [36m304[0m 4.488 ms - -[0m
[0mGET /api/website/popular/category-list [36m304[0m 18.535 ms - -[0m
[0mGET /api/website/collection/list [36m304[0m 20.406 ms - -[0m
[0mGET /api/website/flash-sale [36m304[0m 12.534 ms - -[0m
[0mGET /api/website/product/home-kitchen [36m304[0m 57.044 ms - -[0m
[0mGET /api/website/product/new-arrival [36m304[0m 41.275 ms - -[0m
[0mGET /api/website/product/men-fashion [36m304[0m 53.188 ms - -[0m
[0mGET /api/website/product/women-fashion [36m304[0m 48.024 ms - -[0m
[0mGET /api/website/product/detail?productId=6340&slug=asta-berry-protect-300ml [36m304[0m 104.406 ms - -[0m
[0mGET /api/website/relatedProduct?productId=6340&slug=asta-berry-protect-300ml [36m304[0m 104.718 ms - -[0m
[0mGET /api/website/category/list [32m200[0m 62.539 ms - 24410[0m
[0mGET /api/website/product/detail?productId=6340&slug=asta-berry-protect-300ml [32m200[0m 120.063 ms - 1772[0m
[0mGET /api/website/relatedProduct?productId=6340&slug=asta-berry-protect-300ml [32m200[0m 136.343 ms - 8114[0m
[0mGET /api/website/image/banner?type=0 [36m304[0m 2.489 ms - -[0m
[0mGET /api/website/popular/category-list [36m304[0m 16.752 ms - -[0m
[0mGET /api/website/collection/list [36m304[0m 19.257 ms - -[0m
[0mGET /api/website/flash-sale [36m304[0m 15.938 ms - -[0m
[0mGET /api/website/product/new-arrival [36m304[0m 33.032 ms - -[0m
[0mGET /api/website/product/home-kitchen [36m304[0m 58.480 ms - -[0m
[0mGET /api/website/product/women-fashion [36m304[0m 50.135 ms - -[0m
[0mGET /api/website/product/men-fashion [36m304[0m 52.585 ms - -[0m
[0mGET /api/website/image/banner?type=0 [32m200[0m 11.448 ms - 152[0m
[0mGET /api/website/category/list [32m200[0m 53.381 ms - 24410[0m
[0mGET /api/website/collection/list [32m200[0m 58.959 ms - 299[0m
[0mGET /api/website/flash-sale [32m200[0m 53.301 ms - 1448[0m
[0mGET /api/website/popular/category-list [32m200[0m 60.782 ms - 8117[0m
[0mGET /api/website/product/home-kitchen [32m200[0m 110.925 ms - 15246[0m
[0mGET /api/website/product/women-fashion [32m200[0m 110.839 ms - 17554[0m
[0mGET /api/website/product/new-arrival [32m200[0m 53.827 ms - 62[0m
[0mGET /api/website/product/men-fashion [32m200[0m 61.214 ms - 15254[0m
[0mGET /api/website/image/banner?type=0 [32m200[0m 10.020 ms - 152[0m
[0mGET /api/website/category/list [32m200[0m 29.394 ms - 24410[0m
[0mGET /api/website/popular/category-list [32m200[0m 33.363 ms - 8117[0m
[0mGET /api/website/collection/list [32m200[0m 34.526 ms - 299[0m
[0mGET /api/website/flash-sale [32m200[0m 40.200 ms - 1448[0m
[0mGET /api/website/product/men-fashion [32m200[0m 68.166 ms - 15254[0m
[0mGET /api/website/product/new-arrival [32m200[0m 60.355 ms - 62[0m
[0mGET /api/website/product/home-kitchen [32m200[0m 97.285 ms - 15246[0m
[0mGET /api/website/product/women-fashion [32m200[0m 97.384 ms - 17554[0m
[0mGET /api/website/category/list [36m304[0m 30.150 ms - -[0m
[0mGET /api/website/category/list [36m304[0m 36.614 ms - -[0m
[0mGET /api/website/category/list [36m304[0m 34.177 ms - -[0m
[0mGET /api/website/image/banner?type=0 [32m200[0m 7.466 ms - 152[0m
[0mGET /api/website/category/list [32m200[0m 35.145 ms - 24410[0m
[0mGET /api/website/popular/category-list [32m200[0m 36.336 ms - 8117[0m
[0mGET /api/website/collection/list [32m200[0m 43.858 ms - 299[0m
[0mGET /api/website/flash-sale [32m200[0m 20.046 ms - 1448[0m
[0mGET /api/website/product/home-kitchen [32m200[0m 96.367 ms - 15246[0m
[0mGET /api/website/product/new-arrival [32m200[0m 93.282 ms - 62[0m
[0mGET /api/website/product/men-fashion [32m200[0m 105.466 ms - 15254[0m
[0mGET /api/website/product/women-fashion [32m200[0m 92.145 ms - 17554[0m
[0mGET /api/website/category/list [36m304[0m 43.510 ms - -[0m
[0mGET /api/website/image/banner?type=0 [32m200[0m 12.198 ms - 152[0m
[0mGET /api/website/category/list [32m200[0m 38.280 ms - 24410[0m
[0mGET /api/website/popular/category-list [32m200[0m 40.648 ms - 8117[0m
[0mGET /api/website/collection/list [32m200[0m 41.974 ms - 299[0m
[0mGET /api/website/flash-sale [32m200[0m 18.733 ms - 1448[0m
[0mGET /api/website/product/men-fashion [32m200[0m 95.175 ms - 15254[0m
[0mGET /api/website/product/home-kitchen [32m200[0m 97.794 ms - 15246[0m
[0mGET /api/website/product/new-arrival [32m200[0m 61.127 ms - 62[0m
[0mGET /api/website/product/women-fashion [32m200[0m 55.427 ms - 17554[0m
[0mGET /api/website/category/list [36m304[0m 37.487 ms - -[0m
[0mGET /api/website/catalog/category/search?queryString=electronics-mobile-phones [36m304[0m 108.486 ms - -[0m
[0mGET /api/website/catalog/product/search?filter_category=electronics-mobile-phones [36m304[0m 177.280 ms - -[0m
[0mGET /api/website/image/banner?type=0 [36m304[0m 13.262 ms - -[0m
[0mGET /api/website/collection/list [36m304[0m 22.541 ms - -[0m
[0mGET /api/website/popular/category-list [36m304[0m 25.089 ms - -[0m
[0mGET /api/website/flash-sale [36m304[0m 24.973 ms - -[0m
[0mGET /api/website/product/home-kitchen [36m304[0m 66.205 ms - -[0m
[0mGET /api/website/product/new-arrival [36m304[0m 43.531 ms - -[0m
[0mGET /api/website/product/women-fashion [36m304[0m 66.838 ms - -[0m
[0mGET /api/website/product/men-fashion [36m304[0m 51.322 ms - -[0m
[0mGET /api/website/image/banner?type=1 [36m304[0m 23.999 ms - -[0m
[0mGET /api/website/collection/list [36m304[0m 37.137 ms - -[0m
[0mGET /api/website/flash-sale [36m304[0m 34.226 ms - -[0m
[0mGET /api/website/popular/category-list [36m304[0m 38.650 ms - -[0m
[0mGET /api/website/category/list [36m304[0m 43.236 ms - -[0m
[0mGET /api/website/category/list [36m304[0m 25.530 ms - -[0m
[0mGET /api/website/product/women-fashion [36m304[0m 75.775 ms - -[0m
[0mGET /api/website/product/home-kitchen [36m304[0m 40.920 ms - -[0m
[0mGET /api/website/product/new-arrival [36m304[0m 41.724 ms - -[0m
[0mGET /api/website/product/men-fashion [36m304[0m 41.187 ms - -[0m
[0mGET /api/website/category/list [36m304[0m 33.712 ms - -[0m
[0mGET /api/website/category/list [36m304[0m 14.504 ms - -[0m
[0mGET /api/website/category/list [36m304[0m 44.889 ms - -[0m
[0mGET /api/website/category/list [36m304[0m 18.042 ms - -[0m
[0mGET /api/website/category/list [36m304[0m 35.082 ms - -[0m
[0mGET /api/website/image/banner?type=1 [36m304[0m 33.833 ms - -[0m
[0mGET /api/website/popular/category-list [36m304[0m 41.307 ms - -[0m
[0mGET /api/website/collection/list [36m304[0m 32.136 ms - -[0m
[0mGET /api/website/flash-sale [36m304[0m 23.235 ms - -[0m
[0mGET /api/website/category/list [36m304[0m 54.609 ms - -[0m
[0mGET /api/website/product/new-arrival [36m304[0m 65.844 ms - -[0m
[0mGET /api/website/product/women-fashion [36m304[0m 82.165 ms - -[0m
[0mGET /api/website/product/home-kitchen [36m304[0m 82.933 ms - -[0m
[0mGET /api/website/product/men-fashion [36m304[0m 74.334 ms - -[0m
[0mGET /api/website/image/banner?type=1 [36m304[0m 62.378 ms - -[0m
[0mGET /api/website/collection/list [36m304[0m 68.696 ms - -[0m
[0mGET /api/website/popular/category-list [36m304[0m 73.484 ms - -[0m
[0mGET /api/website/category/list [36m304[0m 77.930 ms - -[0m
[0mGET /api/website/flash-sale [36m304[0m 50.542 ms - -[0m
[0mGET /api/website/product/new-arrival [36m304[0m 50.233 ms - -[0m
[0mGET /api/website/product/home-kitchen [36m304[0m 122.281 ms - -[0m
[0mGET /api/website/product/women-fashion [36m304[0m 123.191 ms - -[0m
[0mGET /api/website/category/list [36m304[0m 50.423 ms - -[0m
[0mGET /api/website/product/men-fashion [36m304[0m 77.812 ms - -[0m
[0mGET /api/website/image/banner?type=1 [32m200[0m 13.497 ms - 240[0m
[0mGET /api/website/collection/list [32m200[0m 38.594 ms - 299[0m
[0mGET /api/website/category/list [32m200[0m 49.999 ms - 24410[0m
[0mGET /api/website/popular/category-list [32m200[0m 47.459 ms - 8117[0m
[0mGET /api/website/category/list [32m200[0m 54.905 ms - 24410[0m
[0mGET /api/website/flash-sale [32m200[0m 13.541 ms - 1448[0m
[0mGET /api/website/product/women-fashion [32m200[0m 90.521 ms - 17554[0m
[0mGET /api/website/product/home-kitchen [32m200[0m 96.753 ms - 15246[0m
[0mGET /api/website/product/new-arrival [32m200[0m 44.385 ms - 62[0m
[0mGET /api/website/product/men-fashion [32m200[0m 123.754 ms - 15254[0m
[0mGET /api/website/image/banner?type=1 [32m200[0m 10.585 ms - 240[0m
[0mGET /api/website/popular/category-list [32m200[0m 45.243 ms - 8117[0m
[0mGET /api/website/collection/list [32m200[0m 45.838 ms - 299[0m
[0mGET /api/website/category/list [32m200[0m 51.132 ms - 24410[0m
[0mGET /api/website/category/list [32m200[0m 56.799 ms - 24410[0m
[0mGET /api/website/flash-sale [32m200[0m 9.671 ms - 1448[0m
[0mGET /api/website/product/home-kitchen [32m200[0m 81.898 ms - 15246[0m
[0mGET /api/website/product/women-fashion [32m200[0m 81.639 ms - 17554[0m
[0mGET /api/website/product/new-arrival [32m200[0m 31.331 ms - 62[0m
[0mGET /api/website/product/men-fashion [32m200[0m 33.740 ms - 15254[0m
[0mGET /api/website/catalog/category/search?queryString=electronics-mobile-phones [36m304[0m 71.458 ms - -[0m
[0mGET /api/website/catalog/product/search?filter_category=electronics-mobile-phones [36m304[0m 136.223 ms - -[0m
[0mGET /api/website/category/list [32m200[0m 48.919 ms - 24410[0m
[0mGET /api/website/category/list [32m200[0m 58.720 ms - 24410[0m
[0mGET /api/website/catalog/category/search?queryString=electronics-mobile-phones [32m200[0m 74.016 ms - 2404[0m
[0mGET /api/website/catalog/product/search?filter_category=electronics-mobile-phones [32m200[0m 130.934 ms - 14791[0m
[0mGET /api/website/image/banner?type=1 [32m200[0m 3.668 ms - 240[0m
[0mGET /api/website/popular/category-list [32m200[0m 15.620 ms - 8117[0m
[0mGET /api/website/collection/list [32m200[0m 15.425 ms - 299[0m
[0mGET /api/website/flash-sale [32m200[0m 14.599 ms - 1448[0m
[0mGET /api/website/product/men-fashion [32m200[0m 52.450 ms - 15254[0m
[0mGET /api/website/product/new-arrival [32m200[0m 41.314 ms - 62[0m
[0mGET /api/website/product/women-fashion [32m200[0m 56.044 ms - 17554[0m
[0mGET /api/website/product/home-kitchen [32m200[0m 49.338 ms - 15246[0m
[0mGET /api/website/category/list [36m304[0m 59.733 ms - -[0m
[0mGET /api/website/category/list [36m304[0m 16.882 ms - -[0m
[0mGET /api/website/catalog/category/search?queryString=electronics-mobile-phones [36m304[0m 80.883 ms - -[0m
[0mGET /api/website/catalog/product/search?filter_category=electronics-mobile-phones [36m304[0m 133.606 ms - -[0m
[0mGET /api/website/category/list [32m200[0m 71.925 ms - 24410[0m
[0mGET /api/website/category/list [32m200[0m 60.790 ms - 24410[0m
[0mGET /api/website/catalog/category/search?queryString=electronics-mobile-phones [32m200[0m 80.672 ms - 2404[0m
[0mGET /api/website/catalog/product/search?filter_category=electronics-mobile-phones [32m200[0m 127.834 ms - 14791[0m
[0mGET /api/website/image/banner?type=1 [36m304[0m 5.460 ms - -[0m
[0mGET /api/website/popular/category-list [36m304[0m 16.098 ms - -[0m
[0mGET /api/website/collection/list [36m304[0m 18.767 ms - -[0m
[0mGET /api/website/flash-sale [36m304[0m 15.668 ms - -[0m
[0mGET /api/website/product/home-kitchen [36m304[0m 64.461 ms - -[0m
[0mGET /api/website/product/women-fashion [36m304[0m 64.584 ms - -[0m
[0mGET /api/website/product/new-arrival [36m304[0m 52.806 ms - -[0m
[0mGET /api/website/product/men-fashion [36m304[0m 64.037 ms - -[0m
[0mGET /api/website/image/banner?type=0 [36m304[0m 14.721 ms - -[0m
[0mGET /api/website/collection/list [36m304[0m 25.529 ms - -[0m
[0mGET /api/website/popular/category-list [36m304[0m 27.743 ms - -[0m
[0mGET /api/website/flash-sale [36m304[0m 24.024 ms - -[0m
[0mGET /api/website/product/men-fashion [36m304[0m 70.864 ms - -[0m
[0mGET /api/website/product/home-kitchen [36m304[0m 90.817 ms - -[0m
[0mGET /api/website/product/new-arrival [36m304[0m 66.512 ms - -[0m
[0mGET /api/website/product/women-fashion [36m304[0m 88.676 ms - -[0m
[0mGET /api/website/image/banner?type=0 [32m200[0m 3.755 ms - 152[0m
[0mGET /api/website/popular/category-list [32m200[0m 24.193 ms - 8117[0m
[0mGET /api/website/category/list [32m200[0m 28.445 ms - 24410[0m
[0mGET /api/website/collection/list [32m200[0m 25.481 ms - 299[0m
[0mGET /api/website/flash-sale [32m200[0m 27.111 ms - 1448[0m
[0mGET /api/website/product/home-kitchen [32m200[0m 71.555 ms - 15246[0m
[0mGET /api/website/product/women-fashion [32m200[0m 71.702 ms - 17554[0m
[0mGET /api/website/product/new-arrival [32m200[0m 49.879 ms - 62[0m
[0mGET /api/website/product/men-fashion [32m200[0m 52.808 ms - 15254[0m
[0mOPTIONS /api/auth/register [32m204[0m 5.471 ms - 0[0m
[0mPOST /api/auth/register [31m500[0m 15.871 ms - 34[0m
[0mOPTIONS /api/auth/register [32m204[0m 3.410 ms - 0[0m
[0mPOST /api/auth/register [31m500[0m 7.347 ms - 34[0m
[0mOPTIONS /api/auth/register [32m204[0m 0.478 ms - 0[0m
[0mPOST /api/auth/register [33m400[0m 5.479 ms - 314[0m
[0mOPTIONS /api/auth/register [32m204[0m 5.629 ms - 0[0m
[0mPOST /api/auth/register [33m400[0m 20.628 ms - 343[0m
[0mOPTIONS /api/auth/register [32m204[0m 2.100 ms - 0[0m
[0mPOST /api/auth/register [31m500[0m 273.086 ms - 34[0m
[0mOPTIONS /api/auth/register [32m204[0m 4.135 ms - 0[0m
[0mPOST /api/auth/register [32m200[0m 270.760 ms - 117[0m
[0mOPTIONS /api/auth/rootLogin [32m204[0m 0.768 ms - 0[0m
[0mPOST /api/auth/rootLogin [32m200[0m 246.934 ms - 211[0m
[0mOPTIONS /api/order/notifications [32m204[0m 0.506 ms - 0[0m
[0mOPTIONS /api/order/list [32m204[0m 0.647 ms - 0[0m
[0mOPTIONS /api/order/count [32m204[0m 0.244 ms - 0[0m
[0mGET /api/order/notifications [32m200[0m 29.102 ms - 36[0m
[0mGET /api/order/count [32m200[0m 27.602 ms - 26[0m
[0mPOST /api/order/list [32m200[0m 34.595 ms - 79[0m
[0mOPTIONS /api/order/notifications [32m204[0m 1.532 ms - 0[0m
[0mOPTIONS /api/order/list [32m204[0m 0.281 ms - 0[0m
[0mOPTIONS /api/order/count [32m204[0m 0.391 ms - 0[0m
[0mGET /api/order/count [36m304[0m 12.695 ms - -[0m
[0mGET /api/order/notifications [36m304[0m 17.938 ms - -[0m
[0mPOST /api/order/list [32m200[0m 26.501 ms - 79[0m
[0mGET /api/order/count [36m304[0m 2.819 ms - -[0m
[0mPOST /api/order/list [32m200[0m 7.698 ms - 79[0m
[0mGET /api/order/notifications [36m304[0m 7.203 ms - -[0m
[0mOPTIONS /api/order/notifications [32m204[0m 0.266 ms - 0[0m
[0mGET /api/order/notifications [36m304[0m 5.407 ms - -[0m
[0mGET /api/order/notifications [36m304[0m 8.097 ms - -[0m
[0mOPTIONS /api/order/notifications [32m204[0m 0.849 ms - 0[0m
[0mGET /api/order/notifications [36m304[0m 4.774 ms - -[0m
[0mOPTIONS /api/vendor/list [32m204[0m 0.656 ms - 0[0m
[0mGET /api/order/notifications [36m304[0m 9.402 ms - -[0m
[0mGET /api/vendor/list [32m200[0m 21.619 ms - 39[0m
[0mOPTIONS /api/order/notifications [32m204[0m 1.667 ms - 0[0m
[0mOPTIONS /api/seller/history-product?limit=20&page=1 [32m204[0m 0.621 ms - 0[0m
[0mGET /api/order/notifications [36m304[0m 11.921 ms - -[0m
[0mGET /api/seller/history-product?limit=20&page=1 [32m200[0m 23.412 ms - 62[0m
[0mOPTIONS /api/vendor/list [32m204[0m 0.327 ms - 0[0m
[0mOPTIONS /api/order/notifications [32m204[0m 0.256 ms - 0[0m
[0mOPTIONS /api/seller/history-product?limit=20&page=1 [32m204[0m 0.162 ms - 0[0m
[0mGET /api/order/notifications [36m304[0m 8.607 ms - -[0m
[0mGET /api/seller/history-product?limit=20&page=1 [36m304[0m 9.808 ms - -[0m
[0mOPTIONS /api/order/notifications [32m204[0m 1.078 ms - 0[0m
[0mOPTIONS /api/seller/history-product?limit=20&page=1 [32m204[0m 0.178 ms - 0[0m
[0mGET /api/order/notifications [32m200[0m 16.300 ms - 36[0m
[0mGET /api/seller/history-product?limit=20&page=1 [32m200[0m 21.237 ms - 62[0m
[0mOPTIONS /api/order/notifications [32m204[0m 1.385 ms - 0[0m
[0mOPTIONS /api/vendor/list [32m204[0m 0.234 ms - 0[0m
[0mOPTIONS /api/seller/all-product-list?limit=20&page=1 [32m204[0m 1.196 ms - 0[0m
[0mGET /api/order/notifications [36m304[0m 27.523 ms - -[0m
[0mGET /api/seller/all-product-list?limit=20&page=1 [32m200[0m 24.536 ms - 62[0m
[0mOPTIONS /api/order/notifications [32m204[0m 3.226 ms - 0[0m
[0mOPTIONS /api/seller/all-product-list?limit=20&page=1 [32m204[0m 2.807 ms - 0[0m
[0mGET /api/order/notifications [36m304[0m 34.398 ms - -[0m
[0mGET /api/seller/all-product-list?limit=20&page=1 [36m304[0m 28.604 ms - -[0m
[0mOPTIONS /api/order/notifications [32m204[0m 1.304 ms - 0[0m
[0mOPTIONS /api/seller/all-product-list?limit=20&page=1 [32m204[0m 2.173 ms - 0[0m
[0mGET /api/seller/all-product-list?limit=20&page=1 [36m304[0m 12.481 ms - -[0m
[0mGET /api/order/notifications [36m304[0m 17.183 ms - -[0m
[0mOPTIONS /api/order/notifications [32m204[0m 0.426 ms - 0[0m
[0mOPTIONS /api/seller/history-product?limit=20&page=1 [32m204[0m 0.140 ms - 0[0m
[0mGET /api/order/notifications [36m304[0m 10.117 ms - -[0m
[0mGET /api/seller/history-product?limit=20&page=1 [36m304[0m 10.913 ms - -[0m
[0mOPTIONS /api/order/notifications [32m204[0m 5.329 ms - 0[0m
[0mOPTIONS /api/seller/history-product?limit=20&page=1 [32m204[0m 0.515 ms - 0[0m
[0mGET /api/order/notifications [36m304[0m 34.596 ms - -[0m
[0mGET /api/seller/history-product?limit=20&page=1 [36m304[0m 50.745 ms - -[0m
[0mOPTIONS /api/order/notifications [32m204[0m 1.222 ms - 0[0m
[0mOPTIONS /api/category/admin/main-list [32m204[0m 0.200 ms - 0[0m
[0mGET /api/category/admin/main-list [32m200[0m 22.709 ms - 26[0m
[0mGET /api/order/notifications [36m304[0m 16.509 ms - -[0m
[0mOPTIONS /api/category/create [32m204[0m 1.166 ms - 0[0m
[0mPOST /api/category/create [32m200[0m 15.552 ms - 55[0m
[0mOPTIONS /api/category/admin/main-list [32m204[0m 0.273 ms - 0[0m
[0mGET /api/category/admin/main-list [32m200[0m 3.524 ms - 229[0m
[0mOPTIONS /api/category/main-list/update [32m204[0m 0.367 ms - 0[0m
[0mPOST /api/category/main-list/update [32m200[0m 16.190 ms - 78[0m
[0mOPTIONS /api/order/notifications [32m204[0m 0.273 ms - 0[0m
[0mOPTIONS /api/category/admin/main-list [32m204[0m 0.512 ms - 0[0m
[0mGET /api/category/admin/main-list [32m200[0m 9.318 ms - 229[0m
[0mGET /api/order/notifications [36m304[0m 11.598 ms - -[0m
[0mOPTIONS /api/order/notifications [32m204[0m 0.265 ms - 0[0m
[0mOPTIONS /api/category/admin/main-list [32m204[0m 1.017 ms - 0[0m
[0mGET /api/category/admin/main-list [36m304[0m 2.364 ms - -[0m
[0mGET /api/order/notifications [36m304[0m 4.989 ms - -[0m
[0mOPTIONS /api/category/sub-list [32m204[0m 0.275 ms - 0[0m
[0mGET /api/category/sub-list [32m200[0m 4.910 ms - 26[0m
[0mOPTIONS /api/category/create-sub [32m204[0m 0.494 ms - 0[0m
[0mPOST /api/category/create-sub [32m200[0m 9.162 ms - 64[0m
[0mOPTIONS /api/category/sub-list [32m204[0m 0.450 ms - 0[0m
[0mGET /api/category/sub-list [32m200[0m 4.563 ms - 251[0m
[0mOPTIONS /api/order/notifications [32m204[0m 0.550 ms - 0[0m
[0mOPTIONS /api/category/admin/main-list [32m204[0m 0.963 ms - 0[0m
[0mOPTIONS /api/category/list?limit=10&page=1 [32m204[0m 0.163 ms - 0[0m
[0mGET /api/category/list?limit=10&page=1 [31m500[0m 63.970 ms - 3013[0m
[0mGET /api/order/notifications [36m304[0m 65.608 ms - -[0m
[0mGET /api/category/admin/main-list [36m304[0m 78.056 ms - -[0m
[0mOPTIONS /api/order/notifications [32m204[0m 0.454 ms - 0[0m
[0mOPTIONS /api/category/admin/main-list [32m204[0m 0.237 ms - 0[0m
[0mOPTIONS /api/category/list?limit=10&page=1 [32m204[0m 0.188 ms - 0[0m
[0mGET /api/category/list?limit=10&page=1 [31m500[0m 10.986 ms - 3013[0m
[0mGET /api/order/notifications [36m304[0m 13.243 ms - -[0m
[0mGET /api/category/admin/main-list [36m304[0m 13.658 ms - -[0m
[0mOPTIONS /api/order/notifications [32m204[0m 8.934 ms - 0[0m
[0mOPTIONS /api/category/admin/main-list [32m204[0m 0.525 ms - 0[0m
[0mOPTIONS /api/category/list?limit=10&page=1 [32m204[0m 0.301 ms - 0[0m
[0mGET /api/category/list?limit=10&page=1 [31m500[0m 47.041 ms - 3013[0m
[0mGET /api/category/admin/main-list [32m200[0m 51.013 ms - 229[0m
[0mGET /api/order/notifications [32m200[0m 65.040 ms - 36[0m
[0mOPTIONS /api/order/notifications [32m204[0m 1.837 ms - 0[0m
[0mOPTIONS /api/category/admin/main-list [32m204[0m 0.506 ms - 0[0m
[0mOPTIONS /api/category/list?limit=10&page=1 [32m204[0m 1.072 ms - 0[0m
[0mGET /api/category/list?limit=10&page=1 [31m500[0m 51.721 ms - 3013[0m
[0mGET /api/order/notifications [32m200[0m 67.877 ms - 36[0m
[0mGET /api/category/admin/main-list [32m200[0m 58.933 ms - 229[0m
[0mOPTIONS /api/order/notifications [32m204[0m 1.892 ms - 0[0m
[0mOPTIONS /api/category/admin/main-list [32m204[0m 1.254 ms - 0[0m
[0mOPTIONS /api/category/list?limit=10&page=1 [32m204[0m 0.552 ms - 0[0m
[0mGET /api/category/list?limit=10&page=1 [32m200[0m 25.186 ms - 62[0m
[0mGET /api/order/notifications [32m200[0m 37.285 ms - 36[0m
[0mGET /api/category/admin/main-list [32m200[0m 36.388 ms - 229[0m
[0mOPTIONS /api/order/notifications [32m204[0m 2.196 ms - 0[0m
[0mOPTIONS /api/category/admin/main-list [32m204[0m 1.716 ms - 0[0m
[0mOPTIONS /api/category/list?limit=10&page=1 [32m204[0m 1.526 ms - 0[0m
[0mGET /api/category/list?limit=10&page=1 [32m200[0m 36.669 ms - 62[0m
[0mGET /api/category/admin/main-list [32m200[0m 44.998 ms - 229[0m
[0mGET /api/order/notifications [32m200[0m 52.284 ms - 36[0m
[0mOPTIONS /api/order/notifications [32m204[0m 2.291 ms - 0[0m
[0mOPTIONS /api/category/admin/main-list [32m204[0m 0.463 ms - 0[0m
[0mOPTIONS /api/category/list?limit=10&page=1 [32m204[0m 0.256 ms - 0[0m
[0mGET /api/category/list?limit=10&page=1 [36m304[0m 30.002 ms - -[0m
[0mGET /api/order/notifications [36m304[0m 41.830 ms - -[0m
[0mGET /api/category/admin/main-list [36m304[0m 35.420 ms - -[0m
[0mOPTIONS /api/category/getAllSubCategory?categoryId=1 [32m204[0m 0.598 ms - 0[0m
[0mGET /api/category/getAllSubCategory?categoryId=1 [32m200[0m 7.528 ms - 251[0m
[0mOPTIONS /api/category/create-sub-child [32m204[0m 0.375 ms - 0[0m
[0mPOST /api/category/create-sub-child [32m200[0m 26.867 ms - 64[0m
[0mOPTIONS /api/category/list [32m204[0m 0.334 ms - 0[0m
[0mGET /api/category/list [32m200[0m 5.046 ms - 195[0m
[0mOPTIONS /api/order/notifications [32m204[0m 0.480 ms - 0[0m
[0mOPTIONS /api/product/brand-list [32m204[0m 0.619 ms - 0[0m
[0mGET /api/order/notifications [36m304[0m 16.445 ms - -[0m
[0mPOST /api/product/brand-list [32m200[0m 14.622 ms - 53[0m
[0mGET /api/order/notifications [36m304[0m 7.241 ms - -[0m
[0mOPTIONS /api/product/brand-create [32m204[0m 0.391 ms - 0[0m
[0mPOST /api/product/brand-create [32m200[0m 9.946 ms - 50[0m
[0mOPTIONS /api/order/notifications [32m204[0m 0.450 ms - 0[0m
[0mOPTIONS /api/product/brand-list [32m204[0m 0.234 ms - 0[0m
[0mPOST /api/product/brand-list [32m200[0m 12.108 ms - 256[0m
[0mGET /api/order/notifications [36m304[0m 12.139 ms - -[0m
[0mOPTIONS /api/product/color/list [32m204[0m 0.219 ms - 0[0m
[0mGET /api/order/notifications [36m304[0m 15.490 ms - -[0m
[0mPOST /api/product/color/list [32m200[0m 20.518 ms - 53[0m
[0mOPTIONS /api/order/notifications [32m204[0m 0.362 ms - 0[0m
[0mGET /api/order/notifications [36m304[0m 5.126 ms - -[0m
[0mOPTIONS /api/product/color/create [32m204[0m 0.453 ms - 0[0m
[0mPOST /api/product/color/create [32m200[0m 9.240 ms - 53[0m
[0mOPTIONS /api/order/notifications [32m204[0m 0.406 ms - 0[0m
[0mOPTIONS /api/product/color/list [32m204[0m 0.323 ms - 0[0m
[0mGET /api/order/notifications [36m304[0m 10.171 ms - -[0m
[0mPOST /api/product/color/list [32m200[0m 14.035 ms - 185[0m
[0mOPTIONS /api/order/notifications [32m204[0m 1.159 ms - 0[0m
[0mOPTIONS /api/auth/user/getAllUserList?limit=20&page=1 [32m204[0m 0.298 ms - 0[0m
[0mGET /api/order/notifications [36m304[0m 27.672 ms - -[0m
[0mGET /api/auth/user/getAllUserList?limit=20&page=1 [32m200[0m 22.363 ms - 422[0m
[0mOPTIONS /api/auth/register [32m204[0m 0.261 ms - 0[0m
[0mPOST /api/auth/register [32m200[0m 244.417 ms - 117[0m
[0mOPTIONS /api/auth/user/getAllUserList?limit=20&page=1 [32m204[0m 0.245 ms - 0[0m
[0mGET /api/auth/user/getAllUserList?limit=20&page=1 [32m200[0m 6.383 ms - 759[0m
[0mOPTIONS /api/auth/seller/login [32m204[0m 0.238 ms - 0[0m
[0mPOST /api/auth/seller/login [32m200[0m 227.629 ms - 212[0m
[0mOPTIONS /api/auth/seller/profile-details [32m204[0m 0.269 ms - 0[0m
[0mOPTIONS /api/seller/dasbhoard/list [32m204[0m 0.607 ms - 0[0m
[0mGET /api/auth/seller/profile-details [32m200[0m 6.275 ms - 160[0m
[0mGET /api/seller/dasbhoard/list [32m200[0m 7.995 ms - 59[0m
[0mOPTIONS /api/auth/seller/profile-details [32m204[0m 0.363 ms - 0[0m
[0mOPTIONS /api/seller/product/list [32m204[0m 0.114 ms - 0[0m
[0mGET /api/auth/seller/profile-details [36m304[0m 13.746 ms - -[0m
[0mPOST /api/seller/product/list [32m200[0m 17.909 ms - 88[0m
[0mGET /api/product/getAllGroceryStaple [31m500[0m 168.192 ms - 3011[0m
[0mOPTIONS /api/auth/rootLogin [32m204[0m 6.946 ms - 0[0m
[0mPOST /api/auth/rootLogin [32m200[0m 268.887 ms - 211[0m
[0mOPTIONS /api/order/notifications [32m204[0m 0.418 ms - 0[0m
[0mOPTIONS /api/order/list [32m204[0m 0.179 ms - 0[0m
[0mOPTIONS /api/order/count [32m204[0m 0.185 ms - 0[0m
[0mGET /api/order/count [32m200[0m 18.034 ms - 26[0m
[0mGET /api/order/notifications [32m200[0m 25.002 ms - 36[0m
[0mPOST /api/order/list [32m200[0m 24.562 ms - 79[0m
[0mOPTIONS /api/order/notifications [32m204[0m 0.850 ms - 0[0m
[0mOPTIONS /api/seller/all-product-list?limit=20&page=1 [32m204[0m 0.464 ms - 0[0m
[0mGET /api/order/notifications [36m304[0m 11.937 ms - -[0m
[0mGET /api/seller/all-product-list?limit=20&page=1 [32m200[0m 12.122 ms - 62[0m
[0mOPTIONS /api/vendor/list [32m204[0m 0.365 ms - 0[0m
[0mGET /api/order/notifications [36m304[0m 6.845 ms - -[0m
[0mGET /api/vendor/list [32m200[0m 8.178 ms - 192[0m
[0mOPTIONS /api/seller/history-product?limit=20&page=1 [32m204[0m 0.249 ms - 0[0m
[0mGET /api/order/notifications [36m304[0m 9.179 ms - -[0m
[0mGET /api/seller/history-product?limit=20&page=1 [32m200[0m 10.722 ms - 62[0m
[0mOPTIONS /api/order/notifications [32m204[0m 0.248 ms - 0[0m
[0mOPTIONS /api/product/brand-list [32m204[0m 0.140 ms - 0[0m
[0mGET /api/order/notifications [36m304[0m 4.841 ms - -[0m
[0mPOST /api/product/brand-list [32m200[0m 8.622 ms - 256[0m
[0mOPTIONS /api/order/notifications [32m204[0m 0.283 ms - 0[0m
[0mOPTIONS /api/category/list?page=1 [32m204[0m 0.601 ms - 0[0m
[0mGET /api/category/list?page=1 [32m200[0m 7.826 ms - 195[0m
[0mGET /api/order/notifications [36m304[0m 10.233 ms - -[0m
[0mOPTIONS /api/order/notifications [32m204[0m 0.249 ms - 0[0m
[0mGET /api/order/notifications [36m304[0m 6.439 ms - -[0m
[0mOPTIONS /api/order/notifications [32m204[0m 2.062 ms - 0[0m
[0mGET /api/order/notifications [36m304[0m 8.351 ms - -[0m
[0mOPTIONS /api/order/notifications [32m204[0m 0.280 ms - 0[0m
[0mGET /api/order/notifications [36m304[0m 3.552 ms - -[0m
[0mOPTIONS /api/order/notifications [32m204[0m 0.303 ms - 0[0m
[0mOPTIONS /api/auth/user/getAllUserList?limit=20&page=1 [32m204[0m 0.165 ms - 0[0m
[0mGET /api/auth/user/getAllUserList?limit=20&page=1 [32m200[0m 9.819 ms - 756[0m
[0mGET /api/order/notifications [36m304[0m 9.359 ms - -[0m
[0mOPTIONS /api/auth/user/getAllUserList?limit=20&page=1 [32m204[0m 0.443 ms - 0[0m
[0mGET /api/auth/user/getAllUserList?limit=20&page=1 [36m304[0m 4.668 ms - -[0m
[0mOPTIONS /api/auth/seller/login [32m204[0m 1.010 ms - 0[0m
[0mPOST /api/auth/seller/login [32m200[0m 230.647 ms - 212[0m
[0mOPTIONS /api/auth/seller/profile-details [32m204[0m 0.303 ms - 0[0m
[0mOPTIONS /api/seller/dasbhoard/list [32m204[0m 0.147 ms - 0[0m
[0mGET /api/auth/seller/profile-details [32m200[0m 5.762 ms - 160[0m
[0mGET /api/seller/dasbhoard/list [32m200[0m 6.781 ms - 59[0m
[0mOPTIONS /api/auth/seller/profile-details [32m204[0m 0.268 ms - 0[0m
[0mOPTIONS /api/seller/product/list [32m204[0m 0.294 ms - 0[0m
[0mGET /api/auth/seller/profile-details [36m304[0m 7.725 ms - -[0m
[0mPOST /api/seller/product/list [32m200[0m 9.315 ms - 88[0m
